Depth: 2 NOM:46
Depth: 2 NOM:52
Depth: 2 NOM:44
Depth: 2 NOM:43
Depth: 2 NOM:36
Depth: 2 NOM:43
Depth: 2 NOM:46
Depth: 2 NOM:49
Depth: 2 NOM:35
Depth: 2 NOM:43
Depth: 2 NOM:43
Depth: 2 NOM:38
Depth: 2 NOM:34
Depth: 2 NOM:60
Depth: 2 NOM:35
Depth: 2 NOM:31
Depth: 2 NOM:34
Depth: 2 NOM:47
Depth: 2 NOM:31
Depth: 2 NOM:34
***********************************

-> You are player 1
-> You are alloted a time of 120s

***********************************

Time remaining is: 120s
You played : P 0 0
P 0 0 True
Player 2 played : P 3 17
P 3 17 True
Time remaining is: 120s
You played : P 1 0
P 1 0 True
Player 2 played : P 1 1
P 1 1 True
Time remaining is: 120s
You played : P 1 2
P 1 2 True
Player 2 played : P 2 10
P 2 10 True
Time remaining is: 120s
You played : P 1 3
P 1 3 True
Player 2 played : P 2 8
P 2 8 True
Time remaining is: 120s
You played : P 1 4
P 1 4 True
Player 2 played : P 2 6
P 2 6 True
Time remaining is: 120s
You played : S 1 3 M 5 19
S 1 3 True
M 5 19 True
Player 2 played : S 3 17 M 4 23
S 3 17 True
M 4 23 True
Time remaining is: 119s
You played : S 1 4 M 2 9
S 1 4 True
M 2 9 True
Player 2 played : S 4 23 M 4 0
S 4 23 True
M 4 0 True
Time remaining is: 118s
You played : S 1 2 M 2 5
S 1 2 True
M 2 5 True
Player 2 played : S 4 0 M 5 6
S 4 0 True
M 5 6 True
Time remaining is: 117s
You played : S 5 19 M 2 7
S 5 19 True
M 2 7 True
Player 2 played : S 5 6 M 5 7
S 5 6 True
M 5 7 True
Time remaining is: 116s
You played : S 2 7 M 4 15
S 2 7 True
M 4 15 True
Player 2 played : S 2 8 M 3 11
S 2 8 True
M 3 11 True
Time remaining is: 115s
You played : S 0 0 M 2 4
S 0 0 True
M 2 4 True
Player 2 played : S 1 1 M 3 12
S 1 1 True
M 3 12 True
Time remaining is: 114s
You played : S 2 9 M 3 13
S 2 9 True
M 3 13 True
Player 2 played : S 5 7 M 5 8
S 5 7 True
M 5 8 True
Time remaining is: 113s
You played : S 2 4 M 1 5
S 2 4 True
M 1 5 True
Player 2 played : S 5 8 M 3 8
S 5 8 True
M 3 8 True
Time remaining is: 112s
You played : S 1 5 M 3 6
S 1 5 True
M 3 6 True
Player 2 played : S 2 10 M 5 28
S 2 10 True
M 5 28 True
Time remaining is: 111s
You played : S 2 5 M 2 1
S 2 5 True
M 2 1 True
Player 2 played : S 3 11 M 2 3
S 3 11 True
M 2 3 True
Time remaining is: 111s
You played : S 3 6 M 3 15
S 3 6 True
M 3 15 True
Player 2 played : S 2 6 M 3 5
S 2 6 True
M 3 5 True
Time remaining is: 109s
You played : S 1 0 M 3 16
S 1 0 True
M 3 16 True
Player 2 played : S 3 5 M 4 6
S 3 5 True
M 4 6 True
Time remaining is: 109s
You played : S 3 16 M 4 22
S 3 16 True
M 4 22 True
Player 2 played : S 4 6 M 4 5 RS 5 7 RE 2 5 X 4 5
S 4 6 True
M 4 5 True
RS 5 7 True
RE 2 5 True
X 4 5 True
Time remaining is: 107s
You played : S 4 22 M 5 1 RS 4 22 RE 2 8 X 3 13
S 4 22 True
M 5 1 True
RS 4 22 True
RE 2 8 True
X 3 13 True
Player 2 played : S 3 8 M 3 7
S 3 8 True
M 3 7 True
Time remaining is: 106s
You played : S 3 15 M 3 13
S 3 15 True
M 3 13 True
Player 2 played : S 3 12 M 2 8
S 3 12 True
M 2 8 True
Time remaining is: 105s
You played : S 2 1 M 3 1
S 2 1 True
M 3 1 True
Player 2 played : S 3 7 M 4 7
S 3 7 True
M 4 7 True
Time remaining is: 105s
You played : S 3 1 M 4 1
S 3 1 True
M 4 1 True
Player 2 played : S 4 7 M 4 6 RS 5 8 RE 3 8 X 4 6
S 4 7 True
M 4 6 True
RS 5 8 True
RE 3 8 True
X 4 6 True
Time remaining is: 104s
You played : S 4 1 M 3 0 RS 4 1 RE 1 2 X 4 15
S 4 1 True
M 3 0 True
RS 4 1 True
RE 1 2 True
X 4 15 True
Player 2 played : S 2 3 M 2 11
S 2 3 True
M 2 11 True
Time remaining is: 104s
You played : S 3 13 M 2 1
S 3 13 True
M 2 1 True
Player 2 played : S 2 8 M 4 18
S 2 8 True
M 4 18 True
Time remaining is: 104s
You played : S 2 1 M 2 0
S 2 1 True
M 2 0 True
Player 2 played : S 4 18 M 4 19 RS 2 6 RE 4 18 X 5 28
S 4 18 True
M 4 19 True
RS 2 6 True
RE 4 18 True
X 5 28 True
OTHER PLAYER WINS!
Your Score : 2.008
Opponent's Score : 8.007
