***********************************

-> You are player 2
-> You are alloted a time of 120s

***********************************

Player 1 played : P 0 0
P 0 0 True
Time remaining is: 120s
You played : P 1 0
P 1 0 True
Player 1 played : P 2 1
P 2 1 True
Time remaining is: 120s
You played : P 1 1
P 1 1 True
Player 1 played : P 2 3
P 2 3 True
Time remaining is: 120s
You played : P 1 2
P 1 2 True
Player 1 played : P 2 5
P 2 5 True
Time remaining is: 120s
You played : P 1 3
P 1 3 True
Player 1 played : P 2 7
P 2 7 True
Time remaining is: 116s
You played : P 1 4
P 1 4 True
Player 1 played : S 0 0 M 1 5
S 0 0 True
M 1 5 True
Time remaining is: 112s
You played : S 1 1 M 4 4
S 1 1 True
M 4 4 True
Player 1 played : S 2 1 M 3 2
S 2 1 True
M 3 2 True
Time remaining is: 110s
You played : S 4 4 M 2 2
S 4 4 True
M 2 2 True
Player 1 played : S 1 5 M 2 10
S 1 5 True
M 2 10 True
Time remaining is: 108s
You played : S 1 4 M 2 11
S 1 4 True
M 2 11 True
Player 1 played : S 2 7 M 2 8
S 2 7 True
M 2 8 True
Time remaining is: 107s
You played : S 1 3 M 2 9
S 1 3 True
M 2 9 True
Player 1 played : S 3 2 M 4 3
S 3 2 True
M 4 3 True
Time remaining is: 107s
You played : S 1 0 M 2 0
S 1 0 True
M 2 0 True
Player 1 played : S 2 8 M 3 12
S 2 8 True
M 3 12 True
Time remaining is: 106s
You played : S 2 0 M 3 0
S 2 0 True
M 3 0 True
Player 1 played : S 4 3 M 5 4
S 4 3 True
M 5 4 True
Time remaining is: 105s
You played : S 2 2 M 3 17
S 2 2 True
M 3 17 True
Player 1 played : S 2 10 M 3 15
S 2 10 True
M 3 15 True
Time remaining is: 103s
You played : S 3 0 M 2 6
S 3 0 True
M 2 6 True
Player 1 played : S 2 3 M 3 5
S 2 3 True
M 3 5 True
Time remaining is: 102s
You played : S 2 11 M 3 1
S 2 11 True
M 3 1 True
Player 1 played : S 3 12 M 3 10
S 3 12 True
M 3 10 True
Time remaining is: 99s
You played : S 3 1 M 3 3
S 3 1 True
M 3 3 True
Player 1 played : S 5 4 M 4 5
S 5 4 True
M 4 5 True
Time remaining is: 98s
You played : S 2 6 M 3 13
S 2 6 True
M 3 13 True
Player 1 played : S 3 5 M 4 6
S 3 5 True
M 4 6 True
Time remaining is: 97s
You played : S 2 9 M 3 16
S 2 9 True
M 3 16 True
Player 1 played : S 4 6 M 4 7
S 4 6 True
M 4 7 True
Time remaining is: 97s
You played : S 3 17 M 4 23
S 3 17 True
M 4 23 True
Player 1 played : S 4 5 M 5 7
S 4 5 True
M 5 7 True
Time remaining is: 96s
You played : S 3 13 M 3 14
S 3 13 True
M 3 14 True
Player 1 played : S 4 7 M 5 8 RS 4 7 RE 5 4 X 5 7
S 4 7 True
M 5 8 True
RS 4 7 True
RE 5 4 True
X 5 7 True
Time remaining is: 96s
You played : S 4 23 M 4 22
S 4 23 True
M 4 22 True
Player 1 played : S 5 8 M 3 8
S 5 8 True
M 3 8 True
Time remaining is: 95s
You played : S 3 14 M 4 18
S 3 14 True
M 4 18 True
Player 1 played : S 3 15 M 4 15
S 3 15 True
M 4 15 True
Time remaining is: 95s
You played : S 3 16 M 4 19
S 3 16 True
M 4 19 True
Player 1 played : S 4 15 M 4 16
S 4 15 True
M 4 16 True
Time remaining is: 94s
You played : S 4 18 M 4 2
S 4 18 True
M 4 2 True
Player 1 played : S 2 5 M 3 7
S 2 5 True
M 3 7 True
Time remaining is: 94s
You played : S 4 2 M 5 29
S 4 2 True
M 5 29 True
Player 1 played : S 3 7 M 4 9
S 3 7 True
M 4 9 True
Time remaining is: 94s
You played : S 5 29 M 5 27
S 5 29 True
M 5 27 True
Player 1 played : S 4 9 M 4 10 RS 1 4 RE 4 9 X 3 8
S 4 9 True
M 4 10 True
RS 1 4 True
RE 4 9 True
X 3 8 True
Time remaining is: 94s
You played : S 5 27 M 5 18 RS 2 6 RE 4 18 X 3 3
S 5 27 True
M 5 18 True
RS 2 6 True
RE 4 18 True
X 3 3 True
Player 1 played : S 3 10 M 1 4
S 3 10 True
M 1 4 True
Time remaining is: 94s
You played : S 4 22 M 4 21 RS 2 2 RE 4 22 X 4 19
S 4 22 True
M 4 21 True
RS 2 2 True
RE 4 22 True
X 4 19 True
Player 1 played : S 1 4 M 2 2 RS 2 11 RE 3 5 X 4 16
S 1 4 True
M 2 2 True
RS 2 11 True
RE 3 5 True
X 4 16 True
OTHER PLAYER WINS!
Your Score : 2.01
Opponent's Score : 8.01
