***********************************

-> You are player 2
-> You are alloted a time of 120s

***********************************

Player 1 played : P 3 7
P 3 7 True
Time remaining is: 120s
You played : P 0 0
P 0 0 True
Player 1 played : P 5 21
P 5 21 True
Time remaining is: 120s
You played : P 1 0
P 1 0 True
Player 1 played : P 3 14
P 3 14 True
Time remaining is: 120s
You played : P 1 1
P 1 1 True
Player 1 played : P 4 3
P 4 3 True
Time remaining is: 120s
You played : P 1 2
P 1 2 True
Player 1 played : P 5 17
P 5 17 True
Time remaining is: 120s
You played : P 1 3
P 1 3 True
Player 1 played : S 3 7 M 5 13
S 3 7 True
M 5 13 True
Time remaining is: 120s
You played : S 1 2 M 2 4
S 1 2 True
M 2 4 True
Player 1 played : S 4 3 M 4 9
S 4 3 True
M 4 9 True
Time remaining is: 119s
You played : S 1 1 M 2 1
S 1 1 True
M 2 1 True
Player 1 played : S 4 9 M 5 11
S 4 9 True
M 5 11 True
Time remaining is: 118s
You played : S 2 1 M 3 1
S 2 1 True
M 3 1 True
Player 1 played : S 5 13 M 4 10
S 5 13 True
M 4 10 True
Time remaining is: 116s
You played : S 1 3 M 2 5
S 1 3 True
M 2 5 True
Player 1 played : S 4 10 M 5 16
S 4 10 True
M 5 16 True
Time remaining is: 113s
You played : S 2 4 M 4 8
S 2 4 True
M 4 8 True
Player 1 played : S 5 16 M 4 11
S 5 16 True
M 4 11 True
Time remaining is: 107s
You played : S 3 1 M 4 1
S 3 1 True
M 4 1 True
Player 1 played : S 3 14 M 4 2
S 3 14 True
M 4 2 True
Time remaining is: 104s
You played : S 2 5 M 2 6 RS 2 1 RE 3 8 X 4 1
S 2 5 True
M 2 6 True
RS 2 1 False
INVALID MOVE ON THIS CLIENT
