***********************************

-> You are player 1
-> You are alloted a time of 120s

***********************************

Time remaining is: 120s
You played : P 3 7
P 3 7 True
Player 2 played : P 0 0
P 0 0 True
Time remaining is: 120s
You played : P 5 21
P 5 21 True
Player 2 played : P 1 0
P 1 0 True
Time remaining is: 120s
You played : P 3 14
P 3 14 True
Player 2 played : P 1 1
P 1 1 True
Time remaining is: 120s
You played : P 4 3
P 4 3 True
Player 2 played : P 1 2
P 1 2 True
Time remaining is: 120s
You played : P 5 17
P 5 17 True
Player 2 played : P 1 3
P 1 3 True
Time remaining is: 120s
You played : S 3 7 M 5 13
S 3 7 True
M 5 13 True
Player 2 played : S 1 2 M 2 4
S 1 2 True
M 2 4 True
Time remaining is: 120s
You played : S 4 3 M 4 9
S 4 3 True
M 4 9 True
Player 2 played : S 1 1 M 2 1
S 1 1 True
M 2 1 True
Time remaining is: 120s
You played : S 4 9 M 5 11
S 4 9 True
M 5 11 True
Player 2 played : S 2 1 M 3 1
S 2 1 True
M 3 1 True
Time remaining is: 120s
You played : S 5 13 M 4 10
S 5 13 True
M 4 10 True
Player 2 played : S 1 3 M 2 5
S 1 3 True
M 2 5 True
Time remaining is: 120s
You played : S 4 10 M 5 16
S 4 10 True
M 5 16 True
Player 2 played : S 2 4 M 4 8
S 2 4 True
M 4 8 True
Time remaining is: 120s
You played : S 5 16 M 4 11
S 5 16 True
M 4 11 True
Player 2 played : S 3 1 M 4 1
S 3 1 True
M 4 1 True
Time remaining is: 120s
You played : S 3 14 M 4 2
S 3 14 True
M 4 2 True
ERROR : INVALID MOVE BY PLAYER 2 : Player 2 SCORE : 0.006 : Player 1 SCORE : 10.008 ,ON OTHER CLIENT
