***********************************

-> You are player 2
-> You are alloted a time of 120s

***********************************

Player 1 played : P 0 0
P 0 0 True
Time remaining is: 120s
You played : P 1 2
P 1 2 True
Player 1 played : P 5 21
P 5 21 True
Time remaining is: 120s
You played : P 3 17
P 3 17 True
Player 1 played : P 4 16
P 4 16 True
Time remaining is: 120s
You played : P 2 6
P 2 6 True
Player 1 played : P 2 11
P 2 11 True
Time remaining is: 120s
You played : P 4 9
P 4 9 True
Player 1 played : P 2 3
P 2 3 True
Time remaining is: 120s
You played : P 5 17
P 5 17 True
Player 1 played : S 5 21 M 5 22
S 5 21 True
M 5 22 True
Time remaining is: 120s
You played : S 4 9 M 3 7
S 4 9 True
M 3 7 True
Player 1 played : S 5 22 M 5 23
S 5 22 True
M 5 23 True
Time remaining is: 120s
You played : S 3 7 M 2 5
S 3 7 True
M 2 5 True
Player 1 played : S 5 23 M 5 24
S 5 23 True
M 5 24 True
Time remaining is: 120s
You played : S 2 5 M 1 3
S 2 5 True
M 1 3 True
Player 1 played : S 5 24 M 4 19
S 5 24 True
M 4 19 True
Time remaining is: 120s
You played : S 2 6 M 4 10
S 2 6 True
M 4 10 True
Player 1 played : S 4 19 M 3 14
S 4 19 True
M 3 14 True
Time remaining is: 118s
You played : S 1 3 M 1 4
S 1 3 True
M 1 4 True
Player 1 played : S 0 0 M 3 9
S 0 0 True
M 3 9 True
Time remaining is: 118s
You played : S 1 2 M 2 7
S 1 2 True
M 2 7 True
Player 1 played : S 3 9 M 3 6
S 3 9 True
M 3 6 True
Time remaining is: 117s
You played : S 3 17 M 5 8
S 3 17 True
M 5 8 True
Player 1 played : S 3 14 M 2 9
S 3 14 True
M 2 9 True
Time remaining is: 114s
You played : S 4 10 M 2 4
S 4 10 True
M 2 4 True
Player 1 played : S 3 6 M 3 8
S 3 6 True
M 3 8 True
Time remaining is: 114s
You played : S 5 17 M 2 8
S 5 17 True
M 2 8 True
Player 1 played : S 2 11 M 4 23
S 2 11 True
M 4 23 True
Time remaining is: 112s
You played : S 2 8 M 4 18
S 2 8 True
M 4 18 True
Player 1 played : S 2 3 M 1 0
S 2 3 True
M 1 0 True
Time remaining is: 110s
You played : S 2 4 M 5 13
S 2 4 True
M 5 13 True
Player 1 played : S 1 0 M 4 12
S 1 0 True
M 4 12 True
Time remaining is: 110s
You played : S 5 8 M 2 1
S 5 8 True
M 2 1 True
Player 1 played : S 4 16 M 4 14
S 4 16 True
M 4 14 True
Time remaining is: 108s
You played : S 2 1 M 1 5
S 2 1 True
M 1 5 True
Player 1 played : S 4 14 M 3 5
S 4 14 True
M 3 5 True
Time remaining is: 106s
You played : S 5 13 M 2 2
S 5 13 True
M 2 2 True
Player 1 played : S 3 5 M 1 1
S 3 5 True
M 1 1 True
Time remaining is: 106s
You played : S 1 4 M 5 11
S 1 4 True
M 5 11 True
Player 1 played : S 3 8 M 5 12
S 3 8 True
M 5 12 True
Time remaining is: 105s
You played : S 5 11 M 4 8
S 5 11 True
M 4 8 True
Player 1 played : S 4 12 M 4 11
S 4 12 True
M 4 11 True
Time remaining is: 104s
You played : S 2 7 M 3 13
S 2 7 True
M 3 13 True
Player 1 played : S 1 1 M 3 12
S 1 1 True
M 3 12 True
Time remaining is: 103s
You played : S 1 5 M 3 10
S 1 5 True
M 3 10 True
Player 1 played : S 5 12 M 5 14 RS 2 7 RE 5 12 X 5 14
S 5 12 True
M 5 14 True
RS 2 7 True
RE 5 12 True
X 5 14 True
Time remaining is: 102s
You played : S 4 8 M 4 10 RS 1 3 RE 5 11 X 3 10
S 4 8 True
M 4 10 True
RS 1 3 True
RE 5 11 True
X 3 10 True
Player 1 played : S 4 11 M 3 10
S 4 11 True
M 3 10 True
Time remaining is: 102s
You played : S 4 10 M 5 16
S 4 10 True
M 5 16 True
Player 1 played : S 2 9 M 3 2 RS 2 11 RE 3 5 X 3 2
S 2 9 True
M 3 2 True
RS 2 11 True
RE 3 5 True
X 3 2 True
Time remaining is: 101s
You played : S 3 13 M 1 0
S 3 13 True
M 1 0 True
Player 1 played : S 3 10 M 2 11
S 3 10 True
M 2 11 True
Time remaining is: 101s
You played : S 4 18 M 4 20
S 4 18 True
M 4 20 True
Player 1 played : S 3 12 M 3 11
S 3 12 True
M 3 11 True
Time remaining is: 100s
You played : S 4 20 M 2 10
S 4 20 True
M 2 10 True
Player 1 played : S 3 11 M 4 17
S 3 11 True
M 4 17 True
Time remaining is: 100s
You played : S 5 16 M 4 9
S 5 16 True
M 4 9 True
Player 1 played : RS 3 11 RE 5 13 X 4 17
RS 3 11 True
RE 5 13 True
X 4 17 True
OTHER PLAYER WINS!
Your Score : 1.013
Opponent's Score : 9.015
