Player id: 1D:3
D:3
D:3
D:3
D:3
D:3
D:3
D:3
D:3
D:3
D:3
D:3
D:3
D:3
D:3
D:3
D:3
D:3
D:3
D:4
D:4
D:4
D:4
D:4
D:4
***********************************

-> You are player 1
-> You are alloted a time of 120s

***********************************

Time remaining is: 120s
You played : P 5 13
P 5 13 True
Player 2 played : P 1 0
P 1 0 True
Time remaining is: 120s
You played : P 4 7
P 4 7 True
Player 2 played : P 1 1
P 1 1 True
Time remaining is: 120s
You played : P 5 11
P 5 11 True
Player 2 played : P 1 2
P 1 2 True
Time remaining is: 120s
You played : P 5 12
P 5 12 True
Player 2 played : P 3 7
P 3 7 True
Time remaining is: 120s
You played : P 4 10
P 4 10 True
Player 2 played : P 1 3
P 1 3 True
Time remaining is: 120s
You played : S 4 10 M 5 9
S 4 10 True
M 5 9 True
Player 2 played : S 1 0 M 2 0
S 1 0 True
M 2 0 True
Time remaining is: 118s
You played : S 5 12 M 4 3
S 5 12 True
M 4 3 True
Player 2 played : S 1 1 M 2 3
S 1 1 True
M 2 3 True
Time remaining is: 116s
You played : S 4 3 M 1 5
S 4 3 True
M 1 5 True
Player 2 played : S 1 2 M 2 4
S 1 2 True
M 2 4 True
Time remaining is: 114s
You played : S 5 13 M 4 11
S 5 13 True
M 4 11 True
Player 2 played : S 1 3 M 2 5
S 1 3 True
M 2 5 True
Time remaining is: 113s
You played : S 4 11 M 3 8
S 4 11 True
M 3 8 True
Player 2 played : S 2 0 M 0 0
S 2 0 True
M 0 0 True
Time remaining is: 112s
You played : S 1 5 M 2 1
S 1 5 True
M 2 1 True
Player 2 played : S 0 0 M 3 0
S 0 0 True
M 3 0 True
Time remaining is: 111s
You played : S 2 1 M 2 2
S 2 1 True
M 2 2 True
Player 2 played : S 2 5 M 3 1
S 2 5 True
M 3 1 True
Time remaining is: 110s
You played : S 3 8 M 4 13
S 3 8 True
M 4 13 True
Player 2 played : S 2 3 M 2 7
S 2 3 True
M 2 7 True
Time remaining is: 109s
You played : S 4 13 M 3 9
S 4 13 True
M 3 9 True
Player 2 played : S 2 7 M 2 11
S 2 7 True
M 2 11 True
Time remaining is: 107s
You played : S 4 7 M 4 5
S 4 7 True
M 4 5 True
Player 2 played : S 2 4 M 3 5
S 2 4 True
M 3 5 True
Time remaining is: 106s
You played : S 2 2 M 3 2
S 2 2 True
M 3 2 True
Player 2 played : S 3 1 M 5 14
S 3 1 True
M 5 14 True
Time remaining is: 105s
You played : S 3 2 M 2 9
S 3 2 True
M 2 9 True
Player 2 played : S 2 11 M 1 4
S 2 11 True
M 1 4 True
Time remaining is: 104s
You played : S 3 9 M 5 22
S 3 9 True
M 5 22 True
Player 2 played : S 5 14 M 4 14
S 5 14 True
M 4 14 True
Time remaining is: 103s
You played : S 5 22 M 4 2
S 5 22 True
M 4 2 True
Player 2 played : S 3 0 M 3 3
S 3 0 True
M 3 3 True
Time remaining is: 102s
You played : S 4 2 M 4 0
S 4 2 True
M 4 0 True
Player 2 played : S 1 4 M 3 17
S 1 4 True
M 3 17 True
Time remaining is: 101s
You played : S 4 0 M 4 1
S 4 0 True
M 4 1 True
Player 2 played : S 3 7 M 5 8
S 3 7 True
M 5 8 True
Time remaining is: 100s
You played : S 4 1 M 5 1
S 4 1 True
M 5 1 True
Player 2 played : S 3 17 M 3 4 RS 3 7 RE 3 2 X 3 5
S 3 17 True
M 3 4 True
RS 3 7 True
RE 3 2 True
X 3 5 True
Time remaining is: 100s
You played : S 2 9 M 3 13
S 2 9 True
M 3 13 True
Player 2 played : S 4 14 M 2 10
S 4 14 True
M 2 10 True
Time remaining is: 99s
You played : S 3 13 M 2 6
S 3 13 True
M 2 6 True
Player 2 played : S 3 4 M 4 22
S 3 4 True
M 4 22 True
Time remaining is: 99s
You played : S 4 5 M 2 3
S 4 5 True
M 2 3 True
Player 2 played : S 3 3 M 3 5
S 3 3 True
M 3 5 True
Time remaining is: 97s
You played : S 2 3 M 5 6 RS 2 7 RE 3 4 X 5 11
S 2 3 True
M 5 6 True
RS 2 7 True
RE 3 4 True
X 5 11 True
Player 2 played : S 3 5 M 5 3
S 3 5 True
M 5 3 True
Time remaining is: 97s
You played : S 2 6 M 3 10
S 2 6 True
M 3 10 True
Player 2 played : S 4 22 M 4 23
S 4 22 True
M 4 23 True
Time remaining is: 96s
You played : S 3 10 M 5 18
S 3 10 True
M 5 18 True
Player 2 played : S 2 10 M 3 16
S 2 10 True
M 3 16 True
Time remaining is: 95s
You played : S 5 18 M 5 17 RS 5 18 RE 2 5 X 5 9
S 5 18 True
M 5 17 True
RS 5 18 True
RE 2 5 True
X 5 9 True
Player 2 played : S 4 23 M 5 29
S 4 23 True
M 5 29 True
Time remaining is: 95s
You played : S 5 6 M 4 4
S 5 6 True
M 4 4 True
Player 2 played : S 5 8 M 4 6
S 5 8 True
M 4 6 True
Time remaining is: 95s
You played : S 5 17 M 3 7
S 5 17 True
M 3 7 True
Player 2 played : S 5 29 M 2 7
S 5 29 True
M 2 7 True
Time remaining is: 94s
You played : S 3 7 M 2 2
S 3 7 True
M 2 2 True
Player 2 played :D:4
 S 5 3 M 3 14
S 5 3 True
M 3 14 True
Time remaining is: 93s
You played : S 4 4 M 5 4
S 4 4 True
M 5 4 True
Player 2 played : S 2 7 M 2 3
S 2 7 True
M 2 3 True
Time remaining is: 93s
You played : S 2 2 M 2 8 RS 0 0 RE 4 4 X 5 1
S 2 2 True
M 2 8 True
RS 0 0 True
RE 4 4 True
X 5 1 True
YOU WIN!
Your Score : 9.017
Opponent's Score : 1.02
