***********************************

-> You are player 2
-> You are alloted a time of 120s

***********************************

Player 1 played : P 0 0
P 0 0 True
Time remaining is: 120s
You played : P 1 0
P 1 0 True
Player 1 played : P 5 21
P 5 21 True
Time remaining is: 120s
You played : P 1 1
P 1 1 True
Player 1 played : P 4 16
P 4 16 True
Time remaining is: 120s
You played : P 1 2
P 1 2 True
Player 1 played : P 2 11
P 2 11 True
Time remaining is: 120s
You played : P 1 3
P 1 3 True
Player 1 played : P 2 3
P 2 3 True
Time remaining is: 120s
You played : P 5 9
P 5 9 True
Player 1 played : S 5 21 M 5 22
S 5 21 True
M 5 22 True
Time remaining is: 120s
You played : S 1 0 M 2 1
S 1 0 True
M 2 1 True
Player 1 played : S 5 22 M 5 23
S 5 22 True
M 5 23 True
Time remaining is: 115s
You played : S 1 3 M 2 5
S 1 3 True
M 2 5 True
Player 1 played : S 5 23 M 5 24
S 5 23 True
M 5 24 True
Time remaining is: 110s
You played : S 5 9 M 4 11
S 5 9 True
M 4 11 True
Player 1 played : S 5 24 M 2 9
S 5 24 True
M 2 9 True
Time remaining is: 108s
You played : S 4 11 M 3 8
S 4 11 True
M 3 8 True
Player 1 played : S 4 16 M 4 18
S 4 16 True
M 4 18 True
Time remaining is: 105s
You played : S 2 1 M 2 2
S 2 1 True
M 2 2 True
Player 1 played : S 4 18 M 4 17
S 4 18 True
M 4 17 True
Time remaining is: 104s
You played : S 3 8 M 2 6
S 3 8 True
M 2 6 True
Player 1 played : S 4 17 M 5 13
S 4 17 True
M 5 13 True
Time remaining is: 102s
You played : S 2 5 M 3 7
S 2 5 True
M 3 7 True
Player 1 played : S 2 9 M 4 19
S 2 9 True
M 4 19 True
Time remaining is: 101s
You played : S 2 6 M 3 13
S 2 6 True
M 3 13 True
Player 1 played : S 4 19 M 4 20
S 4 19 True
M 4 20 True
Time remaining is: 99s
You played : S 3 13 M 1 5
S 3 13 True
M 1 5 True
Player 1 played : S 0 0 M 2 0
S 0 0 True
M 2 0 True
Time remaining is: 98s
You played : S 1 1 M 1 4
S 1 1 True
M 1 4 True
Player 1 played : S 2 0 M 3 9
S 2 0 True
M 3 9 True
Time remaining is: 98s
You played : S 1 2 M 2 7 RS 3 8 RE 2 1 X 2 2
S 1 2 True
M 2 7 True
RS 3 8 True
RE 2 1 True
X 2 2 True
Player 1 played : S 4 20 M 4 0 RS 4 16 RE 4 20 X 4 0
S 4 20 True
M 4 0 True
RS 4 16 True
RE 4 20 True
X 4 0 True
Time remaining is: 97s
You played : S 1 4 M 2 8
S 1 4 True
M 2 8 True
Player 1 played : S 5 13 M 4 10
S 5 13 True
M 4 10 True
Time remaining is: 96s
You played : S 3 7 M 2 5
S 3 7 True
M 2 5 True
Player 1 played : S 3 9 M 3 0
S 3 9 True
M 3 0 True
Time remaining is: 95s
You played : S 2 5 M 2 4
S 2 5 True
M 2 4 True
Player 1 played : S 2 3 M 1 2
S 2 3 True
M 1 2 True
Time remaining is: 95s
You played : S 2 4 M 2 2
S 2 4 True
M 2 2 True
Player 1 played : S 1 2 M 3 8
S 1 2 True
M 3 8 True
Time remaining is: 94s
You played : S 2 8 M 3 12
S 2 8 True
M 3 12 True
Player 1 played : S 2 11 M 3 14
S 2 11 True
M 3 14 True
Time remaining is: 94s
You played : S 3 12 M 3 10
S 3 12 True
M 3 10 True
Player 1 played : S 3 0 M 3 16
S 3 0 True
M 3 16 True
Time remaining is: 94s
You played : S 3 10 M 4 13
S 3 10 True
M 4 13 True
Player 1 played : S 3 14 M 2 10
S 3 14 True
M 2 10 True
Time remaining is: 93s
You played : S 4 13 M 4 14
S 4 13 True
M 4 14 True
Player 1 played : S 3 16 M 3 17
S 3 16 True
M 3 17 True
Time remaining is: 93s
You played : S 2 2 M 3 2
S 2 2 True
M 3 2 True
Player 1 played : S 3 8 M 1 1
S 3 8 True
M 1 1 True
Time remaining is: 93s
You played : S 4 14 M 4 16 RS 4 14 RE 2 4 X 3 2
S 4 14 True
M 4 16 True
RS 4 14 True
RE 2 4 True
X 3 2 True
Player 1 played : S 2 10 M 3 11
S 2 10 True
M 3 11 True
Time remaining is: 92s
You played : S 2 7 M 4 18
S 2 7 True
M 4 18 True
Player 1 played : S 3 11 M 4 17
S 3 11 True
M 4 17 True
Time remaining is: 92s
You played : S 4 16 M 4 15
S 4 16 True
M 4 15 True
Player 1 played : S 4 17 M 5 19
S 4 17 True
M 5 19 True
Time remaining is: 92s
You played : S 4 15 M 3 15
S 4 15 True
M 3 15 True
Player 1 played : S 5 19 M 3 4
S 5 19 True
M 3 4 True
Time remaining is: 92s
You played : S 3 15 M 4 21
S 3 15 True
M 4 21 True
Player 1 played : S 1 1 M 2 1 RS 3 16 RE 2 3 X 3 17
S 1 1 True
M 2 1 True
RS 3 16 True
RE 2 3 True
X 3 17 True
Time remaining is: 91s
You played : S 4 21 M 1 1 RS 3 12 RE 4 21 X 4 18
S 4 21 True
M 1 1 True
RS 3 12 True
RE 4 21 True
X 4 18 True
YOU WIN!
Your Score : 8.01
Opponent's Score : 2.017
