***********************************

-> You are player 2
-> You are alloted a time of 120s

***********************************

Player 1 played : P 1 0
P 1 0 True
Time remaining is: 120s
You played : P 2 1
P 2 1 True
Player 1 played : P 1 1
P 1 1 True
Time remaining is: 120s
You played : P 2 4
P 2 4 True
Player 1 played : P 1 2
P 1 2 True
Time remaining is: 120s
You played : P 4 10
P 4 10 True
Player 1 played : P 1 3
P 1 3 True
Time remaining is: 120s
You played : P 0 0
P 0 0 True
Player 1 played : P 1 4
P 1 4 True
Time remaining is: 120s
You played : P 4 18
P 4 18 True
