***********************************

-> You are player 1
-> You are alloted a time of 120s

***********************************

Time remaining is: 120s
You played : P 0 0
P 0 0 True
Player 2 played : P 5 4
P 5 4 True
Time remaining is: 120s
You played : P 1 4
P 1 4 True
Player 2 played : P 5 3
P 5 3 True
Time remaining is: 119s
You played : P 1 5
P 1 5 True
Player 2 played : P 5 2
P 5 2 True
Time remaining is: 118s
You played : P 1 3
P 1 3 True
Player 2 played : P 5 1
P 5 1 True
Time remaining is: 118s
You played : P 2 8
P 2 8 True
Player 2 played : P 5 6
P 5 6 True
Time remaining is: 117s
You played : S 0 0 M 1 0
S 0 0 True
M 1 0 True
Player 2 played : S 5 3 M 4 18
S 5 3 True
M 4 18 True
Time remaining is: 107s
You played : S 1 0 M 2 1
S 1 0 True
M 2 1 True
Player 2 played : S 5 4 M 4 7
S 5 4 True
M 4 7 True
Time remaining is: 95s
You played : S 1 4 M 2 7
S 1 4 True
M 2 7 True
Player 2 played : S 4 18 M 2 10
S 4 18 True
M 2 10 True
Time remaining is: 82s
You played : S 2 1 M 1 1
S 2 1 True
M 1 1 True
Player 2 played : S 5 2 M 2 2
S 5 2 True
M 2 2 True
Time remaining is: 71s
You played : S 2 7 M 3 10
S 2 7 True
M 3 10 True
Player 2 played : S 2 2 M 2 0
S 2 2 True
M 2 0 True
Time remaining is: 54s
You played : S 2 8 M 2 9
S 2 8 True
M 2 9 True
Player 2 played : S 2 0 M 2 11
S 2 0 True
M 2 11 True
Time remaining is: 42s
You played : S 1 1 M 3 3 RS 2 8 RE 2 2 X 3 3
S 1 1 True
M 3 3 True
RS 2 8 True
RE 2 2 True
X 3 3 True
Player 2 played : S 5 6 M 4 2
S 5 6 True
M 4 2 True
Time remaining is: 35s
You played : S 3 10 M 2 5
S 3 10 True
M 2 5 True
Player 2 played : S 4 7 M 1 1
S 4 7 True
M 1 1 True
Time remaining is: 23s
You played : S 1 5 M 1 4
S 1 5 True
M 1 4 True
Player 2 played : S 5 1 M 4 1
S 5 1 True
M 4 1 True
Time remaining is: 22s
You played : S 2 5 M 4 6
S 2 5 True
M 4 6 True
Player 2 played : S 4 1 M 3 17
S 4 1 True
M 3 17 True
Time remaining is: 22s
You played : S 4 6 M 4 4
S 4 6 True
M 4 4 True
Player 2 played : S 3 17 M 3 0
S 3 17 True
M 3 0 True
Time remaining is: 22s
You played : S 4 4 M 2 2
S 4 4 True
M 2 2 True
Player 2 played : S 2 10 M 4 22
S 2 10 True
M 4 22 True
Time remaining is: 21s
You played : S 2 2 M 3 4
S 2 2 True
M 3 4 True
Player 2 played : S 4 2 M 2 3
S 4 2 True
M 2 3 True
Time remaining is: 21s
You played : S 2 9 M 3 2
S 2 9 True
M 3 2 True
Player 2 played : S 4 22 M 3 16
S 4 22 True
M 3 16 True
Time remaining is: 20s
You played : S 3 4 M 5 27
S 3 4 True
M 5 27 True
Player 2 played : S 1 1 M 3 3
S 1 1 True
M 3 3 True
Time remaining is: 20s
You played : S 1 3 M 0 0
S 1 3 True
M 0 0 True
Player 2 played : S 2 3 M 3 5
S 2 3 True
M 3 5 True
Time remaining is: 20s
You played : S 3 2 M 3 13
S 3 2 True
M 3 13 True
Player 2 played : S 3 3 M 3 1 RS 2 3 RE 5 2 X 3 5
S 3 3 True
M 3 1 True
RS 2 3 True
RE 5 2 True
X 3 5 True
Time remaining is: 20s
You played : S 5 27 M 3 14 RS 5 27 RE 2 1 X 1 4
S 5 27 True
M 3 14 True
RS 5 27 True
RE 2 1 True
X 1 4 True
Player 2 played : S 3 1 M 2 1
S 3 1 True
M 2 1 True
Time remaining is: 19s
You played : S 3 14 M 1 4
S 3 14 True
M 1 4 True
Player 2 played : S 3 16 M 2 8
S 3 16 True
M 2 8 True
Time remaining is: 19s
You played : S 1 4 M 4 13
S 1 4 True
M 4 13 True
Player 2 played : S 2 11 M 5 22
S 2 11 True
M 5 22 True
Time remaining is: 19s
You played : S 0 0 M 2 2
S 0 0 True
M 2 2 True
Player 2 played : S 2 1 M 1 2 RS 1 1 RE 5 1 X 3 0
S 2 1 True
M 1 2 True
RS 1 1 True
RE 5 1 True
X 3 0 True
Time remaining is: 19s
You played : S 2 2 M 1 1
S 2 2 True
M 1 1 True
Player 2 played : S 5 22 M 3 11
S 5 22 True
M 3 11 True
Time remaining is: 19s
You played : S 4 13 M 5 8
S 4 13 True
M 5 8 True
Player 2 played : S 3 11 M 4 14
S 3 11 True
M 4 14 True
Time remaining is: 18s
You played : S 1 1 M 4 21
S 1 1 True
M 4 21 True
Player 2 played : S 1 2 M 2 1
S 1 2 True
M 2 1 True
Time remaining is: 18s
You played : S 4 21 M 5 26
S 4 21 True
M 5 26 True
Player 2 played : S 4 14 M 4 12
S 4 14 True
M 4 12 True
Time remaining is: 18s
You played : S 5 26 M 2 3
S 5 26 True
M 2 3 True
Player 2 played : S 2 8 M 3 12 RS 3 11 RE 3 16 X 2 1
S 2 8 True
M 3 12 True
RS 3 11 True
RE 3 16 True
X 2 1 True
OTHER PLAYER WINS!
Your Score : 2.014
Opponent's Score : 8.013
