-----------------------------My Move P 5 4
  
            .     .              
         .     .     .           
      .     .     .     .        
   .     .     .     .     0     
      .     .     .     .        
   .     .     .     .     .     
.     .     .     .     .     .  
   .     .     .     .     .     
.     .     .     .     .     .  
   .     .     #     .     .     
.     .     .     .     .     .  
   .     .     .     .     .     
.     .     .     .     .     .  
   .     .     .     .     .     
      .     .     .     .        
   .     .     .     .     .     
      .     .     .     .        
         .     .     .           
            .     .              
-----------------------------Opp Move P 1 4
0:0 1:3 2:0 3:0 4:0 5:0 6:3 7:0 8:0 9:0 10:0 0:0 1:5 2:1 3:0 4:0 5:0 6:5 7:1 8:0 9:0 10:0   
            .     .              
         .     .     .           
      .     .     .     .        
   .     .     .     .     0     
      .     .     .     .        
   .     .     .     .     .     
.     .     .     .     .     .  
   .     .     .     .     .     
.     .     .     .     .     .  
   .     .     #     .     .     
.     .     #     .     .     .  
   .     .     .     .     .     
.     .     .     .     .     .  
   .     .     .     .     .     
      .     .     .     .        
   .     .     .     .     .     
      .     .     .     .        
         .     .     .           
            .     .              
-----------------------------My Move P 5 3
  
            .     .              
         .     .     .           
      .     .     .     0        
   .     .     .     .     0     
      .     .     .     .        
   .     .     .     .     .     
.     .     .     .     .     .  
   .     .     .     .     .     
.     .     .     .     .     .  
   .     .     #     .     .     
.     .     #     .     .     .  
   .     .     .     .     .     
.     .     .     .     .     .  
   .     .     .     .     .     
      .     .     .     .        
   .     .     .     .     .     
      .     .     .     .        
         .     .     .           
            .     .              
-----------------------------Opp Move P 1 5
0:0 1:5 2:1 3:0 4:0 5:0 6:5 7:1 8:0 9:0 10:0 0:0 1:6 2:3 3:0 4:0 5:0 6:6 7:3 8:0 9:0 10:0   
            .     .              
         .     .     .           
      .     .     .     0        
   .     .     .     .     0     
      .     .     .     .        
   .     .     .     .     .     
.     .     .     .     .     .  
   .     .     .     .     .     
.     .     #     .     .     .  
   .     .     #     .     .     
.     .     #     .     .     .  
   .     .     .     .     .     
.     .     .     .     .     .  
   .     .     .     .     .     
      .     .     .     .        
   .     .     .     .     .     
      .     .     .     .        
         .     .     .           
            .     .              
-----------------------------My Move P 5 2
  
            .     .              
         .     .     0           
      .     .     .     0        
   .     .     .     .     0     
      .     .     .     .        
   .     .     .     .     .     
.     .     .     .     .     .  
   .     .     .     .     .     
.     .     #     .     .     .  
   .     .     #     .     .     
.     .     #     .     .     .  
   .     .     .     .     .     
.     .     .     .     .     .  
   .     .     .     .     .     
      .     .     .     .        
   .     .     .     .     .     
      .     .     .     .        
         .     .     .           
            .     .              
-----------------------------Opp Move P 1 3
0:0 1:7 2:1 3:1 4:0 5:0 6:7 7:1 8:1 9:0 10:0 0:0 1:7 2:5 3:0 4:0 5:0 6:7 7:5 8:0 9:0 10:0   
            .     .              
         .     .     0           
      .     .     .     0        
   .     .     .     .     0     
      .     .     .     .        
   .     .     .     .     .     
.     .     .     .     .     .  
   .     .     .     .     .     
.     .     #     .     .     .  
   .     .     #     .     .     
.     .     #     .     .     .  
   .     .     #     .     .     
.     .     .     .     .     .  
   .     .     .     .     .     
      .     .     .     .        
   .     .     .     .     .     
      .     .     .     .        
         .     .     .           
            .     .              
-----------------------------My Move P 5 1
  
            .     0              
         .     .     0           
      .     .     .     0        
   .     .     .     .     0     
      .     .     .     .        
   .     .     .     .     .     
.     .     .     .     .     .  
   .     .     .     .     .     
.     .     #     .     .     .  
   .     .     #     .     .     
.     .     #     .     .     .  
   .     .     #     .     .     
.     .     .     .     .     .  
   .     .     .     .     .     
      .     .     .     .        
   .     .     .     .     .     
      .     .     .     .        
         .     .     .           
            .     .              
-----------------------------Opp Move P 2 8
0:0 1:9 2:1 3:1 4:1 5:0 6:9 7:1 8:1 9:1 10:0 0:0 1:9 2:5 3:1 4:0 5:0 6:9 7:5 8:1 9:0 10:0   
            .     0              
         .     .     0           
      .     .     .     0        
   .     .     .     .     0     
      .     .     .     .        
   .     .     .     .     .     
.     .     .     .     .     .  
   .     .     .     .     .     
.     .     #     .     .     .  
   .     .     #     .     .     
.     .     #     .     .     .  
   .     #     #     .     .     
.     .     .     .     .     .  
   .     .     .     .     .     
      .     .     .     .        
   .     .     .     .     .     
      .     .     .     .        
         .     .     .           
            .     .              
-----------------------------My Move P 5 6
  
            .     0              
         .     .     0           
      .     .     .     0        
   .     .     .     .     0     
      .     .     .     .        
   .     .     .     .     .     
.     .     .     .     .     0  
   .     .     .     .     .     
.     .     #     .     .     .  
   .     .     #     .     .     
.     .     #     .     .     .  
   .     #     #     .     .     
.     .     .     .     .     .  
   .     .     .     .     .     
      .     .     .     .        
   .     .     .     .     .     
      .     .     .     .        
         .     .     .           
            .     .              
-----------------------------Opp Move S 0 0 M 1 0
0:0 1:12 2:1 3:1 4:1 5:0 6:12 7:1 8:1 9:1 10:0 0:0 1:10 2:6 3:2 4:0 5:0 6:10 7:4 8:1 9:0 10:0   
            .     0              
         .     .     0           
      .     .     .     0        
   .     .     .     .     0     
      .     .     .     .        
   .     .     .     .     .     
.     .     .     .     .     0  
   .     .     #     .     .     
.     .     #     .     .     .  
   .     .     x     .     .     
.     .     #     .     .     .  
   .     #     #     .     .     
.     .     .     .     .     .  
   .     .     .     .     .     
      .     .     .     .        
   .     .     .     .     .     
      .     .     .     .        
         .     .     .           
            .     .              
-----------------------Eval=450
my ring out0
opp ring out0
-----------------------------My Move S 5 3 M 4 18
  
            .     0              
         .     .     0           
      .     .     .     o        
   .     .     .     .     0     
      .     .     .     .        
   .     .     .     .     .     
.     .     .     .     .     0  
   .     .     #     .     .     
.     .     #     .     .     .  
   0     .     x     .     .     
.     .     #     .     .     .  
   .     #     #     .     .     
.     .     .     .     .     .  
   .     .     .     .     .     
      .     .     .     .        
   .     .     .     .     .     
      .     .     .     .        
         .     .     .           
            .     .              
-----------------------------Opp Move S 1 0 M 2 1
0:0 1:15 2:1 3:1 4:1 5:0 6:13 7:1 8:0 9:1 10:0 0:0 1:12 2:6 3:3 4:0 5:0 6:11 7:3 8:1 9:0 10:0   
            .     0              
         .     .     0           
      .     .     .     o        
   .     .     .     .     0     
      .     .     .     .        
   .     .     .     .     .     
.     .     .     #     .     0  
   .     .     x     .     .     
.     .     #     .     .     .  
   0     .     x     .     .     
.     .     #     .     .     .  
   .     #     #     .     .     
.     .     .     .     .     .  
   .     .     .     .     .     
      .     .     .     .        
   .     .     .     .     .     
      .     .     .     .        
         .     .     .           
            .     .              
-----------------------Eval=409
my ring out0
opp ring out0
-----------------------------My Move S 5 4 M 4 7
  
            .     0              
         .     .     0           
      .     .     .     o        
   .     .     .     .     o     
      .     .     .     .        
   .     .     .     .     .     
.     .     .     #     .     0  
   .     .     x     .     .     
.     .     #     .     .     .  
   0     .     x     .     .     
.     .     #     .     .     .  
   .     #     #     .     0     
.     .     .     .     .     .  
   .     .     .     .     .     
      .     .     .     .        
   .     .     .     .     .     
      .     .     .     .        
         .     .     .           
            .     .              
-----------------------------Opp Move S 1 4 M 2 7
0:0 1:18 2:1 3:1 4:1 5:0 6:14 7:1 8:0 9:0 10:0 0:0 1:12 2:8 3:4 4:0 5:0 6:10 7:3 8:2 9:0 10:0   
            .     0              
         .     .     0           
      .     .     .     o        
   .     .     .     .     o     
      .     .     .     .        
   .     .     .     .     .     
.     .     .     #     .     0  
   .     .     x     .     .     
.     .     #     .     .     .  
   0     .     x     .     .     
.     .     x     .     .     .  
   .     #     #     .     0     
.     .     #     .     .     .  
   .     .     .     .     .     
      .     .     .     .        
   .     .     .     .     .     
      .     .     .     .        
         .     .     .           
            .     .              
-----------------------Eval=412
my ring out0
opp ring out0
-----------------------------My Move S 4 18 M 2 10
  
            .     0              
         .     .     0           
      .     .     .     o        
   .     .     .     .     o     
      .     .     .     .        
   .     .     .     .     .     
.     .     .     #     .     0  
   .     0     x     .     .     
.     .     #     .     .     .  
   o     .     x     .     .     
.     .     x     .     .     .  
   .     #     #     .     0     
.     .     #     .     .     .  
   .     .     .     .     .     
      .     .     .     .        
   .     .     .     .     .     
      .     .     .     .        
         .     .     .           
            .     .              
-----------------------------Opp Move S 2 1 M 1 1
0:0 1:21 2:1 3:1 4:1 5:0 6:14 7:1 8:0 9:0 10:0 0:0 1:12 2:10 3:4 4:1 5:0 6:9 7:4 8:1 9:1 10:0   
            .     0              
         .     .     0           
      .     .     .     o        
   .     .     .     .     o     
      .     .     .     .        
   .     .     .     .     .     
.     .     .     x     .     0  
   .     0     x     .     .     
.     .     #     #     .     .  
   o     .     x     .     .     
.     .     x     .     .     .  
   .     #     #     .     0     
.     .     #     .     .     .  
   .     .     .     .     .     
      .     .     .     .        
   .     .     .     .     .     
      .     .     .     .        
         .     .     .           
            .     .              
-----------------------Eval=-558
my ring out0
opp ring out0
-----------------------------My Move S 5 2 M 2 2
  
            .     0              
         .     .     o           
      .     .     .     o        
   .     .     .     .     o     
      .     .     .     .        
   .     .     .     .     .     
.     .     .     x     .     0  
   .     0     x     0     .     
.     .     #     #     .     .  
   o     .     x     .     .     
.     .     x     .     .     .  
   .     #     #     .     0     
.     .     #     .     .     .  
   .     .     .     .     .     
      .     .     .     .        
   .     .     .     .     .     
      .     .     .     .        
         .     .     .           
            .     .              
-----------------------------Opp Move S 2 7 M 3 10
0:0 1:24 2:1 3:1 4:1 5:0 6:15 7:0 8:0 9:0 10:0 0:0 1:14 2:10 3:4 4:2 5:0 6:10 7:3 8:0 9:2 10:0   
            .     0              
         .     .     o           
      .     .     .     o        
   .     .     .     .     o     
      .     .     .     .        
   .     .     .     .     .     
.     .     .     x     .     0  
   .     0     x     0     .     
.     .     #     #     .     .  
   o     .     x     .     .     
.     .     x     .     .     .  
   .     #     #     .     0     
.     .     x     .     .     .  
   .     .     .     .     .     
      .     #     .     .        
   .     .     .     .     .     
      .     .     .     .        
         .     .     .           
            .     .              
-----------------------Eval=-12056
my ring out0
opp ring out0
-----------------------------My Move S 2 2 M 2 0
  
            .     0              
         .     .     o           
      .     .     .     o        
   .     .     .     .     o     
      .     .     .     .        
   .     .     0     .     .     
.     .     .     o     .     0  
   .     0     x     o     .     
.     .     #     #     .     .  
   o     .     x     .     .     
.     .     x     .     .     .  
   .     #     #     .     0     
.     .     x     .     .     .  
   .     .     .     .     .     
      .     #     .     .        
   .     .     .     .     .     
      .     .     .     .        
         .     .     .           
            .     .              
-----------------------------Opp Move S 2 8 M 2 9
0:0 1:28 2:2 3:2 4:1 5:0 6:15 7:0 8:0 9:0 10:0 0:0 1:13 2:10 3:5 4:2 5:0 6:8 7:4 8:1 9:2 10:0   
            .     0              
         .     .     o           
      .     .     .     o        
   .     .     .     .     o     
      .     .     .     .        
   .     .     0     .     .     
.     .     .     o     .     0  
   .     0     x     o     .     
.     .     #     #     .     .  
   o     #     x     .     .     
.     .     x     .     .     .  
   .     x     #     .     0     
.     .     x     .     .     .  
   .     .     .     .     .     
      .     #     .     .        
   .     .     .     .     .     
      .     .     .     .        
         .     .     .           
            .     .              
-----------------------Eval=-173446
my ring out0
opp ring out0
-----------------------------My Move S 2 0 M 2 11
  
            .     0              
         .     .     o           
      .     .     .     o        
   .     .     .     .     o     
      .     .     .     .        
   .     .     o     .     .     
.     .     0     o     .     0  
   .     0     x     o     .     
.     .     #     #     .     .  
   o     #     x     .     .     
.     .     x     .     .     .  
   .     x     #     .     0     
.     .     x     .     .     .  
   .     .     .     .     .     
      .     #     .     .        
   .     .     .     .     .     
      .     .     .     .        
         .     .     .           
            .     .              
-----------------------------Opp Move S 1 1 M 3 3 RS 2 8 RE 2 2 X 3 3
0:0 1:27 2:3 3:2 4:1 5:0 6:14 7:1 8:0 9:0 10:0 0:0 1:14 2:3 3:1 4:0 5:0 6:10 7:2 8:0 9:0 10:0   
            .     0              
         .     .     o           
      .     .     .     o        
   .     .     .     .     o     
      .     .     .     .        
   .     .     o     .     .     
.     .     0     o     .     0  
   .     0     x     .     .     
.     .     #     .     .     .  
   o     #     .     .     .     
.     .     .     .     .     .  
   .     .     #     .     0     
.     .     x     .     .     .  
   .     .     .     .     .     
      .     #     .     .        
   .     .     .     .     .     
      .     .     .     .        
         .     .     .           
            .     .              
-----------------------Eval=-160883
my ring out0
opp ring out1
-----------------------------My Move S 5 6 M 4 2
  
            .     0              
         .     .     o           
      .     .     .     o        
   .     .     .     0     o     
      .     .     .     .        
   .     .     o     .     .     
.     .     0     o     .     o  
   .     0     x     .     .     
.     .     #     .     .     .  
   o     #     .     .     .     
.     .     .     .     .     .  
   .     .     #     .     0     
.     .     x     .     .     .  
   .     .     .     .     .     
      .     #     .     .        
   .     .     .     .     .     
      .     .     .     .        
         .     .     .           
            .     .              
-----------------------------Opp Move S 3 10 M 2 5
0:0 1:28 2:5 3:2 4:1 5:0 6:14 7:1 8:0 9:0 10:0 0:0 1:16 2:4 3:1 4:0 5:0 6:9 7:3 8:0 9:0 10:0   
            .     0              
         .     .     o           
      .     .     .     o        
   .     .     .     0     o     
      .     .     .     .        
   .     .     o     .     .     
.     .     0     o     .     o  
   .     0     x     .     .     
.     .     #     .     .     .  
   o     #     .     .     .     
.     .     .     .     .     .  
   .     .     #     .     0     
.     .     x     #     .     .  
   .     .     .     .     .     
      .     x     .     .        
   .     .     .     .     .     
      .     .     .     .        
         .     .     .           
            .     .              
-----------------------Eval=-160843
my ring out0
opp ring out1
-----------------------------My Move S 4 7 M 1 1
  
            .     0              
         .     .     o           
      .     .     .     o        
   .     .     .     0     o     
      .     .     .     .        
   .     .     o     .     .     
.     .     0     o     .     o  
   .     0     x     .     .     
.     .     #     0     .     .  
   o     #     .     .     .     
.     .     .     .     .     .  
   .     .     #     .     o     
.     .     x     #     .     .  
   .     .     .     .     .     
      .     x     .     .        
   .     .     .     .     .     
      .     .     .     .        
         .     .     .           
            .     .              
-----------------------------Opp Move S 1 5 M 1 4
0:0 1:30 2:6 3:2 4:1 5:0 6:14 7:1 8:0 9:0 10:0 0:0 1:15 2:4 3:3 4:2 5:0 6:7 7:2 8:2 9:1 10:0   
            .     0              
         .     .     o           
      .     .     .     o        
   .     .     .     0     o     
      .     .     .     .        
   .     .     o     .     .     
.     .     0     o     .     o  
   .     0     x     .     .     
.     .     x     0     .     .  
   o     #     .     .     .     
.     .     #     .     .     .  
   .     .     #     .     o     
.     .     x     #     .     .  
   .     .     .     .     .     
      .     x     .     .        
   .     .     .     .     .     
      .     .     .     .        
         .     .     .           
            .     .              
-----------------------Eval=-137454
my ring out0
opp ring out1
-----------------------------My Move S 5 1 M 4 1
  
            .     o              
         .     .     o           
      .     .     0     o        
   .     .     .     0     o     
      .     .     .     .        
   .     .     o     .     .     
.     .     0     o     .     o  
   .     0     x     .     .     
.     .     x     0     .     .  
   o     #     .     .     .     
.     .     #     .     .     .  
   .     .     #     .     o     
.     .     x     #     .     .  
   .     .     .     .     .     
      .     x     .     .        
   .     .     .     .     .     
      .     .     .     .        
         .     .     .           
            .     .              
-----------------------------Opp Move S 2 5 M 4 6
0:0 1:30 2:9 3:2 4:1 5:0 6:13 7:2 8:0 9:0 10:0 0:0 1:18 2:4 3:3 4:2 5:0 6:8 7:2 8:2 9:0 10:0   
            .     o              
         .     .     o           
      .     .     0     o        
   .     .     .     0     o     
      .     .     .     .        
   .     .     o     .     .     
.     .     0     o     .     o  
   .     0     x     .     .     
.     .     x     0     .     .  
   o     #     .     .     #     
.     .     #     .     .     .  
   .     .     #     .     o     
.     .     x     x     .     .  
   .     .     .     .     .     
      .     x     .     .        
   .     .     .     .     .     
      .     .     .     .        
         .     .     .           
            .     .              
-----------------------Eval=-148916
my ring out0
opp ring out1
-----------------------------My Move S 4 1 M 3 17
  
            .     o              
         .     .     o           
      .     .     o     o        
   .     .     .     0     o     
      .     0     .     .        
   .     .     o     .     .     
.     .     0     o     .     o  
   .     0     x     .     .     
.     .     x     0     .     .  
   o     #     .     .     #     
.     .     #     .     .     .  
   .     .     #     .     o     
.     .     x     x     .     .  
   .     .     .     .     .     
      .     x     .     .        
   .     .     .     .     .     
      .     .     .     .        
         .     .     .           
            .     .              
-----------------------------Opp Move S 4 6 M 4 4
0:0 1:31 2:10 3:3 4:1 5:0 6:12 7:3 8:0 9:0 10:0 0:0 1:21 2:4 3:3 4:2 5:0 6:8 7:2 8:2 9:0 10:0   
            .     o              
         .     .     o           
      .     .     o     o        
   .     .     .     0     o     
      .     0     .     .        
   .     .     o     .     #     
.     .     0     o     .     o  
   .     0     x     .     .     
.     .     x     0     .     .  
   o     #     .     .     x     
.     .     #     .     .     .  
   .     .     #     .     o     
.     .     x     x     .     .  
   .     .     .     .     .     
      .     x     .     .        
   .     .     .     .     .     
      .     .     .     .        
         .     .     .           
            .     .              
-----------------------Eval=-147874
my ring out0
opp ring out1
-----------------------------My Move S 3 17 M 3 0
  
            .     o              
         .     .     o           
      .     .     o     o        
   .     .     0     0     o     
      .     o     .     .        
   .     .     o     .     #     
.     .     0     o     .     o  
   .     0     x     .     .     
.     .     x     0     .     .  
   o     #     .     .     x     
.     .     #     .     .     .  
   .     .     #     .     o     
.     .     x     x     .     .  
   .     .     .     .     .     
      .     x     .     .        
   .     .     .     .     .     
      .     .     .     .        
         .     .     .           
            .     .              
-----------------------------Opp Move S 4 4 M 2 2
0:0 1:31 2:11 3:4 4:2 5:0 6:11 7:4 8:0 9:0 10:0 0:0 1:24 2:4 3:3 4:2 5:0 6:8 7:2 8:2 9:0 10:0   
            .     o              
         .     .     o           
      .     .     o     o        
   .     .     0     0     o     
      .     o     .     .        
   .     .     o     .     x     
.     .     0     o     .     o  
   .     0     x     #     .     
.     .     x     0     .     .  
   o     #     .     .     x     
.     .     #     .     .     .  
   .     .     #     .     o     
.     .     x     x     .     .  
   .     .     .     .     .     
      .     x     .     .        
   .     .     .     .     .     
      .     .     .     .        
         .     .     .           
            .     .              
-----------------------Eval=-146924
my ring out0
opp ring out1
-----------------------------My Move S 2 10 M 4 22
  
            .     o              
         .     .     o           
      .     .     o     o        
   .     0     0     0     o     
      .     o     .     .        
   .     .     o     .     x     
.     .     0     o     .     o  
   .     o     x     #     .     
.     .     x     0     .     .  
   o     #     .     .     x     
.     .     #     .     .     .  
   .     .     #     .     o     
.     .     x     x     .     .  
   .     .     .     .     .     
      .     x     .     .        
   .     .     .     .     .     
      .     .     .     .        
         .     .     .           
            .     .              
-----------------------------Opp Move S 2 2 M 3 4
0:0 1:33 2:11 3:4 4:3 5:0 6:11 7:4 8:0 9:0 10:0 0:0 1:25 2:5 3:4 4:2 5:0 6:7 7:3 8:2 9:0 10:0   
            .     o              
         .     .     o           
      .     .     o     o        
   .     0     0     0     o     
      .     o     .     .        
   .     .     o     .     x     
.     .     0     o     .     o  
   .     o     x     x     .     
.     .     x     0     #     .  
   o     #     .     .     x     
.     .     #     .     .     .  
   .     .     #     .     o     
.     .     x     x     .     .  
   .     .     .     .     .     
      .     x     .     .        
   .     .     .     .     .     
      .     .     .     .        
         .     .     .           
            .     .              
-----------------------Eval=-95661
my ring out0
opp ring out1
-----------------------------My Move S 4 2 M 2 3
  
            .     o              
         .     .     o           
      .     .     o     o        
   .     0     0     o     o     
      .     o     .     .        
   .     .     o     .     x     
.     .     0     o     .     o  
   .     o     x     o     .     
.     .     x     0     #     .  
   o     #     .     0     x     
.     .     #     .     .     .  
   .     .     #     .     o     
.     .     x     x     .     .  
   .     .     .     .     .     
      .     x     .     .        
   .     .     .     .     .     
      .     .     .     .        
         .     .     .           
            .     .              
-----------------------------Opp Move S 2 9 M 3 2
0:0 1:35 2:15 3:7 4:3 5:0 6:9 7:3 8:2 9:1 10:0 0:0 1:25 2:5 3:2 4:1 5:0 6:7 7:3 8:2 9:0 10:0   
            .     o              
         .     .     o           
      .     .     o     o        
   .     0     0     o     o     
      .     o     .     .        
   .     .     o     #     x     
.     .     0     x     .     o  
   .     o     o     o     .     
.     .     o     0     #     .  
   o     x     .     0     x     
.     .     #     .     .     .  
   .     .     #     .     o     
.     .     x     x     .     .  
   .     .     .     .     .     
      .     x     .     .        
   .     .     .     .     .     
      .     .     .     .        
         .     .     .           
            .     .              
-----------------------Eval=-110709
my ring out0
opp ring out1
-----------------------------My Move S 4 22 M 3 16
  
            .     o              
         .     .     o           
      .     .     o     o        
   .     o     0     o     o     
      .     o     .     .        
   .     0     o     #     x     
.     .     0     x     .     o  
   .     o     o     o     .     
.     .     o     0     #     .  
   o     x     .     0     x     
.     .     #     .     .     .  
   .     .     #     .     o     
.     .     x     x     .     .  
   .     .     .     .     .     
      .     x     .     .        
   .     .     .     .     .     
      .     .     .     .        
         .     .     .           
            .     .              
-----------------------------Opp Move S 3 4 M 5 27
0:0 1:34 2:13 3:4 4:2 5:1 6:9 7:4 8:0 9:1 10:1 0:0 1:33 2:6 3:4 4:2 5:0 6:7 7:3 8:2 9:0 10:0   
            .     o              
         .     .     o           
      #     .     o     o        
   .     x     0     o     o     
      .     x     .     .        
   .     0     x     #     x     
.     .     0     o     .     o  
   .     o     o     x     .     
.     .     o     0     x     .  
   o     x     .     0     x     
.     .     #     .     .     .  
   .     .     #     .     o     
.     .     x     x     .     .  
   .     .     .     .     .     
      .     x     .     .        
   .     .     .     .     .     
      .     .     .     .        
         .     .     .           
            .     .              
-----------------------Eval=-150407
my ring out0
opp ring out1
-----------------------------My Move S 1 1 M 3 3
  
            .     o              
         .     .     o           
      #     .     o     o        
   .     x     0     o     o     
      .     x     .     .        
   .     0     x     #     x     
.     .     0     o     0     o  
   .     o     o     o     .     
.     .     o     o     x     .  
   o     x     .     0     x     
.     .     #     .     .     .  
   .     .     #     .     o     
.     .     x     x     .     .  
   .     .     .     .     .     
      .     x     .     .        
   .     .     .     .     .     
      .     .     .     .        
         .     .     .           
            .     .              
-----------------------------Opp Move S 1 3 M 0 0
0:0 1:36 2:16 3:5 4:2 5:1 6:9 7:4 8:1 9:0 10:1 0:0 1:33 2:7 3:3 4:2 5:0 6:8 7:3 8:1 9:0 10:0   
            .     o              
         .     .     o           
      #     .     o     o        
   .     x     0     o     o     
      .     x     .     .        
   .     0     x     #     x     
.     .     0     o     0     o  
   .     o     o     o     .     
.     .     o     o     x     .  
   o     x     #     0     x     
.     .     #     .     .     .  
   .     .     x     .     o     
.     .     x     x     .     .  
   .     .     .     .     .     
      .     x     .     .        
   .     .     .     .     .     
      .     .     .     .        
         .     .     .           
            .     .              
-----------------------Eval=-123412
my ring out0
opp ring out1
-----------------------------My Move S 2 3 M 3 5
  
            .     o              
         .     .     o           
      #     .     o     o        
   .     x     0     o     o     
      .     x     .     .        
   .     0     x     #     x     
.     .     0     o     0     o  
   .     o     o     o     .     
.     .     o     o     x     .  
   o     x     #     o     x     
.     .     #     .     0     .  
   .     .     x     .     o     
.     .     x     x     .     .  
   .     .     .     .     .     
      .     x     .     .        
   .     .     .     .     .     
      .     .     .     .        
         .     .     .           
            .     .              
-----------------------------Opp Move S 3 2 M 3 13
0:0 1:38 2:12 3:5 4:2 5:0 6:10 7:2 8:3 9:0 10:0 0:0 1:35 2:9 3:5 4:4 5:1 6:8 7:3 8:1 9:0 10:0   
            .     o              
         .     .     o           
      #     .     o     o        
   .     x     0     o     o     
      .     x     .     .        
   .     0     x     x     x     
.     .     0     x     0     o  
   .     o     x     o     .     
.     .     x     o     x     .  
   o     o     #     o     x     
.     #     #     .     0     .  
   .     .     x     .     o     
.     .     x     x     .     .  
   .     .     .     .     .     
      .     x     .     .        
   .     .     .     .     .     
      .     .     .     .        
         .     .     .           
            .     .              
-----------------------Eval=-275035
my ring out0
opp ring out1
-----------------------------My Move S 3 3 M 3 1 RS 2 3 RE 5 2 X 3 5
  
            .     o              
         .     .     .           
      #     .     o     o        
   .     x     0     .     o     
      .     x     0     .        
   .     0     x     .     x     
.     .     0     x     o     o  
   .     o     x     .     .     
.     .     x     o     x     .  
   o     o     #     .     x     
.     #     #     .     .     .  
   .     .     x     .     o     
.     .     x     x     .     .  
   .     .     .     .     .     
      .     x     .     .        
   .     .     .     .     .     
      .     .     .     .        
         .     .     .           
            .     .              
-----------------------------Opp Move S 5 27 M 3 14 RS 5 27 RE 2 1 X 1 4
0:0 1:36 2:7 3:2 4:0 5:0 6:8 7:3 8:1 9:0 10:0 0:0 1:27 2:8 3:1 4:0 5:0 6:6 7:3 8:0 9:0 10:0   
            .     o              
         .     .     .           
      .     .     o     o        
   .     .     0     .     o     
      .     .     0     .        
   .     0     .     .     x     
.     .     0     .     o     o  
   .     o     x     .     .     
.     #     x     o     x     .  
   o     o     #     .     x     
.     #     .     .     .     .  
   .     .     x     .     o     
.     .     x     x     .     .  
   .     .     .     .     .     
      .     x     .     .        
   .     .     .     .     .     
      .     .     .     .        
         .     .     .           
            .     .              
-----------------------Eval=-28096
my ring out1
opp ring out2
-----------------------------My Move S 3 1 M 2 1
  
            .     o              
         .     .     .           
      .     .     o     o        
   .     .     0     .     o     
      .     .     o     .        
   .     0     .     .     x     
.     .     0     0     o     o  
   .     o     x     .     .     
.     #     x     o     x     .  
   o     o     #     .     x     
.     #     .     .     .     .  
   .     .     x     .     o     
.     .     x     x     .     .  
   .     .     .     .     .     
      .     x     .     .        
   .     .     .     .     .     
      .     .     .     .        
         .     .     .           
            .     .              
-----------------------------Opp Move S 3 14 M 1 4
0:0 1:35 2:7 3:1 4:1 5:1 6:8 7:4 8:0 9:0 10:0 0:0 1:25 2:9 3:4 4:3 5:1 6:4 7:3 8:2 9:0 10:0   
            .     o              
         .     .     .           
      .     .     o     o        
   .     .     0     .     o     
      .     .     o     .        
   .     0     .     .     x     
.     .     0     0     o     o  
   .     o     x     .     .     
.     x     x     o     x     .  
   o     x     #     .     x     
.     #     #     .     .     .  
   .     .     x     .     o     
.     .     x     x     .     .  
   .     .     .     .     .     
      .     x     .     .        
   .     .     .     .     .     
      .     .     .     .        
         .     .     .           
            .     .              
-----------------------Eval=-1650
my ring out1
opp ring out2
-----------------------------My Move S 3 16 M 2 8
  
            .     o              
         .     .     .           
      .     .     o     o        
   .     .     0     .     o     
      .     .     o     .        
   .     o     .     .     x     
.     .     0     0     o     o  
   .     x     x     .     .     
.     x     x     o     x     .  
   o     o     #     .     x     
.     #     #     .     .     .  
   .     0     x     .     o     
.     .     x     x     .     .  
   .     .     .     .     .     
      .     x     .     .        
   .     .     .     .     .     
      .     .     .     .        
         .     .     .           
            .     .              
-----------------------------Opp Move S 1 4 M 4 13
0:0 1:43 2:8 3:1 4:1 5:1 6:10 7:2 8:0 9:0 10:0 0:0 1:27 2:9 3:3 4:0 5:0 6:6 7:2 8:1 9:0 10:0   
            .     o              
         .     .     .           
      .     .     o     o        
   .     .     0     .     o     
      .     .     o     .        
   .     o     .     .     x     
.     .     0     0     o     o  
   .     x     x     .     .     
.     x     x     o     x     .  
   o     o     #     .     x     
.     #     x     .     .     .  
   .     0     x     .     o     
.     .     o     x     .     .  
   .     .     .     .     .     
      .     o     .     .        
   .     .     .     .     .     
      .     #     .     .        
         .     .     .           
            .     .              
-----------------------Eval=964
my ring out1
opp ring out2
-----------------------------My Move S 2 11 M 5 22
  
            .     o              
         .     .     .           
      .     .     o     o        
   .     .     0     .     o     
      .     .     o     .        
   .     o     .     .     x     
.     .     o     0     o     o  
   .     o     x     .     .     
.     o     x     o     x     .  
   x     o     #     .     x     
0     #     x     .     .     .  
   .     0     x     .     o     
.     .     o     x     .     .  
   .     .     .     .     .     
      .     o     .     .        
   .     .     .     .     .     
      .     #     .     .        
         .     .     .           
            .     .              
-----------------------------Opp Move S 0 0 M 2 2
0:0 1:42 2:10 3:3 4:2 5:0 6:12 7:0 8:0 9:0 10:0 0:0 1:28 2:9 3:4 4:1 5:0 6:7 7:1 8:0 9:1 10:0   
            .     o              
         .     .     .           
      .     .     o     o        
   .     .     0     .     o     
      .     .     o     .        
   .     o     .     .     x     
.     .     o     0     o     o  
   .     o     x     #     .     
.     o     x     x     x     .  
   x     o     x     .     x     
0     #     x     .     .     .  
   .     0     x     .     o     
.     .     o     x     .     .  
   .     .     .     .     .     
      .     o     .     .        
   .     .     .     .     .     
      .     #     .     .        
         .     .     .           
            .     .              
-----------------------Eval=24983
my ring out1
opp ring out2
-----------------------------My Move S 2 1 M 1 2 RS 1 1 RE 5 1 X 3 0
  
            .     .              
         .     .     .           
      .     .     .     o        
   .     .     .     .     o     
      .     .     .     .        
   .     o     .     .     x     
.     .     o     .     o     o  
   .     o     x     #     .     
.     o     x     .     x     .  
   x     o     x     .     x     
0     #     x     0     .     .  
   .     0     x     .     o     
.     .     o     x     .     .  
   .     .     .     .     .     
      .     o     .     .        
   .     .     .     .     .     
      .     #     .     .        
         .     .     .           
            .     .              
-----------------------------Opp Move S 2 2 M 1 1
0:0 1:35 2:7 3:2 4:1 5:0 6:9 7:0 8:0 9:0 10:0 0:0 1:28 2:9 3:4 4:1 5:0 6:6 7:2 8:1 9:0 10:0   
            .     .              
         .     .     .           
      .     .     .     o        
   .     .     .     .     o     
      .     .     .     .        
   .     o     .     .     x     
.     .     o     .     o     o  
   .     o     x     x     .     
.     o     x     #     x     .  
   x     o     x     .     x     
0     #     x     0     .     .  
   .     0     x     .     o     
.     .     o     x     .     .  
   .     .     .     .     .     
      .     o     .     .        
   .     .     .     .     .     
      .     #     .     .        
         .     .     .           
            .     .              
-----------------------Eval=24830
my ring out2
opp ring out2
-----------------------------My Move S 5 22 M 3 11
  
            .     .              
         .     .     .           
      .     .     .     o        
   .     .     .     .     o     
      .     .     .     .        
   .     o     .     .     x     
.     .     o     .     o     o  
   .     o     x     x     .     
.     o     x     #     x     .  
   x     o     x     .     x     
o     #     x     0     .     .  
   .     0     x     .     o     
.     .     o     x     .     .  
   .     0     .     .     .     
      .     o     .     .        
   .     .     .     .     .     
      .     #     .     .        
         .     .     .           
            .     .              
-----------------------------Opp Move S 4 13 M 5 8
0:0 1:32 2:9 3:2 4:1 5:1 6:8 7:1 8:0 9:0 10:0 0:0 1:31 2:11 3:4 4:2 5:0 6:4 7:3 8:1 9:1 10:0   
            .     .              
         .     .     .           
      .     .     .     o        
   .     .     .     .     o     
      .     .     .     .        
   .     o     .     .     x     
.     .     o     .     o     o  
   .     o     x     x     .     
.     o     x     #     x     .  
   x     o     x     .     x     
o     #     x     0     .     #  
   .     0     x     .     x     
.     .     o     x     .     .  
   .     0     .     .     .     
      .     o     .     .        
   .     .     .     .     .     
      .     x     .     .        
         .     .     .           
            .     .              
-----------------------Eval=48837
my ring out2
opp ring out2
-----------------------------My Move S 3 11 M 4 14
  
            .     .              
         .     .     .           
      .     .     .     o        
   .     .     .     .     o     
      .     .     .     .        
   .     o     .     .     x     
.     .     o     .     o     o  
   .     o     x     x     .     
.     o     x     #     x     .  
   x     o     x     .     x     
o     #     x     0     .     #  
   .     0     x     .     x     
.     .     o     x     .     .  
   .     o     .     .     .     
      .     o     .     .        
   .     0     .     .     .     
      .     x     .     .        
         .     .     .           
            .     .              
-----------------------------Opp Move S 1 1 M 4 21
0:0 1:33 2:9 3:1 4:1 5:1 6:8 7:0 8:1 9:0 10:0 0:0 1:37 2:10 3:5 4:2 5:0 6:6 7:2 8:0 9:1 10:0   
            .     .              
         .     .     .           
      .     .     .     o        
   .     .     .     .     o     
      #     .     .     .        
   .     x     .     .     x     
.     .     x     .     o     o  
   .     o     o     x     .     
.     o     x     x     x     .  
   x     o     x     .     x     
o     #     x     0     .     #  
   .     0     x     .     x     
.     .     o     x     .     .  
   .     o     .     .     .     
      .     o     .     .        
   .     0     .     .     .     
      .     x     .     .        
         .     .     .           
            .     .              
-----------------------Eval=48912
my ring out2
opp ring out2
-----------------------------My Move S 1 2 M 2 1
  
            .     .              
         .     .     .           
      .     .     .     o        
   .     .     .     .     o     
      #     .     .     .        
   .     x     .     .     x     
.     .     x     0     o     o  
   .     o     o     x     .     
.     o     x     o     x     .  
   x     o     x     .     x     
o     #     x     o     .     #  
   .     0     x     .     x     
.     .     o     x     .     .  
   .     o     .     .     .     
      .     o     .     .        
   .     0     .     .     .     
      .     x     .     .        
         .     .     .           
            .     .              
-----------------------------Opp Move S 4 21 M 5 26
0:0 1:35 2:12 3:2 4:1 5:1 6:6 7:1 8:2 9:0 10:0 0:0 1:38 2:10 3:4 4:2 5:0 6:6 7:2 8:0 9:1 10:0   
            .     .              
         .     .     .           
      .     .     .     o        
   #     .     .     .     o     
      x     .     .     .        
   .     x     .     .     x     
.     .     x     0     o     o  
   .     o     o     x     .     
.     o     x     o     x     .  
   x     o     x     .     x     
o     #     x     o     .     #  
   .     0     x     .     x     
.     .     o     x     .     .  
   .     o     .     .     .     
      .     o     .     .        
   .     0     .     .     .     
      .     x     .     .        
         .     .     .           
            .     .              
-----------------------Eval=997872
my ring out2
opp ring out2
-----------------------------My Move S 4 14 M 4 12
  
            .     .              
         .     .     .           
      .     .     .     o        
   #     .     .     .     o     
      x     .     .     .        
   .     x     .     .     x     
.     .     x     0     o     o  
   .     o     o     x     .     
.     o     x     o     x     .  
   x     o     x     .     x     
o     #     x     o     .     #  
   .     0     x     .     x     
.     .     o     x     .     .  
   .     o     .     .     .     
      .     o     .     .        
   .     o     .     .     .     
      .     o     .     .        
         .     0     .           
            .     .              
-----------------------------Opp Move S 5 26 M 2 3
0:0 1:41 2:11 3:5 4:1 5:2 6:7 7:0 8:2 9:0 10:0 0:0 1:31 2:13 3:5 4:2 5:0 6:5 7:2 8:1 9:1 10:0   
            .     .              
         .     .     .           
      .     .     .     o        
   x     .     .     .     o     
      o     .     .     .        
   .     o     .     .     x     
.     .     o     0     o     o  
   .     o     x     x     .     
.     o     x     x     x     .  
   x     o     x     #     x     
o     #     x     o     .     #  
   .     0     x     .     x     
.     .     o     x     .     .  
   .     o     .     .     .     
      .     o     .     .        
   .     o     .     .     .     
      .     o     .     .        
         .     0     .           
            .     .              
-----------------------Eval=998349
my ring out2
opp ring out2
-----------------------------My Move S 2 8 M 3 12 RS 3 11 RE 3 16 X 2 1
  
            .     .              
         .     .     .           
      .     .     .     o        
   x     .     .     .     o     
      o     .     .     .        
   .     .     .     .     x     
.     .     o     .     o     o  
   .     .     x     x     .     
.     o     x     x     x     .  
   x     .     x     #     x     
o     #     x     o     .     #  
   .     .     x     .     x     
.     0     o     x     .     .  
   .     .     .     .     .     
      .     o     .     .        
   .     o     .     .     .     
      .     o     .     .        
         .     0     .           
            .     .              
***********************************

-> You are player 2
-> You are alloted a time of 120s

***********************************

Player 1 played : P 0 0
P 0 0 True
Time remaining is: 120s
You played : P 5 4
P 5 4 True
Player 1 played : P 1 4
P 1 4 True
Time remaining is: 120s
You played : P 5 3
P 5 3 True
Player 1 played : P 1 5
P 1 5 True
Time remaining is: 120s
You played : P 5 2
P 5 2 True
Player 1 played : P 1 3
P 1 3 True
Time remaining is: 120s
You played : P 5 1
P 5 1 True
Player 1 played : P 2 8
P 2 8 True
Time remaining is: 120s
You played : P 5 6
P 5 6 True
Player 1 played : S 0 0 M 1 0
S 0 0 True
M 1 0 True
Time remaining is: 120s
You played : S 5 3 M 4 18
S 5 3 True
M 4 18 True
Player 1 played : S 1 0 M 2 1
S 1 0 True
M 2 1 True
Time remaining is: 120s
You played : S 5 4 M 4 7
S 5 4 True
M 4 7 True
Player 1 played : S 1 4 M 2 7
S 1 4 True
M 2 7 True
Time remaining is: 120s
You played : S 4 18 M 2 10
S 4 18 True
M 2 10 True
Player 1 played : S 2 1 M 1 1
S 2 1 True
M 1 1 True
Time remaining is: 119s
You played : S 5 2 M 2 2
S 5 2 True
M 2 2 True
Player 1 played : S 2 7 M 3 10
S 2 7 True
M 3 10 True
Time remaining is: 118s
You played : S 2 2 M 2 0
S 2 2 True
M 2 0 True
Player 1 played : S 2 8 M 2 9
S 2 8 True
M 2 9 True
Time remaining is: 118s
You played : S 2 0 M 2 11
S 2 0 True
M 2 11 True
Player 1 played : S 1 1 M 3 3 RS 2 8 RE 2 2 X 3 3
S 1 1 True
M 3 3 True
RS 2 8 True
RE 2 2 True
X 3 3 True
Time remaining is: 118s
You played : S 5 6 M 4 2
S 5 6 True
M 4 2 True
Player 1 played : S 3 10 M 2 5
S 3 10 True
M 2 5 True
Time remaining is: 117s
You played : S 4 7 M 1 1
S 4 7 True
M 1 1 True
Player 1 played : S 1 5 M 1 4
S 1 5 True
M 1 4 True
Time remaining is: 117s
You played : S 5 1 M 4 1
S 5 1 True
M 4 1 True
Player 1 played : S 2 5 M 4 6
S 2 5 True
M 4 6 True
Time remaining is: 117s
You played : S 4 1 M 3 17
S 4 1 True
M 3 17 True
Player 1 played : S 4 6 M 4 4
S 4 6 True
M 4 4 True
Time remaining is: 117s
You played : S 3 17 M 3 0
S 3 17 True
M 3 0 True
Player 1 played : S 4 4 M 2 2
S 4 4 True
M 2 2 True
Time remaining is: 116s
You played : S 2 10 M 4 22
S 2 10 True
M 4 22 True
Player 1 played : S 2 2 M 3 4
S 2 2 True
M 3 4 True
Time remaining is: 116s
You played : S 4 2 M 2 3
S 4 2 True
M 2 3 True
Player 1 played : S 2 9 M 3 2
S 2 9 True
M 3 2 True
Time remaining is: 116s
You played : S 4 22 M 3 16
S 4 22 True
M 3 16 True
Player 1 played : S 3 4 M 5 27
S 3 4 True
M 5 27 True
Time remaining is: 116s
You played : S 1 1 M 3 3
S 1 1 True
M 3 3 True
Player 1 played : S 1 3 M 0 0
S 1 3 True
M 0 0 True
Time remaining is: 116s
You played : S 2 3 M 3 5
S 2 3 True
M 3 5 True
Player 1 played : S 3 2 M 3 13
S 3 2 True
M 3 13 True
Time remaining is: 116s
You played : S 3 3 M 3 1 RS 2 3 RE 5 2 X 3 5
S 3 3 True
M 3 1 True
RS 2 3 True
RE 5 2 True
X 3 5 True
Player 1 played : S 5 27 M 3 14 RS 5 27 RE 2 1 X 1 4
S 5 27 True
M 3 14 True
RS 5 27 True
RE 2 1 True
X 1 4 True
Time remaining is: 116s
You played : S 3 1 M 2 1
S 3 1 True
M 2 1 True
Player 1 played : S 3 14 M 1 4
S 3 14 True
M 1 4 True
Time remaining is: 116s
You played : S 3 16 M 2 8
S 3 16 True
M 2 8 True
Player 1 played : S 1 4 M 4 13
S 1 4 True
M 4 13 True
Time remaining is: 115s
You played : S 2 11 M 5 22
S 2 11 True
M 5 22 True
Player 1 played : S 0 0 M 2 2
S 0 0 True
M 2 2 True
Time remaining is: 115s
You played : S 2 1 M 1 2 RS 1 1 RE 5 1 X 3 0
S 2 1 True
M 1 2 True
RS 1 1 True
RE 5 1 True
X 3 0 True
Player 1 played : S 2 2 M 1 1
S 2 2 True
M 1 1 True
Time remaining is: 115s
You played : S 5 22 M 3 11
S 5 22 True
M 3 11 True
Player 1 played : S 4 13 M 5 8
S 4 13 True
M 5 8 True
Time remaining is: 115s
You played : S 3 11 M 4 14
S 3 11 True
M 4 14 True
Player 1 played : S 1 1 M 4 21
S 1 1 True
M 4 21 True
Time remaining is: 115s
You played : S 1 2 M 2 1
S 1 2 True
M 2 1 True
Player 1 played : S 4 21 M 5 26
S 4 21 True
M 5 26 True
Time remaining is: 115s
You played : S 4 14 M 4 12
S 4 14 True
M 4 12 True
Player 1 played : S 5 26 M 2 3
S 5 26 True
M 2 3 True
Time remaining is: 115s
You played : S 2 8 M 3 12 RS 3 11 RE 3 16 X 2 1
S 2 8 True
M 3 12 True
RS 3 11 True
RE 3 16 True
X 2 1 True
YOU WIN!
Your Score : 8.013
Opponent's Score : 2.014
