Segmentation fault (core dumped)
***********************************

-> You are player 2
-> You are alloted a time of 120s

***********************************

Player 1 played : P 0 0
P 0 0 True
Time remaining is: 120s
You played : P 1 0
P 1 0 True
Player 1 played : P 1 3
P 1 3 True
Time remaining is: 120s
You played : P 1 1
P 1 1 True
Player 1 played : P 2 1
P 2 1 True
Time remaining is: 120s
You played : P 1 2
P 1 2 True
Player 1 played : P 2 3
P 2 3 True
Time remaining is: 120s
You played : P 1 4
P 1 4 True
Player 1 played : P 2 11
P 2 11 True
Time remaining is: 120s
You played : P 1 5
P 1 5 True
Player 1 played : S 1 3 M 2 6
S 1 3 True
M 2 6 True
Time remaining is: 120s
You played : S 1 0 M 2 0
S 1 0 True
M 2 0 True
Player 1 played : S 2 6 M 3 9
S 2 6 True
M 3 9 True
Time remaining is: 120s
You played : S 1 2 M 2 4
S 1 2 True
M 2 4 True
Player 1 played : S 3 9 M 4 12
S 3 9 True
M 4 12 True
Time remaining is: 120s
You played : S 1 4 M 3 10
S 1 4 True
M 3 10 True
Player 1 played : S 0 0 M 2 8
S 0 0 True
M 2 8 True
Time remaining is: 120s
You played : S 3 10 M 2 5
S 3 10 True
M 2 5 True
Player 1 played : S 2 3 M 2 7
S 2 3 True
M 2 7 True
Time remaining is: 119s
You played : S 1 1 M 3 5
S 1 1 True
M 3 5 True
Player 1 played : S 2 7 M 4 13
S 2 7 True
M 4 13 True
Time remaining is: 119s
You played : S 3 5 M 4 7
S 3 5 True
M 4 7 True
Player 1 played : S 2 8 M 2 9
S 2 8 True
M 2 9 True
Time remaining is: 119s
You played : S 4 7 M 5 8 RS 1 0 RE 4 7 X 2 0
S 4 7 True
M 5 8 True
RS 1 0 True
RE 4 7 True
X 2 0 True
Player 1 played : S 2 9 M 2 10
S 2 9 True
M 2 10 True
Time remaining is: 118s
You played : S 2 5 M 1 1
S 2 5 True
M 1 1 True
Player 1 played : S 4 12 M 1 0
S 4 12 True
M 1 0 True
Time remaining is: 117s
You played : S 5 8 M 3 8
S 5 8 True
M 3 8 True
Player 1 played : S 2 10 M 3 16
S 2 10 True
M 3 16 True
Time remaining is: 117s
You played : S 2 4 M 4 14
S 2 4 True
M 4 14 True
Player 1 played : S 3 16 M 3 15
S 3 16 True
M 3 15 True
Time remaining is: 116s
ERROR : THIS CLIENT RAN OUT OF TIME!
