****************Depth is now 4
***********************************

-> You are player 2
-> You are alloted a time of 120s

***********************************

Player 1 played : P 0 0
P 0 0 True
Time remaining is: 120s
You played : P 4 14
P 4 14 True
Player 1 played : P 5 21
P 5 21 True
Time remaining is: 120s
You played : P 2 4
P 2 4 True
Player 1 played : P 4 16
P 4 16 True
Time remaining is: 120s
You played : P 1 2
P 1 2 True
Player 1 played : P 2 11
P 2 11 True
Time remaining is: 120s
You played : P 2 1
P 2 1 True
Player 1 played : P 2 3
P 2 3 True
Time remaining is: 120s
You played : P 4 9
P 4 9 True
Player 1 played : S 5 21 M 5 22
S 5 21 True
M 5 22 True
Time remaining is: 120s
You played : S 2 1 M 1 0
S 2 1 True
M 1 0 True
Player 1 played : S 5 22 M 5 23
S 5 22 True
M 5 23 True
Time remaining is: 120s
You played : S 1 0 M 1 1
S 1 0 True
M 1 1 True
Player 1 played : S 5 23 M 5 24
S 5 23 True
M 5 24 True
Time remaining is: 119s
You played : S 1 1 M 2 2
S 1 1 True
M 2 2 True
Player 1 played : S 5 24 M 2 9
S 5 24 True
M 2 9 True
Time remaining is: 119s
You played : S 1 2 M 4 15
S 1 2 True
M 4 15 True
Player 1 played : S 2 3 M 1 3
S 2 3 True
M 1 3 True
Time remaining is: 118s
You played : S 4 9 M 4 11
S 4 9 True
M 4 11 True
Player 1 played : S 2 9 M 3 2
S 2 9 True
M 3 2 True
Time remaining is: 118s
You played : S 2 4 M 3 5
S 2 4 True
M 3 5 True
Player 1 played : S 1 3 M 2 7
S 1 3 True
M 2 7 True
Time remaining is: 117s
You played : S 4 11 M 3 1
S 4 11 True
M 3 1 True
Player 1 played : S 4 16 M 4 17
S 4 16 True
M 4 17 True
Time remaining is: 116s
You played : S 2 2 M 3 7
S 2 2 True
M 3 7 True
Player 1 played : S 2 7 M 3 4
S 2 7 True
M 3 4 True
Time remaining is: 116s
You played : S 3 7 M 2 5
S 3 7 True
M 2 5 True
Player 1 played : S 0 0 M 1 5
S 0 0 True
M 1 5 True
Time remaining is: 115s
You played : S 3 1 M 2 0
S 3 1 True
M 2 0 True
Player 1 played : S 1 5 M 2 10
S 1 5 True
M 2 10 True
Time remaining is: 115s
You played : S 2 5 M 3 8
S 2 5 True
M 3 8 True
Player 1 played : S 2 10 M 3 16 RS 2 10 RE 2 4 X 4 17
S 2 10 True
M 3 16 True
RS 2 10 True
RE 2 4 True
X 4 17 True
Time remaining is: 114s
You played : S 4 15 M 1 2
S 4 15 True
M 1 2 True
Player 1 played : S 2 11 M 1 4
S 2 11 True
M 1 4 True
Time remaining is: 104s
You played : S 2 0 M 0 0
S 2 0 True
M 0 0 True
Player 1 played : S 3 2 M 1 5
S 3 2 True
M 1 5 True
Time remaining is: 101s
You played : S 1 2 M 4 1
S 1 2 True
M 4 1 True
Player 1 played : S 3 4 M 3 17
S 3 4 True
M 3 17 True
Time remaining is: 99s
You played : S 3 8 M 5 17 RS 4 11 RE 1 1 X 5 17
S 3 8 True
M 5 17 True
RS 4 11 True
RE 1 1 True
X 5 17 True
Player 1 played : S 3 17 M 3 0 RS 3 17 RE 3 4 X 3 0
S 3 17 True
M 3 0 True
RS 3 17 True
RE 3 4 True
X 3 0 True
Time remaining is: 95s
You played : S 4 1 M 2 1
S 4 1 True
M 2 1 True
Player 1 played : S 1 5 M 3 13
S 1 5 True
M 3 13 True
Time remaining is: 93s
You played : S 3 5 M 1 1
S 3 5 True
M 1 1 True
Player 1 played : S 3 13 M 4 17
S 3 13 True
M 4 17 True
Time remaining is: 89s
You played : S 2 1 M 4 3
S 2 1 True
M 4 3 True
Player 1 played : S 3 16 M 2 8
S 3 16 True
M 2 8 True
Time remaining is: 85s
You played : S 1 1 M 4 21 RS 3 16 RE 2 3 X 4 14
S 1 1 True
M 4 21 True
RS 3 16 True
RE 2 3 True
X 4 14 True
Player 1 played : S 4 17 M 4 18 RS 5 21 RE 1 5 X 2 8
S 4 17 True
M 4 18 True
RS 5 21 True
RE 1 5 True
X 2 8 True
OTHER PLAYER WINS!
Your Score : 2.009
Opponent's Score : 8.005
