***********************************

-> You are player 1
-> You are alloted a time of 120s

***********************************

Time remaining is: 120s
You played : P 1 0
P 1 0 True
Player 2 played : P 0 0
P 0 0 True
Time remaining is: 120s
You played : P 2 5
P 2 5 True
Player 2 played : P 1 1
P 1 1 True
Time remaining is: 120s
You played : P 2 7
P 2 7 True
Player 2 played : P 1 2
P 1 2 True
Time remaining is: 120s
You played : P 2 3
P 2 3 True
Player 2 played : P 1 3
P 1 3 True
Time remaining is: 120s
You played : P 2 10
P 2 10 True
Player 2 played : P 1 4
P 1 4 True
Time remaining is: 120s
You played : S 2 10 M 3 15
S 2 10 True
M 3 15 True
Player 2 played : S 0 0 M 1 5
S 0 0 True
M 1 5 True
Time remaining is: 115s
You played : S 3 15 M 4 20
S 3 15 True
M 4 20 True
Player 2 played : S 1 2 M 2 4
S 1 2 True
M 2 4 True
Time remaining is: 110s
You played : S 4 20 M 4 17
S 4 20 True
M 4 17 True
Player 2 played : S 1 1 M 2 1
S 1 1 True
M 2 1 True
Time remaining is: 106s
You played : S 2 3 M 2 2
S 2 3 True
M 2 2 True
Player 2 played : S 2 4 M 3 5
S 2 4 True
M 3 5 True
Time remaining is: 102s
You played : S 4 17 M 2 9
S 4 17 True
M 2 9 True
Player 2 played : S 3 5 M 3 6
S 3 5 True
M 3 6 True
Time remaining is: 97s
You played : S 1 0 M 2 11
S 1 0 True
M 2 11 True
Player 2 played : S 1 3 M 2 6
S 1 3 True
M 2 6 True
Time remaining is: 93s
You played : S 2 7 M 3 4
S 2 7 True
M 3 4 True
Player 2 played : S 2 6 M 2 8
S 2 6 True
M 2 8 True
Time remaining is: 88s
You played : S 2 2 M 3 7
S 2 2 True
M 3 7 True
Player 2 played : S 2 8 M 3 13
S 2 8 True
M 3 13 True
Time remaining is: 85s
You played : S 2 5 M 3 10
S 2 5 True
M 3 10 True
Player 2 played : S 3 6 M 5 12
S 3 6 True
M 5 12 True
Time remaining is: 83s
You played : S 3 10 M 3 9
S 3 10 True
M 3 9 True
Player 2 played : S 2 1 M 3 8
S 2 1 True
M 3 8 True
Time remaining is: 81s
You played : S 3 4 M 4 9
S 3 4 True
M 4 9 True
Player 2 played : S 1 4 M 3 3
S 1 4 True
M 3 3 True
Time remaining is: 79s
You played : S 3 9 M 4 11 RS 1 0 RE 3 9 X 2 9
S 3 9 True
M 4 11 True
RS 1 0 True
RE 3 9 True
X 2 9 True
Player 2 played : S 3 8 M 2 6 RS 3 8 RE 2 1 X 3 3
S 3 8 True
M 2 6 True
RS 3 8 True
RE 2 1 True
X 3 3 True
Time remaining is: 75s
You played : S 4 11 M 1 1
S 4 11 True
M 1 1 True
Player 2 played : S 2 6 M 0 0
S 2 6 True
M 0 0 True
Time remaining is: 72s
You played : S 3 7 M 2 9
S 3 7 True
M 2 9 True
Player 2 played : S 3 13 M 3 8
S 3 13 True
M 3 8 True
Time remaining is: 69s
You played : S 1 1 M 3 3
S 1 1 True
M 3 3 True
Player 2 played : S 5 12 M 5 13
S 5 12 True
M 5 13 True
Time remaining is: 68s
You played : S 4 9 M 4 10
S 4 9 True
M 4 10 True
Player 2 played : S 0 0 M 4 8
S 0 0 True
M 4 8 True
Time remaining is: 66s
You played : S 3 3 M 3 0
S 3 3 True
M 3 0 True
Player 2 played : S 3 8 M 2 1
S 3 8 True
M 2 1 True
Time remaining is: 65s
You played : S 3 0 M 1 3
S 3 0 True
M 1 3 True
Player 2 played : S 2 1 M 1 0
S 2 1 True
M 1 0 True
Time remaining is: 63s
You played : S 1 3 M 3 9
S 1 3 True
M 3 9 True
Player 2 played : S 1 5 M 4 13
S 1 5 True
M 4 13 True
Time remaining is: 63s
You played : S 2 9 M 2 5
S 2 9 True
M 2 5 True
Player 2 played : S 1 0 M 4 7
S 1 0 True
M 4 7 True
Time remaining is: 62s
You played : RS 3 3 RE 1 4 X 2 11 S 3 9 M 0 0
RS 3 3 True
RE 1 4 True
X 2 11 True
S 3 9 True
M 0 0 True
Player 2 played : S 5 13 M 3 11
S 5 13 True
M 3 11 True
Time remaining is: 58s
You played : S 2 5 M 4 6 RS 3 5 RE 3 10 X 4 10
S 2 5 True
M 4 6 True
RS 3 5 True
RE 3 10 True
X 4 10 True
YOU WIN!
Your Score : 9.011
Opponent's Score : 1.012
