***********************************

-> You are player 1
-> You are alloted a time of 120s

***********************************

Time remaining is: 120s
You played : P 5 17
P 5 17 True
Player 2 played : P 0 0
P 0 0 True
Time remaining is: 120s
You played : P 1 4
P 1 4 True
Player 2 played : P 1 0
P 1 0 True
Time remaining is: 120s
You played : P 3 11
P 3 11 True
Player 2 played : P 1 1
P 1 1 True
Time remaining is: 120s
You played : P 5 23
P 5 23 True
Player 2 played : P 1 2
P 1 2 True
Time remaining is: 120s
You played : P 2 6
P 2 6 True
Player 2 played : P 1 3
P 1 3 True
Time remaining is: 120s
You played : S 5 17 M 4 13
S 5 17 True
M 4 13 True
Player 2 played : S 1 3 M 2 7
S 1 3 True
M 2 7 True
Time remaining is: 115s
You played : S 4 13 M 3 9
S 4 13 True
M 3 9 True
Player 2 played : S 2 7 M 5 16
S 2 7 True
M 5 16 True
Time remaining is: 111s
You played : S 3 9 M 3 8
S 3 9 True
M 3 8 True
Player 2 played : S 5 16 M 5 18
S 5 16 True
M 5 18 True
Time remaining is: 108s
You played : S 3 8 M 3 7
S 3 8 True
M 3 7 True
Player 2 played : S 5 18 M 3 10
S 5 18 True
M 3 10 True
Time remaining is: 106s
You played : S 3 7 M 4 7
S 3 7 True
M 4 7 True
Player 2 played : S 3 10 M 4 11
S 3 10 True
M 4 11 True
Time remaining is: 104s
You played : S 4 7 M 3 6
S 4 7 True
M 3 6 True
Player 2 played : S 4 11 M 4 9
S 4 11 True
M 4 9 True
Time remaining is: 75s
You played : S 3 6 M 4 8
S 3 6 True
M 4 8 True
Player 2 played : S 4 9 M 4 12
S 4 9 True
M 4 12 True
Time remaining is: 74s
You played : S 4 8 M 5 9
S 4 8 True
M 5 9 True
Player 2 played : S 1 2 M 5 14
S 1 2 True
M 5 14 True
Time remaining is: 73s
ERROR : THIS CLIENT RAN OUT OF TIME!
