init complete: 
boardsize: 5
            _ _ _ _   
         _ _ _ _ _ _ _ 
        _ _ _ _ _ _ _ _ 
       _ _ _ _ _ _ _ _ _ 
      _ _ _ _ _ _ _ _ _ _ 
       _ _ _ _ _ _ _ _ _   
      _ _ _ _ _ _ _ _ _ _ 
       _ _ _ _ _ _ _ _ _ 
        _ _ _ _ _ _ _ _ 
         _ _ _ _ _ _ _ 
            _ _ _ _   
            _ _ _ _   
         _ _ _ _ _ _ _ 
        _ _ _ _ _ _ _ _ 
       _ _ _ _ _ a _ _ _ 
      _ _ _ _ _ _ _ _ _ _ 
       _ _ _ _ _ _ _ _ _   
      _ _ _ _ _ _ _ _ _ _ 
       _ _ _ _ _ _ _ _ _ 
        _ _ _ _ _ _ _ _ 
         _ _ _ _ _ _ _ 
            _ _ _ _   
count of prune: 0
            _ _ _ _   
         _ _ _ _ _ _ _ 
        _ _ _ _ _ _ _ _ 
       _ _ _ _ _ a _ _ _ 
      _ _ _ _ _ _ _ _ _ _ 
       _ _ _ _ 1 _ _ _ _   
      _ _ _ _ _ _ _ _ _ _ 
       _ _ _ _ _ _ _ _ _ 
        _ _ _ _ _ _ _ _ 
         _ _ _ _ _ _ _ 
            _ _ _ _   
            _ _ _ _   
         _ _ _ _ _ _ _ 
        _ _ _ _ _ _ _ _ 
       _ _ _ _ _ a _ _ _ 
      _ _ _ _ _ _ _ _ _ _ 
       _ _ _ _ 1 _ _ _ _   
      _ _ _ _ _ _ _ a _ _ 
       _ _ _ _ _ _ _ _ _ 
        _ _ _ _ _ _ _ _ 
         _ _ _ _ _ _ _ 
            _ _ _ _   
count of prune: 0
            _ _ _ _   
         _ _ _ _ _ _ _ 
        _ _ _ _ _ _ _ _ 
       _ _ _ _ _ a _ _ _ 
      _ _ _ _ _ _ _ _ _ _ 
       _ _ _ _ 1 _ _ _ _   
      _ _ _ _ 1 _ _ a _ _ 
       _ _ _ _ _ _ _ _ _ 
        _ _ _ _ _ _ _ _ 
         _ _ _ _ _ _ _ 
            _ _ _ _   
            _ _ _ _   
         _ _ _ _ _ _ _ 
        _ _ _ _ _ _ _ _ 
       _ a _ _ _ a _ _ _ 
      _ _ _ _ _ _ _ _ _ _ 
       _ _ _ _ 1 _ _ _ _   
      _ _ _ _ 1 _ _ a _ _ 
       _ _ _ _ _ _ _ _ _ 
        _ _ _ _ _ _ _ _ 
         _ _ _ _ _ _ _ 
            _ _ _ _   
count of prune: 0
            _ _ _ _   
         _ _ _ _ _ _ _ 
        _ _ _ _ _ _ _ _ 
       _ a _ _ _ a _ _ 1 
      _ _ _ _ _ _ _ _ _ _ 
       _ _ _ _ 1 _ _ _ _   
      _ _ _ _ 1 _ _ a _ _ 
       _ _ _ _ _ _ _ _ _ 
        _ _ _ _ _ _ _ _ 
         _ _ _ _ _ _ _ 
            _ _ _ _   
            _ _ _ _   
         _ _ _ _ _ _ _ 
        _ _ _ _ _ _ _ _ 
       _ a _ _ _ a _ _ 1 
      _ _ _ _ _ _ a _ _ _ 
       _ _ _ _ 1 _ _ _ _   
      _ _ _ _ 1 _ _ a _ _ 
       _ _ _ _ _ _ _ _ _ 
        _ _ _ _ _ _ _ _ 
         _ _ _ _ _ _ _ 
            _ _ _ _   
count of prune: 0
            _ _ _ _   
         _ _ _ _ _ _ _ 
        _ _ _ _ 1 _ _ _ 
       _ a _ _ _ a _ _ 1 
      _ _ _ _ _ _ a _ _ _ 
       _ _ _ _ 1 _ _ _ _   
      _ _ _ _ 1 _ _ a _ _ 
       _ _ _ _ _ _ _ _ _ 
        _ _ _ _ _ _ _ _ 
         _ _ _ _ _ _ _ 
            _ _ _ _   
            _ _ _ _   
         _ _ _ _ _ _ _ 
        _ _ _ _ 1 _ _ _ 
       _ a _ _ _ a _ _ 1 
      _ _ _ _ _ _ a _ _ _ 
       _ _ a _ 1 _ _ _ _   
      _ _ _ _ 1 _ _ a _ _ 
       _ _ _ _ _ _ _ _ _ 
        _ _ _ _ _ _ _ _ 
         _ _ _ _ _ _ _ 
            _ _ _ _   
count of prune: 0
            _ _ _ _   
         _ _ _ _ _ _ _ 
        _ _ _ _ 1 _ _ _ 
       _ a _ _ _ a _ _ 1 
      _ _ _ _ _ _ a _ _ _ 
       _ _ a _ 1 _ 1 _ _   
      _ _ _ _ 1 _ _ a _ _ 
       _ _ _ _ _ _ _ _ _ 
        _ _ _ _ _ _ _ _ 
         _ _ _ _ _ _ _ 
            _ _ _ _   
            _ _ _ _   
         _ _ _ _ _ _ _ 
        _ _ _ _ 1 _ _ _ 
       _ b _ _ _ a _ _ 1 
      _ _ a _ _ _ a _ _ _ 
       _ _ a _ 1 _ 1 _ _   
      _ _ _ _ 1 _ _ a _ _ 
       _ _ _ _ _ _ _ _ _ 
        _ _ _ _ _ _ _ _ 
         _ _ _ _ _ _ _ 
            _ _ _ _   
count of prune: 1159
            _ _ _ _   
         _ _ _ _ _ _ _ 
        _ _ _ _ 1 _ _ _ 
       _ b 1 _ _ a _ _ 1 
      _ _ a _ _ _ a _ _ _ 
       _ _ a _ 1 _ 1 _ _   
      _ _ _ _ 2 _ _ a _ _ 
       _ _ _ _ _ _ _ _ _ 
        _ _ _ _ _ _ _ _ 
         _ _ _ _ _ _ _ 
            _ _ _ _   
            _ _ _ _   
         _ _ _ _ _ _ _ 
        a _ _ _ 1 _ _ _ 
       _ 2 1 _ _ a _ _ 1 
      _ _ b _ _ _ a _ _ _ 
       _ _ a _ 1 _ 1 _ _   
      _ _ _ _ 2 _ _ a _ _ 
       _ _ _ _ _ _ _ _ _ 
        _ _ _ _ _ _ _ _ 
         _ _ _ _ _ _ _ 
            _ _ _ _   
count of prune: 1884
            _ _ _ _   
         _ _ _ _ _ _ _ 
        a _ _ _ 1 _ _ _ 
       _ 2 1 _ _ a _ _ 1 
      _ _ b _ _ _ a _ _ _ 
       _ _ a _ 1 _ 2 _ _   
      _ _ _ _ 2 _ _ a _ _ 
       _ _ _ _ _ _ _ _ _ 
        _ _ _ _ _ _ _ _ 
         _ _ _ _ _ _ _ 
            _ 1 _ _   
            _ _ _ _   
         _ _ _ _ _ _ _ 
        a _ _ _ 1 _ _ _ 
       _ 2 1 _ _ a _ _ 1 
      _ _ b _ _ _ b a _ _ 
       _ _ a _ 1 _ 2 _ _   
      _ _ _ _ 2 _ _ a _ _ 
       _ _ _ _ _ _ _ _ _ 
        _ _ _ _ _ _ _ _ 
         _ _ _ _ _ _ _ 
            _ 1 _ _   
count of prune: 2429
            _ _ _ _   
         _ _ _ _ _ _ _ 
        a _ _ _ 1 _ _ _ 
       _ 2 2 _ _ a _ _ 1 
      _ _ 2 _ _ _ b a _ _ 
       _ 1 a _ 1 _ 2 _ _   
      _ _ _ _ 2 _ _ a _ _ 
       _ _ _ _ _ _ _ _ _ 
        _ _ _ _ _ _ _ _ 
         _ _ _ _ _ _ _ 
            _ 1 _ _   
            _ _ _ _   
         _ _ _ _ _ _ _ 
        a _ _ _ 1 _ _ _ 
       _ 2 2 _ _ a _ _ 1 
      _ _ 2 _ _ _ b b _ _ 
       _ 1 a _ 1 _ 2 a _   
      _ _ _ _ 2 _ _ a _ _ 
       _ _ _ _ _ _ _ _ _ 
        _ _ _ _ _ _ _ _ 
         _ _ _ _ _ _ _ 
            _ 1 _ _   
count of prune: 3087
            _ _ _ _   
         _ _ _ _ _ _ _ 
        a _ _ _ 1 _ _ _ 
       _ 2 2 _ _ a _ _ 2 
      _ _ 2 _ _ _ b b 1 _ 
       _ 1 a _ 1 _ 2 a _   
      _ _ _ _ 2 _ _ a _ _ 
       _ _ _ _ _ _ _ _ _ 
        _ _ _ _ _ _ _ _ 
         _ _ _ _ _ _ _ 
            _ 1 _ _   
            _ _ _ _   
         _ _ _ _ _ _ _ 
        a _ _ _ 1 _ _ _ 
       _ 2 2 _ _ b a _ 2 
      _ _ 2 _ _ _ b b 1 _ 
       _ 1 a _ 1 _ 2 a _   
      _ _ _ _ 2 _ _ a _ _ 
       _ _ _ _ _ _ _ _ _ 
        _ _ _ _ _ _ _ _ 
         _ _ _ _ _ _ _ 
            _ 1 _ _   
count of prune: 3558
            _ _ _ _   
         _ _ _ _ _ _ _ 
        a _ _ _ 1 _ _ _ 
       _ 2 2 _ _ b a _ 2 
      _ _ 2 _ _ 1 2 2 2 _ 
       _ 1 a _ 1 _ 2 a _   
      _ _ _ _ 2 _ _ a _ _ 
       _ _ _ _ _ _ _ _ _ 
        _ _ _ _ _ _ _ _ 
         _ _ _ _ _ _ _ 
            _ 1 _ _   
            _ _ _ _   
         _ _ _ _ _ _ _ 
        a _ _ _ 1 a _ _ 
       _ 2 2 _ _ b b _ 2 
      _ _ 2 _ _ 1 2 2 2 _ 
       _ 1 a _ 1 _ 2 a _   
      _ _ _ _ 2 _ _ a _ _ 
       _ _ _ _ _ _ _ _ _ 
        _ _ _ _ _ _ _ _ 
         _ _ _ _ _ _ _ 
            _ 1 _ _   
count of prune: 4159
            _ _ _ _   
         _ _ _ _ _ _ _ 
        a _ _ _ 1 a _ _ 
       _ 2 2 _ _ b b _ 2 
      _ _ 2 _ 1 2 2 2 2 _ 
       _ 1 a _ 1 _ 2 a _   
      _ _ _ _ 2 _ _ a _ _ 
       _ _ _ _ _ _ _ _ _ 
        _ _ _ _ _ _ _ _ 
         _ _ _ _ _ _ _ 
            _ 1 _ _   
            _ _ _ _   
         _ _ _ _ a _ _ 
        a _ _ _ 1 b _ _ 
       _ 2 2 _ _ b b _ 2 
      _ _ 2 _ 1 2 2 2 2 _ 
       _ 1 a _ 1 _ 2 a _   
      _ _ _ _ 2 _ _ a _ _ 
       _ _ _ _ _ _ _ _ _ 
        _ _ _ _ _ _ _ _ 
         _ _ _ _ _ _ _ 
            _ 1 _ _   
count of prune: 4952
            _ _ _ _   
         _ _ _ _ a _ _ 
        a _ _ _ 1 b _ _ 
       _ 2 2 1 _ b b _ 2 
      _ _ 2 _ _ _ _ _ _ _ 
       _ _ a _ 1 _ 2 a _   
      _ _ _ _ 2 _ _ a _ _ 
       _ _ _ _ _ _ _ _ _ 
        _ _ _ _ _ _ _ _ 
         _ _ _ _ _ _ _ 
            _ 1 _ _   
            _ _ _ _   
         _ _ _ _ b _ _ 
        a _ _ _ 1 2 _ _ 
       _ 2 2 1 _ b 2 _ 2 
      _ _ 2 _ _ _ _ a _ _ 
       _ _ a _ 1 _ 2 a _   
      _ _ _ _ 2 _ _ a _ _ 
       _ _ _ _ _ _ _ _ _ 
        _ _ _ _ _ _ _ _ 
         _ _ _ _ _ _ _ 
            _ 1 _ _   
count of prune: 5594
            _ _ _ _   
         _ _ _ _ b 1 _ 
        a _ _ _ 1 b _ _ 
       _ 2 2 1 _ 2 2 _ 2 
      _ _ 2 _ _ _ _ a _ _ 
       _ _ a _ 2 _ 2 a _   
      _ _ _ _ 2 _ _ a _ _ 
       _ _ _ _ _ _ _ _ _ 
        _ _ _ _ _ _ _ _ 
         _ _ _ _ _ _ _ 
            _ 1 _ _   
            _ _ a _   
         _ _ _ _ 2 1 _ 
        a _ _ _ 1 2 _ _ 
       _ 2 2 1 _ 2 b _ 2 
      _ _ 2 _ _ _ _ b _ _ 
       _ _ a _ 2 _ 2 a _   
      _ _ _ _ 2 _ _ a _ _ 
       _ _ _ _ _ _ _ _ _ 
        _ _ _ _ _ _ _ _ 
         _ _ _ _ _ _ _ 
            _ 1 _ _   
count of prune: 6121
            _ _ a _   
         _ _ _ _ 2 1 _ 
        a _ _ _ 1 2 _ _ 
       _ 2 2 1 _ 2 b 1 2 
      _ _ 2 _ _ _ _ 2 _ _ 
       _ _ a _ 2 _ b a _   
      _ _ _ _ 2 _ _ a _ _ 
       _ _ _ _ _ _ _ _ _ 
        _ _ _ _ _ _ _ _ 
         _ _ _ _ _ _ _ 
            _ 2 _ _   
            _ _ b a   
         _ _ _ _ 2 1 _ 
        a _ _ _ 1 2 _ _ 
       _ 2 2 1 _ 2 b 1 2 
      _ _ 2 _ _ _ _ 2 _ _ 
       _ _ a _ 2 _ b a _   
      _ _ _ _ 2 _ _ a _ _ 
       _ _ _ _ _ _ _ _ _ 
        _ _ _ _ _ _ _ _ 
         _ _ _ _ _ _ _ 
            _ 2 _ _   
count of prune: 6353
            _ _ b a   
         _ _ _ _ 2 1 _ 
        a _ _ _ 1 2 _ _ 
       _ 2 2 1 1 b 2 2 2 
      _ _ 2 _ _ _ _ 2 _ _ 
       _ _ a _ 2 _ b a _   
      _ _ _ _ 2 _ _ a _ _ 
       _ _ _ _ _ _ _ _ _ 
        _ _ _ _ _ _ _ _ 
         _ _ _ _ _ _ _ 
            _ 2 _ _   
            _ _ b a   
         _ _ _ _ 2 1 _ 
        a _ _ _ 1 2 _ _ 
       _ 2 2 1 1 b 2 2 2 
      _ _ 2 _ _ _ _ 2 _ _ 
       _ _ b _ 2 _ b a _   
      _ _ _ a 2 _ _ a _ _ 
       _ _ _ _ _ _ _ _ _ 
        _ _ _ _ _ _ _ _ 
         _ _ _ _ _ _ _ 
            _ 2 _ _   
count of prune: 6539
            _ _ b a   
         _ _ _ _ 2 1 _ 
        a _ _ _ 2 2 _ _ 
       _ 2 2 1 1 2 2 2 2 
      _ _ 2 _ _ _ 1 2 _ _ 
       _ _ b _ 2 _ b a _   
      _ _ _ a 2 _ _ a _ _ 
       _ _ _ _ _ _ _ _ _ 
        _ _ _ _ _ _ _ _ 
         _ _ _ _ _ _ _ 
            _ 2 _ _   
            _ _ b a   
         _ _ _ _ 2 1 _ 
        a _ _ _ 2 2 _ _ 
       _ 2 2 1 1 2 2 2 2 
      _ _ 2 _ _ _ 1 2 _ _ 
       _ _ b _ 2 _ b a _   
      _ _ _ b 2 _ _ a _ _ 
       _ _ _ a _ _ _ _ _ 
        _ _ _ _ _ _ _ _ 
         _ _ _ _ _ _ _ 
            _ 2 _ _   
count of prune: 7107
            _ _ b a   
         _ _ _ _ 2 _ _ 
        a _ _ _ 2 2 _ _ 
       _ 2 2 1 _ _ _ _ _ 
      _ _ 2 _ _ _ 1 2 _ _ 
       _ _ b _ 2 _ b a _   
      _ _ _ 2 2 _ _ a _ _ 
       _ _ 1 a _ _ _ _ _ 
        _ _ _ _ _ _ _ _ 
         _ _ _ _ _ _ _ 
            _ 2 _ _   
            _ _ b a   
         _ _ _ _ 2 _ _ 
        a _ _ _ 2 2 _ _ 
       _ 2 2 1 _ _ _ _ _ 
      _ _ 2 _ _ _ 1 2 _ _ 
       _ _ b _ 2 _ b a _   
      _ _ _ 2 2 _ _ a _ _ 
       _ _ 1 b _ _ _ _ _ 
        _ _ _ a _ _ _ _ 
         _ _ _ _ _ _ _ 
            _ 2 _ _   
count of prune: 7371
            _ _ b a   
         _ _ _ _ 2 _ _ 
        a _ _ _ 2 2 _ _ 
       _ 2 2 1 _ _ _ _ _ 
      _ _ 2 _ _ _ 1 2 _ _ 
       _ _ b _ 2 _ b a _   
      _ _ _ 2 2 _ _ a _ _ 
       _ _ 2 2 1 _ _ _ _ 
        _ _ _ a _ _ _ _ 
         _ _ _ _ _ _ _ 
            _ 2 _ _   
            _ _ b a   
         _ _ _ _ 2 _ _ 
        a _ _ _ 2 2 _ _ 
       _ 2 2 1 _ _ _ _ _ 
      _ _ 2 _ _ _ 1 2 _ _ 
       _ _ b _ 2 _ b a _   
      _ _ a b b _ _ b _ _ 
       _ _ 2 2 1 _ _ _ _ 
        _ _ _ a _ _ _ _ 
         _ _ _ _ _ _ _ 
            _ 2 _ _   
count of prune: 7929
            _ _ b a   
         _ _ _ 1 2 _ _ 
        a _ _ _ b 2 _ _ 
       _ 2 2 1 _ _ _ _ _ 
      _ _ 2 _ _ _ 2 2 _ _ 
       _ _ b _ 2 _ b a _   
      _ _ a b b _ _ b _ _ 
       _ _ 2 2 1 _ _ _ _ 
        _ _ _ a _ _ _ _ 
         _ _ _ _ _ _ _ 
            _ 2 _ _   
            _ _ b a   
         _ _ _ 1 2 _ _ 
        a _ _ _ b 2 _ _ 
       _ 2 2 1 _ _ _ _ _ 
      _ _ 2 _ _ _ 2 2 _ _ 
       _ _ b _ 2 _ b a _   
      _ _ b b b _ _ b _ _ 
       _ _ b 2 1 _ _ _ _ 
        _ _ a a _ _ _ _ 
         _ _ _ _ _ _ _ 
            _ 2 _ _   
count of prune: 8326
            _ _ b a   
         _ _ _ 1 2 _ _ 
        a _ _ _ b 2 _ _ 
       _ 2 2 2 _ _ _ _ _ 
      _ _ 2 _ _ _ 2 2 _ _ 
       _ _ b _ b _ b a _   
      _ _ b b b 1 _ b _ _ 
       _ _ b 2 1 _ _ _ _ 
        _ _ a a _ _ _ _ 
         _ _ _ _ _ _ _ 
            _ 2 _ _   
            _ _ b b   
         _ _ _ 1 2 a _ 
        a _ _ _ b 2 _ _ 
       _ 2 2 2 _ _ _ _ _ 
      _ _ 2 _ _ _ 2 2 _ _ 
       _ _ b _ b _ b a _   
      _ _ b b b 1 _ b _ _ 
       _ _ b 2 1 _ _ _ _ 
        _ _ a a _ _ _ _ 
         _ _ _ _ _ _ _ 
            _ 2 _ _   
count of prune: 8461
            _ _ b b   
         _ _ _ 1 2 a _ 
        a _ _ _ b 2 _ _ 
       _ 2 2 2 _ _ _ _ _ 
      _ _ 2 _ _ _ 2 2 _ _ 
       _ _ b _ b _ b a _   
      _ 1 2 2 2 2 _ b _ _ 
       _ _ b 2 1 _ _ _ _ 
        _ _ a a _ _ _ _ 
         _ _ _ _ _ _ _ 
            _ 2 _ _   
            _ _ b b   
         _ _ _ 1 2 a _ 
        a _ _ _ b 2 _ _ 
       _ 2 2 2 _ _ _ _ _ 
      _ _ 2 _ _ _ 2 2 _ _ 
       _ a b _ b _ b a _   
      _ 1 b 2 2 2 _ b _ _ 
       _ _ 2 2 1 _ _ _ _ 
        _ _ b a _ _ _ _ 
         _ _ _ _ _ _ _ 
            _ 2 _ _   
count of prune: 8670
            _ _ b b   
         _ _ _ 1 2 a _ 
        a _ _ _ b 2 _ _ 
       _ 2 2 2 _ _ _ _ _ 
      _ _ 2 _ _ _ 2 2 _ _ 
       _ a b _ b _ b a _   
      _ 2 b 2 2 2 _ b _ _ 
       _ 1 2 2 1 _ _ _ _ 
        _ _ b a _ _ _ _ 
         _ _ _ _ _ _ _ 
            _ 2 _ _   
            _ _ b b   
         _ _ _ 1 2 a _ 
        a _ _ _ b 2 _ _ 
       _ 2 2 2 _ _ _ _ _ 
      _ _ 2 _ _ _ 2 2 _ _ 
       _ b b _ b _ b a _   
      _ 2 2 2 2 2 _ b _ _ 
       _ 1 b 2 1 _ _ _ _ 
        _ _ 2 a _ _ _ _ 
         _ _ a _ _ _ _ 
            _ 2 _ _   
count of prune: 8670
            _ _ b b   
         _ _ _ 1 2 a _ 
        a _ _ _ b 2 _ _ 
       _ 2 2 2 _ _ _ _ _ 
      _ _ 2 _ _ _ 2 2 _ _ 
       _ b b _ b _ b a _   
      _ _ _ _ _ _ _ b _ _ 
       _ 1 b 2 _ _ _ _ _ 
        _ _ 2 a _ _ _ _ 
         _ _ a _ _ _ _ 
            _ 2 _ _   
***********************************

-> You are player 2
-> You are alloted a time of 120s

***********************************

Player 1 played : P 2 10
P 2 10 True
Time remaining is: 120s
You played : P 0 0
P 0 0 True
Player 1 played : P 3 1
P 3 1 True
Time remaining is: 120s
You played : P 1 2
P 1 2 True
Player 1 played : P 4 14
P 4 14 True
Time remaining is: 120s
You played : P 5 28
P 5 28 True
Player 1 played : P 2 11
P 2 11 True
Time remaining is: 120s
You played : P 3 14
P 3 14 True
Player 1 played : P 2 6
P 2 6 True
Time remaining is: 120s
You played : P 2 0
P 2 0 True
Player 1 played : S 4 14 M 3 10
S 4 14 True
M 3 10 True
Time remaining is: 120s
You played : S 1 2 M 3 11
S 1 2 True
M 3 11 True
Player 1 played : S 3 10 M 5 18
S 3 10 True
M 5 18 True
Time remaining is: 116s
You played : S 2 0 M 5 8
S 2 0 True
M 5 8 True
Player 1 played : S 2 11 M 3 17
S 2 11 True
M 3 17 True
Time remaining is: 113s
You played : S 3 11 M 3 9
S 3 11 True
M 3 9 True
Player 1 played : S 3 17 M 3 0
S 3 17 True
M 3 0 True
Time remaining is: 112s
You played : S 5 28 M 4 23
S 5 28 True
M 4 23 True
Player 1 played : S 2 10 M 3 16
S 2 10 True
M 3 16 True
Time remaining is: 110s
You played : S 4 23 M 1 5
S 4 23 True
M 1 5 True
Player 1 played : S 3 16 M 3 15
S 3 16 True
M 3 15 True
Time remaining is: 108s
You played : S 1 5 M 1 4
S 1 5 True
M 1 4 True
Player 1 played : S 3 15 M 4 19
S 3 15 True
M 4 19 True
Time remaining is: 106s
You played : S 1 4 M 2 8 RS 1 4 RE 4 23 X 3 9
S 1 4 True
M 2 8 True
RS 1 4 True
RE 4 23 True
X 3 9 True
Player 1 played : S 4 19 M 3 17
S 4 19 True
M 3 17 True
Time remaining is: 104s
You played : S 0 0 M 4 20
S 0 0 True
M 4 20 True
Player 1 played : S 3 17 M 5 23
S 3 17 True
M 5 23 True
Time remaining is: 102s
You played : S 5 8 M 4 22
S 5 8 True
M 4 22 True
Player 1 played : S 5 23 M 5 24
S 5 23 True
M 5 24 True
Time remaining is: 100s
You played : S 4 22 M 2 9
S 4 22 True
M 2 9 True
Player 1 played : S 2 6 M 2 5
S 2 6 True
M 2 5 True
Time remaining is: 100s
You played : S 3 14 M 2 11
S 3 14 True
M 2 11 True
Player 1 played : S 2 5 M 2 4
S 2 5 True
M 2 4 True
Time remaining is: 99s
You played : S 2 9 M 3 7 RS 2 9 RE 5 28 X 4 20
S 2 9 True
M 3 7 True
RS 2 9 True
RE 5 28 True
X 4 20 True
Player 1 played : S 2 4 M 3 5
S 2 4 True
M 3 5 True
Time remaining is: 97s
You played : S 3 7 M 2 3
S 3 7 True
M 2 3 True
Player 1 played : S 3 1 M 3 8
S 3 1 True
M 3 8 True
Time remaining is: 96s
You played : S 2 11 M 4 18
S 2 11 True
M 4 18 True
Player 1 played : S 3 8 M 3 6
S 3 8 True
M 3 6 True
Time remaining is: 95s
You played : S 2 8 M 1 1
S 2 8 True
M 1 1 True
Player 1 played : S 5 24 M 4 20
S 5 24 True
M 4 20 True
Time remaining is: 94s
You played : S 1 1 M 4 11
S 1 1 True
M 4 11 True
Player 1 played : S 3 6 M 3 9
S 3 6 True
M 3 9 True
Time remaining is: 93s
You played : S 4 11 M 4 10
S 4 11 True
M 4 10 True
Player 1 played : S 3 9 M 4 7
S 3 9 True
M 4 7 True
Time remaining is: 93s
You played : RS 4 11 RE 1 1 X 2 3
RS 4 11 True
RE 1 1 True
X 2 3 True
YOU WIN!
Your Score : 10.011
Opponent's Score : 0.009
