-----------------------------------
P 1 1
                
            *     *
         *     *     *
      *     *     *     *
   *     *     *     *     *
      *     *     *     *      
   *     *     *     *     *
*     *     *     *     *     *
   *     *     *     *     *
*     *     *     [0;34mO[0m     *     *
   *     *     [0;33mO[0m     *     *
*     *     *     *     *     *
   *     *     *     *     *
*     *     *     *     *     *
   *     *     *     *     *
      *     *     *     *      
   *     *     *     *     *
      *     *     *     *
         *     *     *
            *     *
                
-----------------------------------
-----------------------------------
P 1 4
                
            *     *
         *     *     *
      *     *     *     *
   *     *     *     *     *
      *     *     *     *      
   *     *     *     *     *
*     *     *     *     *     *
   *     *     *     *     *
*     *     *     [0;34mO[0m     *     *
   *     *     [0;33mO[0m     *     *
*     *     [0;33mO[0m     *     *     *
   *     *     *     *     *
*     *     *     *     *     *
   *     *     *     *     *
      *     *     *     *      
   *     *     *     *     *
      *     *     *     *
         *     *     *
            *     *
                
-----------------------------------
-----------------------------------
P 1 3
                
            *     *
         *     *     *
      *     *     *     *
   *     *     *     *     *
      *     *     *     *      
   *     *     *     *     *
*     *     *     *     *     *
   *     *     *     *     *
*     *     *     [0;34mO[0m     *     *
   *     *     [0;33mO[0m     *     *
*     *     [0;33mO[0m     *     *     *
   *     *     [0;34mO[0m     *     *
*     *     *     *     *     *
   *     *     *     *     *
      *     *     *     *      
   *     *     *     *     *
      *     *     *     *
         *     *     *
            *     *
                
-----------------------------------
-----------------------------------
P 1 2
                
            *     *
         *     *     *
      *     *     *     *
   *     *     *     *     *
      *     *     *     *      
   *     *     *     *     *
*     *     *     *     *     *
   *     *     *     *     *
*     *     *     [0;34mO[0m     *     *
   *     *     [0;33mO[0m     *     *
*     *     [0;33mO[0m     [0;33mO[0m     *     *
   *     *     [0;34mO[0m     *     *
*     *     *     *     *     *
   *     *     *     *     *
      *     *     *     *      
   *     *     *     *     *
      *     *     *     *
         *     *     *
            *     *
                
-----------------------------------
-----------------------------------
P 1 0
                
            *     *
         *     *     *
      *     *     *     *
   *     *     *     *     *
      *     *     *     *      
   *     *     *     *     *
*     *     *     *     *     *
   *     *     [0;34mO[0m     *     *
*     *     *     [0;34mO[0m     *     *
   *     *     [0;33mO[0m     *     *
*     *     [0;33mO[0m     [0;33mO[0m     *     *
   *     *     [0;34mO[0m     *     *
*     *     *     *     *     *
   *     *     *     *     *
      *     *     *     *      
   *     *     *     *     *
      *     *     *     *
         *     *     *
            *     *
                
-----------------------------------
-----------------------------------
P 2 3
                
            *     *
         *     *     *
      *     *     *     *
   *     *     *     *     *
      *     *     *     *      
   *     *     *     *     *
*     *     *     *     *     *
   *     *     [0;34mO[0m     *     *
*     *     *     [0;34mO[0m     *     *
   *     *     [0;33mO[0m     [0;33mO[0m     *
*     *     [0;33mO[0m     [0;33mO[0m     *     *
   *     *     [0;34mO[0m     *     *
*     *     *     *     *     *
   *     *     *     *     *
      *     *     *     *      
   *     *     *     *     *
      *     *     *     *
         *     *     *
            *     *
                
-----------------------------------
-----------------------------------
P 1 5
                
            *     *
         *     *     *
      *     *     *     *
   *     *     *     *     *
      *     *     *     *      
   *     *     *     *     *
*     *     *     *     *     *
   *     *     [0;34mO[0m     *     *
*     *     [0;34mO[0m     [0;34mO[0m     *     *
   *     *     [0;33mO[0m     [0;33mO[0m     *
*     *     [0;33mO[0m     [0;33mO[0m     *     *
   *     *     [0;34mO[0m     *     *
*     *     *     *     *     *
   *     *     *     *     *
      *     *     *     *      
   *     *     *     *     *
      *     *     *     *
         *     *     *
            *     *
                
-----------------------------------
-----------------------------------
P 2 1
                
            *     *
         *     *     *
      *     *     *     *
   *     *     *     *     *
      *     *     *     *      
   *     *     *     *     *
*     *     *     [0;33mO[0m     *     *
   *     *     [0;34mO[0m     *     *
*     *     [0;34mO[0m     [0;34mO[0m     *     *
   *     *     [0;33mO[0m     [0;33mO[0m     *
*     *     [0;33mO[0m     [0;33mO[0m     *     *
   *     *     [0;34mO[0m     *     *
*     *     *     *     *     *
   *     *     *     *     *
      *     *     *     *      
   *     *     *     *     *
      *     *     *     *
         *     *     *
            *     *
                
-----------------------------------
-----------------------------------
P 2 2
                
            *     *
         *     *     *
      *     *     *     *
   *     *     *     *     *
      *     *     *     *      
   *     *     *     *     *
*     *     *     [0;33mO[0m     *     *
   *     *     [0;34mO[0m     [0;34mO[0m     *
*     *     [0;34mO[0m     [0;34mO[0m     *     *
   *     *     [0;33mO[0m     [0;33mO[0m     *
*     *     [0;33mO[0m     [0;33mO[0m     *     *
   *     *     [0;34mO[0m     *     *
*     *     *     *     *     *
   *     *     *     *     *
      *     *     *     *      
   *     *     *     *     *
      *     *     *     *
         *     *     *
            *     *
                
-----------------------------------
-----------------------------------
S 2 3 M 3 7
                
            *     *
         *     *     *
      *     *     *     *
   *     *     *     *     *
      *     *     *     *      
   *     *     *     *     *
*     *     *     [0;33mO[0m     *     *
   *     *     [0;34mO[0m     [0;34mO[0m     *
*     *     [0;34mO[0m     [0;34mO[0m     *     *
   *     *     [0;33mO[0m     [0;43m.[0m     *
*     *     [0;33mO[0m     [0;33mO[0m     *     *
   *     *     [0;34mO[0m     *     *
*     *     *     *     *     *
   *     *     *     [0;33mO[0m     *
      *     *     *     *      
   *     *     *     *     *
      *     *     *     *
         *     *     *
            *     *
                
-----------------------------------
-----------------------------------
S 2 2 M 3 4
                
            *     *
         *     *     *
      *     *     *     *
   *     *     *     *     *
      *     *     *     *      
   *     *     *     *     *
*     *     *     [0;33mO[0m     *     *
   *     *     [0;34mO[0m     [0;44m.[0m     *
*     *     [0;34mO[0m     [0;34mO[0m     [0;34mO[0m     *
   *     *     [0;33mO[0m     [0;43m.[0m     *
*     *     [0;33mO[0m     [0;33mO[0m     *     *
   *     *     [0;34mO[0m     *     *
*     *     *     *     *     *
   *     *     *     [0;33mO[0m     *
      *     *     *     *      
   *     *     *     *     *
      *     *     *     *
         *     *     *
            *     *
                
-----------------------------------
-----------------------------------
S 2 1 M 5 27
                
            *     *
         *     *     *
      [0;33mO[0m     *     *     *
   *     *     *     *     *
      *     *     *     *      
   *     *     *     *     *
*     *     *     [0;43m.[0m     *     *
   *     *     [0;34mO[0m     [0;44m.[0m     *
*     *     [0;34mO[0m     [0;34mO[0m     [0;34mO[0m     *
   *     *     [0;33mO[0m     [0;43m.[0m     *
*     *     [0;33mO[0m     [0;33mO[0m     *     *
   *     *     [0;34mO[0m     *     *
*     *     *     *     *     *
   *     *     *     [0;33mO[0m     *
      *     *     *     *      
   *     *     *     *     *
      *     *     *     *
         *     *     *
            *     *
                
-----------------------------------
-----------------------------------
S 3 4 M 4 5
                
            *     *
         *     *     *
      [0;33mO[0m     *     *     *
   *     *     *     *     *
      *     *     *     *      
   *     *     *     *     *
*     *     *     [0;43m.[0m     *     *
   *     *     [0;34mO[0m     [0;44m.[0m     [0;34mO[0m
*     *     [0;34mO[0m     [0;34mO[0m     [0;44m.[0m     *
   *     *     [0;33mO[0m     [0;43m.[0m     *
*     *     [0;33mO[0m     [0;33mO[0m     *     *
   *     *     [0;34mO[0m     *     *
*     *     *     *     *     *
   *     *     *     [0;33mO[0m     *
      *     *     *     *      
   *     *     *     *     *
      *     *     *     *
         *     *     *
            *     *
                
-----------------------------------
-----------------------------------
S 5 27 M 4 6
                
            *     *
         *     *     *
      [0;43m.[0m     *     *     *
   *     *     *     *     *
      *     *     *     *      
   *     *     *     *     *
*     *     *     [0;44m.[0m     *     *
   *     *     [0;34mO[0m     [0;43m.[0m     [0;34mO[0m
*     *     [0;34mO[0m     [0;34mO[0m     [0;43m.[0m     *
   *     *     [0;33mO[0m     [0;43m.[0m     [0;33mO[0m
*     *     [0;33mO[0m     [0;33mO[0m     *     *
   *     *     [0;34mO[0m     *     *
*     *     *     *     *     *
   *     *     *     [0;33mO[0m     *
      *     *     *     *      
   *     *     *     *     *
      *     *     *     *
         *     *     *
            *     *
                
-----------------------------------
-----------------------------------
S 1 3 M 4 15
                
            *     *
         *     *     *
      [0;43m.[0m     *     *     *
   *     *     *     *     *
      *     *     *     *      
   *     *     *     *     *
*     *     *     [0;44m.[0m     *     *
   *     *     [0;34mO[0m     [0;43m.[0m     [0;34mO[0m
*     *     [0;34mO[0m     [0;34mO[0m     [0;43m.[0m     *
   *     *     [0;33mO[0m     [0;43m.[0m     [0;33mO[0m
*     *     [0;33mO[0m     [0;33mO[0m     *     *
   *     *     [0;44m.[0m     *     *
*     *     *     *     *     *
   *     *     *     [0;33mO[0m     *
      [0;34mO[0m     *     *     *      
   *     *     *     *     *
      *     *     *     *
         *     *     *
            *     *
                
-----------------------------------
-----------------------------------
S 1 2 M 2 7
                
            *     *
         *     *     *
      [0;43m.[0m     *     *     *
   *     *     *     *     *
      *     *     *     *      
   *     *     *     *     *
*     *     *     [0;44m.[0m     *     *
   *     *     [0;34mO[0m     [0;43m.[0m     [0;34mO[0m
*     *     [0;34mO[0m     [0;34mO[0m     [0;43m.[0m     *
   *     *     [0;33mO[0m     [0;43m.[0m     [0;33mO[0m
*     *     [0;33mO[0m     [0;43m.[0m     *     *
   *     *     [0;43m.[0m     *     *
*     *     [0;33mO[0m     *     *     *
   *     *     *     [0;33mO[0m     *
      [0;34mO[0m     *     *     *      
   *     *     *     *     *
      *     *     *     *
         *     *     *
            *     *
                
-----------------------------------
-----------------------------------
S 1 1 M 3 5
                
            *     *
         *     *     *
      [0;43m.[0m     *     *     *
   *     *     *     *     *
      *     *     *     *      
   *     *     *     *     *
*     *     *     [0;44m.[0m     *     *
   *     *     [0;34mO[0m     [0;43m.[0m     [0;34mO[0m
*     *     [0;34mO[0m     [0;44m.[0m     [0;43m.[0m     *
   *     *     [0;33mO[0m     [0;44m.[0m     [0;33mO[0m
*     *     [0;33mO[0m     [0;43m.[0m     [0;34mO[0m     *
   *     *     [0;43m.[0m     *     *
*     *     [0;33mO[0m     *     *     *
   *     *     *     [0;33mO[0m     *
      [0;34mO[0m     *     *     *      
   *     *     *     *     *
      *     *     *     *
         *     *     *
            *     *
                
-----------------------------------
-----------------------------------
S 3 7 M 3 2
                
            *     *
         *     *     *
      [0;43m.[0m     *     *     *
   *     *     *     *     *
      *     *     *     *      
   *     *     *     [0;33mO[0m     *
*     *     *     [0;44m.[0m     *     *
   *     *     [0;34mO[0m     [0;44m.[0m     [0;34mO[0m
*     *     [0;34mO[0m     [0;44m.[0m     [0;43m.[0m     *
   *     *     [0;33mO[0m     [0;43m.[0m     [0;33mO[0m
*     *     [0;33mO[0m     [0;43m.[0m     [0;34mO[0m     *
   *     *     [0;43m.[0m     *     *
*     *     [0;33mO[0m     *     *     *
   *     *     *     [0;43m.[0m     *
      [0;34mO[0m     *     *     *      
   *     *     *     *     *
      *     *     *     *
         *     *     *
            *     *
                
-----------------------------------
-----------------------------------
S 3 5 M 3 3
                
            *     *
         *     *     *
      [0;43m.[0m     *     *     *
   *     *     *     *     *
      *     *     *     *      
   *     *     *     [0;33mO[0m     *
*     *     *     [0;44m.[0m     [0;34mO[0m     *
   *     *     [0;34mO[0m     [0;44m.[0m     [0;34mO[0m
*     *     [0;34mO[0m     [0;44m.[0m     [0;44m.[0m     *
   *     *     [0;33mO[0m     [0;43m.[0m     [0;33mO[0m
*     *     [0;33mO[0m     [0;43m.[0m     [0;44m.[0m     *
   *     *     [0;43m.[0m     *     *
*     *     [0;33mO[0m     *     *     *
   *     *     *     [0;43m.[0m     *
      [0;34mO[0m     *     *     *      
   *     *     *     *     *
      *     *     *     *
         *     *     *
            *     *
                
-----------------------------------
-----------------------------------
S 2 7 M 3 11
                
            *     *
         *     *     *
      [0;43m.[0m     *     *     *
   *     *     *     *     *
      *     *     *     *      
   *     *     *     [0;33mO[0m     *
*     *     *     [0;44m.[0m     [0;34mO[0m     *
   *     *     [0;34mO[0m     [0;44m.[0m     [0;34mO[0m
*     *     [0;34mO[0m     [0;44m.[0m     [0;44m.[0m     *
   *     *     [0;33mO[0m     [0;43m.[0m     [0;33mO[0m
*     *     [0;33mO[0m     [0;43m.[0m     [0;44m.[0m     *
   *     *     [0;43m.[0m     *     *
*     *     [0;43m.[0m     *     *     *
   *     [0;33mO[0m     *     [0;43m.[0m     *
      [0;34mO[0m     *     *     *      
   *     *     *     *     *
      *     *     *     *
         *     *     *
            *     *
                
-----------------------------------
-----------------------------------
S 1 0 M 4 7
                
            *     *
         *     *     *
      [0;43m.[0m     *     *     *
   *     *     *     *     *
      *     *     *     *      
   *     *     *     [0;33mO[0m     *
*     *     *     [0;44m.[0m     [0;34mO[0m     *
   *     *     [0;44m.[0m     [0;44m.[0m     [0;34mO[0m
*     *     [0;34mO[0m     [0;43m.[0m     [0;44m.[0m     *
   *     *     [0;33mO[0m     [0;44m.[0m     [0;33mO[0m
*     *     [0;33mO[0m     [0;43m.[0m     [0;43m.[0m     *
   *     *     [0;43m.[0m     *     [0;34mO[0m
*     *     [0;43m.[0m     *     *     *
   *     [0;33mO[0m     *     [0;43m.[0m     *
      [0;34mO[0m     *     *     *      
   *     *     *     *     *
      *     *     *     *
         *     *     *
            *     *
                
-----------------------------------
-----------------------------------
S 3 11 M 5 13
                
            *     *
         *     *     *
      [0;43m.[0m     *     *     *
   *     *     *     *     *
      *     *     *     *      
   *     *     *     [0;33mO[0m     *
*     *     *     [0;44m.[0m     [0;34mO[0m     *
   *     *     [0;44m.[0m     [0;44m.[0m     [0;34mO[0m
*     *     [0;34mO[0m     [0;43m.[0m     [0;44m.[0m     *
   *     *     [0;33mO[0m     [0;44m.[0m     [0;33mO[0m
*     *     [0;33mO[0m     [0;43m.[0m     [0;43m.[0m     *
   *     *     [0;43m.[0m     *     [0;34mO[0m
*     *     [0;43m.[0m     *     *     *
   *     [0;43m.[0m     *     [0;43m.[0m     *
      [0;34mO[0m     *     *     *      
   *     *     *     *     *
      *     *     *     *
         *     *     [0;33mO[0m
            *     *
                
-----------------------------------
-----------------------------------
S 3 3 M 5 3
                
            *     *
         *     *     *
      [0;43m.[0m     *     *     [0;34mO[0m
   *     *     *     *     *
      *     *     *     *      
   *     *     *     [0;33mO[0m     *
*     *     *     [0;44m.[0m     [0;44m.[0m     *
   *     *     [0;44m.[0m     [0;44m.[0m     [0;34mO[0m
*     *     [0;34mO[0m     [0;43m.[0m     [0;44m.[0m     *
   *     *     [0;33mO[0m     [0;44m.[0m     [0;33mO[0m
*     *     [0;33mO[0m     [0;43m.[0m     [0;43m.[0m     *
   *     *     [0;43m.[0m     *     [0;34mO[0m
*     *     [0;43m.[0m     *     *     *
   *     [0;43m.[0m     *     [0;43m.[0m     *
      [0;34mO[0m     *     *     *      
   *     *     *     *     *
      *     *     *     *
         *     *     [0;33mO[0m
            *     *
                
-----------------------------------
-----------------------------------
S 3 2 M 2 4 RS 3 11 RE 2 3 X 0 0
                
            *     *
         *     *     *
      [0;43m.[0m     *     *     [0;34mO[0m
   *     *     *     *     *
      *     *     *     *      
   *     *     *     [0;43m.[0m     *
*     *     *     [0;44m.[0m     [0;44m.[0m     *
   *     *     [0;44m.[0m     [0;43m.[0m     [0;34mO[0m
*     *     [0;34mO[0m     [0;43m.[0m     [0;44m.[0m     *
   *     *     *     *     [0;33mO[0m
*     *     [0;33mO[0m     *     [0;43m.[0m     *
   *     *     *     [0;33mO[0m     [0;34mO[0m
*     *     *     *     *     *
   *     *     *     [0;43m.[0m     *
      [0;34mO[0m     *     *     *      
   *     *     *     *     *
      *     *     *     *
         *     *     [0;33mO[0m
            *     *
                
-----------------------------------
-----------------------------------
S 4 5 M 2 3
                
            *     *
         *     *     *
      [0;43m.[0m     *     *     [0;34mO[0m
   *     *     *     *     *
      *     *     *     *      
   *     *     *     [0;43m.[0m     *
*     *     *     [0;44m.[0m     [0;44m.[0m     *
   *     *     [0;44m.[0m     [0;43m.[0m     [0;44m.[0m
*     *     [0;34mO[0m     [0;43m.[0m     [0;43m.[0m     *
   *     *     *     [0;34mO[0m     [0;33mO[0m
*     *     [0;33mO[0m     *     [0;43m.[0m     *
   *     *     *     [0;33mO[0m     [0;34mO[0m
*     *     *     *     *     *
   *     *     *     [0;43m.[0m     *
      [0;34mO[0m     *     *     *      
   *     *     *     *     *
      *     *     *     *
         *     *     [0;33mO[0m
            *     *
                
-----------------------------------
-----------------------------------
S 5 13 M 4 10
                
            *     *
         *     *     *
      [0;43m.[0m     *     *     [0;34mO[0m
   *     *     *     *     *
      *     *     *     *      
   *     *     *     [0;43m.[0m     *
*     *     *     [0;44m.[0m     [0;44m.[0m     *
   *     *     [0;44m.[0m     [0;43m.[0m     [0;44m.[0m
*     *     [0;34mO[0m     [0;43m.[0m     [0;43m.[0m     *
   *     *     *     [0;34mO[0m     [0;33mO[0m
*     *     [0;33mO[0m     *     [0;43m.[0m     *
   *     *     *     [0;33mO[0m     [0;34mO[0m
*     *     *     *     *     *
   *     *     *     [0;43m.[0m     *
      [0;34mO[0m     *     *     *      
   *     *     *     [0;33mO[0m     *
      *     *     *     *
         *     *     [0;43m.[0m
            *     *
                
-----------------------------------
-----------------------------------
S 2 3 M 2 11
                
            *     *
         *     *     *
      [0;43m.[0m     *     *     [0;34mO[0m
   *     *     *     *     *
      *     *     *     *      
   *     *     *     [0;43m.[0m     *
*     *     [0;34mO[0m     [0;44m.[0m     [0;44m.[0m     *
   *     *     [0;43m.[0m     [0;43m.[0m     [0;44m.[0m
*     *     [0;34mO[0m     [0;44m.[0m     [0;43m.[0m     *
   *     *     *     [0;44m.[0m     [0;33mO[0m
*     *     [0;33mO[0m     *     [0;43m.[0m     *
   *     *     *     [0;33mO[0m     [0;34mO[0m
*     *     *     *     *     *
   *     *     *     [0;43m.[0m     *
      [0;34mO[0m     *     *     *      
   *     *     *     [0;33mO[0m     *
      *     *     *     *
         *     *     [0;43m.[0m
            *     *
                
-----------------------------------
-----------------------------------
S 2 4 M 1 2
                
            *     *
         *     *     *
      [0;43m.[0m     *     *     [0;34mO[0m
   *     *     *     *     *
      *     *     *     *      
   *     *     *     [0;43m.[0m     *
*     *     [0;34mO[0m     [0;44m.[0m     [0;44m.[0m     *
   *     *     [0;43m.[0m     [0;43m.[0m     [0;44m.[0m
*     *     [0;34mO[0m     [0;44m.[0m     [0;43m.[0m     *
   *     *     *     [0;44m.[0m     [0;33mO[0m
*     *     [0;33mO[0m     [0;33mO[0m     [0;43m.[0m     *
   *     *     *     [0;43m.[0m     [0;34mO[0m
*     *     *     *     *     *
   *     *     *     [0;43m.[0m     *
      [0;34mO[0m     *     *     *      
   *     *     *     [0;33mO[0m     *
      *     *     *     *
         *     *     [0;43m.[0m
            *     *
                
-----------------------------------
-----------------------------------
S 4 7 M 3 8
                
            *     *
         *     *     *
      [0;43m.[0m     *     *     [0;34mO[0m
   *     *     *     *     *
      *     *     *     *      
   *     *     *     [0;43m.[0m     *
*     *     [0;34mO[0m     [0;44m.[0m     [0;44m.[0m     *
   *     *     [0;43m.[0m     [0;43m.[0m     [0;44m.[0m
*     *     [0;34mO[0m     [0;44m.[0m     [0;43m.[0m     *
   *     *     *     [0;44m.[0m     [0;33mO[0m
*     *     [0;33mO[0m     [0;33mO[0m     [0;43m.[0m     *
   *     *     *     [0;43m.[0m     [0;44m.[0m
*     *     *     *     *     *
   *     *     *     [0;44m.[0m     *
      [0;34mO[0m     *     [0;34mO[0m     *      
   *     *     *     [0;33mO[0m     *
      *     *     *     *
         *     *     [0;43m.[0m
            *     *
                
-----------------------------------
-----------------------------------
S 1 2 M 5 6
                
            *     *
         *     *     *
      [0;43m.[0m     *     *     [0;34mO[0m
   *     *     *     *     *
      *     *     *     *      
   *     *     *     [0;43m.[0m     *
*     *     [0;34mO[0m     [0;44m.[0m     [0;44m.[0m     [0;33mO[0m
   *     *     [0;43m.[0m     [0;43m.[0m     [0;43m.[0m
*     *     [0;34mO[0m     [0;44m.[0m     [0;44m.[0m     *
   *     *     *     [0;43m.[0m     [0;33mO[0m
*     *     [0;33mO[0m     [0;43m.[0m     [0;43m.[0m     *
   *     *     *     [0;43m.[0m     [0;44m.[0m
*     *     *     *     *     *
   *     *     *     [0;44m.[0m     *
      [0;34mO[0m     *     [0;34mO[0m     *      
   *     *     *     [0;33mO[0m     *
      *     *     *     *
         *     *     [0;43m.[0m
            *     *
                
-----------------------------------
-----------------------------------
S 4 15 M 1 3
                
            *     *
         *     *     *
      [0;43m.[0m     *     *     [0;34mO[0m
   *     *     *     *     *
      *     *     *     *      
   *     *     *     [0;43m.[0m     *
*     *     [0;34mO[0m     [0;44m.[0m     [0;44m.[0m     [0;33mO[0m
   *     *     [0;43m.[0m     [0;43m.[0m     [0;43m.[0m
*     *     [0;34mO[0m     [0;44m.[0m     [0;44m.[0m     *
   *     *     *     [0;43m.[0m     [0;33mO[0m
*     *     [0;33mO[0m     [0;43m.[0m     [0;43m.[0m     *
   *     *     [0;34mO[0m     [0;43m.[0m     [0;44m.[0m
*     *     *     *     *     *
   *     *     *     [0;44m.[0m     *
      [0;44m.[0m     *     [0;34mO[0m     *      
   *     *     *     [0;33mO[0m     *
      *     *     *     *
         *     *     [0;43m.[0m
            *     *
                
-----------------------------------
-----------------------------------
S 5 6 M 5 9
                
            *     *
         *     *     *
      [0;43m.[0m     *     *     [0;34mO[0m
   *     *     *     *     *
      *     *     *     *      
   *     *     *     [0;43m.[0m     *
*     *     [0;34mO[0m     [0;44m.[0m     [0;44m.[0m     [0;43m.[0m
   *     *     [0;43m.[0m     [0;43m.[0m     [0;43m.[0m
*     *     [0;34mO[0m     [0;44m.[0m     [0;44m.[0m     *
   *     *     *     [0;43m.[0m     [0;33mO[0m
*     *     [0;33mO[0m     [0;43m.[0m     [0;43m.[0m     *
   *     *     [0;34mO[0m     [0;43m.[0m     [0;44m.[0m
*     *     *     *     *     [0;33mO[0m
   *     *     *     [0;44m.[0m     *
      [0;44m.[0m     *     [0;34mO[0m     *      
   *     *     *     [0;33mO[0m     *
      *     *     *     *
         *     *     [0;43m.[0m
            *     *
                
-----------------------------------
-----------------------------------
S 5 3 M 2 0
                
            *     *
         *     *     *
      [0;43m.[0m     *     *     [0;44m.[0m
   *     *     *     *     *
      *     *     *     *      
   *     *     [0;34mO[0m     [0;43m.[0m     *
*     *     [0;34mO[0m     [0;44m.[0m     [0;44m.[0m     [0;43m.[0m
   *     *     [0;43m.[0m     [0;43m.[0m     [0;43m.[0m
*     *     [0;34mO[0m     [0;44m.[0m     [0;44m.[0m     *
   *     *     *     [0;43m.[0m     [0;33mO[0m
*     *     [0;33mO[0m     [0;43m.[0m     [0;43m.[0m     *
   *     *     [0;34mO[0m     [0;43m.[0m     [0;44m.[0m
*     *     *     *     *     [0;33mO[0m
   *     *     *     [0;44m.[0m     *
      [0;44m.[0m     *     [0;34mO[0m     *      
   *     *     *     [0;33mO[0m     *
      *     *     *     *
         *     *     [0;43m.[0m
            *     *
                
-----------------------------------
-----------------------------------
S 4 10 M 4 9
                
            *     *
         *     *     *
      [0;43m.[0m     *     *     [0;44m.[0m
   *     *     *     *     *
      *     *     *     *      
   *     *     [0;34mO[0m     [0;43m.[0m     *
*     *     [0;34mO[0m     [0;44m.[0m     [0;44m.[0m     [0;43m.[0m
   *     *     [0;43m.[0m     [0;43m.[0m     [0;43m.[0m
*     *     [0;34mO[0m     [0;44m.[0m     [0;44m.[0m     *
   *     *     *     [0;43m.[0m     [0;33mO[0m
*     *     [0;33mO[0m     [0;43m.[0m     [0;43m.[0m     *
   *     *     [0;34mO[0m     [0;43m.[0m     [0;44m.[0m
*     *     *     *     *     [0;33mO[0m
   *     *     *     [0;44m.[0m     *
      [0;44m.[0m     *     [0;34mO[0m     [0;33mO[0m      
   *     *     *     [0;43m.[0m     *
      *     *     *     *
         *     *     [0;43m.[0m
            *     *
                
-----------------------------------
-----------------------------------
S 1 5 M 3 6
                
            *     *
         *     *     *
      [0;43m.[0m     *     *     [0;44m.[0m
   *     *     *     *     *
      *     *     *     *      
   *     *     [0;34mO[0m     [0;43m.[0m     *
*     *     [0;34mO[0m     [0;44m.[0m     [0;44m.[0m     [0;43m.[0m
   *     *     [0;43m.[0m     [0;43m.[0m     [0;43m.[0m
*     *     [0;44m.[0m     [0;44m.[0m     [0;44m.[0m     *
   *     *     *     [0;43m.[0m     [0;33mO[0m
*     *     [0;33mO[0m     [0;44m.[0m     [0;43m.[0m     *
   *     *     [0;34mO[0m     [0;44m.[0m     [0;44m.[0m
*     *     *     *     [0;34mO[0m     [0;33mO[0m
   *     *     *     [0;44m.[0m     *
      [0;44m.[0m     *     [0;34mO[0m     [0;33mO[0m      
   *     *     *     [0;43m.[0m     *
      *     *     *     *
         *     *     [0;43m.[0m
            *     *
                
-----------------------------------
-----------------------------------
S 4 6 M 4 8
                
            *     *
         *     *     *
      [0;43m.[0m     *     *     [0;44m.[0m
   *     *     *     *     *
      *     *     *     *      
   *     *     [0;34mO[0m     [0;43m.[0m     *
*     *     [0;34mO[0m     [0;44m.[0m     [0;44m.[0m     [0;43m.[0m
   *     *     [0;43m.[0m     [0;43m.[0m     [0;43m.[0m
*     *     [0;44m.[0m     [0;44m.[0m     [0;44m.[0m     *
   *     *     *     [0;43m.[0m     [0;43m.[0m
*     *     [0;33mO[0m     [0;44m.[0m     [0;43m.[0m     *
   *     *     [0;34mO[0m     [0;44m.[0m     [0;43m.[0m
*     *     *     *     [0;34mO[0m     [0;33mO[0m
   *     *     *     [0;44m.[0m     [0;33mO[0m
      [0;44m.[0m     *     [0;34mO[0m     [0;33mO[0m      
   *     *     *     [0;43m.[0m     *
      *     *     *     *
         *     *     [0;43m.[0m
            *     *
                
-----------------------------------
-----------------------------------
S 1 3 M 0 0
                
            *     *
         *     *     *
      [0;43m.[0m     *     *     [0;44m.[0m
   *     *     *     *     *
      *     *     *     *      
   *     *     [0;34mO[0m     [0;43m.[0m     *
*     *     [0;34mO[0m     [0;44m.[0m     [0;44m.[0m     [0;43m.[0m
   *     *     [0;43m.[0m     [0;43m.[0m     [0;43m.[0m
*     *     [0;44m.[0m     [0;44m.[0m     [0;44m.[0m     *
   *     *     [0;34mO[0m     [0;43m.[0m     [0;43m.[0m
*     *     [0;33mO[0m     [0;44m.[0m     [0;43m.[0m     *
   *     *     [0;44m.[0m     [0;44m.[0m     [0;43m.[0m
*     *     *     *     [0;34mO[0m     [0;33mO[0m
   *     *     *     [0;44m.[0m     [0;33mO[0m
      [0;44m.[0m     *     [0;34mO[0m     [0;33mO[0m      
   *     *     *     [0;43m.[0m     *
      *     *     *     *
         *     *     [0;43m.[0m
            *     *
                
-----------------------------------
-----------------------------------
S 4 9 M 2 5
                
            *     *
         *     *     *
      [0;43m.[0m     *     *     [0;44m.[0m
   *     *     *     *     *
      *     *     *     *      
   *     *     [0;34mO[0m     [0;43m.[0m     *
*     *     [0;34mO[0m     [0;44m.[0m     [0;44m.[0m     [0;43m.[0m
   *     *     [0;43m.[0m     [0;43m.[0m     [0;43m.[0m
*     *     [0;44m.[0m     [0;44m.[0m     [0;44m.[0m     *
   *     *     [0;34mO[0m     [0;43m.[0m     [0;43m.[0m
*     *     [0;33mO[0m     [0;44m.[0m     [0;43m.[0m     *
   *     *     [0;44m.[0m     [0;44m.[0m     [0;43m.[0m
*     *     *     [0;33mO[0m     [0;34mO[0m     [0;33mO[0m
   *     *     *     [0;43m.[0m     [0;33mO[0m
      [0;44m.[0m     *     [0;34mO[0m     [0;43m.[0m      
   *     *     *     [0;43m.[0m     *
      *     *     *     *
         *     *     [0;43m.[0m
            *     *
                
-----------------------------------
-----------------------------------
S 3 6 M 4 3
                
            *     *
         *     *     *
      [0;43m.[0m     *     *     [0;44m.[0m
   *     *     *     *     *
      *     *     *     [0;34mO[0m      
   *     *     [0;34mO[0m     [0;43m.[0m     *
*     *     [0;34mO[0m     [0;44m.[0m     [0;43m.[0m     [0;43m.[0m
   *     *     [0;43m.[0m     [0;43m.[0m     [0;43m.[0m
*     *     [0;44m.[0m     [0;44m.[0m     [0;43m.[0m     *
   *     *     [0;34mO[0m     [0;43m.[0m     [0;43m.[0m
*     *     [0;33mO[0m     [0;44m.[0m     [0;44m.[0m     *
   *     *     [0;44m.[0m     [0;44m.[0m     [0;43m.[0m
*     *     *     [0;33mO[0m     [0;44m.[0m     [0;33mO[0m
   *     *     *     [0;43m.[0m     [0;33mO[0m
      [0;44m.[0m     *     [0;34mO[0m     [0;43m.[0m      
   *     *     *     [0;43m.[0m     *
      *     *     *     *
         *     *     [0;43m.[0m
            *     *
                
-----------------------------------
-----------------------------------
S 2 5 M 3 1 RS 1 2 RE 5 6 X 1 4
                
            *     *
         *     *     *
      [0;43m.[0m     *     *     [0;44m.[0m
   *     *     *     *     *
      *     *     [0;33mO[0m     [0;34mO[0m      
   *     *     [0;34mO[0m     [0;43m.[0m     *
*     *     [0;34mO[0m     [0;43m.[0m     [0;43m.[0m     *
   *     *     [0;43m.[0m     [0;43m.[0m     *
*     *     [0;44m.[0m     [0;43m.[0m     *     *
   *     *     [0;34mO[0m     *     [0;43m.[0m
*     *     *     *     [0;44m.[0m     *
   *     *     [0;44m.[0m     [0;44m.[0m     [0;43m.[0m
*     *     *     [0;43m.[0m     [0;44m.[0m     [0;33mO[0m
   *     *     *     [0;43m.[0m     [0;33mO[0m
      [0;44m.[0m     *     [0;34mO[0m     [0;43m.[0m      
   *     *     *     [0;43m.[0m     *
      *     *     *     *
         *     *     [0;43m.[0m
            *     *
                
-----------------------------------
-----------------------------------
S 2 11 M 1 4
                
            *     *
         *     *     *
      [0;43m.[0m     *     *     [0;44m.[0m
   *     *     *     *     *
      *     *     [0;33mO[0m     [0;34mO[0m      
   *     *     [0;34mO[0m     [0;43m.[0m     *
*     *     [0;44m.[0m     [0;43m.[0m     [0;43m.[0m     *
   *     *     [0;43m.[0m     [0;43m.[0m     *
*     *     [0;43m.[0m     [0;43m.[0m     *     *
   *     *     [0;34mO[0m     *     [0;43m.[0m
*     *     [0;34mO[0m     *     [0;44m.[0m     *
   *     *     [0;44m.[0m     [0;44m.[0m     [0;43m.[0m
*     *     *     [0;43m.[0m     [0;44m.[0m     [0;33mO[0m
   *     *     *     [0;43m.[0m     [0;33mO[0m
      [0;44m.[0m     *     [0;34mO[0m     [0;43m.[0m      
   *     *     *     [0;43m.[0m     *
      *     *     *     *
         *     *     [0;43m.[0m
            *     *
                
-----------------------------------
-----------------------------------
S 5 9 M 5 8
                
            *     *
         *     *     *
      [0;43m.[0m     *     *     [0;44m.[0m
   *     *     *     *     *
      *     *     [0;33mO[0m     [0;34mO[0m      
   *     *     [0;34mO[0m     [0;43m.[0m     *
*     *     [0;44m.[0m     [0;43m.[0m     [0;43m.[0m     *
   *     *     [0;43m.[0m     [0;43m.[0m     *
*     *     [0;43m.[0m     [0;43m.[0m     *     *
   *     *     [0;34mO[0m     *     [0;43m.[0m
*     *     [0;34mO[0m     *     [0;44m.[0m     [0;33mO[0m
   *     *     [0;44m.[0m     [0;44m.[0m     [0;43m.[0m
*     *     *     [0;43m.[0m     [0;44m.[0m     [0;43m.[0m
   *     *     *     [0;43m.[0m     [0;33mO[0m
      [0;44m.[0m     *     [0;34mO[0m     [0;43m.[0m      
   *     *     *     [0;43m.[0m     *
      *     *     *     *
         *     *     [0;43m.[0m
            *     *
                
-----------------------------------
-----------------------------------
S 4 3 M 2 9 RS 1 5 RE 4 3 X 3 8
                
            *     *
         *     *     *
      [0;43m.[0m     *     *     [0;44m.[0m
   *     *     *     *     *
      *     *     [0;33mO[0m     *      
   *     *     [0;34mO[0m     *     *
*     *     [0;44m.[0m     *     [0;43m.[0m     *
   *     *     *     [0;43m.[0m     *
*     *     *     [0;43m.[0m     *     *
   *     [0;34mO[0m     [0;34mO[0m     *     [0;43m.[0m
*     *     [0;34mO[0m     *     [0;44m.[0m     [0;33mO[0m
   *     *     [0;44m.[0m     [0;44m.[0m     [0;43m.[0m
*     *     *     [0;43m.[0m     [0;44m.[0m     [0;43m.[0m
   *     *     *     [0;43m.[0m     [0;33mO[0m
      [0;44m.[0m     *     *     [0;43m.[0m      
   *     *     *     [0;43m.[0m     *
      *     *     *     *
         *     *     [0;43m.[0m
            *     *
                
-----------------------------------
-----------------------------------
S 5 8 M 3 4
                
            *     *
         *     *     *
      [0;43m.[0m     *     *     [0;44m.[0m
   *     *     *     *     *
      *     *     [0;33mO[0m     *      
   *     *     [0;34mO[0m     *     *
*     *     [0;44m.[0m     *     [0;43m.[0m     *
   *     *     *     [0;43m.[0m     *
*     *     *     [0;43m.[0m     [0;33mO[0m     *
   *     [0;34mO[0m     [0;34mO[0m     *     [0;44m.[0m
*     *     [0;34mO[0m     *     [0;44m.[0m     [0;43m.[0m
   *     *     [0;44m.[0m     [0;44m.[0m     [0;43m.[0m
*     *     *     [0;43m.[0m     [0;44m.[0m     [0;43m.[0m
   *     *     *     [0;43m.[0m     [0;33mO[0m
      [0;44m.[0m     *     *     [0;43m.[0m      
   *     *     *     [0;43m.[0m     *
      *     *     *     *
         *     *     [0;43m.[0m
            *     *
                
-----------------------------------
-----------------------------------
S 2 0 M 2 10
                
            *     *
         *     *     *
      [0;43m.[0m     *     *     [0;44m.[0m
   *     *     *     *     *
      *     *     [0;33mO[0m     *      
   *     *     [0;44m.[0m     *     *
*     *     [0;43m.[0m     *     [0;43m.[0m     *
   *     [0;34mO[0m     *     [0;43m.[0m     *
*     *     *     [0;43m.[0m     [0;33mO[0m     *
   *     [0;34mO[0m     [0;34mO[0m     *     [0;44m.[0m
*     *     [0;34mO[0m     *     [0;44m.[0m     [0;43m.[0m
   *     *     [0;44m.[0m     [0;44m.[0m     [0;43m.[0m
*     *     *     [0;43m.[0m     [0;44m.[0m     [0;43m.[0m
   *     *     *     [0;43m.[0m     [0;33mO[0m
      [0;44m.[0m     *     *     [0;43m.[0m      
   *     *     *     [0;43m.[0m     *
      *     *     *     *
         *     *     [0;43m.[0m
            *     *
                
-----------------------------------
-----------------------------------
S 3 4 M 5 12
                
            *     *
         *     *     *
      [0;43m.[0m     *     *     [0;44m.[0m
   *     *     *     *     *
      *     *     [0;33mO[0m     *      
   *     *     [0;44m.[0m     *     *
*     *     [0;43m.[0m     *     [0;43m.[0m     *
   *     [0;34mO[0m     *     [0;43m.[0m     *
*     *     *     [0;43m.[0m     [0;43m.[0m     *
   *     [0;34mO[0m     [0;34mO[0m     *     [0;44m.[0m
*     *     [0;34mO[0m     *     [0;43m.[0m     [0;43m.[0m
   *     *     [0;44m.[0m     [0;44m.[0m     [0;43m.[0m
*     *     *     [0;43m.[0m     [0;43m.[0m     [0;43m.[0m
   *     *     *     [0;43m.[0m     [0;33mO[0m
      [0;44m.[0m     *     *     [0;44m.[0m      
   *     *     *     [0;43m.[0m     *
      *     *     *     [0;33mO[0m
         *     *     [0;43m.[0m
            *     *
                
-----------------------------------
-----------------------------------
S 0 0 M 4 4
                
            *     *
         *     *     *
      [0;43m.[0m     *     *     [0;44m.[0m
   *     *     *     *     *
      *     *     [0;33mO[0m     *      
   *     *     [0;44m.[0m     *     [0;34mO[0m
*     *     [0;43m.[0m     *     [0;44m.[0m     *
   *     [0;34mO[0m     *     [0;44m.[0m     *
*     *     *     [0;44m.[0m     [0;43m.[0m     *
   *     [0;34mO[0m     [0;44m.[0m     *     [0;44m.[0m
*     *     [0;34mO[0m     *     [0;43m.[0m     [0;43m.[0m
   *     *     [0;44m.[0m     [0;44m.[0m     [0;43m.[0m
*     *     *     [0;43m.[0m     [0;43m.[0m     [0;43m.[0m
   *     *     *     [0;43m.[0m     [0;33mO[0m
      [0;44m.[0m     *     *     [0;44m.[0m      
   *     *     *     [0;43m.[0m     *
      *     *     *     [0;33mO[0m
         *     *     [0;43m.[0m
            *     *
                
-----------------------------------
-----------------------------------
S 3 1 M 4 5
                
            *     *
         *     *     *
      [0;43m.[0m     *     *     [0;44m.[0m
   *     *     *     *     *
      *     *     [0;43m.[0m     *      
   *     *     [0;44m.[0m     *     [0;34mO[0m
*     *     [0;43m.[0m     *     [0;43m.[0m     *
   *     [0;34mO[0m     *     [0;44m.[0m     [0;33mO[0m
*     *     *     [0;44m.[0m     [0;43m.[0m     *
   *     [0;34mO[0m     [0;44m.[0m     *     [0;44m.[0m
*     *     [0;34mO[0m     *     [0;43m.[0m     [0;43m.[0m
   *     *     [0;44m.[0m     [0;44m.[0m     [0;43m.[0m
*     *     *     [0;43m.[0m     [0;43m.[0m     [0;43m.[0m
   *     *     *     [0;43m.[0m     [0;33mO[0m
      [0;44m.[0m     *     *     [0;44m.[0m      
   *     *     *     [0;43m.[0m     *
      *     *     *     [0;33mO[0m
         *     *     [0;43m.[0m
            *     *
                
-----------------------------------
-----------------------------------
S 2 10 M 1 2
                
            *     *
         *     *     *
      [0;43m.[0m     *     *     [0;44m.[0m
   *     *     *     *     *
      *     *     [0;43m.[0m     *      
   *     *     [0;44m.[0m     *     [0;34mO[0m
*     *     [0;43m.[0m     *     [0;43m.[0m     *
   *     [0;44m.[0m     *     [0;44m.[0m     [0;33mO[0m
*     *     *     [0;44m.[0m     [0;43m.[0m     *
   *     [0;34mO[0m     [0;43m.[0m     *     [0;44m.[0m
*     *     [0;34mO[0m     [0;34mO[0m     [0;43m.[0m     [0;43m.[0m
   *     *     [0;44m.[0m     [0;44m.[0m     [0;43m.[0m
*     *     *     [0;43m.[0m     [0;43m.[0m     [0;43m.[0m
   *     *     *     [0;43m.[0m     [0;33mO[0m
      [0;44m.[0m     *     *     [0;44m.[0m      
   *     *     *     [0;43m.[0m     *
      *     *     *     [0;33mO[0m
         *     *     [0;43m.[0m
            *     *
                
-----------------------------------
***********************************

-> You are player 2
-> You are alloted a time of 120s

***********************************

Player 1 played : P 0 0
P 0 0 True
Time remaining is: 120s
You played : P 1 1
P 1 1 True
Player 1 played : P 1 4
P 1 4 True
Time remaining is: 120s
You played : P 1 3
P 1 3 True
Player 1 played : P 1 2
P 1 2 True
Time remaining is: 120s
You played : P 1 0
P 1 0 True
Player 1 played : P 2 3
P 2 3 True
Time remaining is: 120s
You played : P 1 5
P 1 5 True
Player 1 played : P 2 1
P 2 1 True
Time remaining is: 120s
You played : P 2 2
P 2 2 True
Player 1 played : S 2 3 M 3 7
S 2 3 True
M 3 7 True
Time remaining is: 120s
You played : S 2 2 M 3 4
S 2 2 True
M 3 4 True
Player 1 played : S 2 1 M 5 27
S 2 1 True
M 5 27 True
Time remaining is: 120s
You played : S 3 4 M 4 5
S 3 4 True
M 4 5 True
Player 1 played : S 5 27 M 4 6
S 5 27 True
M 4 6 True
Time remaining is: 119s
You played : S 1 3 M 4 15
S 1 3 True
M 4 15 True
Player 1 played : S 1 2 M 2 7
S 1 2 True
M 2 7 True
Time remaining is: 119s
You played : S 1 1 M 3 5
S 1 1 True
M 3 5 True
Player 1 played : S 3 7 M 3 2
S 3 7 True
M 3 2 True
Time remaining is: 119s
You played : S 3 5 M 3 3
S 3 5 True
M 3 3 True
Player 1 played : S 2 7 M 3 11
S 2 7 True
M 3 11 True
Time remaining is: 119s
You played : S 1 0 M 4 7
S 1 0 True
M 4 7 True
Player 1 played : S 3 11 M 5 13
S 3 11 True
M 5 13 True
Time remaining is: 119s
You played : S 3 3 M 5 3
S 3 3 True
M 5 3 True
Player 1 played : S 3 2 M 2 4 RS 3 11 RE 2 3 X 0 0
S 3 2 True
M 2 4 True
RS 3 11 True
RE 2 3 True
X 0 0 True
Time remaining is: 119s
You played : S 4 5 M 2 3
S 4 5 True
M 2 3 True
Player 1 played : S 5 13 M 4 10
S 5 13 True
M 4 10 True
Time remaining is: 118s
You played : S 2 3 M 2 11
S 2 3 True
M 2 11 True
Player 1 played : S 2 4 M 1 2
S 2 4 True
M 1 2 True
Time remaining is: 118s
You played : S 4 7 M 3 8
S 4 7 True
M 3 8 True
Player 1 played : S 1 2 M 5 6
S 1 2 True
M 5 6 True
Time remaining is: 118s
You played : S 4 15 M 1 3
S 4 15 True
M 1 3 True
Player 1 played : S 5 6 M 5 9
S 5 6 True
M 5 9 True
Time remaining is: 118s
You played : S 5 3 M 2 0
S 5 3 True
M 2 0 True
Player 1 played : S 4 10 M 4 9
S 4 10 True
M 4 9 True
Time remaining is: 118s
You played : S 1 5 M 3 6
S 1 5 True
M 3 6 True
Player 1 played : S 4 6 M 4 8
S 4 6 True
M 4 8 True
Time remaining is: 118s
You played : S 1 3 M 0 0
S 1 3 True
M 0 0 True
Player 1 played : S 4 9 M 2 5
S 4 9 True
M 2 5 True
Time remaining is: 117s
You played : S 3 6 M 4 3
S 3 6 True
M 4 3 True
Player 1 played : S 2 5 M 3 1 RS 1 2 RE 5 6 X 1 4
S 2 5 True
M 3 1 True
RS 1 2 True
RE 5 6 True
X 1 4 True
Time remaining is: 117s
You played : S 2 11 M 1 4
S 2 11 True
M 1 4 True
Player 1 played : S 5 9 M 5 8
S 5 9 True
M 5 8 True
Time remaining is: 117s
You played : S 4 3 M 2 9 RS 1 5 RE 4 3 X 3 8
S 4 3 True
M 2 9 True
RS 1 5 True
RE 4 3 True
X 3 8 True
Player 1 played : S 5 8 M 3 4
S 5 8 True
M 3 4 True
Time remaining is: 117s
You played : S 2 0 M 2 10
S 2 0 True
M 2 10 True
Player 1 played : S 3 4 M 5 12
S 3 4 True
M 5 12 True
Time remaining is: 117s
You played : S 0 0 M 4 4
S 0 0 True
M 4 4 True
Player 1 played : S 3 1 M 4 5
S 3 1 True
M 4 5 True
Time remaining is: 117s
You played : S 2 10 M 1 2
S 2 10 True
M 1 2 True
Player 1 played : S 4 8 M 4 11 RS 4 9 RE 3 3 X 4 5
S 4 8 True
M 4 11 True
RS 4 9 True
RE 3 3 True
X 4 5 True
OTHER PLAYER WINS!
Your Score : 1.01
Opponent's Score : 9.011
