***********************************

-> You are player 1
-> You are alloted a time of 120s

***********************************

Time remaining is: 120s
You played : P 1 0
P 1 0 True
Player 2 played : P 1 5
P 1 5 True
Time remaining is: 120s
You played : P 1 1
P 1 1 True
Player 2 played : P 1 3
P 1 3 True
Time remaining is: 119s
You played : P 1 2
P 1 2 True
Player 2 played : P 5 18
P 5 18 True
Time remaining is: 118s
You played : P 1 4
P 1 4 True
Player 2 played : P 3 15
P 3 15 True
Time remaining is: 117s
You played : P 2 0
P 2 0 True
Player 2 played : P 4 17
P 4 17 True
Time remaining is: 117s
You played : S 1 0 M 2 1
S 1 0 True
M 2 1 True
Player 2 played : S 5 18 M 4 15
S 5 18 True
M 4 15 True
Time remaining is: 116s
You played : S 1 1 M 2 2
S 1 1 True
M 2 2 True
Player 2 played : S 1 5 M 2 11
S 1 5 True
M 2 11 True
Time remaining is: 116s
You played : S 1 2 M 2 3
S 1 2 True
M 2 3 True
Player 2 played : S 3 15 M 4 21
S 3 15 True
M 4 21 True
Time remaining is: 116s
You played : S 1 4 M 2 9
S 1 4 True
M 2 9 True
Player 2 played : S 4 15 M 3 12
S 4 15 True
M 3 12 True
Time remaining is: 115s
You played : S 2 2 M 0 0
S 2 2 True
M 0 0 True
Player 2 played : S 1 3 M 2 6
S 1 3 True
M 2 6 True
Time remaining is: 115s
You played : S 0 0 M 3 3
S 0 0 True
M 3 3 True
Player 2 played : S 2 11 M 3 14
S 2 11 True
M 3 14 True
Time remaining is: 115s
You played : S 2 1 M 3 4
S 2 1 True
M 3 4 True
Player 2 played : S 3 12 M 3 11
S 3 12 True
M 3 11 True
Time remaining is: 114s
You played : S 3 3 M 4 3 RS 3 3 RE 1 4 X 2 0
S 3 3 True
M 4 3 True
RS 3 3 True
RE 1 4 True
X 2 0 True
Player 2 played : S 4 17 M 5 22
S 4 17 True
M 5 22 True
Time remaining is: 114s
You played : S 2 9 M 5 21
S 2 9 True
M 5 21 True
Player 2 played : S 4 21 M 5 27
S 4 21 True
M 5 27 True
Time remaining is: 114s
You played : S 5 21 M 4 14
S 5 21 True
M 4 14 True
Player 2 played : S 2 6 M 3 13
S 2 6 True
M 3 13 True
Time remaining is: 114s
You played : S 4 14 M 2 5
S 4 14 True
M 2 5 True
Player 2 played : S 5 22 M 4 18
S 5 22 True
M 4 18 True
Time remaining is: 113s
You played : S 2 5 M 1 4
S 2 5 True
M 1 4 True
Player 2 played : S 3 13 M 3 2
S 3 13 True
M 3 2 True
Time remaining is: 113s
You played : S 1 4 M 4 16
S 1 4 True
M 4 16 True
Player 2 played : S 3 11 M 5 17
S 3 11 True
M 5 17 True
Time remaining is: 113s
You played : S 2 3 M 3 16
S 2 3 True
M 3 16 True
Player 2 played : S 3 14 M 2 0
S 3 14 True
M 2 0 True
Time remaining is: 113s
You played : S 3 16 M 4 19
S 3 16 True
M 4 19 True
Player 2 played : S 3 2 M 2 4
S 3 2 True
M 2 4 True
Time remaining is: 113s
You played : S 3 4 M 3 3
S 3 4 True
M 3 3 True
Player 2 played : S 4 18 M 5 23
S 4 18 True
M 5 23 True
Time remaining is: 113s
You played : S 3 3 M 3 1
S 3 3 True
M 3 1 True
Player 2 played : S 2 0 M 3 0
S 2 0 True
M 3 0 True
Time remaining is: 112s
You played : S 4 3 M 5 3
S 4 3 True
M 5 3 True
Player 2 played : S 5 17 M 3 9
S 5 17 True
M 3 9 True
Time remaining is: 112s
You played : S 3 1 M 1 1 RS 4 3 RE 1 5 X 1 1
S 3 1 True
M 1 1 True
RS 4 3 True
RE 1 5 True
X 1 1 True
Player 2 played : S 2 4 M 0 0
S 2 4 True
M 0 0 True
Time remaining is: 112s
You played : S 5 3 M 2 10
S 5 3 True
M 2 10 True
Player 2 played : S 3 9 M 3 6
S 3 9 True
M 3 6 True
Time remaining is: 112s
You played : S 4 16 M 4 13
S 4 16 True
M 4 13 True
Player 2 played : S 5 23 M 5 24
S 5 23 True
M 5 24 True
Time remaining is: 112s
You played : S 4 13 M 4 12
S 4 13 True
M 4 12 True
Player 2 played : S 3 0 M 1 0
S 3 0 True
M 1 0 True
Time remaining is: 112s
You played : S 4 19 M 5 26
S 4 19 True
M 5 26 True
Player 2 played : S 3 6 M 4 8
S 3 6 True
M 4 8 True
Time remaining is: 112s
You played : S 2 10 M 1 5
S 2 10 True
M 1 5 True
Player 2 played : S 0 0 M 4 4
S 0 0 True
M 4 4 True
Time remaining is: 112s
You played : S 4 12 M 4 10
S 4 12 True
M 4 10 True
Player 2 played : S 4 8 M 4 5 RS 4 8 RE 0 0 X 1 0
S 4 8 True
M 4 5 True
RS 4 8 True
RE 0 0 True
X 1 0 True
Time remaining is: 112s
You played : S 1 5 M 1 0
S 1 5 True
M 1 0 True
Player 2 played : S 5 24 M 3 7
S 5 24 True
M 3 7 True
Time remaining is: 112s
You played : S 1 0 M 4 0
S 1 0 True
M 4 0 True
Player 2 played : S 5 27 M 2 1
S 5 27 True
M 2 1 True
Time remaining is: 112s
You played : S 5 26 M 5 19
S 5 26 True
M 5 19 True
Player 2 played : S 3 7 M 3 8
S 3 7 True
M 3 8 True
Time remaining is: 112s
You played : S 4 0 M 4 20 RS 5 26 RE 1 0 X 4 20
S 4 0 True
M 4 20 True
RS 5 26 True
RE 1 0 True
X 4 20 True
YOU WIN!
Your Score : 9.017
Opponent's Score : 1.02
