***********************************

-> You are player 1
-> You are alloted a time of 120s

***********************************

Time remaining is: 120s
You played : P 1 5
P 1 5 True
Player 2 played : P 1 4
P 1 4 True
Time remaining is: 120s
You played : P 1 3
P 1 3 True
Player 2 played : P 1 2
P 1 2 True
Time remaining is: 120s
You played : P 5 18
P 5 18 True
Player 2 played : P 1 1
P 1 1 True
Time remaining is: 120s
You played : P 3 15
P 3 15 True
Player 2 played : P 2 11
P 2 11 True
Time remaining is: 120s
You played : P 4 17
P 4 17 True
Player 2 played : P 0 0
P 0 0 True
Time remaining is: 120s
You played : S 5 18 M 4 15
S 5 18 True
M 4 15 True
Player 2 played : S 1 1 M 2 1
S 1 1 True
M 2 1 True
Time remaining is: 119s
You played : S 3 15 M 4 21
S 3 15 True
M 4 21 True
Player 2 played : S 1 2 M 2 3
S 1 2 True
M 2 3 True
Time remaining is: 118s
You played : S 4 17 M 4 18
S 4 17 True
M 4 18 True
Player 2 played : S 2 11 M 1 0
S 2 11 True
M 1 0 True
Time remaining is: 117s
You played : S 4 15 M 3 12
S 4 15 True
M 3 12 True
Player 2 played : S 2 1 M 4 1
S 2 1 True
M 4 1 True
Time remaining is: 116s
You played : S 1 3 M 2 6
S 1 3 True
M 2 6 True
Player 2 played : S 4 1 M 3 1
S 4 1 True
M 3 1 True
Time remaining is: 112s
You played : S 4 18 M 2 0
S 4 18 True
M 2 0 True
Player 2 played : S 3 1 M 5 28 RS 1 2 RE 4 1 X 1 4
S 3 1 True
M 5 28 True
RS 1 2 True
RE 4 1 True
X 1 4 True
Time remaining is: 111s
You played : S 1 5 M 1 4
S 1 5 True
M 1 4 True
Player 2 played : S 5 28 M 3 11
S 5 28 True
M 3 11 True
Time remaining is: 107s
You played : S 3 12 M 3 14
S 3 12 True
M 3 14 True
Player 2 played : S 3 11 M 5 19
S 3 11 True
M 5 19 True
Time remaining is: 104s
You played : S 4 21 M 5 27
S 4 21 True
M 5 27 True
Player 2 played : S 2 3 M 2 7
S 2 3 True
M 2 7 True
Time remaining is: 103s
You played : S 5 27 M 3 17
S 5 27 True
M 3 17 True
Player 2 played : S 5 19 M 4 19
S 5 19 True
M 4 19 True
Time remaining is: 102s
You played : S 3 14 M 3 13
S 3 14 True
M 3 13 True
Player 2 played : S 4 19 M 2 9
S 4 19 True
M 2 9 True
Time remaining is: 102s
You played : S 3 13 M 5 23
S 3 13 True
M 5 23 True
Player 2 played : S 0 0 M 2 10
S 0 0 True
M 2 10 True
Time remaining is: 102s
You played : S 1 4 M 1 1
S 1 4 True
M 1 1 True
Player 2 played : S 2 7 M 2 8 RS 5 19 RE 1 3 X 1 0
S 2 7 True
M 2 8 True
RS 5 19 True
RE 1 3 True
X 1 0 True
Time remaining is: 101s
You played : S 1 1 M 3 5
S 1 1 True
M 3 5 True
Player 2 played : S 2 9 M 1 3
S 2 9 True
M 1 3 True
Time remaining is: 101s
You played : S 5 23 M 3 16
S 5 23 True
M 3 16 True
Player 2 played : S 1 3 M 2 5
S 1 3 True
M 2 5 True
Time remaining is: 100s
You played : S 2 0 M 1 0
S 2 0 True
M 1 0 True
Player 2 played : S 2 5 M 2 1 RS 3 14 RE 2 5 X 2 8
S 2 5 True
M 2 1 True
RS 3 14 True
RE 2 5 True
X 2 8 True
OTHER PLAYER WINS!
Your Score : 0.012
Opponent's Score : 10.005
