The5
WHY 

centre is 0
layer num 1		-1  0  0  1  0  1  
layer num 2		-1  -1  -1  -1  -1  -1  -1  -1  -1  -1  -1  0  
layer num 3		-1  -1  -1  -1  -1  -1  -1  -1  -1  -1  -1  -1  -1  -1  -1  1  -1  -1  
layer num 4		-1  -1  -1  -1  -1  -1  -1  -1  -1  -1  -1  -1  -1  -1  -1  1  -1  1  -1  -1  -1  -1  -1  -1  
layer num 5		-1  -1  -1  -1  -1  -1  -1  -1  -1  -1  -1  -1  -1  -1  -1  -1  -1  -1  3  -1  -1  -1  -1  -1  -1  -1  -1  -1  -1  -1  
my rings: 0
other rings: 1
Came here
5
2
WHY 

centre is 0
layer num 1		-1  2  0  1  0  1  
layer num 2		-1  0  -1  -1  -1  -1  -1  -1  -1  -1  -1  0  
layer num 3		-1  -1  -1  -1  -1  -1  -1  -1  -1  -1  -1  -1  -1  -1  -1  3  -1  -1  
layer num 4		-1  -1  -1  -1  -1  -1  -1  -1  -1  -1  -1  -1  -1  -1  -1  1  -1  1  -1  -1  -1  1  -1  -1  
layer num 5		-1  -1  -1  -1  -1  -1  -1  -1  -1  -1  -1  -1  -1  -1  -1  -1  -1  -1  3  -1  -1  -1  -1  -1  -1  -1  -1  -1  -1  -1  
my rings: 1
other rings: 2
Came here
5
4
WHY 

centre is 0
layer num 1		-1  2  2  1  0  1  
layer num 2		-1  0  -1  0  -1  -1  -1  -1  -1  -1  -1  0  
layer num 3		-1  -1  -1  -1  -1  -1  -1  -1  -1  -1  -1  -1  -1  -1  -1  3  -1  -1  
layer num 4		-1  -1  -1  -1  -1  -1  -1  -1  -1  -1  -1  -1  -1  -1  -1  1  -1  3  1  -1  -1  1  -1  -1  
layer num 5		-1  -1  -1  -1  -1  -1  -1  -1  -1  -1  -1  -1  -1  -1  -1  -1  -1  -1  3  -1  -1  -1  -1  -1  -1  -1  -1  -1  -1  -1  
my rings: 2
other rings: 3
Came here
5
6
WHY 

centre is 0
layer num 1		0  2  2  1  0  1  
layer num 2		-1  0  -1  0  -1  -1  -1  -1  -1  -1  -1  2  
layer num 3		-1  -1  -1  -1  -1  -1  -1  -1  -1  -1  -1  -1  1  -1  -1  3  -1  -1  
layer num 4		-1  -1  -1  -1  -1  -1  -1  -1  -1  -1  -1  -1  -1  -1  -1  3  -1  3  1  -1  -1  1  -1  -1  
layer num 5		-1  -1  -1  -1  -1  -1  -1  -1  -1  -1  -1  -1  -1  -1  -1  -1  -1  -1  3  -1  -1  -1  -1  -1  -1  -1  -1  -1  -1  -1  
my rings: 3
other rings: 4
Came here
6
9
WHY 

centre is 0
layer num 1		0  2  2  3  0  1  
layer num 2		-1  2  -1  0  -1  -1  1  -1  -1  -1  -1  2  
layer num 3		-1  -1  -1  -1  -1  -1  -1  -1  -1  -1  -1  -1  1  -1  -1  3  -1  -1  
layer num 4		-1  0  -1  -1  -1  -1  -1  -1  -1  -1  -1  -1  -1  -1  -1  3  -1  3  1  -1  -1  1  -1  -1  
layer num 5		-1  -1  -1  -1  -1  -1  -1  -1  -1  -1  -1  -1  -1  -1  -1  -1  -1  -1  3  -1  -1  -1  -1  -1  -1  -1  -1  -1  -1  -1  
my rings: 4
other rings: 5
Came here
6
12
WHY 

centre is 0
layer num 1		0  2  2  3  0  1  
layer num 2		1  2  -1  0  -1  -1  1  -1  -1  -1  -1  3  
layer num 3		-1  0  -1  -1  -1  -1  -1  -1  -1  -1  -1  -1  1  -1  -1  3  -1  -1  
layer num 4		-1  2  -1  -1  -1  -1  -1  -1  -1  -1  -1  -1  -1  -1  -1  3  -1  3  3  -1  -1  1  -1  -1  
layer num 5		-1  -1  -1  -1  -1  -1  -1  -1  -1  -1  -1  -1  -1  -1  -1  -1  -1  -1  3  -1  -1  -1  -1  -1  -1  -1  -1  -1  -1  -1  
my rings: 4
other rings: 7
Came here
5
14
WHY 

centre is 0
layer num 1		0  -1  -1  3  1  3  
layer num 2		1  -1  -1  0  -1  -1  1  -1  -1  -1  -1  3  
layer num 3		-1  -1  -1  -1  -1  -1  -1  -1  -1  -1  -1  -1  1  -1  -1  3  -1  -1  
layer num 4		-1  -1  -1  -1  -1  -1  -1  -1  -1  -1  -1  -1  -1  -1  -1  3  -1  3  3  -1  -1  1  -1  -1  
layer num 5		-1  -1  -1  -1  -1  -1  -1  -1  -1  -1  -1  -1  -1  -1  -1  -1  -1  -1  3  -1  -1  -1  -1  -1  -1  -1  -1  -1  0  -1  
my rings: 0
other rings: 8
Came here
5
16
WHY 

centre is 0
layer num 1		0  -1  -1  3  1  3  
layer num 2		1  -1  -1  0  -1  -1  1  -1  -1  -1  -1  3  
layer num 3		-1  -1  -1  -1  -1  -1  -1  -1  -1  -1  -1  0  3  -1  1  3  -1  -1  
layer num 4		-1  -1  -1  -1  -1  -1  -1  -1  -1  -1  -1  -1  -1  -1  -1  3  -1  3  3  -1  -1  1  -1  -1  
layer num 5		-1  -1  -1  -1  -1  -1  -1  -1  -1  -1  -1  -1  -1  -1  -1  -1  -1  -1  3  -1  -1  -1  -1  -1  -1  -1  -1  -1  2  -1  
my rings: 1
other rings: 9
Came here
6
19
WHY 

centre is 0
layer num 1		0  -1  -1  3  1  3  
layer num 2		1  -1  -1  0  -1  -1  1  -1  -1  -1  -1  3  
layer num 3		-1  -1  -1  -1  -1  -1  -1  -1  -1  -1  -1  2  3  -1  1  3  -1  -1  
layer num 4		-1  -1  -1  -1  -1  -1  -1  -1  -1  -1  -1  -1  -1  -1  -1  2  -1  3  3  -1  -1  3  -1  -1  
layer num 5		-1  -1  -1  -1  -1  -1  -1  -1  -1  -1  -1  -1  -1  -1  -1  -1  -1  -1  3  0  -1  -1  -1  -1  -1  -1  -1  1  2  -1  
my rings: 3
other rings: 9
Came here
6
22
WHY 

centre is 0
layer num 1		0  -1  -1  2  1  3  
layer num 2		1  -1  -1  2  -1  -1  1  0  -1  -1  -1  3  
layer num 3		-1  -1  -1  -1  -1  -1  -1  -1  -1  -1  -1  2  3  -1  1  3  -1  1  
layer num 4		-1  -1  -1  -1  -1  -1  -1  -1  -1  -1  -1  -1  -1  -1  -1  2  -1  3  3  -1  -1  3  -1  -1  
layer num 5		-1  -1  -1  -1  -1  -1  -1  -1  -1  -1  -1  -1  -1  -1  -1  -1  -1  -1  3  0  -1  -1  -1  -1  -1  -1  -1  3  2  -1  
my rings: 5
other rings: 9
Came here
6
25
WHY 

centre is 0
layer num 1		0  -1  -1  2  1  3  
layer num 2		1  -1  -1  2  -1  -1  1  0  -1  -1  -1  3  
layer num 3		-1  -1  -1  -1  -1  -1  -1  -1  -1  -1  -1  2  3  1  3  3  -1  1  
layer num 4		-1  -1  -1  -1  -1  -1  -1  -1  -1  -1  -1  -1  -1  -1  -1  2  -1  2  2  0  -1  3  -1  -1  
layer num 5		-1  -1  -1  -1  -1  -1  -1  -1  -1  -1  -1  -1  -1  -1  -1  -1  -1  -1  3  2  -1  -1  -1  -1  -1  -1  -1  3  2  -1  
my rings: 8
other rings: 8
Came here
5
27
WHY 

centre is 0
layer num 1		0  -1  -1  2  1  3  
layer num 2		1  -1  -1  2  -1  -1  1  0  -1  0  -1  3  
layer num 3		-1  -1  -1  -1  -1  -1  -1  -1  -1  -1  -1  2  3  3  2  3  -1  1  
layer num 4		-1  -1  -1  -1  -1  -1  -1  -1  -1  -1  -1  -1  -1  -1  -1  2  -1  2  3  2  -1  3  -1  -1  
layer num 5		-1  -1  -1  -1  -1  -1  -1  -1  -1  -1  -1  -1  -1  -1  -1  -1  -1  -1  3  2  -1  -1  -1  1  -1  -1  -1  3  2  -1  
my rings: 9
other rings: 9
Came here
5
29
WHY 

centre is 3
layer num 1		0  1  -1  2  3  2  
layer num 2		1  -1  -1  2  -1  -1  1  0  -1  0  0  3  
layer num 3		-1  -1  -1  -1  -1  -1  -1  -1  -1  -1  -1  2  3  3  2  3  -1  1  
layer num 4		-1  -1  -1  -1  -1  -1  -1  -1  -1  -1  -1  -1  -1  -1  -1  2  -1  2  3  2  -1  3  -1  -1  
layer num 5		-1  -1  -1  -1  -1  -1  -1  -1  -1  -1  -1  -1  -1  -1  -1  -1  -1  -1  3  2  -1  -1  -1  1  -1  -1  -1  3  2  -1  
my rings: 10
other rings: 10
Came here
5
31
WHY 

centre is 3
layer num 1		-1  3  -1  -1  3  2  
layer num 2		1  -1  -1  3  -1  -1  1  -1  0  0  0  3  
layer num 3		-1  -1  -1  -1  -1  1  -1  -1  -1  -1  -1  -1  3  3  2  3  -1  1  
layer num 4		-1  -1  -1  -1  -1  -1  -1  -1  -1  -1  -1  -1  -1  -1  -1  -1  -1  2  3  2  -1  3  -1  -1  
layer num 5		-1  -1  -1  -1  -1  -1  -1  -1  -1  -1  -1  -1  -1  -1  -1  -1  -1  -1  3  -1  -1  -1  -1  1  -1  -1  -1  3  2  -1  
my rings: 5
other rings: 12
Came here
6
34
WHY 

centre is 3
layer num 1		-1  3  -1  0  2  2  
layer num 2		1  -1  -1  3  -1  -1  1  -1  0  2  0  3  
layer num 3		-1  -1  -1  -1  -1  1  -1  -1  -1  -1  -1  -1  3  3  2  2  1  1  
layer num 4		-1  -1  -1  -1  -1  -1  -1  -1  -1  -1  -1  -1  -1  -1  -1  -1  -1  2  3  3  -1  3  -1  -1  
layer num 5		-1  -1  -1  -1  -1  -1  -1  -1  -1  -1  -1  -1  -1  -1  -1  -1  -1  -1  3  -1  -1  -1  -1  3  -1  -1  -1  3  2  -1  
my rings: 7
other rings: 12
Came here
6
37
WHY 

centre is 3
layer num 1		1  3  -1  2  2  2  
layer num 2		3  -1  -1  3  -1  0  1  -1  0  2  0  3  
layer num 3		-1  -1  -1  -1  -1  1  -1  -1  -1  -1  -1  -1  3  3  2  2  1  1  
layer num 4		-1  -1  -1  -1  -1  -1  -1  -1  -1  -1  -1  -1  -1  -1  -1  -1  -1  2  3  3  -1  3  -1  -1  
layer num 5		-1  -1  -1  -1  -1  -1  -1  -1  -1  -1  -1  -1  -1  -1  -1  -1  -1  -1  3  -1  -1  -1  -1  3  -1  -1  -1  3  2  -1  
my rings: 8
other rings: 13
Came here
7
41
***********************************

-> You are player 2
-> You are alloted a time of 120s

***********************************

Player 1 played : P 1 5
P 1 5 True
Time remaining is: 120s
You played : P 1 4
P 1 4 True
Player 1 played : P 1 3
P 1 3 True
Time remaining is: 120s
You played : P 1 2
P 1 2 True
Player 1 played : P 5 18
P 5 18 True
Time remaining is: 120s
You played : P 1 1
P 1 1 True
Player 1 played : P 3 15
P 3 15 True
Time remaining is: 120s
You played : P 2 11
P 2 11 True
Player 1 played : P 4 17
P 4 17 True
Time remaining is: 120s
You played : P 0 0
P 0 0 True
Player 1 played : S 5 18 M 4 15
S 5 18 True
M 4 15 True
Time remaining is: 120s
You played : S 1 1 M 2 1
S 1 1 True
M 2 1 True
Player 1 played : S 3 15 M 4 21
S 3 15 True
M 4 21 True
Time remaining is: 120s
You played : S 1 2 M 2 3
S 1 2 True
M 2 3 True
Player 1 played : S 4 17 M 4 18
S 4 17 True
M 4 18 True
Time remaining is: 119s
You played : S 2 11 M 1 0
S 2 11 True
M 1 0 True
Player 1 played : S 4 15 M 3 12
S 4 15 True
M 3 12 True
Time remaining is: 119s
You played : S 2 1 M 4 1
S 2 1 True
M 4 1 True
Player 1 played : S 1 3 M 2 6
S 1 3 True
M 2 6 True
Time remaining is: 116s
You played : S 4 1 M 3 1
S 4 1 True
M 3 1 True
Player 1 played : S 4 18 M 2 0
S 4 18 True
M 2 0 True
Time remaining is: 114s
You played : S 3 1 M 5 28 RS 1 2 RE 4 1 X 1 4
S 3 1 True
M 5 28 True
RS 1 2 True
RE 4 1 True
X 1 4 True
Player 1 played : S 1 5 M 1 4
S 1 5 True
M 1 4 True
Time remaining is: 114s
You played : S 5 28 M 3 11
S 5 28 True
M 3 11 True
Player 1 played : S 3 12 M 3 14
S 3 12 True
M 3 14 True
Time remaining is: 112s
You played : S 3 11 M 5 19
S 3 11 True
M 5 19 True
Player 1 played : S 4 21 M 5 27
S 4 21 True
M 5 27 True
Time remaining is: 110s
You played : S 2 3 M 2 7
S 2 3 True
M 2 7 True
Player 1 played : S 5 27 M 3 17
S 5 27 True
M 3 17 True
Time remaining is: 109s
You played : S 5 19 M 4 19
S 5 19 True
M 4 19 True
Player 1 played : S 3 14 M 3 13
S 3 14 True
M 3 13 True
Time remaining is: 107s
You played : S 4 19 M 2 9
S 4 19 True
M 2 9 True
Player 1 played : S 3 13 M 5 23
S 3 13 True
M 5 23 True
Time remaining is: 107s
You played : S 0 0 M 2 10
S 0 0 True
M 2 10 True
Player 1 played : S 1 4 M 1 1
S 1 4 True
M 1 1 True
Time remaining is: 106s
You played : S 2 7 M 2 8 RS 5 19 RE 1 3 X 1 0
S 2 7 True
M 2 8 True
RS 5 19 True
RE 1 3 True
X 1 0 True
Player 1 played : S 1 1 M 3 5
S 1 1 True
M 3 5 True
Time remaining is: 106s
You played : S 2 9 M 1 3
S 2 9 True
M 1 3 True
Player 1 played : S 5 23 M 3 16
S 5 23 True
M 3 16 True
Time remaining is: 106s
You played : S 1 3 M 2 5
S 1 3 True
M 2 5 True
Player 1 played : S 2 0 M 1 0
S 2 0 True
M 1 0 True
Time remaining is: 105s
You played : S 2 5 M 2 1 RS 3 14 RE 2 5 X 2 8
S 2 5 True
M 2 1 True
RS 3 14 True
RE 2 5 True
X 2 8 True
YOU WIN!
Your Score : 10.005
Opponent's Score : 0.012
