0 
-4.03125 
4.03125 
-8.84375 
8.84375 
-10.4062 
10.4062 
-16.9062 
16.9062 
-60.9375 
60.9375 
-0.5 
0.5 
-193.75 
193.75 
lets see this one
            _ _ _ _   
        _ _ _ _ _ _ _ 
      _ _ _ _ _ _ _ _ 
    _ _ _ _ _ _ _ _ _ 
  _ _ _ _ _ _ _ _ _ _ 
  _ _ 2 _ _ _ _ _ _   
_ _ _ _ _ _ _ _ _ _   
_ _ _ _ _ _ _ _ _     
_ _ _ _ _ _ _ _       
_ _ _ _ _ _ _         
  _ _ _ _             
            _ _ _ _   
         _ _ _ _ _ _ _ 
        _ _ _ _ _ _ _ _ 
       _ _ _ _ _ _ _ _ _ 
      _ _ _ _ _ _ _ _ _ _ 
       _ _ 2 _ _ _ _ _ _   
      _ _ _ _ _ _ _ _ _ _   
       _ _ _ _ _ _ _ _ _     
        _ _ _ _ _ _ _ _       
         _ _ _ _ _ _ _         
            _ _ _ _             
starting iteration on above
I did P 0 0
He did P 2 2
lets see this one
            _ _ _ _   
        _ _ _ _ _ _ _ 
      _ _ _ _ _ _ _ _ 
    _ _ _ _ _ 2 _ _ _ 
  _ _ _ _ _ _ _ _ _ _ 
  _ _ 2 _ 3 _ _ _ _   
_ _ _ _ _ _ _ _ _ _   
_ _ _ _ _ _ _ _ _     
_ _ _ _ _ _ _ _       
_ _ _ _ _ _ _         
  _ _ _ _             
            _ _ _ _   
         _ _ _ _ _ _ _ 
        _ _ _ _ _ _ _ _ 
       _ _ _ _ _ 2 _ _ _ 
      _ _ _ _ _ _ _ _ _ _ 
       _ _ 2 _ 3 _ _ _ _   
      _ _ _ _ _ _ _ _ _ _   
       _ _ _ _ _ _ _ _ _     
        _ _ _ _ _ _ _ _       
         _ _ _ _ _ _ _         
            _ _ _ _             
starting iteration on above
I did P 3 5
He did P 2 11
lets see this one
            _ _ _ _   
        _ _ _ _ _ _ _ 
      _ _ _ _ _ _ _ _ 
    _ _ _ _ _ 2 _ _ _ 
  _ _ _ 2 _ _ _ 3 _ _ 
  _ _ 2 _ 3 _ _ _ _   
_ _ _ _ _ _ _ _ _ _   
_ _ _ _ _ _ _ _ _     
_ _ _ _ _ _ _ _       
_ _ _ _ _ _ _         
  _ _ _ _             
            _ _ _ _   
         _ _ _ _ _ _ _ 
        _ _ _ _ _ _ _ _ 
       _ _ _ _ _ 2 _ _ _ 
      _ _ _ 2 _ _ _ 3 _ _ 
       _ _ 2 _ 3 _ _ _ _   
      _ _ _ _ _ _ _ _ _ _   
       _ _ _ _ _ _ _ _ _     
        _ _ _ _ _ _ _ _       
         _ _ _ _ _ _ _         
            _ _ _ _             
starting iteration on above
I did P 2 9
He did P 1 4
lets see this one
            _ _ _ _   
        _ _ _ _ _ _ _ 
      _ _ _ _ _ _ _ _ 
    _ _ _ _ _ 2 _ _ _ 
  _ _ _ 2 _ _ _ 3 _ _ 
  _ _ 2 _ 3 _ _ _ _   
_ _ _ 3 2 _ _ _ _ _   
_ _ _ _ _ _ _ _ _     
_ _ _ _ _ _ _ _       
_ _ _ _ _ _ _         
  _ _ _ _             
            _ _ _ _   
         _ _ _ _ _ _ _ 
        _ _ _ _ _ _ _ _ 
       _ _ _ _ _ 2 _ _ _ 
      _ _ _ 2 _ _ _ 3 _ _ 
       _ _ 2 _ 3 _ _ _ _   
      _ _ _ 3 2 _ _ _ _ _   
       _ _ _ _ _ _ _ _ _     
        _ _ _ _ _ _ _ _       
         _ _ _ _ _ _ _         
            _ _ _ _             
starting iteration on above
I did P 2 7
He did P 2 6
lets see this one
            _ _ _ _   
        _ _ _ _ _ _ _ 
      _ _ _ _ _ _ _ _ 
    _ _ _ _ _ 2 _ _ _ 
  _ _ _ 2 _ _ _ 3 _ _ 
  _ _ 2 _ 3 _ _ _ _   
_ _ _ 3 2 _ _ _ _ _   
_ _ _ _ 3 2 _ _ _     
_ _ _ _ _ _ _ _       
_ _ _ _ _ _ _         
  _ _ _ _             
            _ _ _ _   
         _ _ _ _ _ _ _ 
        _ _ _ _ _ _ _ _ 
       _ _ _ _ _ 2 _ _ _ 
      _ _ _ 2 _ _ _ 3 _ _ 
       _ _ 2 _ 3 _ _ _ _   
      _ _ _ 3 2 _ _ _ _ _   
       _ _ _ _ 3 2 _ _ _     
        _ _ _ _ _ _ _ _       
         _ _ _ _ _ _ _         
            _ _ _ _             
starting iteration on above
I did P 3 9
He did S 2 10 M 3 16
lets see this one
            _ _ _ _   
        _ _ _ _ _ _ _ 
      _ _ _ _ _ _ _ _ 
    _ _ _ _ _ 2 _ _ _ 
  _ _ 2 2 _ _ _ 3 _ _ 
  _ _ 4 _ 3 _ _ _ _   
_ _ _ 3 2 _ _ _ _ _   
_ _ _ _ 3 2 _ _ _     
_ _ _ _ _ 3 _ _       
_ _ _ _ _ _ _         
  _ _ _ _             
            _ _ _ _   
         _ _ _ _ _ _ _ 
        _ _ _ _ _ _ _ _ 
       _ _ _ _ _ 2 _ _ _ 
      _ _ 2 2 _ _ _ 3 _ _ 
       _ _ 4 _ 3 _ _ _ _   
      _ _ _ 3 2 _ _ _ _ _   
       _ _ _ _ 3 2 _ _ _     
        _ _ _ _ _ 3 _ _       
         _ _ _ _ _ _ _         
            _ _ _ _             
starting iteration on above
I, player 2 did  S 2 7 M 4 18 which means 
            _ _ _ _   
        _ _ _ _ _ _ _ 
      _ _ _ _ _ _ _ _ 
    _ _ _ _ _ 2 _ _ _ 
  _ _ 2 2 _ _ _ 3 _ _ 
  _ _ 4 _ 3 _ _ _ _   
_ _ _ 3 2 _ _ _ _ _   
_ 3 _ _ 5 2 _ _ _     
_ _ _ _ _ 3 _ _       
_ _ _ _ _ _ _         
  _ _ _ _             
            _ _ _ _   
         _ _ _ _ _ _ _ 
        _ _ _ _ _ _ _ _ 
       _ _ _ _ _ 2 _ _ _ 
      _ _ 2 2 _ _ _ 3 _ _ 
       _ _ 4 _ 3 _ _ _ _   
      _ _ _ 3 2 _ _ _ _ _   
       _ 3 _ _ 5 2 _ _ _     
        _ _ _ _ _ 3 _ _       
         _ _ _ _ _ _ _         
            _ _ _ _             
He did S 1 4 M 3 10
lets see this one
            _ _ _ _   
        _ _ _ _ _ _ _ 
      _ _ _ _ _ _ _ _ 
    _ _ _ _ _ 2 _ _ _ 
  _ _ 2 2 _ _ _ 3 _ _ 
  _ _ 4 _ 3 _ _ _ _   
_ _ _ 3 4 _ _ _ _ _   
_ 3 _ _ 4 2 _ _ _     
_ _ _ _ 2 3 _ _       
_ _ _ _ _ _ _         
  _ _ _ _             
            _ _ _ _   
         _ _ _ _ _ _ _ 
        _ _ _ _ _ _ _ _ 
       _ _ _ _ _ 2 _ _ _ 
      _ _ 2 2 _ _ _ 3 _ _ 
       _ _ 4 _ 3 _ _ _ _   
      _ _ _ 3 4 _ _ _ _ _   
       _ 3 _ _ 4 2 _ _ _     
        _ _ _ _ 2 3 _ _       
         _ _ _ _ _ _ _         
            _ _ _ _             
starting iteration on above
I, player 2 did  S 3 9 M 4 13 which means 
            _ _ _ _   
        _ _ _ _ _ _ _ 
      _ _ _ _ _ _ _ _ 
    _ _ _ _ _ 2 _ _ _ 
  _ _ 2 2 _ _ _ 3 _ _ 
  _ _ 4 _ 3 _ _ _ _   
_ _ _ 3 4 _ _ _ _ _   
_ 3 _ _ 4 2 _ _ _     
_ _ _ _ 2 5 _ _       
_ _ _ _ 3 _ _         
  _ _ _ _             
            _ _ _ _   
         _ _ _ _ _ _ _ 
        _ _ _ _ _ _ _ _ 
       _ _ _ _ _ 2 _ _ _ 
      _ _ 2 2 _ _ _ 3 _ _ 
       _ _ 4 _ 3 _ _ _ _   
      _ _ _ 3 4 _ _ _ _ _   
       _ 3 _ _ 4 2 _ _ _     
        _ _ _ _ 2 5 _ _       
         _ _ _ _ 3 _ _         
            _ _ _ _             
He did S 2 6 M 4 12
lets see this one
            _ _ _ _   
        _ _ _ _ _ _ _ 
      _ _ _ _ _ _ _ _ 
    _ _ _ _ _ 2 _ _ _ 
  _ _ 2 2 _ _ _ 3 _ _ 
  _ _ 4 _ 3 _ _ _ _   
_ _ _ 3 4 _ _ _ _ _   
_ 3 _ _ 4 4 _ _ _     
_ _ _ _ 2 4 _ _       
_ _ _ _ 3 2 _         
  _ _ _ _             
            _ _ _ _   
         _ _ _ _ _ _ _ 
        _ _ _ _ _ _ _ _ 
       _ _ _ _ _ 2 _ _ _ 
      _ _ 2 2 _ _ _ 3 _ _ 
       _ _ 4 _ 3 _ _ _ _   
      _ _ _ 3 4 _ _ _ _ _   
       _ 3 _ _ 4 4 _ _ _     
        _ _ _ _ 2 4 _ _       
         _ _ _ _ 3 2 _         
            _ _ _ _             
starting iteration on above
I, player 2 did  S 2 9 M 4 19 which means 
            _ _ _ _   
        _ _ _ _ _ _ _ 
      _ _ _ _ _ _ _ _ 
    _ _ _ _ _ 2 _ _ _ 
  _ _ 2 2 _ _ _ 3 _ _ 
  _ _ 4 _ 3 _ _ _ _   
_ 3 _ 5 4 _ _ _ _ _   
_ 3 _ _ 4 4 _ _ _     
_ _ _ _ 2 4 _ _       
_ _ _ _ 3 2 _         
  _ _ _ _             
            _ _ _ _   
         _ _ _ _ _ _ _ 
        _ _ _ _ _ _ _ _ 
       _ _ _ _ _ 2 _ _ _ 
      _ _ 2 2 _ _ _ 3 _ _ 
       _ _ 4 _ 3 _ _ _ _   
      _ 3 _ 5 4 _ _ _ _ _   
       _ 3 _ _ 4 4 _ _ _     
        _ _ _ _ 2 4 _ _       
         _ _ _ _ 3 2 _         
            _ _ _ _             
He did S 2 2 M 2 3
lets see this one
            _ _ _ _   
        _ _ _ _ _ _ _ 
      _ _ _ _ _ _ _ _ 
    _ _ _ _ _ 4 _ _ _ 
  _ _ 2 2 _ _ 2 3 _ _ 
  _ _ 4 _ 3 _ _ _ _   
_ 3 _ 5 4 _ _ _ _ _   
_ 3 _ _ 4 4 _ _ _     
_ _ _ _ 2 4 _ _       
_ _ _ _ 3 2 _         
  _ _ _ _             
            _ _ _ _   
         _ _ _ _ _ _ _ 
        _ _ _ _ _ _ _ _ 
       _ _ _ _ _ 4 _ _ _ 
      _ _ 2 2 _ _ 2 3 _ _ 
       _ _ 4 _ 3 _ _ _ _   
      _ 3 _ 5 4 _ _ _ _ _   
       _ 3 _ _ 4 4 _ _ _     
        _ _ _ _ 2 4 _ _       
         _ _ _ _ 3 2 _         
            _ _ _ _             
starting iteration on above
I, player 2 did  S 3 5 M 5 7 which means 
            _ _ _ _   
        _ _ _ _ _ _ _ 
      _ _ _ _ _ _ _ 3 
    _ _ _ _ _ 4 _ _ _ 
  _ _ 2 2 _ _ 2 5 _ _ 
  _ _ 4 _ 3 _ _ _ _   
_ 3 _ 5 4 _ _ _ _ _   
_ 3 _ _ 4 4 _ _ _     
_ _ _ _ 2 4 _ _       
_ _ _ _ 3 2 _         
  _ _ _ _             
            _ _ _ _   
         _ _ _ _ _ _ _ 
        _ _ _ _ _ _ _ 3 
       _ _ _ _ _ 4 _ _ _ 
      _ _ 2 2 _ _ 2 5 _ _ 
       _ _ 4 _ 3 _ _ _ _   
      _ 3 _ 5 4 _ _ _ _ _   
       _ 3 _ _ 4 4 _ _ _     
        _ _ _ _ 2 4 _ _       
         _ _ _ _ 3 2 _         
            _ _ _ _             
He did S 2 3 M 4 7
lets see this one
            _ _ _ _   
        _ _ _ _ _ _ _ 
      _ _ _ _ _ _ _ 3 
    _ _ _ _ _ 4 _ _ _ 
  _ _ 2 2 _ _ 4 4 2 _ 
  _ _ 4 _ 3 _ _ _ _   
_ 3 _ 5 4 _ _ _ _ _   
_ 3 _ _ 4 4 _ _ _     
_ _ _ _ 2 4 _ _       
_ _ _ _ 3 2 _         
  _ _ _ _             
            _ _ _ _   
         _ _ _ _ _ _ _ 
        _ _ _ _ _ _ _ 3 
       _ _ _ _ _ 4 _ _ _ 
      _ _ 2 2 _ _ 4 4 2 _ 
       _ _ 4 _ 3 _ _ _ _   
      _ 3 _ 5 4 _ _ _ _ _   
       _ 3 _ _ 4 4 _ _ _     
        _ _ _ _ 2 4 _ _       
         _ _ _ _ 3 2 _         
            _ _ _ _             
starting iteration on above
I, player 2 did  S 5 7 M 3 2 which means 
            _ _ _ _   
        _ _ _ _ _ _ _ 
      _ _ _ _ 3 _ _ 5 
    _ _ _ _ _ 4 _ _ _ 
  _ _ 2 2 _ _ 4 4 2 _ 
  _ _ 4 _ 3 _ _ _ _   
_ 3 _ 5 4 _ _ _ _ _   
_ 3 _ _ 4 4 _ _ _     
_ _ _ _ 2 4 _ _       
_ _ _ _ 3 2 _         
  _ _ _ _             
            _ _ _ _   
         _ _ _ _ _ _ _ 
        _ _ _ _ 3 _ _ 5 
       _ _ _ _ _ 4 _ _ _ 
      _ _ 2 2 _ _ 4 4 2 _ 
       _ _ 4 _ 3 _ _ _ _   
      _ 3 _ 5 4 _ _ _ _ _   
       _ 3 _ _ 4 4 _ _ _     
        _ _ _ _ 2 4 _ _       
         _ _ _ _ 3 2 _         
            _ _ _ _             
He did S 2 11 M 1 5
lets see this one
            _ _ _ _   
        _ _ _ _ _ _ _ 
      _ _ _ _ 3 _ _ 5 
    _ _ _ _ _ 4 _ _ _ 
  _ _ 2 4 _ _ 4 4 2 _ 
  _ _ 4 2 3 _ _ _ _   
_ 3 _ 5 4 _ _ _ _ _   
_ 3 _ _ 4 4 _ _ _     
_ _ _ _ 2 4 _ _       
_ _ _ _ 3 2 _         
  _ _ _ _             
            _ _ _ _   
         _ _ _ _ _ _ _ 
        _ _ _ _ 3 _ _ 5 
       _ _ _ _ _ 4 _ _ _ 
      _ _ 2 4 _ _ 4 4 2 _ 
       _ _ 4 2 3 _ _ _ _   
      _ 3 _ 5 4 _ _ _ _ _   
       _ 3 _ _ 4 4 _ _ _     
        _ _ _ _ 2 4 _ _       
         _ _ _ _ 3 2 _         
            _ _ _ _             
starting iteration on above
I, player 2 did  S 3 2 M 2 4 which means 
            _ _ _ _   
        _ _ _ _ _ _ _ 
      _ _ _ _ 5 _ _ 5 
    _ _ _ _ _ 5 _ _ _ 
  _ _ 2 4 _ _ 5 4 2 _ 
  _ _ 4 2 3 _ 3 _ _   
_ 3 _ 5 4 _ _ _ _ _   
_ 3 _ _ 4 4 _ _ _     
_ _ _ _ 2 4 _ _       
_ _ _ _ 3 2 _         
  _ _ _ _             
            _ _ _ _   
         _ _ _ _ _ _ _ 
        _ _ _ _ 5 _ _ 5 
       _ _ _ _ _ 5 _ _ _ 
      _ _ 2 4 _ _ 5 4 2 _ 
       _ _ 4 2 3 _ 3 _ _   
      _ 3 _ 5 4 _ _ _ _ _   
       _ 3 _ _ 4 4 _ _ _     
        _ _ _ _ 2 4 _ _       
         _ _ _ _ 3 2 _         
            _ _ _ _             
He did S 1 5 M 4 3
lets see this one
            _ _ _ _   
        _ _ _ _ 2 _ _ 
      _ _ _ _ 4 _ _ 5 
    _ _ _ _ _ 5 _ _ _ 
  _ _ 2 4 _ _ 5 4 2 _ 
  _ _ 4 4 3 _ 3 _ _   
_ 3 _ 5 4 _ _ _ _ _   
_ 3 _ _ 4 4 _ _ _     
_ _ _ _ 2 4 _ _       
_ _ _ _ 3 2 _         
  _ _ _ _             
            _ _ _ _   
         _ _ _ _ 2 _ _ 
        _ _ _ _ 4 _ _ 5 
       _ _ _ _ _ 5 _ _ _ 
      _ _ 2 4 _ _ 5 4 2 _ 
       _ _ 4 4 3 _ 3 _ _   
      _ 3 _ 5 4 _ _ _ _ _   
       _ 3 _ _ 4 4 _ _ _     
        _ _ _ _ 2 4 _ _       
         _ _ _ _ 3 2 _         
            _ _ _ _             
starting iteration on above
I, player 2 did  S 0 0 M 3 15 which means 
            _ _ _ _   
        _ _ _ _ 2 _ _ 
      _ _ _ _ 4 _ _ 5 
    _ _ _ _ _ 5 _ _ _ 
  _ _ 2 4 _ _ 5 4 2 _ 
  _ 3 5 5 5 _ 3 _ _   
_ 3 _ 5 4 _ _ _ _ _   
_ 3 _ _ 4 4 _ _ _     
_ _ _ _ 2 4 _ _       
_ _ _ _ 3 2 _         
  _ _ _ _             
            _ _ _ _   
         _ _ _ _ 2 _ _ 
        _ _ _ _ 4 _ _ 5 
       _ _ _ _ _ 5 _ _ _ 
      _ _ 2 4 _ _ 5 4 2 _ 
       _ 3 5 5 5 _ 3 _ _   
      _ 3 _ 5 4 _ _ _ _ _   
       _ 3 _ _ 4 4 _ _ _     
        _ _ _ _ 2 4 _ _       
         _ _ _ _ 3 2 _         
            _ _ _ _             
He did S 3 16 M 2 8
lets see this one
            _ _ _ _   
        _ _ _ _ 2 _ _ 
      _ _ _ _ 4 _ _ 5 
    _ _ _ _ _ 5 _ _ _ 
  _ _ 4 4 _ _ 5 4 2 _ 
  _ 3 4 5 5 _ 3 _ _   
_ 3 _ 4 4 _ _ _ _ _   
_ 3 _ 2 4 4 _ _ _     
_ _ _ _ 2 4 _ _       
_ _ _ _ 3 2 _         
  _ _ _ _             
            _ _ _ _   
         _ _ _ _ 2 _ _ 
        _ _ _ _ 4 _ _ 5 
       _ _ _ _ _ 5 _ _ _ 
      _ _ 4 4 _ _ 5 4 2 _ 
       _ 3 4 5 5 _ 3 _ _   
      _ 3 _ 4 4 _ _ _ _ _   
       _ 3 _ 2 4 4 _ _ _     
        _ _ _ _ 2 4 _ _       
         _ _ _ _ 3 2 _         
            _ _ _ _             
starting iteration on above
I, player 2 did  S 2 4 M 4 10 which means 
            _ _ _ _   
        _ _ _ _ 2 _ _ 
      _ _ _ _ 4 _ _ 5 
    _ _ _ _ _ 5 _ _ _ 
  _ _ 4 4 _ _ 5 4 2 _ 
  _ 3 4 5 5 _ 5 _ _   
_ 3 _ 4 4 _ _ _ _ _   
_ 3 _ 2 4 4 _ 3 _     
_ _ _ _ 2 4 _ _       
_ _ _ _ 3 2 _         
  _ _ _ _             
            _ _ _ _   
         _ _ _ _ 2 _ _ 
        _ _ _ _ 4 _ _ 5 
       _ _ _ _ _ 5 _ _ _ 
      _ _ 4 4 _ _ 5 4 2 _ 
       _ 3 4 5 5 _ 5 _ _   
      _ 3 _ 4 4 _ _ _ _ _   
       _ 3 _ 2 4 4 _ 3 _     
        _ _ _ _ 2 4 _ _       
         _ _ _ _ 3 2 _         
            _ _ _ _             
He did S 3 10 M 3 11
lets see this one
            _ _ _ _   
        _ _ _ _ 2 _ _ 
      _ _ _ _ 4 _ _ 5 
    _ _ _ _ _ 5 _ _ _ 
  _ _ 4 4 _ _ 5 4 2 _ 
  _ 3 4 5 5 _ 5 _ _   
_ 3 _ 4 4 _ _ _ _ _   
_ 3 _ 2 4 4 _ 3 _     
_ _ _ 2 4 4 _ _       
_ _ _ _ 3 2 _         
  _ _ _ _             
            _ _ _ _   
         _ _ _ _ 2 _ _ 
        _ _ _ _ 4 _ _ 5 
       _ _ _ _ _ 5 _ _ _ 
      _ _ 4 4 _ _ 5 4 2 _ 
       _ 3 4 5 5 _ 5 _ _   
      _ 3 _ 4 4 _ _ _ _ _   
       _ 3 _ 2 4 4 _ 3 _     
        _ _ _ 2 4 4 _ _       
         _ _ _ _ 3 2 _         
            _ _ _ _             
starting iteration on above
I, player 2 did  S 4 10 M 3 7 which means 
            _ _ _ _   
        _ _ _ _ 2 _ _ 
      _ _ _ _ 4 _ _ 5 
    _ _ _ _ _ 5 _ _ _ 
  _ _ 4 4 _ _ 5 4 2 _ 
  _ 3 4 5 5 _ 5 _ _   
_ 3 _ 4 4 _ _ 3 _ _   
_ 3 _ 2 4 4 _ 5 _     
_ _ _ 2 4 4 _ _       
_ _ _ _ 3 2 _         
  _ _ _ _             
            _ _ _ _   
         _ _ _ _ 2 _ _ 
        _ _ _ _ 4 _ _ 5 
       _ _ _ _ _ 5 _ _ _ 
      _ _ 4 4 _ _ 5 4 2 _ 
       _ 3 4 5 5 _ 5 _ _   
      _ 3 _ 4 4 _ _ 3 _ _   
       _ 3 _ 2 4 4 _ 5 _     
        _ _ _ 2 4 4 _ _       
         _ _ _ _ 3 2 _         
            _ _ _ _             
He did S 4 12 M 4 9
lets see this one
            _ _ _ _   
        _ _ _ _ 2 _ _ 
      _ _ _ _ 4 _ _ 5 
    _ _ _ _ _ 5 _ _ _ 
  _ _ 4 4 _ _ 5 4 2 _ 
  _ 3 4 5 5 _ 5 _ _   
_ 3 _ 4 4 _ _ 3 2 _   
_ 3 _ 2 4 4 _ 4 _     
_ _ _ 2 4 4 _ _       
_ _ _ _ 3 4 _         
  _ _ _ _             
            _ _ _ _   
         _ _ _ _ 2 _ _ 
        _ _ _ _ 4 _ _ 5 
       _ _ _ _ _ 5 _ _ _ 
      _ _ 4 4 _ _ 5 4 2 _ 
       _ 3 4 5 5 _ 5 _ _   
      _ 3 _ 4 4 _ _ 3 2 _   
       _ 3 _ 2 4 4 _ 4 _     
        _ _ _ 2 4 4 _ _       
         _ _ _ _ 3 4 _         
            _ _ _ _             
starting iteration on above
I, player 2 did  S 4 19 M 1 3 which means 
            _ _ _ _   
        _ _ _ _ 2 _ _ 
      _ _ _ _ 4 _ _ 5 
    _ _ _ _ _ 5 _ _ _ 
  _ _ 4 4 _ _ 5 4 2 _ 
  _ 3 4 5 5 _ 5 _ _   
_ 5 _ 5 5 3 _ 3 2 _   
_ 3 _ 2 4 4 _ 4 _     
_ _ _ 2 4 4 _ _       
_ _ _ _ 3 4 _         
  _ _ _ _             
            _ _ _ _   
         _ _ _ _ 2 _ _ 
        _ _ _ _ 4 _ _ 5 
       _ _ _ _ _ 5 _ _ _ 
      _ _ 4 4 _ _ 5 4 2 _ 
       _ 3 4 5 5 _ 5 _ _   
      _ 5 _ 5 5 3 _ 3 2 _   
       _ 3 _ 2 4 4 _ 4 _     
        _ _ _ 2 4 4 _ _       
         _ _ _ _ 3 4 _         
            _ _ _ _             
He did S 2 8 M 1 1
lets see this one
            _ _ _ _   
        _ _ _ _ 2 _ _ 
      _ _ _ _ 4 _ _ 5 
    _ _ _ _ _ 5 _ _ _ 
  _ _ 4 4 _ 2 5 4 2 _ 
  _ 3 4 5 4 _ 5 _ _   
_ 5 _ 5 4 3 _ 3 2 _   
_ 3 _ 4 4 4 _ 4 _     
_ _ _ 2 4 4 _ _       
_ _ _ _ 3 4 _         
  _ _ _ _             
            _ _ _ _   
         _ _ _ _ 2 _ _ 
        _ _ _ _ 4 _ _ 5 
       _ _ _ _ _ 5 _ _ _ 
      _ _ 4 4 _ 2 5 4 2 _ 
       _ 3 4 5 4 _ 5 _ _   
      _ 5 _ 5 4 3 _ 3 2 _   
       _ 3 _ 4 4 4 _ 4 _     
        _ _ _ 2 4 4 _ _       
         _ _ _ _ 3 4 _         
            _ _ _ _             
starting iteration on above
I, player 2 did  S 3 7 M 5 13 RS 4 10 RE 2 2 X 5 13 which means 
            _ _ _ _   
        _ _ _ _ 2 _ _ 
      _ _ _ _ 4 _ _ 5 
    _ _ _ _ _ _ _ _ _ 
  _ _ 4 4 _ 2 _ 4 2 _ 
  _ 3 4 5 4 _ _ _ _   
_ 5 _ 5 4 3 _ _ 2 _   
_ 3 _ 4 4 4 _ _ _     
_ _ _ 2 4 4 _ _       
_ _ _ _ 3 4 _         
  _ _ _ _             
            _ _ _ _   
         _ _ _ _ 2 _ _ 
        _ _ _ _ 4 _ _ 5 
       _ _ _ _ _ _ _ _ _ 
      _ _ 4 4 _ 2 _ 4 2 _ 
       _ 3 4 5 4 _ _ _ _   
      _ 5 _ 5 4 3 _ _ 2 _   
       _ 3 _ 4 4 4 _ _ _     
        _ _ _ 2 4 4 _ _       
         _ _ _ _ 3 4 _         
            _ _ _ _             
He did S 4 7 M 4 8
lets see this one
            _ _ _ _   
        _ _ _ _ 2 _ _ 
      _ _ _ _ 4 _ _ 5 
    _ _ _ _ _ _ _ _ _ 
  _ _ 4 4 _ 2 _ 4 4 _ 
  _ 3 4 5 4 _ _ _ 2   
_ 5 _ 5 4 3 _ _ 2 _   
_ 3 _ 4 4 4 _ _ _     
_ _ _ 2 4 4 _ _       
_ _ _ _ 3 4 _         
  _ _ _ _             
            _ _ _ _   
         _ _ _ _ 2 _ _ 
        _ _ _ _ 4 _ _ 5 
       _ _ _ _ _ _ _ _ _ 
      _ _ 4 4 _ 2 _ 4 4 _ 
       _ 3 4 5 4 _ _ _ 2   
      _ 5 _ 5 4 3 _ _ 2 _   
       _ 3 _ 4 4 4 _ _ _     
        _ _ _ 2 4 4 _ _       
         _ _ _ _ 3 4 _         
            _ _ _ _             
starting iteration on above
I, player 2 did  S 4 13 M 3 8 which means 
            _ _ _ _   
        _ _ _ _ 2 _ _ 
      _ _ _ _ 4 _ _ 5 
    _ _ _ _ _ _ _ _ _ 
  _ _ 4 4 _ 2 _ 4 4 _ 
  _ 3 4 5 4 _ _ _ 2   
_ 5 _ 5 4 3 _ _ 2 _   
_ 3 _ 4 4 4 3 _ _     
_ _ _ 2 4 5 _ _       
_ _ _ _ 5 4 _         
  _ _ _ _             
            _ _ _ _   
         _ _ _ _ 2 _ _ 
        _ _ _ _ 4 _ _ 5 
       _ _ _ _ _ _ _ _ _ 
      _ _ 4 4 _ 2 _ 4 4 _ 
       _ 3 4 5 4 _ _ _ 2   
      _ 5 _ 5 4 3 _ _ 2 _   
       _ 3 _ 4 4 4 3 _ _     
        _ _ _ 2 4 5 _ _       
         _ _ _ _ 5 4 _         
            _ _ _ _             
He did S 4 3 M 3 3
lets see this one
            _ _ _ _   
        _ _ _ _ 4 _ _ 
      _ _ _ _ 4 2 _ 5 
    _ _ _ _ _ _ _ _ _ 
  _ _ 4 4 _ 2 _ 4 4 _ 
  _ 3 4 5 4 _ _ _ 2   
_ 5 _ 5 4 3 _ _ 2 _   
_ 3 _ 4 4 4 3 _ _     
_ _ _ 2 4 5 _ _       
_ _ _ _ 5 4 _         
  _ _ _ _             
            _ _ _ _   
         _ _ _ _ 4 _ _ 
        _ _ _ _ 4 2 _ 5 
       _ _ _ _ _ _ _ _ _ 
      _ _ 4 4 _ 2 _ 4 4 _ 
       _ 3 4 5 4 _ _ _ 2   
      _ 5 _ 5 4 3 _ _ 2 _   
       _ 3 _ 4 4 4 3 _ _     
        _ _ _ 2 4 5 _ _       
         _ _ _ _ 5 4 _         
            _ _ _ _             
starting iteration on above
I, player 2 did  S 3 8 M 3 13 which means 
            _ _ _ _   
        _ _ _ _ 4 _ _ 
      _ _ _ _ 4 2 _ 5 
    _ _ _ _ _ _ _ _ _ 
  _ _ 4 4 _ 2 _ 4 4 _ 
  _ 3 4 5 4 _ _ _ 2   
_ 5 _ 5 4 3 _ _ 2 _   
_ 3 3 5 5 5 5 _ _     
_ _ _ 2 4 5 _ _       
_ _ _ _ 5 4 _         
  _ _ _ _             
            _ _ _ _   
         _ _ _ _ 4 _ _ 
        _ _ _ _ 4 2 _ 5 
       _ _ _ _ _ _ _ _ _ 
      _ _ 4 4 _ 2 _ 4 4 _ 
       _ 3 4 5 4 _ _ _ 2   
      _ 5 _ 5 4 3 _ _ 2 _   
       _ 3 3 5 5 5 5 _ _     
        _ _ _ 2 4 5 _ _       
         _ _ _ _ 5 4 _         
            _ _ _ _             
He did S 1 1 M 4 11
lets see this one
            _ _ _ _   
        _ _ _ _ 4 _ _ 
      _ _ _ _ 4 2 _ 5 
    _ _ _ _ _ _ _ _ _ 
  _ _ 4 4 _ 4 _ 4 4 _ 
  _ 3 4 5 4 _ _ _ 2   
_ 5 _ 5 4 3 _ _ 2 _   
_ 3 3 5 5 5 4 _ _     
_ _ _ 2 4 5 2 _       
_ _ _ _ 5 4 _         
  _ _ _ _             
            _ _ _ _   
         _ _ _ _ 4 _ _ 
        _ _ _ _ 4 2 _ 5 
       _ _ _ _ _ _ _ _ _ 
      _ _ 4 4 _ 4 _ 4 4 _ 
       _ 3 4 5 4 _ _ _ 2   
      _ 5 _ 5 4 3 _ _ 2 _   
       _ 3 3 5 5 5 4 _ _     
        _ _ _ 2 4 5 2 _       
         _ _ _ _ 5 4 _         
            _ _ _ _             
starting iteration on above
I, player 2 did  S 3 13 M 5 18 which means 
            _ _ _ _   
        _ _ _ _ 4 _ _ 
      _ _ _ _ 4 2 _ 5 
    _ _ _ _ _ _ _ _ _ 
  _ _ 4 4 _ 4 _ 4 4 _ 
  _ 3 4 5 4 _ _ _ 2   
_ 5 _ 5 4 3 _ _ 2 _   
_ 3 5 5 5 5 4 _ _     
_ _ _ 2 4 5 2 _       
_ _ _ _ 5 4 _         
  _ 3 _ _             
            _ _ _ _   
         _ _ _ _ 4 _ _ 
        _ _ _ _ 4 2 _ 5 
       _ _ _ _ _ _ _ _ _ 
      _ _ 4 4 _ 4 _ 4 4 _ 
       _ 3 4 5 4 _ _ _ 2   
      _ 5 _ 5 4 3 _ _ 2 _   
       _ 3 5 5 5 5 4 _ _     
        _ _ _ 2 4 5 2 _       
         _ _ _ _ 5 4 _         
            _ 3 _ _             
He did S 3 11 M 4 14
lets see this one
            _ _ _ _   
        _ _ _ _ 4 _ _ 
      _ _ _ _ 4 2 _ 5 
    _ _ _ _ _ _ _ _ _ 
  _ _ 4 4 _ 4 _ 4 4 _ 
  _ 3 4 5 4 _ _ _ 2   
_ 5 _ 5 4 3 _ _ 2 _   
_ 3 5 5 5 5 4 _ _     
_ _ _ 4 4 5 2 _       
_ _ _ 2 5 4 _         
  _ 3 _ _             
            _ _ _ _   
         _ _ _ _ 4 _ _ 
        _ _ _ _ 4 2 _ 5 
       _ _ _ _ _ _ _ _ _ 
      _ _ 4 4 _ 4 _ 4 4 _ 
       _ 3 4 5 4 _ _ _ 2   
      _ 5 _ 5 4 3 _ _ 2 _   
       _ 3 5 5 5 5 4 _ _     
        _ _ _ 4 4 5 2 _       
         _ _ _ 2 5 4 _         
            _ 3 _ _             
starting iteration on above
I, player 2 did  S 4 18 M 2 0 RS 4 18 RE 2 6 X 2 0 which means 
            _ _ _ _   
        _ _ _ _ 4 _ _ 
      _ _ _ _ 4 2 _ 5 
    _ _ _ _ _ _ _ _ _ 
  _ _ 4 5 _ 4 _ 4 4 _ 
  _ 3 5 5 4 _ _ _ 2   
_ 5 _ 5 4 3 _ _ 2 _   
_ _ _ _ _ _ 4 _ _     
_ _ _ 4 4 5 2 _       
_ _ _ 2 5 4 _         
  _ 3 _ _             
            _ _ _ _   
         _ _ _ _ 4 _ _ 
        _ _ _ _ 4 2 _ 5 
       _ _ _ _ _ _ _ _ _ 
      _ _ 4 5 _ 4 _ 4 4 _ 
       _ 3 5 5 4 _ _ _ 2   
      _ 5 _ 5 4 3 _ _ 2 _   
       _ _ _ _ _ _ 4 _ _     
        _ _ _ 4 4 5 2 _       
         _ _ _ 2 5 4 _         
            _ 3 _ _             
He did S 4 9 M 5 12
lets see this one
            _ _ _ _   
        _ _ _ _ 4 _ _ 
      _ _ _ _ 4 2 _ 5 
    _ _ _ _ _ _ _ _ _ 
  _ _ 4 5 _ 4 _ 4 4 _ 
  _ 3 5 5 4 _ _ _ 2   
_ 5 _ 5 4 3 _ _ 4 _   
_ _ _ _ _ _ 4 _ 2     
_ _ _ 4 4 5 2 _       
_ _ _ 2 5 4 _         
  _ 3 _ _             
            _ _ _ _   
         _ _ _ _ 4 _ _ 
        _ _ _ _ 4 2 _ 5 
       _ _ _ _ _ _ _ _ _ 
      _ _ 4 5 _ 4 _ 4 4 _ 
       _ 3 5 5 4 _ _ _ 2   
      _ 5 _ 5 4 3 _ _ 4 _   
       _ _ _ _ _ _ 4 _ 2     
        _ _ _ 4 4 5 2 _       
         _ _ _ 2 5 4 _         
            _ 3 _ _             
starting iteration on above
I, player 2 did  S 3 15 M 4 20 which means 
            _ _ _ _   
        _ _ _ _ 4 _ _ 
      _ _ _ _ 4 2 _ 5 
    _ _ _ _ _ _ _ _ _ 
  _ _ 4 5 _ 4 _ 4 4 _ 
  3 5 5 5 4 _ _ _ 2   
_ 5 _ 5 4 3 _ _ 4 _   
_ _ _ _ _ _ 4 _ 2     
_ _ _ 4 4 5 2 _       
_ _ _ 2 5 4 _         
  _ 3 _ _             
            _ _ _ _   
         _ _ _ _ 4 _ _ 
        _ _ _ _ 4 2 _ 5 
       _ _ _ _ _ _ _ _ _ 
      _ _ 4 5 _ 4 _ 4 4 _ 
       3 5 5 5 4 _ _ _ 2   
      _ 5 _ 5 4 3 _ _ 4 _   
       _ _ _ _ _ _ 4 _ 2     
        _ _ _ 4 4 5 2 _       
         _ _ _ 2 5 4 _         
            _ 3 _ _             
He did S 4 8 M 5 11
lets see this one
            _ _ _ _   
        _ _ _ _ 4 _ _ 
      _ _ _ _ 4 2 _ 5 
    _ _ _ _ _ _ _ _ _ 
  _ _ 4 5 _ 4 _ 4 4 _ 
  3 5 5 5 4 _ _ _ 4   
_ 5 _ 5 4 3 _ _ 4 2   
_ _ _ _ _ _ 4 _ 2     
_ _ _ 4 4 5 2 _       
_ _ _ 2 5 4 _         
  _ 3 _ _             
            _ _ _ _   
         _ _ _ _ 4 _ _ 
        _ _ _ _ 4 2 _ 5 
       _ _ _ _ _ _ _ _ _ 
      _ _ 4 5 _ 4 _ 4 4 _ 
       3 5 5 5 4 _ _ _ 4   
      _ 5 _ 5 4 3 _ _ 4 2   
       _ _ _ _ _ _ 4 _ 2     
        _ _ _ 4 4 5 2 _       
         _ _ _ 2 5 4 _         
            _ 3 _ _             
starting iteration on above
I, player 2 did  S 1 3 M 1 0 which means 
            _ _ _ _   
        _ _ _ _ 4 _ _ 
      _ _ _ _ 4 2 _ 5 
    _ _ _ _ _ _ _ _ _ 
  _ _ 4 5 3 4 _ 4 4 _ 
  3 5 5 5 5 _ _ _ 4   
_ 5 _ 5 4 5 _ _ 4 2   
_ _ _ _ _ _ 4 _ 2     
_ _ _ 4 4 5 2 _       
_ _ _ 2 5 4 _         
  _ 3 _ _             
            _ _ _ _   
         _ _ _ _ 4 _ _ 
        _ _ _ _ 4 2 _ 5 
       _ _ _ _ _ _ _ _ _ 
      _ _ 4 5 3 4 _ 4 4 _ 
       3 5 5 5 5 _ _ _ 4   
      _ 5 _ 5 4 5 _ _ 4 2   
       _ _ _ _ _ _ 4 _ 2     
        _ _ _ 4 4 5 2 _       
         _ _ _ 2 5 4 _         
            _ 3 _ _             
He did S 3 3 M 3 4
lets see this one
            _ _ _ _   
        _ _ _ _ 4 _ _ 
      _ _ _ _ 4 4 _ 5 
    _ _ _ _ _ _ 2 _ _ 
  _ _ 4 5 3 4 _ 4 4 _ 
  3 5 5 5 5 _ _ _ 4   
_ 5 _ 5 4 5 _ _ 4 2   
_ _ _ _ _ _ 4 _ 2     
_ _ _ 4 4 5 2 _       
_ _ _ 2 5 4 _         
  _ 3 _ _             
            _ _ _ _   
         _ _ _ _ 4 _ _ 
        _ _ _ _ 4 4 _ 5 
       _ _ _ _ _ _ 2 _ _ 
      _ _ 4 5 3 4 _ 4 4 _ 
       3 5 5 5 5 _ _ _ 4   
      _ 5 _ 5 4 5 _ _ 4 2   
       _ _ _ _ _ _ 4 _ 2     
        _ _ _ 4 4 5 2 _       
         _ _ _ 2 5 4 _         
            _ 3 _ _             
starting iteration on above
I, player 2 did  S 4 20 M 4 18 RS 4 20 RE 0 0 X 5 18 which means 
            _ _ _ _   
        _ _ _ _ 4 _ _ 
      _ _ _ _ 4 4 _ 5 
    _ _ _ _ _ _ 2 _ _ 
  _ _ 4 5 3 4 _ 4 4 _ 
  _ _ _ _ _ _ _ _ 4   
_ 4 _ 5 4 5 _ _ 4 2   
_ 3 _ _ _ _ 4 _ 2     
_ _ _ 4 4 5 2 _       
_ _ _ 2 5 4 _         
  _ _ _ _             
            _ _ _ _   
         _ _ _ _ 4 _ _ 
        _ _ _ _ 4 4 _ 5 
       _ _ _ _ _ _ 2 _ _ 
      _ _ 4 5 3 4 _ 4 4 _ 
       _ _ _ _ _ _ _ _ 4   
      _ 4 _ 5 4 5 _ _ 4 2   
       _ 3 _ _ _ _ 4 _ 2     
        _ _ _ 4 4 5 2 _       
         _ _ _ 2 5 4 _         
            _ _ _ _             
