0 
4.03125 
-4.03125 
8.84375 
-8.84375 
10.4062 
-10.4062 
16.9062 
-16.9062 
60.9375 
-60.9375 
0.5 
-0.5 
193.75 
-193.75 
lets see this one
            _ _ _ _   
        _ _ _ _ _ _ _ 
      _ _ _ _ _ _ _ _ 
    _ _ _ _ _ _ _ _ _ 
  _ _ _ _ _ _ _ _ _ _ 
  _ _ _ _ _ _ _ _ _   
_ _ _ _ _ _ _ _ _ _   
_ _ _ _ _ _ _ _ _     
_ _ _ _ _ _ _ _       
_ _ _ _ _ _ _         
  _ _ _ _             
            _ _ _ _   
         _ _ _ _ _ _ _ 
        _ _ _ _ _ _ _ _ 
       _ _ _ _ _ _ _ _ _ 
      _ _ _ _ _ _ _ _ _ _ 
       _ _ _ _ _ _ _ _ _   
      _ _ _ _ _ _ _ _ _ _   
       _ _ _ _ _ _ _ _ _     
        _ _ _ _ _ _ _ _       
         _ _ _ _ _ _ _         
            _ _ _ _             
starting iteration on above
I did P 0 0
He did P 2 0
lets see this one
            _ _ _ _   
        _ _ _ _ _ _ _ 
      _ _ _ _ _ _ _ _ 
    _ _ _ 3 _ _ _ _ _ 
  _ _ _ _ _ _ _ _ _ _ 
  _ _ _ _ 2 _ _ _ _   
_ _ _ _ _ _ _ _ _ _   
_ _ _ _ _ _ _ _ _     
_ _ _ _ _ _ _ _       
_ _ _ _ _ _ _         
  _ _ _ _             
            _ _ _ _   
         _ _ _ _ _ _ _ 
        _ _ _ _ _ _ _ _ 
       _ _ _ 3 _ _ _ _ _ 
      _ _ _ _ _ _ _ _ _ _ 
       _ _ _ _ 2 _ _ _ _   
      _ _ _ _ _ _ _ _ _ _   
       _ _ _ _ _ _ _ _ _     
        _ _ _ _ _ _ _ _       
         _ _ _ _ _ _ _         
            _ _ _ _             
starting iteration on above
I did P 1 1
He did P 1 4
lets see this one
            _ _ _ _   
        _ _ _ _ _ _ _ 
      _ _ _ _ _ _ _ _ 
    _ _ _ 3 _ _ _ _ _ 
  _ _ _ _ _ 2 _ _ _ _ 
  _ _ _ _ 2 _ _ _ _   
_ _ _ _ 3 _ _ _ _ _   
_ _ _ _ _ _ _ _ _     
_ _ _ _ _ _ _ _       
_ _ _ _ _ _ _         
  _ _ _ _             
            _ _ _ _   
         _ _ _ _ _ _ _ 
        _ _ _ _ _ _ _ _ 
       _ _ _ 3 _ _ _ _ _ 
      _ _ _ _ _ 2 _ _ _ _ 
       _ _ _ _ 2 _ _ _ _   
      _ _ _ _ 3 _ _ _ _ _   
       _ _ _ _ _ _ _ _ _     
        _ _ _ _ _ _ _ _       
         _ _ _ _ _ _ _         
            _ _ _ _             
starting iteration on above
I did P 2 10
He did P 2 3
lets see this one
            _ _ _ _   
        _ _ _ _ _ _ _ 
      _ _ _ _ _ _ _ _ 
    _ _ _ 3 _ _ _ _ _ 
  _ _ _ _ _ 2 3 _ _ _ 
  _ _ 2 _ 2 _ _ _ _   
_ _ _ _ 3 _ _ _ _ _   
_ _ _ _ _ _ _ _ _     
_ _ _ _ _ _ _ _       
_ _ _ _ _ _ _         
  _ _ _ _             
            _ _ _ _   
         _ _ _ _ _ _ _ 
        _ _ _ _ _ _ _ _ 
       _ _ _ 3 _ _ _ _ _ 
      _ _ _ _ _ 2 3 _ _ _ 
       _ _ 2 _ 2 _ _ _ _   
      _ _ _ _ 3 _ _ _ _ _   
       _ _ _ _ _ _ _ _ _     
        _ _ _ _ _ _ _ _       
         _ _ _ _ _ _ _         
            _ _ _ _             
starting iteration on above
I did P 2 4
He did P 2 7
lets see this one
            _ _ _ _   
        _ _ _ _ _ _ _ 
      _ _ _ _ _ _ _ _ 
    _ _ _ 3 _ _ _ _ _ 
  _ _ _ _ _ 2 3 _ _ _ 
  _ _ 2 _ 2 _ 2 _ _   
_ _ _ _ 3 _ _ _ _ _   
_ _ _ _ 3 _ _ _ _     
_ _ _ _ _ _ _ _       
_ _ _ _ _ _ _         
  _ _ _ _             
            _ _ _ _   
         _ _ _ _ _ _ _ 
        _ _ _ _ _ _ _ _ 
       _ _ _ 3 _ _ _ _ _ 
      _ _ _ _ _ 2 3 _ _ _ 
       _ _ 2 _ 2 _ 2 _ _   
      _ _ _ _ 3 _ _ _ _ _   
       _ _ _ _ 3 _ _ _ _     
        _ _ _ _ _ _ _ _       
         _ _ _ _ _ _ _         
            _ _ _ _             
starting iteration on above
I did P 3 10
He did P 1 3
lets see this one
            _ _ _ _   
        _ _ _ _ _ _ _ 
      _ _ _ _ _ _ _ _ 
    _ _ _ 3 _ _ _ _ _ 
  _ _ _ _ _ 2 3 _ _ _ 
  _ _ 2 _ 2 _ 2 _ _   
_ _ _ _ 3 3 _ _ _ _   
_ _ _ _ 3 _ _ _ _     
_ _ _ _ 2 _ _ _       
_ _ _ _ _ _ _         
  _ _ _ _             
            _ _ _ _   
         _ _ _ _ _ _ _ 
        _ _ _ _ _ _ _ _ 
       _ _ _ 3 _ _ _ _ _ 
      _ _ _ _ _ 2 3 _ _ _ 
       _ _ 2 _ 2 _ 2 _ _   
      _ _ _ _ 3 3 _ _ _ _   
       _ _ _ _ 3 _ _ _ _     
        _ _ _ _ 2 _ _ _       
         _ _ _ _ _ _ _         
            _ _ _ _             
starting iteration on above
I, player 1 did  S 1 1 M 1 0 which means 
            _ _ _ _   
        _ _ _ _ _ _ _ 
      _ _ _ _ _ _ _ _ 
    _ _ _ 3 _ _ _ _ _ 
  _ _ _ _ 2 4 3 _ _ _ 
  _ _ 2 _ 2 _ 2 _ _   
_ _ _ _ 3 3 _ _ _ _   
_ _ _ _ 3 _ _ _ _     
_ _ _ _ 2 _ _ _       
_ _ _ _ _ _ _         
  _ _ _ _             
            _ _ _ _   
         _ _ _ _ _ _ _ 
        _ _ _ _ _ _ _ _ 
       _ _ _ 3 _ _ _ _ _ 
      _ _ _ _ 2 4 3 _ _ _ 
       _ _ 2 _ 2 _ 2 _ _   
      _ _ _ _ 3 3 _ _ _ _   
       _ _ _ _ 3 _ _ _ _     
        _ _ _ _ 2 _ _ _       
         _ _ _ _ _ _ _         
            _ _ _ _             
He did S 2 0 M 3 0
lets see this one
            _ _ _ _   
        _ _ _ _ _ _ _ 
      _ _ 3 _ _ _ _ _ 
    _ _ _ 5 _ _ _ _ _ 
  _ _ _ _ 2 4 3 _ _ _ 
  _ _ 2 _ 2 _ 2 _ _   
_ _ _ _ 3 3 _ _ _ _   
_ _ _ _ 3 _ _ _ _     
_ _ _ _ 2 _ _ _       
_ _ _ _ _ _ _         
  _ _ _ _             
            _ _ _ _   
         _ _ _ _ _ _ _ 
        _ _ 3 _ _ _ _ _ 
       _ _ _ 5 _ _ _ _ _ 
      _ _ _ _ 2 4 3 _ _ _ 
       _ _ 2 _ 2 _ 2 _ _   
      _ _ _ _ 3 3 _ _ _ _   
       _ _ _ _ 3 _ _ _ _     
        _ _ _ _ 2 _ _ _       
         _ _ _ _ _ _ _         
            _ _ _ _             
starting iteration on above
I, player 1 did  S 1 0 M 3 2 which means 
            _ _ _ _   
        _ _ _ _ _ _ _ 
      _ _ 3 _ 2 _ _ _ 
    _ _ _ 5 _ _ _ _ _ 
  _ _ _ _ 4 4 3 _ _ _ 
  _ _ 2 _ 2 _ 2 _ _   
_ _ _ _ 3 3 _ _ _ _   
_ _ _ _ 3 _ _ _ _     
_ _ _ _ 2 _ _ _       
_ _ _ _ _ _ _         
  _ _ _ _             
            _ _ _ _   
         _ _ _ _ _ _ _ 
        _ _ 3 _ 2 _ _ _ 
       _ _ _ 5 _ _ _ _ _ 
      _ _ _ _ 4 4 3 _ _ _ 
       _ _ 2 _ 2 _ 2 _ _   
      _ _ _ _ 3 3 _ _ _ _   
       _ _ _ _ 3 _ _ _ _     
        _ _ _ _ 2 _ _ _       
         _ _ _ _ _ _ _         
            _ _ _ _             
He did S 2 3 M 2 11
lets see this one
            _ _ _ _   
        _ _ _ _ _ _ _ 
      _ _ 3 _ 2 _ _ _ 
    _ _ _ 5 _ _ _ _ _ 
  _ _ _ 3 5 5 5 _ _ _ 
  _ _ 2 _ 2 _ 2 _ _   
_ _ _ _ 3 3 _ _ _ _   
_ _ _ _ 3 _ _ _ _     
_ _ _ _ 2 _ _ _       
_ _ _ _ _ _ _         
  _ _ _ _             
            _ _ _ _   
         _ _ _ _ _ _ _ 
        _ _ 3 _ 2 _ _ _ 
       _ _ _ 5 _ _ _ _ _ 
      _ _ _ 3 5 5 5 _ _ _ 
       _ _ 2 _ 2 _ 2 _ _   
      _ _ _ _ 3 3 _ _ _ _   
       _ _ _ _ 3 _ _ _ _     
        _ _ _ _ 2 _ _ _       
         _ _ _ _ _ _ _         
            _ _ _ _             
starting iteration on above
I, player 1 did  S 2 10 M 3 16 which means 
            _ _ _ _   
        _ _ _ _ _ _ _ 
      _ _ 3 _ 2 _ _ _ 
    _ _ _ 5 _ _ _ _ _ 
  _ _ 2 3 5 5 5 _ _ _ 
  _ _ 4 _ 2 _ 2 _ _   
_ _ _ _ 3 3 _ _ _ _   
_ _ _ _ 3 _ _ _ _     
_ _ _ _ 2 _ _ _       
_ _ _ _ _ _ _         
  _ _ _ _             
            _ _ _ _   
         _ _ _ _ _ _ _ 
        _ _ 3 _ 2 _ _ _ 
       _ _ _ 5 _ _ _ _ _ 
      _ _ 2 3 5 5 5 _ _ _ 
       _ _ 4 _ 2 _ 2 _ _   
      _ _ _ _ 3 3 _ _ _ _   
       _ _ _ _ 3 _ _ _ _     
        _ _ _ _ 2 _ _ _       
         _ _ _ _ _ _ _         
            _ _ _ _             
He did S 2 11 M 3 14
lets see this one
            _ _ _ _   
        _ _ _ _ _ _ _ 
      _ _ 3 _ 2 _ _ _ 
    _ _ _ 5 _ _ _ _ _ 
  _ _ 2 5 5 5 5 _ _ _ 
  _ _ 5 _ 2 _ 2 _ _   
_ _ 3 _ 3 3 _ _ _ _   
_ _ _ _ 3 _ _ _ _     
_ _ _ _ 2 _ _ _       
_ _ _ _ _ _ _         
  _ _ _ _             
            _ _ _ _   
         _ _ _ _ _ _ _ 
        _ _ 3 _ 2 _ _ _ 
       _ _ _ 5 _ _ _ _ _ 
      _ _ 2 5 5 5 5 _ _ _ 
       _ _ 5 _ 2 _ 2 _ _   
      _ _ 3 _ 3 3 _ _ _ _   
       _ _ _ _ 3 _ _ _ _     
        _ _ _ _ 2 _ _ _       
         _ _ _ _ _ _ _         
            _ _ _ _             
starting iteration on above
I, player 1 did  S 3 16 M 3 5 RS 3 16 RE 2 3 X 3 5 which means 
            _ _ _ _   
        _ _ _ _ _ _ _ 
      _ _ 3 _ 2 _ _ _ 
    _ _ _ 5 _ _ _ _ _ 
  _ _ _ _ _ _ _ _ _ _ 
  _ _ 5 _ 2 _ 2 _ _   
_ _ 3 _ 3 3 _ _ _ _   
_ _ _ _ 3 _ _ _ _     
_ _ _ _ 2 _ _ _       
_ _ _ _ _ _ _         
  _ _ _ _             
            _ _ _ _   
         _ _ _ _ _ _ _ 
        _ _ 3 _ 2 _ _ _ 
       _ _ _ 5 _ _ _ _ _ 
      _ _ _ _ _ _ _ _ _ _ 
       _ _ 5 _ 2 _ 2 _ _   
      _ _ 3 _ 3 3 _ _ _ _   
       _ _ _ _ 3 _ _ _ _     
        _ _ _ _ 2 _ _ _       
         _ _ _ _ _ _ _         
            _ _ _ _             
He did S 1 4 M 1 5
lets see this one
            _ _ _ _   
        _ _ _ _ _ _ _ 
      _ _ 3 _ 2 _ _ _ 
    _ _ _ 5 _ _ _ _ _ 
  _ _ _ _ _ _ _ _ _ _ 
  _ _ 5 3 2 _ 2 _ _   
_ _ 3 _ 5 3 _ _ _ _   
_ _ _ _ 3 _ _ _ _     
_ _ _ _ 2 _ _ _       
_ _ _ _ _ _ _         
  _ _ _ _             
            _ _ _ _   
         _ _ _ _ _ _ _ 
        _ _ 3 _ 2 _ _ _ 
       _ _ _ 5 _ _ _ _ _ 
      _ _ _ _ _ _ _ _ _ _ 
       _ _ 5 3 2 _ 2 _ _   
      _ _ 3 _ 5 3 _ _ _ _   
       _ _ _ _ 3 _ _ _ _     
        _ _ _ _ 2 _ _ _       
         _ _ _ _ _ _ _         
            _ _ _ _             
starting iteration on above
I, player 1 did  S 2 4 M 2 5 which means 
            _ _ _ _   
        _ _ _ _ _ _ _ 
      _ _ 3 _ 2 _ _ _ 
    _ _ _ 5 _ _ _ _ _ 
  _ _ _ _ _ _ _ _ _ _ 
  _ _ 5 3 2 _ 4 _ _   
_ _ 3 _ 5 3 2 _ _ _   
_ _ _ _ 3 _ _ _ _     
_ _ _ _ 2 _ _ _       
_ _ _ _ _ _ _         
  _ _ _ _             
            _ _ _ _   
         _ _ _ _ _ _ _ 
        _ _ 3 _ 2 _ _ _ 
       _ _ _ 5 _ _ _ _ _ 
      _ _ _ _ _ _ _ _ _ _ 
       _ _ 5 3 2 _ 4 _ _   
      _ _ 3 _ 5 3 2 _ _ _   
       _ _ _ _ 3 _ _ _ _     
        _ _ _ _ 2 _ _ _       
         _ _ _ _ _ _ _         
            _ _ _ _             
He did S 2 7 M 2 6
lets see this one
            _ _ _ _   
        _ _ _ _ _ _ _ 
      _ _ 3 _ 2 _ _ _ 
    _ _ _ 5 _ _ _ _ _ 
  _ _ _ _ _ _ _ _ _ _ 
  _ _ 5 3 2 _ 4 _ _   
_ _ 3 _ 5 3 2 _ _ _   
_ _ _ _ 5 3 _ _ _     
_ _ _ _ 2 _ _ _       
_ _ _ _ _ _ _         
  _ _ _ _             
            _ _ _ _   
         _ _ _ _ _ _ _ 
        _ _ 3 _ 2 _ _ _ 
       _ _ _ 5 _ _ _ _ _ 
      _ _ _ _ _ _ _ _ _ _ 
       _ _ 5 3 2 _ 4 _ _   
      _ _ 3 _ 5 3 2 _ _ _   
       _ _ _ _ 5 3 _ _ _     
        _ _ _ _ 2 _ _ _       
         _ _ _ _ _ _ _         
            _ _ _ _             
starting iteration on above
I, player 1 did  S 3 2 M 3 1 which means 
            _ _ _ _   
        _ _ _ _ _ _ _ 
      _ _ 3 2 4 _ _ _ 
    _ _ _ 5 _ _ _ _ _ 
  _ _ _ _ _ _ _ _ _ _ 
  _ _ 5 3 2 _ 4 _ _   
_ _ 3 _ 5 3 2 _ _ _   
_ _ _ _ 5 3 _ _ _     
_ _ _ _ 2 _ _ _       
_ _ _ _ _ _ _         
  _ _ _ _             
            _ _ _ _   
         _ _ _ _ _ _ _ 
        _ _ 3 2 4 _ _ _ 
       _ _ _ 5 _ _ _ _ _ 
      _ _ _ _ _ _ _ _ _ _ 
       _ _ 5 3 2 _ 4 _ _   
      _ _ 3 _ 5 3 2 _ _ _   
       _ _ _ _ 5 3 _ _ _     
        _ _ _ _ 2 _ _ _       
         _ _ _ _ _ _ _         
            _ _ _ _             
He did S 1 5 M 4 3
lets see this one
            _ _ _ _   
        _ _ _ _ 3 _ _ 
      _ _ 3 2 5 _ _ _ 
    _ _ _ 5 _ _ _ _ _ 
  _ _ _ _ _ _ _ _ _ _ 
  _ _ 5 5 2 _ 4 _ _   
_ _ 3 _ 5 3 2 _ _ _   
_ _ _ _ 5 3 _ _ _     
_ _ _ _ 2 _ _ _       
_ _ _ _ _ _ _         
  _ _ _ _             
            _ _ _ _   
         _ _ _ _ 3 _ _ 
        _ _ 3 2 5 _ _ _ 
       _ _ _ 5 _ _ _ _ _ 
      _ _ _ _ _ _ _ _ _ _ 
       _ _ 5 5 2 _ 4 _ _   
      _ _ 3 _ 5 3 2 _ _ _   
       _ _ _ _ 5 3 _ _ _     
        _ _ _ _ 2 _ _ _       
         _ _ _ _ _ _ _         
            _ _ _ _             
starting iteration on above
I, player 1 did  S 3 10 M 2 11 which means 
            _ _ _ _   
        _ _ _ _ 3 _ _ 
      _ _ 3 2 5 _ _ _ 
    _ _ _ 5 _ _ _ _ _ 
  _ _ _ 2 _ _ _ _ _ _ 
  _ _ 5 4 2 _ 4 _ _   
_ _ 3 _ 4 3 2 _ _ _   
_ _ _ _ 4 3 _ _ _     
_ _ _ _ 4 _ _ _       
_ _ _ _ _ _ _         
  _ _ _ _             
            _ _ _ _   
         _ _ _ _ 3 _ _ 
        _ _ 3 2 5 _ _ _ 
       _ _ _ 5 _ _ _ _ _ 
      _ _ _ 2 _ _ _ _ _ _ 
       _ _ 5 4 2 _ 4 _ _   
      _ _ 3 _ 4 3 2 _ _ _   
       _ _ _ _ 4 3 _ _ _     
        _ _ _ _ 4 _ _ _       
         _ _ _ _ _ _ _         
            _ _ _ _             
He did S 1 3 M 2 9
lets see this one
            _ _ _ _   
        _ _ _ _ 3 _ _ 
      _ _ 3 2 5 _ _ _ 
    _ _ _ 5 _ _ _ _ _ 
  _ _ _ 2 _ _ _ _ _ _ 
  _ _ 5 4 2 _ 4 _ _   
_ _ 3 3 5 5 2 _ _ _   
_ _ _ _ 4 3 _ _ _     
_ _ _ _ 4 _ _ _       
_ _ _ _ _ _ _         
  _ _ _ _             
            _ _ _ _   
         _ _ _ _ 3 _ _ 
        _ _ 3 2 5 _ _ _ 
       _ _ _ 5 _ _ _ _ _ 
      _ _ _ 2 _ _ _ _ _ _ 
       _ _ 5 4 2 _ 4 _ _   
      _ _ 3 3 5 5 2 _ _ _   
       _ _ _ _ 4 3 _ _ _     
        _ _ _ _ 4 _ _ _       
         _ _ _ _ _ _ _         
            _ _ _ _             
starting iteration on above
I, player 1 did  S 0 0 M 2 8 which means 
            _ _ _ _   
        _ _ _ _ 3 _ _ 
      _ _ 3 2 5 _ _ _ 
    _ _ _ 5 _ _ _ _ _ 
  _ _ _ 2 _ _ _ _ _ _ 
  _ _ 5 4 4 _ 4 _ _   
_ _ 3 3 4 5 2 _ _ _   
_ _ _ 2 4 3 _ _ _     
_ _ _ _ 4 _ _ _       
_ _ _ _ _ _ _         
  _ _ _ _             
            _ _ _ _   
         _ _ _ _ 3 _ _ 
        _ _ 3 2 5 _ _ _ 
       _ _ _ 5 _ _ _ _ _ 
      _ _ _ 2 _ _ _ _ _ _ 
       _ _ 5 4 4 _ 4 _ _   
      _ _ 3 3 4 5 2 _ _ _   
       _ _ _ 2 4 3 _ _ _     
        _ _ _ _ 4 _ _ _       
         _ _ _ _ _ _ _         
            _ _ _ _             
He did S 2 6 M 4 14
lets see this one
            _ _ _ _   
        _ _ _ _ 3 _ _ 
      _ _ 3 2 5 _ _ _ 
    _ _ _ 5 _ _ _ _ _ 
  _ _ _ 2 _ _ _ _ _ _ 
  _ _ 5 4 4 _ 4 _ _   
_ _ 3 3 4 5 2 _ _ _   
_ _ _ 2 4 5 _ _ _     
_ _ _ _ 5 _ _ _       
_ _ _ 3 _ _ _         
  _ _ _ _             
            _ _ _ _   
         _ _ _ _ 3 _ _ 
        _ _ 3 2 5 _ _ _ 
       _ _ _ 5 _ _ _ _ _ 
      _ _ _ 2 _ _ _ _ _ _ 
       _ _ 5 4 4 _ 4 _ _   
      _ _ 3 3 4 5 2 _ _ _   
       _ _ _ 2 4 5 _ _ _     
        _ _ _ _ 5 _ _ _       
         _ _ _ 3 _ _ _         
            _ _ _ _             
starting iteration on above
I, player 1 did  S 2 11 M 1 0 which means 
            _ _ _ _   
        _ _ _ _ 3 _ _ 
      _ _ 3 2 5 _ _ _ 
    _ _ _ 5 _ _ _ _ _ 
  _ _ _ 4 2 _ _ _ _ _ 
  _ _ 5 4 4 _ 4 _ _   
_ _ 3 3 4 5 2 _ _ _   
_ _ _ 2 4 5 _ _ _     
_ _ _ _ 5 _ _ _       
_ _ _ 3 _ _ _         
  _ _ _ _             
            _ _ _ _   
         _ _ _ _ 3 _ _ 
        _ _ 3 2 5 _ _ _ 
       _ _ _ 5 _ _ _ _ _ 
      _ _ _ 4 2 _ _ _ _ _ 
       _ _ 5 4 4 _ 4 _ _   
      _ _ 3 3 4 5 2 _ _ _   
       _ _ _ 2 4 5 _ _ _     
        _ _ _ _ 5 _ _ _       
         _ _ _ 3 _ _ _         
            _ _ _ _             
He did S 3 0 M 4 0
lets see this one
            _ _ _ _   
        _ 3 _ _ 3 _ _ 
      _ _ 5 2 5 _ _ _ 
    _ _ _ 5 _ _ _ _ _ 
  _ _ _ 4 2 _ _ _ _ _ 
  _ _ 5 4 4 _ 4 _ _   
_ _ 3 3 4 5 2 _ _ _   
_ _ _ 2 4 5 _ _ _     
_ _ _ _ 5 _ _ _       
_ _ _ 3 _ _ _         
  _ _ _ _             
            _ _ _ _   
         _ 3 _ _ 3 _ _ 
        _ _ 5 2 5 _ _ _ 
       _ _ _ 5 _ _ _ _ _ 
      _ _ _ 4 2 _ _ _ _ _ 
       _ _ 5 4 4 _ 4 _ _   
      _ _ 3 3 4 5 2 _ _ _   
       _ _ _ 2 4 5 _ _ _     
        _ _ _ _ 5 _ _ _       
         _ _ _ 3 _ _ _         
            _ _ _ _             
starting iteration on above
I, player 1 did  S 2 8 M 3 11 which means 
            _ _ _ _   
        _ 3 _ _ 3 _ _ 
      _ _ 5 2 5 _ _ _ 
    _ _ _ 5 _ _ _ _ _ 
  _ _ _ 4 2 _ _ _ _ _ 
  _ _ 5 4 4 _ 4 _ _   
_ _ 3 3 4 5 2 _ _ _   
_ _ _ 4 4 5 _ _ _     
_ _ _ 2 5 _ _ _       
_ _ _ 3 _ _ _         
  _ _ _ _             
            _ _ _ _   
         _ 3 _ _ 3 _ _ 
        _ _ 5 2 5 _ _ _ 
       _ _ _ 5 _ _ _ _ _ 
      _ _ _ 4 2 _ _ _ _ _ 
       _ _ 5 4 4 _ 4 _ _   
      _ _ 3 3 4 5 2 _ _ _   
       _ _ _ 4 4 5 _ _ _     
        _ _ _ 2 5 _ _ _       
         _ _ _ 3 _ _ _         
            _ _ _ _             
He did S 3 14 M 3 13
lets see this one
            _ _ _ _   
        _ 3 _ _ 3 _ _ 
      _ _ 5 2 5 _ _ _ 
    _ _ _ 5 _ _ _ _ _ 
  _ _ _ 4 2 _ _ _ _ _ 
  _ _ 5 4 4 _ 4 _ _   
_ _ 5 3 4 5 2 _ _ _   
_ _ 3 4 4 5 _ _ _     
_ _ _ 2 5 _ _ _       
_ _ _ 3 _ _ _         
  _ _ _ _             
            _ _ _ _   
         _ 3 _ _ 3 _ _ 
        _ _ 5 2 5 _ _ _ 
       _ _ _ 5 _ _ _ _ _ 
      _ _ _ 4 2 _ _ _ _ _ 
       _ _ 5 4 4 _ 4 _ _   
      _ _ 5 3 4 5 2 _ _ _   
       _ _ 3 4 4 5 _ _ _     
        _ _ _ 2 5 _ _ _       
         _ _ _ 3 _ _ _         
            _ _ _ _             
starting iteration on above
I, player 1 did  S 3 11 M 3 9 RS 3 10 RE 2 11 X 1 0 which means 
            _ _ _ _   
        _ 3 _ _ 3 _ _ 
      _ _ 5 2 5 _ _ _ 
    _ _ _ 5 _ _ _ _ _ 
  _ _ _ _ _ _ _ _ _ _ 
  _ _ 5 _ 4 _ 4 _ _   
_ _ 5 3 _ 5 2 _ _ _   
_ _ 3 4 _ 5 _ _ _     
_ _ _ 4 _ 2 _ _       
_ _ _ 3 _ _ _         
  _ _ _ _             
            _ _ _ _   
         _ 3 _ _ 3 _ _ 
        _ _ 5 2 5 _ _ _ 
       _ _ _ 5 _ _ _ _ _ 
      _ _ _ _ _ _ _ _ _ _ 
       _ _ 5 _ 4 _ 4 _ _   
      _ _ 5 3 _ 5 2 _ _ _   
       _ _ 3 4 _ 5 _ _ _     
        _ _ _ 4 _ 2 _ _       
         _ _ _ 3 _ _ _         
            _ _ _ _             
He did S 3 13 M 2 7
lets see this one
            _ _ _ _   
        _ 3 _ _ 3 _ _ 
      _ _ 5 2 5 _ _ _ 
    _ _ _ 5 _ _ _ _ _ 
  _ _ _ _ _ _ _ _ _ _ 
  _ _ 5 _ 4 _ 4 _ _   
_ _ 5 3 _ 5 2 _ _ _   
_ _ 5 5 3 5 _ _ _     
_ _ _ 4 _ 2 _ _       
_ _ _ 3 _ _ _         
  _ _ _ _             
            _ _ _ _   
         _ 3 _ _ 3 _ _ 
        _ _ 5 2 5 _ _ _ 
       _ _ _ 5 _ _ _ _ _ 
      _ _ _ _ _ _ _ _ _ _ 
       _ _ 5 _ 4 _ 4 _ _   
      _ _ 5 3 _ 5 2 _ _ _   
       _ _ 5 5 3 5 _ _ _     
        _ _ _ 4 _ 2 _ _       
         _ _ _ 3 _ _ _         
            _ _ _ _             
starting iteration on above
I, player 1 did  S 3 9 M 5 17 which means 
            _ _ _ _   
        _ 3 _ _ 3 _ _ 
      _ _ 5 2 5 _ _ _ 
    _ _ _ 5 _ _ _ _ _ 
  _ _ _ _ _ _ _ _ _ _ 
  _ _ 5 _ 4 _ 4 _ _   
_ _ 5 3 _ 5 2 _ _ _   
_ _ 5 5 3 5 _ _ _     
_ _ _ 4 _ 4 _ _       
_ _ _ 3 _ _ _         
  _ _ 2 _             
            _ _ _ _   
         _ 3 _ _ 3 _ _ 
        _ _ 5 2 5 _ _ _ 
       _ _ _ 5 _ _ _ _ _ 
      _ _ _ _ _ _ _ _ _ _ 
       _ _ 5 _ 4 _ 4 _ _   
      _ _ 5 3 _ 5 2 _ _ _   
       _ _ 5 5 3 5 _ _ _     
        _ _ _ 4 _ 4 _ _       
         _ _ _ 3 _ _ _         
            _ _ 2 _             
He did S 2 7 M 4 15
lets see this one
            _ _ _ _   
        _ 3 _ _ 3 _ _ 
      _ _ 5 2 5 _ _ _ 
    _ _ _ 5 _ _ _ _ _ 
  _ _ _ _ _ _ _ _ _ _ 
  _ _ 5 _ 4 _ 4 _ _   
_ _ 5 3 _ 5 2 _ _ _   
_ _ 5 5 5 5 _ _ _     
_ _ _ 5 _ 4 _ _       
_ _ 3 3 _ _ _         
  _ _ 2 _             
            _ _ _ _   
         _ 3 _ _ 3 _ _ 
        _ _ 5 2 5 _ _ _ 
       _ _ _ 5 _ _ _ _ _ 
      _ _ _ _ _ _ _ _ _ _ 
       _ _ 5 _ 4 _ 4 _ _   
      _ _ 5 3 _ 5 2 _ _ _   
       _ _ 5 5 5 5 _ _ _     
        _ _ _ 5 _ 4 _ _       
         _ _ 3 3 _ _ _         
            _ _ 2 _             
starting iteration on above
I, player 1 did  S 3 1 M 2 11 which means 
            _ _ _ _   
        _ 3 _ _ 3 _ _ 
      _ _ 5 4 5 _ _ _ 
    _ _ _ 4 _ _ _ _ _ 
  _ _ _ 2 _ _ _ _ _ _ 
  _ _ 5 _ 4 _ 4 _ _   
_ _ 5 3 _ 5 2 _ _ _   
_ _ 5 5 5 5 _ _ _     
_ _ _ 5 _ 4 _ _       
_ _ 3 3 _ _ _         
  _ _ 2 _             
            _ _ _ _   
         _ 3 _ _ 3 _ _ 
        _ _ 5 4 5 _ _ _ 
       _ _ _ 4 _ _ _ _ _ 
      _ _ _ 2 _ _ _ _ _ _ 
       _ _ 5 _ 4 _ 4 _ _   
      _ _ 5 3 _ 5 2 _ _ _   
       _ _ 5 5 5 5 _ _ _     
        _ _ _ 5 _ 4 _ _       
         _ _ 3 3 _ _ _         
            _ _ 2 _             
He did S 4 3 M 3 3
lets see this one
            _ _ _ _   
        _ 3 _ _ 5 _ _ 
      _ _ 5 4 5 3 _ _ 
    _ _ _ 4 _ _ _ _ _ 
  _ _ _ 2 _ _ _ _ _ _ 
  _ _ 5 _ 4 _ 4 _ _   
_ _ 5 3 _ 5 2 _ _ _   
_ _ 5 5 5 5 _ _ _     
_ _ _ 5 _ 4 _ _       
_ _ 3 3 _ _ _         
  _ _ 2 _             
            _ _ _ _   
         _ 3 _ _ 5 _ _ 
        _ _ 5 4 5 3 _ _ 
       _ _ _ 4 _ _ _ _ _ 
      _ _ _ 2 _ _ _ _ _ _ 
       _ _ 5 _ 4 _ 4 _ _   
      _ _ 5 3 _ 5 2 _ _ _   
       _ _ 5 5 5 5 _ _ _     
        _ _ _ 5 _ 4 _ _       
         _ _ 3 3 _ _ _         
            _ _ 2 _             
starting iteration on above
I, player 1 did  S 2 5 M 1 4 which means 
            _ _ _ _   
        _ 3 _ _ 5 _ _ 
      _ _ 5 4 5 3 _ _ 
    _ _ _ 4 _ _ _ _ _ 
  _ _ _ 2 _ _ _ _ _ _ 
  _ _ 5 _ 4 _ 4 _ _   
_ _ 5 3 2 4 4 _ _ _   
_ _ 5 5 5 5 _ _ _     
_ _ _ 5 _ 4 _ _       
_ _ 3 3 _ _ _         
  _ _ 2 _             
            _ _ _ _   
         _ 3 _ _ 5 _ _ 
        _ _ 5 4 5 3 _ _ 
       _ _ _ 4 _ _ _ _ _ 
      _ _ _ 2 _ _ _ _ _ _ 
       _ _ 5 _ 4 _ 4 _ _   
      _ _ 5 3 2 4 4 _ _ _   
       _ _ 5 5 5 5 _ _ _     
        _ _ _ 5 _ 4 _ _       
         _ _ 3 3 _ _ _         
            _ _ 2 _             
He did S 4 14 M 3 5
lets see this one
            _ _ _ _   
        _ 3 _ _ 5 _ _ 
      _ _ 5 4 5 3 _ _ 
    _ _ _ 4 _ _ _ _ _ 
  _ _ _ 2 _ _ _ 3 _ _ 
  _ _ 5 _ 4 _ 5 _ _   
_ _ 5 3 2 4 5 _ _ _   
_ _ 5 5 5 4 _ _ _     
_ _ _ 5 _ 4 _ _       
_ _ 3 5 _ _ _         
  _ _ 2 _             
            _ _ _ _   
         _ 3 _ _ 5 _ _ 
        _ _ 5 4 5 3 _ _ 
       _ _ _ 4 _ _ _ _ _ 
      _ _ _ 2 _ _ _ 3 _ _ 
       _ _ 5 _ 4 _ 5 _ _   
      _ _ 5 3 2 4 5 _ _ _   
       _ _ 5 5 5 4 _ _ _     
        _ _ _ 5 _ 4 _ _       
         _ _ 3 5 _ _ _         
            _ _ 2 _             
starting iteration on above
I, player 1 did  S 2 11 M 4 18 RS 3 14 RE 3 1 X 4 18 which means 
            _ _ _ _   
        _ 3 _ _ 5 _ _ 
      _ _ 5 _ 5 3 _ _ 
    _ _ _ _ _ _ _ _ _ 
  _ _ _ _ _ _ _ 3 _ _ 
  _ _ _ _ 4 _ 5 _ _   
_ _ _ 3 2 4 5 _ _ _   
_ _ 5 5 5 4 _ _ _     
_ _ _ 5 _ 4 _ _       
_ _ 3 5 _ _ _         
  _ _ 2 _             
            _ _ _ _   
         _ 3 _ _ 5 _ _ 
        _ _ 5 _ 5 3 _ _ 
       _ _ _ _ _ _ _ _ _ 
      _ _ _ _ _ _ _ 3 _ _ 
       _ _ _ _ 4 _ 5 _ _   
      _ _ _ 3 2 4 5 _ _ _   
       _ _ 5 5 5 4 _ _ _     
        _ _ _ 5 _ 4 _ _       
         _ _ 3 5 _ _ _         
            _ _ 2 _             
