***********************************

-> You are player 2
-> You are alloted a time of 120s

***********************************

Player 1 played : P 1 0
P 1 0 True
Time remaining is: 120s
You played : P 0 0
P 0 0 True
Player 1 played : P 1 2
P 1 2 True
Time remaining is: 120s
You played : P 1 1
P 1 1 True
Player 1 played : P 2 4
P 2 4 True
Time remaining is: 120s
You played : P 1 3
P 1 3 True
Player 1 played : P 2 0
P 2 0 True
Time remaining is: 120s
You played : P 1 4
P 1 4 True
Player 1 played : P 2 1
P 2 1 True
Time remaining is: 120s
You played : P 5 9
P 5 9 True
Player 1 played : S 2 0 M 2 10
S 2 0 True
M 2 10 True
Time remaining is: 120s
You played : S 1 4 M 2 8
S 1 4 True
M 2 8 True
Player 1 played : S 2 10 M 2 11
S 2 10 True
M 2 11 True
Time remaining is: 117s
You played : S 0 0 M 1 5
S 0 0 True
M 1 5 True
Player 1 played : S 1 2 M 3 8
S 1 2 True
M 3 8 True
Time remaining is: 114s
You played : S 1 3 M 2 6
S 1 3 True
M 2 6 True
Player 1 played : S 2 11 M 3 16
S 2 11 True
M 3 16 True
Time remaining is: 112s
You played : S 2 8 M 2 9
S 2 8 True
M 2 9 True
Player 1 played : S 3 8 M 4 13
S 3 8 True
M 4 13 True
Time remaining is: 111s
You played : S 2 6 M 3 9
S 2 6 True
M 3 9 True
Player 1 played : S 4 13 M 2 7
S 4 13 True
M 2 7 True
Time remaining is: 109s
You played : S 1 5 M 3 17
S 1 5 True
M 3 17 True
Player 1 played : S 2 7 M 2 3
S 2 7 True
M 2 3 True
Time remaining is: 109s
You played : S 3 9 M 3 12
S 3 9 True
M 3 12 True
Player 1 played : S 1 0 M 4 12
S 1 0 True
M 4 12 True
Time remaining is: 108s
You played : S 3 12 M 3 10
S 3 12 True
M 3 10 True
Player 1 played : S 2 3 M 3 11 RS 3 9 RE 1 0 X 2 4
S 2 3 True
M 3 11 True
RS 3 9 True
RE 1 0 True
X 2 4 True
Time remaining is: 103s
You played : S 3 10 M 5 18 RS 3 10 RE 2 11 X 5 9
S 3 10 True
M 5 18 True
RS 3 10 True
RE 2 11 True
X 5 9 True
Player 1 played : S 3 16 M 2 11
S 3 16 True
M 2 11 True
Time remaining is: 102s
You played : S 2 9 M 4 22
S 2 9 True
M 4 22 True
Player 1 played : S 2 11 M 3 14
S 2 11 True
M 3 14 True
Time remaining is: 101s
You played : S 1 1 M 2 5
S 1 1 True
M 2 5 True
Player 1 played : S 3 14 M 4 21
S 3 14 True
M 4 21 True
Time remaining is: 101s
You played : S 3 17 M 3 0
S 3 17 True
M 3 0 True
Player 1 played : S 4 12 M 1 0
S 4 12 True
M 1 0 True
Time remaining is: 100s
You played : S 3 0 M 3 1
S 3 0 True
M 3 1 True
Player 1 played : S 1 0 M 4 0
S 1 0 True
M 4 0 True
Time remaining is: 99s
You played : S 2 5 M 4 11
S 2 5 True
M 4 11 True
Player 1 played : S 3 11 M 3 4
S 3 11 True
M 3 4 True
Time remaining is: 99s
You played : S 4 11 M 5 14
S 4 11 True
M 5 14 True
Player 1 played : S 3 4 M 4 9
S 3 4 True
M 4 9 True
Time remaining is: 98s
You played : S 5 18 M 5 16
S 5 18 True
M 5 16 True
Player 1 played : S 4 9 M 1 3
S 4 9 True
M 1 3 True
Time remaining is: 98s
You played : S 5 14 M 4 14
S 5 14 True
M 4 14 True
Player 1 played : S 1 3 M 2 7
S 1 3 True
M 2 7 True
Time remaining is: 98s
You played : S 4 14 M 2 4
S 4 14 True
M 2 4 True
Player 1 played : S 2 7 M 4 10
S 2 7 True
M 4 10 True
Time remaining is: 98s
You played : S 2 4 M 0 0
S 2 4 True
M 0 0 True
Player 1 played : S 4 21 M 3 5
S 4 21 True
M 3 5 True
Time remaining is: 97s
You played : S 0 0 M 1 5
S 0 0 True
M 1 5 True
Player 1 played : S 4 0 M 2 6
S 4 0 True
M 2 6 True
Time remaining is: 97s
You played : S 1 5 M 1 4
S 1 5 True
M 1 4 True
Player 1 played : S 2 6 M 3 13
S 2 6 True
M 3 13 True
Time remaining is: 97s
You played : S 4 22 M 5 17
S 4 22 True
M 5 17 True
Player 1 played : S 3 5 M 3 10
S 3 5 True
M 3 10 True
Time remaining is: 96s
You played : S 1 4 M 4 19 RS 3 11 RE 3 16 X 3 1 RS 2 7 RE 3 17 X 5 16
S 1 4 True
M 4 19 True
RS 3 11 True
RE 3 16 True
X 3 1 True
RS 2 7 True
RE 3 17 True
X 5 16 True
YOU WIN!
Your Score : 9.012
Opponent's Score : 1.014
