Started the contest
1 5 120
5
Player is initialized! Now perform any move
Initial board configuration

Neighbours explored 61550
Neighbours explored 37665
Neighbours explored 50909
Neighbours explored 82404
Neighbours explored 1217775
Neighbours explored 725974
Neighbours explored 572330
Neighbours explored 490101
Neighbours explored 359150
Neighbours explored 180178
Neighbours explored 585998
Neighbours explored 252570
Neighbours explored 471941
Neighbours explored 185779
Neighbours explored 83363
Neighbours explored 108238
Neighbours explored 181670
Neighbours explored 11851883
Neighbours explored 4131890
Neighbours explored 1037883
Neighbours explored 2874935
Neighbours explored 417952
Neighbours explored 290397
Neighbours explored 34311
Neighbours explored 49680
Neighbours explored 43003
Neighbours explored 38668
***********************************

-> You are player 1
-> You are alloted a time of 120s

***********************************

Time remaining is: 120s
You played : P 0 0
P 0 0 True
Player 2 played : P 1 0
P 1 0 True
Time remaining is: 120s
You played : P 1 1
P 1 1 True
Player 2 played : P 1 3
P 1 3 True
Time remaining is: 120s
You played : P 1 2
P 1 2 True
Player 2 played : P 1 5
P 1 5 True
Time remaining is: 120s
You played : P 1 4
P 1 4 True
Player 2 played : P 2 4
P 2 4 True
Time remaining is: 120s
You played : P 2 0
P 2 0 True
Player 2 played : P 2 6
P 2 6 True
Time remaining is: 120s
You played : S 2 0 M 2 2
S 2 0 True
M 2 2 True
Player 2 played : S 1 0 M 3 0
S 1 0 True
M 3 0 True
Time remaining is: 120s
You played : S 1 2 M 4 5
S 1 2 True
M 4 5 True
Player 2 played : S 3 0 M 4 0
S 3 0 True
M 4 0 True
Time remaining is: 120s
You played : S 4 5 M 3 3
S 4 5 True
M 3 3 True
Player 2 played : S 1 3 M 2 3
S 1 3 True
M 2 3 True
Time remaining is: 120s
You played : S 1 4 M 2 7
S 1 4 True
M 2 7 True
Player 2 played : S 4 0 M 4 4
S 4 0 True
M 4 4 True
Time remaining is: 120s
You played : S 3 3 M 4 3
S 3 3 True
M 4 3 True
Player 2 played : S 4 4 M 4 6
S 4 4 True
M 4 6 True
Time remaining is: 117s
You played : S 4 3 M 5 3
S 4 3 True
M 5 3 True
Player 2 played : S 4 6 M 4 7
S 4 6 True
M 4 7 True
Time remaining is: 116s
You played : S 5 3 M 4 2
S 5 3 True
M 4 2 True
Player 2 played : S 4 7 M 4 8
S 4 7 True
M 4 8 True
Time remaining is: 114s
You played : S 4 2 M 5 6
S 4 2 True
M 5 6 True
Player 2 played : S 4 8 M 5 11
S 4 8 True
M 5 11 True
Time remaining is: 113s
You played : S 5 6 M 3 4
S 5 6 True
M 3 4 True
Player 2 played : S 5 11 M 5 4
S 5 11 True
M 5 4 True
Time remaining is: 112s
You played : S 2 2 M 3 2
S 2 2 True
M 3 2 True
Player 2 played : S 5 4 M 5 2
S 5 4 True
M 5 2 True
Time remaining is: 112s
You played : S 1 1 M 2 11
S 1 1 True
M 2 11 True
Player 2 played : S 2 3 M 5 9
S 2 3 True
M 5 9 True
Time remaining is: 110s
You played : S 3 2 M 5 7
S 3 2 True
M 5 7 True
Player 2 played : S 5 2 M 5 1
S 5 2 True
M 5 1 True
Time remaining is: 110s
You played : S 2 7 M 3 10
S 2 7 True
M 3 10 True
Player 2 played : S 5 1 M 2 5
S 5 1 True
M 2 5 True
Time remaining is: 108s
You played : S 2 11 M 3 1
S 2 11 True
M 3 1 True
Player 2 played : S 5 9 M 4 9
S 5 9 True
M 4 9 True
Time remaining is: 108s
You played : S 3 1 M 2 1
S 3 1 True
M 2 1 True
Player 2 played : S 4 9 M 3 5
S 4 9 True
M 3 5 True
Time remaining is: 108s
You played : S 3 4 M 3 11
S 3 4 True
M 3 11 True
Player 2 played : S 3 5 M 3 16
S 3 5 True
M 3 16 True
Time remaining is: 107s
You played : S 2 1 M 4 1 RS 4 6 RE 2 0 X 3 10
S 2 1 True
M 4 1 True
RS 4 6 True
RE 2 0 True
X 3 10 True
Player 2 played : S 2 5 M 2 1 RS 2 11 RE 3 5 X 2 1
S 2 5 True
M 2 1 True
RS 2 11 True
RE 3 5 True
X 2 1 True
Time remaining is: 107s
You played : S 4 1 M 2 1
S 4 1 True
M 2 1 True
Player 2 played : S 3 16 M 4 22
S 3 16 True
M 4 22 True
Time remaining is: 83s
You played : S 0 0 M 1 1
S 0 0 True
M 1 1 True
Player 2 played : S 1 5 M 2 11
S 1 5 True
M 2 11 True
Time remaining is: 73s
You played : S 2 1 M 2 0
S 2 1 True
M 2 0 True
Player 2 played : S 2 4 M 2 2
S 2 4 True
M 2 2 True
Time remaining is: 71s
You played : S 1 1 M 1 0 RS 1 2 RE 4 1 X 2 0
S 1 1 True
M 1 0 True
RS 1 2 True
RE 4 1 True
X 2 0 True
Player 2 played : S 2 2 M 2 8
S 2 2 True
M 2 8 True
Time remaining is: 65s
You played : S 3 11 M 1 2
S 3 11 True
M 1 2 True
Player 2 played : S 4 22 M 5 28
S 4 22 True
M 5 28 True
Time remaining is: 64s
You played : S 1 2 M 3 4
S 1 2 True
M 3 4 True
Player 2 played : S 2 8 M 1 1
S 2 8 True
M 1 1 True
Time remaining is: 63s
You played : S 3 4 M 2 1
S 3 4 True
M 2 1 True
Player 2 played : S 5 28 M 4 23
S 5 28 True
M 4 23 True
Time remaining is: 63s
You played : S 5 7 M 3 5
S 5 7 True
M 3 5 True
Player 2 played : S 1 1 M 2 3
S 1 1 True
M 2 3 True
Time remaining is: 63s
You played : S 3 5 M 3 6
S 3 5 True
M 3 6 True
Player 2 played : S 2 6 M 4 6
S 2 6 True
M 4 6 True
Time remaining is: 63s
You played : S 3 6 M 5 8
S 3 6 True
M 5 8 True
Player 2 played : S 2 3 M 3 7
S 2 3 True
M 3 7 True
Time remainNeighbours explored 10272
Neighbours explored 4070
Neighbours explored 65710
Neighbours explored 116399
ing is: 63s
You played : S 1 0 M 2 0
S 1 0 True
M 2 0 True
Player 2 played : S 2 11 M 3 10
S 2 11 True
M 3 10 True
Time remaining is: 62s
You played : S 2 0 M 3 17
S 2 0 True
M 3 17 True
Player 2 played : S 3 10 M 4 13
S 3 10 True
M 4 13 True
Time remaining is: 62s
You played : S 2 1 M 3 8
S 2 1 True
M 3 8 True
Player 2 played : RS 3 10 RE 3 5 X 4 23 S 3 7 M 2 5
RS 3 10 True
RE 3 5 True
X 4 23 True
S 3 7 True
M 2 5 True
Time remaining is: 62s
You played : S 3 17 M 3 10 RS 3 4 RE 3 17 X 5 8
S 3 17 True
M 3 10 True
RS 3 4 True
RE 3 17 True
X 5 8 True
YOU WIN!
Your Score : 8.014
Opponent's Score : 2.022
