***********************************

-> You are player 1
-> You are alloted a time of 120s

***********************************

Time remaining is: 120s
You played : P 0 0
P 0 0 True
Player 2 played : P 5 14
P 5 14 True
Time remaining is: 120s
You played : P 3 9
P 3 9 True
Player 2 played : P 5 13
P 5 13 True
Time remaining is: 120s
You played : P 3 8
P 3 8 True
Player 2 played : P 5 12
P 5 12 True
Time remaining is: 120s
You played : P 4 16
P 4 16 True
Player 2 played : P 5 11
P 5 11 True
Time remaining is: 120s
You played : P 4 20
P 4 20 True
Player 2 played : P 5 16
P 5 16 True
Time remaining is: 120s
You played : S 3 9 M 3 11
S 3 9 True
M 3 11 True
Player 2 played : S 5 11 M 3 7
S 5 11 True
M 3 7 True
Time remaining is: 119s
You played : S 4 20 M 4 22
S 4 20 True
M 4 22 True
Player 2 played : S 5 12 M 4 9
S 5 12 True
M 4 9 True
Time remaining is: 116s
You played : S 3 11 M 2 7
S 3 11 True
M 2 7 True
Player 2 played : S 5 13 M 3 10
S 5 13 True
M 3 10 True
Time remaining is: 114s
You played : S 4 16 M 3 12
S 4 16 True
M 3 12 True
Player 2 played : S 3 7 M 2 5
S 3 7 True
M 2 5 True
Time remaining is: 111s
You played : S 4 22 M 4 21
S 4 22 True
M 4 21 True
Player 2 played : S 4 9 M 4 10
S 4 9 True
M 4 10 True
Time remaining is: 108s
You played : S 4 21 M 2 11
S 4 21 True
M 2 11 True
Player 2 played : S 2 5 M 1 3
S 2 5 True
M 1 3 True
Time remaining is: 107s
You played : S 3 12 M 5 22
S 3 12 True
M 5 22 True
Player 2 played : S 1 3 M 5 24 RS 1 3 RE 5 11 X 5 16
S 1 3 True
M 5 24 True
RS 1 3 True
RE 5 11 True
X 5 16 True
Time remaining is: 101s
You played : S 5 22 M 4 17
S 5 22 True
M 4 17 True
Player 2 played : S 4 10 M 4 11
S 4 10 True
M 4 11 True
Time remaining is: 98s
You played : S 4 17 M 4 18
S 4 17 True
M 4 18 True
Player 2 played : S 5 14 M 4 14
S 5 14 True
M 4 14 True
Time remaining is: 91s
You played : S 4 18 M 3 14
S 4 18 True
M 3 14 True
Player 2 played : S 5 24 M 4 19
S 5 24 True
M 4 19 True
Time remaining is: 85s
You played : S 3 14 M 3 13
S 3 14 True
M 3 13 True
Player 2 played : S 4 14 M 2 8
S 4 14 True
M 2 8 True
Time remaining is: 80s
You played : S 2 7 M 4 15
S 2 7 True
M 4 15 True
Player 2 played : S 2 8 M 5 17
S 2 8 True
M 5 17 True
Time remaining is: 77s
You played : S 4 15 M 1 3
S 4 15 True
M 1 3 True
Player 2 played : S 4 19 M 5 19
S 4 19 True
M 5 19 True
Time remaining is: 70s
You played : S 3 13 M 5 23
S 3 13 True
M 5 23 True
Player 2 played : S 5 17 M 2 9
S 5 17 True
M 2 9 True
Time remaining is: 66s
You played : S 0 0 M 2 4
S 0 0 True
M 2 4 True
Player 2 played : S 3 10 M 5 18
S 3 10 True
M 5 18 True
Time remaining is: 53s
You played : S 5 23 M 3 15
S 5 23 True
M 3 15 True
Player 2 played : S 4 11 M 5 16 RS 3 11 RE 5 13 X 2 9
S 4 11 True
M 5 16 True
RS 3 11 True
RE 5 13 True
X 2 9 True
Time remaining is: 51s
You played : S 3 15 M 4 1 RS 4 15 RE 3 15 X 3 8
S 3 15 True
M 4 1 True
RS 4 15 True
RE 3 15 True
X 3 8 True
Player 2 played : S 5 16 M 4 11
S 5 16 True
M 4 11 True
Time remaining is: 49s
You played : S 2 4 M 3 7
S 2 4 True
M 3 7 True
Player 2 played : S 5 19 M 5 26
S 5 19 True
M 5 26 True
Time remaining is: 47s
You played : S 3 7 M 5 13
S 3 7 True
M 5 13 True
Player 2 played : S 5 26 M 3 16
S 5 26 True
M 3 16 True
Time remaining is: 45s
You played : S 5 13 M 5 11
S 5 13 True
M 5 11 True
Player 2 played : S 3 16 M 2 9
S 3 16 True
M 2 9 True
Time remaining is: 42s
You played : S 5 11 M 4 7
S 5 11 True
M 4 7 True
Player 2 played : S 4 11 M 4 9
S 4 11 True
M 4 9 True
Time remaining is: 41s
You played : S 1 3 M 3 11
S 1 3 True
M 3 11 True
Player 2 played : S 2 9 M 5 21 RS 4 17 RE 5 26 X 5 21
S 2 9 True
M 5 21 True
RS 4 17 True
RE 5 26 True
X 5 21 True
OTHER PLAYER WINS!
Your Score : 1.014
Opponent's Score : 9.01
