5
2 10
2 10
3 3
1 3
0.000134
3 1
0.000232
3 4
1 4
4 16
4 14
0 0
4 8
4 7
3 16
4 13
0.0004
0 0
2 11
2 8
0 0
1 0
3 17
0 0
3 8
2 3
0.000651
4 12
2 6
2 5
0.001525
1.81536
3.39368
4.85578
6.14676
7.11457
8.15705
9.58791
10.5736
11.6785
12.3788
13.0555
14.2324
15.1832
15.8485
16.6909
17.8914
19.7295
20.5749
***********************************

-> You are player 1
-> You are alloted a time of 120s

***********************************

Time remaining is: 120s
You played : P 2 10
P 2 10 True
Player 2 played : P 0 0
P 0 0 True
Time remaining is: 119s
You played : P 3 1
P 3 1 True
Player 2 played : P 1 2
P 1 2 True
Time remaining is: 119s
You played : P 4 14
P 4 14 True
Player 2 played : P 5 28
P 5 28 True
Time remaining is: 119s
You played : P 2 11
P 2 11 True
Player 2 played : P 3 14
P 3 14 True
Time remaining is: 119s
You played : P 2 6
P 2 6 True
Player 2 played : P 2 0
P 2 0 True
Time remaining is: 119s
You played : S 4 14 M 3 10
S 4 14 True
M 3 10 True
Player 2 played : S 1 2 M 3 11
S 1 2 True
M 3 11 True
Time remaining is: 117s
You played : S 3 10 M 5 18
S 3 10 True
M 5 18 True
Player 2 played : S 2 0 M 5 8
S 2 0 True
M 5 8 True
Time remaining is: 116s
You played : S 2 11 M 3 17
S 2 11 True
M 3 17 True
Player 2 played : S 3 11 M 3 9
S 3 11 True
M 3 9 True
Time remaining is: 114s
You played : S 3 17 M 3 0
S 3 17 True
M 3 0 True
Player 2 played : S 5 28 M 4 23
S 5 28 True
M 4 23 True
Time remaining is: 113s
You played : S 2 10 M 3 16
S 2 10 True
M 3 16 True
Player 2 played : S 4 23 M 1 5
S 4 23 True
M 1 5 True
Time remaining is: 112s
You played : S 3 16 M 3 15
S 3 16 True
M 3 15 True
Player 2 played : S 1 5 M 1 4
S 1 5 True
M 1 4 True
Time remaining is: 111s
You played : S 3 15 M 4 19
S 3 15 True
M 4 19 True
Player 2 played : S 1 4 M 2 8 RS 1 4 RE 4 23 X 3 9
S 1 4 True
M 2 8 True
RS 1 4 True
RE 4 23 True
X 3 9 True
Time remaining is: 109s
You played : S 4 19 M 3 17
S 4 19 True
M 3 17 True
Player 2 played : S 0 0 M 4 20
S 0 0 True
M 4 20 True
Time remaining is: 108s
You played : S 3 17 M 5 23
S 3 17 True
M 5 23 True
Player 2 played : S 5 8 M 4 22
S 5 8 True
M 4 22 True
Time remaining is: 107s
You played : S 5 23 M 5 24
S 5 23 True
M 5 24 True
Player 2 played : S 4 22 M 2 9
S 4 22 True
M 2 9 True
Time remaining is: 106s
You played : S 2 6 M 2 5
S 2 6 True
M 2 5 True
Player 2 played : S 3 14 M 2 11
S 3 14 True
M 2 11 True
Time remaining is: 106s
You played : S 2 5 M 2 4
S 2 5 True
M 2 4 True
Player 2 played : S 2 9 M 3 7 RS 2 9 RE 5 28 X 4 20
S 2 9 True
M 3 7 True
RS 2 9 True
RE 5 28 True
X 4 20 True
Time remaining is: 105s
You played : S 2 4 M 3 5
S 2 4 True
M 3 5 True
Player 2 played : S 3 7 M 2 3
S 3 7 True
M 2 3 True
Time remaining is: 104s
You played : S 3 1 M 3 8
S 3 1 True
M 3 8 True
Player 2 played : S 2 11 M 4 18
S 2 11 True
M 4 18 True
Time remaining is: 103s
You played : S 3 8 M 3 6
S 3 8 True
M 3 6 True
Player 2 played : S 2 8 M 1 1
S 2 8 True
M 1 1 True
Time remaining is: 102s
You played : S 5 24 M 4 20
S 5 24 True
M 4 20 True
Player 2 played : S 1 1 M 4 11
S 1 1 True
M 4 11 True
Time remaining is: 101s
You played : S 3 6 M 3 9
S 3 6 True
M 3 9 True
Player 2 played : S 4 11 M 4 10
S 4 11 True
M 4 10 True
Time remaining is: 99s
You played : S 3 9 M 4 7
S 3 9 True
M 4 7 True
Player 2 played : RS 4 11 RE 1 1 X 2 3
RS 4 11 True
RE 1 1 True
X 2 3 True
OTHER PLAYER WINS!
Your Score : 0.009
Opponent's Score : 10.011
