My MOVE: P 0 0 
My MOVE: P 1 4 
My MOVE: P 1 5 
My MOVE: P 2 8 
My MOVE: P 5 21 
My MOVE: S 1 4 M 1 3 
My MOVE: S 0 0 M 1 0 
My MOVE: S 1 0 M 1 1 
My MOVE: S 1 1 M 2 1 
My MOVE: S 1 3 M 2 3 
My MOVE: S 2 1 M 2 0 
My MOVE: S 2 3 M 3 5 
My MOVE: S 3 5 M 4 7 
My MOVE: S 4 7 M 3 7 RS 1 0 RE 4 7 X 2 0 
My MOVE: S 2 8 M 2 10 
My MOVE: S 1 5 M 1 0 
My MOVE: S 5 21 M 5 24 
My MOVE: S 3 7 M 4 19 
My MOVE: S 4 19 M 3 16 
My MOVE: S 3 16 M 3 17 
My MOVE: S 1 0 M 2 0 
My MOVE: S 5 24 M 5 23 
My MOVE: S 5 23 M 5 22 
My MOVE: S 5 22 M 3 12 
My MOVE: S 3 17 M 4 22 
My MOVE: S 4 22 M 4 0 
My MOVE: S 3 12 M 1 1 
My MOVE: S 2 10 M 1 2 
My MOVE: S 2 0 M 2 2 
My MOVE: S 1 2 M 2 3 RS 3 15 RE 1 2 X 2 2 
My MOVE: S 2 3 M 1 2 
***********************************

-> You are player 2
-> You are alloted a time of 120s

***********************************

Player 1 played : P 5 29
P 5 29 True
Time remaining is: 120s
You played : P 0 0
P 0 0 True
Player 1 played : P 5 28
P 5 28 True
Time remaining is: 120s
You played : P 1 4
P 1 4 True
Player 1 played : P 5 27
P 5 27 True
Time remaining is: 119s
You played : P 1 5
P 1 5 True
Player 1 played : P 5 26
P 5 26 True
Time remaining is: 118s
You played : P 2 8
P 2 8 True
Player 1 played : P 5 1
P 5 1 True
Time remaining is: 118s
You played : P 5 21
P 5 21 True
Player 1 played : S 5 29 M 4 0
S 5 29 True
M 4 0 True
Time remaining is: 118s
You played : S 1 4 M 1 3
S 1 4 True
M 1 3 True
Player 1 played : S 4 0 M 4 2
S 4 0 True
M 4 2 True
Time remaining is: 110s
You played : S 0 0 M 1 0
S 0 0 True
M 1 0 True
Player 1 played : S 4 2 M 4 3
S 4 2 True
M 4 3 True
Time remaining is: 94s
You played : S 1 0 M 1 1
S 1 0 True
M 1 1 True
Player 1 played : S 5 1 M 4 1
S 5 1 True
M 4 1 True
Time remaining is: 79s
You played : S 1 1 M 2 1
S 1 1 True
M 2 1 True
Player 1 played : S 4 3 M 3 2
S 4 3 True
M 3 2 True
Time remaining is: 58s
You played : S 1 3 M 2 3
S 1 3 True
M 2 3 True
Player 1 played : S 4 1 M 3 0 RS 5 29 RE 4 3 X 3 2
S 4 1 True
M 3 0 True
RS 5 29 True
RE 4 3 True
X 3 2 True
Time remaining is: 22s
You played : S 2 1 M 2 0
S 2 1 True
M 2 0 True
Player 1 played : S 5 28 M 2 9
S 5 28 True
M 2 9 True
Time remaining is: 21s
You played : S 2 3 M 3 5
S 2 3 True
M 3 5 True
Player 1 played : S 5 27 M 3 14
S 5 27 True
M 3 14 True
Time remaining is: 21s
You played : S 3 5 M 4 7
S 3 5 True
M 4 7 True
Player 1 played : S 2 9 M 2 5
S 2 9 True
M 2 5 True
Time remaining is: 21s
You played : S 4 7 M 3 7 RS 1 0 RE 4 7 X 2 0
S 4 7 True
M 3 7 True
RS 1 0 True
RE 4 7 True
X 2 0 True
Player 1 played : S 3 14 M 4 21
S 3 14 True
M 4 21 True
Time remaining is: 19s
You played : S 2 8 M 2 10
S 2 8 True
M 2 10 True
Player 1 played : S 4 21 M 3 15
S 4 21 True
M 3 15 True
Time remaining is: 19s
You played : S 1 5 M 1 0
S 1 5 True
M 1 0 True
Player 1 played : S 5 26 M 4 17
S 5 26 True
M 4 17 True
Time remaining is: 18s
You played : S 5 21 M 5 24
S 5 21 True
M 5 24 True
Player 1 played : S 2 5 M 3 1
S 2 5 True
M 3 1 True
Time remaining is: 18s
You played : S 3 7 M 4 19
S 3 7 True
M 4 19 True
Player 1 played : S 3 15 M 3 13
S 3 15 True
M 3 13 True
Time remaining is: 17s
You played : S 4 19 M 3 16
S 4 19 True
M 3 16 True
Player 1 played : S 4 17 M 4 20
S 4 17 True
M 4 20 True
Time remaining is: 17s
You played : S 3 16 M 3 17
S 3 16 True
M 3 17 True
Player 1 played : S 3 1 M 4 1
S 3 1 True
M 4 1 True
Time remaining is: 17s
You played : S 1 0 M 2 0
S 1 0 True
M 2 0 True
Player 1 played : S 4 1 M 5 29
S 4 1 True
M 5 29 True
Time remaining is: 17s
You played : S 5 24 M 5 23
S 5 24 True
M 5 23 True
Player 1 played : S 3 13 M 4 18
S 3 13 True
M 4 18 True
Time remaining is: 17s
You played : S 5 23 M 5 22
S 5 23 True
M 5 22 True
Player 1 played : S 5 29 M 4 23
S 5 29 True
M 4 23 True
Time remaining is: 17s
You played : S 5 22 M 3 12
S 5 22 True
M 3 12 True
Player 1 played : S 4 18 M 4 16
S 4 18 True
M 4 16 True
Time remaining is: 16s
You played : S 3 17 M 4 22
S 3 17 True
M 4 22 True
Player 1 played : S 4 23 M 2 11
S 4 23 True
M 2 11 True
Time remaining is: 16s
You played : S 4 22 M 4 0
S 4 22 True
M 4 0 True
Player 1 played : S 2 11 M 2 7
S 2 11 True
M 2 7 True
Time remaining is: 16s
You played : S 3 12 M 1 1
S 3 12 True
M 1 1 True
Player 1 played : S 2 7 M 2 6
S 2 7 True
M 2 6 True
Time remaining is: 16s
You played : S 2 10 M 1 2
S 2 10 True
M 1 2 True
Player 1 played : S 4 16 M 5 19
S 4 16 True
M 5 19 True
Time remaining is: 16s
You played : S 2 0 M 2 2
S 2 0 True
M 2 2 True
Player 1 played : S 2 6 M 3 8 RS 4 18 RE 2 6 X 5 19
S 2 6 True
M 3 8 True
RS 4 18 True
RE 2 6 True
X 5 19 True
Time remaining is: 16s
You played : S 1 2 M 2 3 RS 3 15 RE 1 2 X 2 2
S 1 2 True
M 2 3 True
RS 3 15 True
RE 1 2 True
X 2 2 True
Player 1 played : S 3 0 M 0 0
S 3 0 True
M 0 0 True
Time remaining is: 15s
You played : S 2 3 M 1 2
S 2 3 True
M 1 2 True
Player 1 played : S My MOVE: S 4 0 M 4 2 
My MOVE: S 4 2 M 4 3 
3 8 M 4 18
S 3 8 True
M 4 18 True
Time remaining is: 15s
You played : S 4 0 M 4 2
S 4 0 True
M 4 2 True
Player 1 played : S 4 20 M 2 10
S 4 20 True
M 2 10 True
Time remaining is: 15s
You played : S 4 2 M 4 3
S 4 2 True
M 4 3 True
Player 1 played : S 0 0 M 2 6 RS 1 3 RE 3 0 X 2 6
S 0 0 True
M 2 6 True
RS 1 3 True
RE 3 0 True
X 2 6 True
OTHER PLAYER WINS!
Your Score : 2.016
Opponent's Score : 8.016
