-----------------------------My Move P 5 29
  
            0     .              
         .     .     .           
      .     .     .     .        
   .     .     .     .     .     
      .     .     .     .        
   .     .     .     .     .     
.     .     .     .     .     .  
   .     .     .     .     .     
.     .     .     .     .     .  
   .     .     .     .     .     
.     .     .     .     .     .  
   .     .     .     .     .     
.     .     .     .     .     .  
   .     .     .     .     .     
      .     .     .     .        
   .     .     .     .     .     
      .     .     .     .        
         .     .     .           
            .     .              
-----------------------------Opp Move P 0 0
0:0 1:3 2:0 3:0 4:0 5:0 6:3 7:0 8:0 9:0 10:0 0:0 1:3 2:0 3:0 4:0 5:0 6:3 7:0 8:0 9:0 10:0   
            0     .              
         .     .     .           
      .     .     .     .        
   .     .     .     .     .     
      .     .     .     .        
   .     .     .     .     .     
.     .     .     .     .     .  
   .     .     .     .     .     
.     .     .     .     .     .  
   .     .     #     .     .     
.     .     .     .     .     .  
   .     .     .     .     .     
.     .     .     .     .     .  
   .     .     .     .     .     
      .     .     .     .        
   .     .     .     .     .     
      .     .     .     .        
         .     .     .           
            .     .              
-----------------------------My Move P 5 28
  
            0     .              
         0     .     .           
      .     .     .     .        
   .     .     .     .     .     
      .     .     .     .        
   .     .     .     .     .     
.     .     .     .     .     .  
   .     .     .     .     .     
.     .     .     .     .     .  
   .     .     #     .     .     
.     .     .     .     .     .  
   .     .     .     .     .     
.     .     .     .     .     .  
   .     .     .     .     .     
      .     .     .     .        
   .     .     .     .     .     
      .     .     .     .        
         .     .     .           
            .     .              
-----------------------------Opp Move P 1 4
0:0 1:5 2:1 3:0 4:0 5:0 6:5 7:1 8:0 9:0 10:0 0:0 1:5 2:1 3:0 4:0 5:0 6:5 7:1 8:0 9:0 10:0   
            0     .              
         0     .     .           
      .     .     .     .        
   .     .     .     .     .     
      .     .     .     .        
   .     .     .     .     .     
.     .     .     .     .     .  
   .     .     .     .     .     
.     .     .     .     .     .  
   .     .     #     .     .     
.     .     #     .     .     .  
   .     .     .     .     .     
.     .     .     .     .     .  
   .     .     .     .     .     
      .     .     .     .        
   .     .     .     .     .     
      .     .     .     .        
         .     .     .           
            .     .              
-----------------------------My Move P 5 27
  
            0     .              
         0     .     .           
      0     .     .     .        
   .     .     .     .     .     
      .     .     .     .        
   .     .     .     .     .     
.     .     .     .     .     .  
   .     .     .     .     .     
.     .     .     .     .     .  
   .     .     #     .     .     
.     .     #     .     .     .  
   .     .     .     .     .     
.     .     .     .     .     .  
   .     .     .     .     .     
      .     .     .     .        
   .     .     .     .     .     
      .     .     .     .        
         .     .     .           
            .     .              
-----------------------------Opp Move P 1 5
0:0 1:7 2:1 3:1 4:0 5:0 6:7 7:1 8:1 9:0 10:0 0:0 1:6 2:3 3:0 4:0 5:0 6:6 7:3 8:0 9:0 10:0   
            0     .              
         0     .     .           
      0     .     .     .        
   .     .     .     .     .     
      .     .     .     .        
   .     .     .     .     .     
.     .     .     .     .     .  
   .     .     .     .     .     
.     .     #     .     .     .  
   .     .     #     .     .     
.     .     #     .     .     .  
   .     .     .     .     .     
.     .     .     .     .     .  
   .     .     .     .     .     
      .     .     .     .        
   .     .     .     .     .     
      .     .     .     .        
         .     .     .           
            .     .              
-----------------------------My Move P 5 26
  
            0     .              
         0     .     .           
      0     .     .     .        
   0     .     .     .     .     
      .     .     .     .        
   .     .     .     .     .     
.     .     .     .     .     .  
   .     .     .     .     .     
.     .     #     .     .     .  
   .     .     #     .     .     
.     .     #     .     .     .  
   .     .     .     .     .     
.     .     .     .     .     .  
   .     .     .     .     .     
      .     .     .     .        
   .     .     .     .     .     
      .     .     .     .        
         .     .     .           
            .     .              
-----------------------------Opp Move P 2 8
0:0 1:9 2:1 3:1 4:1 5:0 6:9 7:1 8:1 9:1 10:0 0:0 1:8 2:3 3:1 4:0 5:0 6:8 7:3 8:1 9:0 10:0   
            0     .              
         0     .     .           
      0     .     .     .        
   0     .     .     .     .     
      .     .     .     .        
   .     .     .     .     .     
.     .     .     .     .     .  
   .     .     .     .     .     
.     .     #     .     .     .  
   .     .     #     .     .     
.     .     #     .     .     .  
   .     #     .     .     .     
.     .     .     .     .     .  
   .     .     .     .     .     
      .     .     .     .        
   .     .     .     .     .     
      .     .     .     .        
         .     .     .           
            .     .              
-----------------------------My Move P 5 1
  
            0     0              
         0     .     .           
      0     .     .     .        
   0     .     .     .     .     
      .     .     .     .        
   .     .     .     .     .     
.     .     .     .     .     .  
   .     .     .     .     .     
.     .     #     .     .     .  
   .     .     #     .     .     
.     .     #     .     .     .  
   .     #     .     .     .     
.     .     .     .     .     .  
   .     .     .     .     .     
      .     .     .     .        
   .     .     .     .     .     
      .     .     .     .        
         .     .     .           
            .     .              
-----------------------------Opp Move P 5 21
0:0 1:12 2:1 3:1 4:1 5:0 6:12 7:1 8:1 9:1 10:0 0:0 1:11 2:3 3:1 4:0 5:0 6:11 7:3 8:1 9:0 10:0   
            0     0              
         0     .     .           
      0     .     .     .        
   0     .     .     .     .     
      .     .     .     .        
   .     .     .     .     .     
.     .     .     .     .     .  
   .     .     .     .     .     
.     .     #     .     .     .  
   .     .     #     .     .     
.     .     #     .     .     .  
   .     #     .     .     .     
#     .     .     .     .     .  
   .     .     .     .     .     
      .     .     .     .        
   .     .     .     .     .     
      .     .     .     .        
         .     .     .           
            .     .              
-----------------------Eval=1020
my ring out0
opp ring out0
-----------------------------My Move S 5 29 M 4 0
  
            o     0              
         0     0     .           
      0     .     .     .        
   0     .     .     .     .     
      .     .     .     .        
   .     .     .     .     .     
.     .     .     .     .     .  
   .     .     .     .     .     
.     .     #     .     .     .  
   .     .     #     .     .     
.     .     #     .     .     .  
   .     #     .     .     .     
#     .     .     .     .     .  
   .     .     .     .     .     
      .     .     .     .        
   .     .     .     .     .     
      .     .     .     .        
         .     .     .           
            .     .              
-----------------------------Opp Move S 1 4 M 1 3
0:0 1:13 2:3 3:1 4:1 5:0 6:11 7:3 8:1 9:0 10:0 0:0 1:12 2:5 3:1 4:0 5:0 6:10 7:4 8:1 9:0 10:0   
            o     0              
         0     0     .           
      0     .     .     .        
   0     .     .     .     .     
      .     .     .     .        
   .     .     .     .     .     
.     .     .     .     .     .  
   .     .     .     .     .     
.     .     #     .     .     .  
   .     .     #     .     .     
.     .     x     .     .     .  
   .     #     #     .     .     
#     .     .     .     .     .  
   .     .     .     .     .     
      .     .     .     .        
   .     .     .     .     .     
      .     .     .     .        
         .     .     .           
            .     .              
-----------------------Eval=1496
my ring out0
opp ring out0
-----------------------------My Move S 4 0 M 4 2
  
            o     0              
         0     o     .           
      0     .     .     .        
   0     .     .     0     .     
      .     .     .     .        
   .     .     .     .     .     
.     .     .     .     .     .  
   .     .     .     .     .     
.     .     #     .     .     .  
   .     .     #     .     .     
.     .     x     .     .     .  
   .     #     #     .     .     
#     .     .     .     .     .  
   .     .     .     .     .     
      .     .     .     .        
   .     .     .     .     .     
      .     .     .     .        
         .     .     .           
            .     .              
-----------------------------Opp Move S 0 0 M 1 0
0:0 1:16 2:3 3:1 4:1 5:0 6:12 7:2 8:1 9:0 10:0 0:0 1:13 2:6 3:2 4:0 5:0 6:11 7:3 8:1 9:0 10:0   
            o     0              
         0     o     .           
      0     .     .     .        
   0     .     .     0     .     
      .     .     .     .        
   .     .     .     .     .     
.     .     .     .     .     .  
   .     .     #     .     .     
.     .     #     .     .     .  
   .     .     x     .     .     
.     .     x     .     .     .  
   .     #     #     .     .     
#     .     .     .     .     .  
   .     .     .     .     .     
      .     .     .     .        
   .     .     .     .     .     
      .     .     .     .        
         .     .     .           
            .     .              
-----------------------Eval=13479
my ring out0
opp ring out0
-----------------------------My Move S 4 2 M 4 3
  
            o     0              
         0     o     .           
      0     .     .     .        
   0     .     .     o     .     
      .     .     .     0        
   .     .     .     .     .     
.     .     .     .     .     .  
   .     .     #     .     .     
.     .     #     .     .     .  
   .     .     x     .     .     
.     .     x     .     .     .  
   .     #     #     .     .     
#     .     .     .     .     .  
   .     .     .     .     .     
      .     .     .     .        
   .     .     .     .     .     
      .     .     .     .        
         .     .     .           
            .     .              
-----------------------------Opp Move S 1 0 M 1 1
0:0 1:18 2:4 3:1 4:1 5:0 6:11 7:3 8:1 9:0 10:0 0:0 1:14 2:7 3:2 4:1 5:0 6:11 7:3 8:0 9:1 10:0   
            o     0              
         0     o     .           
      0     .     .     .        
   0     .     .     o     .     
      .     .     .     0        
   .     .     .     .     .     
.     .     .     .     .     .  
   .     .     x     .     .     
.     .     #     #     .     .  
   .     .     x     .     .     
.     .     x     .     .     .  
   .     #     #     .     .     
#     .     .     .     .     .  
   .     .     .     .     .     
      .     .     .     .        
   .     .     .     .     .     
      .     .     .     .        
         .     .     .           
            .     .              
-----------------------Eval=25953
my ring out0
opp ring out0
-----------------------------My Move S 5 1 M 4 1
  
            o     o              
         0     o     .           
      0     .     0     .        
   0     .     .     o     .     
      .     .     .     0        
   .     .     .     .     .     
.     .     .     .     .     .  
   .     .     x     .     .     
.     .     #     #     .     .  
   .     .     x     .     .     
.     .     x     .     .     .  
   .     #     #     .     .     
#     .     .     .     .     .  
   .     .     .     .     .     
      .     .     .     .        
   .     .     .     .     .     
      .     .     .     .        
         .     .     .           
            .     .              
-----------------------------Opp Move S 1 1 M 2 1
0:0 1:18 2:4 3:2 4:2 5:1 6:11 7:1 8:2 9:0 10:1 0:0 1:15 2:8 3:3 4:1 5:0 6:11 7:3 8:1 9:0 10:0   
            o     o              
         0     o     .           
      0     .     0     .        
   0     .     .     o     .     
      .     .     .     0        
   .     .     .     .     .     
.     .     .     #     .     .  
   .     .     x     .     .     
.     .     #     x     .     .  
   .     .     x     .     .     
.     .     x     .     .     .  
   .     #     #     .     .     
#     .     .     .     .     .  
   .     .     .     .     .     
      .     .     .     .        
   .     .     .     .     .     
      .     .     .     .        
         .     .     .           
            .     .              
-----------------------Eval=173890
my ring out0
opp ring out0
-----------------------------My Move S 4 3 M 3 2
  
            o     o              
         0     o     .           
      0     .     0     .        
   0     .     .     o     .     
      .     .     .     o        
   .     .     .     0     .     
.     .     .     #     .     .  
   .     .     x     .     .     
.     .     #     x     .     .  
   .     .     x     .     .     
.     .     x     .     .     .  
   .     #     #     .     .     
#     .     .     .     .     .  
   .     .     .     .     .     
      .     .     .     .        
   .     .     .     .     .     
      .     .     .     .        
         .     .     .           
            .     .              
-----------------------------Opp Move S 1 3 M 2 3
0:0 1:19 2:6 3:2 4:2 5:1 6:12 7:1 8:2 9:0 10:0 0:0 1:17 2:8 3:4 4:1 5:0 6:11 7:2 8:2 9:0 10:0   
            o     o              
         0     o     .           
      0     .     0     .        
   0     .     .     o     .     
      .     .     .     o        
   .     .     .     0     .     
.     .     .     #     .     .  
   .     .     x     .     .     
.     .     #     x     .     .  
   .     .     x     #     .     
.     .     x     .     .     .  
   .     #     x     .     .     
#     .     .     .     .     .  
   .     .     .     .     .     
      .     .     .     .        
   .     .     .     .     .     
      .     .     .     .        
         .     .     .           
            .     .              
-----------------------Eval=198859
my ring out0
opp ring out0
-----------------------------My Move S 4 1 M 3 0 RS 5 29 RE 4 3 X 3 2
  
            .     o              
         0     .     .           
      0     .     .     .        
   0     .     0     .     .     
      .     .     .     .        
   .     .     .     .     .     
.     .     .     #     .     .  
   .     .     x     .     .     
.     .     #     x     .     .  
   .     .     x     #     .     
.     .     x     .     .     .  
   .     #     x     .     .     
#     .     .     .     .     .  
   .     .     .     .     .     
      .     .     .     .        
   .     .     .     .     .     
      .     .     .     .        
         .     .     .           
            .     .              
-----------------------------Opp Move S 2 1 M 2 0
0:0 1:13 2:1 3:1 4:0 5:0 6:10 7:1 8:1 9:0 10:0 0:0 1:18 2:9 3:4 4:2 5:0 6:12 7:1 8:1 9:1 10:0   
            .     o              
         0     .     .           
      0     .     .     .        
   0     .     0     .     .     
      .     .     .     .        
   .     .     #     .     .     
.     .     .     x     .     .  
   .     .     x     .     .     
.     .     #     x     .     .  
   .     .     x     #     .     
.     .     x     .     .     .  
   .     #     x     .     .     
#     .     .     .     .     .  
   .     .     .     .     .     
      .     .     .     .        
   .     .     .     .     .     
      .     .     .     .        
         .     .     .           
            .     .              
-----------------------Eval=199958
my ring out1
opp ring out0
-----------------------------My Move S 5 28 M 2 9
  
            .     o              
         o     .     .           
      0     .     .     .        
   0     .     0     .     .     
      .     .     .     .        
   .     .     #     .     .     
.     .     .     x     .     .  
   .     .     x     .     .     
.     .     #     x     .     .  
   .     0     x     #     .     
.     .     x     .     .     .  
   .     #     x     .     .     
#     .     .     .     .     .  
   .     .     .     .     .     
      .     .     .     .        
   .     .     .     .     .     
      .     .     .     .        
         .     .     .           
            .     .              
-----------------------------Opp Move S 2 3 M 3 5
0:0 1:16 2:1 3:1 4:0 5:0 6:11 7:1 8:0 9:0 10:0 0:0 1:20 2:9 3:4 4:3 5:0 6:12 7:1 8:0 9:2 10:0   
            .     o              
         o     .     .           
      0     .     .     .        
   0     .     0     .     .     
      .     .     .     .        
   .     .     #     .     .     
.     .     .     x     .     .  
   .     .     x     .     .     
.     .     #     x     .     .  
   .     0     x     x     .     
.     .     x     .     #     .  
   .     #     x     .     .     
#     .     .     .     .     .  
   .     .     .     .     .     
      .     .     .     .        
   .     .     .     .     .     
      .     .     .     .        
         .     .     .           
            .     .              
-----------------------Eval=199960
my ring out1
opp ring out0
-----------------------------My Move S 5 27 M 3 14
  
            .     o              
         o     .     .           
      o     .     .     .        
   0     .     0     .     .     
      .     .     .     .        
   .     .     #     .     .     
.     .     .     x     .     .  
   .     .     x     .     .     
.     0     #     x     .     .  
   .     0     x     x     .     
.     .     x     .     #     .  
   .     #     x     .     .     
#     .     .     .     .     .  
   .     .     .     .     .     
      .     .     .     .        
   .     .     .     .     .     
      .     .     .     .        
         .     .     .           
            .     .              
-----------------------------Opp Move S 3 5 M 4 7
0:0 1:18 2:2 3:1 4:0 5:0 6:11 7:1 8:0 9:0 10:0 0:0 1:22 2:9 3:4 4:3 5:1 6:12 7:1 8:0 9:1 10:1   
            .     o              
         o     .     .           
      o     .     .     .        
   0     .     0     .     .     
      .     .     .     .        
   .     .     #     .     .     
.     .     .     x     .     .  
   .     .     x     .     .     
.     0     #     x     .     .  
   .     0     x     x     .     
.     .     x     .     x     .  
   .     #     x     .     #     
#     .     .     .     .     .  
   .     .     .     .     .     
      .     .     .     .        
   .     .     .     .     .     
      .     .     .     .        
         .     .     .           
            .     .              
-----------------------Eval=38591
my ring out1
opp ring out0
-----------------------------My Move S 2 9 M 2 5
  
            .     o              
         o     .     .           
      o     .     .     .        
   0     .     0     .     .     
      .     .     .     .        
   .     .     #     .     .     
.     .     .     x     .     .  
   .     .     x     .     .     
.     0     #     x     .     .  
   .     o     x     x     .     
.     .     o     .     x     .  
   .     #     o     .     #     
#     .     .     0     .     .  
   .     .     .     .     .     
      .     .     .     .        
   .     .     .     .     .     
      .     .     .     .        
         .     .     .           
            .     .              
-----------------------------Opp Move S 4 7 M 3 7 RS 1 0 RE 4 7 X 2 0
0:0 1:24 2:2 3:2 4:1 5:1 6:11 7:0 8:0 9:0 10:1 0:0 1:17 2:1 3:0 4:0 5:0 6:12 7:0 8:0 9:0 10:0   
            .     o              
         o     .     .           
      o     .     .     .        
   0     .     0     .     .     
      .     .     .     .        
   .     .     .     .     .     
.     .     .     x     .     .  
   .     .     .     .     .     
.     0     #     .     .     .  
   .     o     x     .     .     
.     .     o     .     .     .  
   .     #     o     .     .     
#     .     .     0     .     .  
   .     .     .     #     .     
      .     .     .     .        
   .     .     .     .     .     
      .     .     .     .        
         .     .     .           
            .     .              
-----------------------Eval=1010
my ring out1
opp ring out1
-----------------------------My Move S 3 14 M 4 21
  
            .     o              
         o     .     .           
      o     .     .     .        
   0     .     0     .     .     
      0     .     .     .        
   .     .     .     .     .     
.     .     .     x     .     .  
   .     .     .     .     .     
.     o     #     .     .     .  
   .     o     x     .     .     
.     .     o     .     .     .  
   .     #     o     .     .     
#     .     .     0     .     .  
   .     .     .     #     .     
      .     .     .     .        
   .     .     .     .     .     
      .     .     .     .        
         .     .     .           
            .     .              
-----------------------------Opp Move S 2 8 M 2 10
0:0 1:24 2:4 3:2 4:0 5:0 6:10 7:1 8:1 9:0 10:0 0:0 1:19 2:3 3:2 4:0 5:0 6:9 7:2 8:1 9:0 10:0   
            .     o              
         o     .     .           
      o     .     .     .        
   0     .     0     .     .     
      0     .     .     .        
   .     .     .     .     .     
.     .     .     x     .     .  
   .     #     .     .     .     
.     o     #     .     .     .  
   .     x     x     .     .     
.     .     o     .     .     .  
   .     x     o     .     .     
#     .     .     0     .     .  
   .     .     .     #     .     
      .     .     .     .        
   .     .     .     .     .     
      .     .     .     .        
         .     .     .           
            .     .              
-----------------------Eval=575
my ring out1
opp ring out1
-----------------------------My Move S 4 21 M 3 15
  
            .     o              
         o     .     .           
      o     .     .     .        
   0     .     0     .     .     
      o     .     .     .        
   .     .     .     .     .     
.     0     .     x     .     .  
   .     #     .     .     .     
.     o     #     .     .     .  
   .     x     x     .     .     
.     .     o     .     .     .  
   .     x     o     .     .     
#     .     .     0     .     .  
   .     .     .     #     .     
      .     .     .     .        
   .     .     .     .     .     
      .     .     .     .        
         .     .     .           
            .     .              
-----------------------------Opp Move S 1 5 M 1 0
0:0 1:25 2:4 3:3 4:1 5:0 6:10 7:1 8:1 9:0 10:0 0:0 1:19 2:4 3:3 4:1 5:0 6:9 7:1 8:2 9:0 10:0   
            .     o              
         o     .     .           
      o     .     .     .        
   0     .     0     .     .     
      o     .     .     .        
   .     .     .     .     .     
.     0     .     x     .     .  
   .     #     #     .     .     
.     o     x     .     .     .  
   .     x     x     .     .     
.     .     o     .     .     .  
   .     x     o     .     .     
#     .     .     0     .     .  
   .     .     .     #     .     
      .     .     .     .        
   .     .     .     .     .     
      .     .     .     .        
         .     .     .           
            .     .              
-----------------------Eval=12512
my ring out1
opp ring out1
-----------------------------My Move S 5 26 M 4 17
  
            .     o              
         o     .     .           
      o     .     .     .        
   o     .     0     .     .     
      o     .     .     .        
   .     .     .     .     .     
.     0     .     x     .     .  
   .     #     #     .     .     
.     o     x     .     .     .  
   .     x     x     .     .     
.     .     o     .     .     .  
   0     x     o     .     .     
#     .     .     0     .     .  
   .     .     .     #     .     
      .     .     .     .        
   .     .     .     .     .     
      .     .     .     .        
         .     .     .           
            .     .              
-----------------------------Opp Move S 5 21 M 5 24
0:0 1:28 2:4 3:3 4:1 5:0 6:10 7:1 8:1 9:0 10:0 0:0 1:22 2:4 3:3 4:1 5:0 6:9 7:1 8:2 9:0 10:0   
            .     o              
         o     .     .           
      o     .     .     .        
   o     .     0     .     .     
      o     .     .     .        
   .     .     .     .     .     
#     0     .     x     .     .  
   .     #     #     .     .     
.     o     x     .     .     .  
   .     x     x     .     .     
.     .     o     .     .     .  
   0     x     o     .     .     
x     .     .     0     .     .  
   .     .     .     #     .     
      .     .     .     .        
   .     .     .     .     .     
      .     .     .     .        
         .     .     .           
            .     .              
-----------------------Eval=1031
my ring out1
opp ring out1
-----------------------------My Move S 2 5 M 3 1
  
            .     o              
         o     .     .           
      o     .     .     .        
   o     .     0     .     .     
      o     .     0     .        
   .     .     .     .     .     
#     0     .     o     .     .  
   .     #     #     .     .     
.     o     x     .     .     .  
   .     x     x     .     .     
.     .     o     .     .     .  
   0     x     o     .     .     
x     .     .     o     .     .  
   .     .     .     #     .     
      .     .     .     .        
   .     .     .     .     .     
      .     .     .     .        
         .     .     .           
            .     .              
-----------------------------Opp Move S 3 7 M 4 19
0:0 1:26 2:5 3:2 4:0 5:0 6:10 7:2 8:0 9:0 10:0 0:0 1:25 2:8 3:5 4:1 5:0 6:8 7:3 8:1 9:0 10:0   
            .     o              
         o     .     .           
      o     .     .     .        
   o     .     0     .     .     
      o     .     0     .        
   .     .     .     .     .     
#     0     .     o     .     .  
   #     #     #     .     .     
.     x     x     .     .     .  
   .     o     x     .     .     
.     .     x     .     .     .  
   0     x     x     .     .     
x     .     .     x     .     .  
   .     .     .     x     .     
      .     .     .     .        
   .     .     .     .     .     
      .     .     .     .        
         .     .     .           
            .     .              
-----------------------Eval=-1071
my ring out1
opp ring out1
-----------------------------My Move S 3 15 M 3 13
  
            .     o              
         o     .     .           
      o     .     .     .        
   o     .     0     .     .     
      o     .     0     .        
   .     .     .     .     .     
#     o     .     o     .     .  
   #     #     #     .     .     
.     o     x     .     .     .  
   .     o     x     .     .     
.     0     x     .     .     .  
   0     x     x     .     .     
x     .     .     x     .     .  
   .     .     .     x     .     
      .     .     .     .        
   .     .     .     .     .     
      .     .     .     .        
         .     .     .           
            .     .              
-----------------------------Opp Move S 4 19 M 3 16
0:0 1:26 2:8 3:2 4:0 5:0 6:9 7:3 8:0 9:0 10:0 0:0 1:26 2:9 3:5 4:2 5:0 6:7 7:3 8:2 9:0 10:0   
            .     o              
         o     .     .           
      o     .     .     .        
   o     .     0     .     .     
      o     .     0     .        
   .     #     .     .     .     
#     x     .     o     .     .  
   x     #     #     .     .     
.     o     x     .     .     .  
   .     o     x     .     .     
.     0     x     .     .     .  
   0     x     x     .     .     
x     .     .     x     .     .  
   .     .     .     x     .     
      .     .     .     .        
   .     .     .     .     .     
      .     .     .     .        
         .     .     .           
            .     .              
-----------------------Eval=96
my ring out1
opp ring out1
-----------------------------My Move S 4 17 M 4 20
  
            .     o              
         o     .     .           
      o     .     .     .        
   o     .     0     .     .     
      o     .     0     .        
   0     #     .     .     .     
#     x     .     o     .     .  
   o     #     #     .     .     
.     o     x     .     .     .  
   .     o     x     .     .     
.     0     x     .     .     .  
   o     x     x     .     .     
x     .     .     x     .     .  
   .     .     .     x     .     
      .     .     .     .        
   .     .     .     .     .     
      .     .     .     .        
         .     .     .           
            .     .              
-----------------------------Opp Move S 3 16 M 3 17
0:0 1:28 2:10 3:4 4:0 5:0 6:8 7:4 8:0 9:0 10:0 0:0 1:27 2:8 3:5 4:2 5:0 6:8 7:2 8:2 9:0 10:0   
            .     o              
         o     .     .           
      o     .     .     .        
   o     .     0     .     .     
      o     #     0     .        
   0     x     .     .     .     
#     x     .     o     .     .  
   o     #     #     .     .     
.     o     x     .     .     .  
   .     o     x     .     .     
.     0     x     .     .     .  
   o     x     x     .     .     
x     .     .     x     .     .  
   .     .     .     x     .     
      .     .     .     .        
   .     .     .     .     .     
      .     .     .     .        
         .     .     .           
            .     .              
-----------------------Eval=1119
my ring out1
opp ring out1
-----------------------------My Move S 3 1 M 4 1
  
            .     o              
         o     .     .           
      o     .     0     .        
   o     .     0     .     .     
      o     #     o     .        
   0     x     .     .     .     
#     x     .     o     .     .  
   o     #     #     .     .     
.     o     x     .     .     .  
   .     o     x     .     .     
.     0     x     .     .     .  
   o     x     x     .     .     
x     .     .     x     .     .  
   .     .     .     x     .     
      .     .     .     .        
   .     .     .     .     .     
      .     .     .     .        
         .     .     .           
            .     .              
-----------------------------Opp Move S 1 0 M 2 0
0:0 1:28 2:11 3:5 4:1 5:0 6:8 7:3 8:1 9:0 10:0 0:0 1:28 2:9 3:5 4:3 5:0 6:8 7:2 8:1 9:1 10:0   
            .     o              
         o     .     .           
      o     .     0     .        
   o     .     0     .     .     
      o     #     o     .        
   0     x     #     .     .     
#     x     .     o     .     .  
   o     #     x     .     .     
.     o     x     .     .     .  
   .     o     x     .     .     
.     0     x     .     .     .  
   o     x     x     .     .     
x     .     .     x     .     .  
   .     .     .     x     .     
      .     .     .     .        
   .     .     .     .     .     
      .     .     .     .        
         .     .     .           
            .     .              
-----------------------Eval=1636
my ring out1
opp ring out1
-----------------------------My Move S 4 1 M 5 29
  
            0     o              
         o     .     .           
      o     .     o     .        
   o     .     0     .     .     
      o     #     o     .        
   0     x     #     .     .     
#     x     .     o     .     .  
   o     #     x     .     .     
.     o     x     .     .     .  
   .     o     x     .     .     
.     0     x     .     .     .  
   o     x     x     .     .     
x     .     .     x     .     .  
   .     .     .     x     .     
      .     .     .     .        
   .     .     .     .     .     
      .     .     .     .        
         .     .     .           
            .     .              
-----------------------------Opp Move S 5 24 M 5 23
0:0 1:30 2:11 3:5 4:2 5:0 6:9 7:2 8:0 9:1 10:0 0:0 1:30 2:10 3:5 4:3 5:0 6:8 7:2 8:1 9:1 10:0   
            0     o              
         o     .     .           
      o     .     o     .        
   o     .     0     .     .     
      o     #     o     .        
   0     x     #     .     .     
x     x     .     o     .     .  
   o     #     x     .     .     
#     o     x     .     .     .  
   .     o     x     .     .     
.     0     x     .     .     .  
   o     x     x     .     .     
x     .     .     x     .     .  
   .     .     .     x     .     
      .     .     .     .        
   .     .     .     .     .     
      .     .     .     .        
         .     .     .           
            .     .              
-----------------------Eval=1718
my ring out1
opp ring out1
-----------------------------My Move S 3 13 M 4 18
  
            0     o              
         o     .     .           
      o     .     o     .        
   o     .     0     .     .     
      o     #     o     .        
   0     x     #     .     .     
x     x     .     o     .     .  
   o     #     x     .     .     
#     o     x     .     .     .  
   0     o     x     .     .     
.     o     x     .     .     .  
   o     x     x     .     .     
x     .     .     x     .     .  
   .     .     .     x     .     
      .     .     .     .        
   .     .     .     .     .     
      .     .     .     .        
         .     .     .           
            .     .              
-----------------------------Opp Move S 5 23 M 5 22
0:0 1:29 2:13 3:5 4:3 5:1 6:9 7:1 8:0 9:2 10:0 0:0 1:31 2:10 3:6 4:4 5:0 6:7 7:3 8:1 9:1 10:0   
            0     o              
         o     .     .           
      o     .     o     .        
   o     .     0     .     .     
      o     #     o     .        
   0     x     #     .     .     
x     x     .     o     .     .  
   o     #     x     .     .     
x     o     x     .     .     .  
   0     o     x     .     .     
#     o     x     .     .     .  
   o     x     x     .     .     
x     .     .     x     .     .  
   .     .     .     x     .     
      .     .     .     .        
   .     .     .     .     .     
      .     .     .     .        
         .     .     .           
            .     .              
-----------------------Eval=2202
my ring out1
opp ring out1
-----------------------------My Move S 5 29 M 4 23
  
            o     o              
         o     .     .           
      o     0     o     .        
   o     .     0     .     .     
      o     #     o     .        
   0     x     #     .     .     
x     x     .     o     .     .  
   o     #     x     .     .     
x     o     x     .     .     .  
   0     o     x     .     .     
#     o     x     .     .     .  
   o     x     x     .     .     
x     .     .     x     .     .  
   .     .     .     x     .     
      .     .     .     .        
   .     .     .     .     .     
      .     .     .     .        
         .     .     .           
            .     .              
-----------------------------Opp Move S 5 22 M 3 12
0:0 1:28 2:14 3:5 4:4 5:0 6:9 7:1 8:2 9:0 10:0 0:0 1:33 2:12 3:7 4:5 5:0 6:7 7:2 8:2 9:1 10:0   
            o     o              
         o     .     .           
      o     0     o     .        
   o     .     0     .     .     
      o     #     o     .        
   0     x     #     .     .     
x     x     .     o     .     .  
   o     #     x     .     .     
x     o     x     .     .     .  
   0     o     x     .     .     
x     o     x     .     .     .  
   x     x     x     .     .     
x     #     .     x     .     .  
   .     .     .     x     .     
      .     .     .     .        
   .     .     .     .     .     
      .     .     .     .        
         .     .     .           
            .     .              
-----------------------Eval=3201
my ring out1
opp ring out1
-----------------------------My Move S 4 18 M 4 16
  
            o     o              
         o     .     .           
      o     0     o     .        
   o     .     0     .     .     
      o     #     o     .        
   0     x     #     .     .     
x     x     .     o     .     .  
   o     #     x     .     .     
x     o     x     .     .     .  
   o     o     x     .     .     
x     o     x     .     .     .  
   o     x     x     .     .     
x     #     .     x     .     .  
   0     .     .     x     .     
      .     .     .     .        
   .     .     .     .     .     
      .     .     .     .        
         .     .     .           
            .     .              
-----------------------------Opp Move S 3 17 M 4 22
0:0 1:31 2:14 3:6 4:4 5:2 6:9 7:1 8:1 9:0 10:1 0:0 1:34 2:10 3:8 4:5 5:0 6:8 7:1 8:2 9:1 10:0   
            o     o              
         o     .     .           
      o     0     o     .        
   o     #     0     .     .     
      o     x     o     .        
   0     x     #     .     .     
x     x     .     o     .     .  
   o     #     x     .     .     
x     o     x     .     .     .  
   o     o     x     .     .     
x     o     x     .     .     .  
   o     x     x     .     .     
x     #     .     x     .     .  
   0     .     .     x     .     
      .     .     .     .        
   .     .     .     .     .     
      .     .     .     .        
         .     .     .           
            .     .              
-----------------------Eval=38622
my ring out1
opp ring out1
-----------------------------My Move S 4 23 M 2 11
  
            o     o              
         o     .     .           
      o     o     o     .        
   o     #     0     .     .     
      o     o     o     .        
   0     x     #     .     .     
x     x     0     o     .     .  
   o     #     x     .     .     
x     o     x     .     .     .  
   o     o     x     .     .     
x     o     x     .     .     .  
   o     x     x     .     .     
x     #     .     x     .     .  
   0     .     .     x     .     
      .     .     .     .        
   .     .     .     .     .     
      .     .     .     .        
         .     .     .           
            .     .              
-----------------------------Opp Move S 4 22 M 4 0
0:0 1:35 2:14 3:6 4:3 5:2 6:10 7:1 8:0 9:0 10:1 0:0 1:38 2:10 3:7 4:5 5:0 6:9 7:1 8:1 9:1 10:0   
            o     o              
         o     #     .           
      o     x     o     .        
   o     x     0     .     .     
      o     o     o     .        
   0     x     #     .     .     
x     x     0     o     .     .  
   o     #     x     .     .     
x     o     x     .     .     .  
   o     o     x     .     .     
x     o     x     .     .     .  
   o     x     x     .     .     
x     #     .     x     .     .  
   0     .     .     x     .     
      .     .     .     .        
   .     .     .     .     .     
      .     .     .     .        
         .     .     .           
            .     .              
-----------------------Eval=65592
my ring out1
opp ring out1
-----------------------------My Move S 2 11 M 2 7
  
            o     o              
         o     #     .           
      o     x     o     .        
   o     x     0     .     .     
      o     o     o     .        
   0     x     #     .     .     
x     x     o     o     .     .  
   o     #     x     .     .     
x     o     o     .     .     .  
   o     o     x     .     .     
x     o     o     .     .     .  
   o     x     x     .     .     
x     #     0     x     .     .  
   0     .     .     x     .     
      .     .     .     .        
   .     .     .     .     .     
      .     .     .     .        
         .     .     .           
            .     .              
-----------------------------Opp Move S 3 12 M 1 1
0:0 1:41 2:16 3:8 4:5 5:2 6:9 7:1 8:0 9:1 10:1 0:0 1:40 2:8 3:4 4:2 5:0 6:8 7:3 8:1 9:0 10:0   
            o     o              
         o     #     .           
      o     x     o     .        
   o     x     0     .     .     
      o     o     o     .        
   0     x     #     .     .     
x     x     o     o     .     .  
   o     #     x     .     .     
x     o     o     #     .     .  
   o     o     o     .     .     
x     o     x     .     .     .  
   o     o     x     .     .     
x     x     0     x     .     .  
   0     .     .     x     .     
      .     .     .     .        
   .     .     .     .     .     
      .     .     .     .        
         .     .     .           
            .     .              
-----------------------Eval=286993
my ring out1
opp ring out1
-----------------------------My Move S 2 7 M 2 6
  
            o     o              
         o     #     .           
      o     x     o     .        
   o     x     0     .     .     
      o     o     o     .        
   0     x     #     .     .     
x     x     o     o     .     .  
   o     #     x     .     .     
x     o     o     #     .     .  
   o     o     o     .     .     
x     o     x     .     .     .  
   o     o     x     .     .     
x     x     o     x     .     .  
   0     .     0     x     .     
      .     .     .     .        
   .     .     .     .     .     
      .     .     .     .        
         .     .     .           
            .     .              
-----------------------------Opp Move S 2 10 M 1 2
0:0 1:40 2:15 3:7 4:4 5:3 6:9 7:1 8:0 9:0 10:2 0:0 1:37 2:13 3:8 4:4 5:1 6:4 7:3 8:3 9:1 10:1   
            o     o              
         o     #     .           
      o     x     o     .        
   o     x     0     .     .     
      o     o     o     .        
   0     x     #     .     .     
x     x     o     o     .     .  
   o     x     x     .     .     
x     o     x     #     .     .  
   o     o     x     .     .     
x     o     x     #     .     .  
   o     o     x     .     .     
x     x     o     x     .     .  
   0     .     0     x     .     
      .     .     .     .        
   .     .     .     .     .     
      .     .     .     .        
         .     .     .           
            .     .              
-----------------------Eval=25586
my ring out1
opp ring out1
-----------------------------My Move S 4 16 M 5 19
  
            o     o              
         o     #     .           
      o     x     o     .        
   o     x     0     .     .     
      o     o     o     .        
   0     x     #     .     .     
x     x     o     o     .     .  
   o     x     x     .     .     
x     o     x     #     .     .  
   o     o     x     .     .     
x     o     x     #     .     .  
   o     o     x     .     .     
x     x     o     x     .     .  
   o     .     0     x     .     
      .     .     .     .        
   0     .     .     .     .     
      .     .     .     .        
         .     .     .           
            .     .              
-----------------------------Opp Move S 2 0 M 2 2
0:0 1:40 2:15 3:7 4:3 5:4 6:9 7:1 8:0 9:0 10:2 0:0 1:38 2:14 3:10 4:6 5:1 6:3 7:3 8:4 9:1 10:1   
            o     o              
         o     #     .           
      o     x     o     .        
   o     x     0     .     .     
      o     o     o     .        
   0     x     x     .     .     
x     x     o     x     .     .  
   o     x     x     #     .     
x     o     x     #     .     .  
   o     o     x     .     .     
x     o     x     #     .     .  
   o     o     x     .     .     
x     x     o     x     .     .  
   o     .     0     x     .     
      .     .     .     .        
   0     .     .     .     .     
      .     .     .     .        
         .     .     .           
            .     .              
-----------------------Eval=26265
my ring out1
opp ring out1
-----------------------------My Move S 2 6 M 3 8 RS 4 18 RE 2 6 X 5 19
  
            o     o              
         o     #     .           
      o     x     o     .        
   o     x     0     .     .     
      o     o     o     .        
   0     x     x     .     .     
x     x     o     x     .     .  
   o     x     x     #     .     
x     o     x     #     .     .  
   .     o     x     .     .     
x     .     x     #     .     .  
   o     .     x     .     .     
x     x     .     x     .     .  
   o     .     .     x     .     
      .     .     0     .        
   .     .     .     .     .     
      .     .     .     .        
         .     .     .           
            .     .              
-----------------------------Opp Move S 1 2 M 2 3 RS 3 15 RE 1 2 X 2 2
0:0 1:37 2:11 3:5 4:1 5:0 6:7 7:2 8:0 9:0 10:0 0:0 1:39 2:9 3:4 4:2 5:0 6:6 7:1 8:2 9:0 10:0   
            o     o              
         o     #     .           
      o     x     o     .        
   o     x     0     .     .     
      o     o     o     .        
   0     x     x     .     .     
x     .     o     x     .     .  
   o     .     x     .     .     
x     o     .     #     .     .  
   .     o     .     #     .     
x     .     x     .     .     .  
   o     .     x     .     .     
x     x     .     x     .     .  
   o     .     .     x     .     
      .     .     0     .        
   .     .     .     .     .     
      .     .     .     .        
         .     .     .           
            .     .              
-----------------------Eval=999077
my ring out2
opp ring out2
-----------------------------My Move S 3 0 M 0 0
  
            o     o              
         o     #     .           
      o     x     o     .        
   o     x     o     .     .     
      o     o     o     .        
   0     x     o     .     .     
x     .     o     x     .     .  
   o     .     o     .     .     
x     o     .     #     .     .  
   .     o     0     #     .     
x     .     x     .     .     .  
   o     .     x     .     .     
x     x     .     x     .     .  
   o     .     .     x     .     
      .     .     0     .        
   .     .     .     .     .     
      .     .     .     .        
         .     .     .           
            .     .              
***********************************

-> You are player 1
-> You are alloted a time of 120s

***********************************

Time remaining is: 120s
You played : P 5 29
P 5 29 True
Player 2 played : P 0 0
P 0 0 True
Time remaining is: 120s
You played : P 5 28
P 5 28 True
Player 2 played : P 1 4
P 1 4 True
Time remaining is: 120s
You played : P 5 27
P 5 27 True
Player 2 played : P 1 5
P 1 5 True
Time remaining is: 120s
You played : P 5 26
P 5 26 True
Player 2 played : P 2 8
P 2 8 True
Time remaining is: 120s
You played : P 5 1
P 5 1 True
Player 2 played : P 5 21
P 5 21 True
Time remaining is: 120s
You played : S 5 29 M 4 0
S 5 29 True
M 4 0 True
Player 2 played : S 1 4 M 1 3
S 1 4 True
M 1 3 True
Time remaining is: 120s
You played : S 4 0 M 4 2
S 4 0 True
M 4 2 True
Player 2 played : S 0 0 M 1 0
S 0 0 True
M 1 0 True
Time remaining is: 120s
You played : S 4 2 M 4 3
S 4 2 True
M 4 3 True
Player 2 played : S 1 0 M 1 1
S 1 0 True
M 1 1 True
Time remaining is: 120s
You played : S 5 1 M 4 1
S 5 1 True
M 4 1 True
Player 2 played : S 1 1 M 2 1
S 1 1 True
M 2 1 True
Time remaining is: 119s
You played : S 4 3 M 3 2
S 4 3 True
M 3 2 True
Player 2 played : S 1 3 M 2 3
S 1 3 True
M 2 3 True
Time remaining is: 119s
You played : S 4 1 M 3 0 RS 5 29 RE 4 3 X 3 2
S 4 1 True
M 3 0 True
RS 5 29 True
RE 4 3 True
X 3 2 True
Player 2 played : S 2 1 M 2 0
S 2 1 True
M 2 0 True
Time remaining is: 119s
You played : S 5 28 M 2 9
S 5 28 True
M 2 9 True
Player 2 played : S 2 3 M 3 5
S 2 3 True
M 3 5 True
Time remaining is: 119s
You played : S 5 27 M 3 14
S 5 27 True
M 3 14 True
Player 2 played : S 3 5 M 4 7
S 3 5 True
M 4 7 True
Time remaining is: 118s
You played : S 2 9 M 2 5
S 2 9 True
M 2 5 True
Player 2 played : S 4 7 M 3 7 RS 1 0 RE 4 7 X 2 0
S 4 7 True
M 3 7 True
RS 1 0 True
RE 4 7 True
X 2 0 True
Time remaining is: 118s
You played : S 3 14 M 4 21
S 3 14 True
M 4 21 True
Player 2 played : S 2 8 M 2 10
S 2 8 True
M 2 10 True
Time remaining is: 118s
You played : S 4 21 M 3 15
S 4 21 True
M 3 15 True
Player 2 played : S 1 5 M 1 0
S 1 5 True
M 1 0 True
Time remaining is: 118s
You played : S 5 26 M 4 17
S 5 26 True
M 4 17 True
Player 2 played : S 5 21 M 5 24
S 5 21 True
M 5 24 True
Time remaining is: 117s
You played : S 2 5 M 3 1
S 2 5 True
M 3 1 True
Player 2 played : S 3 7 M 4 19
S 3 7 True
M 4 19 True
Time remaining is: 117s
You played : S 3 15 M 3 13
S 3 15 True
M 3 13 True
Player 2 played : S 4 19 M 3 16
S 4 19 True
M 3 16 True
Time remaining is: 117s
You played : S 4 17 M 4 20
S 4 17 True
M 4 20 True
Player 2 played : S 3 16 M 3 17
S 3 16 True
M 3 17 True
Time remaining is: 117s
You played : S 3 1 M 4 1
S 3 1 True
M 4 1 True
Player 2 played : S 1 0 M 2 0
S 1 0 True
M 2 0 True
Time remaining is: 117s
You played : S 4 1 M 5 29
S 4 1 True
M 5 29 True
Player 2 played : S 5 24 M 5 23
S 5 24 True
M 5 23 True
Time remaining is: 117s
You played : S 3 13 M 4 18
S 3 13 True
M 4 18 True
Player 2 played : S 5 23 M 5 22
S 5 23 True
M 5 22 True
Time remaining is: 117s
You played : S 5 29 M 4 23
S 5 29 True
M 4 23 True
Player 2 played : S 5 22 M 3 12
S 5 22 True
M 3 12 True
Time remaining is: 117s
You played : S 4 18 M 4 16
S 4 18 True
M 4 16 True
Player 2 played : S 3 17 M 4 22
S 3 17 True
M 4 22 True
Time remaining is: 117s
You played : S 4 23 M 2 11
S 4 23 True
M 2 11 True
Player 2 played : S 4 22 M 4 0
S 4 22 True
M 4 0 True
Time remaining is: 117s
You played : S 2 11 M 2 7
S 2 11 True
M 2 7 True
Player 2 played : S 3 12 M 1 1
S 3 12 True
M 1 1 True
Time remaining is: 117s
You played : S 2 7 M 2 6
S 2 7 True
M 2 6 True
Player 2 played : S 2 10 M 1 2
S 2 10 True
M 1 2 True
Time remaining is: 116s
You played : S 4 16 M 5 19
S 4 16 True
M 5 19 True
Player 2 played : S 2 0 M 2 2
S 2 0 True
M 2 2 True
Time remaining is: 116s
You played : S 2 6 M 3 8 RS 4 18 RE 2 6 X 5 19
S 2 6 True
M 3 8 True
RS 4 18 True
RE 2 6 True
X 5 19 True
Player 2 played : S 1 2 M 2 3 RS 3 15 RE 1 2 X 2 2
S 1 2 True
M 2 3 True
RS 3 15 True
RE 1 2 True
X 2 2 True
Time remaining is: 116s
You played : S 3 0 M 0 0
S 3 0 True
M 0 0 True
Player 2 played : S 2 3 M 1 2
S 2 3 True
M 1 2 T-----------------------------Opp Move S 2 3 M 1 2
0:0 1:39 2:15 3:7 4:2 5:0 6:8 7:1 8:0 9:0 10:0 0:0 1:36 2:7 3:5 4:3 5:0 6:5 7:2 8:2 9:0 10:0   
            o     o              
         o     #     .           
      o     x     o     .        
   o     x     o     .     .     
      o     o     o     .        
   0     x     o     .     .     
x     .     o     x     .     .  
   o     .     o     .     .     
x     o     .     #     .     .  
   .     o     0     x     .     
x     .     x     #     .     .  
   o     .     x     .     .     
x     x     .     x     .     .  
   o     .     .     x     .     
      .     .     0     .        
   .     .     .     .     .     
      .     .     .     .        
         .     .     .           
            .     .              
-----------------------Eval=1037481
my ring out2
opp ring out2
-----------------------------My Move S 3 8 M 4 18
  
            o     o              
         o     #     .           
      o     x     o     .        
   o     x     o     .     .     
      o     o     o     .        
   0     x     o     .     .     
x     .     o     x     .     .  
   o     .     o     .     .     
x     o     .     #     .     .  
   0     o     0     x     .     
x     .     x     #     .     .  
   o     .     x     .     .     
x     x     .     x     .     .  
   o     .     .     x     .     
      .     .     o     .        
   .     .     .     .     .     
      .     .     .     .        
         .     .     .           
            .     .              
-----------------------------Opp Move S 4 0 M 4 2
0:0 1:39 2:14 3:5 4:3 5:2 6:7 7:0 8:1 9:0 10:1 0:0 1:40 2:8 3:6 4:3 5:0 6:5 7:2 8:2 9:0 10:0   
            o     o              
         o     x     .           
      o     x     x     .        
   o     x     o     #     .     
      o     o     o     .        
   0     x     o     .     .     
x     .     o     x     .     .  
   o     .     o     .     .     
x     o     .     #     .     .  
   0     o     0     x     .     
x     .     x     #     .     .  
   o     .     x     .     .     
x     x     .     x     .     .  
   o     .     .     x     .     
      .     .     o     .        
   .     .     .     .     .     
      .     .     .     .        
         .     .     .           
            .     .              
-----------------------Eval=1050482
my ring out2
opp ring out2
-----------------------------My Move S 4 20 M 2 10
  
            o     o              
         o     x     .           
      o     x     x     .        
   o     x     o     #     .     
      o     o     o     .        
   o     x     o     .     .     
x     .     o     x     .     .  
   o     0     o     .     .     
x     o     .     #     .     .  
   0     o     0     x     .     
x     .     x     #     .     .  
   o     .     x     .     .     
x     x     .     x     .     .  
   o     .     .     x     .     
      .     .     o     .        
   .     .     .     .     .     
      .     .     .     .        
         .     .     .           
            .     .              
-----------------------------Opp Move S 4 2 M 4 3
0:0 1:39 2:14 3:5 4:4 5:4 6:6 7:1 8:2 9:0 10:0 0:0 1:42 2:8 3:6 4:4 5:0 6:5 7:2 8:1 9:1 10:0   
            o     o              
         o     x     .           
      o     x     x     .        
   o     x     o     x     .     
      o     o     o     #        
   o     x     o     .     .     
x     .     o     x     .     .  
   o     0     o     .     .     
x     o     .     #     .     .  
   0     o     0     x     .     
x     .     x     #     .     .  
   o     .     x     .     .     
x     x     .     x     .     .  
   o     .     .     x     .     
      .     .     o     .        
   .     .     .     .     .     
      .     .     .     .        
         .     .     .           
            .     .              
-----------------------Eval=1050482
my ring out2
opp ring out2
-----------------------------My Move S 0 0 M 2 6 RS 1 3 RE 3 0 X 2 6
  
            o     o              
         o     x     .           
      o     x     x     .        
   o     x     .     x     .     
      o     o     o     #        
   o     x     .     .     .     
x     .     o     x     .     .  
   o     0     .     .     .     
x     o     .     #     .     .  
   0     o     .     x     .     
x     .     x     #     .     .  
   o     .     .     .     .     
x     x     .     x     .     .  
   o     .     .     x     .     
      .     .     o     .        
   .     .     .     .     .     
      .     .     .     .        
         .     .     .           
            .     .              
rue
Time remaining is: 116s
You played : S 3 8 M 4 18
S 3 8 True
M 4 18 True
Player 2 played : S 4 0 M 4 2
S 4 0 True
M 4 2 True
Time remaining is: 116s
You played : S 4 20 M 2 10
S 4 20 True
M 2 10 True
Player 2 played : S 4 2 M 4 3
S 4 2 True
M 4 3 True
Time remaining is: 116s
You played : S 0 0 M 2 6 RS 1 3 RE 3 0 X 2 6
S 0 0 True
M 2 6 True
RS 1 3 True
RE 3 0 True
X 2 6 True
YOU WIN!
Your Score : 8.016
Opponent's Score : 2.016
