-----------------------------My Move P 5 9
  
            .     .              
         .     .     .           
      .     .     .     .        
   .     .     .     .     .     
      .     .     .     .        
   .     .     .     .     .     
.     .     .     .     .     .  
   .     .     .     #     .     
.     .     .     .     .     .  
   .     .     .     .     .     
.     .     .     .     .     .  
   .     .     .     .     .     
.     .     .     .     .     0  
   .     .     .     .     .     
      .     .     .     .        
   .     .     .     .     .     
      .     .     .     .        
         .     .     .           
            .     .              
-----------------------------Opp Move P 5 19
0:0 1:3 2:0 3:0 4:0 5:0 6:3 7:0 8:0 9:0 10:0 0:0 1:6 2:0 3:0 4:0 5:0 6:6 7:0 8:0 9:0 10:0   
            .     .              
         .     .     .           
      .     .     .     .        
   .     .     .     .     .     
      .     .     .     .        
   .     .     .     .     .     
.     .     .     .     .     .  
   .     .     .     #     .     
.     .     .     .     .     .  
   .     .     .     .     .     
.     .     .     .     .     .  
   .     .     .     .     .     
.     .     .     .     .     0  
   .     .     .     .     .     
      .     .     .     .        
   #     .     .     .     .     
      .     .     .     .        
         .     .     .           
            .     .              
-----------------------------My Move P 5 8
  
            .     .              
         .     .     .           
      .     .     .     .        
   .     .     .     .     .     
      .     .     .     .        
   .     .     .     .     .     
.     .     .     .     .     .  
   .     .     .     #     .     
.     .     .     .     .     .  
   .     .     .     .     .     
.     .     .     .     .     0  
   .     .     .     .     .     
.     .     .     .     .     0  
   .     .     .     .     .     
      .     .     .     .        
   #     .     .     .     .     
      .     .     .     .        
         .     .     .           
            .     .              
-----------------------------Opp Move P 5 4
0:0 1:5 2:1 3:0 4:0 5:0 6:5 7:1 8:0 9:0 10:0 0:0 1:9 2:0 3:0 4:0 5:0 6:9 7:0 8:0 9:0 10:0   
            .     .              
         .     .     .           
      .     .     .     .        
   .     .     .     .     #     
      .     .     .     .        
   .     .     .     .     .     
.     .     .     .     .     .  
   .     .     .     #     .     
.     .     .     .     .     .  
   .     .     .     .     .     
.     .     .     .     .     0  
   .     .     .     .     .     
.     .     .     .     .     0  
   .     .     .     .     .     
      .     .     .     .        
   #     .     .     .     .     
      .     .     .     .        
         .     .     .           
            .     .              
-----------------------------My Move P 5 7
  
            .     .              
         .     .     .           
      .     .     .     .        
   .     .     .     .     #     
      .     .     .     .        
   .     .     .     .     .     
.     .     .     .     .     .  
   .     .     .     #     .     
.     .     .     .     .     0  
   .     .     .     .     .     
.     .     .     .     .     0  
   .     .     .     .     .     
.     .     .     .     .     0  
   .     .     .     .     .     
      .     .     .     .        
   #     .     .     .     .     
      .     .     .     .        
         .     .     .           
            .     .              
-----------------------------Opp Move P 2 1
0:0 1:7 2:1 3:1 4:0 5:0 6:7 7:1 8:1 9:0 10:0 0:0 1:11 2:1 3:0 4:0 5:0 6:11 7:1 8:0 9:0 10:0   
            .     .              
         .     .     .           
      .     .     .     .        
   .     .     .     .     #     
      .     .     .     .        
   .     .     .     .     .     
.     .     .     #     .     .  
   .     .     .     #     .     
.     .     .     .     .     0  
   .     .     .     .     .     
.     .     .     .     .     0  
   .     .     .     .     .     
.     .     .     .     .     0  
   .     .     .     .     .     
      .     .     .     .        
   #     .     .     .     .     
      .     .     .     .        
         .     .     .           
            .     .              
-----------------------------My Move P 5 6
  
            .     .              
         .     .     .           
      .     .     .     .        
   .     .     .     .     #     
      .     .     .     .        
   .     .     .     .     .     
.     .     .     #     .     0  
   .     .     .     #     .     
.     .     .     .     .     0  
   .     .     .     .     .     
.     .     .     .     .     0  
   .     .     .     .     .     
.     .     .     .     .     0  
   .     .     .     .     .     
      .     .     .     .        
   #     .     .     .     .     
      .     .     .     .        
         .     .     .           
            .     .              
-----------------------------Opp Move P 3 15
0:0 1:9 2:1 3:1 4:1 5:0 6:9 7:1 8:1 9:1 10:0 0:0 1:14 2:1 3:0 4:0 5:0 6:14 7:1 8:0 9:0 10:0   
            .     .              
         .     .     .           
      .     .     .     .        
   .     .     .     .     #     
      .     .     .     .        
   .     .     .     .     .     
.     #     .     #     .     0  
   .     .     .     #     .     
.     .     .     .     .     0  
   .     .     .     .     .     
.     .     .     .     .     0  
   .     .     .     .     .     
.     .     .     .     .     0  
   .     .     .     .     .     
      .     .     .     .        
   #     .     .     .     .     
      .     .     .     .        
         .     .     .           
            .     .              
-----------------------------My Move P 5 11
  
            .     .              
         .     .     .           
      .     .     .     .        
   .     .     .     .     #     
      .     .     .     .        
   .     .     .     .     .     
.     #     .     #     .     0  
   .     .     .     #     .     
.     .     .     .     .     0  
   .     .     .     .     .     
.     .     .     .     .     0  
   .     .     .     .     .     
.     .     .     .     .     0  
   .     .     .     .     .     
      .     .     .     .        
   #     .     .     .     0     
      .     .     .     .        
         .     .     .           
            .     .              
-----------------------------Opp Move S 2 2 M 3 4
0:0 1:12 2:1 3:1 4:1 5:0 6:12 7:1 8:1 9:1 10:0 0:0 1:16 2:1 3:1 4:0 5:0 6:14 7:0 8:1 9:0 10:0   
            .     .              
         .     .     .           
      .     .     .     .        
   .     .     .     .     #     
      .     .     .     .        
   .     .     .     .     .     
.     #     .     #     .     0  
   .     .     .     x     .     
.     .     .     .     #     0  
   .     .     .     .     .     
.     .     .     .     .     0  
   .     .     .     .     .     
.     .     .     .     .     0  
   .     .     .     .     .     
      .     .     .     .        
   #     .     .     .     0     
      .     .     .     .        
         .     .     .           
            .     .              
-----------------------Eval=1017
my ring out0
opp ring out0
-----------------------------My Move S 5 6 M 4 4
  
            .     .              
         .     .     .           
      .     .     .     .        
   .     .     .     .     #     
      .     .     .     .        
   .     .     .     .     0     
.     #     .     #     .     o  
   .     .     .     x     .     
.     .     .     .     #     0  
   .     .     .     .     .     
.     .     .     .     .     0  
   .     .     .     .     .     
.     .     .     .     .     0  
   .     .     .     .     .     
      .     .     .     .        
   #     .     .     .     0     
      .     .     .     .        
         .     .     .           
            .     .              
-----------------------------Opp Move S 2 1 M 2 0
0:0 1:14 2:2 3:1 4:1 5:0 6:13 7:1 8:1 9:0 10:0 0:0 1:18 2:1 3:1 4:1 5:0 6:14 7:0 8:0 9:1 10:0   
            .     .              
         .     .     .           
      .     .     .     .        
   .     .     .     .     #     
      .     .     .     .        
   .     .     #     .     0     
.     #     .     x     .     o  
   .     .     .     x     .     
.     .     .     .     #     0  
   .     .     .     .     .     
.     .     .     .     .     0  
   .     .     .     .     .     
.     .     .     .     .     0  
   .     .     .     .     .     
      .     .     .     .        
   #     .     .     .     0     
      .     .     .     .        
         .     .     .           
            .     .              
-----------------------Eval=1550
my ring out0
opp ring out0
-----------------------------My Move S 5 7 M 3 3
  
            .     .              
         .     .     .           
      .     .     .     .        
   .     .     .     .     #     
      .     .     .     .        
   .     .     #     .     0     
.     #     .     x     0     o  
   .     .     .     x     .     
.     .     .     .     #     o  
   .     .     .     .     .     
.     .     .     .     .     0  
   .     .     .     .     .     
.     .     .     .     .     0  
   .     .     .     .     .     
      .     .     .     .        
   #     .     .     .     0     
      .     .     .     .        
         .     .     .           
            .     .              
-----------------------------Opp Move S 2 0 M 1 0
0:0 1:16 2:3 3:1 4:1 5:0 6:13 7:2 8:0 9:0 10:0 0:0 1:19 2:3 3:1 4:1 5:0 6:14 7:0 8:0 9:1 10:0   
            .     .              
         .     .     .           
      .     .     .     .        
   .     .     .     .     #     
      .     .     .     .        
   .     .     x     .     0     
.     #     .     x     0     o  
   .     .     #     x     .     
.     .     .     .     #     o  
   .     .     .     .     .     
.     .     .     .     .     0  
   .     .     .     .     .     
.     .     .     .     .     0  
   .     .     .     .     .     
      .     .     .     .        
   #     .     .     .     0     
      .     .     .     .        
         .     .     .           
            .     .              
-----------------------Eval=1518
my ring out0
opp ring out0
-----------------------------My Move S 4 4 M 4 5
  
            .     .              
         .     .     .           
      .     .     .     .        
   .     .     .     .     #     
      .     .     .     .        
   .     .     x     .     o     
.     #     .     x     0     o  
   .     .     #     x     0     
.     .     .     .     #     o  
   .     .     .     .     .     
.     .     .     .     .     0  
   .     .     .     .     .     
.     .     .     .     .     0  
   .     .     .     .     .     
      .     .     .     .        
   #     .     .     .     0     
      .     .     .     .        
         .     .     .           
            .     .              
-----------------------------Opp Move S 5 19 M 2 3
0:0 1:15 2:6 3:2 4:1 5:0 6:13 7:2 8:0 9:0 10:0 0:0 1:20 2:5 3:1 4:1 5:0 6:13 7:1 8:0 9:1 10:0   
            .     .              
         .     .     .           
      .     .     .     .        
   .     .     .     .     #     
      .     .     .     .        
   .     .     x     .     o     
.     #     .     x     0     o  
   .     .     #     x     0     
.     .     .     .     #     o  
   .     .     .     #     .     
.     .     .     .     .     0  
   .     .     .     .     .     
.     .     .     .     .     0  
   .     .     .     .     .     
      .     .     .     .        
   x     .     .     .     0     
      .     .     .     .        
         .     .     .           
            .     .              
-----------------------Eval=13040
my ring out0
opp ring out0
-----------------------------My Move S 3 3 M 3 2
  
            .     .              
         .     .     .           
      .     .     .     .        
   .     .     .     .     #     
      .     .     .     .        
   .     .     x     0     o     
.     #     .     x     o     o  
   .     .     #     x     0     
.     .     .     .     #     o  
   .     .     .     #     .     
.     .     .     .     .     0  
   .     .     .     .     .     
.     .     .     .     .     0  
   .     .     .     .     .     
      .     .     .     .        
   x     .     .     .     0     
      .     .     .     .        
         .     .     .           
            .     .              
-----------------------------Opp Move S 3 4 M 4 6
0:0 1:17 2:6 3:2 4:2 5:0 6:13 7:1 8:1 9:0 10:0 0:0 1:22 2:5 3:1 4:1 5:1 6:14 7:0 8:0 9:0 10:1   
            .     .              
         .     .     .           
      .     .     .     .        
   .     .     .     .     #     
      .     .     .     .        
   .     .     x     0     o     
.     #     .     x     o     o  
   .     .     #     x     0     
.     .     .     .     x     o  
   .     .     .     #     #     
.     .     .     .     .     0  
   .     .     .     .     .     
.     .     .     .     .     0  
   .     .     .     .     .     
      .     .     .     .        
   x     .     .     .     0     
      .     .     .     .        
         .     .     .           
            .     .              
-----------------------Eval=-160390
my ring out0
opp ring out0
-----------------------------My Move S 3 2 M 3 1
  
            .     .              
         .     .     .           
      .     .     .     .        
   .     .     .     .     #     
      .     .     0     .        
   .     .     x     o     o     
.     #     .     x     o     o  
   .     .     #     x     0     
.     .     .     .     x     o  
   .     .     .     #     #     
.     .     .     .     .     0  
   .     .     .     .     .     
.     .     .     .     .     0  
   .     .     .     .     .     
      .     .     .     .        
   x     .     .     .     0     
      .     .     .     .        
         .     .     .           
            .     .              
-----------------------------Opp Move S 4 6 M 3 5 RS 2 0 RE 4 6 X 2 3
0:0 1:19 2:6 3:2 4:2 5:1 6:13 7:1 8:0 9:1 10:0 0:0 1:15 2:0 3:0 4:0 5:0 6:12 7:0 8:0 9:0 10:0   
            .     .              
         .     .     .           
      .     .     .     .        
   .     .     .     .     #     
      .     .     0     .        
   .     .     .     o     o     
.     #     .     .     o     o  
   .     .     #     .     0     
.     .     .     .     .     o  
   .     .     .     .     .     
.     .     .     .     #     0  
   .     .     .     .     .     
.     .     .     .     .     0  
   .     .     .     .     .     
      .     .     .     .        
   x     .     .     .     0     
      .     .     .     .        
         .     .     .           
            .     .              
-----------------------Eval=-197881
my ring out0
opp ring out1
-----------------------------My Move S 4 5 M 4 6
  
            .     .              
         .     .     .           
      .     .     .     .        
   .     .     .     .     #     
      .     .     0     .        
   .     .     .     o     o     
.     #     .     .     o     o  
   .     .     #     .     o     
.     .     .     .     .     o  
   .     .     .     .     0     
.     .     .     .     #     0  
   .     .     .     .     .     
.     .     .     .     .     0  
   .     .     .     .     .     
      .     .     .     .        
   x     .     .     .     0     
      .     .     .     .        
         .     .     .           
            .     .              
-----------------------------Opp Move S 1 0 M 4 3
0:0 1:18 2:8 3:3 4:1 5:0 6:13 7:2 8:0 9:0 10:0 0:0 1:19 2:1 3:1 4:0 5:0 6:10 7:1 8:1 9:0 10:0   
            .     .              
         .     .     .           
      .     .     .     .        
   .     .     .     .     #     
      .     .     0     #        
   .     .     .     x     o     
.     #     .     .     o     o  
   .     .     x     .     o     
.     .     .     .     .     o  
   .     .     .     .     0     
.     .     .     .     #     0  
   .     .     .     .     .     
.     .     .     .     .     0  
   .     .     .     .     .     
      .     .     .     .        
   x     .     .     .     0     
      .     .     .     .        
         .     .     .           
            .     .              
-----------------------Eval=-197778
my ring out0
opp ring out1
-----------------------------My Move S 5 8 M 4 7
  
            .     .              
         .     .     .           
      .     .     .     .        
   .     .     .     .     #     
      .     .     0     #        
   .     .     .     x     o     
.     #     .     .     o     o  
   .     .     x     .     o     
.     .     .     .     .     o  
   .     .     .     .     0     
.     .     .     .     #     o  
   .     .     .     .     0     
.     .     .     .     .     0  
   .     .     .     .     .     
      .     .     .     .        
   x     .     .     .     0     
      .     .     .     .        
         .     .     .           
            .     .              
-----------------------------Opp Move S 3 15 M 4 8
0:0 1:18 2:10 3:3 4:2 5:0 6:13 7:2 8:0 9:0 10:0 0:0 1:22 2:1 3:1 4:0 5:0 6:10 7:1 8:1 9:0 10:0   
            .     .              
         .     .     .           
      .     .     .     .        
   .     .     .     .     #     
      .     .     0     #        
   .     .     .     x     o     
.     x     .     .     o     o  
   .     .     x     .     o     
.     .     .     .     .     o  
   .     .     .     .     0     
.     .     .     .     #     o  
   .     .     .     .     0     
.     .     .     .     .     0  
   .     .     .     .     #     
      .     .     .     .        
   x     .     .     .     0     
      .     .     .     .        
         .     .     .           
            .     .              
-----------------------Eval=-196765
my ring out0
opp ring out1
-----------------------------My Move S 4 6 M 3 4
  
            .     .              
         .     .     .           
      .     .     .     .        
   .     .     .     .     #     
      .     .     0     #        
   .     .     .     x     o     
.     x     .     .     o     o  
   .     .     x     .     o     
.     .     .     .     0     o  
   .     .     .     .     o     
.     .     .     .     #     o  
   .     .     .     .     0     
.     .     .     .     .     0  
   .     .     .     .     #     
      .     .     .     .        
   x     .     .     .     0     
      .     .     .     .        
         .     .     .           
            .     .              
-----------------------------Opp Move S 4 3 M 4 2
0:0 1:18 2:11 3:5 4:2 5:0 6:14 7:1 8:0 9:0 10:0 0:0 1:23 2:3 3:1 4:0 5:0 6:10 7:1 8:1 9:0 10:0   
            .     .              
         .     .     .           
      .     .     .     .        
   .     .     .     #     #     
      .     .     0     x        
   .     .     .     x     o     
.     x     .     .     o     o  
   .     .     x     .     o     
.     .     .     .     0     o  
   .     .     .     .     o     
.     .     .     .     #     o  
   .     .     .     .     0     
.     .     .     .     .     0  
   .     .     .     .     #     
      .     .     .     .        
   x     .     .     .     0     
      .     .     .     .        
         .     .     .           
            .     .              
-----------------------Eval=-171808
my ring out0
opp ring out1
-----------------------------My Move S 3 1 M 2 1
  
            .     .              
         .     .     .           
      .     .     .     .        
   .     .     .     #     #     
      .     .     o     x        
   .     .     .     x     o     
.     x     .     0     o     o  
   .     .     x     .     o     
.     .     .     .     0     o  
   .     .     .     .     o     
.     .     .     .     #     o  
   .     .     .     .     0     
.     .     .     .     .     0  
   .     .     .     .     #     
      .     .     .     .        
   x     .     .     .     0     
      .     .     .     .        
         .     .     .           
            .     .              
-----------------------------Opp Move S 5 4 M 5 1
0:0 1:20 2:12 3:5 4:2 5:0 6:14 7:1 8:0 9:0 10:0 0:0 1:26 2:3 3:1 4:0 5:0 6:11 7:1 8:0 9:0 10:0   
            .     #              
         .     .     .           
      .     .     .     .        
   .     .     .     #     x     
      .     .     o     x        
   .     .     .     x     o     
.     x     .     0     o     o  
   .     .     x     .     o     
.     .     .     .     0     o  
   .     .     .     .     o     
.     .     .     .     #     o  
   .     .     .     .     0     
.     .     .     .     .     0  
   .     .     .     .     #     
      .     .     .     .        
   x     .     .     .     0     
      .     .     .     .        
         .     .     .           
            .     .              
-----------------------Eval=-170826
my ring out0
opp ring out1
-----------------------------My Move S 2 1 M 1 1
  
            .     #              
         .     .     .           
      .     .     .     .        
   .     .     .     #     x     
      .     .     o     x        
   .     .     .     x     o     
.     x     .     o     o     o  
   .     .     x     .     o     
.     .     .     0     0     o  
   .     .     .     .     o     
.     .     .     .     #     o  
   .     .     .     .     0     
.     .     .     .     .     0  
   .     .     .     .     #     
      .     .     .     .        
   x     .     .     .     0     
      .     .     .     .        
         .     .     .           
            .     .              
-----------------------------Opp Move S 5 1 M 5 2
0:0 1:22 2:12 3:6 4:2 5:0 6:14 7:1 8:0 9:0 10:0 0:0 1:27 2:4 3:2 4:0 5:0 6:9 7:2 8:1 9:0 10:0   
            .     x              
         .     .     #           
      .     .     .     .        
   .     .     .     #     x     
      .     .     o     x        
   .     .     .     x     o     
.     x     .     o     o     o  
   .     .     x     .     o     
.     .     .     0     0     o  
   .     .     .     .     o     
.     .     .     .     #     o  
   .     .     .     .     0     
.     .     .     .     .     0  
   .     .     .     .     #     
      .     .     .     .        
   x     .     .     .     0     
      .     .     .     .        
         .     .     .           
            .     .              
-----------------------Eval=-146814
my ring out0
opp ring out1
-----------------------------My Move S 1 1 M 0 0
  
            .     x              
         .     .     #           
      .     .     .     .        
   .     .     .     #     x     
      .     .     o     x        
   .     .     .     x     o     
.     x     .     o     o     o  
   .     .     x     .     o     
.     .     .     o     0     o  
   .     .     0     .     o     
.     .     .     .     #     o  
   .     .     .     .     0     
.     .     .     .     .     0  
   .     .     .     .     #     
      .     .     .     .        
   x     .     .     .     0     
      .     .     .     .        
         .     .     .           
            .     .              
-----------------------------Opp Move S 4 8 M 1 2
0:0 1:24 2:13 3:6 4:2 5:0 6:14 7:1 8:0 9:0 10:0 0:0 1:30 2:4 3:2 4:0 5:0 6:9 7:2 8:1 9:0 10:0   
            .     x              
         .     .     #           
      .     .     .     .        
   .     .     .     #     x     
      .     .     o     x        
   .     .     .     x     o     
.     x     .     o     o     o  
   .     .     x     .     o     
.     .     .     o     0     o  
   .     .     0     .     o     
.     .     .     #     #     o  
   .     .     .     .     0     
.     .     .     .     .     0  
   .     .     .     .     x     
      .     .     .     .        
   x     .     .     .     0     
      .     .     .     .        
         .     .     .           
            .     .              
-----------------------Eval=-147358
my ring out0
opp ring out1
-----------------------------My Move S 0 0 M 2 0
  
            .     x              
         .     .     #           
      .     .     .     .        
   .     .     .     #     x     
      .     .     o     x        
   .     .     0     x     o     
.     x     .     o     o     o  
   .     .     o     .     o     
.     .     .     o     0     o  
   .     .     o     .     o     
.     .     .     #     #     o  
   .     .     .     .     0     
.     .     .     .     .     0  
   .     .     .     .     x     
      .     .     .     .        
   x     .     .     .     0     
      .     .     .     .        
         .     .     .           
            .     .              
-----------------------------Opp Move S 3 5 M 2 11
0:0 1:24 2:14 3:5 4:2 5:0 6:14 7:1 8:0 9:0 10:0 0:0 1:33 2:6 3:3 4:0 5:0 6:9 7:2 8:1 9:0 10:0   
            .     x              
         .     .     #           
      .     .     .     .        
   .     .     .     #     x     
      .     .     o     x        
   .     .     0     x     o     
.     x     #     o     o     o  
   .     .     x     .     o     
.     .     .     x     0     o  
   .     .     o     .     o     
.     .     .     #     x     o  
   .     .     .     .     0     
.     .     .     .     .     0  
   .     .     .     .     x     
      .     .     .     .        
   x     .     .     .     0     
      .     .     .     .        
         .     .     .           
            .     .              
-----------------------Eval=-149389
my ring out0
opp ring out1
-----------------------------My Move S 2 0 M 1 3
  
            .     x              
         .     .     #           
      .     .     .     .        
   .     .     .     #     x     
      .     .     o     x        
   .     .     o     x     o     
.     x     #     o     o     o  
   .     .     o     .     o     
.     .     .     x     0     o  
   .     .     x     .     o     
.     .     .     #     x     o  
   .     .     0     .     0     
.     .     .     .     .     0  
   .     .     .     .     x     
      .     .     .     .        
   x     .     .     .     0     
      .     .     .     .        
         .     .     .           
            .     .              
-----------------------------Opp Move S 2 11 M 2 3
0:0 1:26 2:14 3:6 4:2 5:0 6:14 7:1 8:0 9:0 10:0 0:0 1:34 2:9 3:2 4:0 5:0 6:7 7:4 8:1 9:0 10:0   
            .     x              
         .     .     #           
      .     .     .     .        
   .     .     .     #     x     
      .     .     o     x        
   .     .     o     x     o     
.     x     x     o     o     o  
   .     .     x     .     o     
.     .     .     o     0     o  
   .     .     x     #     o     
.     .     .     #     x     o  
   .     .     0     .     0     
.     .     .     .     .     0  
   .     .     .     .     x     
      .     .     .     .        
   x     .     .     .     0     
      .     .     .     .        
         .     .     .           
            .     .              
-----------------------Eval=-184375
my ring out0
opp ring out1
-----------------------------My Move S 1 3 M 3 0
  
            .     x              
         .     .     #           
      .     .     .     .        
   .     .     0     #     x     
      .     .     o     x        
   .     .     x     x     o     
.     x     x     o     o     o  
   .     .     o     .     o     
.     .     .     o     0     o  
   .     .     o     #     o     
.     .     .     #     x     o  
   .     .     o     .     0     
.     .     .     .     .     0  
   .     .     .     .     x     
      .     .     .     .        
   x     .     .     .     0     
      .     .     .     .        
         .     .     .           
            .     .              
-----------------------------Opp Move S 2 3 M 3 16
0:0 1:30 2:14 3:5 4:2 5:0 6:14 7:1 8:0 9:0 10:0 0:0 1:35 2:9 3:3 4:1 5:0 6:8 7:3 8:1 9:0 10:0   
            .     x              
         .     .     #           
      .     .     .     .        
   .     .     0     #     x     
      .     .     o     x        
   .     #     x     x     o     
.     x     o     o     o     o  
   .     .     x     .     o     
.     .     .     x     0     o  
   .     .     o     x     o     
.     .     .     #     x     o  
   .     .     o     .     0     
.     .     .     .     .     0  
   .     .     .     .     x     
      .     .     .     .        
   x     .     .     .     0     
      .     .     .     .        
         .     .     .           
            .     .              
-----------------------Eval=-173970
my ring out0
opp ring out1
-----------------------------My Move S 3 0 M 2 6
  
            .     x              
         .     .     #           
      .     .     .     .        
   .     .     o     #     x     
      .     .     o     x        
   .     #     o     x     o     
.     x     o     o     o     o  
   .     .     o     .     o     
.     .     .     x     0     o  
   .     .     x     x     o     
.     .     .     #     x     o  
   .     .     x     .     0     
.     .     .     .     .     0  
   .     .     0     .     x     
      .     .     .     .        
   x     .     .     .     0     
      .     .     .     .        
         .     .     .           
            .     .              
-----------------------------Opp Move S 4 2 M 2 10
0:0 1:26 2:12 3:5 4:2 5:0 6:14 7:1 8:0 9:0 10:0 0:0 1:37 2:16 3:5 4:1 5:1 6:5 7:6 8:1 9:0 10:0   
            .     x              
         .     .     #           
      .     .     .     .        
   .     .     o     x     x     
      .     .     x     x        
   .     #     x     x     o     
.     x     x     o     o     o  
   .     #     o     .     o     
.     .     .     x     0     o  
   .     .     x     x     o     
.     .     .     #     x     o  
   .     .     x     .     0     
.     .     .     .     .     0  
   .     .     0     .     x     
      .     .     .     .        
   x     .     .     .     0     
      .     .     .     .        
         .     .     .           
            .     .              
-----------------------Eval=-187490
my ring out0
opp ring out1
-----------------------------My Move S 3 4 M 3 17
  
            .     x              
         .     .     #           
      .     .     .     .        
   .     .     o     x     x     
      .     0     x     x        
   .     #     o     x     o     
.     x     x     x     o     o  
   .     #     o     .     o     
.     .     .     x     o     o  
   .     .     x     x     o     
.     .     .     #     x     o  
   .     .     x     .     0     
.     .     .     .     .     0  
   .     .     0     .     x     
      .     .     .     .        
   x     .     .     .     0     
      .     .     .     .        
         .     .     .           
            .     .              
-----------------------------Opp Move S 1 2 M 2 5
0:0 1:26 2:14 3:6 4:2 5:0 6:14 7:1 8:0 9:0 10:0 0:0 1:37 2:18 3:5 4:2 5:1 6:6 7:5 8:1 9:0 10:0   
            .     x              
         .     .     #           
      .     .     .     .        
   .     .     o     x     x     
      .     0     x     x        
   .     #     o     x     o     
.     x     x     x     o     o  
   .     #     o     .     o     
.     .     .     x     o     o  
   .     .     x     x     o     
.     .     .     x     x     o  
   .     .     x     .     0     
.     .     .     #     .     0  
   .     .     0     .     x     
      .     .     .     .        
   x     .     .     .     0     
      .     .     .     .        
         .     .     .           
            .     .              
-----------------------Eval=-297906
my ring out0
opp ring out1
-----------------------------My Move S 5 9 M 4 9
  
            .     x              
         .     .     #           
      .     .     .     .        
   .     .     o     x     x     
      .     0     x     x        
   .     #     o     x     o     
.     x     x     x     o     o  
   .     #     o     .     o     
.     .     .     x     o     o  
   .     .     x     x     o     
.     .     .     x     x     o  
   .     .     x     .     0     
.     .     .     #     .     o  
   .     .     0     .     o     
      .     .     .     0        
   x     .     .     .     0     
      .     .     .     .        
         .     .     .           
            .     .              
-----------------------------Opp Move S 2 10 M 1 5
0:0 1:27 2:16 3:7 4:2 5:2 6:13 7:1 8:1 9:0 10:0 0:0 1:34 2:18 3:6 4:3 5:2 6:6 7:4 8:2 9:0 10:0   
            .     x              
         .     .     #           
      .     .     .     .        
   .     .     o     x     x     
      .     0     x     x        
   .     #     o     x     o     
.     x     x     x     o     o  
   .     x     o     .     o     
.     .     #     x     o     o  
   .     .     x     x     o     
.     .     .     x     x     o  
   .     .     x     .     0     
.     .     .     #     .     o  
   .     .     0     .     o     
      .     .     .     0        
   x     .     .     .     0     
      .     .     .     .        
         .     .     .           
            .     .              
-----------------------Eval=-299022
my ring out0
opp ring out1
-----------------------------My Move S 4 7 M 3 9 RS 4 8 RE 4 4 X 4 9
  
            .     x              
         .     .     #           
      .     .     .     .        
   .     .     o     x     x     
      .     0     x     x        
   .     #     o     x     .     
.     x     x     x     o     o  
   .     x     o     .     .     
.     .     #     x     o     o  
   .     .     x     x     .     
.     .     .     x     x     o  
   .     .     x     .     .     
.     .     .     #     .     o  
   .     .     0     .     .     
      .     .     .     .        
   x     .     0     .     0     
      .     .     .     .        
         .     .     .           
            .     .              
-----------------------------Opp Move S 1 5 M 1 4 RS 3 15 RE 1 2 X 2 5
0:0 1:30 2:6 3:2 4:1 5:0 6:11 7:1 8:0 9:0 10:0 0:0 1:33 2:10 3:4 4:1 5:0 6:7 7:1 8:1 9:0 10:0   
            .     x              
         .     .     #           
      .     .     .     .        
   .     .     o     x     x     
      .     0     x     x        
   .     #     o     x     .     
.     .     x     x     o     o  
   .     .     o     .     .     
.     .     .     x     o     o  
   .     .     .     x     .     
.     .     #     .     x     o  
   .     .     x     .     .     
.     .     .     .     .     o  
   .     .     0     .     .     
      .     .     .     .        
   x     .     0     .     0     
      .     .     .     .        
         .     .     .           
            .     .              
-----------------------Eval=-299455
my ring out1
opp ring out2
-----------------------------My Move S 3 17 M 2 2
  
            .     x              
         .     .     #           
      .     .     .     .        
   .     .     o     x     x     
      .     o     x     x        
   .     #     x     x     .     
.     .     x     o     o     o  
   .     .     o     0     .     
.     .     .     x     o     o  
   .     .     .     x     .     
.     .     #     .     x     o  
   .     .     x     .     .     
.     .     .     .     .     o  
   .     .     0     .     .     
      .     .     .     .        
   x     .     0     .     0     
      .     .     .     .        
         .     .     .           
            .     .              
-----------------------------Opp Move S 5 2 M 5 3
0:0 1:32 2:7 3:2 4:1 5:0 6:10 7:2 8:0 9:0 10:0 0:0 1:33 2:10 3:5 4:2 5:1 6:6 7:1 8:1 9:0 10:1   
            .     x              
         .     .     x           
      .     .     .     #        
   .     .     o     x     x     
      .     o     x     x        
   .     #     x     x     .     
.     .     x     o     o     o  
   .     .     o     0     .     
.     .     .     x     o     o  
   .     .     .     x     .     
.     .     #     .     x     o  
   .     .     x     .     .     
.     .     .     .     .     o  
   .     .     0     .     .     
      .     .     .     .        
   x     .     0     .     0     
      .     .     .     .        
         .     .     .           
            .     .              
-----------------------Eval=-312684
my ring out1
opp ring out2
-----------------------------My Move S 3 9 M 3 6
  
            .     x              
         .     .     x           
      .     .     .     #        
   .     .     o     x     x     
      .     o     x     x        
   .     #     x     x     .     
.     .     x     o     o     o  
   .     .     o     0     .     
.     .     .     x     o     o  
   .     .     .     x     .     
.     .     #     .     x     o  
   .     .     x     .     .     
.     .     .     .     0     o  
   .     .     0     .     .     
      .     .     .     .        
   x     .     o     .     0     
      .     .     .     .        
         .     .     .           
            .     .              
-----------------------------Opp Move S 3 16 M 2 10
0:0 1:35 2:7 3:2 4:1 5:0 6:10 7:2 8:0 9:0 10:0 0:0 1:34 2:11 3:5 4:2 5:2 6:6 7:1 8:1 9:0 10:1   
            .     x              
         .     .     x           
      .     .     .     #        
   .     .     o     x     x     
      .     o     x     x        
   .     x     x     x     .     
.     .     x     o     o     o  
   .     #     o     0     .     
.     .     .     x     o     o  
   .     .     .     x     .     
.     .     #     .     x     o  
   .     .     x     .     .     
.     .     .     .     0     o  
   .     .     0     .     .     
      .     .     .     .        
   x     .     o     .     0     
      .     .     .     .        
         .     .     .           
            .     .              
-----------------------Eval=-1273427
my ring out1
opp ring out2
-----------------------------My Move S 2 6 M 4 6
  
            .     x              
         .     .     x           
      .     .     .     #        
   .     .     o     x     x     
      .     o     x     x        
   .     x     x     x     .     
.     .     x     o     o     o  
   .     #     o     0     .     
.     .     .     x     o     o  
   .     .     .     x     0     
.     .     #     .     o     o  
   .     .     x     .     .     
.     .     .     .     0     o  
   .     .     o     .     .     
      .     .     .     .        
   x     .     o     .     0     
      .     .     .     .        
         .     .     .           
            .     .              
***********************************

-> You are player 2
-> You are alloted a time of 120s

***********************************

Player 1 played : P 2 2
P 2 2 True
Time remaining is: 120s
You played : P 5 9
P 5 9 True
Player 1 played : P 5 19
P 5 19 True
Time remaining is: 120s
You played : P 5 8
P 5 8 True
Player 1 played : P 5 4
P 5 4 True
Time remaining is: 120s
You played : P 5 7
P 5 7 True
Player 1 played : P 2 1
P 2 1 True
Time remaining is: 120s
You played : P 5 6
P 5 6 True
Player 1 played : P 3 15
P 3 15 True
Time remaining is: 120s
You played : P 5 11
P 5 11 True
Player 1 played : S 2 2 M 3 4
S 2 2 True
M 3 4 True
Time remaining is: 120s
You played : S 5 6 M 4 4
S 5 6 True
M 4 4 True
Player 1 played : S 2 1 M 2 0
S 2 1 True
M 2 0 True
Time remaining is: 120s
You played : S 5 7 M 3 3
S 5 7 True
M 3 3 True
Player 1 played : S 2 0 M 1 0
S 2 0 True
M 1 0 True
Time remaining is: 120s
You played : S 4 4 M 4 5
S 4 4 True
M 4 5 True
Player 1 played : S 5 19 M 2 3
S 5 19 True
M 2 3 True
Time remaining is: 119s
You played : S 3 3 M 3 2
S 3 3 True
M 3 2 True
Player 1 played : S 3 4 M 4 6
S 3 4 True
M 4 6 True
Time remaining is: 119s
You played : S 3 2 M 3 1
S 3 2 True
M 3 1 True
Player 1 played : S 4 6 M 3 5 RS 2 0 RE 4 6 X 2 3
S 4 6 True
M 3 5 True
RS 2 0 True
RE 4 6 True
X 2 3 True
Time remaining is: 119s
You played : S 4 5 M 4 6
S 4 5 True
M 4 6 True
Player 1 played : S 1 0 M 4 3
S 1 0 True
M 4 3 True
Time remaining is: 118s
You played : S 5 8 M 4 7
S 5 8 True
M 4 7 True
Player 1 played : S 3 15 M 4 8
S 3 15 True
M 4 8 True
Time remaining is: 118s
You played : S 4 6 M 3 4
S 4 6 True
M 3 4 True
Player 1 played : S 4 3 M 4 2
S 4 3 True
M 4 2 True
Time remaining is: 118s
You played : S 3 1 M 2 1
S 3 1 True
M 2 1 True
Player 1 played : S 5 4 M 5 1
S 5 4 True
M 5 1 True
Time remaining is: 118s
You played : S 2 1 M 1 1
S 2 1 True
M 1 1 True
Player 1 played : S 5 1 M 5 2
S 5 1 True
M 5 2 True
Time remaining is: 118s
You played : S 1 1 M 0 0
S 1 1 True
M 0 0 True
Player 1 played : S 4 8 M 1 2
S 4 8 True
M 1 2 True
Time remaining is: 117s
You played : S 0 0 M 2 0
S 0 0 True
M 2 0 True
Player 1 played : S 3 5 M 2 11
S 3 5 True
M 2 11 True
Time remaining is: 117s
You played : S 2 0 M 1 3
S 2 0 True
M 1 3 True
Player 1 played : S 2 11 M 2 3
S 2 11 True
M 2 3 True
Time remaining is: 117s
You played : S 1 3 M 3 0
S 1 3 True
M 3 0 True
Player 1 played : S 2 3 M 3 16
S 2 3 True
M 3 16 True
Time remaining is: 117s
You played : S 3 0 M 2 6
S 3 0 True
M 2 6 True
Player 1 played : S 4 2 M 2 10
S 4 2 True
M 2 10 True
Time remaining is: 117s
You played : S 3 4 M 3 17
S 3 4 True
M 3 17 True
Player 1 played : S 1 2 M 2 5
S 1 2 True
M 2 5 True
Time remaining is: 117s
You played : S 5 9 M 4 9
S 5 9 True
M 4 9 True
Player 1 played : S 2 10 M 1 5
S 2 10 True
M 1 5 True
Time remaining is: 117s
You played : S 4 7 M 3 9 RS 4 8 RE 4 4 X 4 9
S 4 7 True
M 3 9 True
RS 4 8 True
RE 4 4 True
X 4 9 True
Player 1 played : S 1 5 M 1 4 RS 3 15 RE 1 2 X 2 5
S 1 5 True
M 1 4 True
RS 3 15 True
RE 1 2 True
X 2 5 True
Time remaining is: 116s
You played : S 3 17 M 2 2
S 3 17 True
M 2 2 True
Player 1 played : S 5 2 M 5 3
S 5 2 True
M 5 3 True
Time remaining is: 115s
You played : S 3 9 M 3 6
S 3 9 True
M 3 6 True
Player 1 played : S 3 16 M 2 10
S 3 16 True
M 2 10 True
Time remaining is: 115s
You played : S 2 6 M 4 6
S 2 6 True
M 4 6 True
Player 1 played : S 2 10 M 3 15 RS 2 10 RE 4 2 X 3 15
S 2 10 True
M 3 15 True
RS 2 10 True
RE 4 2 True
X 3 15 True
OTHER PLAYER WINS!
Your Score : 1.013
Opponent's Score : 9.01
