The5
WHY 

centre is -1
layer num 1		-1  -1  -1  -1  -1  -1  
layer num 2		-1  0  0  -1  -1  -1  -1  -1  -1  -1  -1  -1  
layer num 3		-1  -1  -1  -1  -1  -1  -1  -1  -1  -1  -1  -1  -1  -1  -1  0  -1  -1  
layer num 4		-1  -1  -1  -1  -1  -1  -1  -1  -1  -1  -1  -1  -1  -1  -1  -1  -1  -1  -1  -1  -1  -1  -1  -1  
layer num 5		-1  -1  -1  -1  0  -1  1  1  1  1  -1  1  -1  -1  -1  -1  -1  -1  -1  0  -1  -1  -1  -1  -1  -1  -1  -1  -1  -1  
my rings: 0
other rings: 0
Came here
5
2
WHY 

centre is -1
layer num 1		-1  -1  -1  -1  -1  -1  
layer num 2		-1  0  2  -1  -1  -1  -1  -1  -1  -1  -1  -1  
layer num 3		-1  -1  -1  -1  0  -1  -1  -1  -1  -1  -1  -1  -1  -1  -1  0  -1  -1  
layer num 4		-1  -1  -1  -1  1  -1  -1  -1  -1  -1  -1  -1  -1  -1  -1  -1  -1  -1  -1  -1  -1  -1  -1  -1  
layer num 5		-1  -1  -1  -1  0  -1  3  1  1  1  -1  1  -1  -1  -1  -1  -1  -1  -1  0  -1  -1  -1  -1  -1  -1  -1  -1  -1  -1  
my rings: 1
other rings: 1
Came here
5
4
WHY 

centre is -1
layer num 1		-1  -1  -1  -1  -1  -1  
layer num 2		0  2  2  -1  -1  -1  -1  -1  -1  -1  -1  -1  
layer num 3		-1  -1  -1  1  0  -1  -1  -1  -1  -1  -1  -1  -1  -1  -1  0  -1  -1  
layer num 4		-1  -1  -1  -1  1  -1  -1  -1  -1  -1  -1  -1  -1  -1  -1  -1  -1  -1  -1  -1  -1  -1  -1  -1  
layer num 5		-1  -1  -1  -1  0  -1  3  3  1  1  -1  1  -1  -1  -1  -1  -1  -1  -1  0  -1  -1  -1  -1  -1  -1  -1  -1  -1  -1  
my rings: 2
other rings: 2
Came here
5
6
WHY 

centre is -1
layer num 1		0  -1  -1  -1  -1  -1  
layer num 2		2  2  2  -1  -1  -1  -1  -1  -1  -1  -1  -1  
layer num 3		-1  -1  -1  1  0  -1  -1  -1  -1  -1  -1  -1  -1  -1  -1  0  -1  -1  
layer num 4		-1  -1  -1  -1  3  1  -1  -1  -1  -1  -1  -1  -1  -1  -1  -1  -1  -1  -1  -1  -1  -1  -1  -1  
layer num 5		-1  -1  -1  -1  0  -1  3  3  1  1  -1  1  -1  -1  -1  -1  -1  -1  -1  0  -1  -1  -1  -1  -1  -1  -1  -1  -1  -1  
my rings: 3
other rings: 3
Came here
5
8
WHY 

centre is -1
layer num 1		0  -1  -1  -1  -1  -1  
layer num 2		2  2  2  0  -1  -1  -1  -1  -1  -1  -1  -1  
layer num 3		-1  -1  1  3  0  -1  -1  -1  -1  -1  -1  -1  -1  -1  -1  0  -1  -1  
layer num 4		-1  -1  -1  -1  3  1  -1  -1  -1  -1  -1  -1  -1  -1  -1  -1  -1  -1  -1  -1  -1  -1  -1  -1  
layer num 5		-1  -1  -1  -1  0  -1  3  3  1  1  -1  1  -1  -1  -1  -1  -1  -1  -1  2  -1  -1  -1  -1  -1  -1  -1  -1  -1  -1  
my rings: 4
other rings: 4
Came here
6
11
WHY 

centre is -1
layer num 1		0  -1  -1  -1  -1  -1  
layer num 2		2  2  2  0  -1  -1  -1  -1  -1  -1  -1  -1  
layer num 3		-1  1  3  3  2  -1  -1  -1  -1  -1  -1  -1  -1  -1  -1  0  -1  -1  
layer num 4		-1  -1  -1  -1  3  1  0  -1  -1  -1  -1  -1  -1  -1  -1  -1  -1  -1  -1  -1  -1  -1  -1  -1  
layer num 5		-1  -1  -1  -1  0  -1  3  3  1  1  -1  1  -1  -1  -1  -1  -1  -1  -1  2  -1  -1  -1  -1  -1  -1  -1  -1  -1  -1  
my rings: 5
other rings: 5
Came here
5
13
WHY 

centre is -1
layer num 1		0  -1  -1  -1  -1  -1  
layer num 2		-1  -1  -1  -1  -1  -1  -1  -1  -1  -1  -1  -1  
layer num 3		-1  1  3  3  -1  0  -1  -1  -1  -1  -1  -1  -1  -1  -1  0  -1  -1  
layer num 4		-1  -1  -1  -1  3  3  1  -1  -1  -1  -1  -1  -1  -1  -1  -1  -1  -1  -1  -1  -1  -1  -1  -1  
layer num 5		-1  -1  -1  -1  0  -1  3  3  1  1  -1  1  -1  -1  -1  -1  -1  -1  -1  2  -1  -1  -1  -1  -1  -1  -1  -1  -1  -1  
my rings: 1
other rings: 6
Came here
6
16
WHY 

centre is -1
layer num 1		2  -1  -1  -1  -1  -1  
layer num 2		-1  -1  -1  -1  -1  -1  -1  -1  -1  -1  -1  -1  
layer num 3		-1  1  2  3  -1  0  -1  -1  -1  -1  -1  -1  -1  -1  -1  0  -1  -1  
layer num 4		-1  -1  -1  0  3  3  1  1  -1  -1  -1  -1  -1  -1  -1  -1  -1  -1  -1  -1  -1  -1  -1  -1  
layer num 5		-1  -1  -1  -1  0  -1  3  3  3  1  -1  1  -1  -1  -1  -1  -1  -1  -1  2  -1  -1  -1  -1  -1  -1  -1  -1  -1  -1  
my rings: 3
other rings: 6
Came here
5
18
WHY 

centre is -1
layer num 1		2  -1  -1  -1  -1  -1  
layer num 2		-1  -1  -1  -1  -1  -1  -1  -1  -1  -1  -1  -1  
layer num 3		-1  1  2  3  1  0  -1  -1  -1  -1  -1  -1  -1  -1  -1  2  -1  -1  
layer num 4		-1  -1  -1  0  3  3  3  1  0  -1  -1  -1  -1  -1  -1  -1  -1  -1  -1  -1  -1  -1  -1  -1  
layer num 5		-1  -1  -1  -1  0  -1  3  3  3  1  -1  1  -1  -1  -1  -1  -1  -1  -1  2  -1  -1  -1  -1  -1  -1  -1  -1  -1  -1  
my rings: 4
other rings: 7
Came here
6
21
WHY 

centre is -1
layer num 1		2  -1  -1  -1  -1  -1  
layer num 2		-1  1  -1  -1  -1  -1  -1  -1  -1  -1  -1  -1  
layer num 3		-1  3  2  3  1  0  -1  -1  -1  -1  -1  -1  -1  -1  -1  2  -1  -1  
layer num 4		-1  -1  0  2  3  3  3  1  0  -1  -1  -1  -1  -1  -1  -1  -1  -1  -1  -1  -1  -1  -1  -1  
layer num 5		-1  -1  -1  -1  0  -1  3  3  3  1  -1  1  -1  -1  -1  -1  -1  -1  -1  2  -1  -1  -1  -1  -1  -1  -1  -1  -1  -1  
my rings: 5
other rings: 8
Came here
6
24
WHY 

centre is -1
layer num 1		2  1  -1  -1  -1  -1  
layer num 2		-1  3  -1  -1  -1  -1  -1  -1  -1  -1  -1  -1  
layer num 3		-1  3  2  3  1  0  -1  -1  -1  -1  -1  -1  -1  -1  -1  2  -1  -1  
layer num 4		-1  -1  0  2  3  3  3  1  0  -1  -1  -1  -1  -1  -1  -1  -1  -1  -1  -1  -1  -1  -1  -1  
layer num 5		-1  0  -1  -1  2  -1  3  3  3  1  -1  1  -1  -1  -1  -1  -1  -1  -1  2  -1  -1  -1  -1  -1  -1  -1  -1  -1  -1  
my rings: 6
other rings: 9
Came here
6
27
WHY 

centre is 1
layer num 1		2  3  -1  -1  -1  -1  
layer num 2		-1  3  -1  -1  -1  -1  -1  -1  -1  -1  -1  -1  
layer num 3		-1  3  2  3  1  0  -1  -1  -1  -1  -1  -1  -1  -1  -1  2  -1  -1  
layer num 4		-1  -1  0  2  3  3  3  1  0  -1  -1  -1  -1  -1  -1  -1  -1  -1  -1  -1  -1  -1  -1  -1  
layer num 5		-1  2  0  -1  2  -1  3  3  3  1  -1  1  -1  -1  -1  -1  -1  -1  -1  2  -1  -1  -1  -1  -1  -1  -1  -1  -1  -1  
my rings: 7
other rings: 10
Came here
6
30
WHY 

centre is 3
layer num 1		3  3  0  -1  -1  -1  
layer num 2		1  3  -1  -1  -1  -1  -1  -1  -1  -1  -1  -1  
layer num 3		-1  3  2  3  1  0  -1  -1  -1  -1  -1  -1  -1  -1  -1  2  -1  -1  
layer num 4		-1  -1  0  2  3  3  3  1  2  -1  -1  -1  -1  -1  -1  -1  -1  -1  -1  -1  -1  -1  -1  -1  
layer num 5		-1  2  0  -1  2  -1  3  3  3  1  -1  1  -1  -1  -1  -1  -1  -1  -1  2  -1  -1  -1  -1  -1  -1  -1  -1  -1  -1  
my rings: 7
other rings: 12
Came here
6
33
WHY 

centre is 2
layer num 1		3  2  0  1  -1  -1  
layer num 2		3  3  -1  -1  -1  -1  -1  -1  -1  -1  -1  0  
layer num 3		-1  3  2  3  1  2  -1  -1  -1  -1  -1  -1  -1  -1  -1  2  -1  -1  
layer num 4		-1  -1  0  2  3  3  3  1  2  -1  -1  -1  -1  -1  -1  -1  -1  -1  -1  -1  -1  -1  -1  -1  
layer num 5		-1  2  0  -1  2  -1  3  3  3  1  -1  1  -1  -1  -1  -1  -1  -1  -1  2  -1  -1  -1  -1  -1  -1  -1  -1  -1  -1  
my rings: 10
other rings: 11
Came here
6
36
WHY 

centre is 3
layer num 1		3  3  0  3  -1  -1  
layer num 2		2  3  -1  0  -1  -1  -1  -1  -1  -1  -1  2  
layer num 3		1  3  2  3  1  2  -1  -1  -1  -1  -1  -1  -1  -1  -1  2  -1  -1  
layer num 4		-1  -1  0  2  3  3  3  1  2  -1  -1  -1  -1  -1  -1  -1  -1  -1  -1  -1  -1  -1  -1  -1  
layer num 5		-1  2  0  -1  2  -1  3  3  3  1  -1  1  -1  -1  -1  -1  -1  -1  -1  2  -1  -1  -1  -1  -1  -1  -1  -1  -1  -1  
my rings: 10
other rings: 13
Came here
6
39
WHY 

centre is 2
layer num 1		3  2  0  2  -1  -1  
layer num 2		3  3  -1  2  -1  -1  1  -1  -1  -1  -1  3  
layer num 3		3  3  2  3  1  2  -1  -1  -1  -1  -1  -1  -1  -1  -1  2  0  -1  
layer num 4		-1  -1  0  2  3  3  3  1  2  -1  -1  -1  -1  -1  -1  -1  -1  -1  -1  -1  -1  -1  -1  -1  
layer num 5		-1  2  0  -1  2  -1  3  3  3  1  -1  1  -1  -1  -1  -1  -1  -1  -1  2  -1  -1  -1  -1  -1  -1  -1  -1  -1  -1  
my rings: 12
other rings: 13
Came here
6
42
WHY 

centre is 2
layer num 1		3  2  0  2  -1  -1  
layer num 2		3  2  -1  2  -1  -1  1  -1  -1  -1  0  2  
layer num 3		3  2  2  3  3  2  -1  -1  -1  -1  -1  -1  -1  -1  -1  2  0  1  
layer num 4		-1  -1  2  2  3  3  3  1  2  -1  -1  -1  -1  -1  -1  -1  -1  -1  -1  -1  -1  -1  -1  -1  
layer num 5		-1  2  0  -1  2  -1  3  3  3  1  -1  1  -1  -1  -1  -1  -1  -1  -1  2  -1  -1  -1  -1  -1  -1  -1  -1  -1  -1  
my rings: 16
other rings: 11
Came here
6
45
WHY 

centre is 2
layer num 1		3  2  2  2  -1  -1  
layer num 2		3  2  -1  2  -1  0  1  -1  -1  -1  0  2  
layer num 3		3  2  2  3  3  2  -1  -1  -1  -1  -1  -1  -1  -1  -1  2  0  1  
layer num 4		-1  -1  2  2  3  3  3  1  3  1  -1  -1  -1  -1  -1  -1  -1  -1  -1  -1  -1  -1  -1  -1  
layer num 5		-1  2  0  -1  2  -1  3  3  3  3  -1  1  -1  -1  -1  -1  -1  -1  -1  2  -1  -1  -1  -1  -1  -1  -1  -1  -1  -1  
my rings: 16
other rings: 13
Came here
5
47
WHY 

centre is 2
layer num 1		3  2  2  2  -1  0  
layer num 2		3  2  -1  2  -1  0  1  -1  -1  -1  2  2  
layer num 3		3  2  2  3  3  2  -1  -1  -1  1  -1  -1  -1  -1  -1  2  0  1  
layer num 4		-1  -1  2  2  -1  -1  -1  -1  -1  -1  -1  -1  -1  -1  -1  -1  -1  -1  -1  -1  -1  -1  -1  -1  
layer num 5		-1  2  0  -1  2  -1  3  3  3  3  -1  1  -1  -1  -1  -1  -1  -1  -1  2  -1  -1  -1  -1  -1  -1  -1  -1  -1  -1  
my rings: 17
other rings: 9
Came here
6
50
WHY 

centre is -1
layer num 1		3  2  -1  2  0  -1  
layer num 2		2  3  1  2  -1  -1  1  -1  -1  -1  -1  2  
layer num 3		3  2  2  3  3  2  -1  -1  -1  1  -1  -1  -1  -1  -1  -1  0  3  
layer num 4		-1  -1  2  2  -1  -1  -1  -1  -1  -1  -1  -1  -1  -1  -1  -1  -1  -1  -1  -1  -1  -1  -1  -1  
layer num 5		-1  2  0  -1  2  -1  3  3  3  3  -1  1  -1  -1  -1  -1  -1  -1  -1  2  -1  -1  -1  -1  -1  -1  -1  -1  -1  -1  
my rings: 13
other rings: 10
Came here
6
53
WHY 

centre is -1
layer num 1		3  2  -1  2  0  -1  
layer num 2		2  3  1  2  -1  -1  1  -1  -1  -1  -1  2  
layer num 3		3  2  2  3  3  2  1  -1  -1  3  -1  -1  -1  -1  -1  -1  0  3  
layer num 4		-1  -1  2  2  -1  -1  -1  -1  -1  -1  -1  -1  -1  -1  -1  -1  -1  -1  -1  -1  -1  -1  -1  -1  
layer num 5		-1  2  2  0  2  -1  3  3  3  3  -1  1  -1  -1  -1  -1  -1  -1  -1  2  -1  -1  -1  -1  -1  -1  -1  -1  -1  -1  
my rings: 14
other rings: 11
Came here
6
56
WHY 

centre is -1
layer num 1		3  2  -1  2  0  -1  
layer num 2		2  3  1  2  -1  -1  3  -1  -1  -1  0  2  
layer num 3		3  2  2  3  3  3  1  -1  -1  3  -1  -1  -1  -1  -1  -1  2  3  
layer num 4		-1  -1  2  2  -1  -1  1  -1  -1  -1  -1  -1  -1  -1  -1  -1  -1  -1  -1  -1  -1  -1  -1  -1  
layer num 5		-1  2  2  0  2  -1  3  3  3  3  -1  1  -1  -1  -1  -1  -1  -1  -1  2  -1  -1  -1  -1  -1  -1  -1  -1  -1  -1  
my rings: 14
other rings: 13
Came here
8
61
***********************************

-> You are player 1
-> You are alloted a time of 120s

***********************************

Time remaining is: 120s
You played : P 2 2
P 2 2 True
Player 2 played : P 5 9
P 5 9 True
Time remaining is: 120s
You played : P 5 19
P 5 19 True
Player 2 played : P 5 8
P 5 8 True
Time remaining is: 120s
You played : P 5 4
P 5 4 True
Player 2 played : P 5 7
P 5 7 True
Time remaining is: 120s
You played : P 2 1
P 2 1 True
Player 2 played : P 5 6
P 5 6 True
Time remaining is: 120s
You played : P 3 15
P 3 15 True
Player 2 played : P 5 11
P 5 11 True
Time remaining is: 120s
You played : S 2 2 M 3 4
S 2 2 True
M 3 4 True
Player 2 played : S 5 6 M 4 4
S 5 6 True
M 4 4 True
Time remaining is: 120s
You played : S 2 1 M 2 0
S 2 1 True
M 2 0 True
Player 2 played : S 5 7 M 3 3
S 5 7 True
M 3 3 True
Time remaining is: 120s
You played : S 2 0 M 1 0
S 2 0 True
M 1 0 True
Player 2 played : S 4 4 M 4 5
S 4 4 True
M 4 5 True
Time remaining is: 118s
You played : S 5 19 M 2 3
S 5 19 True
M 2 3 True
Player 2 played : S 3 3 M 3 2
S 3 3 True
M 3 2 True
Time remaining is: 118s
You played : S 3 4 M 4 6
S 3 4 True
M 4 6 True
Player 2 played : S 3 2 M 3 1
S 3 2 True
M 3 1 True
Time remaining is: 115s
You played : S 4 6 M 3 5 RS 2 0 RE 4 6 X 2 3
S 4 6 True
M 3 5 True
RS 2 0 True
RE 4 6 True
X 2 3 True
Player 2 played : S 4 5 M 4 6
S 4 5 True
M 4 6 True
Time remaining is: 114s
You played : S 1 0 M 4 3
S 1 0 True
M 4 3 True
Player 2 played : S 5 8 M 4 7
S 5 8 True
M 4 7 True
Time remaining is: 111s
You played : S 3 15 M 4 8
S 3 15 True
M 4 8 True
Player 2 played : S 4 6 M 3 4
S 4 6 True
M 3 4 True
Time remaining is: 111s
You played : S 4 3 M 4 2
S 4 3 True
M 4 2 True
Player 2 played : S 3 1 M 2 1
S 3 1 True
M 2 1 True
Time remaining is: 109s
You played : S 5 4 M 5 1
S 5 4 True
M 5 1 True
Player 2 played : S 2 1 M 1 1
S 2 1 True
M 1 1 True
Time remaining is: 108s
You played : S 5 1 M 5 2
S 5 1 True
M 5 2 True
Player 2 played : S 1 1 M 0 0
S 1 1 True
M 0 0 True
Time remaining is: 107s
You played : S 4 8 M 1 2
S 4 8 True
M 1 2 True
Player 2 played : S 0 0 M 2 0
S 0 0 True
M 2 0 True
Time remaining is: 106s
You played : S 3 5 M 2 11
S 3 5 True
M 2 11 True
Player 2 played : S 2 0 M 1 3
S 2 0 True
M 1 3 True
Time remaining is: 104s
You played : S 2 11 M 2 3
S 2 11 True
M 2 3 True
Player 2 played : S 1 3 M 3 0
S 1 3 True
M 3 0 True
Time remaining is: 102s
You played : S 2 3 M 3 16
S 2 3 True
M 3 16 True
Player 2 played : S 3 0 M 2 6
S 3 0 True
M 2 6 True
Time remaining is: 102s
You played : S 4 2 M 2 10
S 4 2 True
M 2 10 True
Player 2 played : S 3 4 M 3 17
S 3 4 True
M 3 17 True
Time remaining is: 101s
You played : S 1 2 M 2 5
S 1 2 True
M 2 5 True
Player 2 played : S 5 9 M 4 9
S 5 9 True
M 4 9 True
Time remaining is: 100s
You played : S 2 10 M 1 5
S 2 10 True
M 1 5 True
Player 2 played : S 4 7 M 3 9 RS 4 8 RE 4 4 X 4 9
S 4 7 True
M 3 9 True
RS 4 8 True
RE 4 4 True
X 4 9 True
Time remaining is: 99s
You played : S 1 5 M 1 4 RS 3 15 RE 1 2 X 2 5
S 1 5 True
M 1 4 True
RS 3 15 True
RE 1 2 True
X 2 5 True
Player 2 played : S 3 17 M 2 2
S 3 17 True
M 2 2 True
Time remaining is: 96s
You played : S 5 2 M 5 3
S 5 2 True
M 5 3 True
Player 2 played : S 3 9 M 3 6
S 3 9 True
M 3 6 True
Time remaining is: 96s
You played : S 3 16 M 2 10
S 3 16 True
M 2 10 True
Player 2 played : S 2 6 M 4 6
S 2 6 True
M 4 6 True
Time remaining is: 95s
You played : S 2 10 M 3 15 RS 2 10 RE 4 2 X 3 15
S 2 10 True
M 3 15 True
RS 2 10 True
RE 4 2 True
X 3 15 True
YOU WIN!
Your Score : 9.01
Opponent's Score : 1.013
