0 
4.03125 
-4.03125 
8.84375 
-8.84375 
10.4062 
-10.4062 
16.9062 
-16.9062 
60.9375 
-60.9375 
0.5 
-0.5 
193.75 
-193.75 
lets see this one
            _ _ _ _   
        _ _ _ _ _ _ _ 
      _ _ _ _ _ _ _ _ 
    _ _ _ _ _ _ _ _ _ 
  _ _ _ _ _ _ _ _ _ _ 
  _ _ _ _ _ _ _ _ _   
_ _ _ _ _ _ _ _ _ _   
_ _ _ _ _ _ _ _ _     
_ _ _ _ _ _ _ _       
_ _ _ _ _ _ _         
  _ _ _ _             
            _ _ _ _   
         _ _ _ _ _ _ _ 
        _ _ _ _ _ _ _ _ 
       _ _ _ _ _ _ _ _ _ 
      _ _ _ _ _ _ _ _ _ _ 
       _ _ _ _ _ _ _ _ _   
      _ _ _ _ _ _ _ _ _ _   
       _ _ _ _ _ _ _ _ _     
        _ _ _ _ _ _ _ _       
         _ _ _ _ _ _ _         
            _ _ _ _             
starting iteration on above
I did P 0 0
He did P 5 14
lets see this one
            _ _ _ _   
        _ _ _ _ _ _ _ 
      _ _ _ _ _ _ _ _ 
    _ _ _ _ _ _ _ _ _ 
  _ _ _ _ _ _ _ _ _ _ 
  _ _ _ _ 2 _ _ _ _   
_ _ _ _ _ _ _ _ _ _   
_ _ _ _ _ _ _ _ _     
_ _ _ _ _ _ _ _       
_ _ _ _ _ _ 3         
  _ _ _ _             
            _ _ _ _   
         _ _ _ _ _ _ _ 
        _ _ _ _ _ _ _ _ 
       _ _ _ _ _ _ _ _ _ 
      _ _ _ _ _ _ _ _ _ _ 
       _ _ _ _ 2 _ _ _ _   
      _ _ _ _ _ _ _ _ _ _   
       _ _ _ _ _ _ _ _ _     
        _ _ _ _ _ _ _ _       
         _ _ _ _ _ _ 3         
            _ _ _ _             
starting iteration on above
I did P 3 9
He did P 5 13
lets see this one
            _ _ _ _   
        _ _ _ _ _ _ _ 
      _ _ _ _ _ _ _ _ 
    _ _ _ _ _ _ _ _ _ 
  _ _ _ _ _ _ _ _ _ _ 
  _ _ _ _ 2 _ _ _ _   
_ _ _ _ _ _ _ _ _ _   
_ _ _ _ _ _ _ _ _     
_ _ _ _ _ 2 _ 3       
_ _ _ _ _ _ 3         
  _ _ _ _             
            _ _ _ _   
         _ _ _ _ _ _ _ 
        _ _ _ _ _ _ _ _ 
       _ _ _ _ _ _ _ _ _ 
      _ _ _ _ _ _ _ _ _ _ 
       _ _ _ _ 2 _ _ _ _   
      _ _ _ _ _ _ _ _ _ _   
       _ _ _ _ _ _ _ _ _     
        _ _ _ _ _ 2 _ 3       
         _ _ _ _ _ _ 3         
            _ _ _ _             
starting iteration on above
I did P 3 8
He did P 5 12
lets see this one
            _ _ _ _   
        _ _ _ _ _ _ _ 
      _ _ _ _ _ _ _ _ 
    _ _ _ _ _ _ _ _ _ 
  _ _ _ _ _ _ _ _ _ _ 
  _ _ _ _ 2 _ _ _ _   
_ _ _ _ _ _ _ _ _ _   
_ _ _ _ _ _ 2 _ 3     
_ _ _ _ _ 2 _ 3       
_ _ _ _ _ _ 3         
  _ _ _ _             
            _ _ _ _   
         _ _ _ _ _ _ _ 
        _ _ _ _ _ _ _ _ 
       _ _ _ _ _ _ _ _ _ 
      _ _ _ _ _ _ _ _ _ _ 
       _ _ _ _ 2 _ _ _ _   
      _ _ _ _ _ _ _ _ _ _   
       _ _ _ _ _ _ 2 _ 3     
        _ _ _ _ _ 2 _ 3       
         _ _ _ _ _ _ 3         
            _ _ _ _             
starting iteration on above
I did P 4 16
He did P 5 11
lets see this one
            _ _ _ _   
        _ _ _ _ _ _ _ 
      _ _ _ _ _ _ _ _ 
    _ _ _ _ _ _ _ _ _ 
  _ _ _ _ _ _ _ _ _ _ 
  _ _ _ _ 2 _ _ _ _   
_ _ _ _ _ _ _ _ _ 3   
_ _ _ _ _ _ 2 _ 3     
_ _ _ _ _ 2 _ 3       
_ 2 _ _ _ _ 3         
  _ _ _ _             
            _ _ _ _   
         _ _ _ _ _ _ _ 
        _ _ _ _ _ _ _ _ 
       _ _ _ _ _ _ _ _ _ 
      _ _ _ _ _ _ _ _ _ _ 
       _ _ _ _ 2 _ _ _ _   
      _ _ _ _ _ _ _ _ _ 3   
       _ _ _ _ _ _ 2 _ 3     
        _ _ _ _ _ 2 _ 3       
         _ 2 _ _ _ _ 3         
            _ _ _ _             
starting iteration on above
I did P 4 20
He did P 5 16
lets see this one
            _ _ _ _   
        _ _ _ _ _ _ _ 
      _ _ _ _ _ _ _ _ 
    _ _ _ _ _ _ _ _ _ 
  _ _ _ _ _ _ _ _ _ _ 
  2 _ _ _ 2 _ _ _ _   
_ _ _ _ _ _ _ _ _ 3   
_ _ _ _ _ _ 2 _ 3     
_ _ _ _ _ 2 _ 3       
_ 2 _ _ _ _ 3         
  _ _ _ 3             
            _ _ _ _   
         _ _ _ _ _ _ _ 
        _ _ _ _ _ _ _ _ 
       _ _ _ _ _ _ _ _ _ 
      _ _ _ _ _ _ _ _ _ _ 
       2 _ _ _ 2 _ _ _ _   
      _ _ _ _ _ _ _ _ _ 3   
       _ _ _ _ _ _ 2 _ 3     
        _ _ _ _ _ 2 _ 3       
         _ 2 _ _ _ _ 3         
            _ _ _ 3             
starting iteration on above
I, player 1 did  S 3 9 M 3 11 which means 
            _ _ _ _   
        _ _ _ _ _ _ _ 
      _ _ _ _ _ _ _ _ 
    _ _ _ _ _ _ _ _ _ 
  _ _ _ _ _ _ _ _ _ _ 
  2 _ _ _ 2 _ _ _ _   
_ _ _ _ _ _ _ _ _ 3   
_ _ _ _ _ _ 2 _ 3     
_ _ _ 2 _ 4 _ 3       
_ 2 _ _ _ _ 3         
  _ _ _ 3             
            _ _ _ _   
         _ _ _ _ _ _ _ 
        _ _ _ _ _ _ _ _ 
       _ _ _ _ _ _ _ _ _ 
      _ _ _ _ _ _ _ _ _ _ 
       2 _ _ _ 2 _ _ _ _   
      _ _ _ _ _ _ _ _ _ 3   
       _ _ _ _ _ _ 2 _ 3     
        _ _ _ 2 _ 4 _ 3       
         _ 2 _ _ _ _ 3         
            _ _ _ 3             
He did S 5 11 M 3 7
lets see this one
            _ _ _ _   
        _ _ _ _ _ _ _ 
      _ _ _ _ _ _ _ _ 
    _ _ _ _ _ _ _ _ _ 
  _ _ _ _ _ _ _ _ _ _ 
  2 _ _ _ 2 _ _ _ _   
_ _ _ _ _ _ _ 3 _ 5   
_ _ _ _ _ _ 2 _ 3     
_ _ _ 2 _ 4 _ 3       
_ 2 _ _ _ _ 3         
  _ _ _ 3             
            _ _ _ _   
         _ _ _ _ _ _ _ 
        _ _ _ _ _ _ _ _ 
       _ _ _ _ _ _ _ _ _ 
      _ _ _ _ _ _ _ _ _ _ 
       2 _ _ _ 2 _ _ _ _   
      _ _ _ _ _ _ _ 3 _ 5   
       _ _ _ _ _ _ 2 _ 3     
        _ _ _ 2 _ 4 _ 3       
         _ 2 _ _ _ _ 3         
            _ _ _ 3             
starting iteration on above
I, player 1 did  S 4 20 M 4 22 which means 
            _ _ _ _   
        _ _ _ _ _ _ _ 
      _ _ _ _ _ _ _ _ 
    _ 2 _ _ _ _ _ _ _ 
  _ _ _ _ _ _ _ _ _ _ 
  4 _ _ _ 2 _ _ _ _   
_ _ _ _ _ _ _ 3 _ 5   
_ _ _ _ _ _ 2 _ 3     
_ _ _ 2 _ 4 _ 3       
_ 2 _ _ _ _ 3         
  _ _ _ 3             
            _ _ _ _   
         _ _ _ _ _ _ _ 
        _ _ _ _ _ _ _ _ 
       _ 2 _ _ _ _ _ _ _ 
      _ _ _ _ _ _ _ _ _ _ 
       4 _ _ _ 2 _ _ _ _   
      _ _ _ _ _ _ _ 3 _ 5   
       _ _ _ _ _ _ 2 _ 3     
        _ _ _ 2 _ 4 _ 3       
         _ 2 _ _ _ _ 3         
            _ _ _ 3             
He did S 5 12 M 4 9
lets see this one
            _ _ _ _   
        _ _ _ _ _ _ _ 
      _ _ _ _ _ _ _ _ 
    _ 2 _ _ _ _ _ _ _ 
  _ _ _ _ _ _ _ _ _ _ 
  4 _ _ _ 2 _ _ _ _   
_ _ _ _ _ _ _ 3 3 5   
_ _ _ _ _ _ 2 _ 5     
_ _ _ 2 _ 4 _ 3       
_ 2 _ _ _ _ 3         
  _ _ _ 3             
            _ _ _ _   
         _ _ _ _ _ _ _ 
        _ _ _ _ _ _ _ _ 
       _ 2 _ _ _ _ _ _ _ 
      _ _ _ _ _ _ _ _ _ _ 
       4 _ _ _ 2 _ _ _ _   
      _ _ _ _ _ _ _ 3 3 5   
       _ _ _ _ _ _ 2 _ 5     
        _ _ _ 2 _ 4 _ 3       
         _ 2 _ _ _ _ 3         
            _ _ _ 3             
starting iteration on above
I, player 1 did  S 3 11 M 2 7 which means 
            _ _ _ _   
        _ _ _ _ _ _ _ 
      _ _ _ _ _ _ _ _ 
    _ 2 _ _ _ _ _ _ _ 
  _ _ _ _ _ _ _ _ _ _ 
  4 _ _ _ 2 _ _ _ _   
_ _ _ _ _ _ _ 3 3 5   
_ _ _ _ 2 _ 2 _ 5     
_ _ _ 4 _ 4 _ 3       
_ 2 _ _ _ _ 3         
  _ _ _ 3             
            _ _ _ _   
         _ _ _ _ _ _ _ 
        _ _ _ _ _ _ _ _ 
       _ 2 _ _ _ _ _ _ _ 
      _ _ _ _ _ _ _ _ _ _ 
       4 _ _ _ 2 _ _ _ _   
      _ _ _ _ _ _ _ 3 3 5   
       _ _ _ _ 2 _ 2 _ 5     
        _ _ _ 4 _ 4 _ 3       
         _ 2 _ _ _ _ 3         
            _ _ _ 3             
He did S 5 13 M 3 10
lets see this one
            _ _ _ _   
        _ _ _ _ _ _ _ 
      _ _ _ _ _ _ _ _ 
    _ 2 _ _ _ _ _ _ _ 
  _ _ _ _ _ _ _ _ _ _ 
  4 _ _ _ 2 _ _ _ _   
_ _ _ _ _ _ _ 3 3 5   
_ _ _ _ 2 _ 2 _ 5     
_ _ _ 4 3 5 _ 5       
_ 2 _ _ _ _ 3         
  _ _ _ 3             
            _ _ _ _   
         _ _ _ _ _ _ _ 
        _ _ _ _ _ _ _ _ 
       _ 2 _ _ _ _ _ _ _ 
      _ _ _ _ _ _ _ _ _ _ 
       4 _ _ _ 2 _ _ _ _   
      _ _ _ _ _ _ _ 3 3 5   
       _ _ _ _ 2 _ 2 _ 5     
        _ _ _ 4 3 5 _ 5       
         _ 2 _ _ _ _ 3         
            _ _ _ 3             
starting iteration on above
I, player 1 did  S 4 16 M 3 12 which means 
            _ _ _ _   
        _ _ _ _ _ _ _ 
      _ _ _ _ _ _ _ _ 
    _ 2 _ _ _ _ _ _ _ 
  _ _ _ _ _ _ _ _ _ _ 
  4 _ _ _ 2 _ _ _ _   
_ _ _ _ _ _ _ 3 3 5   
_ _ _ _ 2 _ 2 _ 5     
_ _ 2 4 3 5 _ 5       
_ 4 _ _ _ _ 3         
  _ _ _ 3             
            _ _ _ _   
         _ _ _ _ _ _ _ 
        _ _ _ _ _ _ _ _ 
       _ 2 _ _ _ _ _ _ _ 
      _ _ _ _ _ _ _ _ _ _ 
       4 _ _ _ 2 _ _ _ _   
      _ _ _ _ _ _ _ 3 3 5   
       _ _ _ _ 2 _ 2 _ 5     
        _ _ 2 4 3 5 _ 5       
         _ 4 _ _ _ _ 3         
            _ _ _ 3             
He did S 3 7 M 2 5
lets see this one
            _ _ _ _   
        _ _ _ _ _ _ _ 
      _ _ _ _ _ _ _ _ 
    _ 2 _ _ _ _ _ _ _ 
  _ _ _ _ _ _ _ _ _ _ 
  4 _ _ _ 2 _ _ _ _   
_ _ _ _ _ _ 3 5 3 5   
_ _ _ _ 2 _ 2 _ 5     
_ _ 2 4 3 5 _ 5       
_ 4 _ _ _ _ 3         
  _ _ _ 3             
            _ _ _ _   
         _ _ _ _ _ _ _ 
        _ _ _ _ _ _ _ _ 
       _ 2 _ _ _ _ _ _ _ 
      _ _ _ _ _ _ _ _ _ _ 
       4 _ _ _ 2 _ _ _ _   
      _ _ _ _ _ _ 3 5 3 5   
       _ _ _ _ 2 _ 2 _ 5     
        _ _ 2 4 3 5 _ 5       
         _ 4 _ _ _ _ 3         
            _ _ _ 3             
starting iteration on above
I, player 1 did  S 4 22 M 4 21 which means 
            _ _ _ _   
        _ _ _ _ _ _ _ 
      _ _ _ _ _ _ _ _ 
    _ 4 _ _ _ _ _ _ _ 
  _ 2 _ _ _ _ _ _ _ _ 
  4 _ _ _ 2 _ _ _ _   
_ _ _ _ _ _ 3 5 3 5   
_ _ _ _ 2 _ 2 _ 5     
_ _ 2 4 3 5 _ 5       
_ 4 _ _ _ _ 3         
  _ _ _ 3             
            _ _ _ _   
         _ _ _ _ _ _ _ 
        _ _ _ _ _ _ _ _ 
       _ 4 _ _ _ _ _ _ _ 
      _ 2 _ _ _ _ _ _ _ _ 
       4 _ _ _ 2 _ _ _ _   
      _ _ _ _ _ _ 3 5 3 5   
       _ _ _ _ 2 _ 2 _ 5     
        _ _ 2 4 3 5 _ 5       
         _ 4 _ _ _ _ 3         
            _ _ _ 3             
He did S 4 9 M 4 10
lets see this one
            _ _ _ _   
        _ _ _ _ _ _ _ 
      _ _ _ _ _ _ _ _ 
    _ 4 _ _ _ _ _ _ _ 
  _ 2 _ _ _ _ _ _ _ _ 
  4 _ _ _ 2 _ _ _ _   
_ _ _ _ _ _ 3 5 5 5   
_ _ _ _ 2 _ 2 3 5     
_ _ 2 4 3 5 _ 5       
_ 4 _ _ _ _ 3         
  _ _ _ 3             
            _ _ _ _   
         _ _ _ _ _ _ _ 
        _ _ _ _ _ _ _ _ 
       _ 4 _ _ _ _ _ _ _ 
      _ 2 _ _ _ _ _ _ _ _ 
       4 _ _ _ 2 _ _ _ _   
      _ _ _ _ _ _ 3 5 5 5   
       _ _ _ _ 2 _ 2 3 5     
        _ _ 2 4 3 5 _ 5       
         _ 4 _ _ _ _ 3         
            _ _ _ 3             
starting iteration on above
I, player 1 did  S 4 21 M 2 11 which means 
            _ _ _ _   
        _ _ _ _ _ _ _ 
      _ _ _ _ _ _ _ _ 
    _ 4 _ _ _ _ _ _ _ 
  _ 4 _ 2 _ _ _ _ _ _ 
  4 _ _ _ 2 _ _ _ _   
_ _ _ _ _ _ 3 5 5 5   
_ _ _ _ 2 _ 2 3 5     
_ _ 2 4 3 5 _ 5       
_ 4 _ _ _ _ 3         
  _ _ _ 3             
            _ _ _ _   
         _ _ _ _ _ _ _ 
        _ _ _ _ _ _ _ _ 
       _ 4 _ _ _ _ _ _ _ 
      _ 4 _ 2 _ _ _ _ _ _ 
       4 _ _ _ 2 _ _ _ _   
      _ _ _ _ _ _ 3 5 5 5   
       _ _ _ _ 2 _ 2 3 5     
        _ _ 2 4 3 5 _ 5       
         _ 4 _ _ _ _ 3         
            _ _ _ 3             
He did S 2 5 M 1 3
lets see this one
            _ _ _ _   
        _ _ _ _ _ _ _ 
      _ _ _ _ _ _ _ _ 
    _ 4 _ _ _ _ _ _ _ 
  _ 4 _ 2 _ _ _ _ _ _ 
  4 _ _ _ 2 _ _ _ _   
_ _ _ _ _ 3 5 5 5 5   
_ _ _ _ 2 _ 2 3 5     
_ _ 2 4 3 5 _ 5       
_ 4 _ _ _ _ 3         
  _ _ _ 3             
            _ _ _ _   
         _ _ _ _ _ _ _ 
        _ _ _ _ _ _ _ _ 
       _ 4 _ _ _ _ _ _ _ 
      _ 4 _ 2 _ _ _ _ _ _ 
       4 _ _ _ 2 _ _ _ _   
      _ _ _ _ _ 3 5 5 5 5   
       _ _ _ _ 2 _ 2 3 5     
        _ _ 2 4 3 5 _ 5       
         _ 4 _ _ _ _ 3         
            _ _ _ 3             
starting iteration on above
I, player 1 did  S 3 12 M 5 22 which means 
            _ _ _ _   
        _ _ _ _ _ _ _ 
      _ _ _ _ _ _ _ _ 
    _ 4 _ _ _ _ _ _ _ 
  _ 4 _ 2 _ _ _ _ _ _ 
  4 _ _ _ 2 _ _ _ _   
_ _ _ _ _ 3 5 5 5 5   
_ _ _ _ 2 _ 2 3 5     
2 _ 4 4 3 5 _ 5       
_ 4 _ _ _ _ 3         
  _ _ _ 3             
            _ _ _ _   
         _ _ _ _ _ _ _ 
        _ _ _ _ _ _ _ _ 
       _ 4 _ _ _ _ _ _ _ 
      _ 4 _ 2 _ _ _ _ _ _ 
       4 _ _ _ 2 _ _ _ _   
      _ _ _ _ _ 3 5 5 5 5   
       _ _ _ _ 2 _ 2 3 5     
        2 _ 4 4 3 5 _ 5       
         _ 4 _ _ _ _ 3         
            _ _ _ 3             
He did S 1 3 M 5 24 RS 1 3 RE 5 11 X 5 16
lets see this one
            _ _ _ _   
        _ _ _ _ _ _ _ 
      _ _ _ _ _ _ _ _ 
    _ 4 _ _ _ _ _ _ _ 
  _ 4 _ 2 _ _ _ _ _ _ 
  4 _ _ _ 2 _ _ _ _   
3 _ _ _ _ _ _ _ _ _   
_ _ _ _ 2 _ 2 3 5     
2 _ 4 4 3 5 _ 5       
_ 4 _ _ _ _ 3         
  _ _ _ _             
            _ _ _ _   
         _ _ _ _ _ _ _ 
        _ _ _ _ _ _ _ _ 
       _ 4 _ _ _ _ _ _ _ 
      _ 4 _ 2 _ _ _ _ _ _ 
       4 _ _ _ 2 _ _ _ _   
      3 _ _ _ _ _ _ _ _ _   
       _ _ _ _ 2 _ 2 3 5     
        2 _ 4 4 3 5 _ 5       
         _ 4 _ _ _ _ 3         
            _ _ _ _             
starting iteration on above
I, player 1 did  S 5 22 M 4 17 which means 
            _ _ _ _   
        _ _ _ _ _ _ _ 
      _ _ _ _ _ _ _ _ 
    _ 4 _ _ _ _ _ _ _ 
  _ 4 _ 2 _ _ _ _ _ _ 
  4 _ _ _ 2 _ _ _ _   
3 _ _ _ _ _ _ _ _ _   
_ _ _ _ 2 _ 2 3 5     
4 2 4 4 3 5 _ 5       
_ 4 _ _ _ _ 3         
  _ _ _ _             
            _ _ _ _   
         _ _ _ _ _ _ _ 
        _ _ _ _ _ _ _ _ 
       _ 4 _ _ _ _ _ _ _ 
      _ 4 _ 2 _ _ _ _ _ _ 
       4 _ _ _ 2 _ _ _ _   
      3 _ _ _ _ _ _ _ _ _   
       _ _ _ _ 2 _ 2 3 5     
        4 2 4 4 3 5 _ 5       
         _ 4 _ _ _ _ 3         
            _ _ _ _             
He did S 4 10 M 4 11
lets see this one
            _ _ _ _   
        _ _ _ _ _ _ _ 
      _ _ _ _ _ _ _ _ 
    _ 4 _ _ _ _ _ _ _ 
  _ 4 _ 2 _ _ _ _ _ _ 
  4 _ _ _ 2 _ _ _ _   
3 _ _ _ _ _ _ _ _ _   
_ _ _ _ 2 _ 2 5 5     
4 2 4 4 3 5 3 5       
_ 4 _ _ _ _ 3         
  _ _ _ _             
            _ _ _ _   
         _ _ _ _ _ _ _ 
        _ _ _ _ _ _ _ _ 
       _ 4 _ _ _ _ _ _ _ 
      _ 4 _ 2 _ _ _ _ _ _ 
       4 _ _ _ 2 _ _ _ _   
      3 _ _ _ _ _ _ _ _ _   
       _ _ _ _ 2 _ 2 5 5     
        4 2 4 4 3 5 3 5       
         _ 4 _ _ _ _ 3         
            _ _ _ _             
starting iteration on above
I, player 1 did  S 4 17 M 4 18 which means 
            _ _ _ _   
        _ _ _ _ _ _ _ 
      _ _ _ _ _ _ _ _ 
    _ 4 _ _ _ _ _ _ _ 
  _ 4 _ 2 _ _ _ _ _ _ 
  4 _ _ _ 2 _ _ _ _   
3 _ _ _ _ _ _ _ _ _   
_ 2 _ _ 2 _ 2 5 5     
4 4 4 4 3 5 3 5       
_ 4 _ _ _ _ 3         
  _ _ _ _             
            _ _ _ _   
         _ _ _ _ _ _ _ 
        _ _ _ _ _ _ _ _ 
       _ 4 _ _ _ _ _ _ _ 
      _ 4 _ 2 _ _ _ _ _ _ 
       4 _ _ _ 2 _ _ _ _   
      3 _ _ _ _ _ _ _ _ _   
       _ 2 _ _ 2 _ 2 5 5     
        4 4 4 4 3 5 3 5       
         _ 4 _ _ _ _ 3         
            _ _ _ _             
He did S 5 14 M 4 14
lets see this one
            _ _ _ _   
        _ _ _ _ _ _ _ 
      _ _ _ _ _ _ _ _ 
    _ 4 _ _ _ _ _ _ _ 
  _ 4 _ 2 _ _ _ _ _ _ 
  4 _ _ _ 2 _ _ _ _   
3 _ _ _ _ _ _ _ _ _   
_ 2 _ _ 2 _ 2 5 5     
4 4 4 4 3 5 3 5       
_ 4 _ 3 _ _ 5         
  _ _ _ _             
            _ _ _ _   
         _ _ _ _ _ _ _ 
        _ _ _ _ _ _ _ _ 
       _ 4 _ _ _ _ _ _ _ 
      _ 4 _ 2 _ _ _ _ _ _ 
       4 _ _ _ 2 _ _ _ _   
      3 _ _ _ _ _ _ _ _ _   
       _ 2 _ _ 2 _ 2 5 5     
        4 4 4 4 3 5 3 5       
         _ 4 _ 3 _ _ 5         
            _ _ _ _             
starting iteration on above
I, player 1 did  S 4 18 M 3 14 which means 
            _ _ _ _   
        _ _ _ _ _ _ _ 
      _ _ _ _ _ _ _ _ 
    _ 4 _ _ _ _ _ _ _ 
  _ 4 _ 2 _ _ _ _ _ _ 
  4 _ _ _ 2 _ _ _ _   
3 _ 2 _ _ _ _ _ _ _   
_ 4 _ _ 2 _ 2 5 5     
4 4 4 4 3 5 3 5       
_ 4 _ 3 _ _ 5         
  _ _ _ _             
            _ _ _ _   
         _ _ _ _ _ _ _ 
        _ _ _ _ _ _ _ _ 
       _ 4 _ _ _ _ _ _ _ 
      _ 4 _ 2 _ _ _ _ _ _ 
       4 _ _ _ 2 _ _ _ _   
      3 _ 2 _ _ _ _ _ _ _   
       _ 4 _ _ 2 _ 2 5 5     
        4 4 4 4 3 5 3 5       
         _ 4 _ 3 _ _ 5         
            _ _ _ _             
He did S 5 24 M 4 19
lets see this one
            _ _ _ _   
        _ _ _ _ _ _ _ 
      _ _ _ _ _ _ _ _ 
    _ 4 _ _ _ _ _ _ _ 
  _ 4 _ 2 _ _ _ _ _ _ 
  4 _ _ _ 2 _ _ _ _   
5 3 2 _ _ _ _ _ _ _   
_ 4 _ _ 2 _ 2 5 5     
4 4 4 4 3 5 3 5       
_ 4 _ 3 _ _ 5         
  _ _ _ _             
            _ _ _ _   
         _ _ _ _ _ _ _ 
        _ _ _ _ _ _ _ _ 
       _ 4 _ _ _ _ _ _ _ 
      _ 4 _ 2 _ _ _ _ _ _ 
       4 _ _ _ 2 _ _ _ _   
      5 3 2 _ _ _ _ _ _ _   
       _ 4 _ _ 2 _ 2 5 5     
        4 4 4 4 3 5 3 5       
         _ 4 _ 3 _ _ 5         
            _ _ _ _             
starting iteration on above
I, player 1 did  S 3 14 M 3 13 which means 
            _ _ _ _   
        _ _ _ _ _ _ _ 
      _ _ _ _ _ _ _ _ 
    _ 4 _ _ _ _ _ _ _ 
  _ 4 _ 2 _ _ _ _ _ _ 
  4 _ _ _ 2 _ _ _ _   
5 3 4 _ _ _ _ _ _ _   
_ 4 2 _ 2 _ 2 5 5     
4 4 4 4 3 5 3 5       
_ 4 _ 3 _ _ 5         
  _ _ _ _             
            _ _ _ _   
         _ _ _ _ _ _ _ 
        _ _ _ _ _ _ _ _ 
       _ 4 _ _ _ _ _ _ _ 
      _ 4 _ 2 _ _ _ _ _ _ 
       4 _ _ _ 2 _ _ _ _   
      5 3 4 _ _ _ _ _ _ _   
       _ 4 2 _ 2 _ 2 5 5     
        4 4 4 4 3 5 3 5       
         _ 4 _ 3 _ _ 5         
            _ _ _ _             
He did S 4 14 M 2 8
lets see this one
            _ _ _ _   
        _ _ _ _ _ _ _ 
      _ _ _ _ _ _ _ _ 
    _ 4 _ _ _ _ _ _ _ 
  _ 4 _ 2 _ _ _ _ _ _ 
  4 _ _ _ 2 _ _ _ _   
5 3 4 _ _ _ _ _ _ _   
_ 4 2 3 2 _ 2 5 5     
4 4 4 5 3 5 3 5       
_ 4 _ 5 _ _ 5         
  _ _ _ _             
            _ _ _ _   
         _ _ _ _ _ _ _ 
        _ _ _ _ _ _ _ _ 
       _ 4 _ _ _ _ _ _ _ 
      _ 4 _ 2 _ _ _ _ _ _ 
       4 _ _ _ 2 _ _ _ _   
      5 3 4 _ _ _ _ _ _ _   
       _ 4 2 3 2 _ 2 5 5     
        4 4 4 5 3 5 3 5       
         _ 4 _ 5 _ _ 5         
            _ _ _ _             
starting iteration on above
I, player 1 did  S 2 7 M 4 15 which means 
            _ _ _ _   
        _ _ _ _ _ _ _ 
      _ _ _ _ _ _ _ _ 
    _ 4 _ _ _ _ _ _ _ 
  _ 4 _ 2 _ _ _ _ _ _ 
  4 _ _ _ 2 _ _ _ _   
5 3 4 _ _ _ _ _ _ _   
_ 4 2 3 4 _ 2 5 5     
4 4 4 4 3 5 3 5       
_ 4 2 5 _ _ 5         
  _ _ _ _             
            _ _ _ _   
         _ _ _ _ _ _ _ 
        _ _ _ _ _ _ _ _ 
       _ 4 _ _ _ _ _ _ _ 
      _ 4 _ 2 _ _ _ _ _ _ 
       4 _ _ _ 2 _ _ _ _   
      5 3 4 _ _ _ _ _ _ _   
       _ 4 2 3 4 _ 2 5 5     
        4 4 4 4 3 5 3 5       
         _ 4 2 5 _ _ 5         
            _ _ _ _             
He did S 2 8 M 5 17
lets see this one
            _ _ _ _   
        _ _ _ _ _ _ _ 
      _ _ _ _ _ _ _ _ 
    _ 4 _ _ _ _ _ _ _ 
  _ 4 _ 2 _ _ _ _ _ _ 
  4 _ _ _ 2 _ _ _ _   
5 3 4 _ _ _ _ _ _ _   
_ 4 2 5 4 _ 2 5 5     
4 4 4 5 3 5 3 5       
_ 4 2 4 _ _ 5         
  _ _ 3 _             
            _ _ _ _   
         _ _ _ _ _ _ _ 
        _ _ _ _ _ _ _ _ 
       _ 4 _ _ _ _ _ _ _ 
      _ 4 _ 2 _ _ _ _ _ _ 
       4 _ _ _ 2 _ _ _ _   
      5 3 4 _ _ _ _ _ _ _   
       _ 4 2 5 4 _ 2 5 5     
        4 4 4 5 3 5 3 5       
         _ 4 2 4 _ _ 5         
            _ _ 3 _             
starting iteration on above
I, player 1 did  S 4 15 M 1 3 which means 
            _ _ _ _   
        _ _ _ _ _ _ _ 
      _ _ _ _ _ _ _ _ 
    _ 4 _ _ _ _ _ _ _ 
  _ 4 _ 2 _ _ _ _ _ _ 
  4 _ _ _ 2 _ _ _ _   
5 3 4 _ _ 2 _ _ _ _   
_ 4 2 5 5 _ 2 5 5     
4 4 4 4 3 5 3 5       
_ 4 4 4 _ _ 5         
  _ _ 3 _             
            _ _ _ _   
         _ _ _ _ _ _ _ 
        _ _ _ _ _ _ _ _ 
       _ 4 _ _ _ _ _ _ _ 
      _ 4 _ 2 _ _ _ _ _ _ 
       4 _ _ _ 2 _ _ _ _   
      5 3 4 _ _ 2 _ _ _ _   
       _ 4 2 5 5 _ 2 5 5     
        4 4 4 4 3 5 3 5       
         _ 4 4 4 _ _ 5         
            _ _ 3 _             
He did S 4 19 M 5 19
lets see this one
            _ _ _ _   
        _ _ _ _ _ _ _ 
      _ _ _ _ _ _ _ _ 
    _ 4 _ _ _ _ _ _ _ 
  _ 4 _ 2 _ _ _ _ _ _ 
  4 _ _ _ 2 _ _ _ _   
5 5 4 _ _ 2 _ _ _ _   
_ 5 2 5 5 _ 2 5 5     
4 5 4 4 3 5 3 5       
_ 5 4 4 _ _ 5         
  3 _ 3 _             
            _ _ _ _   
         _ _ _ _ _ _ _ 
        _ _ _ _ _ _ _ _ 
       _ 4 _ _ _ _ _ _ _ 
      _ 4 _ 2 _ _ _ _ _ _ 
       4 _ _ _ 2 _ _ _ _   
      5 5 4 _ _ 2 _ _ _ _   
       _ 5 2 5 5 _ 2 5 5     
        4 5 4 4 3 5 3 5       
         _ 5 4 4 _ _ 5         
            3 _ 3 _             
starting iteration on above
I, player 1 did  S 3 13 M 5 23 which means 
            _ _ _ _   
        _ _ _ _ _ _ _ 
      _ _ _ _ _ _ _ _ 
    _ 4 _ _ _ _ _ _ _ 
  _ 4 _ 2 _ _ _ _ _ _ 
  4 _ _ _ 2 _ _ _ _   
5 5 4 _ _ 2 _ _ _ _   
2 4 4 5 5 _ 2 5 5     
4 5 4 4 3 5 3 5       
_ 5 4 4 _ _ 5         
  3 _ 3 _             
            _ _ _ _   
         _ _ _ _ _ _ _ 
        _ _ _ _ _ _ _ _ 
       _ 4 _ _ _ _ _ _ _ 
      _ 4 _ 2 _ _ _ _ _ _ 
       4 _ _ _ 2 _ _ _ _   
      5 5 4 _ _ 2 _ _ _ _   
       2 4 4 5 5 _ 2 5 5     
        4 5 4 4 3 5 3 5       
         _ 5 4 4 _ _ 5         
            3 _ 3 _             
He did S 5 17 M 2 9
lets see this one
            _ _ _ _   
        _ _ _ _ _ _ _ 
      _ _ _ _ _ _ _ _ 
    _ 4 _ _ _ _ _ _ _ 
  _ 4 _ 2 _ _ _ _ _ _ 
  4 _ _ _ 2 _ _ _ _   
5 5 4 3 _ 2 _ _ _ _   
2 4 4 4 5 _ 2 5 5     
4 5 4 5 3 5 3 5       
_ 5 4 5 _ _ 5         
  3 _ 5 _             
            _ _ _ _   
         _ _ _ _ _ _ _ 
        _ _ _ _ _ _ _ _ 
       _ 4 _ _ _ _ _ _ _ 
      _ 4 _ 2 _ _ _ _ _ _ 
       4 _ _ _ 2 _ _ _ _   
      5 5 4 3 _ 2 _ _ _ _   
       2 4 4 4 5 _ 2 5 5     
        4 5 4 5 3 5 3 5       
         _ 5 4 5 _ _ 5         
            3 _ 5 _             
starting iteration on above
I, player 1 did  S 0 0 M 2 4 which means 
            _ _ _ _   
        _ _ _ _ _ _ _ 
      _ _ _ _ _ _ _ _ 
    _ 4 _ _ _ _ _ _ _ 
  _ 4 _ 2 _ _ _ _ _ _ 
  4 _ _ _ 4 _ 2 _ _   
5 5 4 3 _ 2 _ _ _ _   
2 4 4 4 5 _ 2 5 5     
4 5 4 5 3 5 3 5       
_ 5 4 5 _ _ 5         
  3 _ 5 _             
            _ _ _ _   
         _ _ _ _ _ _ _ 
        _ _ _ _ _ _ _ _ 
       _ 4 _ _ _ _ _ _ _ 
      _ 4 _ 2 _ _ _ _ _ _ 
       4 _ _ _ 4 _ 2 _ _   
      5 5 4 3 _ 2 _ _ _ _   
       2 4 4 4 5 _ 2 5 5     
        4 5 4 5 3 5 3 5       
         _ 5 4 5 _ _ 5         
            3 _ 5 _             
He did S 3 10 M 5 18
lets see this one
            _ _ _ _   
        _ _ _ _ _ _ _ 
      _ _ _ _ _ _ _ _ 
    _ 4 _ _ _ _ _ _ _ 
  _ 4 _ 2 _ _ _ _ _ _ 
  4 _ _ _ 4 _ 2 _ _   
5 5 4 3 _ 2 _ _ _ _   
2 4 4 4 5 _ 2 5 5     
4 5 4 5 5 5 3 5       
_ 5 4 4 _ _ 5         
  3 3 5 _             
            _ _ _ _   
         _ _ _ _ _ _ _ 
        _ _ _ _ _ _ _ _ 
       _ 4 _ _ _ _ _ _ _ 
      _ 4 _ 2 _ _ _ _ _ _ 
       4 _ _ _ 4 _ 2 _ _   
      5 5 4 3 _ 2 _ _ _ _   
       2 4 4 4 5 _ 2 5 5     
        4 5 4 5 5 5 3 5       
         _ 5 4 4 _ _ 5         
            3 3 5 _             
starting iteration on above
I, player 1 did  S 5 23 M 3 15 which means 
            _ _ _ _   
        _ _ _ _ _ _ _ 
      _ _ _ _ _ _ _ _ 
    _ 4 _ _ _ _ _ _ _ 
  _ 4 _ 2 _ _ _ _ _ _ 
  4 2 _ _ 4 _ 2 _ _   
5 4 4 3 _ 2 _ _ _ _   
4 4 4 4 5 _ 2 5 5     
4 5 4 5 5 5 3 5       
_ 5 4 4 _ _ 5         
  3 3 5 _             
            _ _ _ _   
         _ _ _ _ _ _ _ 
        _ _ _ _ _ _ _ _ 
       _ 4 _ _ _ _ _ _ _ 
      _ 4 _ 2 _ _ _ _ _ _ 
       4 2 _ _ 4 _ 2 _ _   
      5 4 4 3 _ 2 _ _ _ _   
       4 4 4 4 5 _ 2 5 5     
        4 5 4 5 5 5 3 5       
         _ 5 4 4 _ _ 5         
            3 3 5 _             
He did S 4 11 M 5 16 RS 3 11 RE 5 13 X 2 9
lets see this one
            _ _ _ _   
        _ _ _ _ _ _ _ 
      _ _ _ _ _ _ _ _ 
    _ 4 _ _ _ _ _ _ _ 
  _ 4 _ 2 _ _ _ _ _ _ 
  4 2 _ _ 4 _ 2 _ _   
5 4 4 _ _ 2 _ _ _ _   
4 4 4 4 5 _ 2 5 5     
4 5 4 _ _ _ _ _       
_ 5 4 4 _ _ 5         
  3 3 5 3             
            _ _ _ _   
         _ _ _ _ _ _ _ 
        _ _ _ _ _ _ _ _ 
       _ 4 _ _ _ _ _ _ _ 
      _ 4 _ 2 _ _ _ _ _ _ 
       4 2 _ _ 4 _ 2 _ _   
      5 4 4 _ _ 2 _ _ _ _   
       4 4 4 4 5 _ 2 5 5     
        4 5 4 _ _ _ _ _       
         _ 5 4 4 _ _ 5         
            3 3 5 3             
starting iteration on above
I, player 1 did  S 3 15 M 4 1 RS 4 15 RE 3 15 X 3 8 which means 
            _ _ _ _   
        _ _ 2 _ _ _ _ 
      _ _ _ _ _ _ _ _ 
    _ 4 _ _ _ _ _ _ _ 
  _ 4 _ 2 _ _ _ _ _ _ 
  4 _ _ _ 4 _ 2 _ _   
5 4 _ _ _ 2 _ _ _ _   
4 4 _ 4 5 _ _ 5 5     
4 5 _ _ _ _ _ _       
_ 5 _ 4 _ _ 5         
  3 3 5 3             
            _ _ _ _   
         _ _ 2 _ _ _ _ 
        _ _ _ _ _ _ _ _ 
       _ 4 _ _ _ _ _ _ _ 
      _ 4 _ 2 _ _ _ _ _ _ 
       4 _ _ _ 4 _ 2 _ _   
      5 4 _ _ _ 2 _ _ _ _   
       4 4 _ 4 5 _ _ 5 5     
        4 5 _ _ _ _ _ _       
         _ 5 _ 4 _ _ 5         
            3 3 5 3             
He did S 5 16 M 4 11
lets see this one
            _ _ _ _   
        _ _ 2 _ _ _ _ 
      _ _ _ _ _ _ _ _ 
    _ 4 _ _ _ _ _ _ _ 
  _ 4 _ 2 _ _ _ _ _ _ 
  4 _ _ _ 4 _ 2 _ _   
5 4 _ _ _ 2 _ _ _ _   
4 4 _ 4 5 _ _ 5 5     
4 5 _ _ _ _ 3 _       
_ 5 _ 4 _ _ 5         
  3 3 5 5             
            _ _ _ _   
         _ _ 2 _ _ _ _ 
        _ _ _ _ _ _ _ _ 
       _ 4 _ _ _ _ _ _ _ 
      _ 4 _ 2 _ _ _ _ _ _ 
       4 _ _ _ 4 _ 2 _ _   
      5 4 _ _ _ 2 _ _ _ _   
       4 4 _ 4 5 _ _ 5 5     
        4 5 _ _ _ _ 3 _       
         _ 5 _ 4 _ _ 5         
            3 3 5 5             
starting iteration on above
I, player 1 did  S 2 4 M 3 7 which means 
            _ _ _ _   
        _ _ 2 _ _ _ _ 
      _ _ _ _ _ _ _ _ 
    _ 4 _ _ _ _ _ _ _ 
  _ 4 _ 2 _ _ _ _ _ _ 
  4 _ _ _ 4 _ 4 _ _   
5 4 _ _ _ 2 _ 2 _ _   
4 4 _ 4 5 _ _ 5 5     
4 5 _ _ _ _ 3 _       
_ 5 _ 4 _ _ 5         
  3 3 5 5             
            _ _ _ _   
         _ _ 2 _ _ _ _ 
        _ _ _ _ _ _ _ _ 
       _ 4 _ _ _ _ _ _ _ 
      _ 4 _ 2 _ _ _ _ _ _ 
       4 _ _ _ 4 _ 4 _ _   
      5 4 _ _ _ 2 _ 2 _ _   
       4 4 _ 4 5 _ _ 5 5     
        4 5 _ _ _ _ 3 _       
         _ 5 _ 4 _ _ 5         
            3 3 5 5             
He did S 5 19 M 5 26
lets see this one
            _ _ _ _   
        _ _ 2 _ _ _ _ 
      _ _ _ _ _ _ _ _ 
    _ 4 _ _ _ _ _ _ _ 
  3 4 _ 2 _ _ _ _ _ _ 
  5 _ _ _ 4 _ 4 _ _   
5 5 _ _ _ 2 _ 2 _ _   
4 5 _ 4 5 _ _ 5 5     
4 4 _ _ _ _ 3 _       
_ 4 _ 4 _ _ 5         
  5 3 5 5             
            _ _ _ _   
         _ _ 2 _ _ _ _ 
        _ _ _ _ _ _ _ _ 
       _ 4 _ _ _ _ _ _ _ 
      3 4 _ 2 _ _ _ _ _ _ 
       5 _ _ _ 4 _ 4 _ _   
      5 5 _ _ _ 2 _ 2 _ _   
       4 5 _ 4 5 _ _ 5 5     
        4 4 _ _ _ _ 3 _       
         _ 4 _ 4 _ _ 5         
            5 3 5 5             
starting iteration on above
I, player 1 did  S 3 7 M 5 13 which means 
            _ _ _ _   
        _ _ 2 _ _ _ _ 
      _ _ _ _ _ _ _ _ 
    _ 4 _ _ _ _ _ _ _ 
  3 4 _ 2 _ _ _ _ _ _ 
  5 _ _ _ 4 _ 4 _ _   
5 5 _ _ _ 2 _ 4 _ _   
4 5 _ 4 5 _ _ 4 5     
4 4 _ _ _ _ 3 2       
_ 4 _ 4 _ _ 5         
  5 3 5 5             
            _ _ _ _   
         _ _ 2 _ _ _ _ 
        _ _ _ _ _ _ _ _ 
       _ 4 _ _ _ _ _ _ _ 
      3 4 _ 2 _ _ _ _ _ _ 
       5 _ _ _ 4 _ 4 _ _   
      5 5 _ _ _ 2 _ 4 _ _   
       4 5 _ 4 5 _ _ 4 5     
        4 4 _ _ _ _ 3 2       
         _ 4 _ 4 _ _ 5         
            5 3 5 5             
He did S 5 26 M 3 16
lets see this one
            _ _ _ _   
        _ _ 2 _ _ _ _ 
      _ _ _ _ _ _ _ _ 
    _ 4 _ _ _ _ _ _ _ 
  5 5 3 2 _ _ _ _ _ _ 
  5 _ _ _ 4 _ 4 _ _   
5 5 _ _ _ 2 _ 4 _ _   
4 5 _ 4 5 _ _ 4 5     
4 4 _ _ _ _ 3 2       
_ 4 _ 4 _ _ 5         
  5 3 5 5             
            _ _ _ _   
         _ _ 2 _ _ _ _ 
        _ _ _ _ _ _ _ _ 
       _ 4 _ _ _ _ _ _ _ 
      5 5 3 2 _ _ _ _ _ _ 
       5 _ _ _ 4 _ 4 _ _   
      5 5 _ _ _ 2 _ 4 _ _   
       4 5 _ 4 5 _ _ 4 5     
        4 4 _ _ _ _ 3 2       
         _ 4 _ 4 _ _ 5         
            5 3 5 5             
starting iteration on above
I, player 1 did  S 5 13 M 5 11 which means 
            _ _ _ _   
        _ _ 2 _ _ _ _ 
      _ _ _ _ _ _ _ _ 
    _ 4 _ _ _ _ _ _ _ 
  5 5 3 2 _ _ _ _ _ _ 
  5 _ _ _ 4 _ 4 _ _   
5 5 _ _ _ 2 _ 4 _ 2   
4 5 _ 4 5 _ _ 4 4     
4 4 _ _ _ _ 3 4       
_ 4 _ 4 _ _ 5         
  5 3 5 5             
            _ _ _ _   
         _ _ 2 _ _ _ _ 
        _ _ _ _ _ _ _ _ 
       _ 4 _ _ _ _ _ _ _ 
      5 5 3 2 _ _ _ _ _ _ 
       5 _ _ _ 4 _ 4 _ _   
      5 5 _ _ _ 2 _ 4 _ 2   
       4 5 _ 4 5 _ _ 4 4     
        4 4 _ _ _ _ 3 4       
         _ 4 _ 4 _ _ 5         
            5 3 5 5             
He did S 3 16 M 2 9
lets see this one
            _ _ _ _   
        _ _ 2 _ _ _ _ 
      _ _ _ _ _ _ _ _ 
    _ 4 _ _ _ _ _ _ _ 
  5 5 5 2 _ _ _ _ _ _ 
  5 _ _ _ 4 _ 4 _ _   
5 5 _ 3 _ 2 _ 4 _ 2   
4 5 _ 4 5 _ _ 4 4     
4 4 _ _ _ _ 3 4       
_ 4 _ 4 _ _ 5         
  5 3 5 5             
            _ _ _ _   
         _ _ 2 _ _ _ _ 
        _ _ _ _ _ _ _ _ 
       _ 4 _ _ _ _ _ _ _ 
      5 5 5 2 _ _ _ _ _ _ 
       5 _ _ _ 4 _ 4 _ _   
      5 5 _ 3 _ 2 _ 4 _ 2   
       4 5 _ 4 5 _ _ 4 4     
        4 4 _ _ _ _ 3 4       
         _ 4 _ 4 _ _ 5         
            5 3 5 5             
starting iteration on above
I, player 1 did  S 5 11 M 4 7 which means 
            _ _ _ _   
        _ _ 2 _ _ _ _ 
      _ _ _ _ _ _ _ _ 
    _ 4 _ _ _ _ _ _ _ 
  5 5 5 2 _ _ _ _ 2 _ 
  5 _ _ _ 4 _ 4 _ _   
5 5 _ 3 _ 2 _ 4 _ 4   
4 5 _ 4 5 _ _ 4 4     
4 4 _ _ _ _ 3 4       
_ 4 _ 4 _ _ 5         
  5 3 5 5             
            _ _ _ _   
         _ _ 2 _ _ _ _ 
        _ _ _ _ _ _ _ _ 
       _ 4 _ _ _ _ _ _ _ 
      5 5 5 2 _ _ _ _ 2 _ 
       5 _ _ _ 4 _ 4 _ _   
      5 5 _ 3 _ 2 _ 4 _ 4   
       4 5 _ 4 5 _ _ 4 4     
        4 4 _ _ _ _ 3 4       
         _ 4 _ 4 _ _ 5         
            5 3 5 5             
He did S 4 11 M 4 9
lets see this one
            _ _ _ _   
        _ _ 2 _ _ _ _ 
      _ _ _ _ _ _ _ _ 
    _ 4 _ _ _ _ _ _ _ 
  5 5 5 2 _ _ _ _ 2 _ 
  5 _ _ _ 4 _ 4 _ _   
5 5 _ 3 _ 2 _ 4 3 4   
4 5 _ 4 5 _ _ 5 4     
4 4 _ _ _ _ 5 4       
_ 4 _ 4 _ _ 5         
  5 3 5 5             
            _ _ _ _   
         _ _ 2 _ _ _ _ 
        _ _ _ _ _ _ _ _ 
       _ 4 _ _ _ _ _ _ _ 
      5 5 5 2 _ _ _ _ 2 _ 
       5 _ _ _ 4 _ 4 _ _   
      5 5 _ 3 _ 2 _ 4 3 4   
       4 5 _ 4 5 _ _ 5 4     
        4 4 _ _ _ _ 5 4       
         _ 4 _ 4 _ _ 5         
            5 3 5 5             
starting iteration on above
I, player 1 did  S 1 3 M 3 11 which means 
            _ _ _ _   
        _ _ 2 _ _ _ _ 
      _ _ _ _ _ _ _ _ 
    _ 4 _ _ _ _ _ _ _ 
  5 5 5 2 _ _ _ _ 2 _ 
  5 _ _ _ 4 _ 4 _ _   
5 5 _ 3 _ 4 _ 4 3 4   
4 5 _ 4 4 _ _ 5 4     
4 4 _ 2 _ _ 5 4       
_ 4 _ 4 _ _ 5         
  5 3 5 5             
            _ _ _ _   
         _ _ 2 _ _ _ _ 
        _ _ _ _ _ _ _ _ 
       _ 4 _ _ _ _ _ _ _ 
      5 5 5 2 _ _ _ _ 2 _ 
       5 _ _ _ 4 _ 4 _ _   
      5 5 _ 3 _ 4 _ 4 3 4   
       4 5 _ 4 4 _ _ 5 4     
        4 4 _ 2 _ _ 5 4       
         _ 4 _ 4 _ _ 5         
            5 3 5 5             
