0 
-4.03125 
4.03125 
-8.84375 
8.84375 
-10.4062 
10.4062 
-16.9062 
16.9062 
-60.9375 
60.9375 
-0.5 
0.5 
-193.75 
193.75 
lets see this one
            _ _ _ _   
        _ _ _ _ _ _ _ 
      _ _ _ _ _ _ _ _ 
    _ _ _ _ _ _ _ _ _ 
  _ _ _ _ _ _ _ _ _ _ 
  _ _ _ _ _ _ _ _ _   
_ _ _ _ _ _ _ _ _ _   
_ _ _ _ _ _ _ _ _     
_ _ _ _ _ _ _ _       
_ _ _ _ _ _ 2         
  _ _ _ _             
            _ _ _ _   
         _ _ _ _ _ _ _ 
        _ _ _ _ _ _ _ _ 
       _ _ _ _ _ _ _ _ _ 
      _ _ _ _ _ _ _ _ _ _ 
       _ _ _ _ _ _ _ _ _   
      _ _ _ _ _ _ _ _ _ _   
       _ _ _ _ _ _ _ _ _     
        _ _ _ _ _ _ _ _       
         _ _ _ _ _ _ 2         
            _ _ _ _             
starting iteration on above
I did P 0 0
He did P 5 13
lets see this one
            _ _ _ _   
        _ _ _ _ _ _ _ 
      _ _ _ _ _ _ _ _ 
    _ _ _ _ _ _ _ _ _ 
  _ _ _ _ _ _ _ _ _ _ 
  _ _ _ _ 3 _ _ _ _   
_ _ _ _ _ _ _ _ _ _   
_ _ _ _ _ _ _ _ _     
_ _ _ _ _ _ _ 2       
_ _ _ _ _ _ 2         
  _ _ _ _             
            _ _ _ _   
         _ _ _ _ _ _ _ 
        _ _ _ _ _ _ _ _ 
       _ _ _ _ _ _ _ _ _ 
      _ _ _ _ _ _ _ _ _ _ 
       _ _ _ _ 3 _ _ _ _   
      _ _ _ _ _ _ _ _ _ _   
       _ _ _ _ _ _ _ _ _     
        _ _ _ _ _ _ _ 2       
         _ _ _ _ _ _ 2         
            _ _ _ _             
starting iteration on above
I did P 3 8
He did P 5 12
lets see this one
            _ _ _ _   
        _ _ _ _ _ _ _ 
      _ _ _ _ _ _ _ _ 
    _ _ _ _ _ _ _ _ _ 
  _ _ _ _ _ _ _ _ _ _ 
  _ _ _ _ 3 _ _ _ _   
_ _ _ _ _ _ _ _ _ _   
_ _ _ _ _ _ 3 _ 2     
_ _ _ _ _ _ _ 2       
_ _ _ _ _ _ 2         
  _ _ _ _             
            _ _ _ _   
         _ _ _ _ _ _ _ 
        _ _ _ _ _ _ _ _ 
       _ _ _ _ _ _ _ _ _ 
      _ _ _ _ _ _ _ _ _ _ 
       _ _ _ _ 3 _ _ _ _   
      _ _ _ _ _ _ _ _ _ _   
       _ _ _ _ _ _ 3 _ 2     
        _ _ _ _ _ _ _ 2       
         _ _ _ _ _ _ 2         
            _ _ _ _             
starting iteration on above
I did P 3 7
He did P 5 11
lets see this one
            _ _ _ _   
        _ _ _ _ _ _ _ 
      _ _ _ _ _ _ _ _ 
    _ _ _ _ _ _ _ _ _ 
  _ _ _ _ _ _ _ _ _ _ 
  _ _ _ _ 3 _ _ _ _   
_ _ _ _ _ _ _ 3 _ 2   
_ _ _ _ _ _ 3 _ 2     
_ _ _ _ _ _ _ 2       
_ _ _ _ _ _ 2         
  _ _ _ _             
            _ _ _ _   
         _ _ _ _ _ _ _ 
        _ _ _ _ _ _ _ _ 
       _ _ _ _ _ _ _ _ _ 
      _ _ _ _ _ _ _ _ _ _ 
       _ _ _ _ 3 _ _ _ _   
      _ _ _ _ _ _ _ 3 _ 2   
       _ _ _ _ _ _ 3 _ 2     
        _ _ _ _ _ _ _ 2       
         _ _ _ _ _ _ 2         
            _ _ _ _             
starting iteration on above
I did P 4 16
He did P 5 16
lets see this one
            _ _ _ _   
        _ _ _ _ _ _ _ 
      _ _ _ _ _ _ _ _ 
    _ _ _ _ _ _ _ _ _ 
  _ _ _ _ _ _ _ _ _ _ 
  _ _ _ _ 3 _ _ _ _   
_ _ _ _ _ _ _ 3 _ 2   
_ _ _ _ _ _ 3 _ 2     
_ _ _ _ _ _ _ 2       
_ 3 _ _ _ _ 2         
  _ _ _ 2             
            _ _ _ _   
         _ _ _ _ _ _ _ 
        _ _ _ _ _ _ _ _ 
       _ _ _ _ _ _ _ _ _ 
      _ _ _ _ _ _ _ _ _ _ 
       _ _ _ _ 3 _ _ _ _   
      _ _ _ _ _ _ _ 3 _ 2   
       _ _ _ _ _ _ 3 _ 2     
        _ _ _ _ _ _ _ 2       
         _ 3 _ _ _ _ 2         
            _ _ _ 2             
starting iteration on above
I did P 4 20
He did S 5 11 M 4 7
lets see this one
            _ _ _ _   
        _ _ _ _ _ _ _ 
      _ _ _ _ _ _ _ _ 
    _ _ _ _ _ _ _ _ _ 
  _ _ _ _ _ _ _ _ 2 _ 
  3 _ _ _ 3 _ _ _ _   
_ _ _ _ _ _ _ 3 _ 4   
_ _ _ _ _ _ 3 _ 2     
_ _ _ _ _ _ _ 2       
_ 3 _ _ _ _ 2         
  _ _ _ 2             
            _ _ _ _   
         _ _ _ _ _ _ _ 
        _ _ _ _ _ _ _ _ 
       _ _ _ _ _ _ _ _ _ 
      _ _ _ _ _ _ _ _ 2 _ 
       3 _ _ _ 3 _ _ _ _   
      _ _ _ _ _ _ _ 3 _ 4   
       _ _ _ _ _ _ 3 _ 2     
        _ _ _ _ _ _ _ 2       
         _ 3 _ _ _ _ 2         
            _ _ _ 2             
starting iteration on above
I, player 2 did  S 4 16 M 4 18 which means 
            _ _ _ _   
        _ _ _ _ _ _ _ 
      _ _ _ _ _ _ _ _ 
    _ _ _ _ _ _ _ _ _ 
  _ _ _ _ _ _ _ _ 2 _ 
  3 _ _ _ 3 _ _ _ _   
_ _ _ _ _ _ _ 3 _ 4   
_ 3 _ _ _ _ 3 _ 2     
_ _ _ _ _ _ _ 2       
_ 5 _ _ _ _ 2         
  _ _ _ 2             
            _ _ _ _   
         _ _ _ _ _ _ _ 
        _ _ _ _ _ _ _ _ 
       _ _ _ _ _ _ _ _ _ 
      _ _ _ _ _ _ _ _ 2 _ 
       3 _ _ _ 3 _ _ _ _   
      _ _ _ _ _ _ _ 3 _ 4   
       _ 3 _ _ _ _ 3 _ 2     
        _ _ _ _ _ _ _ 2       
         _ 5 _ _ _ _ 2         
            _ _ _ 2             
He did S 5 16 M 4 8
lets see this one
            _ _ _ _   
        _ _ _ _ _ _ _ 
      _ _ _ _ _ _ _ _ 
    _ _ _ _ _ _ _ _ _ 
  _ _ _ _ _ _ _ _ 2 _ 
  3 _ _ _ 3 _ _ _ 2   
_ _ _ _ _ _ _ 3 _ 4   
_ 3 _ _ _ _ 3 _ 2     
_ _ _ _ _ _ _ 2       
_ 5 _ _ _ _ 2         
  _ _ _ 4             
            _ _ _ _   
         _ _ _ _ _ _ _ 
        _ _ _ _ _ _ _ _ 
       _ _ _ _ _ _ _ _ _ 
      _ _ _ _ _ _ _ _ 2 _ 
       3 _ _ _ 3 _ _ _ 2   
      _ _ _ _ _ _ _ 3 _ 4   
       _ 3 _ _ _ _ 3 _ 2     
        _ _ _ _ _ _ _ 2       
         _ 5 _ _ _ _ 2         
            _ _ _ 4             
starting iteration on above
I, player 2 did  S 4 20 M 1 5 which means 
            _ _ _ _   
        _ _ _ _ _ _ _ 
      _ _ _ _ _ _ _ _ 
    _ _ _ _ _ _ _ _ _ 
  _ _ _ _ _ _ _ _ 2 _ 
  5 _ _ 3 3 _ _ _ 2   
_ _ _ _ _ _ _ 3 _ 4   
_ 3 _ _ _ _ 3 _ 2     
_ _ _ _ _ _ _ 2       
_ 5 _ _ _ _ 2         
  _ _ _ 4             
            _ _ _ _   
         _ _ _ _ _ _ _ 
        _ _ _ _ _ _ _ _ 
       _ _ _ _ _ _ _ _ _ 
      _ _ _ _ _ _ _ _ 2 _ 
       5 _ _ 3 3 _ _ _ 2   
      _ _ _ _ _ _ _ 3 _ 4   
       _ 3 _ _ _ _ 3 _ 2     
        _ _ _ _ _ _ _ 2       
         _ 5 _ _ _ _ 2         
            _ _ _ 4             
He did S 4 7 M 4 5
lets see this one
            _ _ _ _   
        _ _ _ _ _ _ _ 
      _ _ _ _ _ _ 2 _ 
    _ _ _ _ _ _ _ _ _ 
  _ _ _ _ _ _ _ _ 4 _ 
  5 _ _ 3 3 _ _ _ 2   
_ _ _ _ _ _ _ 3 _ 4   
_ 3 _ _ _ _ 3 _ 2     
_ _ _ _ _ _ _ 2       
_ 5 _ _ _ _ 2         
  _ _ _ 4             
            _ _ _ _   
         _ _ _ _ _ _ _ 
        _ _ _ _ _ _ 2 _ 
       _ _ _ _ _ _ _ _ _ 
      _ _ _ _ _ _ _ _ 4 _ 
       5 _ _ 3 3 _ _ _ 2   
      _ _ _ _ _ _ _ 3 _ 4   
       _ 3 _ _ _ _ 3 _ 2     
        _ _ _ _ _ _ _ 2       
         _ 5 _ _ _ _ 2         
            _ _ _ 4             
starting iteration on above
I, player 2 did  S 3 8 M 3 9 which means 
            _ _ _ _   
        _ _ _ _ _ _ _ 
      _ _ _ _ _ _ 2 _ 
    _ _ _ _ _ _ _ _ _ 
  _ _ _ _ _ _ _ _ 4 _ 
  5 _ _ 3 3 _ _ _ 2   
_ _ _ _ _ _ _ 3 _ 4   
_ 3 _ _ _ _ 5 _ 2     
_ _ _ _ _ 3 _ 2       
_ 5 _ _ _ _ 2         
  _ _ _ 4             
            _ _ _ _   
         _ _ _ _ _ _ _ 
        _ _ _ _ _ _ 2 _ 
       _ _ _ _ _ _ _ _ _ 
      _ _ _ _ _ _ _ _ 4 _ 
       5 _ _ 3 3 _ _ _ 2   
      _ _ _ _ _ _ _ 3 _ 4   
       _ 3 _ _ _ _ 5 _ 2     
        _ _ _ _ _ 3 _ 2       
         _ 5 _ _ _ _ 2         
            _ _ _ 4             
He did S 5 12 M 3 6
lets see this one
            _ _ _ _   
        _ _ _ _ _ _ _ 
      _ _ _ _ _ _ 2 _ 
    _ _ _ _ _ _ _ _ _ 
  _ _ _ _ _ _ _ _ 4 _ 
  5 _ _ 3 3 _ _ 2 2   
_ _ _ _ _ _ _ 3 _ 4   
_ 3 _ _ _ _ 5 _ 4     
_ _ _ _ _ 3 _ 2       
_ 5 _ _ _ _ 2         
  _ _ _ 4             
            _ _ _ _   
         _ _ _ _ _ _ _ 
        _ _ _ _ _ _ 2 _ 
       _ _ _ _ _ _ _ _ _ 
      _ _ _ _ _ _ _ _ 4 _ 
       5 _ _ 3 3 _ _ 2 2   
      _ _ _ _ _ _ _ 3 _ 4   
       _ 3 _ _ _ _ 5 _ 4     
        _ _ _ _ _ 3 _ 2       
         _ 5 _ _ _ _ 2         
            _ _ _ 4             
starting iteration on above
I, player 2 did  S 3 9 M 4 17 which means 
            _ _ _ _   
        _ _ _ _ _ _ _ 
      _ _ _ _ _ _ 2 _ 
    _ _ _ _ _ _ _ _ _ 
  _ _ _ _ _ _ _ _ 4 _ 
  5 _ _ 3 3 _ _ 2 2   
_ _ _ _ _ _ _ 3 _ 4   
_ 3 _ _ _ _ 5 _ 4     
_ 3 _ _ _ 5 _ 2       
_ 5 _ _ _ _ 2         
  _ _ _ 4             
            _ _ _ _   
         _ _ _ _ _ _ _ 
        _ _ _ _ _ _ 2 _ 
       _ _ _ _ _ _ _ _ _ 
      _ _ _ _ _ _ _ _ 4 _ 
       5 _ _ 3 3 _ _ 2 2   
      _ _ _ _ _ _ _ 3 _ 4   
       _ 3 _ _ _ _ 5 _ 4     
        _ 3 _ _ _ 5 _ 2       
         _ 5 _ _ _ _ 2         
            _ _ _ 4             
He did S 4 5 M 4 6
lets see this one
            _ _ _ _   
        _ _ _ _ _ _ _ 
      _ _ _ _ _ _ 4 _ 
    _ _ _ _ _ _ _ 2 _ 
  _ _ _ _ _ _ _ _ 4 _ 
  5 _ _ 3 3 _ _ 2 2   
_ _ _ _ _ _ _ 3 _ 4   
_ 3 _ _ _ _ 5 _ 4     
_ 3 _ _ _ 5 _ 2       
_ 5 _ _ _ _ 2         
  _ _ _ 4             
            _ _ _ _   
         _ _ _ _ _ _ _ 
        _ _ _ _ _ _ 4 _ 
       _ _ _ _ _ _ _ 2 _ 
      _ _ _ _ _ _ _ _ 4 _ 
       5 _ _ 3 3 _ _ 2 2   
      _ _ _ _ _ _ _ 3 _ 4   
       _ 3 _ _ _ _ 5 _ 4     
        _ 3 _ _ _ 5 _ 2       
         _ 5 _ _ _ _ 2         
            _ _ _ 4             
starting iteration on above
I, player 2 did  S 3 7 M 3 14 which means 
            _ _ _ _   
        _ _ _ _ _ _ _ 
      _ _ _ _ _ _ 4 _ 
    _ _ _ _ _ _ _ 2 _ 
  _ _ _ _ _ _ _ _ 4 _ 
  5 _ _ 3 3 _ _ 2 2   
_ _ 3 _ _ _ _ 5 _ 4   
_ 3 _ _ _ _ 5 _ 4     
_ 3 _ _ _ 5 _ 2       
_ 5 _ _ _ _ 2         
  _ _ _ 4             
            _ _ _ _   
         _ _ _ _ _ _ _ 
        _ _ _ _ _ _ 4 _ 
       _ _ _ _ _ _ _ 2 _ 
      _ _ _ _ _ _ _ _ 4 _ 
       5 _ _ 3 3 _ _ 2 2   
      _ _ 3 _ _ _ _ 5 _ 4   
       _ 3 _ _ _ _ 5 _ 4     
        _ 3 _ _ _ 5 _ 2       
         _ 5 _ _ _ _ 2         
            _ _ _ 4             
He did S 3 6 M 4 13 RS 3 9 RE 4 7 X 4 13
lets see this one
            _ _ _ _   
        _ _ _ _ _ _ _ 
      _ _ _ _ _ _ 4 _ 
    _ _ _ _ _ _ _ 2 _ 
  _ _ _ _ _ _ _ _ _ _ 
  5 _ _ 3 3 _ _ _ 2   
_ _ 3 _ _ _ _ _ _ 4   
_ 3 _ _ _ _ _ _ 4     
_ 3 _ _ _ _ _ 2       
_ 5 _ _ _ _ 2         
  _ _ _ 4             
            _ _ _ _   
         _ _ _ _ _ _ _ 
        _ _ _ _ _ _ 4 _ 
       _ _ _ _ _ _ _ 2 _ 
      _ _ _ _ _ _ _ _ _ _ 
       5 _ _ 3 3 _ _ _ 2   
      _ _ 3 _ _ _ _ _ _ 4   
       _ 3 _ _ _ _ _ _ 4     
        _ 3 _ _ _ _ _ 2       
         _ 5 _ _ _ _ 2         
            _ _ _ 4             
starting iteration on above
I, player 2 did  S 4 17 M 3 9 which means 
            _ _ _ _   
        _ _ _ _ _ _ _ 
      _ _ _ _ _ _ 4 _ 
    _ _ _ _ _ _ _ 2 _ 
  _ _ _ _ _ _ _ _ _ _ 
  5 _ _ 3 3 _ _ _ 2   
_ _ 3 _ _ _ _ _ _ 4   
_ 3 _ _ _ _ _ _ 4     
_ 5 _ _ _ 3 _ 2       
_ 5 _ _ _ _ 2         
  _ _ _ 4             
            _ _ _ _   
         _ _ _ _ _ _ _ 
        _ _ _ _ _ _ 4 _ 
       _ _ _ _ _ _ _ 2 _ 
      _ _ _ _ _ _ _ _ _ _ 
       5 _ _ 3 3 _ _ _ 2   
      _ _ 3 _ _ _ _ _ _ 4   
       _ 3 _ _ _ _ _ _ 4     
        _ 5 _ _ _ 3 _ 2       
         _ 5 _ _ _ _ 2         
            _ _ _ 4             
He did S 4 6 M 4 7
lets see this one
            _ _ _ _   
        _ _ _ _ _ _ _ 
      _ _ _ _ _ _ 4 _ 
    _ _ _ _ _ _ _ 4 _ 
  _ _ _ _ _ _ _ _ 2 _ 
  5 _ _ 3 3 _ _ _ 2   
_ _ 3 _ _ _ _ _ _ 4   
_ 3 _ _ _ _ _ _ 4     
_ 5 _ _ _ 3 _ 2       
_ 5 _ _ _ _ 2         
  _ _ _ 4             
            _ _ _ _   
         _ _ _ _ _ _ _ 
        _ _ _ _ _ _ 4 _ 
       _ _ _ _ _ _ _ 4 _ 
      _ _ _ _ _ _ _ _ 2 _ 
       5 _ _ 3 3 _ _ _ 2   
      _ _ 3 _ _ _ _ _ _ 4   
       _ 3 _ _ _ _ _ _ 4     
        _ 5 _ _ _ 3 _ 2       
         _ 5 _ _ _ _ 2         
            _ _ _ 4             
starting iteration on above
I, player 2 did  S 4 18 M 4 19 which means 
            _ _ _ _   
        _ _ _ _ _ _ _ 
      _ _ _ _ _ _ 4 _ 
    _ _ _ _ _ _ _ 4 _ 
  _ _ _ _ _ _ _ _ 2 _ 
  5 _ _ 3 3 _ _ _ 2   
_ 3 3 _ _ _ _ _ _ 4   
_ 5 _ _ _ _ _ _ 4     
_ 5 _ _ _ 3 _ 2       
_ 5 _ _ _ _ 2         
  _ _ _ 4             
            _ _ _ _   
         _ _ _ _ _ _ _ 
        _ _ _ _ _ _ 4 _ 
       _ _ _ _ _ _ _ 4 _ 
      _ _ _ _ _ _ _ _ 2 _ 
       5 _ _ 3 3 _ _ _ 2   
      _ 3 3 _ _ _ _ _ _ 4   
       _ 5 _ _ _ _ _ _ 4     
        _ 5 _ _ _ 3 _ 2       
         _ 5 _ _ _ _ 2         
            _ _ _ 4             
He did S 4 7 M 3 6
lets see this one
            _ _ _ _   
        _ _ _ _ _ _ _ 
      _ _ _ _ _ _ 4 _ 
    _ _ _ _ _ _ _ 4 _ 
  _ _ _ _ _ _ _ _ 4 _ 
  5 _ _ 3 3 _ _ 2 2   
_ 3 3 _ _ _ _ _ _ 4   
_ 5 _ _ _ _ _ _ 4     
_ 5 _ _ _ 3 _ 2       
_ 5 _ _ _ _ 2         
  _ _ _ 4             
            _ _ _ _   
         _ _ _ _ _ _ _ 
        _ _ _ _ _ _ 4 _ 
       _ _ _ _ _ _ _ 4 _ 
      _ _ _ _ _ _ _ _ 4 _ 
       5 _ _ 3 3 _ _ 2 2   
      _ 3 3 _ _ _ _ _ _ 4   
       _ 5 _ _ _ _ _ _ 4     
        _ 5 _ _ _ 3 _ 2       
         _ 5 _ _ _ _ 2         
            _ _ _ 4             
starting iteration on above
I, player 2 did  S 4 19 M 3 0 RS 4 16 RE 4 20 X 0 0 which means 
            _ _ _ _   
        _ _ _ _ _ _ _ 
      _ _ 3 _ _ _ 4 _ 
    _ _ _ _ _ _ _ 4 _ 
  _ _ _ _ _ _ _ _ 4 _ 
  _ _ _ 3 _ _ _ 2 2   
_ _ 3 _ _ _ _ _ _ 4   
_ _ _ _ _ _ _ _ 4     
_ _ _ _ _ 3 _ 2       
_ _ _ _ _ _ 2         
  _ _ _ 4             
            _ _ _ _   
         _ _ _ _ _ _ _ 
        _ _ 3 _ _ _ 4 _ 
       _ _ _ _ _ _ _ 4 _ 
      _ _ _ _ _ _ _ _ 4 _ 
       _ _ _ 3 _ _ _ 2 2   
      _ _ 3 _ _ _ _ _ _ 4   
       _ _ _ _ _ _ _ _ 4     
        _ _ _ _ _ 3 _ 2       
         _ _ _ _ _ _ 2         
            _ _ _ 4             
He did S 4 8 M 4 9 RS 5 11 RE 4 5 X 3 6
lets see this one
            _ _ _ _   
        _ _ _ _ _ _ _ 
      _ _ 3 _ _ _ _ _ 
    _ _ _ _ _ _ _ _ _ 
  _ _ _ _ _ _ _ _ _ _ 
  _ _ _ 3 _ _ _ _ _   
_ _ 3 _ _ _ _ _ 2 _   
_ _ _ _ _ _ _ _ 4     
_ _ _ _ _ 3 _ 2       
_ _ _ _ _ _ 2         
  _ _ _ 4             
            _ _ _ _   
         _ _ _ _ _ _ _ 
        _ _ 3 _ _ _ _ _ 
       _ _ _ _ _ _ _ _ _ 
      _ _ _ _ _ _ _ _ _ _ 
       _ _ _ 3 _ _ _ _ _   
      _ _ 3 _ _ _ _ _ 2 _   
       _ _ _ _ _ _ _ _ 4     
        _ _ _ _ _ 3 _ 2       
         _ _ _ _ _ _ 2         
            _ _ _ 4             
starting iteration on above
I, player 2 did  S 1 5 M 1 0 which means 
            _ _ _ _   
        _ _ _ _ _ _ _ 
      _ _ 3 _ _ _ _ _ 
    _ _ _ _ _ _ _ _ _ 
  _ _ _ _ 3 _ _ _ _ _ 
  _ _ _ 5 _ _ _ _ _   
_ _ 3 _ _ _ _ _ 2 _   
_ _ _ _ _ _ _ _ 4     
_ _ _ _ _ 3 _ 2       
_ _ _ _ _ _ 2         
  _ _ _ 4             
            _ _ _ _   
         _ _ _ _ _ _ _ 
        _ _ 3 _ _ _ _ _ 
       _ _ _ _ _ _ _ _ _ 
      _ _ _ _ 3 _ _ _ _ _ 
       _ _ _ 5 _ _ _ _ _   
      _ _ 3 _ _ _ _ _ 2 _   
       _ _ _ _ _ _ _ _ 4     
        _ _ _ _ _ 3 _ 2       
         _ _ _ _ _ _ 2         
            _ _ _ 4             
He did S 4 9 M 5 11
lets see this one
            _ _ _ _   
        _ _ _ _ _ _ _ 
      _ _ 3 _ _ _ _ _ 
    _ _ _ _ _ _ _ _ _ 
  _ _ _ _ 3 _ _ _ _ _ 
  _ _ _ 5 _ _ _ _ _   
_ _ 3 _ _ _ _ _ 4 2   
_ _ _ _ _ _ _ _ 4     
_ _ _ _ _ 3 _ 2       
_ _ _ _ _ _ 2         
  _ _ _ 4             
            _ _ _ _   
         _ _ _ _ _ _ _ 
        _ _ 3 _ _ _ _ _ 
       _ _ _ _ _ _ _ _ _ 
      _ _ _ _ 3 _ _ _ _ _ 
       _ _ _ 5 _ _ _ _ _   
      _ _ 3 _ _ _ _ _ 4 2   
       _ _ _ _ _ _ _ _ 4     
        _ _ _ _ _ 3 _ 2       
         _ _ _ _ _ _ 2         
            _ _ _ 4             
starting iteration on above
I, player 2 did  S 3 0 M 2 0 which means 
            _ _ _ _   
        _ _ _ _ _ _ _ 
      _ _ 5 _ _ _ _ _ 
    _ _ _ 3 _ _ _ _ _ 
  _ _ _ _ 3 _ _ _ _ _ 
  _ _ _ 5 _ _ _ _ _   
_ _ 3 _ _ _ _ _ 4 2   
_ _ _ _ _ _ _ _ 4     
_ _ _ _ _ 3 _ 2       
_ _ _ _ _ _ 2         
  _ _ _ 4             
            _ _ _ _   
         _ _ _ _ _ _ _ 
        _ _ 5 _ _ _ _ _ 
       _ _ _ 3 _ _ _ _ _ 
      _ _ _ _ 3 _ _ _ _ _ 
       _ _ _ 5 _ _ _ _ _   
      _ _ 3 _ _ _ _ _ 4 2   
       _ _ _ _ _ _ _ _ 4     
        _ _ _ _ _ 3 _ 2       
         _ _ _ _ _ _ 2         
            _ _ _ 4             
He did S 5 11 M 4 5
lets see this one
            _ _ _ _   
        _ _ _ _ _ _ _ 
      _ _ 5 _ _ _ 2 _ 
    _ _ _ 3 _ _ _ _ _ 
  _ _ _ _ 3 _ _ _ _ _ 
  _ _ _ 5 _ _ _ _ _   
_ _ 3 _ _ _ _ _ 4 4   
_ _ _ _ _ _ _ _ 4     
_ _ _ _ _ 3 _ 2       
_ _ _ _ _ _ 2         
  _ _ _ 4             
            _ _ _ _   
         _ _ _ _ _ _ _ 
        _ _ 5 _ _ _ 2 _ 
       _ _ _ 3 _ _ _ _ _ 
      _ _ _ _ 3 _ _ _ _ _ 
       _ _ _ 5 _ _ _ _ _   
      _ _ 3 _ _ _ _ _ 4 4   
       _ _ _ _ _ _ _ _ 4     
        _ _ _ _ _ 3 _ 2       
         _ _ _ _ _ _ 2         
            _ _ _ 4             
starting iteration on above
I, player 2 did  S 1 0 M 2 1 which means 
            _ _ _ _   
        _ _ _ _ _ _ _ 
      _ _ 5 _ _ _ 2 _ 
    _ _ _ 3 3 _ _ _ _ 
  _ _ _ _ 5 _ _ _ _ _ 
  _ _ _ 5 _ _ _ _ _   
_ _ 3 _ _ _ _ _ 4 4   
_ _ _ _ _ _ _ _ 4     
_ _ _ _ _ 3 _ 2       
_ _ _ _ _ _ 2         
  _ _ _ 4             
            _ _ _ _   
         _ _ _ _ _ _ _ 
        _ _ 5 _ _ _ 2 _ 
       _ _ _ 3 3 _ _ _ _ 
      _ _ _ _ 5 _ _ _ _ _ 
       _ _ _ 5 _ _ _ _ _   
      _ _ 3 _ _ _ _ _ 4 4   
       _ _ _ _ _ _ _ _ 4     
        _ _ _ _ _ 3 _ 2       
         _ _ _ _ _ _ 2         
            _ _ _ 4             
He did S 4 5 M 4 23
lets see this one
            _ _ _ _   
        _ _ _ _ _ _ _ 
      _ 2 4 _ _ _ 4 _ 
    _ _ _ 3 3 _ _ _ _ 
  _ _ _ _ 5 _ _ _ _ _ 
  _ _ _ 5 _ _ _ _ _   
_ _ 3 _ _ _ _ _ 4 4   
_ _ _ _ _ _ _ _ 4     
_ _ _ _ _ 3 _ 2       
_ _ _ _ _ _ 2         
  _ _ _ 4             
            _ _ _ _   
         _ _ _ _ _ _ _ 
        _ 2 4 _ _ _ 4 _ 
       _ _ _ 3 3 _ _ _ _ 
      _ _ _ _ 5 _ _ _ _ _ 
       _ _ _ 5 _ _ _ _ _   
      _ _ 3 _ _ _ _ _ 4 4   
       _ _ _ _ _ _ _ _ 4     
        _ _ _ _ _ 3 _ 2       
         _ _ _ _ _ _ 2         
            _ _ _ 4             
starting iteration on above
I, player 2 did  S 2 0 M 4 0 which means 
            _ _ _ _   
        _ 3 _ _ _ _ _ 
      _ 2 5 _ _ _ 4 _ 
    _ _ _ 5 3 _ _ _ _ 
  _ _ _ _ 5 _ _ _ _ _ 
  _ _ _ 5 _ _ _ _ _   
_ _ 3 _ _ _ _ _ 4 4   
_ _ _ _ _ _ _ _ 4     
_ _ _ _ _ 3 _ 2       
_ _ _ _ _ _ 2         
  _ _ _ 4             
            _ _ _ _   
         _ 3 _ _ _ _ _ 
        _ 2 5 _ _ _ 4 _ 
       _ _ _ 5 3 _ _ _ _ 
      _ _ _ _ 5 _ _ _ _ _ 
       _ _ _ 5 _ _ _ _ _   
      _ _ 3 _ _ _ _ _ 4 4   
       _ _ _ _ _ _ _ _ 4     
        _ _ _ _ _ 3 _ 2       
         _ _ _ _ _ _ 2         
            _ _ _ 4             
He did S 4 23 M 3 1
lets see this one
            _ _ _ _   
        _ 3 _ _ _ _ _ 
      _ 4 4 2 _ _ 4 _ 
    _ _ _ 5 3 _ _ _ _ 
  _ _ _ _ 5 _ _ _ _ _ 
  _ _ _ 5 _ _ _ _ _   
_ _ 3 _ _ _ _ _ 4 4   
_ _ _ _ _ _ _ _ 4     
_ _ _ _ _ 3 _ 2       
_ _ _ _ _ _ 2         
  _ _ _ 4             
            _ _ _ _   
         _ 3 _ _ _ _ _ 
        _ 4 4 2 _ _ 4 _ 
       _ _ _ 5 3 _ _ _ _ 
      _ _ _ _ 5 _ _ _ _ _ 
       _ _ _ 5 _ _ _ _ _   
      _ _ 3 _ _ _ _ _ 4 4   
       _ _ _ _ _ _ _ _ 4     
        _ _ _ _ _ 3 _ 2       
         _ _ _ _ _ _ 2         
            _ _ _ 4             
starting iteration on above
I, player 2 did  S 2 1 M 2 2 which means 
            _ _ _ _   
        _ 3 _ _ _ _ _ 
      _ 4 4 2 _ _ 4 _ 
    _ _ _ 5 5 3 _ _ _ 
  _ _ _ _ 5 _ _ _ _ _ 
  _ _ _ 5 _ _ _ _ _   
_ _ 3 _ _ _ _ _ 4 4   
_ _ _ _ _ _ _ _ 4     
_ _ _ _ _ 3 _ 2       
_ _ _ _ _ _ 2         
  _ _ _ 4             
            _ _ _ _   
         _ 3 _ _ _ _ _ 
        _ 4 4 2 _ _ 4 _ 
       _ _ _ 5 5 3 _ _ _ 
      _ _ _ _ 5 _ _ _ _ _ 
       _ _ _ 5 _ _ _ _ _   
      _ _ 3 _ _ _ _ _ 4 4   
       _ _ _ _ _ _ _ _ 4     
        _ _ _ _ _ 3 _ 2       
         _ _ _ _ _ _ 2         
            _ _ _ 4             
He did S 3 1 M 3 2
lets see this one
            _ _ _ _   
        _ 3 _ _ _ _ _ 
      _ 4 4 4 2 _ 4 _ 
    _ _ _ 5 5 3 _ _ _ 
  _ _ _ _ 5 _ _ _ _ _ 
  _ _ _ 5 _ _ _ _ _   
_ _ 3 _ _ _ _ _ 4 4   
_ _ _ _ _ _ _ _ 4     
_ _ _ _ _ 3 _ 2       
_ _ _ _ _ _ 2         
  _ _ _ 4             
            _ _ _ _   
         _ 3 _ _ _ _ _ 
        _ 4 4 4 2 _ 4 _ 
       _ _ _ 5 5 3 _ _ _ 
      _ _ _ _ 5 _ _ _ _ _ 
       _ _ _ 5 _ _ _ _ _   
      _ _ 3 _ _ _ _ _ 4 4   
       _ _ _ _ _ _ _ _ 4     
        _ _ _ _ _ 3 _ 2       
         _ _ _ _ _ _ 2         
            _ _ _ 4             
starting iteration on above
I, player 2 did  S 2 2 M 1 1 which means 
            _ _ _ _   
        _ 3 _ _ _ _ _ 
      _ 4 4 4 2 _ 4 _ 
    _ _ _ 5 5 5 _ _ _ 
  _ _ _ _ 5 3 _ _ _ _ 
  _ _ _ 5 _ _ _ _ _   
_ _ 3 _ _ _ _ _ 4 4   
_ _ _ _ _ _ _ _ 4     
_ _ _ _ _ 3 _ 2       
_ _ _ _ _ _ 2         
  _ _ _ 4             
            _ _ _ _   
         _ 3 _ _ _ _ _ 
        _ 4 4 4 2 _ 4 _ 
       _ _ _ 5 5 5 _ _ _ 
      _ _ _ _ 5 3 _ _ _ _ 
       _ _ _ 5 _ _ _ _ _   
      _ _ 3 _ _ _ _ _ 4 4   
       _ _ _ _ _ _ _ _ 4     
        _ _ _ _ _ 3 _ 2       
         _ _ _ _ _ _ 2         
            _ _ _ 4             
He did S 5 13 M 2 4
lets see this one
            _ _ _ _   
        _ 3 _ _ _ _ _ 
      _ 4 4 4 2 _ 4 _ 
    _ _ _ 5 5 5 _ _ _ 
  _ _ _ _ 5 3 _ _ _ _ 
  _ _ _ 5 _ _ 2 _ _   
_ _ 3 _ _ _ _ _ 4 4   
_ _ _ _ _ _ _ _ 4     
_ _ _ _ _ 3 _ 4       
_ _ _ _ _ _ 2         
  _ _ _ 4             
            _ _ _ _   
         _ 3 _ _ _ _ _ 
        _ 4 4 4 2 _ 4 _ 
       _ _ _ 5 5 5 _ _ _ 
      _ _ _ _ 5 3 _ _ _ _ 
       _ _ _ 5 _ _ 2 _ _   
      _ _ 3 _ _ _ _ _ 4 4   
       _ _ _ _ _ _ _ _ 4     
        _ _ _ _ _ 3 _ 4       
         _ _ _ _ _ _ 2         
            _ _ _ 4             
starting iteration on above
I, player 2 did  S 4 0 M 4 22 which means 
            _ _ _ _   
        _ 5 _ _ _ _ _ 
      _ 5 4 4 2 _ 4 _ 
    _ 3 _ 5 5 5 _ _ _ 
  _ _ _ _ 5 3 _ _ _ _ 
  _ _ _ 5 _ _ 2 _ _   
_ _ 3 _ _ _ _ _ 4 4   
_ _ _ _ _ _ _ _ 4     
_ _ _ _ _ 3 _ 4       
_ _ _ _ _ _ 2         
  _ _ _ 4             
            _ _ _ _   
         _ 5 _ _ _ _ _ 
        _ 5 4 4 2 _ 4 _ 
       _ 3 _ 5 5 5 _ _ _ 
      _ _ _ _ 5 3 _ _ _ _ 
       _ _ _ 5 _ _ 2 _ _   
      _ _ 3 _ _ _ _ _ 4 4   
       _ _ _ _ _ _ _ _ 4     
        _ _ _ _ _ 3 _ 4       
         _ _ _ _ _ _ 2         
            _ _ _ 4             
He did S 2 4 M 3 7
lets see this one
            _ _ _ _   
        _ 5 _ _ _ _ _ 
      _ 5 4 4 2 _ 4 _ 
    _ 3 _ 5 5 5 _ _ _ 
  _ _ _ _ 5 3 _ _ _ _ 
  _ _ _ 5 _ _ 4 _ _   
_ _ 3 _ _ _ _ 2 4 4   
_ _ _ _ _ _ _ _ 4     
_ _ _ _ _ 3 _ 4       
_ _ _ _ _ _ 2         
  _ _ _ 4             
            _ _ _ _   
         _ 5 _ _ _ _ _ 
        _ 5 4 4 2 _ 4 _ 
       _ 3 _ 5 5 5 _ _ _ 
      _ _ _ _ 5 3 _ _ _ _ 
       _ _ _ 5 _ _ 4 _ _   
      _ _ 3 _ _ _ _ 2 4 4   
       _ _ _ _ _ _ _ _ 4     
        _ _ _ _ _ 3 _ 4       
         _ _ _ _ _ _ 2         
            _ _ _ 4             
starting iteration on above
I, player 2 did  S 4 22 M 3 17 which means 
            _ _ _ _   
        _ 5 _ _ _ _ _ 
      _ 5 4 4 2 _ 4 _ 
    _ 5 3 5 5 5 _ _ _ 
  _ _ _ _ 5 3 _ _ _ _ 
  _ _ _ 5 _ _ 4 _ _   
_ _ 3 _ _ _ _ 2 4 4   
_ _ _ _ _ _ _ _ 4     
_ _ _ _ _ 3 _ 4       
_ _ _ _ _ _ 2         
  _ _ _ 4             
            _ _ _ _   
         _ 5 _ _ _ _ _ 
        _ 5 4 4 2 _ 4 _ 
       _ 5 3 5 5 5 _ _ _ 
      _ _ _ _ 5 3 _ _ _ _ 
       _ _ _ 5 _ _ 4 _ _   
      _ _ 3 _ _ _ _ 2 4 4   
       _ _ _ _ _ _ _ _ 4     
        _ _ _ _ _ 3 _ 4       
         _ _ _ _ _ _ 2         
            _ _ _ 4             
He did S 3 2 M 2 3
lets see this one
            _ _ _ _   
        _ 5 _ _ _ _ _ 
      _ 5 4 4 4 _ 4 _ 
    _ 5 3 5 5 4 _ _ _ 
  _ _ _ _ 5 3 2 _ _ _ 
  _ _ _ 5 _ _ 4 _ _   
_ _ 3 _ _ _ _ 2 4 4   
_ _ _ _ _ _ _ _ 4     
_ _ _ _ _ 3 _ 4       
_ _ _ _ _ _ 2         
  _ _ _ 4             
            _ _ _ _   
         _ 5 _ _ _ _ _ 
        _ 5 4 4 4 _ 4 _ 
       _ 5 3 5 5 4 _ _ _ 
      _ _ _ _ 5 3 2 _ _ _ 
       _ _ _ 5 _ _ 4 _ _   
      _ _ 3 _ _ _ _ 2 4 4   
       _ _ _ _ _ _ _ _ 4     
        _ _ _ _ _ 3 _ 4       
         _ _ _ _ _ _ 2         
            _ _ _ 4             
starting iteration on above
I, player 2 did  S 3 17 M 2 11 which means 
            _ _ _ _   
        _ 5 _ _ _ _ _ 
      _ 5 4 4 4 _ 4 _ 
    _ 5 5 5 5 4 _ _ _ 
  _ _ _ 3 5 3 2 _ _ _ 
  _ _ _ 5 _ _ 4 _ _   
_ _ 3 _ _ _ _ 2 4 4   
_ _ _ _ _ _ _ _ 4     
_ _ _ _ _ 3 _ 4       
_ _ _ _ _ _ 2         
  _ _ _ 4             
            _ _ _ _   
         _ 5 _ _ _ _ _ 
        _ 5 4 4 4 _ 4 _ 
       _ 5 5 5 5 4 _ _ _ 
      _ _ _ 3 5 3 2 _ _ _ 
       _ _ _ 5 _ _ 4 _ _   
      _ _ 3 _ _ _ _ 2 4 4   
       _ _ _ _ _ _ _ _ 4     
        _ _ _ _ _ 3 _ 4       
         _ _ _ _ _ _ 2         
            _ _ _ 4             
He did S 3 7 M 4 10
lets see this one
            _ _ _ _   
        _ 5 _ _ _ _ _ 
      _ 5 4 4 4 _ 4 _ 
    _ 5 5 5 5 4 _ _ _ 
  _ _ _ 3 5 3 2 _ _ _ 
  _ _ _ 5 _ _ 4 _ _   
_ _ 3 _ _ _ _ 4 4 4   
_ _ _ _ _ _ _ 2 4     
_ _ _ _ _ 3 _ 4       
_ _ _ _ _ _ 2         
  _ _ _ 4             
            _ _ _ _   
         _ 5 _ _ _ _ _ 
        _ 5 4 4 4 _ 4 _ 
       _ 5 5 5 5 4 _ _ _ 
      _ _ _ 3 5 3 2 _ _ _ 
       _ _ _ 5 _ _ 4 _ _   
      _ _ 3 _ _ _ _ 4 4 4   
       _ _ _ _ _ _ _ 2 4     
        _ _ _ _ _ 3 _ 4       
         _ _ _ _ _ _ 2         
            _ _ _ 4             
starting iteration on above
I, player 2 did  S 1 1 M 3 3 RS 4 22 RE 2 2 X 3 3 which means 
            _ _ _ _   
        _ 5 _ _ _ _ _ 
      _ 5 4 4 4 _ 4 _ 
    _ _ _ _ _ _ _ _ _ 
  _ _ _ 3 5 5 2 _ _ _ 
  _ _ _ 5 _ _ 4 _ _   
_ _ 3 _ _ _ _ 4 4 4   
_ _ _ _ _ _ _ 2 4     
_ _ _ _ _ 3 _ 4       
_ _ _ _ _ _ 2         
  _ _ _ 4             
            _ _ _ _   
         _ 5 _ _ _ _ _ 
        _ 5 4 4 4 _ 4 _ 
       _ _ _ _ _ _ _ _ _ 
      _ _ _ 3 5 5 2 _ _ _ 
       _ _ _ 5 _ _ 4 _ _   
      _ _ 3 _ _ _ _ 4 4 4   
       _ _ _ _ _ _ _ 2 4     
        _ _ _ _ _ 3 _ 4       
         _ _ _ _ _ _ 2         
            _ _ _ 4             
He did S 4 10 M 3 8
lets see this one
            _ _ _ _   
        _ 5 _ _ _ _ _ 
      _ 5 4 4 4 _ 4 _ 
    _ _ _ _ _ _ _ _ _ 
  _ _ _ 3 5 5 2 _ _ _ 
  _ _ _ 5 _ _ 4 _ _   
_ _ 3 _ _ _ _ 4 4 4   
_ _ _ _ _ _ 2 4 4     
_ _ _ _ _ 3 _ 4       
_ _ _ _ _ _ 2         
  _ _ _ 4             
            _ _ _ _   
         _ 5 _ _ _ _ _ 
        _ 5 4 4 4 _ 4 _ 
       _ _ _ _ _ _ _ _ _ 
      _ _ _ 3 5 5 2 _ _ _ 
       _ _ _ 5 _ _ 4 _ _   
      _ _ 3 _ _ _ _ 4 4 4   
       _ _ _ _ _ _ 2 4 4     
        _ _ _ _ _ 3 _ 4       
         _ _ _ _ _ _ 2         
            _ _ _ 4             
starting iteration on above
I, player 2 did  S 2 11 M 3 16 which means 
            _ _ _ _   
        _ 5 _ _ _ _ _ 
      _ 5 4 4 4 _ 4 _ 
    _ _ _ _ _ _ _ _ _ 
  _ _ 3 5 5 5 2 _ _ _ 
  _ _ _ 5 _ _ 4 _ _   
_ _ 3 _ _ _ _ 4 4 4   
_ _ _ _ _ _ 2 4 4     
_ _ _ _ _ 3 _ 4       
_ _ _ _ _ _ 2         
  _ _ _ 4             
            _ _ _ _   
         _ 5 _ _ _ _ _ 
        _ 5 4 4 4 _ 4 _ 
       _ _ _ _ _ _ _ _ _ 
      _ _ 3 5 5 5 2 _ _ _ 
       _ _ _ 5 _ _ 4 _ _   
      _ _ 3 _ _ _ _ 4 4 4   
       _ _ _ _ _ _ 2 4 4     
        _ _ _ _ _ 3 _ 4       
         _ _ _ _ _ _ 2         
            _ _ _ 4             
