INITIAL MOVE: centre
Init move: 5 5
Moved self move
Opponent move done
INITIAL MOVE: rhombus
Init move: 6 3
Moved self move
Opponent move done
INITIAL MOVE: rhombus
Init move: 7 4
Moved self move
Opponent move done
INITIAL MOVE: block
Could not find a valid move for next ring, occupy corners
Init move: 1 1
Moved self move
Opponent move done
INITIAL MOVE: block
Could not find a valid move for next ring, occupy corners
Init move: 1 5
Moved self move
Opponent move done
Starting ID
best move at distance 1 is 0
best move at distance 2 is 0
best move at distance 3 is 0
best move at distance 4 is 0
best move at distance 5 is 0
Best Move at: 0
Moved self move
Opponent move done
Starting ID
best move at distance 1 is 0
best move at distance 2 is 0
best move at distance 3 is 0
best move at distance 4 is 0
best move at distance 5 is 0
Best Move at: 0
Moved self move
Opponent move done
Starting ID
best move at distance 1 is 0
best move at distance 2 is 10
best move at distance 3 is 2
best move at distance 4 is 2
best move at distance 5 is 0
Best Move at: 0
Moved self move
Opponent move done
Starting ID
best move at distance 1 is 0
best move at distance 2 is 1
best move at distance 3 is 3
best move at distance 4 is 1
best move at distance 5 is 3
Best Move at: 3
Moved self move
Opponent move done
Starting ID
best move at distance 1 is 0
best move at distance 2 is 17
best move at distance 3 is 0
best move at distance 4 is 0
best move at distance 5 is 1
Best Move at: 1
Moved self move
Opponent move done
Starting ID
best move at distance 1 is 0
best move at distance 2 is 1
best move at distance 3 is 5
best move at distance 4 is 1
best move at distance 5 is 1
Best Move at: 1
Moved self move
Opponent move done
Starting ID
best move at distance 1 is 0
best move at distance 2 is 1
best move at distance 3 is 4
best move at distance 4 is 0
best move at distance 5 is 0
Best Move at: 0
Moved self move
Opponent move done
Starting ID
best move at distance 1 is 0
best move at distance 2 is 0
best move at distance 3 is 0
best move at distance 4 is 3
best move at distance 5 is 0
Best Move at: 0
Moved self move
Opponent move done
Starting ID
best move at distance 1 is 0
best move at distance 2 is 0
best move at distance 3 is 0
best move at distance 4 is 1
best move at distance 5 is 0
Best Move at: 0
Moved self move
Opponent move done
Starting ID
best move at distance 1 is 0
best move at distance 2 is 16
best move at distance 3 is 2
best move at distance 4 is 5
best move at distance 5 is 2
Best Move at: 2
Moved self move
Opponent move done
Starting ID
best move at distance 1 is 0
best move at distance 2 is 0
best move at distance 3 is 1
best move at distance 4 is 0
best move at distance 5 is 3
Best Move at: 3
Moved self move
Opponent move done
Starting ID
best move at distance 1 is 0
best move at distance 2 is 1
best move at distance 3 is 14
best move at distance 4 is 14
best move at distance 5 is 14
Best Move at: 14
Moved self move
Opponent move done
Starting ID
best move at distance 1 is 0
best move at distance 2 is 11
best move at distance 3 is 11
best move at distance 4 is 9
best move at distance 5 is 1
Best Move at: 1
Moved self move
Opponent move done
Starting ID
best move at distance 1 is 0
best move at distance 2 is 6
best move at distance 3 is 6
best move at distance 4 is 12
best move at distance 5 is 8
Best Move at: 8
Moved self move
Opponent move done
Starting ID
best move at distance 1 is 0
best move at distance 2 is 0
best move at distance 3 is 0
best move at distance 4 is 0
best move at distance 5 is 0
Best Move at: 0
Moved self move
Opponent move done
Starting ID
best move at distance 1 is 0
best move at distance 2 is 8
best move at distance 3 is 3
best move at distance 4 is 5
best move at distance 5 is 0
Best Move at: 0
Moved self move
Opponent move done
Starting ID
best move at distance 1 is 0
best move at distance 2 is 0
best move at distance 3 is 0
best move at distance 4 is 0
best move at distance 5 is 5
Best Move at: 5
Moved self move
Opponent move done
Starting ID
best move at distance 1 is 0
best move at distance 2 is 0
best move at distance 3 is 0
best move at distance 4 is 1
best move at distance 5 is 1
Best Move at: 1
Moved self move
Opponent move done
Starting ID
best move at distance 1 is 0
best move at distance 2 is 5
best move at distance 3 is 5
best move at distance 4 is 5
best move at distance 5 is 5
Best Move at: 5
Moved self move
