***********************************

-> You are player 2
-> You are alloted a time of 120s

***********************************

Player 1 played : P 0 0
P 0 0 True
Time remaining is: 120s
You played : P 1 0
P 1 0 True
Player 1 played : P 1 2
P 1 2 True
Time remaining is: 120s
You played : P 1 1
P 1 1 True
Player 1 played : P 1 5
P 1 5 True
Time remaining is: 120s
You played : P 1 3
P 1 3 True
Player 1 played : P 2 4
P 2 4 True
Time remaining is: 120s
You played : P 1 4
P 1 4 True
Player 1 played : P 2 10
P 2 10 True
Time remaining is: 120s
You played : P 2 5
P 2 5 True
Player 1 played : S 2 10 M 3 16
S 2 10 True
M 3 16 True
Time remaining is: 120s
You played : S 2 5 M 3 8
S 2 5 True
M 3 8 True
Player 1 played : S 2 4 M 2 6
S 2 4 True
M 2 6 True
Time remaining is: 120s
You played : S 1 0 M 2 0
S 1 0 True
M 2 0 True
Player 1 played : S 1 5 M 2 1
S 1 5 True
M 2 1 True
Time remaining is: 120s
You played : S 1 4 M 2 8
S 1 4 True
M 2 8 True
Player 1 played : S 2 6 M 3 9
S 2 6 True
M 3 9 True
Time remaining is: 119s
You played : S 3 8 M 2 7
S 3 8 True
M 2 7 True
Player 1 played : S 3 9 M 3 7
S 3 9 True
M 3 7 True
Time remaining is: 118s
You played : S 2 7 M 3 10
S 2 7 True
M 3 10 True
Player 1 played : S 3 16 M 2 11
S 3 16 True
M 2 11 True
Time remaining is: 117s
You played : S 3 10 M 4 13
S 3 10 True
M 4 13 True
Player 1 played : S 2 1 M 4 6
S 2 1 True
M 4 6 True
Time remaining is: 116s
You played : S 4 13 M 5 16
S 4 13 True
M 5 16 True
Player 1 played : S 4 6 M 4 14
S 4 6 True
M 4 14 True
Time remaining is: 115s
You played : S 2 8 M 2 9
S 2 8 True
M 2 9 True
Player 1 played : S 4 14 M 4 12
S 4 14 True
M 4 12 True
Time remaining is: 115s
You played : S 5 16 M 5 17
S 5 16 True
M 5 17 True
Player 1 played : S 1 2 M 4 11
S 1 2 True
M 4 11 True
Time remaining is: 114s
You played : S 2 9 M 3 2
S 2 9 True
M 3 2 True
Player 1 played : S 0 0 M 3 6 RS 4 14 RE 2 4 X 3 7
S 0 0 True
M 3 6 True
RS 4 14 True
RE 2 4 True
X 3 7 True
Time remaining is: 114s
You played : S 3 2 M 2 3 RS 3 2 RE 2 9 X 1 1
S 3 2 True
M 2 3 True
RS 3 2 True
RE 2 9 True
X 1 1 True
Player 1 played : S 2 11 M 1 5
S 2 11 True
M 1 5 True
Time remaining is: 113s
You played : S 2 3 M 4 21
S 2 3 True
M 4 21 True
Player 1 played : S 4 12 M 5 14
S 4 12 True
M 5 14 True
Time remaining is: 113s
You played : S 4 21 M 5 26
S 4 21 True
M 5 26 True
Player 1 played : S 4 11 M 4 9
S 4 11 True
M 4 9 True
Time remaining is: 112s
You played : S 5 26 M 4 20
S 5 26 True
M 4 20 True
Player 1 played : S 1 5 M 3 17
S 1 5 True
M 3 17 True
Time remaining is: 111s
You played : S 4 20 M 2 4
S 4 20 True
M 2 4 True
Player 1 played : S 3 6 M 3 3
S 3 6 True
M 3 3 True
Time remaining is: 111s
You played : S 2 4 M 2 2
S 2 4 True
M 2 2 True
Player 1 played : S 3 17 M 3 10
S 3 17 True
M 3 10 True
Time remaining is: 110s
You played : S 2 0 M 1 0
S 2 0 True
M 1 0 True
Player 1 played : S 3 10 M 2 6 RS 4 13 RE 1 5 X 5 14
S 3 10 True
M 2 6 True
RS 4 13 True
RE 1 5 True
X 5 14 True
Time remaining is: 110s
You played : S 1 3 M 3 4
S 1 3 True
M 3 4 True
Player 1 played : S 4 9 M 5 12
S 4 9 True
M 5 12 True
Time remaining is: 109s
You played : S 5 17 M 3 7
S 5 17 True
M 3 7 True
Player 1 played : S 2 6 M 3 5
S 2 6 True
M 3 5 True
Time remaining is: 109s
You played : S 1 0 M 1 5 RS 5 26 RE 1 0 X 3 7
S 1 0 True
M 1 5 True
RS 5 26 True
RE 1 0 True
X 3 7 True
Player 1 played : S 5 12 M 4 10
S 5 12 True
M 4 10 True
Time remaining is: 109s
You played : S 1 5 M 4 23 RS 4 20 RE 0 0 X 2 2
S 1 5 True
M 4 23 True
RS 4 20 False
INVALID MOVE ON THIS CLIENT
