boardsizeHexagon is here for combined version :5
playernum:1
timeallowed:120

 num_markers:5

-----------removedRingsOpponent:4
-----------removedRingsmy:3
-----------removedRingsOpponent:3
-----------removedRingsmy:2
-----------removedRingsOpponent:2
-----------removedRingsmy:1
-----------removedRingsOpponent:1
-----------removedRingsmy:0
my--from_x:3 from_y:5 to_x:3 to_y:6
-----------removedRingsOpponent:0
-----------removedRingsmy:0
my--from_x:7 from_y:5 to_x:5 to_y:3
-----------removedRingsOpponent:0
-----------removedRingsmy:0
my--from_x:4 from_y:5 to_x:6 to_y:7
-----------removedRingsOpponent:0
-----------removedRingsmy:0
my--from_x:5 from_y:3 to_x:5 to_y:2
-----------removedRingsOpponent:0
-----------removedRingsmy:0
my--from_x:5 from_y:2 to_x:7 to_y:4
-----------removedRingsOpponent:0
-----------removedRingsmy:0
my--from_x:3 from_y:6 to_x:4 to_y:6
-----------removedRingsOpponent:0
-----------removedRingsmy:0
my--from_x:6 from_y:7 to_x:9 to_y:7
-----------removedRingsOpponent:0
-----------removedRingsmy:0
my--from_x:9 from_y:7 to_x:3 to_y:1
-----------removedRingsOpponent:0
-----------removedRingsmy:0
my--from_x:3 from_y:1 to_x:5 to_y:1
-----------removedRingsOpponent:0
-----------removedRingsmy:0
my--from_x:6 from_y:5 to_x:6 to_y:2
-----------removedRingsOpponent:0
-----------removedRingsmy:0
WORKING -------pushpam
my--from_x:5 from_y:5 to_x:8 to_y:5
-----------removedRingsOpponent:0
-----------removedRingsmy:1
my--from_x:4 from_y:6 to_x:4 to_y:5
-----------removedRingsOpponent:1
-----------removedRingsmy:1
my--from_x:5 from_y:1 to_x:6 to_y:1
-----------removedRingsOpponent:1
-----------removedRingsmy:1
my--from_x:6 from_y:2 to_x:8 to_y:4
-----------removedRingsOpponent:1
-----------removedRingsmy:1
my--from_x:4 from_y:5 to_x:4 to_y:7
-----------removedRingsOpponent:1
-----------removedRingsmy:1
my--from_x:8 from_y:5 to_x:8 to_y:8
-----------removedRingsOpponent:1
-----------removedRingsmy:1
my--from_x:4 from_y:7 to_x:4 to_y:2
-----------removedRingsOpponent:1
-----------removedRingsmy:1
WORKING -------pushpam
my--from_x:4 from_y:2 to_x:5 to_y:3
-----------removedRingsOpponent:1
-----------removedRingsmy:2
my--from_x:8 from_y:4 to_x:8 to_y:3
-----------removedRingsOpponent:1
-----------removedRingsmy:2
my--from_x:5 from_y:3 to_x:8 to_y:6
-----------removedRingsOpponent:1
-----------removedRingsmy:2
my--from_x:8 from_y:3 to_x:7 to_y:3
-----------removedRingsOpponent:2
-----------removedRingsmy:2
***********************************

-> You are player 1
-> You are alloted a time of 120s

***********************************

Time remaining is: 120s
You played : P 0 0
P 0 0 True
Player 2 played : P 1 0
P 1 0 True
Time remaining is: 120s
You played : P 1 2
P 1 2 True
Player 2 played : P 1 1
P 1 1 True
Time remaining is: 120s
You played : P 1 5
P 1 5 True
Player 2 played : P 1 3
P 1 3 True
Time remaining is: 120s
You played : P 2 4
P 2 4 True
Player 2 played : P 1 4
P 1 4 True
Time remaining is: 120s
You played : P 2 10
P 2 10 True
Player 2 played : P 2 5
P 2 5 True
Time remaining is: 120s
You played : S 2 10 M 3 16
S 2 10 True
M 3 16 True
Player 2 played : S 2 5 M 3 8
S 2 5 True
M 3 8 True
Time remaining is: 120s
You played : S 2 4 M 2 6
S 2 4 True
M 2 6 True
Player 2 played : S 1 0 M 2 0
S 1 0 True
M 2 0 True
Time remaining is: 120s
You played : S 1 5 M 2 1
S 1 5 True
M 2 1 True
Player 2 played : S 1 4 M 2 8
S 1 4 True
M 2 8 True
Time remaining is: 120s
You played : S 2 6 M 3 9
S 2 6 True
M 3 9 True
Player 2 played : S 3 8 M 2 7
S 3 8 True
M 2 7 True
Time remaining is: 120s
You played : S 3 9 M 3 7
S 3 9 True
M 3 7 True
Player 2 played : S 2 7 M 3 10
S 2 7 True
M 3 10 True
Time remaining is: 120s
You played : S 3 16 M 2 11
S 3 16 True
M 2 11 True
Player 2 played : S 3 10 M 4 13
S 3 10 True
M 4 13 True
Time remaining is: 120s
You played : S 2 1 M 4 6
S 2 1 True
M 4 6 True
Player 2 played : S 4 13 M 5 16
S 4 13 True
M 5 16 True
Time remaining is: 119s
You played : S 4 6 M 4 14
S 4 6 True
M 4 14 True
Player 2 played : S 2 8 M 2 9
S 2 8 True
M 2 9 True
Time remaining is: 118s
You played : S 4 14 M 4 12
S 4 14 True
M 4 12 True
Player 2 played : S 5 16 M 5 17
S 5 16 True
M 5 17 True
Time remaining is: 117s
You played : S 1 2 M 4 11
S 1 2 True
M 4 11 True
Player 2 played : S 2 9 M 3 2
S 2 9 True
M 3 2 True
Time remaining is: 117s
You played : S 0 0 M 3 6 RS 4 14 RE 2 4 X 3 7
S 0 0 True
M 3 6 True
RS 4 14 True
RE 2 4 True
X 3 7 True
Player 2 played : S 3 2 M 2 3 RS 3 2 RE 2 9 X 1 1
S 3 2 True
M 2 3 True
RS 3 2 True
RE 2 9 True
X 1 1 True
Time remaining is: 117s
You played : S 2 11 M 1 5
S 2 11 True
M 1 5 True
Player 2 played : S 2 3 M 4 21
S 2 3 True
M 4 21 True
Time remaining is: 116s
You played : S 4 12 M 5 14
S 4 12 True
M 5 14 True
Player 2 played : S 4 21 M 5 26
S 4 21 True
M 5 26 True
Time remaining is: 116s
You played : S 4 11 M 4 9
S 4 11 True
M 4 9 True
Player 2 played : S 5 26 M 4 20
S 5 26 True
M 4 20 True
Time remaining is: 115s
You played : S 1 5 M 3 17
S 1 5 True
M 3 17 True
Player 2 played : S 4 20 M 2 4
S 4 20 True
M 2 4 True
Time remaining is: 115s
You played : S 3 6 M 3 3
S 3 6 True
M 3 3 True
Player 2 played : S 2 4 M 2 2
S 2 4 True
M 2 2 True
Time remaining is: 115s
You played : S 3 17 M 3 10
S 3 17 True
M 3 10 True
Player 2 played : S 2 0 M 1 0
S 2 0 True
M 1 0 True
Time remaining is: 114s
You played : S 3 10 M 2 6 RS 4 13 RE 1 5 X 5 14
S 3 10 True
M 2 6 True
RS 4 13 True
RE 1 5 True
X 5 14 True
Player 2 played : S 1 3 M 3 4
S 1 3 True
M 3 4 True
Time remaining is: 114s
You played : S 4 9 M 5 12
S 4 9 True
M 5 12 True
Player 2 played : S 5 17 M 3 7
S 5 17 True
M 3 7 True
Time remaining is: 113s
You played : S 2 6 M 3 5
S 2 6 True
M 3 5 True
Player 2 played : S 1 0 M 1 5 RS 5 26 RE 1 0 X 3 7
S 1 0 True
M 1 5 True
RS 5 26 True
RE 1 0 True
X 3 7 True
Time remaining is: 113s
You played : S 5 12 M 4 10
S 5 12 True
M 4 10 True
ERROR : INVALID MOVE BY PLAYER 2 : Player 2 SCORE : 2.013 : Player 1 SCORE : 8.009 ,ON OTHER CLIENT
