***********************************

-> You are player 2
-> You are alloted a time of 120s

***********************************

Player 1 played : P 1 3
P 1 3 True
Time remaining is: 120s
You played : P 0 0
P 0 0 True
Player 1 played : P 1 2
P 1 2 True
Time remaining is: 120s
You played : P 1 0
P 1 0 True
Player 1 played : P 2 8
P 2 8 True
Time remaining is: 120s
You played : P 1 1
P 1 1 True
Player 1 played : P 1 5
P 1 5 True
Time remaining is: 120s
You played : P 1 4
P 1 4 True
Player 1 played : P 2 3
P 2 3 True
Time remaining is: 120s
You played : P 2 0
P 2 0 True
Player 1 played : S 2 3 M 3 5
S 2 3 True
M 3 5 True
Time remaining is: 120s
You played : S 2 3 M 5 6
S 2 3 False
INVALID MOVE ON THIS CLIENT
