61
Depth 2
Remaining Time 119.525635004
***********************************

-> You are player 1
-> You are alloted a time of 120s

***********************************

Time remaining is: 120s
You played : P 1 3
P 1 3 True
Player 2 played : P 0 0
P 0 0 True
Time remaining is: 120s
You played : P 1 2
P 1 2 True
Player 2 played : P 1 0
P 1 0 True
Time remaining is: 120s
You played : P 2 8
P 2 8 True
Player 2 played : P 1 1
P 1 1 True
Time remaining is: 120s
You played : P 1 5
P 1 5 True
Player 2 played : P 1 4
P 1 4 True
Time remaining is: 120s
You played : P 2 3
P 2 3 True
Player 2 played : P 2 0
P 2 0 True
Time remaining is: 120s
You played : S 2 3 M 3 5
S 2 3 True
M 3 5 True
ERROR : INVALID MOVE BY PLAYER 2 : Player 2 SCORE : 0.0 : Player 1 SCORE : 10.001 ,ON OTHER CLIENT
