***********************************

-> You are player 1
-> You are alloted a time of 120s

***********************************

Time remaining is: 120s
You played : P 1 5
P 1 5 True
Player 2 played : P 3 14
P 3 14 True
Time remaining is: 120s
You played : P 1 3
P 1 3 True
Player 2 played : P 4 5
P 4 5 True
Time remaining is: 120s
You played : P 5 18
P 5 18 True
Player 2 played : P 0 0
P 0 0 True
Time remaining is: 120s
You played : P 3 15
P 3 15 True
Player 2 played : P 5 21
P 5 21 True
Time remaining is: 120s
You played : P 4 17
P 4 17 True
Player 2 played : P 5 23
P 5 23 True
Time remaining is: 120s
You played : S 5 18 M 4 15
S 5 18 True
M 4 15 True
Player 2 played : S 3 14 M 4 18
S 3 14 True
M 4 18 True
Time remaining is: 119s
You played : S 3 15 M 4 21
S 3 15 True
M 4 21 True
Player 2 played : S 4 18 M 4 19
S 4 18 True
M 4 19 True
Time remaining is: 118s
You played : S 1 5 M 3 13
S 1 5 True
M 3 13 True
Player 2 played : S 0 0 M 2 10
S 0 0 True
M 2 10 True
Time remaining is: 116s
You played : S 4 21 M 4 20
S 4 21 True
M 4 20 True
Player 2 played : S 4 19 M 5 24
S 4 19 True
M 5 24 True
Time remaining is: 110s
You played : S 3 13 M 1 0
S 3 13 True
M 1 0 True
Player 2 played : S 4 5 M 5 28
S 4 5 True
M 5 28 True
Time remaining is: 109s
You played : S 4 15 M 3 12
S 4 15 True
M 3 12 True
Player 2 played : S 5 21 M 4 14
S 5 21 True
M 4 14 True
Time remaining is: 108s
You played : S 1 3 M 5 6
S 1 3 True
M 5 6 True
Player 2 played : S 4 14 M 5 17
S 4 14 True
M 5 17 True
Time remaining is: 108s
You played : S 3 12 M 3 11
S 3 12 True
M 3 11 True
Player 2 played : S 5 17 M 5 19
S 5 17 True
M 5 19 True
Time remaining is: 107s
You played : S 4 20 M 5 26
S 4 20 True
M 5 26 True
Player 2 played : S 5 24 M 4 22
S 5 24 True
M 4 22 True
Time remaining is: 107s
You played : S 5 26 M 3 16
S 5 26 True
M 3 16 True
Player 2 played : S 5 19 M 4 16
S 5 19 True
M 4 16 True
Time remaining is: 106s
You played : S 4 17 M 5 22
S 4 17 True
M 5 22 True
Player 2 played : S 4 16 M 2 8
S 4 16 True
M 2 8 True
Time remaining is: 106s
You played : S 1 0 M 2 0
S 1 0 True
M 2 0 True
Player 2 played : S 2 8 M 2 9
S 2 8 True
M 2 9 True
Time remaining is: 105s
You played : S 3 11 M 3 10
S 3 11 True
M 3 10 True
Player 2 played : S 5 23 M 2 7 RS 5 18 RE 3 14 X 2 10
S 5 23 True
M 2 7 True
RS 5 18 True
RE 3 14 True
X 2 10 True
Time remaining is: 105s
You played : S 2 0 M 2 1
S 2 0 True
M 2 1 True
Player 2 played : S 4 22 M 5 27
S 4 22 True
M 5 27 True
Time remaining is: 103s
You played : S 3 10 M 5 18
S 3 10 True
M 5 18 True
Player 2 played : S 5 27 M 3 14
S 5 27 True
M 3 14 True
Time remaining is: 103s
You played : S 5 18 M 5 16
S 5 18 True
M 5 16 True
Player 2 played : S 3 14 M 4 15
S 3 14 True
M 4 15 True
Time remaining is: 102s
You played : S 5 16 M 4 9
S 5 16 True
M 4 9 True
Player 2 played : S 4 15 M 4 13
S 4 15 True
M 4 13 True
Time remaining is: 102s
You played : S 3 16 M 3 17
S 3 16 True
M 3 17 True
Player 2 played : S 4 13 M 4 12 RS 4 13 RE 5 21 X 5 28
S 4 13 True
M 4 12 True
RS 4 13 True
RE 5 21 True
X 5 28 True
Time remaining is: 101s
You played : S 5 6 M 5 7
S 5 6 True
M 5 7 True
Player 2 played : S 2 9 M 2 10
S 2 9 True
M 2 10 True
Time remaining is: 100s
You played : S 4 9 M 3 6
S 4 9 True
M 3 6 True
Player 2 played : S 2 7 M 3 13
S 2 7 True
M 3 13 True
Time remaining is: 99s
You played : S 2 1 M 3 4
S 2 1 True
M 3 4 True
Player 2 played : S 3 13 M 3 2 RS 3 13 RE 5 27 X 4 12
S 3 13 True
M 3 2 True
RS 3 13 True
RE 5 27 True
X 4 12 True
OTHER PLAYER WINS!
Your Score : 0.015
Opponent's Score : 10.012
