***********************************

-> You are player 2
-> You are alloted a time of 120s

***********************************

Player 1 played : P 0 0
P 0 0 True
Time remaining is: 120s
You played : P 2 5
P 2 5 True
Player 1 played : P 1 0
P 1 0 True
Time remaining is: 120s
You played : P 1 5
P 1 5 True
Player 1 played : P 1 1
P 1 1 True
Time remaining is: 120s
You played : P 2 0
P 2 0 True
Player 1 played : P 1 2
P 1 2 True
Time remaining is: 120s
You played : P 5 28
P 5 28 True
Player 1 played : P 1 3
P 1 3 True
Time remaining is: 120s
You played : P 4 15
P 4 15 True
Player 1 played : S 0 0 M 1 4
S 0 0 True
M 1 4 True
Time remaining is: 120s
You played : S 4 15 M 5 19
S 4 15 True
M 5 19 True
Player 1 played : S 1 1 M 2 3
S 1 1 True
M 2 3 True
Time remaining is: 120s
You played : S 5 19 M 5 26
S 5 19 True
M 5 26 True
Player 1 played : S 1 3 M 2 7
S 1 3 True
M 2 7 True
Time remaining is: 120s
You played : S 5 26 M 5 27
S 5 26 True
M 5 27 True
Player 1 played : S 2 3 M 2 2
S 2 3 True
M 2 2 True
Time remaining is: 120s
You played : S 5 27 M 3 12
S 5 27 True
M 3 12 True
Player 1 played : S 2 7 M 2 8
S 2 7 True
M 2 8 True
Time remaining is: 120s
You played : S 3 12 M 4 16
S 3 12 True
M 4 16 True
Player 1 played : S 2 8 M 3 11
S 2 8 True
M 3 11 True
Time remaining is: 120s
You played : S 4 16 M 4 20
S 4 16 True
M 4 20 True
Player 1 played : S 2 2 M 3 4
S 2 2 True
M 3 4 True
Time remaining is: 119s
You played : S 5 28 M 2 9
S 5 28 True
M 2 9 True
Player 1 played : S 1 4 M 3 10 RS 2 2 RE 2 8 X 3 11
S 1 4 True
M 3 10 True
RS 2 2 True
RE 2 8 True
X 3 11 True
Time remaining is: 118s
You played : S 2 5 M 1 4
S 2 5 True
M 1 4 True
Player 1 played : S 1 2 M 3 11
S 1 2 True
M 3 11 True
Time remaining is: 112s
You played : S 1 5 M 2 4
S 1 5 True
M 2 4 True
Player 1 played : S 1 0 M 0 0
S 1 0 True
M 0 0 True
Time remaining is: 112s
You played : S 4 20 M 5 24
S 4 20 True
M 5 24 True
Player 1 played : S 3 4 M 2 1
S 3 4 True
M 2 1 True
Time remaining is: 112s
You played : S 2 4 M 2 2
S 2 4 True
M 2 2 True
Player 1 played : S 3 10 M 2 6
S 3 10 True
M 2 6 True
Time remaining is: 111s
You played : S 2 9 M 2 8
S 2 9 True
M 2 8 True
Player 1 played : S 2 6 M 3 5
S 2 6 True
M 3 5 True
Time remaining is: 110s
You played : S 2 8 M 3 8
S 2 8 True
M 3 8 True
Player 1 played : S 3 5 M 4 6
S 3 5 True
M 4 6 True
Time remaining is: 110s
You played : S 3 8 M 3 9
S 3 8 True
M 3 9 True
Player 1 played : S 2 1 M 3 13
S 2 1 True
M 3 13 True
Time remaining is: 108s
You played : S 1 4 M 4 13
S 1 4 True
M 4 13 True
Player 1 played : S 3 13 M 4 10
S 3 13 True
M 4 10 True
Time remaining is: 108s
You played : S 2 2 M 3 7
S 2 2 True
M 3 7 True
Player 1 played : S 3 11 M 4 5 RS 3 8 RE 3 13 X 4 6
S 3 11 True
M 4 5 True
RS 3 8 True
RE 3 13 True
X 4 6 True
Time remaining is: 107s
You played : S 3 9 M 4 12
S 3 9 True
M 4 12 True
Player 1 played : S 4 5 M 2 7
S 4 5 True
M 2 7 True
Time remaining is: 106s
You played : S 2 0 M 4 6
S 2 0 True
M 4 6 True
Player 1 played : S 0 0 M 3 0
S 0 0 True
M 3 0 True
Time remaining is: 106s
You played : S 4 6 M 3 17
S 4 6 True
M 3 17 True
Player 1 played : S 4 10 M 3 8
S 4 10 True
M 3 8 True
Time remaining is: 106s
You played : S 4 12 M 5 16
S 4 12 True
M 5 16 True
Player 1 played : S 3 8 M 1 1 RS 4 5 RE 1 3 X 2 7
S 3 8 True
M 1 1 True
RS 4 5 True
RE 1 3 True
X 2 7 True
OTHER PLAYER WINS!
Your Score : 0.017
Opponent's Score : 10.009
