***********************************

-> You are player 1
-> You are alloted a time of 120s

***********************************

Time remaining is: 120s
You played : P 2 0
P 2 0 True
Player 2 played : P 2 6
P 2 6 True
Time remaining is: 120s
You played : P 1 5
P 1 5 True
Player 2 played : P 1 0
P 1 0 True
Time remaining is: 120s
You played : P 3 8
P 3 8 True
Player 2 played : P 1 2
P 1 2 True
Time remaining is: 120s
You played : P 2 3
P 2 3 True
Player 2 played : P 3 2
P 3 2 True
Time remaining is: 120s
You played : P 4 9
P 4 9 True
Player 2 played : P 1 1
P 1 1 True
Time remaining is: 120s
You played : S 4 9 M 4 8
S 4 9 True
M 4 8 True
Player 2 played : S 1 1 M 1 4
S 1 1 True
M 1 4 True
Time remaining is: 120s
You played : S 4 8 M 3 6
S 4 8 True
M 3 6 True
Player 2 played : S 1 4 M 0 0
S 1 4 True
M 0 0 True
Time remaining is: 120s
You played : S 3 6 M 3 7
S 3 6 True
M 3 7 True
Player 2 played : S 1 2 M 2 5
S 1 2 True
M 2 5 True
Time remaining is: 120s
You played : S 2 3 M 3 5
S 2 3 True
M 3 5 True
Player 2 played : S 2 5 M 1 3
S 2 5 True
M 1 3 True
Time remaining is: 119s
You played : S 3 5 M 5 9
S 3 5 True
M 5 9 True
Player 2 played : S 3 2 M 2 1
S 3 2 True
M 2 1 True
Time remaining is: 117s
You played : S 5 9 M 4 7
S 5 9 True
M 4 7 True
Player 2 played : S 2 1 M 3 1
S 2 1 True
M 3 1 True
Time remaining is: 116s
You played : S 2 0 M 2 2
S 2 0 True
M 2 2 True
Player 2 played : S 3 1 M 4 1
S 3 1 True
M 4 1 True
Time remaining is: 116s
You played : S 4 7 M 4 4
S 4 7 True
M 4 4 True
Player 2 played : S 1 0 M 4 3 RS 2 5 RE 3 1 X 0 0
S 1 0 True
M 4 3 True
RS 2 5 True
RE 3 1 True
X 0 0 True
Time remaining is: 116s
You played : S 1 5 M 2 4
S 1 5 True
M 2 4 True
Player 2 played : S 4 3 M 5 12
S 4 3 True
M 5 12 True
Time remaining is: 114s
You played : S 2 2 M 3 4
S 2 2 True
M 3 4 True
Player 2 played : S 1 3 M 0 0
S 1 3 True
M 0 0 True
Time remaining is: 113s
You played : S 3 7 M 5 11
S 3 7 True
M 5 11 True
Player 2 played : S 0 0 M 3 3
S 0 0 True
M 3 3 True
Time remaining is: 112s
You played : S 2 4 M 2 5
S 2 4 True
M 2 5 True
Player 2 played : S 3 3 M 3 1
S 3 3 True
M 3 1 True
Time remaining is: 111s
You played : S 4 4 M 1 1
S 4 4 True
M 1 1 True
Player 2 played : S 3 1 M 2 1
S 3 1 True
M 2 1 True
Time remaining is: 110s
You played : S 2 5 M 2 9 RS 1 4 RE 4 9 X 3 8
S 2 5 True
M 2 9 True
RS 1 4 True
RE 4 9 True
X 3 8 True
Player 2 played : S 4 1 M 4 19
S 4 1 True
M 4 19 True
Time remaining is: 110s
You played : S 5 11 M 1 3
S 5 11 True
M 1 3 True
Player 2 played : S 2 1 M 3 17
S 2 1 True
M 3 17 True
Time remaining is: 109s
You played : S 1 3 M 3 0
S 1 3 True
M 3 0 True
Player 2 played : S 5 12 M 4 9
S 5 12 True
M 4 9 True
Time remaining is: 107s
You played : S 2 9 M 2 5
S 2 9 True
M 2 5 True
Player 2 played : S 4 9 M 3 7
S 4 9 True
M 3 7 True
Time remaining is: 105s
You played : S 1 1 M 5 1 RS 0 0 RE 4 4 X 3 4
S 1 1 True
M 5 1 True
RS 0 0 True
RE 4 4 True
X 3 4 True
Player 2 played : S 3 17 M 2 2
S 3 17 True
M 2 2 True
Time remaining is: 105s
You played : S 5 1 M 1 1
S 5 1 True
M 1 1 True
Player 2 played : S 2 2 M 4 22
S 2 2 True
M 4 22 True
Time remaining is: 104s
You played : S 1 1 M 1 2
S 1 1 True
M 1 2 True
Player 2 played : S 3 7 M 4 2
S 3 7 True
M 4 2 True
Time remaining is: 103s
You played : S 2 5 M 4 6
S 2 5 True
M 4 6 True
Player 2 played : S 2 6 M 3 8
S 2 6 True
M 3 8 True
Time remaining is: 103s
You played : S 1 2 M 3 4 RS 1 0 RE 4 7 X 3 0
S 1 2 True
M 3 4 True
RS 1 0 True
RE 4 7 True
X 3 0 True
YOU WIN!
Your Score : 9.013
Opponent's Score : 1.01
