****************Depth is now 4
****************Depth is now 5
***********************************

-> You are player 1
-> You are alloted a time of 120s

***********************************

Time remaining is: 120s
You played : P 3 6
P 3 6 True
Player 2 played : P 0 0
P 0 0 True
Time remaining is: 120s
You played : P 1 5
P 1 5 True
Player 2 played : P 5 21
P 5 21 True
Time remaining is: 120s
You played : P 1 1
P 1 1 True
Player 2 played : P 4 16
P 4 16 True
Time remaining is: 120s
You played : P 5 24
P 5 24 True
Player 2 played : P 2 11
P 2 11 True
Time remaining is: 120s
You played : P 4 12
P 4 12 True
Player 2 played : P 2 3
P 2 3 True
Time remaining is: 120s
You played : S 3 6 M 2 4
S 3 6 True
M 2 4 True
Player 2 played : S 5 21 M 5 22
S 5 21 True
M 5 22 True
Time remaining is: 120s
You played : S 2 4 M 1 2
S 2 4 True
M 1 2 True
Player 2 played : S 5 22 M 5 23
S 5 22 True
M 5 23 True
Time remaining is: 119s
You played : S 1 1 M 4 1
S 1 1 True
M 4 1 True
Player 2 played : S 5 23 M 4 19
S 5 23 True
M 4 19 True
Time remaining is: 118s
You played : S 4 1 M 3 15
S 4 1 True
M 3 15 True
Player 2 played : S 2 3 M 3 7
S 2 3 True
M 3 7 True
Time remaining is: 118s
You played : S 1 5 M 1 0
S 1 5 True
M 1 0 True
Player 2 played : S 4 19 M 2 5
S 4 19 True
M 2 5 True
Time remaining is: 117s
You played : S 1 0 M 2 9
S 1 0 True
M 2 9 True
Player 2 played : S 3 7 M 4 10
S 3 7 True
M 4 10 True
Time remaining is: 117s
You played : S 2 9 M 1 4
S 2 9 True
M 1 4 True
Player 2 played : S 0 0 M 2 0
S 0 0 True
M 2 0 True
Time remaining is: 116s
You played : S 1 2 M 2 10
S 1 2 True
M 2 10 True
Player 2 played : S 4 10 M 4 11
S 4 10 True
M 4 11 True
Time remaining is: 116s
You played : S 3 15 M 5 2
S 3 15 True
M 5 2 True
Player 2 played : S 2 5 M 2 1
S 2 5 True
M 2 1 True
Time remaining is: 115s
You played : S 5 2 M 5 13
S 5 2 True
M 5 13 True
Player 2 played : S 4 11 M 4 9
S 4 11 True
M 4 9 True
Time remaining is: 115s
You played : S 5 13 M 5 12
S 5 13 True
M 5 12 True
Player 2 played : S 2 11 M 3 5
S 2 11 True
M 3 5 True
Time remaining is: 115s
You played : S 5 12 M 3 8
S 5 12 True
M 3 8 True
Player 2 played : S 4 9 M 1 3
S 4 9 True
M 1 3 True
Time remaining is: 112s
You played : S 3 8 M 2 6
S 3 8 True
M 2 6 True
Player 2 played : S 4 16 M 2 8
S 4 16 True
M 2 8 True
Time remaining is: 108s
You played : S 2 6 M 3 10
S 2 6 True
M 3 10 True
Player 2 played : S 1 3 M 3 9
S 1 3 True
M 3 9 True
Time remaining is: 106s
You played : S 1 4 M 2 7
S 1 4 True
M 2 7 True
Player 2 played : S 2 8 M 2 2
S 2 8 True
M 2 2 True
Time remaining is: 103s
You played : S 2 7 M 3 17
S 2 7 True
M 3 17 True
Player 2 played : S 2 1 M 3 13
S 2 1 True
M 3 13 True
Time remaining is: 101s
You played : S 3 10 M 3 11 RS 3 10 RE 2 11 X 4 12
S 3 10 True
M 3 11 True
RS 3 10 True
RE 2 11 True
X 4 12 True
Player 2 played : S 2 0 M 3 1 RS 2 6 RE 2 0 X 3 13
S 2 0 True
M 3 1 True
RS 2 6 True
RE 2 0 True
X 3 13 True
Time remaining is: 85s
You played : S 3 11 M 3 4
S 3 11 True
M 3 4 True
Player 2 played : S 3 9 M 0 0
S 3 9 True
M 0 0 True
Time remaining is: 83s
You played : S 3 17 M 4 13
S 3 17 True
M 4 13 True
Player 2 played : S 3 5 M 4 7
S 3 5 True
M 4 7 True
Time remaining is: 79s
You played : S 4 13 M 5 14
S 4 13 True
M 5 14 True
Player 2 played : S 0 0 M 4 8
S 0 0 True
M 4 8 True
Time remaining is: 76s
You played : S 3 4 M 1 3
S 3 4 True
M 1 3 True
Player 2 played : S 3 1 M 2 11
S 3 1 True
M 2 11 True
Time remaining is: 75s
You played : S 5 14 M 4 12
S 5 14 True
M 4 12 True
Player 2 played : S 2 11 M 1 0
S 2 11 True
M 1 0 True
Time remaining is: 73s
You played : S 1 3 M 2 6
S 1 3 True
M 2 6 True
Player 2 played : S 1 0 M 2 0 RS 2 11 RE 3 5 X 4 7
S 1 0 True
M 2 0 True
RS 2 11 True
RE 3 5 True
X 4 7 True
Time remaining is: 72s
You played : S 2 6 M 2 7
S 2 6 True
M 2 7 True
Player 2 played : S 2 2 M 4 6
S 2 2 True
M 4 6 True
Time remaining is: 71s
You played : S 2 7 M 3 13 RS 2 8 RE 4 10 X 4 12
S 2 7 True
M 3 13 True
RS 2 8 True
RE 4 10 True
X 4 12 True
Player 2 played : S 2 0 M 4 22 RS 3 17 RE 3 4 X 4 22
S 2 0 True
M 4 22 True
RS 3 17 True
RE 3 4 True
X 4 22 True
OTHER PLAYER WINS!
Your Score : 2.01
Opponent's Score : 8.015
