-----------------------------My Move P 5 24
  
            .     .              
         .     .     .           
      .     .     .     .        
   .     .     .     .     .     
      .     .     .     .        
   .     .     .     .     .     
0     .     .     .     .     .  
   .     .     .     .     .     
.     .     .     .     .     .  
   .     .     .     .     .     
.     .     .     .     .     .  
   .     .     .     .     .     
.     .     .     .     .     .  
   .     .     .     .     .     
      .     .     .     .        
   .     .     .     .     .     
      .     .     .     .        
         .     .     .           
            .     .              
-----------------------------Opp Move P 2 1
0:0 1:3 2:0 3:0 4:0 5:0 6:3 7:0 8:0 9:0 10:0 0:0 1:3 2:0 3:0 4:0 5:0 6:3 7:0 8:0 9:0 10:0   
            .     .              
         .     .     .           
      .     .     .     .        
   .     .     .     .     .     
      .     .     .     .        
   .     .     .     .     .     
0     .     .     #     .     .  
   .     .     .     .     .     
.     .     .     .     .     .  
   .     .     .     .     .     
.     .     .     .     .     .  
   .     .     .     .     .     
.     .     .     .     .     .  
   .     .     .     .     .     
      .     .     .     .        
   .     .     .     .     .     
      .     .     .     .        
         .     .     .           
            .     .              
-----------------------------My Move P 5 23
  
            .     .              
         .     .     .           
      .     .     .     .        
   .     .     .     .     .     
      .     .     .     .        
   .     .     .     .     .     
0     .     .     #     .     .  
   .     .     .     .     .     
0     .     .     .     .     .  
   .     .     .     .     .     
.     .     .     .     .     .  
   .     .     .     .     .     
.     .     .     .     .     .  
   .     .     .     .     .     
      .     .     .     .        
   .     .     .     .     .     
      .     .     .     .        
         .     .     .           
            .     .              
-----------------------------Opp Move P 2 6
0:0 1:5 2:1 3:0 4:0 5:0 6:5 7:1 8:0 9:0 10:0 0:0 1:6 2:0 3:0 4:0 5:0 6:6 7:0 8:0 9:0 10:0   
            .     .              
         .     .     .           
      .     .     .     .        
   .     .     .     .     .     
      .     .     .     .        
   .     .     .     .     .     
0     .     .     #     .     .  
   .     .     .     .     .     
0     .     .     .     .     .  
   .     .     .     .     .     
.     .     .     .     .     .  
   .     .     .     .     .     
.     .     .     .     .     .  
   .     .     #     .     .     
      .     .     .     .        
   .     .     .     .     .     
      .     .     .     .        
         .     .     .           
            .     .              
-----------------------------My Move P 5 22
  
            .     .              
         .     .     .           
      .     .     .     .        
   .     .     .     .     .     
      .     .     .     .        
   .     .     .     .     .     
0     .     .     #     .     .  
   .     .     .     .     .     
0     .     .     .     .     .  
   .     .     .     .     .     
0     .     .     .     .     .  
   .     .     .     .     .     
.     .     .     .     .     .  
   .     .     #     .     .     
      .     .     .     .        
   .     .     .     .     .     
      .     .     .     .        
         .     .     .           
            .     .              
-----------------------------Opp Move P 4 13
0:0 1:7 2:1 3:1 4:0 5:0 6:7 7:1 8:1 9:0 10:0 0:0 1:9 2:0 3:0 4:0 5:0 6:9 7:0 8:0 9:0 10:0   
            .     .              
         .     .     .           
      .     .     .     .        
   .     .     .     .     .     
      .     .     .     .        
   .     .     .     .     .     
0     .     .     #     .     .  
   .     .     .     .     .     
0     .     .     .     .     .  
   .     .     .     .     .     
0     .     .     .     .     .  
   .     .     .     .     .     
.     .     .     .     .     .  
   .     .     #     .     .     
      .     .     .     .        
   .     .     .     .     .     
      .     #     .     .        
         .     .     .           
            .     .              
-----------------------------My Move P 5 21
  
            .     .              
         .     .     .           
      .     .     .     .        
   .     .     .     .     .     
      .     .     .     .        
   .     .     .     .     .     
0     .     .     #     .     .  
   .     .     .     .     .     
0     .     .     .     .     .  
   .     .     .     .     .     
0     .     .     .     .     .  
   .     .     .     .     .     
0     .     .     .     .     .  
   .     .     #     .     .     
      .     .     .     .        
   .     .     .     .     .     
      .     #     .     .        
         .     .     .           
            .     .              
-----------------------------Opp Move P 1 5
0:0 1:9 2:1 3:1 4:1 5:0 6:9 7:1 8:1 9:1 10:0 0:0 1:12 2:0 3:0 4:0 5:0 6:12 7:0 8:0 9:0 10:0   
            .     .              
         .     .     .           
      .     .     .     .        
   .     .     .     .     .     
      .     .     .     .        
   .     .     .     .     .     
0     .     .     #     .     .  
   .     .     .     .     .     
0     .     #     .     .     .  
   .     .     .     .     .     
0     .     .     .     .     .  
   .     .     .     .     .     
0     .     .     .     .     .  
   .     .     #     .     .     
      .     .     .     .        
   .     .     .     .     .     
      .     #     .     .        
         .     .     .           
            .     .              
-----------------------------My Move P 5 26
  
            .     .              
         .     .     .           
      .     .     .     .        
   0     .     .     .     .     
      .     .     .     .        
   .     .     .     .     .     
0     .     .     #     .     .  
   .     .     .     .     .     
0     .     #     .     .     .  
   .     .     .     .     .     
0     .     .     .     .     .  
   .     .     .     .     .     
0     .     .     .     .     .  
   .     .     #     .     .     
      .     .     .     .        
   .     .     .     .     .     
      .     #     .     .        
         .     .     .           
            .     .              
-----------------------------Opp Move P 5 18
0:0 1:12 2:1 3:1 4:1 5:0 6:12 7:1 8:1 9:1 10:0 0:0 1:15 2:0 3:0 4:0 5:0 6:15 7:0 8:0 9:0 10:0   
            .     .              
         .     .     .           
      .     .     .     .        
   0     .     .     .     .     
      .     .     .     .        
   .     .     .     .     .     
0     .     .     #     .     .  
   .     .     .     .     .     
0     .     #     .     .     .  
   .     .     .     .     .     
0     .     .     .     .     .  
   .     .     .     .     .     
0     .     .     .     .     .  
   .     .     #     .     .     
      .     .     .     .        
   .     .     .     .     .     
      #     #     .     .        
         .     .     .           
            .     .              
-----------------------Eval=1030
my ring out0
opp ring out0
-----------------------------My Move S 5 24 M 4 20
  
            .     .              
         .     .     .           
      .     .     .     .        
   0     .     .     .     .     
      .     .     .     .        
   0     .     .     .     .     
o     .     .     #     .     .  
   .     .     .     .     .     
0     .     #     .     .     .  
   .     .     .     .     .     
0     .     .     .     .     .  
   .     .     .     .     .     
0     .     .     .     .     .  
   .     .     #     .     .     
      .     .     .     .        
   .     .     .     .     .     
      #     #     .     .        
         .     .     .           
            .     .              
-----------------------------Opp Move S 2 1 M 1 0
0:0 1:13 2:3 3:1 4:1 5:0 6:11 7:3 8:1 9:0 10:0 0:0 1:16 2:1 3:1 4:0 5:0 6:14 7:1 8:0 9:0 10:0   
            .     .              
         .     .     .           
      .     .     .     .        
   0     .     .     .     .     
      .     .     .     .        
   0     .     .     .     .     
o     .     .     x     .     .  
   .     .     #     .     .     
0     .     #     .     .     .  
   .     .     .     .     .     
0     .     .     .     .     .  
   .     .     .     .     .     
0     .     .     .     .     .  
   .     .     #     .     .     
      .     .     .     .        
   .     .     .     .     .     
      #     #     .     .        
         .     .     .           
            .     .              
-----------------------Eval=1071
my ring out0
opp ring out0
-----------------------------My Move S 5 23 M 4 19
  
            .     .              
         .     .     .           
      .     .     .     .        
   0     .     .     .     .     
      .     .     .     .        
   0     .     .     .     .     
o     .     .     x     .     .  
   0     .     #     .     .     
o     .     #     .     .     .  
   .     .     .     .     .     
0     .     .     .     .     .  
   .     .     .     .     .     
0     .     .     .     .     .  
   .     .     #     .     .     
      .     .     .     .        
   .     .     .     .     .     
      #     #     .     .        
         .     .     .           
            .     .              
-----------------------------Opp Move S 1 0 M 2 11
0:0 1:13 2:5 3:2 4:1 5:0 6:9 7:5 8:1 9:0 10:0 0:0 1:17 2:3 3:1 4:0 5:0 6:14 7:1 8:0 9:0 10:0   
            .     .              
         .     .     .           
      .     .     .     .        
   0     .     .     .     .     
      .     .     .     .        
   0     .     .     .     .     
o     .     #     x     .     .  
   0     .     x     .     .     
o     .     #     .     .     .  
   .     .     .     .     .     
0     .     .     .     .     .  
   .     .     .     .     .     
0     .     .     .     .     .  
   .     .     #     .     .     
      .     .     .     .        
   .     .     .     .     .     
      #     #     .     .        
         .     .     .           
            .     .              
-----------------------Eval=2053
my ring out0
opp ring out0
-----------------------------My Move S 4 19 M 4 18
  
            .     .              
         .     .     .           
      .     .     .     .        
   0     .     .     .     .     
      .     .     .     .        
   0     .     .     .     .     
o     .     #     x     .     .  
   o     .     x     .     .     
o     .     #     .     .     .  
   0     .     .     .     .     
0     .     .     .     .     .  
   .     .     .     .     .     
0     .     .     .     .     .  
   .     .     #     .     .     
      .     .     .     .        
   .     .     .     .     .     
      #     #     .     .        
         .     .     .           
            .     .              
-----------------------------Opp Move S 2 6 M 0 0
0:0 1:13 2:7 3:2 4:2 5:0 6:9 7:4 8:1 9:1 10:0 0:0 1:18 2:5 3:1 4:0 5:0 6:13 7:2 8:0 9:0 10:0   
            .     .              
         .     .     .           
      .     .     .     .        
   0     .     .     .     .     
      .     .     .     .        
   0     .     .     .     .     
o     .     #     x     .     .  
   o     .     x     .     .     
o     .     #     .     .     .  
   0     .     #     .     .     
0     .     .     .     .     .  
   .     .     .     .     .     
0     .     .     .     .     .  
   .     .     x     .     .     
      .     .     .     .        
   .     .     .     .     .     
      #     #     .     .        
         .     .     .           
            .     .              
-----------------------Eval=26020
my ring out0
opp ring out0
-----------------------------My Move S 4 18 M 4 17
  
            .     .              
         .     .     .           
      .     .     .     .        
   0     .     .     .     .     
      .     .     .     .        
   0     .     .     .     .     
o     .     #     x     .     .  
   o     .     x     .     .     
o     .     #     .     .     .  
   o     .     #     .     .     
0     .     .     .     .     .  
   0     .     .     .     .     
0     .     .     .     .     .  
   .     .     x     .     .     
      .     .     .     .        
   .     .     .     .     .     
      #     #     .     .        
         .     .     .           
            .     .              
-----------------------------Opp Move S 4 13 M 4 16
0:0 1:13 2:9 3:2 4:2 5:1 6:9 7:4 8:0 9:1 10:1 0:0 1:21 2:5 3:1 4:0 5:0 6:13 7:2 8:0 9:0 10:0   
            .     .              
         .     .     .           
      .     .     .     .        
   0     .     .     .     .     
      .     .     .     .        
   0     .     .     .     .     
o     .     #     x     .     .  
   o     .     x     .     .     
o     .     #     .     .     .  
   o     .     #     .     .     
0     .     .     .     .     .  
   0     .     .     .     .     
0     .     .     .     .     .  
   #     .     x     .     .     
      .     .     .     .        
   .     .     .     .     .     
      #     x     .     .        
         .     .     .           
            .     .              
-----------------------Eval=26537
my ring out0
opp ring out0
-----------------------------My Move S 5 26 M 3 16
  
            .     .              
         .     .     .           
      .     .     .     .        
   o     .     .     .     .     
      .     .     .     .        
   0     0     .     .     .     
o     .     #     x     .     .  
   o     .     x     .     .     
o     .     #     .     .     .  
   o     .     #     .     .     
0     .     .     .     .     .  
   0     .     .     .     .     
0     .     .     .     .     .  
   #     .     x     .     .     
      .     .     .     .        
   .     .     .     .     .     
      #     x     .     .        
         .     .     .           
            .     .              
-----------------------------Opp Move S 1 5 M 3 13
0:0 1:16 2:9 3:2 4:2 5:1 6:10 7:4 8:0 9:1 10:0 0:0 1:24 2:5 3:1 4:0 5:0 6:13 7:2 8:0 9:0 10:0   
            .     .              
         .     .     .           
      .     .     .     .        
   o     .     .     .     .     
      .     .     .     .        
   0     0     .     .     .     
o     .     #     x     .     .  
   o     .     x     .     .     
o     .     x     .     .     .  
   o     .     #     .     .     
0     #     .     .     .     .  
   0     .     .     .     .     
0     .     .     .     .     .  
   #     .     x     .     .     
      .     .     .     .        
   .     .     .     .     .     
      #     x     .     .        
         .     .     .           
            .     .              
-----------------------Eval=174979
my ring out0
opp ring out0
-----------------------------My Move S 4 17 M 3 12
  
            .     .              
         .     .     .           
      .     .     .     .        
   o     .     .     .     .     
      .     .     .     .        
   0     0     .     .     .     
o     .     #     x     .     .  
   o     .     x     .     .     
o     .     x     .     .     .  
   o     .     #     .     .     
0     #     .     .     .     .  
   o     .     .     .     .     
0     0     .     .     .     .  
   #     .     x     .     .     
      .     .     .     .        
   .     .     .     .     .     
      #     x     .     .        
         .     .     .           
            .     .              
-----------------------------Opp Move S 3 13 M 2 9
0:0 1:18 2:9 3:3 4:2 5:1 6:11 7:2 8:1 9:1 10:0 0:0 1:25 2:5 3:1 4:1 5:1 6:12 7:3 8:0 9:0 10:0   
            .     .              
         .     .     .           
      .     .     .     .        
   o     .     .     .     .     
      .     .     .     .        
   0     0     .     .     .     
o     .     #     x     .     .  
   o     .     x     .     .     
o     .     x     .     .     .  
   o     #     #     .     .     
0     x     .     .     .     .  
   o     .     .     .     .     
0     0     .     .     .     .  
   #     .     x     .     .     
      .     .     .     .        
   .     .     .     .     .     
      #     x     .     .        
         .     .     .           
            .     .              
-----------------------Eval=199487
my ring out0
opp ring out0
-----------------------------My Move S 3 12 M 3 14
  
            .     .              
         .     .     .           
      .     .     .     .        
   o     .     .     .     .     
      .     .     .     .        
   0     0     .     .     .     
o     .     #     x     .     .  
   o     .     x     .     .     
o     0     x     .     .     .  
   o     #     #     .     .     
0     o     .     .     .     .  
   o     .     .     .     .     
0     o     .     .     .     .  
   #     .     x     .     .     
      .     .     .     .        
   .     .     .     .     .     
      #     x     .     .        
         .     .     .           
            .     .              
-----------------------------Opp Move S 0 0 M 1 2
0:0 1:18 2:10 3:8 4:2 5:1 6:9 7:2 8:3 9:1 10:0 0:0 1:25 2:5 3:2 4:1 5:0 6:13 7:1 8:1 9:0 10:0   
            .     .              
         .     .     .           
      .     .     .     .        
   o     .     .     .     .     
      .     .     .     .        
   0     0     .     .     .     
o     .     #     x     .     .  
   o     .     x     .     .     
o     0     x     .     .     .  
   o     #     x     .     .     
0     o     .     #     .     .  
   o     .     .     .     .     
0     o     .     .     .     .  
   #     .     x     .     .     
      .     .     .     .        
   .     .     .     .     .     
      #     x     .     .        
         .     .     .           
            .     .              
-----------------------Eval=200450
my ring out0
opp ring out0
-----------------------------My Move S 3 14 M 3 15
  
            .     .              
         .     .     .           
      .     .     .     .        
   o     .     .     .     .     
      .     .     .     .        
   0     0     .     .     .     
o     0     #     x     .     .  
   o     .     x     .     .     
o     o     x     .     .     .  
   o     #     x     .     .     
0     o     .     #     .     .  
   o     .     .     .     .     
0     o     .     .     .     .  
   #     .     x     .     .     
      .     .     .     .        
   .     .     .     .     .     
      #     x     .     .        
         .     .     .           
            .     .              
-----------------------------Opp Move S 1 2 M 2 4
0:0 1:17 2:11 3:9 4:4 5:1 6:8 7:3 8:1 9:3 10:0 0:0 1:27 2:5 3:2 4:2 5:0 6:13 7:1 8:0 9:1 10:0   
            .     .              
         .     .     .           
      .     .     .     .        
   o     .     .     .     .     
      .     .     .     .        
   0     0     .     .     .     
o     0     #     x     .     .  
   o     .     x     .     .     
o     o     x     .     .     .  
   o     #     x     .     .     
0     o     .     x     .     .  
   o     .     .     #     .     
0     o     .     .     .     .  
   #     .     x     .     .     
      .     .     .     .        
   .     .     .     .     .     
      #     x     .     .        
         .     .     .           
            .     .              
-----------------------Eval=199409
my ring out0
opp ring out0
-----------------------------My Move S 3 15 M 4 21
  
            .     .              
         .     .     .           
      .     .     .     .        
   o     .     .     .     .     
      0     .     .     .        
   0     0     .     .     .     
o     o     #     x     .     .  
   o     .     x     .     .     
o     o     x     .     .     .  
   o     #     x     .     .     
0     o     .     x     .     .  
   o     .     .     #     .     
0     o     .     .     .     .  
   #     .     x     .     .     
      .     .     .     .        
   .     .     .     .     .     
      #     x     .     .        
         .     .     .           
            .     .              
-----------------------------Opp Move S 4 16 M 2 8
0:0 1:15 2:12 3:10 4:4 5:1 6:7 7:3 8:2 9:3 10:0 0:0 1:30 2:7 3:3 4:2 5:0 6:11 7:2 8:1 9:1 10:0   
            .     .              
         .     .     .           
      .     .     .     .        
   o     .     .     .     .     
      0     .     .     .        
   0     0     .     .     .     
o     o     #     x     .     .  
   o     .     x     .     .     
o     o     x     .     .     .  
   o     #     x     .     .     
0     o     .     x     .     .  
   o     #     .     #     .     
0     x     .     .     .     .  
   x     .     x     .     .     
      .     .     .     .        
   .     .     .     .     .     
      #     x     .     .        
         .     .     .           
            .     .              
-----------------------Eval=200440
my ring out0
opp ring out0
-----------------------------My Move S 4 21 M 5 27
  
            .     .              
         .     .     .           
      0     .     .     .        
   o     .     .     .     .     
      o     .     .     .        
   0     0     .     .     .     
o     o     #     x     .     .  
   o     .     x     .     .     
o     o     x     .     .     .  
   o     #     x     .     .     
0     o     .     x     .     .  
   o     #     .     #     .     
0     x     .     .     .     .  
   x     .     x     .     .     
      .     .     .     .        
   .     .     .     .     .     
      #     x     .     .        
         .     .     .           
            .     .              
-----------------------------Opp Move S 2 11 M 3 17
0:0 1:16 2:13 3:10 4:4 5:2 6:8 7:3 8:1 9:2 10:1 0:0 1:32 2:7 3:4 4:2 5:0 6:11 7:1 8:2 9:1 10:0   
            .     .              
         .     .     .           
      0     .     .     .        
   o     .     .     .     .     
      o     #     .     .        
   0     0     .     .     .     
o     o     x     x     .     .  
   o     .     x     .     .     
o     o     x     .     .     .  
   o     #     x     .     .     
0     o     .     x     .     .  
   o     #     .     #     .     
0     x     .     .     .     .  
   x     .     x     .     .     
      .     .     .     .        
   .     .     .     .     .     
      #     x     .     .        
         .     .     .           
            .     .              
-----------------------Eval=473331
my ring out0
opp ring out0
-----------------------------My Move S 5 27 M 5 29 RS 3 13 RE 5 27 X 5 29
  
            .     .              
         .     .     .           
      .     .     .     .        
   o     .     .     .     .     
      .     #     .     .        
   0     0     .     .     .     
o     .     x     x     .     .  
   o     .     x     .     .     
o     .     x     .     .     .  
   o     #     x     .     .     
0     .     .     x     .     .  
   o     #     .     #     .     
0     x     .     .     .     .  
   x     .     x     .     .     
      .     .     .     .        
   .     .     .     .     .     
      #     x     .     .        
         .     .     .           
            .     .              
-----------------------------Opp Move S 2 4 M 3 6
0:0 1:16 2:9 3:2 4:2 5:1 6:9 7:2 8:0 9:1 10:0 0:0 1:34 2:7 3:4 4:2 5:1 6:11 7:1 8:2 9:0 10:1   
            .     .              
         .     .     .           
      .     .     .     .        
   o     .     .     .     .     
      .     #     .     .        
   0     0     .     .     .     
o     .     x     x     .     .  
   o     .     x     .     .     
o     .     x     .     .     .  
   o     #     x     .     .     
0     .     .     x     .     .  
   o     #     .     x     .     
0     x     .     .     #     .  
   x     .     x     .     .     
      .     .     .     .        
   .     .     .     .     .     
      #     x     .     .        
         .     .     .           
            .     .              
-----------------------Eval=313553
my ring out1
opp ring out0
-----------------------------My Move S 4 20 M 4 21 RS 4 17 RE 5 26 X 5 21
  
            .     .              
         .     .     .           
      .     .     .     .        
   .     .     .     .     .     
      0     #     .     .        
   .     0     .     .     .     
o     .     x     x     .     .  
   .     .     x     .     .     
o     .     x     .     .     .  
   .     #     x     .     .     
0     .     .     x     .     .  
   .     #     .     x     .     
.     x     .     .     #     .  
   x     .     x     .     .     
      .     .     .     .        
   .     .     .     .     .     
      #     x     .     .        
         .     .     .           
            .     .              
-----------------------------Opp Move S 3 6 M 3 5 RS 1 5 RE 3 6 X 5 18
0:0 1:12 2:2 3:1 4:0 5:0 6:8 7:1 8:0 9:0 10:0 0:0 1:27 2:5 3:1 4:0 5:0 6:9 7:2 8:1 9:0 10:0   
            .     .              
         .     .     .           
      .     .     .     .        
   .     .     .     .     .     
      0     #     .     .        
   .     0     .     .     .     
o     .     x     x     .     .  
   .     .     x     .     .     
o     .     .     .     .     .  
   .     #     .     .     .     
0     .     .     .     #     .  
   .     #     .     .     .     
.     x     .     .     .     .  
   x     .     x     .     .     
      .     .     .     .        
   .     .     .     .     .     
      .     x     .     .        
         .     .     .           
            .     .              
-----------------------Eval=300993
my ring out2
opp ring out1
-----------------------------My Move S 5 22 M 5 21
  
            .     .              
         .     .     .           
      .     .     .     .        
   .     .     .     .     .     
      0     #     .     .        
   .     0     .     .     .     
o     .     x     x     .     .  
   .     .     x     .     .     
o     .     .     .     .     .  
   .     #     .     .     .     
o     .     .     .     #     .  
   .     #     .     .     .     
0     x     .     .     .     .  
   x     .     x     .     .     
      .     .     .     .        
   .     .     .     .     .     
      .     x     .     .        
         .     .     .           
            .     .              
-----------------------------Opp Move S 3 5 M 1 1
0:0 1:14 2:2 3:1 4:1 5:0 6:8 7:1 8:0 9:0 10:0 0:0 1:28 2:6 3:2 4:0 5:0 6:8 7:2 8:2 9:0 10:0   
            .     .              
         .     .     .           
      .     .     .     .        
   .     .     .     .     .     
      0     #     .     .        
   .     0     .     .     .     
o     .     x     x     .     .  
   .     .     x     .     .     
o     .     .     #     .     .  
   .     #     .     .     .     
o     .     .     .     x     .  
   .     #     .     .     .     
0     x     .     .     .     .  
   x     .     x     .     .     
      .     .     .     .        
   .     .     .     .     .     
      .     x     .     .        
         .     .     .           
            .     .              
-----------------------Eval=300969
my ring out2
opp ring out1
-----------------------------My Move S 4 21 M 4 0
  
            .     .              
         .     0     .           
      .     .     .     .        
   .     .     .     .     .     
      o     #     .     .        
   .     0     .     .     .     
o     .     x     x     .     .  
   .     .     x     .     .     
o     .     .     #     .     .  
   .     #     .     .     .     
o     .     .     .     x     .  
   .     #     .     .     .     
0     x     .     .     .     .  
   x     .     x     .     .     
      .     .     .     .        
   .     .     .     .     .     
      .     x     .     .        
         .     .     .           
            .     .              
-----------------------------Opp Move S 2 8 M 0 0
0:0 1:17 2:2 3:1 4:1 5:0 6:8 7:1 8:0 9:0 10:0 0:0 1:29 2:8 3:2 4:0 5:0 6:8 7:3 8:1 9:0 10:0   
            .     .              
         .     0     .           
      .     .     .     .        
   .     .     .     .     .     
      o     #     .     .        
   .     0     .     .     .     
o     .     x     x     .     .  
   .     .     x     .     .     
o     .     .     #     .     .  
   .     #     #     .     .     
o     .     .     .     x     .  
   .     x     .     .     .     
0     x     .     .     .     .  
   x     .     x     .     .     
      .     .     .     .        
   .     .     .     .     .     
      .     x     .     .        
         .     .     .           
            .     .              
-----------------------Eval=300025
my ring out2
opp ring out1
-----------------------------My Move S 4 0 M 2 0
  
            .     .              
         .     o     .           
      .     .     .     .        
   .     .     .     .     .     
      o     #     .     .        
   .     0     0     .     .     
o     .     x     x     .     .  
   .     .     x     .     .     
o     .     .     #     .     .  
   .     #     #     .     .     
o     .     .     .     x     .  
   .     x     .     .     .     
0     x     .     .     .     .  
   x     .     x     .     .     
      .     .     .     .        
   .     .     .     .     .     
      .     x     .     .        
         .     .     .           
            .     .              
-----------------------------Opp Move S 1 1 M 2 3
0:0 1:20 2:2 3:1 4:1 5:0 6:8 7:1 8:0 9:0 10:0 0:0 1:30 2:8 3:2 4:1 5:1 6:9 7:2 8:0 9:1 10:0   
            .     .              
         .     o     .           
      .     .     .     .        
   .     .     .     .     .     
      o     #     .     .        
   .     0     0     .     .     
o     .     x     x     .     .  
   .     .     x     .     .     
o     .     .     x     .     .  
   .     #     #     #     .     
o     .     .     .     x     .  
   .     x     .     .     .     
0     x     .     .     .     .  
   x     .     x     .     .     
      .     .     .     .        
   .     .     .     .     .     
      .     x     .     .        
         .     .     .           
            .     .              
-----------------------Eval=298873
my ring out2
opp ring out1
-----------------------------My Move S 2 0 M 2 10
  
            .     .              
         .     o     .           
      .     .     .     .        
   .     .     .     .     .     
      o     #     .     .        
   .     0     o     .     .     
o     .     o     x     .     .  
   .     0     x     .     .     
o     .     .     x     .     .  
   .     #     #     #     .     
o     .     .     .     x     .  
   .     x     .     .     .     
0     x     .     .     .     .  
   x     .     x     .     .     
      .     .     .     .        
   .     .     .     .     .     
      .     x     .     .        
         .     .     .           
            .     .              
-----------------------------Opp Move S 0 0 M 1 4
0:0 1:22 2:4 3:3 4:1 5:0 6:7 7:2 8:0 9:0 10:0 0:0 1:29 2:7 3:2 4:2 5:2 6:8 7:2 8:1 9:1 10:0   
            .     .              
         .     o     .           
      .     .     .     .        
   .     .     .     .     .     
      o     #     .     .        
   .     0     o     .     .     
o     .     o     x     .     .  
   .     0     x     .     .     
o     .     .     x     .     .  
   .     #     x     #     .     
o     .     #     .     x     .  
   .     x     .     .     .     
0     x     .     .     .     .  
   x     .     x     .     .     
      .     .     .     .        
   .     .     .     .     .     
      .     x     .     .        
         .     .     .           
            .     .              
-----------------------Eval=51090
my ring out2
opp ring out1
-----------------------------My Move S 2 10 M 3 14
  
            .     .              
         .     o     .           
      .     .     .     .        
   .     .     .     .     .     
      o     #     .     .        
   .     0     o     .     .     
o     .     o     x     .     .  
   .     o     x     .     .     
o     0     .     x     .     .  
   .     #     x     #     .     
o     .     #     .     x     .  
   .     x     .     .     .     
0     x     .     .     .     .  
   x     .     x     .     .     
      .     .     .     .        
   .     .     .     .     .     
      .     x     .     .        
         .     .     .           
            .     .              
-----------------------------Opp Move S 1 4 M 5 16 RS 4 16 RE 0 0 X 5 16
0:0 1:27 2:4 3:3 4:2 5:0 6:7 7:2 8:0 9:0 10:0 0:0 1:19 2:3 3:1 4:1 5:0 6:8 7:0 8:1 9:0 10:0   
            .     .              
         .     o     .           
      .     .     .     .        
   .     .     .     .     .     
      o     #     .     .        
   .     0     o     .     .     
o     .     o     x     .     .  
   .     o     x     .     .     
o     0     .     x     .     .  
   .     #     .     #     .     
o     .     .     .     x     .  
   .     .     .     .     .     
0     .     .     .     .     .  
   .     .     x     .     .     
      .     .     .     .        
   .     .     .     .     .     
      .     o     .     .        
         .     .     .           
            .     .              
-----------------------Eval=-20
my ring out2
opp ring out2
-----------------------------My Move S 5 21 M 4 16
  
            .     .              
         .     o     .           
      .     .     .     .        
   .     .     .     .     .     
      o     #     .     .        
   .     0     o     .     .     
o     .     o     x     .     .  
   .     o     x     .     .     
o     0     .     x     .     .  
   .     #     .     #     .     
o     .     .     .     x     .  
   .     .     .     .     .     
o     .     .     .     .     .  
   0     .     x     .     .     
      .     .     .     .        
   .     .     .     .     .     
      .     o     .     .        
         .     .     .           
            .     .              
-----------------------------Opp Move S 2 9 M 1 4
0:0 1:29 2:5 3:3 4:2 5:0 6:6 7:3 8:0 9:0 10:0 0:0 1:21 2:4 3:1 4:1 5:0 6:7 7:1 8:1 9:0 10:0   
            .     .              
         .     o     .           
      .     .     .     .        
   .     .     .     .     .     
      o     #     .     .        
   .     0     o     .     .     
o     .     o     x     .     .  
   .     o     x     .     .     
o     0     .     x     .     .  
   .     x     .     #     .     
o     .     #     .     x     .  
   .     .     .     .     .     
o     .     .     .     .     .  
   0     .     x     .     .     
      .     .     .     .        
   .     .     .     .     .     
      .     o     .     .        
         .     .     .           
            .     .              
-----------------------Eval=1059
my ring out2
opp ring out2
-----------------------------My Move S 3 16 M 2 8
  
            .     .              
         .     o     .           
      .     .     .     .        
   .     .     .     .     .     
      o     #     .     .        
   .     o     o     .     .     
o     .     o     x     .     .  
   .     x     x     .     .     
o     0     .     x     .     .  
   .     o     .     #     .     
o     .     #     .     x     .  
   .     0     .     .     .     
o     .     .     .     .     .  
   0     .     x     .     .     
      .     .     .     .        
   .     .     .     .     .     
      .     o     .     .        
         .     .     .           
            .     .              
-----------------------------Opp Move S 2 3 M 1 2
0:0 1:33 2:6 3:2 4:1 5:0 6:8 7:1 8:0 9:0 10:0 0:0 1:23 2:4 3:2 4:1 5:0 6:9 7:0 8:0 9:0 10:0   
            .     .              
         .     o     .           
      .     .     .     .        
   .     .     .     .     .     
      o     #     .     .        
   .     o     o     .     .     
o     .     o     x     .     .  
   .     x     x     .     .     
o     0     .     x     .     .  
   .     o     .     x     .     
o     .     #     #     x     .  
   .     0     .     .     .     
o     .     .     .     .     .  
   0     .     x     .     .     
      .     .     .     .        
   .     .     .     .     .     
      .     o     .     .        
         .     .     .           
            .     .              
-----------------------Eval=-997889
my ring out2
opp ring out2
-----------------------------My Move S 3 14 M 4 19
  
            .     .              
         .     o     .           
      .     .     .     .        
   .     .     .     .     .     
      o     #     .     .        
   .     o     o     .     .     
o     .     o     x     .     .  
   0     x     x     .     .     
o     o     .     x     .     .  
   .     o     .     x     .     
o     .     #     #     x     .  
   .     0     .     .     .     
o     .     .     .     .     .  
   0     .     x     .     .     
      .     .     .     .        
   .     .     .     .     .     
      .     o     .     .        
         .     .     .           
            .     .              
***********************************

-> You are player 1
-> You are alloted a time of 120s

***********************************

Time remaining is: 120s
You played : P 5 24
P 5 24 True
Player 2 played : P 2 1
P 2 1 True
Time remaining is: 120s
You played : P 5 23
P 5 23 True
Player 2 played : P 2 6
P 2 6 True
Time remaining is: 120s
You played : P 5 22
P 5 22 True
Player 2 played : P 4 13
P 4 13 True
Time remaining is: 120s
You played : P 5 21
P 5 21 True
Player 2 played : P 1 5
P 1 5 True
Time remaining is: 120s
You played : P 5 26
P 5 26 True
Player 2 played : P 5 18
P 5 18 True
Time remaining is: 120s
You played : S 5 24 M 4 20
S 5 24 True
M 4 20 True
Player 2 played : S 2 1 M 1 0
S 2 1 True
M 1 0 True
Time remaining is: 120s
You played : S 5 23 M 4 19
S 5 23 True
M 4 19 True
Player 2 played : S 1 0 M 2 11
S 1 0 True
M 2 11 True
Time remaining is: 120s
You played : S 4 19 M 4 18
S 4 19 True
M 4 18 True
Player 2 played : S 2 6 M 0 0
S 2 6 True
M 0 0 True
Time remaining is: 120s
You played : S 4 18 M 4 17
S 4 18 True
M 4 17 True
Player 2 played : S 4 13 M 4 16
S 4 13 True
M 4 16 True
Time remaining is: 120s
You played : S 5 26 M 3 16
S 5 26 True
M 3 16 True
Player 2 played : S 1 5 M 3 13
S 1 5 True
M 3 13 True
Time remaining is: 120s
You played : S 4 17 M 3 12
S 4 17 True
M 3 12 True
Player 2 played : S 3 13 M 2 9
S 3 13 True
M 2 9 True
Time remaining is: 119s
You played : S 3 12 M 3 14
S 3 12 True
M 3 14 True
Player 2 played : S 0 0 M 1 2
S 0 0 True
M 1 2 True
Time remaining is: 119s
You played : S 3 14 M 3 15
S 3 14 True
M 3 15 True
Player 2 played : S 1 2 M 2 4
S 1 2 True
M 2 4 True
Time remaining is: 119s
You played : S 3 15 M 4 21
S 3 15 True
M 4 21 True
Player 2 played : S 4 16 M 2 8
S 4 16 True
M 2 8 True
Time remaining is: 119s
You played : S 4 21 M 5 27
S 4 21 True
M 5 27 True
Player 2 played : S 2 11 M 3 17
S 2 11 True
M 3 17 True
Time remaining is: 118s
You played : S 5 27 M 5 29 RS 3 13 RE 5 27 X 5 29
S 5 27 True
M 5 29 True
RS 3 13 True
RE 5 27 True
X 5 29 True
Player 2 played : S 2 4 M 3 6
S 2 4 True
M 3 6 True
Time remaining is: 118s
You played : S 4 20 M 4 21 RS 4 17 RE 5 26 X 5 21
S 4 20 True
M 4 21 True
RS 4 17 True
RE 5 26 True
X 5 21 True
Player 2 played : S 3 6 M 3 5 RS 1 5 RE 3 6 X 5 18
S 3 6 True
M 3 5 True
RS 1 5 True
RE 3 6 True
X 5 18 True
Time remaining is: 118s
You played : S 5 22 M 5 21
S 5 22 True
M 5 21 True
Player 2 played : S 3 5 M 1 1
S 3 5 True
M 1 1 True
Time remaining is: 118s
You played : S 4 21 M 4 0
S 4 21 True
M 4 0 True
Player 2 played : S 2 8 M 0 0
S 2 8 True
M 0 0 True
Time remaining is: 118s
You played : S 4 0 M 2 0
S 4 0 True
M 2 0 True
Player 2 played : S 1 1 M 2 3
S 1 1 True
M 2 3 True
Time remaining is: 118s
You played : S 2 0 M 2 10
S 2 0 True
M 2 10 True
Player 2 played : S 0 0 M 1 4
S 0 0 True
M 1 4 True
Time remaining is: 118s
You played : S 2 10 M 3 14
S 2 10 True
M 3 14 True
Player 2 played : S 1 4 M 5 16 RS 4 16 RE 0 0 X 5 16
S 1 4 True
M 5 16 True
RS 4 16 True
RE 0 0 True
X 5 16 True
Time remaining is: 118s
You played : S 5 21 M 4 16
S 5 21 True
M 4 16 True
Player 2 played : S 2 9 M 1 4
S 2 9 True
M 1 4 True
Time remaining is: 117s
You played : S 3 16 M 2 8
S 3 16 True
M 2 8 True
Player 2 played : S 2 3 M 1 2
S 2 3 True
M 1 2 True
Time remaining is: 117s
You played : S 3 14 M 4 19
S 3 14 True
M 4 19 True
Player 2 played : S 3 17 M 1 5 RS 2 11 RE 3 5 X 1 2
S 3 17 True
M 1 5 True
RS 2 11 True
RE 3 5 True
X 1 2 True
OTHER PLAYER WINS!
Your Score : 2.011
Opponent's Score : 8.004
