0 
4.03125 
-4.03125 
8.84375 
-8.84375 
10.4062 
-10.4062 
16.9062 
-16.9062 
60.9375 
-60.9375 
0.5 
-0.5 
193.75 
-193.75 
lets see this one
            _ _ _ _   
        _ _ _ _ _ _ _ 
      _ _ _ _ _ _ _ _ 
    _ _ _ _ _ _ _ _ _ 
  _ _ _ _ _ _ _ _ _ _ 
  _ _ _ _ _ _ _ _ _   
_ _ _ _ _ _ _ _ _ _   
_ _ _ _ _ _ _ _ _     
_ _ _ _ _ _ _ _       
_ _ _ _ _ _ _         
  _ _ _ _             
            _ _ _ _   
         _ _ _ _ _ _ _ 
        _ _ _ _ _ _ _ _ 
       _ _ _ _ _ _ _ _ _ 
      _ _ _ _ _ _ _ _ _ _ 
       _ _ _ _ _ _ _ _ _   
      _ _ _ _ _ _ _ _ _ _   
       _ _ _ _ _ _ _ _ _     
        _ _ _ _ _ _ _ _       
         _ _ _ _ _ _ _         
            _ _ _ _             
starting iteration on above
I did P 0 0
He did P 1 0
lets see this one
            _ _ _ _   
        _ _ _ _ _ _ _ 
      _ _ _ _ _ _ _ _ 
    _ _ _ _ _ _ _ _ _ 
  _ _ _ _ 3 _ _ _ _ _ 
  _ _ _ _ 2 _ _ _ _   
_ _ _ _ _ _ _ _ _ _   
_ _ _ _ _ _ _ _ _     
_ _ _ _ _ _ _ _       
_ _ _ _ _ _ _         
  _ _ _ _             
            _ _ _ _   
         _ _ _ _ _ _ _ 
        _ _ _ _ _ _ _ _ 
       _ _ _ _ _ _ _ _ _ 
      _ _ _ _ 3 _ _ _ _ _ 
       _ _ _ _ 2 _ _ _ _   
      _ _ _ _ _ _ _ _ _ _   
       _ _ _ _ _ _ _ _ _     
        _ _ _ _ _ _ _ _       
         _ _ _ _ _ _ _         
            _ _ _ _             
starting iteration on above
I did P 1 2
He did P 2 6
lets see this one
            _ _ _ _   
        _ _ _ _ _ _ _ 
      _ _ _ _ _ _ _ _ 
    _ _ _ _ _ _ _ _ _ 
  _ _ _ _ 3 _ _ _ _ _ 
  _ _ _ _ 2 2 _ _ _   
_ _ _ _ _ _ _ _ _ _   
_ _ _ _ _ 3 _ _ _     
_ _ _ _ _ _ _ _       
_ _ _ _ _ _ _         
  _ _ _ _             
            _ _ _ _   
         _ _ _ _ _ _ _ 
        _ _ _ _ _ _ _ _ 
       _ _ _ _ _ _ _ _ _ 
      _ _ _ _ 3 _ _ _ _ _ 
       _ _ _ _ 2 2 _ _ _   
      _ _ _ _ _ _ _ _ _ _   
       _ _ _ _ _ 3 _ _ _     
        _ _ _ _ _ _ _ _       
         _ _ _ _ _ _ _         
            _ _ _ _             
starting iteration on above
I did P 1 4
He did P 3 16
lets see this one
            _ _ _ _   
        _ _ _ _ _ _ _ 
      _ _ _ _ _ _ _ _ 
    _ _ _ _ _ _ _ _ _ 
  _ _ 3 _ 3 _ _ _ _ _ 
  _ _ _ _ 2 2 _ _ _   
_ _ _ _ 2 _ _ _ _ _   
_ _ _ _ _ 3 _ _ _     
_ _ _ _ _ _ _ _       
_ _ _ _ _ _ _         
  _ _ _ _             
            _ _ _ _   
         _ _ _ _ _ _ _ 
        _ _ _ _ _ _ _ _ 
       _ _ _ _ _ _ _ _ _ 
      _ _ 3 _ 3 _ _ _ _ _ 
       _ _ _ _ 2 2 _ _ _   
      _ _ _ _ 2 _ _ _ _ _   
       _ _ _ _ _ 3 _ _ _     
        _ _ _ _ _ _ _ _       
         _ _ _ _ _ _ _         
            _ _ _ _             
starting iteration on above
I did P 2 10
He did P 4 4
lets see this one
            _ _ _ _   
        _ _ _ _ _ 3 _ 
      _ _ _ _ _ _ _ _ 
    _ _ _ _ _ _ _ _ _ 
  _ _ 3 _ 3 _ _ _ _ _ 
  _ _ 2 _ 2 2 _ _ _   
_ _ _ _ 2 _ _ _ _ _   
_ _ _ _ _ 3 _ _ _     
_ _ _ _ _ _ _ _       
_ _ _ _ _ _ _         
  _ _ _ _             
            _ _ _ _   
         _ _ _ _ _ 3 _ 
        _ _ _ _ _ _ _ _ 
       _ _ _ _ _ _ _ _ _ 
      _ _ 3 _ 3 _ _ _ _ _ 
       _ _ 2 _ 2 2 _ _ _   
      _ _ _ _ 2 _ _ _ _ _   
       _ _ _ _ _ 3 _ _ _     
        _ _ _ _ _ _ _ _       
         _ _ _ _ _ _ _         
            _ _ _ _             
starting iteration on above
I did P 4 5
He did P 3 3
lets see this one
            _ _ _ _   
        _ _ _ _ _ 3 _ 
      _ _ _ _ _ 3 2 _ 
    _ _ _ _ _ _ _ _ _ 
  _ _ 3 _ 3 _ _ _ _ _ 
  _ _ 2 _ 2 2 _ _ _   
_ _ _ _ 2 _ _ _ _ _   
_ _ _ _ _ 3 _ _ _     
_ _ _ _ _ _ _ _       
_ _ _ _ _ _ _         
  _ _ _ _             
            _ _ _ _   
         _ _ _ _ _ 3 _ 
        _ _ _ _ _ 3 2 _ 
       _ _ _ _ _ _ _ _ _ 
      _ _ 3 _ 3 _ _ _ _ _ 
       _ _ 2 _ 2 2 _ _ _   
      _ _ _ _ 2 _ _ _ _ _   
       _ _ _ _ _ 3 _ _ _     
        _ _ _ _ _ _ _ _       
         _ _ _ _ _ _ _         
            _ _ _ _             
starting iteration on above
I, player 1 did  S 1 4 M 2 7 which means 
            _ _ _ _   
        _ _ _ _ _ 3 _ 
      _ _ _ _ _ 3 2 _ 
    _ _ _ _ _ _ _ _ _ 
  _ _ 3 _ 3 _ _ _ _ _ 
  _ _ 2 _ 2 2 _ _ _   
_ _ _ _ 4 _ _ _ _ _   
_ _ _ _ 2 3 _ _ _     
_ _ _ _ _ _ _ _       
_ _ _ _ _ _ _         
  _ _ _ _             
            _ _ _ _   
         _ _ _ _ _ 3 _ 
        _ _ _ _ _ 3 2 _ 
       _ _ _ _ _ _ _ _ _ 
      _ _ 3 _ 3 _ _ _ _ _ 
       _ _ 2 _ 2 2 _ _ _   
      _ _ _ _ 4 _ _ _ _ _   
       _ _ _ _ 2 3 _ _ _     
        _ _ _ _ _ _ _ _       
         _ _ _ _ _ _ _         
            _ _ _ _             
He did S 1 0 M 2 11
lets see this one
            _ _ _ _   
        _ _ _ _ _ 3 _ 
      _ _ _ _ _ 3 2 _ 
    _ _ _ _ _ _ _ _ _ 
  _ _ 3 3 5 _ _ _ _ _ 
  _ _ 2 _ 2 2 _ _ _   
_ _ _ _ 4 _ _ _ _ _   
_ _ _ _ 2 3 _ _ _     
_ _ _ _ _ _ _ _       
_ _ _ _ _ _ _         
  _ _ _ _             
            _ _ _ _   
         _ _ _ _ _ 3 _ 
        _ _ _ _ _ 3 2 _ 
       _ _ _ _ _ _ _ _ _ 
      _ _ 3 3 5 _ _ _ _ _ 
       _ _ 2 _ 2 2 _ _ _   
      _ _ _ _ 4 _ _ _ _ _   
       _ _ _ _ 2 3 _ _ _     
        _ _ _ _ _ _ _ _       
         _ _ _ _ _ _ _         
            _ _ _ _             
starting iteration on above
I, player 1 did  S 1 2 M 1 1 which means 
            _ _ _ _   
        _ _ _ _ _ 3 _ 
      _ _ _ _ _ 3 2 _ 
    _ _ _ _ _ _ _ _ _ 
  _ _ 3 3 5 2 _ _ _ _ 
  _ _ 2 _ 2 4 _ _ _   
_ _ _ _ 4 _ _ _ _ _   
_ _ _ _ 2 3 _ _ _     
_ _ _ _ _ _ _ _       
_ _ _ _ _ _ _         
  _ _ _ _             
            _ _ _ _   
         _ _ _ _ _ 3 _ 
        _ _ _ _ _ 3 2 _ 
       _ _ _ _ _ _ _ _ _ 
      _ _ 3 3 5 2 _ _ _ _ 
       _ _ 2 _ 2 4 _ _ _   
      _ _ _ _ 4 _ _ _ _ _   
       _ _ _ _ 2 3 _ _ _     
        _ _ _ _ _ _ _ _       
         _ _ _ _ _ _ _         
            _ _ _ _             
He did S 3 16 M 4 22
lets see this one
            _ _ _ _   
        _ _ _ _ _ 3 _ 
      _ _ _ _ _ 3 2 _ 
    _ 3 _ _ _ _ _ _ _ 
  _ _ 5 3 5 2 _ _ _ _ 
  _ _ 2 _ 2 4 _ _ _   
_ _ _ _ 4 _ _ _ _ _   
_ _ _ _ 2 3 _ _ _     
_ _ _ _ _ _ _ _       
_ _ _ _ _ _ _         
  _ _ _ _             
            _ _ _ _   
         _ _ _ _ _ 3 _ 
        _ _ _ _ _ 3 2 _ 
       _ 3 _ _ _ _ _ _ _ 
      _ _ 5 3 5 2 _ _ _ _ 
       _ _ 2 _ 2 4 _ _ _   
      _ _ _ _ 4 _ _ _ _ _   
       _ _ _ _ 2 3 _ _ _     
        _ _ _ _ _ _ _ _       
         _ _ _ _ _ _ _         
            _ _ _ _             
starting iteration on above
I, player 1 did  S 1 1 M 2 3 which means 
            _ _ _ _   
        _ _ _ _ _ 3 _ 
      _ _ _ _ _ 3 2 _ 
    _ 3 _ _ _ _ _ _ _ 
  _ _ 5 3 5 4 2 _ _ _ 
  _ _ 2 _ 2 4 _ _ _   
_ _ _ _ 4 _ _ _ _ _   
_ _ _ _ 2 3 _ _ _     
_ _ _ _ _ _ _ _       
_ _ _ _ _ _ _         
  _ _ _ _             
            _ _ _ _   
         _ _ _ _ _ 3 _ 
        _ _ _ _ _ 3 2 _ 
       _ 3 _ _ _ _ _ _ _ 
      _ _ 5 3 5 4 2 _ _ _ 
       _ _ 2 _ 2 4 _ _ _   
      _ _ _ _ 4 _ _ _ _ _   
       _ _ _ _ 2 3 _ _ _     
        _ _ _ _ _ _ _ _       
         _ _ _ _ _ _ _         
            _ _ _ _             
He did S 2 11 M 3 1
lets see this one
            _ _ _ _   
        _ _ _ _ _ 3 _ 
      _ _ _ 3 _ 3 2 _ 
    _ 3 _ _ _ _ _ _ _ 
  _ _ 5 5 5 4 2 _ _ _ 
  _ _ 2 _ 2 4 _ _ _   
_ _ _ _ 4 _ _ _ _ _   
_ _ _ _ 2 3 _ _ _     
_ _ _ _ _ _ _ _       
_ _ _ _ _ _ _         
  _ _ _ _             
            _ _ _ _   
         _ _ _ _ _ 3 _ 
        _ _ _ 3 _ 3 2 _ 
       _ 3 _ _ _ _ _ _ _ 
      _ _ 5 5 5 4 2 _ _ _ 
       _ _ 2 _ 2 4 _ _ _   
      _ _ _ _ 4 _ _ _ _ _   
       _ _ _ _ 2 3 _ _ _     
        _ _ _ _ _ _ _ _       
         _ _ _ _ _ _ _         
            _ _ _ _             
starting iteration on above
I, player 1 did  S 2 3 M 4 21 which means 
            _ _ _ _   
        _ _ _ _ _ 3 _ 
      _ _ _ 3 _ 3 2 _ 
    _ 3 _ _ _ _ _ _ _ 
  _ 2 4 4 4 5 4 _ _ _ 
  _ _ 2 _ 2 4 _ _ _   
_ _ _ _ 4 _ _ _ _ _   
_ _ _ _ 2 3 _ _ _     
_ _ _ _ _ _ _ _       
_ _ _ _ _ _ _         
  _ _ _ _             
            _ _ _ _   
         _ _ _ _ _ 3 _ 
        _ _ _ 3 _ 3 2 _ 
       _ 3 _ _ _ _ _ _ _ 
      _ 2 4 4 4 5 4 _ _ _ 
       _ _ 2 _ 2 4 _ _ _   
      _ _ _ _ 4 _ _ _ _ _   
       _ _ _ _ 2 3 _ _ _     
        _ _ _ _ _ _ _ _       
         _ _ _ _ _ _ _         
            _ _ _ _             
He did S 2 6 M 3 5
lets see this one
            _ _ _ _   
        _ _ _ _ _ 3 _ 
      _ _ _ 3 _ 3 2 _ 
    _ 3 _ _ _ _ _ _ _ 
  _ 2 4 4 4 5 4 3 _ _ 
  _ _ 2 _ 2 4 _ _ _   
_ _ _ _ 4 _ _ _ _ _   
_ _ _ _ 2 5 _ _ _     
_ _ _ _ _ _ _ _       
_ _ _ _ _ _ _         
  _ _ _ _             
            _ _ _ _   
         _ _ _ _ _ 3 _ 
        _ _ _ 3 _ 3 2 _ 
       _ 3 _ _ _ _ _ _ _ 
      _ 2 4 4 4 5 4 3 _ _ 
       _ _ 2 _ 2 4 _ _ _   
      _ _ _ _ 4 _ _ _ _ _   
       _ _ _ _ 2 5 _ _ _     
        _ _ _ _ _ _ _ _       
         _ _ _ _ _ _ _         
            _ _ _ _             
starting iteration on above
I, player 1 did  S 0 0 M 2 2 RS 3 16 RE 2 3 X 2 10 which means 
            _ _ _ _   
        _ _ _ _ _ 3 _ 
      _ _ _ 3 _ 3 2 _ 
    _ 3 _ _ _ 2 _ _ _ 
  _ 2 _ _ _ _ _ 3 _ _ 
  _ _ _ _ 4 4 _ _ _   
_ _ _ _ 4 _ _ _ _ _   
_ _ _ _ 2 5 _ _ _     
_ _ _ _ _ _ _ _       
_ _ _ _ _ _ _         
  _ _ _ _             
            _ _ _ _   
         _ _ _ _ _ 3 _ 
        _ _ _ 3 _ 3 2 _ 
       _ 3 _ _ _ 2 _ _ _ 
      _ 2 _ _ _ _ _ 3 _ _ 
       _ _ _ _ 4 4 _ _ _   
      _ _ _ _ 4 _ _ _ _ _   
       _ _ _ _ 2 5 _ _ _     
        _ _ _ _ _ _ _ _       
         _ _ _ _ _ _ _         
            _ _ _ _             
He did S 3 5 M 2 4
lets see this one
            _ _ _ _   
        _ _ _ _ _ 3 _ 
      _ _ _ 3 _ 3 2 _ 
    _ 3 _ _ _ 2 _ _ _ 
  _ 2 _ _ _ _ _ 5 _ _ 
  _ _ _ _ 4 4 3 _ _   
_ _ _ _ 4 _ _ _ _ _   
_ _ _ _ 2 5 _ _ _     
_ _ _ _ _ _ _ _       
_ _ _ _ _ _ _         
  _ _ _ _             
            _ _ _ _   
         _ _ _ _ _ 3 _ 
        _ _ _ 3 _ 3 2 _ 
       _ 3 _ _ _ 2 _ _ _ 
      _ 2 _ _ _ _ _ 5 _ _ 
       _ _ _ _ 4 4 3 _ _   
      _ _ _ _ 4 _ _ _ _ _   
       _ _ _ _ 2 5 _ _ _     
        _ _ _ _ _ _ _ _       
         _ _ _ _ _ _ _         
            _ _ _ _             
starting iteration on above
I, player 1 did  S 2 7 M 3 8 which means 
            _ _ _ _   
        _ _ _ _ _ 3 _ 
      _ _ _ 3 _ 3 2 _ 
    _ 3 _ _ _ 2 _ _ _ 
  _ 2 _ _ _ _ _ 5 _ _ 
  _ _ _ _ 4 4 3 _ _   
_ _ _ _ 4 _ _ _ _ _   
_ _ _ _ 4 4 2 _ _     
_ _ _ _ _ _ _ _       
_ _ _ _ _ _ _         
  _ _ _ _             
            _ _ _ _   
         _ _ _ _ _ 3 _ 
        _ _ _ 3 _ 3 2 _ 
       _ 3 _ _ _ 2 _ _ _ 
      _ 2 _ _ _ _ _ 5 _ _ 
       _ _ _ _ 4 4 3 _ _   
      _ _ _ _ 4 _ _ _ _ _   
       _ _ _ _ 4 4 2 _ _     
        _ _ _ _ _ _ _ _       
         _ _ _ _ _ _ _         
            _ _ _ _             
He did S 2 4 M 1 5
lets see this one
            _ _ _ _   
        _ _ _ _ _ 3 _ 
      _ _ _ 3 _ 3 2 _ 
    _ 3 _ _ _ 2 _ _ _ 
  _ 2 _ _ _ _ _ 5 _ _ 
  _ _ _ 3 5 5 5 _ _   
_ _ _ _ 4 _ _ _ _ _   
_ _ _ _ 4 4 2 _ _     
_ _ _ _ _ _ _ _       
_ _ _ _ _ _ _         
  _ _ _ _             
            _ _ _ _   
         _ _ _ _ _ 3 _ 
        _ _ _ 3 _ 3 2 _ 
       _ 3 _ _ _ 2 _ _ _ 
      _ 2 _ _ _ _ _ 5 _ _ 
       _ _ _ 3 5 5 5 _ _   
      _ _ _ _ 4 _ _ _ _ _   
       _ _ _ _ 4 4 2 _ _     
        _ _ _ _ _ _ _ _       
         _ _ _ _ _ _ _         
            _ _ _ _             
starting iteration on above
I, player 1 did  S 3 8 M 3 6 which means 
            _ _ _ _   
        _ _ _ _ _ 3 _ 
      _ _ _ 3 _ 3 2 _ 
    _ 3 _ _ _ 2 _ _ _ 
  _ 2 _ _ _ _ _ 5 _ _ 
  _ _ _ 3 5 5 5 2 _   
_ _ _ _ 4 _ _ _ _ _   
_ _ _ _ 4 4 4 _ _     
_ _ _ _ _ _ _ _       
_ _ _ _ _ _ _         
  _ _ _ _             
            _ _ _ _   
         _ _ _ _ _ 3 _ 
        _ _ _ 3 _ 3 2 _ 
       _ 3 _ _ _ 2 _ _ _ 
      _ 2 _ _ _ _ _ 5 _ _ 
       _ _ _ 3 5 5 5 2 _   
      _ _ _ _ 4 _ _ _ _ _   
       _ _ _ _ 4 4 4 _ _     
        _ _ _ _ _ _ _ _       
         _ _ _ _ _ _ _         
            _ _ _ _             
He did S 1 5 M 2 10
lets see this one
            _ _ _ _   
        _ _ _ _ _ 3 _ 
      _ _ _ 3 _ 3 2 _ 
    _ 3 _ _ _ 2 _ _ _ 
  _ 2 _ _ _ _ _ 5 _ _ 
  _ _ 3 5 5 5 5 2 _   
_ _ _ _ 4 _ _ _ _ _   
_ _ _ _ 4 4 4 _ _     
_ _ _ _ _ _ _ _       
_ _ _ _ _ _ _         
  _ _ _ _             
            _ _ _ _   
         _ _ _ _ _ 3 _ 
        _ _ _ 3 _ 3 2 _ 
       _ 3 _ _ _ 2 _ _ _ 
      _ 2 _ _ _ _ _ 5 _ _ 
       _ _ 3 5 5 5 5 2 _   
      _ _ _ _ 4 _ _ _ _ _   
       _ _ _ _ 4 4 4 _ _     
        _ _ _ _ _ _ _ _       
         _ _ _ _ _ _ _         
            _ _ _ _             
starting iteration on above
I, player 1 did  S 2 2 M 3 7 which means 
            _ _ _ _   
        _ _ _ _ _ 3 _ 
      _ _ _ 3 _ 3 2 _ 
    _ 3 _ _ _ 4 _ _ _ 
  _ 2 _ _ _ _ _ 5 _ _ 
  _ _ 3 5 5 5 4 2 _   
_ _ _ _ 4 _ _ 2 _ _   
_ _ _ _ 4 4 4 _ _     
_ _ _ _ _ _ _ _       
_ _ _ _ _ _ _         
  _ _ _ _             
            _ _ _ _   
         _ _ _ _ _ 3 _ 
        _ _ _ 3 _ 3 2 _ 
       _ 3 _ _ _ 4 _ _ _ 
      _ 2 _ _ _ _ _ 5 _ _ 
       _ _ 3 5 5 5 4 2 _   
      _ _ _ _ 4 _ _ 2 _ _   
       _ _ _ _ 4 4 4 _ _     
        _ _ _ _ _ _ _ _       
         _ _ _ _ _ _ _         
            _ _ _ _             
He did S 2 10 M 3 15
lets see this one
            _ _ _ _   
        _ _ _ _ _ 3 _ 
      _ _ _ 3 _ 3 2 _ 
    _ 3 _ _ _ 4 _ _ _ 
  _ 2 _ _ _ _ _ 5 _ _ 
  _ 3 5 5 5 5 4 2 _   
_ _ _ _ 4 _ _ 2 _ _   
_ _ _ _ 4 4 4 _ _     
_ _ _ _ _ _ _ _       
_ _ _ _ _ _ _         
  _ _ _ _             
            _ _ _ _   
         _ _ _ _ _ 3 _ 
        _ _ _ 3 _ 3 2 _ 
       _ 3 _ _ _ 4 _ _ _ 
      _ 2 _ _ _ _ _ 5 _ _ 
       _ 3 5 5 5 5 4 2 _   
      _ _ _ _ 4 _ _ 2 _ _   
       _ _ _ _ 4 4 4 _ _     
        _ _ _ _ _ _ _ _       
         _ _ _ _ _ _ _         
            _ _ _ _             
starting iteration on above
I, player 1 did  S 4 5 M 1 3 which means 
            _ _ _ _   
        _ _ _ _ _ 3 _ 
      _ _ _ 3 _ 3 4 _ 
    _ 3 _ _ _ 4 _ _ _ 
  _ 2 _ _ _ _ _ 5 _ _ 
  _ 3 5 5 5 4 4 2 _   
_ _ _ _ 4 2 _ 2 _ _   
_ _ _ _ 4 4 4 _ _     
_ _ _ _ _ _ _ _       
_ _ _ _ _ _ _         
  _ _ _ _             
            _ _ _ _   
         _ _ _ _ _ 3 _ 
        _ _ _ 3 _ 3 4 _ 
       _ 3 _ _ _ 4 _ _ _ 
      _ 2 _ _ _ _ _ 5 _ _ 
       _ 3 5 5 5 4 4 2 _   
      _ _ _ _ 4 2 _ 2 _ _   
       _ _ _ _ 4 4 4 _ _     
        _ _ _ _ _ _ _ _       
         _ _ _ _ _ _ _         
            _ _ _ _             
He did S 3 15 M 3 14
lets see this one
            _ _ _ _   
        _ _ _ _ _ 3 _ 
      _ _ _ 3 _ 3 4 _ 
    _ 3 _ _ _ 4 _ _ _ 
  _ 2 _ _ _ _ _ 5 _ _ 
  _ 5 5 5 5 4 4 2 _   
_ _ 3 _ 4 2 _ 2 _ _   
_ _ _ _ 4 4 4 _ _     
_ _ _ _ _ _ _ _       
_ _ _ _ _ _ _         
  _ _ _ _             
            _ _ _ _   
         _ _ _ _ _ 3 _ 
        _ _ _ 3 _ 3 4 _ 
       _ 3 _ _ _ 4 _ _ _ 
      _ 2 _ _ _ _ _ 5 _ _ 
       _ 5 5 5 5 4 4 2 _   
      _ _ 3 _ 4 2 _ 2 _ _   
       _ _ _ _ 4 4 4 _ _     
        _ _ _ _ _ _ _ _       
         _ _ _ _ _ _ _         
            _ _ _ _             
starting iteration on above
I, player 1 did  S 3 7 M 2 5 which means 
            _ _ _ _   
        _ _ _ _ _ 3 _ 
      _ _ _ 3 _ 3 4 _ 
    _ 3 _ _ _ 4 _ _ _ 
  _ 2 _ _ _ _ _ 5 _ _ 
  _ 5 5 5 5 4 4 2 _   
_ _ 3 _ 4 2 2 4 _ _   
_ _ _ _ 4 4 4 _ _     
_ _ _ _ _ _ _ _       
_ _ _ _ _ _ _         
  _ _ _ _             
            _ _ _ _   
         _ _ _ _ _ 3 _ 
        _ _ _ 3 _ 3 4 _ 
       _ 3 _ _ _ 4 _ _ _ 
      _ 2 _ _ _ _ _ 5 _ _ 
       _ 5 5 5 5 4 4 2 _   
      _ _ 3 _ 4 2 2 4 _ _   
       _ _ _ _ 4 4 4 _ _     
        _ _ _ _ _ _ _ _       
         _ _ _ _ _ _ _         
            _ _ _ _             
He did S 3 3 M 1 1
lets see this one
            _ _ _ _   
        _ _ _ _ _ 3 _ 
      _ _ _ 3 _ 5 4 _ 
    _ 3 _ _ _ 5 _ _ _ 
  _ 2 _ _ _ 3 _ 5 _ _ 
  _ 5 5 5 5 4 4 2 _   
_ _ 3 _ 4 2 2 4 _ _   
_ _ _ _ 4 4 4 _ _     
_ _ _ _ _ _ _ _       
_ _ _ _ _ _ _         
  _ _ _ _             
            _ _ _ _   
         _ _ _ _ _ 3 _ 
        _ _ _ 3 _ 5 4 _ 
       _ 3 _ _ _ 5 _ _ _ 
      _ 2 _ _ _ 3 _ 5 _ _ 
       _ 5 5 5 5 4 4 2 _   
      _ _ 3 _ 4 2 2 4 _ _   
       _ _ _ _ 4 4 4 _ _     
        _ _ _ _ _ _ _ _       
         _ _ _ _ _ _ _         
            _ _ _ _             
starting iteration on above
I, player 1 did  S 3 6 M 3 4 which means 
            _ _ _ _   
        _ _ _ _ _ 3 _ 
      _ _ _ 3 _ 5 4 _ 
    _ 3 _ _ _ 5 2 _ _ 
  _ 2 _ _ _ 3 _ 4 _ _ 
  _ 5 5 5 5 4 4 4 _   
_ _ 3 _ 4 2 2 4 _ _   
_ _ _ _ 4 4 4 _ _     
_ _ _ _ _ _ _ _       
_ _ _ _ _ _ _         
  _ _ _ _             
            _ _ _ _   
         _ _ _ _ _ 3 _ 
        _ _ _ 3 _ 5 4 _ 
       _ 3 _ _ _ 5 2 _ _ 
      _ 2 _ _ _ 3 _ 4 _ _ 
       _ 5 5 5 5 4 4 4 _   
      _ _ 3 _ 4 2 2 4 _ _   
       _ _ _ _ 4 4 4 _ _     
        _ _ _ _ _ _ _ _       
         _ _ _ _ _ _ _         
            _ _ _ _             
He did S 1 1 M 4 7
lets see this one
            _ _ _ _   
        _ _ _ _ _ 3 _ 
      _ _ _ 3 _ 5 4 _ 
    _ 3 _ _ _ 5 2 _ _ 
  _ 2 _ _ _ 5 _ 5 3 _ 
  _ 5 5 5 5 4 4 4 _   
_ _ 3 _ 4 2 2 4 _ _   
_ _ _ _ 4 4 4 _ _     
_ _ _ _ _ _ _ _       
_ _ _ _ _ _ _         
  _ _ _ _             
            _ _ _ _   
         _ _ _ _ _ 3 _ 
        _ _ _ 3 _ 5 4 _ 
       _ 3 _ _ _ 5 2 _ _ 
      _ 2 _ _ _ 5 _ 5 3 _ 
       _ 5 5 5 5 4 4 4 _   
      _ _ 3 _ 4 2 2 4 _ _   
       _ _ _ _ 4 4 4 _ _     
        _ _ _ _ _ _ _ _       
         _ _ _ _ _ _ _         
            _ _ _ _             
starting iteration on above
I, player 1 did  S 1 3 M 1 0 which means 
            _ _ _ _   
        _ _ _ _ _ 3 _ 
      _ _ _ 3 _ 5 4 _ 
    _ 3 _ _ _ 5 2 _ _ 
  _ 2 _ _ 2 5 _ 5 3 _ 
  _ 5 5 5 4 4 4 4 _   
_ _ 3 _ 4 4 2 4 _ _   
_ _ _ _ 4 4 4 _ _     
_ _ _ _ _ _ _ _       
_ _ _ _ _ _ _         
  _ _ _ _             
            _ _ _ _   
         _ _ _ _ _ 3 _ 
        _ _ _ 3 _ 5 4 _ 
       _ 3 _ _ _ 5 2 _ _ 
      _ 2 _ _ 2 5 _ 5 3 _ 
       _ 5 5 5 4 4 4 4 _   
      _ _ 3 _ 4 4 2 4 _ _   
       _ _ _ _ 4 4 4 _ _     
        _ _ _ _ _ _ _ _       
         _ _ _ _ _ _ _         
            _ _ _ _             
He did S 4 7 M 3 9
lets see this one
            _ _ _ _   
        _ _ _ _ _ 3 _ 
      _ _ _ 3 _ 5 4 _ 
    _ 3 _ _ _ 5 2 _ _ 
  _ 2 _ _ 2 5 _ 5 5 _ 
  _ 5 5 5 4 4 4 5 _   
_ _ 3 _ 4 4 2 5 _ _   
_ _ _ _ 4 4 5 _ _     
_ _ _ _ _ 3 _ _       
_ _ _ _ _ _ _         
  _ _ _ _             
            _ _ _ _   
         _ _ _ _ _ 3 _ 
        _ _ _ 3 _ 5 4 _ 
       _ 3 _ _ _ 5 2 _ _ 
      _ 2 _ _ 2 5 _ 5 5 _ 
       _ 5 5 5 4 4 4 5 _   
      _ _ 3 _ 4 4 2 5 _ _   
       _ _ _ _ 4 4 5 _ _     
        _ _ _ _ _ 3 _ _       
         _ _ _ _ _ _ _         
            _ _ _ _             
starting iteration on above
I, player 1 did  S 3 4 M 4 9 which means 
            _ _ _ _   
        _ _ _ _ _ 3 _ 
      _ _ _ 3 _ 5 4 _ 
    _ 3 _ _ _ 5 4 _ _ 
  _ 2 _ _ 2 5 _ 4 5 _ 
  _ 5 5 5 4 4 4 4 _   
_ _ 3 _ 4 4 2 5 2 _   
_ _ _ _ 4 4 5 _ _     
_ _ _ _ _ 3 _ _       
_ _ _ _ _ _ _         
  _ _ _ _             
            _ _ _ _   
         _ _ _ _ _ 3 _ 
        _ _ _ 3 _ 5 4 _ 
       _ 3 _ _ _ 5 4 _ _ 
      _ 2 _ _ 2 5 _ 4 5 _ 
       _ 5 5 5 4 4 4 4 _   
      _ _ 3 _ 4 4 2 5 2 _   
       _ _ _ _ 4 4 5 _ _     
        _ _ _ _ _ 3 _ _       
         _ _ _ _ _ _ _         
            _ _ _ _             
He did S 3 9 M 3 11
lets see this one
            _ _ _ _   
        _ _ _ _ _ 3 _ 
      _ _ _ 3 _ 5 4 _ 
    _ 3 _ _ _ 5 4 _ _ 
  _ 2 _ _ 2 5 _ 4 5 _ 
  _ 5 5 5 4 4 4 4 _   
_ _ 3 _ 4 4 2 5 2 _   
_ _ _ _ 4 4 5 _ _     
_ _ _ 3 _ 5 _ _       
_ _ _ _ _ _ _         
  _ _ _ _             
            _ _ _ _   
         _ _ _ _ _ 3 _ 
        _ _ _ 3 _ 5 4 _ 
       _ 3 _ _ _ 5 4 _ _ 
      _ 2 _ _ 2 5 _ 4 5 _ 
       _ 5 5 5 4 4 4 4 _   
      _ _ 3 _ 4 4 2 5 2 _   
       _ _ _ _ 4 4 5 _ _     
        _ _ _ 3 _ 5 _ _       
         _ _ _ _ _ _ _         
            _ _ _ _             
starting iteration on above
I, player 1 did  S 1 0 M 2 9 RS 1 5 RE 3 6 X 2 9 which means 
            _ _ _ _   
        _ _ _ _ _ 3 _ 
      _ _ _ 3 _ 5 4 _ 
    _ 3 _ _ _ 5 4 _ _ 
  _ 2 _ _ 4 5 _ 4 5 _ 
  _ 5 5 _ _ _ _ _ _   
_ _ 3 _ 4 4 2 5 2 _   
_ _ _ _ 4 4 5 _ _     
_ _ _ 3 _ 5 _ _       
_ _ _ _ _ _ _         
  _ _ _ _             
            _ _ _ _   
         _ _ _ _ _ 3 _ 
        _ _ _ 3 _ 5 4 _ 
       _ 3 _ _ _ 5 4 _ _ 
      _ 2 _ _ 4 5 _ 4 5 _ 
       _ 5 5 _ _ _ _ _ _   
      _ _ 3 _ 4 4 2 5 2 _   
       _ _ _ _ 4 4 5 _ _     
        _ _ _ 3 _ 5 _ _       
         _ _ _ _ _ _ _         
            _ _ _ _             
He did S 4 4 M 4 6
lets see this one
            _ _ _ _   
        _ _ _ _ _ 5 _ 
      _ _ _ 3 _ 5 5 _ 
    _ 3 _ _ _ 5 4 3 _ 
  _ 2 _ _ 4 5 _ 4 5 _ 
  _ 5 5 _ _ _ _ _ _   
_ _ 3 _ 4 4 2 5 2 _   
_ _ _ _ 4 4 5 _ _     
_ _ _ 3 _ 5 _ _       
_ _ _ _ _ _ _         
  _ _ _ _             
            _ _ _ _   
         _ _ _ _ _ 5 _ 
        _ _ _ 3 _ 5 5 _ 
       _ 3 _ _ _ 5 4 3 _ 
      _ 2 _ _ 4 5 _ 4 5 _ 
       _ 5 5 _ _ _ _ _ _   
      _ _ 3 _ 4 4 2 5 2 _   
       _ _ _ _ 4 4 5 _ _     
        _ _ _ 3 _ 5 _ _       
         _ _ _ _ _ _ _         
            _ _ _ _             
starting iteration on above
I, player 1 did  S 4 9 M 3 6 which means 
            _ _ _ _   
        _ _ _ _ _ 5 _ 
      _ _ _ 3 _ 5 5 _ 
    _ 3 _ _ _ 5 4 3 _ 
  _ 2 _ _ 4 5 _ 4 5 _ 
  _ 5 5 _ _ _ _ 2 _   
_ _ 3 _ 4 4 2 5 4 _   
_ _ _ _ 4 4 5 _ _     
_ _ _ 3 _ 5 _ _       
_ _ _ _ _ _ _         
  _ _ _ _             
            _ _ _ _   
         _ _ _ _ _ 5 _ 
        _ _ _ 3 _ 5 5 _ 
       _ 3 _ _ _ 5 4 3 _ 
      _ 2 _ _ 4 5 _ 4 5 _ 
       _ 5 5 _ _ _ _ 2 _   
      _ _ 3 _ 4 4 2 5 4 _   
       _ _ _ _ 4 4 5 _ _     
        _ _ _ 3 _ 5 _ _       
         _ _ _ _ _ _ _         
            _ _ _ _             
He did S 3 11 M 1 2
lets see this one
            _ _ _ _   
        _ _ _ _ _ 5 _ 
      _ _ _ 3 _ 5 5 _ 
    _ 3 _ _ _ 5 4 3 _ 
  _ 2 _ _ 4 5 _ 4 5 _ 
  _ 5 5 _ _ 3 _ 2 _   
_ _ 3 _ 4 5 2 5 4 _   
_ _ _ _ 5 4 5 _ _     
_ _ _ 5 _ 5 _ _       
_ _ _ _ _ _ _         
  _ _ _ _             
            _ _ _ _   
         _ _ _ _ _ 5 _ 
        _ _ _ 3 _ 5 5 _ 
       _ 3 _ _ _ 5 4 3 _ 
      _ 2 _ _ 4 5 _ 4 5 _ 
       _ 5 5 _ _ 3 _ 2 _   
      _ _ 3 _ 4 5 2 5 4 _   
       _ _ _ _ 5 4 5 _ _     
        _ _ _ 5 _ 5 _ _       
         _ _ _ _ _ _ _         
            _ _ _ _             
starting iteration on above
I, player 1 did  S 4 21 M 2 3 which means 
            _ _ _ _   
        _ _ _ _ _ 5 _ 
      _ _ _ 3 _ 5 5 _ 
    _ 3 _ _ _ 5 4 3 _ 
  _ 4 _ _ 5 4 2 4 5 _ 
  _ 5 5 _ _ 3 _ 2 _   
_ _ 3 _ 4 5 2 5 4 _   
_ _ _ _ 5 4 5 _ _     
_ _ _ 5 _ 5 _ _       
_ _ _ _ _ _ _         
  _ _ _ _             
            _ _ _ _   
         _ _ _ _ _ 5 _ 
        _ _ _ 3 _ 5 5 _ 
       _ 3 _ _ _ 5 4 3 _ 
      _ 4 _ _ 5 4 2 4 5 _ 
       _ 5 5 _ _ 3 _ 2 _   
      _ _ 3 _ 4 5 2 5 4 _   
       _ _ _ _ 5 4 5 _ _     
        _ _ _ 5 _ 5 _ _       
         _ _ _ _ _ _ _         
            _ _ _ _             
He did S 1 2 M 0 0
lets see this one
            _ _ _ _   
        _ _ _ _ _ 5 _ 
      _ _ _ 3 _ 5 5 _ 
    _ 3 _ _ _ 5 4 3 _ 
  _ 4 _ _ 5 4 2 4 5 _ 
  _ 5 5 _ 3 5 _ 2 _   
_ _ 3 _ 4 5 2 5 4 _   
_ _ _ _ 5 4 5 _ _     
_ _ _ 5 _ 5 _ _       
_ _ _ _ _ _ _         
  _ _ _ _             
            _ _ _ _   
         _ _ _ _ _ 5 _ 
        _ _ _ 3 _ 5 5 _ 
       _ 3 _ _ _ 5 4 3 _ 
      _ 4 _ _ 5 4 2 4 5 _ 
       _ 5 5 _ 3 5 _ 2 _   
      _ _ 3 _ 4 5 2 5 4 _   
       _ _ _ _ 5 4 5 _ _     
        _ _ _ 5 _ 5 _ _       
         _ _ _ _ _ _ _         
            _ _ _ _             
starting iteration on above
I, player 1 did  S 3 6 M 4 13 which means 
            _ _ _ _   
        _ _ _ _ _ 5 _ 
      _ _ _ 3 _ 5 5 _ 
    _ 3 _ _ _ 5 4 3 _ 
  _ 4 _ _ 5 4 2 4 5 _ 
  _ 5 5 _ 3 5 _ 4 _   
_ _ 3 _ 4 5 2 4 4 _   
_ _ _ _ 5 4 4 _ _     
_ _ _ 5 _ 4 _ _       
_ _ _ _ 2 _ _         
  _ _ _ _             
            _ _ _ _   
         _ _ _ _ _ 5 _ 
        _ _ _ 3 _ 5 5 _ 
       _ 3 _ _ _ 5 4 3 _ 
      _ 4 _ _ 5 4 2 4 5 _ 
       _ 5 5 _ 3 5 _ 4 _   
      _ _ 3 _ 4 5 2 4 4 _   
       _ _ _ _ 5 4 4 _ _     
        _ _ _ 5 _ 4 _ _       
         _ _ _ _ 2 _ _         
            _ _ _ _             
He did S 0 0 M 4 12
lets see this one
            _ _ _ _   
        _ _ _ _ _ 5 _ 
      _ _ _ 3 _ 5 5 _ 
    _ 3 _ _ _ 5 4 3 _ 
  _ 4 _ _ 5 4 2 4 5 _ 
  _ 5 5 _ 5 5 _ 4 _   
_ _ 3 _ 4 4 2 4 4 _   
_ _ _ _ 5 5 4 _ _     
_ _ _ 5 _ 5 _ _       
_ _ _ _ 2 3 _         
  _ _ _ _             
            _ _ _ _   
         _ _ _ _ _ 5 _ 
        _ _ _ 3 _ 5 5 _ 
       _ 3 _ _ _ 5 4 3 _ 
      _ 4 _ _ 5 4 2 4 5 _ 
       _ 5 5 _ 5 5 _ 4 _   
      _ _ 3 _ 4 4 2 4 4 _   
       _ _ _ _ 5 5 4 _ _     
        _ _ _ 5 _ 5 _ _       
         _ _ _ _ 2 3 _         
            _ _ _ _             
starting iteration on above
I, player 1 did  S 2 5 M 2 4 RS 1 4 RE 4 9 X 2 3 which means 
            _ _ _ _   
        _ _ _ _ _ 5 _ 
      _ _ _ 3 _ 5 5 _ 
    _ 3 _ _ _ 5 4 3 _ 
  _ 4 _ _ 5 4 _ 4 5 _ 
  _ 5 5 _ 5 5 2 4 _   
_ _ 3 _ _ _ _ _ _ _   
_ _ _ _ 5 5 4 _ _     
_ _ _ 5 _ 5 _ _       
_ _ _ _ 2 3 _         
  _ _ _ _             
            _ _ _ _   
         _ _ _ _ _ 5 _ 
        _ _ _ 3 _ 5 5 _ 
       _ 3 _ _ _ 5 4 3 _ 
      _ 4 _ _ 5 4 _ 4 5 _ 
       _ 5 5 _ 5 5 2 4 _   
      _ _ 3 _ _ _ _ _ _ _   
       _ _ _ _ 5 5 4 _ _     
        _ _ _ 5 _ 5 _ _       
         _ _ _ _ 2 3 _         
            _ _ _ _             
