0 
-4.03125 
4.03125 
-8.84375 
8.84375 
-10.4062 
10.4062 
-16.9062 
16.9062 
-60.9375 
60.9375 
-0.5 
0.5 
-193.75 
193.75 
lets see this one
            _ _ _ _   
        _ _ _ _ _ _ _ 
      _ _ _ _ _ _ _ _ 
    _ _ _ _ _ _ _ _ _ 
  _ _ _ _ _ _ _ _ _ _ 
  _ _ _ _ 2 _ _ _ _   
_ _ _ _ _ _ _ _ _ _   
_ _ _ _ _ _ _ _ _     
_ _ _ _ _ _ _ _       
_ _ _ _ _ _ _         
  _ _ _ _             
            _ _ _ _   
         _ _ _ _ _ _ _ 
        _ _ _ _ _ _ _ _ 
       _ _ _ _ _ _ _ _ _ 
      _ _ _ _ _ _ _ _ _ _ 
       _ _ _ _ 2 _ _ _ _   
      _ _ _ _ _ _ _ _ _ _   
       _ _ _ _ _ _ _ _ _     
        _ _ _ _ _ _ _ _       
         _ _ _ _ _ _ _         
            _ _ _ _             
starting iteration on above
I did P 2 5
He did P 1 2
lets see this one
            _ _ _ _   
        _ _ _ _ _ _ _ 
      _ _ _ _ _ _ _ _ 
    _ _ _ _ _ _ _ _ _ 
  _ _ _ _ _ _ _ _ _ _ 
  _ _ _ _ 2 2 _ _ _   
_ _ _ _ _ _ 3 _ _ _   
_ _ _ _ _ _ _ _ _     
_ _ _ _ _ _ _ _       
_ _ _ _ _ _ _         
  _ _ _ _             
            _ _ _ _   
         _ _ _ _ _ _ _ 
        _ _ _ _ _ _ _ _ 
       _ _ _ _ _ _ _ _ _ 
      _ _ _ _ _ _ _ _ _ _ 
       _ _ _ _ 2 2 _ _ _   
      _ _ _ _ _ _ 3 _ _ _   
       _ _ _ _ _ _ _ _ _     
        _ _ _ _ _ _ _ _       
         _ _ _ _ _ _ _         
            _ _ _ _             
starting iteration on above
I did P 3 7
He did P 2 6
lets see this one
            _ _ _ _   
        _ _ _ _ _ _ _ 
      _ _ _ _ _ _ _ _ 
    _ _ _ _ _ _ _ _ _ 
  _ _ _ _ _ _ _ _ _ _ 
  _ _ _ _ 2 2 _ _ _   
_ _ _ _ _ _ 3 3 _ _   
_ _ _ _ _ 2 _ _ _     
_ _ _ _ _ _ _ _       
_ _ _ _ _ _ _         
  _ _ _ _             
            _ _ _ _   
         _ _ _ _ _ _ _ 
        _ _ _ _ _ _ _ _ 
       _ _ _ _ _ _ _ _ _ 
      _ _ _ _ _ _ _ _ _ _ 
       _ _ _ _ 2 2 _ _ _   
      _ _ _ _ _ _ 3 3 _ _   
       _ _ _ _ _ 2 _ _ _     
        _ _ _ _ _ _ _ _       
         _ _ _ _ _ _ _         
            _ _ _ _             
starting iteration on above
I did P 1 4
He did P 4 3
lets see this one
            _ _ _ _   
        _ _ _ _ 2 _ _ 
      _ _ _ _ _ _ _ _ 
    _ _ _ _ _ _ _ _ _ 
  _ _ _ _ _ _ _ _ _ _ 
  _ _ _ _ 2 2 _ _ _   
_ _ _ _ 3 _ 3 3 _ _   
_ _ _ _ _ 2 _ _ _     
_ _ _ _ _ _ _ _       
_ _ _ _ _ _ _         
  _ _ _ _             
            _ _ _ _   
         _ _ _ _ 2 _ _ 
        _ _ _ _ _ _ _ _ 
       _ _ _ _ _ _ _ _ _ 
      _ _ _ _ _ _ _ _ _ _ 
       _ _ _ _ 2 2 _ _ _   
      _ _ _ _ 3 _ 3 3 _ _   
       _ _ _ _ _ 2 _ _ _     
        _ _ _ _ _ _ _ _       
         _ _ _ _ _ _ _         
            _ _ _ _             
starting iteration on above
I did P 3 3
He did P 4 5
lets see this one
            _ _ _ _   
        _ _ _ _ 2 _ _ 
      _ _ _ _ _ 3 2 _ 
    _ _ _ _ _ _ _ _ _ 
  _ _ _ _ _ _ _ _ _ _ 
  _ _ _ _ 2 2 _ _ _   
_ _ _ _ 3 _ 3 3 _ _   
_ _ _ _ _ 2 _ _ _     
_ _ _ _ _ _ _ _       
_ _ _ _ _ _ _         
  _ _ _ _             
            _ _ _ _   
         _ _ _ _ 2 _ _ 
        _ _ _ _ _ 3 2 _ 
       _ _ _ _ _ _ _ _ _ 
      _ _ _ _ _ _ _ _ _ _ 
       _ _ _ _ 2 2 _ _ _   
      _ _ _ _ 3 _ 3 3 _ _   
       _ _ _ _ _ 2 _ _ _     
        _ _ _ _ _ _ _ _       
         _ _ _ _ _ _ _         
            _ _ _ _             
starting iteration on above
I did P 4 6
He did S 0 0 M 1 3
lets see this one
            _ _ _ _   
        _ _ _ _ 2 _ _ 
      _ _ _ _ _ 3 2 _ 
    _ _ _ _ _ _ _ 3 _ 
  _ _ _ _ _ _ _ _ _ _ 
  _ _ _ _ 4 2 _ _ _   
_ _ _ _ 3 2 3 3 _ _   
_ _ _ _ _ 2 _ _ _     
_ _ _ _ _ _ _ _       
_ _ _ _ _ _ _         
  _ _ _ _             
            _ _ _ _   
         _ _ _ _ 2 _ _ 
        _ _ _ _ _ 3 2 _ 
       _ _ _ _ _ _ _ 3 _ 
      _ _ _ _ _ _ _ _ _ _ 
       _ _ _ _ 4 2 _ _ _   
      _ _ _ _ 3 2 3 3 _ _   
       _ _ _ _ _ 2 _ _ _     
        _ _ _ _ _ _ _ _       
         _ _ _ _ _ _ _         
            _ _ _ _             
starting iteration on above
I, player 2 did  S 3 3 M 3 0 which means 
            _ _ _ _   
        _ _ _ _ 2 _ _ 
      _ _ 3 _ _ 5 2 _ 
    _ _ _ _ _ _ _ 3 _ 
  _ _ _ _ _ _ _ _ _ _ 
  _ _ _ _ 4 2 _ _ _   
_ _ _ _ 3 2 3 3 _ _   
_ _ _ _ _ 2 _ _ _     
_ _ _ _ _ _ _ _       
_ _ _ _ _ _ _         
  _ _ _ _             
            _ _ _ _   
         _ _ _ _ 2 _ _ 
        _ _ 3 _ _ 5 2 _ 
       _ _ _ _ _ _ _ 3 _ 
      _ _ _ _ _ _ _ _ _ _ 
       _ _ _ _ 4 2 _ _ _   
      _ _ _ _ 3 2 3 3 _ _   
       _ _ _ _ _ 2 _ _ _     
        _ _ _ _ _ _ _ _       
         _ _ _ _ _ _ _         
            _ _ _ _             
He did S 2 6 M 3 9
lets see this one
            _ _ _ _   
        _ _ _ _ 2 _ _ 
      _ _ 3 _ _ 5 2 _ 
    _ _ _ _ _ _ _ 3 _ 
  _ _ _ _ _ _ _ _ _ _ 
  _ _ _ _ 4 2 _ _ _   
_ _ _ _ 3 2 3 3 _ _   
_ _ _ _ _ 4 _ _ _     
_ _ _ _ _ 2 _ _       
_ _ _ _ _ _ _         
  _ _ _ _             
            _ _ _ _   
         _ _ _ _ 2 _ _ 
        _ _ 3 _ _ 5 2 _ 
       _ _ _ _ _ _ _ 3 _ 
      _ _ _ _ _ _ _ _ _ _ 
       _ _ _ _ 4 2 _ _ _   
      _ _ _ _ 3 2 3 3 _ _   
       _ _ _ _ _ 4 _ _ _     
        _ _ _ _ _ 2 _ _       
         _ _ _ _ _ _ _         
            _ _ _ _             
starting iteration on above
I, player 2 did  S 2 5 M 3 10 which means 
            _ _ _ _   
        _ _ _ _ 2 _ _ 
      _ _ 3 _ _ 5 2 _ 
    _ _ _ _ _ _ _ 3 _ 
  _ _ _ _ _ _ _ _ _ _ 
  _ _ _ _ 4 2 _ _ _   
_ _ _ _ 3 2 5 3 _ _   
_ _ _ _ _ 5 _ _ _     
_ _ _ _ 3 2 _ _       
_ _ _ _ _ _ _         
  _ _ _ _             
            _ _ _ _   
         _ _ _ _ 2 _ _ 
        _ _ 3 _ _ 5 2 _ 
       _ _ _ _ _ _ _ 3 _ 
      _ _ _ _ _ _ _ _ _ _ 
       _ _ _ _ 4 2 _ _ _   
      _ _ _ _ 3 2 5 3 _ _   
       _ _ _ _ _ 5 _ _ _     
        _ _ _ _ 3 2 _ _       
         _ _ _ _ _ _ _         
            _ _ _ _             
He did S 1 2 M 2 4
lets see this one
            _ _ _ _   
        _ _ _ _ 2 _ _ 
      _ _ 3 _ _ 5 2 _ 
    _ _ _ _ _ _ _ 3 _ 
  _ _ _ _ _ _ _ _ _ _ 
  _ _ _ _ 4 4 2 _ _   
_ _ _ _ 3 2 5 3 _ _   
_ _ _ _ _ 5 _ _ _     
_ _ _ _ 3 2 _ _       
_ _ _ _ _ _ _         
  _ _ _ _             
            _ _ _ _   
         _ _ _ _ 2 _ _ 
        _ _ 3 _ _ 5 2 _ 
       _ _ _ _ _ _ _ 3 _ 
      _ _ _ _ _ _ _ _ _ _ 
       _ _ _ _ 4 4 2 _ _   
      _ _ _ _ 3 2 5 3 _ _   
       _ _ _ _ _ 5 _ _ _     
        _ _ _ _ 3 2 _ _       
         _ _ _ _ _ _ _         
            _ _ _ _             
starting iteration on above
I, player 2 did  S 3 10 M 2 7 which means 
            _ _ _ _   
        _ _ _ _ 2 _ _ 
      _ _ 3 _ _ 5 2 _ 
    _ _ _ _ _ _ _ 3 _ 
  _ _ _ _ _ _ _ _ _ _ 
  _ _ _ _ 4 4 2 _ _   
_ _ _ _ 3 2 5 3 _ _   
_ _ _ _ 3 5 _ _ _     
_ _ _ _ 5 2 _ _       
_ _ _ _ _ _ _         
  _ _ _ _             
            _ _ _ _   
         _ _ _ _ 2 _ _ 
        _ _ 3 _ _ 5 2 _ 
       _ _ _ _ _ _ _ 3 _ 
      _ _ _ _ _ _ _ _ _ _ 
       _ _ _ _ 4 4 2 _ _   
      _ _ _ _ 3 2 5 3 _ _   
       _ _ _ _ 3 5 _ _ _     
        _ _ _ _ 5 2 _ _       
         _ _ _ _ _ _ _         
            _ _ _ _             
He did S 3 9 M 3 11
lets see this one
            _ _ _ _   
        _ _ _ _ 2 _ _ 
      _ _ 3 _ _ 5 2 _ 
    _ _ _ _ _ _ _ 3 _ 
  _ _ _ _ _ _ _ _ _ _ 
  _ _ _ _ 4 4 2 _ _   
_ _ _ _ 3 2 5 3 _ _   
_ _ _ _ 3 5 _ _ _     
_ _ _ 2 4 4 _ _       
_ _ _ _ _ _ _         
  _ _ _ _             
            _ _ _ _   
         _ _ _ _ 2 _ _ 
        _ _ 3 _ _ 5 2 _ 
       _ _ _ _ _ _ _ 3 _ 
      _ _ _ _ _ _ _ _ _ _ 
       _ _ _ _ 4 4 2 _ _   
      _ _ _ _ 3 2 5 3 _ _   
       _ _ _ _ 3 5 _ _ _     
        _ _ _ 2 4 4 _ _       
         _ _ _ _ _ _ _         
            _ _ _ _             
starting iteration on above
I, player 2 did  S 3 7 M 4 13 which means 
            _ _ _ _   
        _ _ _ _ 2 _ _ 
      _ _ 3 _ _ 5 2 _ 
    _ _ _ _ _ _ _ 3 _ 
  _ _ _ _ _ _ _ _ _ _ 
  _ _ _ _ 4 4 2 _ _   
_ _ _ _ 3 2 5 5 _ _   
_ _ _ _ 3 5 _ _ _     
_ _ _ 2 4 5 _ _       
_ _ _ _ 3 _ _         
  _ _ _ _             
            _ _ _ _   
         _ _ _ _ 2 _ _ 
        _ _ 3 _ _ 5 2 _ 
       _ _ _ _ _ _ _ 3 _ 
      _ _ _ _ _ _ _ _ _ _ 
       _ _ _ _ 4 4 2 _ _   
      _ _ _ _ 3 2 5 5 _ _   
       _ _ _ _ 3 5 _ _ _     
        _ _ _ 2 4 5 _ _       
         _ _ _ _ 3 _ _         
            _ _ _ _             
He did S 1 3 M 4 12
lets see this one
            _ _ _ _   
        _ _ _ _ 2 _ _ 
      _ _ 3 _ _ 5 2 _ 
    _ _ _ _ _ _ _ 3 _ 
  _ _ _ _ _ _ _ _ _ _ 
  _ _ _ _ 4 4 2 _ _   
_ _ _ _ 3 4 5 5 _ _   
_ _ _ _ 3 4 _ _ _     
_ _ _ 2 4 4 _ _       
_ _ _ _ 3 2 _         
  _ _ _ _             
            _ _ _ _   
         _ _ _ _ 2 _ _ 
        _ _ 3 _ _ 5 2 _ 
       _ _ _ _ _ _ _ 3 _ 
      _ _ _ _ _ _ _ _ _ _ 
       _ _ _ _ 4 4 2 _ _   
      _ _ _ _ 3 4 5 5 _ _   
       _ _ _ _ 3 4 _ _ _     
        _ _ _ 2 4 4 _ _       
         _ _ _ _ 3 2 _         
            _ _ _ _             
starting iteration on above
I, player 2 did  S 4 13 M 3 8 which means 
            _ _ _ _   
        _ _ _ _ 2 _ _ 
      _ _ 3 _ _ 5 2 _ 
    _ _ _ _ _ _ _ 3 _ 
  _ _ _ _ _ _ _ _ _ _ 
  _ _ _ _ 4 4 2 _ _   
_ _ _ _ 3 4 5 5 _ _   
_ _ _ _ 3 4 3 _ _     
_ _ _ 2 4 5 _ _       
_ _ _ _ 5 2 _         
  _ _ _ _             
            _ _ _ _   
         _ _ _ _ 2 _ _ 
        _ _ 3 _ _ 5 2 _ 
       _ _ _ _ _ _ _ 3 _ 
      _ _ _ _ _ _ _ _ _ _ 
       _ _ _ _ 4 4 2 _ _   
      _ _ _ _ 3 4 5 5 _ _   
       _ _ _ _ 3 4 3 _ _     
        _ _ _ 2 4 5 _ _       
         _ _ _ _ 5 2 _         
            _ _ _ _             
He did S 3 11 M 4 11
lets see this one
            _ _ _ _   
        _ _ _ _ 2 _ _ 
      _ _ 3 _ _ 5 2 _ 
    _ _ _ _ _ _ _ 3 _ 
  _ _ _ _ _ _ _ _ _ _ 
  _ _ _ _ 4 4 2 _ _   
_ _ _ _ 3 4 5 5 _ _   
_ _ _ _ 3 4 3 _ _     
_ _ _ 4 5 4 2 _       
_ _ _ _ 5 2 _         
  _ _ _ _             
            _ _ _ _   
         _ _ _ _ 2 _ _ 
        _ _ 3 _ _ 5 2 _ 
       _ _ _ _ _ _ _ 3 _ 
      _ _ _ _ _ _ _ _ _ _ 
       _ _ _ _ 4 4 2 _ _   
      _ _ _ _ 3 4 5 5 _ _   
       _ _ _ _ 3 4 3 _ _     
        _ _ _ 4 5 4 2 _       
         _ _ _ _ 5 2 _         
            _ _ _ _             
starting iteration on above
I, player 2 did  S 1 4 M 4 9 which means 
            _ _ _ _   
        _ _ _ _ 2 _ _ 
      _ _ 3 _ _ 5 2 _ 
    _ _ _ _ _ _ _ 3 _ 
  _ _ _ _ _ _ _ _ _ _ 
  _ _ _ _ 4 4 2 _ _   
_ _ _ _ 5 5 4 4 3 _   
_ _ _ _ 3 4 3 _ _     
_ _ _ 4 5 4 2 _       
_ _ _ _ 5 2 _         
  _ _ _ _             
            _ _ _ _   
         _ _ _ _ 2 _ _ 
        _ _ 3 _ _ 5 2 _ 
       _ _ _ _ _ _ _ 3 _ 
      _ _ _ _ _ _ _ _ _ _ 
       _ _ _ _ 4 4 2 _ _   
      _ _ _ _ 5 5 4 4 3 _   
       _ _ _ _ 3 4 3 _ _     
        _ _ _ 4 5 4 2 _       
         _ _ _ _ 5 2 _         
            _ _ _ _             
He did S 4 12 M 4 14
lets see this one
            _ _ _ _   
        _ _ _ _ 2 _ _ 
      _ _ 3 _ _ 5 2 _ 
    _ _ _ _ _ _ _ 3 _ 
  _ _ _ _ _ _ _ _ _ _ 
  _ _ _ _ 4 4 2 _ _   
_ _ _ _ 5 5 4 4 3 _   
_ _ _ _ 3 4 3 _ _     
_ _ _ 4 5 4 2 _       
_ _ _ 2 4 4 _         
  _ _ _ _             
            _ _ _ _   
         _ _ _ _ 2 _ _ 
        _ _ 3 _ _ 5 2 _ 
       _ _ _ _ _ _ _ 3 _ 
      _ _ _ _ _ _ _ _ _ _ 
       _ _ _ _ 4 4 2 _ _   
      _ _ _ _ 5 5 4 4 3 _   
       _ _ _ _ 3 4 3 _ _     
        _ _ _ 4 5 4 2 _       
         _ _ _ 2 4 4 _         
            _ _ _ _             
starting iteration on above
I, player 2 did  S 4 6 M 2 1 which means 
            _ _ _ _   
        _ _ _ _ 2 _ _ 
      _ _ 3 _ _ 5 2 _ 
    _ _ _ _ 3 _ _ 5 _ 
  _ _ _ _ _ _ _ _ _ _ 
  _ _ _ _ 4 4 2 _ _   
_ _ _ _ 5 5 4 4 3 _   
_ _ _ _ 3 4 3 _ _     
_ _ _ 4 5 4 2 _       
_ _ _ 2 4 4 _         
  _ _ _ _             
            _ _ _ _   
         _ _ _ _ 2 _ _ 
        _ _ 3 _ _ 5 2 _ 
       _ _ _ _ 3 _ _ 5 _ 
      _ _ _ _ _ _ _ _ _ _ 
       _ _ _ _ 4 4 2 _ _   
      _ _ _ _ 5 5 4 4 3 _   
       _ _ _ _ 3 4 3 _ _     
        _ _ _ 4 5 4 2 _       
         _ _ _ 2 4 4 _         
            _ _ _ _             
He did S 4 3 M 3 4
lets see this one
            _ _ _ _   
        _ _ _ _ 4 _ _ 
      _ _ 3 _ _ 4 2 _ 
    _ _ _ _ 3 _ 2 5 _ 
  _ _ _ _ _ _ _ _ _ _ 
  _ _ _ _ 4 4 2 _ _   
_ _ _ _ 5 5 4 4 3 _   
_ _ _ _ 3 4 3 _ _     
_ _ _ 4 5 4 2 _       
_ _ _ 2 4 4 _         
  _ _ _ _             
            _ _ _ _   
         _ _ _ _ 4 _ _ 
        _ _ 3 _ _ 4 2 _ 
       _ _ _ _ 3 _ 2 5 _ 
      _ _ _ _ _ _ _ _ _ _ 
       _ _ _ _ 4 4 2 _ _   
      _ _ _ _ 5 5 4 4 3 _   
       _ _ _ _ 3 4 3 _ _     
        _ _ _ 4 5 4 2 _       
         _ _ _ 2 4 4 _         
            _ _ _ _             
starting iteration on above
I, player 2 did  S 3 8 M 1 1 which means 
            _ _ _ _   
        _ _ _ _ 4 _ _ 
      _ _ 3 _ _ 4 2 _ 
    _ _ _ _ 3 _ 2 5 _ 
  _ _ _ _ _ 3 _ _ _ _ 
  _ _ _ _ 4 5 2 _ _   
_ _ _ _ 5 5 5 4 3 _   
_ _ _ _ 3 4 5 _ _     
_ _ _ 4 5 4 2 _       
_ _ _ 2 4 4 _         
  _ _ _ _             
            _ _ _ _   
         _ _ _ _ 4 _ _ 
        _ _ 3 _ _ 4 2 _ 
       _ _ _ _ 3 _ 2 5 _ 
      _ _ _ _ _ 3 _ _ _ _ 
       _ _ _ _ 4 5 2 _ _   
      _ _ _ _ 5 5 5 4 3 _   
       _ _ _ _ 3 4 5 _ _     
        _ _ _ 4 5 4 2 _       
         _ _ _ 2 4 4 _         
            _ _ _ _             
He did S 3 4 M 2 3
lets see this one
            _ _ _ _   
        _ _ _ _ 4 _ _ 
      _ _ 3 _ _ 4 2 _ 
    _ _ _ _ 3 _ 4 5 _ 
  _ _ _ _ _ 3 2 _ _ _ 
  _ _ _ _ 4 5 2 _ _   
_ _ _ _ 5 5 5 4 3 _   
_ _ _ _ 3 4 5 _ _     
_ _ _ 4 5 4 2 _       
_ _ _ 2 4 4 _         
  _ _ _ _             
            _ _ _ _   
         _ _ _ _ 4 _ _ 
        _ _ 3 _ _ 4 2 _ 
       _ _ _ _ 3 _ 4 5 _ 
      _ _ _ _ _ 3 2 _ _ _ 
       _ _ _ _ 4 5 2 _ _   
      _ _ _ _ 5 5 5 4 3 _   
       _ _ _ _ 3 4 5 _ _     
        _ _ _ 4 5 4 2 _       
         _ _ _ 2 4 4 _         
            _ _ _ _             
starting iteration on above
I, player 2 did  S 1 1 M 2 2 which means 
            _ _ _ _   
        _ _ _ _ 4 _ _ 
      _ _ 3 _ _ 4 2 _ 
    _ _ _ _ 3 3 4 5 _ 
  _ _ _ _ _ 5 2 _ _ _ 
  _ _ _ _ 4 5 2 _ _   
_ _ _ _ 5 5 5 4 3 _   
_ _ _ _ 3 4 5 _ _     
_ _ _ 4 5 4 2 _       
_ _ _ 2 4 4 _         
  _ _ _ _             
            _ _ _ _   
         _ _ _ _ 4 _ _ 
        _ _ 3 _ _ 4 2 _ 
       _ _ _ _ 3 3 4 5 _ 
      _ _ _ _ _ 5 2 _ _ _ 
       _ _ _ _ 4 5 2 _ _   
      _ _ _ _ 5 5 5 4 3 _   
       _ _ _ _ 3 4 5 _ _     
        _ _ _ 4 5 4 2 _       
         _ _ _ 2 4 4 _         
            _ _ _ _             
He did S 4 5 M 4 7
lets see this one
            _ _ _ _   
        _ _ _ _ 4 _ _ 
      _ _ 3 _ _ 4 4 _ 
    _ _ _ _ 3 3 4 4 _ 
  _ _ _ _ _ 5 2 _ 2 _ 
  _ _ _ _ 4 5 2 _ _   
_ _ _ _ 5 5 5 4 3 _   
_ _ _ _ 3 4 5 _ _     
_ _ _ 4 5 4 2 _       
_ _ _ 2 4 4 _         
  _ _ _ _             
            _ _ _ _   
         _ _ _ _ 4 _ _ 
        _ _ 3 _ _ 4 4 _ 
       _ _ _ _ 3 3 4 4 _ 
      _ _ _ _ _ 5 2 _ 2 _ 
       _ _ _ _ 4 5 2 _ _   
      _ _ _ _ 5 5 5 4 3 _   
       _ _ _ _ 3 4 5 _ _     
        _ _ _ 4 5 4 2 _       
         _ _ _ 2 4 4 _         
            _ _ _ _             
starting iteration on above
I, player 2 did  S 2 1 M 2 9 RS 3 8 RE 2 1 X 2 2 which means 
            _ _ _ _   
        _ _ _ _ 4 _ _ 
      _ _ 3 _ _ 4 4 _ 
    _ _ _ _ _ _ 4 4 _ 
  _ _ _ _ _ _ 2 _ 2 _ 
  _ _ _ _ 4 _ 2 _ _   
_ _ _ 3 5 5 _ 4 3 _   
_ _ _ _ 3 4 _ _ _     
_ _ _ 4 5 4 2 _       
_ _ _ 2 4 4 _         
  _ _ _ _             
            _ _ _ _   
         _ _ _ _ 4 _ _ 
        _ _ 3 _ _ 4 4 _ 
       _ _ _ _ _ _ 4 4 _ 
      _ _ _ _ _ _ 2 _ 2 _ 
       _ _ _ _ 4 _ 2 _ _   
      _ _ _ 3 5 5 _ 4 3 _   
       _ _ _ _ 3 4 _ _ _     
        _ _ _ 4 5 4 2 _       
         _ _ _ 2 4 4 _         
            _ _ _ _             
He did S 4 14 M 2 5
lets see this one
            _ _ _ _   
        _ _ _ _ 4 _ _ 
      _ _ 3 _ _ 4 4 _ 
    _ _ _ _ _ _ 4 4 _ 
  _ _ _ _ _ _ 2 _ 2 _ 
  _ _ _ _ 4 _ 2 _ _   
_ _ _ 3 5 5 2 4 3 _   
_ _ _ _ 3 5 _ _ _     
_ _ _ 4 4 4 2 _       
_ _ _ 4 4 4 _         
  _ _ _ _             
            _ _ _ _   
         _ _ _ _ 4 _ _ 
        _ _ 3 _ _ 4 4 _ 
       _ _ _ _ _ _ 4 4 _ 
      _ _ _ _ _ _ 2 _ 2 _ 
       _ _ _ _ 4 _ 2 _ _   
      _ _ _ 3 5 5 2 4 3 _   
       _ _ _ _ 3 5 _ _ _     
        _ _ _ 4 4 4 2 _       
         _ _ _ 4 4 4 _         
            _ _ _ _             
starting iteration on above
I, player 2 did  S 2 7 M 4 15 which means 
            _ _ _ _   
        _ _ _ _ 4 _ _ 
      _ _ 3 _ _ 4 4 _ 
    _ _ _ _ _ _ 4 4 _ 
  _ _ _ _ _ _ 2 _ 2 _ 
  _ _ _ _ 4 _ 2 _ _   
_ _ _ 3 5 5 2 4 3 _   
_ _ _ _ 5 5 _ _ _     
_ _ _ 5 4 4 2 _       
_ _ 3 4 4 4 _         
  _ _ _ _             
            _ _ _ _   
         _ _ _ _ 4 _ _ 
        _ _ 3 _ _ 4 4 _ 
       _ _ _ _ _ _ 4 4 _ 
      _ _ _ _ _ _ 2 _ 2 _ 
       _ _ _ _ 4 _ 2 _ _   
      _ _ _ 3 5 5 2 4 3 _   
       _ _ _ _ 5 5 _ _ _     
        _ _ _ 5 4 4 2 _       
         _ _ 3 4 4 4 _         
            _ _ _ _             
He did S 2 3 M 1 2
lets see this one
            _ _ _ _   
        _ _ _ _ 4 _ _ 
      _ _ 3 _ _ 4 4 _ 
    _ _ _ _ _ _ 4 4 _ 
  _ _ _ _ _ _ 4 _ 2 _ 
  _ _ _ _ 4 2 2 _ _   
_ _ _ 3 5 5 2 4 3 _   
_ _ _ _ 5 5 _ _ _     
_ _ _ 5 4 4 2 _       
_ _ 3 4 4 4 _         
  _ _ _ _             
            _ _ _ _   
         _ _ _ _ 4 _ _ 
        _ _ 3 _ _ 4 4 _ 
       _ _ _ _ _ _ 4 4 _ 
      _ _ _ _ _ _ 4 _ 2 _ 
       _ _ _ _ 4 2 2 _ _   
      _ _ _ 3 5 5 2 4 3 _   
       _ _ _ _ 5 5 _ _ _     
        _ _ _ 5 4 4 2 _       
         _ _ 3 4 4 4 _         
            _ _ _ _             
starting iteration on above
I, player 2 did  S 4 15 M 5 19 which means 
            _ _ _ _   
        _ _ _ _ 4 _ _ 
      _ _ 3 _ _ 4 4 _ 
    _ _ _ _ _ _ 4 4 _ 
  _ _ _ _ _ _ 4 _ 2 _ 
  _ _ _ _ 4 2 2 _ _   
_ _ _ 3 5 5 2 4 3 _   
_ _ _ _ 5 5 _ _ _     
_ _ _ 5 4 4 2 _       
_ _ 5 4 4 4 _         
  3 _ _ _             
            _ _ _ _   
         _ _ _ _ 4 _ _ 
        _ _ 3 _ _ 4 4 _ 
       _ _ _ _ _ _ 4 4 _ 
      _ _ _ _ _ _ 4 _ 2 _ 
       _ _ _ _ 4 2 2 _ _   
      _ _ _ 3 5 5 2 4 3 _   
       _ _ _ _ 5 5 _ _ _     
        _ _ _ 5 4 4 2 _       
         _ _ 5 4 4 4 _         
            3 _ _ _             
He did S 4 11 M 3 12
lets see this one
            _ _ _ _   
        _ _ _ _ 4 _ _ 
      _ _ 3 _ _ 4 4 _ 
    _ _ _ _ _ _ 4 4 _ 
  _ _ _ _ _ _ 4 _ 2 _ 
  _ _ _ _ 4 2 2 _ _   
_ _ _ 3 5 5 2 4 3 _   
_ _ _ _ 5 5 _ _ _     
_ _ 2 4 5 5 4 _       
_ _ 5 4 4 4 _         
  3 _ _ _             
            _ _ _ _   
         _ _ _ _ 4 _ _ 
        _ _ 3 _ _ 4 4 _ 
       _ _ _ _ _ _ 4 4 _ 
      _ _ _ _ _ _ 4 _ 2 _ 
       _ _ _ _ 4 2 2 _ _   
      _ _ _ 3 5 5 2 4 3 _   
       _ _ _ _ 5 5 _ _ _     
        _ _ 2 4 5 5 4 _       
         _ _ 5 4 4 4 _         
            3 _ _ _             
starting iteration on above
I, player 2 did  S 3 0 M 5 7 which means 
            _ _ _ _   
        _ _ _ _ 4 _ _ 
      _ _ 5 _ _ 5 5 3 
    _ _ _ _ _ _ 4 4 _ 
  _ _ _ _ _ _ 4 _ 2 _ 
  _ _ _ _ 4 2 2 _ _   
_ _ _ 3 5 5 2 4 3 _   
_ _ _ _ 5 5 _ _ _     
_ _ 2 4 5 5 4 _       
_ _ 5 4 4 4 _         
  3 _ _ _             
            _ _ _ _   
         _ _ _ _ 4 _ _ 
        _ _ 5 _ _ 5 5 3 
       _ _ _ _ _ _ 4 4 _ 
      _ _ _ _ _ _ 4 _ 2 _ 
       _ _ _ _ 4 2 2 _ _   
      _ _ _ 3 5 5 2 4 3 _   
       _ _ _ _ 5 5 _ _ _     
        _ _ 2 4 5 5 4 _       
         _ _ 5 4 4 4 _         
            3 _ _ _             
He did S 2 5 M 5 18
lets see this one
            _ _ _ _   
        _ _ _ _ 4 _ _ 
      _ _ 5 _ _ 5 5 3 
    _ _ _ _ _ _ 4 4 _ 
  _ _ _ _ _ _ 4 _ 2 _ 
  _ _ _ _ 4 2 2 _ _   
_ _ _ 3 5 5 4 4 3 _   
_ _ _ _ 5 4 _ _ _     
_ _ 2 4 4 5 4 _       
_ _ 5 5 4 4 _         
  3 2 _ _             
            _ _ _ _   
         _ _ _ _ 4 _ _ 
        _ _ 5 _ _ 5 5 3 
       _ _ _ _ _ _ 4 4 _ 
      _ _ _ _ _ _ 4 _ 2 _ 
       _ _ _ _ 4 2 2 _ _   
      _ _ _ 3 5 5 4 4 3 _   
       _ _ _ _ 5 4 _ _ _     
        _ _ 2 4 4 5 4 _       
         _ _ 5 5 4 4 _         
            3 2 _ _             
starting iteration on above
I, player 2 did  S 2 9 M 3 2 which means 
            _ _ _ _   
        _ _ _ _ 4 _ _ 
      _ _ 5 _ 3 5 5 3 
    _ _ _ _ _ _ 4 4 _ 
  _ _ _ _ _ _ 4 _ 2 _ 
  _ _ _ _ 4 2 2 _ _   
_ _ _ 5 5 5 4 4 3 _   
_ _ _ _ 5 4 _ _ _     
_ _ 2 4 4 5 4 _       
_ _ 5 5 4 4 _         
  3 2 _ _             
            _ _ _ _   
         _ _ _ _ 4 _ _ 
        _ _ 5 _ 3 5 5 3 
       _ _ _ _ _ _ 4 4 _ 
      _ _ _ _ _ _ 4 _ 2 _ 
       _ _ _ _ 4 2 2 _ _   
      _ _ _ 5 5 5 4 4 3 _   
       _ _ _ _ 5 4 _ _ _     
        _ _ 2 4 4 5 4 _       
         _ _ 5 5 4 4 _         
            3 2 _ _             
He did S 5 18 M 5 17
lets see this one
            _ _ _ _   
        _ _ _ _ 4 _ _ 
      _ _ 5 _ 3 5 5 3 
    _ _ _ _ _ _ 4 4 _ 
  _ _ _ _ _ _ 4 _ 2 _ 
  _ _ _ _ 4 2 2 _ _   
_ _ _ 5 5 5 4 4 3 _   
_ _ _ _ 5 4 _ _ _     
_ _ 2 4 4 5 4 _       
_ _ 5 5 4 4 _         
  3 4 2 _             
            _ _ _ _   
         _ _ _ _ 4 _ _ 
        _ _ 5 _ 3 5 5 3 
       _ _ _ _ _ _ 4 4 _ 
      _ _ _ _ _ _ 4 _ 2 _ 
       _ _ _ _ 4 2 2 _ _   
      _ _ _ 5 5 5 4 4 3 _   
       _ _ _ _ 5 4 _ _ _     
        _ _ 2 4 4 5 4 _       
         _ _ 5 5 4 4 _         
            3 4 2 _             
starting iteration on above
I, player 2 did  S 5 19 M 4 16 which means 
            _ _ _ _   
        _ _ _ _ 4 _ _ 
      _ _ 5 _ 3 5 5 3 
    _ _ _ _ _ _ 4 4 _ 
  _ _ _ _ _ _ 4 _ 2 _ 
  _ _ _ _ 4 2 2 _ _   
_ _ _ 5 5 5 4 4 3 _   
_ _ _ _ 5 4 _ _ _     
_ _ 2 4 4 5 4 _       
_ 3 5 5 4 4 _         
  5 4 2 _             
            _ _ _ _   
         _ _ _ _ 4 _ _ 
        _ _ 5 _ 3 5 5 3 
       _ _ _ _ _ _ 4 4 _ 
      _ _ _ _ _ _ 4 _ 2 _ 
       _ _ _ _ 4 2 2 _ _   
      _ _ _ 5 5 5 4 4 3 _   
       _ _ _ _ 5 4 _ _ _     
        _ _ 2 4 4 5 4 _       
         _ 3 5 5 4 4 _         
            5 4 2 _             
He did S 5 17 M 2 8 RS 5 18 RE 2 5 X 3 12
lets see this one
            _ _ _ _   
        _ _ _ _ 4 _ _ 
      _ _ 5 _ 3 5 5 3 
    _ _ _ _ _ _ 4 4 _ 
  _ _ _ _ _ _ 4 _ 2 _ 
  _ _ _ _ 4 2 2 _ _   
_ _ _ 5 5 5 _ 4 3 _   
_ _ _ 2 5 _ _ _ _     
_ _ _ 5 _ 5 4 _       
_ 3 5 _ 4 4 _         
  5 _ 4 _             
            _ _ _ _   
         _ _ _ _ 4 _ _ 
        _ _ 5 _ 3 5 5 3 
       _ _ _ _ _ _ 4 4 _ 
      _ _ _ _ _ _ 4 _ 2 _ 
       _ _ _ _ 4 2 2 _ _   
      _ _ _ 5 5 5 _ 4 3 _   
       _ _ _ 2 5 _ _ _ _     
        _ _ _ 5 _ 5 4 _       
         _ 3 5 _ 4 4 _         
            5 _ 4 _             
starting iteration on above
I, player 2 did RS 5 19 RE 1 3 X 5 7 S 3 2 M 3 1 which means 
            _ _ _ _   
        _ _ _ _ 4 _ _ 
      _ _ 5 3 5 5 5 _ 
    _ _ _ _ _ _ 4 4 _ 
  _ _ _ _ _ _ 4 _ 2 _ 
  _ _ _ _ 4 2 2 _ _   
_ _ _ 5 5 _ _ 4 3 _   
_ _ _ 2 _ _ _ _ _     
_ _ _ _ _ 5 4 _       
_ 3 _ _ 4 4 _         
  _ _ 4 _             
            _ _ _ _   
         _ _ _ _ 4 _ _ 
        _ _ 5 3 5 5 5 _ 
       _ _ _ _ _ _ 4 4 _ 
      _ _ _ _ _ _ 4 _ 2 _ 
       _ _ _ _ 4 2 2 _ _   
      _ _ _ 5 5 _ _ 4 3 _   
       _ _ _ 2 _ _ _ _ _     
        _ _ _ _ _ 5 4 _       
         _ 3 _ _ 4 4 _         
            _ _ 4 _             
He did S 1 2 M 1 3
lets see this one
            _ _ _ _   
        _ _ _ _ 4 _ _ 
      _ _ 5 3 5 5 5 _ 
    _ _ _ _ _ _ 4 4 _ 
  _ _ _ _ _ _ 4 _ 2 _ 
  _ _ _ _ 4 4 2 _ _   
_ _ _ 5 5 2 _ 4 3 _   
_ _ _ 2 _ _ _ _ _     
_ _ _ _ _ 5 4 _       
_ 3 _ _ 4 4 _         
  _ _ 4 _             
            _ _ _ _   
         _ _ _ _ 4 _ _ 
        _ _ 5 3 5 5 5 _ 
       _ _ _ _ _ _ 4 4 _ 
      _ _ _ _ _ _ 4 _ 2 _ 
       _ _ _ _ 4 4 2 _ _   
      _ _ _ 5 5 2 _ 4 3 _   
       _ _ _ 2 _ _ _ _ _     
        _ _ _ _ _ 5 4 _       
         _ 3 _ _ 4 4 _         
            _ _ 4 _             
starting iteration on above
I, player 2 did  S 3 1 M 2 5 RS 3 0 RE 4 5 X 2 5 which means 
            _ _ _ _   
        _ _ _ _ 4 _ _ 
      _ _ _ _ _ _ _ _ 
    _ _ _ _ _ _ 4 4 _ 
  _ _ _ _ _ _ 4 _ 2 _ 
  _ _ _ _ 4 5 2 _ _   
_ _ _ 5 5 2 _ 4 3 _   
_ _ _ 2 _ _ _ _ _     
_ _ _ _ _ 5 4 _       
_ 3 _ _ 4 4 _         
  _ _ 4 _             
            _ _ _ _   
         _ _ _ _ 4 _ _ 
        _ _ _ _ _ _ _ _ 
       _ _ _ _ _ _ 4 4 _ 
      _ _ _ _ _ _ 4 _ 2 _ 
       _ _ _ _ 4 5 2 _ _   
      _ _ _ 5 5 2 _ 4 3 _   
       _ _ _ 2 _ _ _ _ _     
        _ _ _ _ _ 5 4 _       
         _ 3 _ _ 4 4 _         
            _ _ 4 _             
