***********************************

-> You are player 2
-> You are alloted a time of 120s

***********************************

Player 1 played : P 0 0
P 0 0 True
Time remaining is: 120s
You played : P 2 1
P 2 1 True
Player 1 played : P 1 0
P 1 0 True
Time remaining is: 119s
You played : P 1 5
P 1 5 True
Player 1 played : P 1 1
P 1 1 True
Time remaining is: 117s
You played : P 3 14
P 3 14 True
Player 1 played : P 1 2
P 1 2 True
Time remaining is: 116s
You played : P 5 23
P 5 23 True
Player 1 played : P 1 3
P 1 3 True
Time remaining is: 114s
You played : P 4 10
P 4 10 True
Player 1 played : S 1 3 M 5 19
S 1 3 True
M 5 19 True
Time remaining is: 114s
You played : S 5 23 M 5 2
S 5 23 True
M 5 2 True
Player 1 played : S 1 2 M 2 7
S 1 2 True
M 2 7 True
Time remaining is: 113s
You played : S 5 2 M 4 19
S 5 2 True
M 4 19 True
Player 1 played : S 2 7 M 3 11
S 2 7 True
M 3 11 True
Time remaining is: 112s
You played : S 4 10 M 2 6
S 4 10 True
M 2 6 True
Player 1 played : S 3 11 M 4 15
S 3 11 True
M 4 15 True
Time remaining is: 111s
You played : S 4 19 M 4 17
S 4 19 True
M 4 17 True
Player 1 played : S 5 19 M 5 16
S 5 19 True
M 5 16 True
Time remaining is: 111s
You played : S 4 17 M 3 10
S 4 17 True
M 3 10 True
Player 1 played : S 5 16 M 4 9
S 5 16 True
M 4 9 True
Time remaining is: 111s
You played : S 3 10 M 4 11
S 3 10 True
M 4 11 True
Player 1 played : S 4 9 M 5 12
S 4 9 True
M 5 12 True
Time remaining is: 110s
You played : S 2 6 M 3 9
S 2 6 True
M 3 9 True
Player 1 played : S 5 12 M 3 6
S 5 12 True
M 3 6 True
Time remaining is: 110s
You played : S 3 14 M 3 12
S 3 14 True
M 3 12 True
Player 1 played : S 3 6 M 3 8
S 3 6 True
M 3 8 True
Time remaining is: 110s
You played : S 3 12 M 5 22
S 3 12 True
M 5 22 True
Player 1 played : S 3 8 M 2 8
S 3 8 True
M 2 8 True
Time remaining is: 109s
You played : S 3 9 M 3 7
S 3 9 True
M 3 7 True
Player 1 played : S 4 15 M 2 3 RS 1 3 RE 5 19 X 2 8
S 4 15 True
M 2 3 True
RS 1 3 True
RE 5 19 True
X 2 8 True
Time remaining is: 109s
You played : S 3 7 M 4 7
S 3 7 True
M 4 7 True
Player 1 played : S 2 3 M 5 13
S 2 3 True
M 5 13 True
Time remaining is: 109s
You played : S 4 7 M 3 5
S 4 7 True
M 3 5 True
Player 1 played : S 1 1 M 2 5
S 1 1 True
M 2 5 True
Time remaining is: 109s
You played : S 3 5 M 4 6
S 3 5 True
M 4 6 True
Player 1 played : S 5 13 M 5 14
S 5 13 True
M 5 14 True
Time remaining is: 109s
You played : S 4 11 M 3 11
S 4 11 True
M 3 11 True
Player 1 played : S 5 14 M 4 12
S 5 14 True
M 4 12 True
Time remaining is: 108s
You played : S 4 6 M 4 8
S 4 6 True
M 4 8 True
Player 1 played : S 2 5 M 2 4
S 2 5 True
M 2 4 True
Time remaining is: 108s
You played : S 4 8 M 5 9
S 4 8 True
M 5 9 True
Player 1 played : S 2 4 M 5 7 RS 4 6 RE 2 6 X 4 12
S 2 4 True
M 5 7 True
RS 4 6 True
RE 2 6 True
X 4 12 True
Time remaining is: 107s
You played : S 5 9 M 5 8 RS 4 11 RE 5 9 X 2 1
S 5 9 True
M 5 8 True
RS 4 11 True
RE 5 9 True
X 2 1 True
Player 1 played : S 5 7 M 4 14
S 5 7 True
M 4 14 True
Time remaining is: 107s
You played : S 3 11 M 2 7
S 3 11 True
M 2 7 True
Player 1 played : S 4 14 M 5 18
S 4 14 True
M 5 18 True
Time remaining is: 106s
You played : S 5 8 M 4 13
S 5 8 True
M 4 13 True
Player 1 played : S 5 18 M 2 6
S 5 18 True
M 2 6 True
Time remaining is: 106s
You played : S 2 7 M 1 3
S 2 7 True
M 1 3 True
Player 1 played : S 2 6 M 4 12
S 2 6 True
M 4 12 True
Time remaining is: 106s
You played : S 1 5 M 5 21
S 1 5 True
M 5 21 True
Player 1 played : S 1 0 M 3 5
S 1 0 True
M 3 5 True
Time remaining is: 106s
You played : S 5 22 M 5 24
S 5 22 True
M 5 24 True
Player 1 played : S 3 5 M 5 9
S 3 5 True
M 5 9 True
Time remaining is: 106s
You played : S 5 24 M 4 23
S 5 24 True
M 4 23 True
Player 1 played : S 0 0 M 4 16
S 0 0 True
M 4 16 True
Time remaining is: 105s
You played : S 1 3 M 2 5
S 1 3 True
M 2 5 True
Player 1 played : S 5 9 M 2 11
S 5 9 True
M 2 11 True
Time remaining is: 105s
You played : S 4 23 M 3 2
S 4 23 True
M 3 2 True
Player 1 played : S 4 12 M 4 8
S 4 12 True
M 4 8 True
Time remaining is: 104s
You played : S 2 5 M 2 1
S 2 5 True
M 2 1 True
Player 1 played : S 4 8 M 4 11
S 4 8 True
M 4 11 True
Time remaining is: 104s
You played : S 2 1 M 4 22
S 2 1 True
M 4 22 True
Player 1 played : S 4 11 M 3 1
S 4 11 True
M 3 1 True
Time remaining is: 103s
You played : S 4 22 M 2 2
S 4 22 True
M 2 2 True
Player 1 played : S 2 11 M 1 4
S 2 11 True
M 1 4 True
Time remaining is: 103s
You played : S 2 2 M 2 4
S 2 2 True
M 2 4 True
Player 1 played : S 1 4 M 4 9 RS 0 0 RE 4 12 X 3 1
S 1 4 True
M 4 9 True
RS 0 0 True
RE 4 12 True
X 3 1 True
OTHER PLAYER WINS!
Your Score : 1.02
Opponent's Score : 9.019
