-----------------------------My Move P 5 9
  
            .     .              
         .     .     .           
      .     .     .     .        
   .     .     .     .     .     
      .     .     .     .        
   .     .     .     .     .     
.     .     .     .     .     .  
   .     .     .     .     .     
.     .     .     .     .     .  
   .     .     .     .     .     
.     .     .     .     .     .  
   .     .     .     .     .     
.     .     .     .     .     0  
   .     .     .     .     .     
      .     .     .     .        
   .     .     .     .     .     
      .     .     .     .        
         .     .     .           
            .     .              
-----------------------------Opp Move P 0 0
0:0 1:3 2:0 3:0 4:0 5:0 6:3 7:0 8:0 9:0 10:0 0:0 1:3 2:0 3:0 4:0 5:0 6:3 7:0 8:0 9:0 10:0   
            .     .              
         .     .     .           
      .     .     .     .        
   .     .     .     .     .     
      .     .     .     .        
   .     .     .     .     .     
.     .     .     .     .     .  
   .     .     .     .     .     
.     .     .     .     .     .  
   .     .     #     .     .     
.     .     .     .     .     .  
   .     .     .     .     .     
.     .     .     .     .     0  
   .     .     .     .     .     
      .     .     .     .        
   .     .     .     .     .     
      .     .     .     .        
         .     .     .           
            .     .              
-----------------------------My Move P 5 8
  
            .     .              
         .     .     .           
      .     .     .     .        
   .     .     .     .     .     
      .     .     .     .        
   .     .     .     .     .     
.     .     .     .     .     .  
   .     .     .     .     .     
.     .     .     .     .     .  
   .     .     #     .     .     
.     .     .     .     .     0  
   .     .     .     .     .     
.     .     .     .     .     0  
   .     .     .     .     .     
      .     .     .     .        
   .     .     .     .     .     
      .     .     .     .        
         .     .     .           
            .     .              
-----------------------------Opp Move P 1 0
0:0 1:5 2:1 3:0 4:0 5:0 6:5 7:1 8:0 9:0 10:0 0:0 1:5 2:1 3:0 4:0 5:0 6:5 7:1 8:0 9:0 10:0   
            .     .              
         .     .     .           
      .     .     .     .        
   .     .     .     .     .     
      .     .     .     .        
   .     .     .     .     .     
.     .     .     .     .     .  
   .     .     #     .     .     
.     .     .     .     .     .  
   .     .     #     .     .     
.     .     .     .     .     0  
   .     .     .     .     .     
.     .     .     .     .     0  
   .     .     .     .     .     
      .     .     .     .        
   .     .     .     .     .     
      .     .     .     .        
         .     .     .           
            .     .              
-----------------------------My Move P 5 7
  
            .     .              
         .     .     .           
      .     .     .     .        
   .     .     .     .     .     
      .     .     .     .        
   .     .     .     .     .     
.     .     .     .     .     .  
   .     .     #     .     .     
.     .     .     .     .     0  
   .     .     #     .     .     
.     .     .     .     .     0  
   .     .     .     .     .     
.     .     .     .     .     0  
   .     .     .     .     .     
      .     .     .     .        
   .     .     .     .     .     
      .     .     .     .        
         .     .     .           
            .     .              
-----------------------------Opp Move P 1 1
0:0 1:7 2:1 3:1 4:0 5:0 6:7 7:1 8:1 9:0 10:0 0:0 1:6 2:3 3:0 4:0 5:0 6:6 7:3 8:0 9:0 10:0   
            .     .              
         .     .     .           
      .     .     .     .        
   .     .     .     .     .     
      .     .     .     .        
   .     .     .     .     .     
.     .     .     .     .     .  
   .     .     #     .     .     
.     .     .     #     .     0  
   .     .     #     .     .     
.     .     .     .     .     0  
   .     .     .     .     .     
.     .     .     .     .     0  
   .     .     .     .     .     
      .     .     .     .        
   .     .     .     .     .     
      .     .     .     .        
         .     .     .           
            .     .              
-----------------------------My Move P 5 6
  
            .     .              
         .     .     .           
      .     .     .     .        
   .     .     .     .     .     
      .     .     .     .        
   .     .     .     .     .     
.     .     .     .     .     0  
   .     .     #     .     .     
.     .     .     #     .     0  
   .     .     #     .     .     
.     .     .     .     .     0  
   .     .     .     .     .     
.     .     .     .     .     0  
   .     .     .     .     .     
      .     .     .     .        
   .     .     .     .     .     
      .     .     .     .        
         .     .     .           
            .     .              
-----------------------------Opp Move P 1 2
0:0 1:9 2:1 3:1 4:1 5:0 6:9 7:1 8:1 9:1 10:0 0:0 1:7 2:5 3:0 4:0 5:0 6:7 7:5 8:0 9:0 10:0   
            .     .              
         .     .     .           
      .     .     .     .        
   .     .     .     .     .     
      .     .     .     .        
   .     .     .     .     .     
.     .     .     .     .     0  
   .     .     #     .     .     
.     .     .     #     .     0  
   .     .     #     .     .     
.     .     .     #     .     0  
   .     .     .     .     .     
.     .     .     .     .     0  
   .     .     .     .     .     
      .     .     .     .        
   .     .     .     .     .     
      .     .     .     .        
         .     .     .           
            .     .              
-----------------------------My Move P 5 11
  
            .     .              
         .     .     .           
      .     .     .     .        
   .     .     .     .     .     
      .     .     .     .        
   .     .     .     .     .     
.     .     .     .     .     0  
   .     .     #     .     .     
.     .     .     #     .     0  
   .     .     #     .     .     
.     .     .     #     .     0  
   .     .     .     .     .     
.     .     .     .     .     0  
   .     .     .     .     .     
      .     .     .     .        
   .     .     .     .     0     
      .     .     .     .        
         .     .     .           
            .     .              
-----------------------------Opp Move P 1 3
0:0 1:12 2:1 3:1 4:1 5:0 6:12 7:1 8:1 9:1 10:0 0:0 1:8 2:6 3:1 4:0 5:0 6:8 7:6 8:1 9:0 10:0   
            .     .              
         .     .     .           
      .     .     .     .        
   .     .     .     .     .     
      .     .     .     .        
   .     .     .     .     .     
.     .     .     .     .     0  
   .     .     #     .     .     
.     .     .     #     .     0  
   .     .     #     .     .     
.     .     .     #     .     0  
   .     .     #     .     .     
.     .     .     .     .     0  
   .     .     .     .     .     
      .     .     .     .        
   .     .     .     .     0     
      .     .     .     .        
         .     .     .           
            .     .              
-----------------------Eval=987
my ring out0
opp ring out0
-----------------------------My Move S 5 6 M 4 3
  
            .     .              
         .     .     .           
      .     .     .     .        
   .     .     .     .     .     
      .     .     .     0        
   .     .     .     .     .     
.     .     .     .     .     o  
   .     .     #     .     .     
.     .     .     #     .     0  
   .     .     #     .     .     
.     .     .     #     .     0  
   .     .     #     .     .     
.     .     .     .     .     0  
   .     .     .     .     .     
      .     .     .     .        
   .     .     .     .     0     
      .     .     .     .        
         .     .     .           
            .     .              
-----------------------------Opp Move S 1 1 M 2 1
0:0 1:15 2:1 3:1 4:1 5:0 6:13 7:1 8:1 9:0 10:0 0:0 1:9 2:7 3:2 4:0 5:0 6:9 7:4 8:2 9:0 10:0   
            .     .              
         .     .     .           
      .     .     .     .        
   .     .     .     .     .     
      .     .     .     0        
   .     .     .     .     .     
.     .     .     #     .     o  
   .     .     #     .     .     
.     .     .     x     .     0  
   .     .     #     .     .     
.     .     .     #     .     0  
   .     .     #     .     .     
.     .     .     .     .     0  
   .     .     .     .     .     
      .     .     .     .        
   .     .     .     .     0     
      .     .     .     .        
         .     .     .           
            .     .              
-----------------------Eval=1462
my ring out0
opp ring out0
-----------------------------My Move S 5 11 M 4 4
  
            .     .              
         .     .     .           
      .     .     .     .        
   .     .     .     .     .     
      .     .     .     0        
   .     .     .     .     0     
.     .     .     #     .     o  
   .     .     #     .     .     
.     .     .     x     .     0  
   .     .     #     .     .     
.     .     .     #     .     0  
   .     .     #     .     .     
.     .     .     .     .     0  
   .     .     .     .     .     
      .     .     .     .        
   .     .     .     .     o     
      .     .     .     .        
         .     .     .           
            .     .              
-----------------------------Opp Move S 2 1 M 2 2
0:0 1:16 2:2 3:2 4:1 5:0 6:12 7:2 8:1 9:0 10:0 0:0 1:10 2:8 3:3 4:0 5:0 6:9 7:4 8:2 9:0 10:0   
            .     .              
         .     .     .           
      .     .     .     .        
   .     .     .     .     .     
      .     .     .     0        
   .     .     .     .     0     
.     .     .     x     .     o  
   .     .     #     #     .     
.     .     .     x     .     0  
   .     .     #     .     .     
.     .     .     #     .     0  
   .     .     #     .     .     
.     .     .     .     .     0  
   .     .     .     .     .     
      .     .     .     .        
   .     .     .     .     o     
      .     .     .     .        
         .     .     .           
            .     .              
-----------------------Eval=25458
my ring out0
opp ring out0
-----------------------------My Move S 4 3 M 4 2
  
            .     .              
         .     .     .           
      .     .     .     .        
   .     .     .     0     .     
      .     .     .     o        
   .     .     .     .     0     
.     .     .     x     .     o  
   .     .     #     #     .     
.     .     .     x     .     0  
   .     .     #     .     .     
.     .     .     #     .     0  
   .     .     #     .     .     
.     .     .     .     .     0  
   .     .     .     .     .     
      .     .     .     .        
   .     .     .     .     o     
      .     .     .     .        
         .     .     .           
            .     .              
-----------------------------Opp Move S 1 2 M 2 5
0:0 1:18 2:2 3:2 4:2 5:0 6:12 7:1 8:2 9:0 10:0 0:0 1:11 2:9 3:3 4:1 5:0 6:10 7:3 8:2 9:0 10:0   
            .     .              
         .     .     .           
      .     .     .     .        
   .     .     .     0     .     
      .     .     .     o        
   .     .     .     .     0     
.     .     .     x     .     o  
   .     .     #     #     .     
.     .     .     x     .     0  
   .     .     #     .     .     
.     .     .     x     .     0  
   .     .     #     .     .     
.     .     .     #     .     0  
   .     .     .     .     .     
      .     .     .     .        
   .     .     .     .     o     
      .     .     .     .        
         .     .     .           
            .     .              
-----------------------Eval=24919
my ring out0
opp ring out0
-----------------------------My Move S 5 8 M 3 8
  
            .     .              
         .     .     .           
      .     .     .     .        
   .     .     .     0     .     
      .     .     .     o        
   .     .     .     .     0     
.     .     .     x     .     o  
   .     .     #     #     .     
.     .     .     x     .     0  
   .     .     #     .     .     
.     .     .     x     .     o  
   .     .     #     .     .     
.     .     .     #     .     0  
   .     .     .     .     .     
      .     .     0     .        
   .     .     .     .     o     
      .     .     .     .        
         .     .     .           
            .     .              
-----------------------------Opp Move S 2 2 M 3 3
0:0 1:21 2:2 3:2 4:2 5:0 6:13 7:0 8:2 9:0 10:0 0:0 1:13 2:9 3:3 4:2 5:0 6:11 7:2 8:1 9:1 10:0   
            .     .              
         .     .     .           
      .     .     .     .        
   .     .     .     0     .     
      .     .     .     o        
   .     .     .     .     0     
.     .     .     x     #     o  
   .     .     #     x     .     
.     .     .     x     .     0  
   .     .     #     .     .     
.     .     .     x     .     o  
   .     .     #     .     .     
.     .     .     #     .     0  
   .     .     .     .     .     
      .     .     0     .        
   .     .     .     .     o     
      .     .     .     .        
         .     .     .           
            .     .              
-----------------------Eval=999
my ring out0
opp ring out0
-----------------------------My Move S 5 7 M 4 6
  
            .     .              
         .     .     .           
      .     .     .     .        
   .     .     .     0     .     
      .     .     .     o        
   .     .     .     .     0     
.     .     .     x     #     o  
   .     .     #     x     .     
.     .     .     x     .     o  
   .     .     #     .     0     
.     .     .     x     .     o  
   .     .     #     .     .     
.     .     .     #     .     0  
   .     .     .     .     .     
      .     .     0     .        
   .     .     .     .     o     
      .     .     .     .        
         .     .     .           
            .     .              
-----------------------------Opp Move S 3 3 M 5 3
0:0 1:21 2:4 3:1 4:1 5:0 6:15 7:0 8:0 9:0 10:0 0:0 1:17 2:10 3:4 4:2 5:0 6:11 7:2 8:2 9:0 10:0   
            .     .              
         .     .     .           
      .     .     .     #        
   .     .     .     0     .     
      .     .     .     x        
   .     .     .     .     0     
.     .     .     x     x     o  
   .     .     #     x     .     
.     .     .     x     .     o  
   .     .     #     .     0     
.     .     .     x     .     o  
   .     .     #     .     .     
.     .     .     #     .     0  
   .     .     .     .     .     
      .     .     0     .        
   .     .     .     .     o     
      .     .     .     .        
         .     .     .           
            .     .              
-----------------------Eval=1058
my ring out0
opp ring out0
-----------------------------My Move S 4 6 M 3 4
  
            .     .              
         .     .     .           
      .     .     .     #        
   .     .     .     0     .     
      .     .     .     x        
   .     .     .     .     0     
.     .     .     x     x     o  
   .     .     #     x     .     
.     .     .     x     0     o  
   .     .     #     .     o     
.     .     .     x     .     o  
   .     .     #     .     .     
.     .     .     #     .     0  
   .     .     .     .     .     
      .     .     0     .        
   .     .     .     .     o     
      .     .     .     .        
         .     .     .           
            .     .              
-----------------------------Opp Move S 1 0 M 3 2
0:0 1:26 2:4 3:2 4:1 5:0 6:15 7:0 8:0 9:0 10:0 0:0 1:17 2:11 3:4 4:1 5:0 6:11 7:3 8:1 9:0 10:0   
            .     .              
         .     .     .           
      .     .     .     #        
   .     .     .     0     .     
      .     .     .     x        
   .     .     .     #     0     
.     .     .     o     x     o  
   .     .     x     x     .     
.     .     .     x     0     o  
   .     .     #     .     o     
.     .     .     x     .     o  
   .     .     #     .     .     
.     .     .     #     .     0  
   .     .     .     .     .     
      .     .     0     .        
   .     .     .     .     o     
      .     .     .     .        
         .     .     .           
            .     .              
-----------------------Eval=2065
my ring out0
opp ring out0
-----------------------------My Move S 5 9 M 2 3
  
            .     .              
         .     .     .           
      .     .     .     #        
   .     .     .     0     .     
      .     .     .     x        
   .     .     .     #     0     
.     .     .     o     x     o  
   .     .     x     x     .     
.     .     .     x     0     o  
   .     .     #     0     o     
.     .     .     x     .     o  
   .     .     #     .     .     
.     .     .     #     .     o  
   .     .     .     .     .     
      .     .     0     .        
   .     .     .     .     o     
      .     .     .     .        
         .     .     .           
            .     .              
-----------------------------Opp Move S 3 2 M 4 23
0:0 1:28 2:5 3:2 4:1 5:0 6:14 7:1 8:0 9:0 10:0 0:0 1:20 2:11 3:4 4:1 5:0 6:12 7:2 8:1 9:0 10:0   
            .     .              
         .     .     .           
      .     #     .     #        
   .     .     .     0     .     
      .     .     .     x        
   .     .     .     x     0     
.     .     .     o     x     o  
   .     .     x     x     .     
.     .     .     x     0     o  
   .     .     #     0     o     
.     .     .     x     .     o  
   .     .     #     .     .     
.     .     .     #     .     o  
   .     .     .     .     .     
      .     .     0     .        
   .     .     .     .     o     
      .     .     .     .        
         .     .     .           
            .     .              
-----------------------Eval=27064
my ring out0
opp ring out0
-----------------------------My Move S 2 3 M 2 11
  
            .     .              
         .     .     .           
      .     #     .     #        
   .     .     .     0     .     
      .     .     .     x        
   .     .     .     x     0     
.     .     0     o     x     o  
   .     .     o     x     .     
.     .     .     o     0     o  
   .     .     #     o     o     
.     .     .     x     .     o  
   .     .     #     .     .     
.     .     .     #     .     o  
   .     .     .     .     .     
      .     .     0     .        
   .     .     .     .     o     
      .     .     .     .        
         .     .     .           
            .     .              
-----------------------------Opp Move S 4 23 M 4 5
0:0 1:33 2:12 3:4 4:2 5:0 6:12 7:3 8:0 9:0 10:0 0:0 1:21 2:6 3:0 4:0 5:0 6:12 7:3 8:0 9:0 10:0   
            .     .              
         .     .     .           
      .     x     .     #        
   .     .     .     0     .     
      .     .     .     x        
   .     .     .     o     0     
.     .     0     o     o     o  
   .     .     o     x     #     
.     .     .     o     0     o  
   .     .     #     o     o     
.     .     .     x     .     o  
   .     .     #     .     .     
.     .     .     #     .     o  
   .     .     .     .     .     
      .     .     0     .        
   .     .     .     .     o     
      .     .     .     .        
         .     .     .           
            .     .              
-----------------------Eval=27610
my ring out0
opp ring out0
-----------------------------My Move S 2 11 M 1 5
  
            .     .              
         .     .     .           
      .     x     .     #        
   .     .     .     0     .     
      .     .     .     x        
   .     .     .     o     0     
.     .     o     o     o     o  
   .     .     o     x     #     
.     .     0     o     0     o  
   .     .     #     o     o     
.     .     .     x     .     o  
   .     .     #     .     .     
.     .     .     #     .     o  
   .     .     .     .     .     
      .     .     0     .        
   .     .     .     .     o     
      .     .     .     .        
         .     .     .           
            .     .              
-----------------------------Opp Move S 4 5 M 4 7
0:0 1:34 2:11 3:3 4:3 5:0 6:12 7:3 8:0 9:0 10:0 0:0 1:25 2:7 3:1 4:0 5:0 6:12 7:3 8:0 9:0 10:0   
            .     .              
         .     .     .           
      .     x     .     #        
   .     .     .     0     .     
      .     .     .     x        
   .     .     .     o     0     
.     .     o     o     o     o  
   .     .     o     x     x     
.     .     0     o     0     o  
   .     .     #     o     x     
.     .     .     x     .     o  
   .     .     #     .     #     
.     .     .     #     .     o  
   .     .     .     .     .     
      .     .     0     .        
   .     .     .     .     o     
      .     .     .     .        
         .     .     .           
            .     .              
-----------------------Eval=26533
my ring out0
opp ring out0
-----------------------------My Move S 4 2 M 4 1
  
            .     .              
         .     .     .           
      .     x     0     #        
   .     .     .     o     .     
      .     .     .     x        
   .     .     .     o     0     
.     .     o     o     o     o  
   .     .     o     x     x     
.     .     0     o     0     o  
   .     .     #     o     x     
.     .     .     x     .     o  
   .     .     #     .     #     
.     .     .     #     .     o  
   .     .     .     .     .     
      .     .     0     .        
   .     .     .     .     o     
      .     .     .     .        
         .     .     .           
            .     .              
-----------------------------Opp Move S 2 5 M 3 1
0:0 1:37 2:11 3:2 4:1 5:0 6:13 7:1 8:1 9:0 10:0 0:0 1:29 2:7 3:3 4:0 5:0 6:12 7:2 8:1 9:0 10:0   
            .     .              
         .     .     .           
      .     x     0     #        
   .     .     .     o     .     
      .     .     #     x        
   .     .     .     o     0     
.     .     o     x     o     o  
   .     .     o     x     x     
.     .     0     x     0     o  
   .     .     #     o     x     
.     .     .     o     .     o  
   .     .     #     .     #     
.     .     .     x     .     o  
   .     .     .     .     .     
      .     .     0     .        
   .     .     .     .     o     
      .     .     .     .        
         .     .     .           
            .     .              
-----------------------Eval=38494
my ring out0
opp ring out0
-----------------------------My Move S 1 5 M 5 4
  
            .     .              
         .     .     .           
      .     x     0     #        
   .     .     .     o     0     
      .     .     #     o        
   .     .     .     x     0     
.     .     o     o     o     o  
   .     .     x     x     x     
.     .     o     x     0     o  
   .     .     #     o     x     
.     .     .     o     .     o  
   .     .     #     .     #     
.     .     .     x     .     o  
   .     .     .     .     .     
      .     .     0     .        
   .     .     .     .     o     
      .     .     .     .        
         .     .     .           
            .     .              
-----------------------------Opp Move S 1 3 M 1 4
0:0 1:39 2:8 3:4 4:2 5:1 6:10 7:3 8:1 9:1 10:0 0:0 1:30 2:7 3:4 4:1 5:0 6:13 7:2 8:0 9:0 10:0   
            .     .              
         .     .     .           
      .     x     0     #        
   .     .     .     o     0     
      .     .     #     o        
   .     .     .     x     0     
.     .     o     o     o     o  
   .     .     x     x     x     
.     .     o     x     0     o  
   .     .     #     o     x     
.     .     #     o     .     o  
   .     .     x     .     #     
.     .     .     x     .     o  
   .     .     .     .     .     
      .     .     0     .        
   .     .     .     .     o     
      .     .     .     .        
         .     .     .           
            .     .              
-----------------------Eval=37462
my ring out0
opp ring out0
-----------------------------My Move S 3 8 M 3 7
  
            .     .              
         .     .     .           
      .     x     0     #        
   .     .     .     o     0     
      .     .     #     o        
   .     .     .     x     0     
.     .     o     o     o     o  
   .     .     x     x     x     
.     .     o     x     0     o  
   .     .     #     o     x     
.     .     #     o     .     o  
   .     .     x     .     #     
.     .     .     x     .     o  
   .     .     .     0     .     
      .     .     o     .        
   .     .     .     .     o     
      .     .     .     .        
         .     .     .           
            .     .              
-----------------------------Opp Move S 1 4 M 3 17
0:0 1:36 2:8 3:4 4:2 5:1 6:9 7:4 8:1 9:1 10:0 0:0 1:32 2:10 3:6 4:2 5:1 6:11 7:3 8:0 9:1 10:0   
            .     .              
         .     .     .           
      .     x     0     #        
   .     .     .     o     0     
      .     #     #     o        
   .     .     .     x     0     
.     .     x     o     o     o  
   .     .     x     x     x     
.     .     x     x     0     o  
   .     .     #     o     x     
.     .     x     o     .     o  
   .     .     x     .     #     
.     .     .     x     .     o  
   .     .     .     0     .     
      .     .     o     .        
   .     .     .     .     o     
      .     .     .     .        
         .     .     .           
            .     .              
-----------------------Eval=25414
my ring out0
opp ring out0
-----------------------------My Move S 3 7 M 2 9
  
            .     .              
         .     .     .           
      .     x     0     #        
   .     .     .     o     0     
      .     #     #     o        
   .     .     .     x     0     
.     .     x     o     o     o  
   .     .     x     x     x     
.     .     x     x     0     o  
   .     0     #     o     x     
.     .     o     o     .     o  
   .     .     o     .     #     
.     .     .     o     .     o  
   .     .     .     o     .     
      .     .     o     .        
   .     .     .     .     o     
      .     .     .     .        
         .     .     .           
            .     .              
-----------------------------Opp Move S 3 1 M 4 11
0:0 1:38 2:9 3:4 4:2 5:1 6:10 7:4 8:0 9:1 10:0 0:0 1:35 2:11 3:5 4:3 5:0 6:13 7:1 8:1 9:0 10:0   
            .     .              
         .     .     .           
      .     x     0     #        
   .     .     .     o     0     
      .     #     x     o        
   .     .     .     x     0     
.     .     x     x     o     o  
   .     .     x     x     x     
.     .     x     o     0     o  
   .     0     #     o     x     
.     .     o     x     .     o  
   .     .     o     .     #     
.     .     .     x     .     o  
   .     .     .     o     .     
      .     .     x     .        
   .     .     .     .     o     
      .     .     #     .        
         .     .     .           
            .     .              
-----------------------Eval=24968
my ring out0
opp ring out0
-----------------------------My Move S 3 4 M 3 5
  
            .     .              
         .     .     .           
      .     x     0     #        
   .     .     .     o     0     
      .     #     x     o        
   .     .     .     x     0     
.     .     x     x     o     o  
   .     .     x     x     x     
.     .     x     o     o     o  
   .     0     #     o     x     
.     .     o     x     0     o  
   .     .     o     .     #     
.     .     .     x     .     o  
   .     .     .     o     .     
      .     .     x     .        
   .     .     .     .     o     
      .     .     #     .        
         .     .     .           
            .     .              
-----------------------------Opp Move S 0 0 M 2 8
0:0 1:38 2:8 3:4 4:3 5:1 6:10 7:3 8:1 9:1 10:0 0:0 1:38 2:12 3:6 4:3 5:1 6:14 7:0 8:0 9:1 10:0   
            .     .              
         .     .     .           
      .     x     0     #        
   .     .     .     o     0     
      .     #     x     o        
   .     .     .     x     0     
.     .     x     x     o     o  
   .     .     x     x     x     
.     .     x     o     o     o  
   .     0     x     o     x     
.     .     x     x     0     o  
   .     #     o     .     #     
.     .     .     x     .     o  
   .     .     .     o     .     
      .     .     x     .        
   .     .     .     .     o     
      .     .     #     .        
         .     .     .           
            .     .              
-----------------------Eval=-77074
my ring out0
opp ring out0
-----------------------------My Move S 4 1 M 3 0
  
            .     .              
         .     .     .           
      .     x     o     #        
   .     .     0     o     0     
      .     #     x     o        
   .     .     .     x     0     
.     .     x     x     o     o  
   .     .     x     x     x     
.     .     x     o     o     o  
   .     0     x     o     x     
.     .     x     x     0     o  
   .     #     o     .     #     
.     .     .     x     .     o  
   .     .     .     o     .     
      .     .     x     .        
   .     .     .     .     o     
      .     .     #     .        
         .     .     .           
            .     .              
-----------------------------Opp Move S 3 17 M 2 0 RS 1 4 RE 4 23 X 5 3
0:0 1:40 2:9 3:4 4:3 5:1 6:10 7:3 8:1 9:1 10:0 0:0 1:29 2:10 3:5 4:1 5:0 6:11 7:0 8:1 9:0 10:0   
            .     .              
         .     .     .           
      .     .     o     .        
   .     .     0     o     0     
      .     .     x     o        
   .     .     #     x     0     
.     .     .     x     o     o  
   .     .     x     x     x     
.     .     .     o     o     o  
   .     0     x     o     x     
.     .     .     x     0     o  
   .     #     o     .     #     
.     .     .     x     .     o  
   .     .     .     o     .     
      .     .     x     .        
   .     .     .     .     o     
      .     .     #     .        
         .     .     .           
            .     .              
-----------------------Eval=-123060
my ring out0
opp ring out1
-----------------------------My Move S 2 9 M 4 9
  
            .     .              
         .     .     .           
      .     .     o     .        
   .     .     0     o     0     
      .     .     x     o        
   .     .     #     x     0     
.     .     .     x     o     o  
   .     .     x     x     x     
.     .     .     o     o     o  
   .     o     x     o     x     
.     .     .     x     0     o  
   .     #     x     .     #     
.     .     .     o     .     o  
   .     .     .     x     .     
      .     .     x     0        
   .     .     .     .     o     
      .     .     #     .        
         .     .     .           
            .     .              
-----------------------------Opp Move S 2 8 M 1 4
0:0 1:39 2:10 3:4 4:3 5:1 6:10 7:3 8:1 9:1 10:0 0:0 1:31 2:14 3:5 4:1 5:0 6:10 7:1 8:0 9:1 10:0   
            .     .              
         .     .     .           
      .     .     o     .        
   .     .     0     o     0     
      .     .     x     o        
   .     .     #     x     0     
.     .     .     x     o     o  
   .     .     x     x     x     
.     .     .     o     o     o  
   .     o     x     o     x     
.     .     #     x     0     o  
   .     x     x     .     #     
.     .     .     o     .     o  
   .     .     .     x     .     
      .     .     x     0        
   .     .     .     .     o     
      .     .     #     .        
         .     .     .           
            .     .              
-----------------------Eval=-1049
my ring out0
opp ring out1
-----------------------------My Move S 3 5 M 3 6
  
            .     .              
         .     .     .           
      .     .     o     .        
   .     .     0     o     0     
      .     .     x     o        
   .     .     #     x     0     
.     .     .     x     o     o  
   .     .     x     x     x     
.     .     .     o     o     o  
   .     o     x     o     x     
.     .     #     x     o     o  
   .     x     x     .     #     
.     .     .     o     0     o  
   .     .     .     x     .     
      .     .     x     0        
   .     .     .     .     o     
      .     .     #     .        
         .     .     .           
            .     .              
-----------------------------Opp Move S 4 11 M 5 1
0:0 1:42 2:12 3:4 4:3 5:2 6:10 7:4 8:1 9:0 10:0 0:0 1:36 2:7 3:4 4:3 5:1 6:9 7:2 8:0 9:1 10:0   
            .     #              
         .     .     .           
      .     .     x     .        
   .     .     0     o     0     
      .     .     o     o        
   .     .     #     x     0     
.     .     .     o     o     o  
   .     .     x     x     x     
.     .     .     x     o     o  
   .     o     x     o     x     
.     .     #     o     o     o  
   .     x     x     .     #     
.     .     .     x     0     o  
   .     .     .     x     .     
      .     .     o     0        
   .     .     .     .     o     
      .     .     x     .        
         .     .     .           
            .     .              
-----------------------Eval=-296802
my ring out0
opp ring out1
-----------------------------My Move S 3 6 M 2 4 RS 3 6 RE 4 3 X 5 4
  
            .     #              
         .     .     .           
      .     .     x     .        
   .     .     0     o     .     
      .     .     o     .        
   .     .     #     x     0     
.     .     .     o     .     o  
   .     .     x     x     x     
.     .     .     x     .     o  
   .     o     x     o     x     
.     .     #     o     .     o  
   .     x     x     0     #     
.     .     .     x     .     o  
   .     .     .     x     .     
      .     .     o     0        
   .     .     .     .     o     
      .     .     x     .        
         .     .     .           
            .     .              
-----------------------------Opp Move S 1 4 M 3 14 RS 3 7 RE 2 9 X 2 0
0:0 1:34 2:9 3:1 4:1 5:0 6:11 7:1 8:0 9:0 10:0 0:0 1:31 2:6 3:2 4:0 5:0 6:8 7:1 8:0 9:0 10:0   
            .     #              
         .     .     .           
      .     .     x     .        
   .     .     0     o     .     
      .     .     o     .        
   .     .     .     x     0     
.     .     .     o     .     o  
   .     .     x     x     x     
.     #     .     x     .     o  
   .     .     x     o     x     
.     .     .     o     .     o  
   .     x     .     0     #     
.     .     .     .     .     o  
   .     .     .     .     .     
      .     .     o     0        
   .     .     .     .     o     
      .     .     x     .        
         .     .     .           
            .     .              
-----------------------Eval=-273034
my ring out1
opp ring out2
-----------------------------My Move S 4 9 M 1 4
  
            .     #              
         .     .     .           
      .     .     x     .        
   .     .     0     o     .     
      .     .     o     .        
   .     .     .     x     0     
.     .     .     o     .     o  
   .     .     x     x     x     
.     #     .     x     .     o  
   .     .     x     o     x     
.     .     0     o     .     o  
   .     x     .     0     #     
.     .     .     .     .     o  
   .     .     .     .     .     
      .     .     o     o        
   .     .     .     .     o     
      .     .     x     .        
         .     .     .           
            .     .              
-----------------------------Opp Move S 3 14 M 5 3
0:0 1:34 2:6 3:1 4:1 5:0 6:11 7:1 8:0 9:0 10:0 0:0 1:34 2:9 3:5 4:0 5:0 6:7 7:0 8:2 9:0 10:0   
            .     #              
         .     .     .           
      .     .     x     #        
   .     .     0     x     .     
      .     .     x     .        
   .     .     .     x     0     
.     .     .     o     .     o  
   .     .     x     x     x     
.     x     .     x     .     o  
   .     .     x     o     x     
.     .     0     o     .     o  
   .     x     .     0     #     
.     .     .     .     .     o  
   .     .     .     .     .     
      .     .     o     o        
   .     .     .     .     o     
      .     .     x     .        
         .     .     .           
            .     .              
-----------------------Eval=-271767
my ring out1
opp ring out2
-----------------------------My Move S 4 4 M 4 3
  
            .     #              
         .     .     .           
      .     .     x     #        
   .     .     0     x     .     
      .     .     x     0        
   .     .     .     x     o     
.     .     .     o     .     o  
   .     .     x     x     x     
.     x     .     x     .     o  
   .     .     x     o     x     
.     .     0     o     .     o  
   .     x     .     0     #     
.     .     .     .     .     o  
   .     .     .     .     .     
      .     .     o     o        
   .     .     .     .     o     
      .     .     x     .        
         .     .     .           
            .     .              
-----------------------------Opp Move S 4 7 M 4 8
0:0 1:36 2:6 3:2 4:1 5:0 6:11 7:1 8:0 9:0 10:0 0:0 1:36 2:9 3:5 4:1 5:0 6:7 7:0 8:2 9:0 10:0   
            .     #              
         .     .     .           
      .     .     x     #        
   .     .     0     x     .     
      .     .     x     0        
   .     .     .     x     o     
.     .     .     o     .     o  
   .     .     x     x     x     
.     x     .     x     .     o  
   .     .     x     o     x     
.     .     0     o     .     o  
   .     x     .     0     x     
.     .     .     .     .     o  
   .     .     .     .     #     
      .     .     o     o        
   .     .     .     .     o     
      .     .     x     .        
         .     .     .           
            .     .              
-----------------------Eval=-1017
my ring out1
opp ring out2
-----------------------------My Move S 4 3 M 4 0 RS 4 1 RE 5 6 X 4 0
  
            .     #              
         .     .     .           
      .     .     .     #        
   .     .     0     .     .     
      .     .     x     .        
   .     .     .     x     .     
.     .     .     o     .     .  
   .     .     x     x     x     
.     x     .     x     .     o  
   .     .     x     o     x     
.     .     0     o     .     o  
   .     x     .     0     x     
.     .     .     .     .     o  
   .     .     .     .     #     
      .     .     o     o        
   .     .     .     .     o     
      .     .     x     .        
         .     .     .           
            .     .              
-----------------------------Opp Move S 4 8 M 4 10
0:0 1:28 2:4 3:1 4:0 5:0 6:8 7:1 8:0 9:0 10:0 0:0 1:39 2:7 3:3 4:2 5:0 6:8 7:1 8:0 9:0 10:0   
            .     #              
         .     .     .           
      .     .     .     #        
   .     .     0     .     .     
      .     .     x     .        
   .     .     .     x     .     
.     .     .     o     .     .  
   .     .     x     x     x     
.     x     .     x     .     o  
   .     .     x     o     x     
.     .     0     o     .     o  
   .     x     .     0     x     
.     .     .     .     .     o  
   .     .     .     .     x     
      .     .     o     x        
   .     .     .     #     o     
      .     .     x     .        
         .     .     .           
            .     .              
-----------------------Eval=23033
my ring out2
opp ring out2
-----------------------------My Move S 3 0 M 2 0
  
            .     #              
         .     .     .           
      .     .     .     #        
   .     .     o     .     .     
      .     .     x     .        
   .     .     0     x     .     
.     .     .     o     .     .  
   .     .     x     x     x     
.     x     .     x     .     o  
   .     .     x     o     x     
.     .     0     o     .     o  
   .     x     .     0     x     
.     .     .     .     .     o  
   .     .     .     .     x     
      .     .     o     x        
   .     .     .     #     o     
      .     .     x     .        
         .     .     .           
            .     .              
-----------------------------Opp Move S 5 3 M 3 4
0:0 1:29 2:6 3:1 4:0 5:0 6:8 7:1 8:0 9:0 10:0 0:0 1:39 2:9 3:4 4:2 5:0 6:7 7:2 8:0 9:0 10:0   
            .     #              
         .     .     .           
      .     .     .     x        
   .     .     o     .     .     
      .     .     x     .        
   .     .     0     x     .     
.     .     .     o     .     .  
   .     .     x     x     x     
.     x     .     x     #     o  
   .     .     x     o     x     
.     .     0     o     .     o  
   .     x     .     0     x     
.     .     .     .     .     o  
   .     .     .     .     x     
      .     .     o     x        
   .     .     .     #     o     
      .     .     x     .        
         .     .     .           
            .     .              
-----------------------Eval=23090
my ring out2
opp ring out2
-----------------------------My Move S 2 4 M 4 2
  
            .     #              
         .     .     .           
      .     .     .     x        
   .     .     o     0     .     
      .     .     x     .        
   .     .     0     o     .     
.     .     .     o     .     .  
   .     .     x     o     x     
.     x     .     x     #     o  
   .     .     x     x     x     
.     .     0     o     .     o  
   .     x     .     o     x     
.     .     .     .     .     o  
   .     .     .     .     x     
      .     .     o     x        
   .     .     .     #     o     
      .     .     x     .        
         .     .     .           
            .     .              
-----------------------------Opp Move S 4 10 M 3 7
0:0 1:33 2:6 3:3 4:0 5:0 6:8 7:0 8:1 9:0 10:0 0:0 1:39 2:9 3:4 4:2 5:0 6:7 7:2 8:0 9:0 10:0   
            .     #              
         .     .     .           
      .     .     .     x        
   .     .     o     0     .     
      .     .     x     .        
   .     .     0     o     .     
.     .     .     o     .     .  
   .     .     x     o     x     
.     x     .     x     #     o  
   .     .     x     x     x     
.     .     0     o     .     o  
   .     x     .     o     x     
.     .     .     .     .     o  
   .     .     .     #     x     
      .     .     o     x        
   .     .     .     x     o     
      .     .     x     .        
         .     .     .           
            .     .              
-----------------------Eval=23869
my ring out2
opp ring out2
-----------------------------My Move S 1 4 M 3 17
  
            .     #              
         .     .     .           
      .     .     .     x        
   .     .     o     0     .     
      .     0     x     .        
   .     .     0     o     .     
.     .     .     o     .     .  
   .     .     x     o     x     
.     x     .     x     #     o  
   .     .     x     x     x     
.     .     o     o     .     o  
   .     x     .     o     x     
.     .     .     .     .     o  
   .     .     .     #     x     
      .     .     o     x        
   .     .     .     x     o     
      .     .     x     .        
         .     .     .           
            .     .              
-----------------------------Opp Move S 3 4 M 4 3
0:0 1:34 2:7 3:3 4:1 5:0 6:7 7:1 8:1 9:0 10:0 0:0 1:41 2:10 3:4 4:2 5:0 6:8 7:1 8:0 9:0 10:0   
            .     #              
         .     .     .           
      .     .     .     x        
   .     .     o     0     .     
      .     0     x     #        
   .     .     0     o     .     
.     .     .     o     .     .  
   .     .     x     o     x     
.     x     .     x     x     o  
   .     .     x     x     x     
.     .     o     o     .     o  
   .     x     .     o     x     
.     .     .     .     .     o  
   .     .     .     #     x     
      .     .     o     x        
   .     .     .     x     o     
      .     .     x     .        
         .     .     .           
            .     .              
-----------------------Eval=-92
my ring out2
opp ring out2
-----------------------------My Move S 3 17 M 1 5
  
            .     #              
         .     .     .           
      .     .     .     x        
   .     .     o     0     .     
      .     o     x     #        
   .     .     0     o     .     
.     .     .     o     .     .  
   .     .     x     o     x     
.     x     0     x     x     o  
   .     .     x     x     x     
.     .     o     o     .     o  
   .     x     .     o     x     
.     .     .     .     .     o  
   .     .     .     #     x     
      .     .     o     x        
   .     .     .     x     o     
      .     .     x     .        
         .     .     .           
            .     .              
-----------------------------Opp Move S 4 3 M 4 4
0:0 1:36 2:8 3:3 4:1 5:0 6:6 7:2 8:1 9:0 10:0 0:0 1:42 2:11 3:4 4:2 5:1 6:6 7:2 8:0 9:0 10:1   
            .     #              
         .     .     .           
      .     .     .     x        
   .     .     o     0     .     
      .     o     x     x        
   .     .     0     o     #     
.     .     .     o     .     .  
   .     .     x     o     x     
.     x     0     x     x     o  
   .     .     x     x     x     
.     .     o     o     .     o  
   .     x     .     o     x     
.     .     .     .     .     o  
   .     .     .     #     x     
      .     .     o     x        
   .     .     .     x     o     
      .     .     x     .        
         .     .     .           
            .     .              
-----------------------Eval=-998828
my ring out2
opp ring out2
-----------------------------My Move S 2 0 M 1 3
  
            .     #              
         .     .     .           
      .     .     .     x        
   .     .     o     0     .     
      .     o     x     x        
   .     .     o     o     #     
.     .     .     o     .     .  
   .     .     o     o     x     
.     x     0     x     x     o  
   .     .     o     x     x     
.     .     o     o     .     o  
   .     x     0     o     x     
.     .     .     .     .     o  
   .     .     .     #     x     
      .     .     o     x        
   .     .     .     x     o     
      .     .     x     .        
         .     .     .           
            .     .              
***********************************

-> You are player 1
-> You are alloted a time of 120s

***********************************

Time remaining is: 120s
You played : P 5 9
P 5 9 True
Player 2 played : P 0 0
P 0 0 True
Time remaining is: 120s
You played : P 5 8
P 5 8 True
Player 2 played : P 1 0
P 1 0 True
Time remaining is: 120s
You played : P 5 7
P 5 7 True
Player 2 played : P 1 1
P 1 1 True
Time remaining is: 120s
You played : P 5 6
P 5 6 True
Player 2 played : P 1 2
P 1 2 True
Time remaining is: 120s
You played : P 5 11
P 5 11 True
Player 2 played : P 1 3
P 1 3 True
Time remaining is: 120s
You played : S 5 6 M 4 3
S 5 6 True
M 4 3 True
Player 2 played : S 1 1 M 2 1
S 1 1 True
M 2 1 True
Time remaining is: 120s
You played : S 5 11 M 4 4
S 5 11 True
M 4 4 True
Player 2 played : S 2 1 M 2 2
S 2 1 True
M 2 2 True
Time remaining is: 120s
You played : S 4 3 M 4 2
S 4 3 True
M 4 2 True
Player 2 played : S 1 2 M 2 5
S 1 2 True
M 2 5 True
Time remaining is: 120s
You played : S 5 8 M 3 8
S 5 8 True
M 3 8 True
Player 2 played : S 2 2 M 3 3
S 2 2 True
M 3 3 True
Time remaining is: 120s
You played : S 5 7 M 4 6
S 5 7 True
M 4 6 True
Player 2 played : S 3 3 M 5 3
S 3 3 True
M 5 3 True
Time remaining is: 119s
You played : S 4 6 M 3 4
S 4 6 True
M 3 4 True
Player 2 played : S 1 0 M 3 2
S 1 0 True
M 3 2 True
Time remaining is: 119s
You played : S 5 9 M 2 3
S 5 9 True
M 2 3 True
Player 2 played : S 3 2 M 4 23
S 3 2 True
M 4 23 True
Time remaining is: 119s
You played : S 2 3 M 2 11
S 2 3 True
M 2 11 True
Player 2 played : S 4 23 M 4 5
S 4 23 True
M 4 5 True
Time remaining is: 119s
You played : S 2 11 M 1 5
S 2 11 True
M 1 5 True
Player 2 played : S 4 5 M 4 7
S 4 5 True
M 4 7 True
Time remaining is: 119s
You played : S 4 2 M 4 1
S 4 2 True
M 4 1 True
Player 2 played : S 2 5 M 3 1
S 2 5 True
M 3 1 True
Time remaining is: 118s
You played : S 1 5 M 5 4
S 1 5 True
M 5 4 True
Player 2 played : S 1 3 M 1 4
S 1 3 True
M 1 4 True
Time remaining is: 118s
You played : S 3 8 M 3 7
S 3 8 True
M 3 7 True
Player 2 played : S 1 4 M 3 17
S 1 4 True
M 3 17 True
Time remaining is: 118s
You played : S 3 7 M 2 9
S 3 7 True
M 2 9 True
Player 2 played : S 3 1 M 4 11
S 3 1 True
M 4 11 True
Time remaining is: 118s
You played : S 3 4 M 3 5
S 3 4 True
M 3 5 True
Player 2 played : S 0 0 M 2 8
S 0 0 True
M 2 8 True
Time remaining is: 118s
You played : S 4 1 M 3 0
S 4 1 True
M 3 0 True
Player 2 played : S 3 17 M 2 0 RS 1 4 RE 4 23 X 5 3
S 3 17 True
M 2 0 True
RS 1 4 True
RE 4 23 True
X 5 3 True
Time remaining is: 118s
You played : S 2 9 M 4 9
S 2 9 True
M 4 9 True
Player 2 played : S 2 8 M 1 4
S 2 8 True
M 1 4 True
Time remaining is: 117s
You played : S 3 5 M 3 6
S 3 5 True
M 3 6 True
Player 2 played : S 4 11 M 5 1
S 4 11 True
M 5 1 True
Time remaining is: 117s
You played : S 3 6 M 2 4 RS 3 6 RE 4 3 X 5 4
S 3 6 True
M 2 4 True
RS 3 6 True
RE 4 3 True
X 5 4 True
Player 2 played : S 1 4 M 3 14 RS 3 7 RE 2 9 X 2 0
S 1 4 True
M 3 14 True
RS 3 7 True
RE 2 9 True
X 2 0 True
Time remaining is: 117s
You played : S 4 9 M 1 4
S 4 9 True
M 1 4 True
Player 2 played : S 3 14 M 5 3
S 3 14 True
M 5 3 True
Time remaining is: 117s
You played : S 4 4 M 4 3
S 4 4 True
M 4 3 True
Player 2 played : S 4 7 M 4 8
S 4 7 True
M 4 8 True
Time remaining is: 117s
You played : S 4 3 M 4 0 RS 4 1 RE 5 6 X 4 0
S 4 3 True
M 4 0 True
RS 4 1 True
RE 5 6 True
X 4 0 True
Player 2 played : S 4 8 M 4 10
S 4 8 True
M 4 10 True
Time remaining is: 117s
You played : S 3 0 M 2 0
S 3 0 True
M 2 0 True
Player 2 played : S 5 3 M 3 4
S 5 3 True
M 3 4 True
Time remaining is: 117s
You played : S 2 4 M 4 2
S 2 4 True
M 4 2 True
Player 2 played : S 4 10 M 3 7
S 4 10 True
M 3 7 True
Time remaining is: 116s
You played : S 1 4 M 3 17
S 1 4 True
M 3 17 True
Player 2 played : S 3 4 M 4 3
S 3 4 True
M 4 3 True
Time remaining is: 116s
You played : S 3 17 M 1 5
S 3 17 True
M 1 5 True
Player 2 played : S 4 3 M 4 4
S 4 3 True
M 4 4 True
Time remaining is: 116s
You played : S 2 0 M 1 3
S 2 0 True
M 1 3 True
Player 2 played : S 4 4 M 3 12 RS 4 8 RE 4 4 X 5 1
S 4 4 True
M 3 12 True
RS 4 8 True
RE 4 4 True
X 5 1 True
OTHER PLAYER WINS!
Your Score : 2.015
Opponent's Score : 8.012
