****************Depth is now 4
****************Depth is now 5
***********************************

-> You are player 2
-> You are alloted a time of 120s

***********************************

Player 1 played : P 0 0
P 0 0 True
Time remaining is: 120s
You played : P 4 14
P 4 14 True
Player 1 played : P 2 2
P 2 2 True
Time remaining is: 120s
You played : P 1 4
P 1 4 True
Player 1 played : P 1 0
P 1 0 True
Time remaining is: 120s
You played : P 5 8
P 5 8 True
Player 1 played : P 3 6
P 3 6 True
Time remaining is: 120s
You played : P 1 3
P 1 3 True
Player 1 played : P 2 8
P 2 8 True
Time remaining is: 120s
You played : P 1 5
P 1 5 True
Player 1 played : S 1 0 M 2 11
S 1 0 True
M 2 11 True
Time remaining is: 120s
You played : S 1 4 M 2 9
S 1 4 True
M 2 9 True
Player 1 played : S 2 8 M 2 7
S 2 8 True
M 2 7 True
Time remaining is: 119s
You played : S 2 9 M 3 11
S 2 9 True
M 3 11 True
Player 1 played : S 0 0 M 3 12
S 0 0 True
M 3 12 True
Time remaining is: 118s
You played : S 1 3 M 2 0
S 1 3 True
M 2 0 True
Player 1 played : S 2 11 M 1 1
S 2 11 True
M 1 1 True
Time remaining is: 117s
You played : S 2 0 M 2 10
S 2 0 True
M 2 10 True
Player 1 played : S 2 2 M 2 1
S 2 2 True
M 2 1 True
Time remaining is: 116s
You played : S 2 10 M 3 14
S 2 10 True
M 3 14 True
Player 1 played : S 3 12 M 4 16
S 3 12 True
M 4 16 True
Time remaining is: 116s
You played : S 3 14 M 4 18
S 3 14 True
M 4 18 True
Player 1 played : S 1 1 M 3 16
S 1 1 True
M 3 16 True
Time remaining is: 115s
You played : S 4 14 M 2 5
S 4 14 True
M 2 5 True
Player 1 played : S 2 1 M 3 17
S 2 1 True
M 3 17 True
Time remaining is: 115s
You played : S 2 5 M 1 2
S 2 5 True
M 1 2 True
Player 1 played : S 3 16 M 4 21
S 3 16 True
M 4 21 True
Time remaining is: 114s
You played : S 1 2 M 3 1
S 1 2 True
M 3 1 True
Player 1 played : S 4 21 M 2 3
S 4 21 True
M 2 3 True
Time remaining is: 114s
You played : S 3 1 M 3 0
S 3 1 True
M 3 0 True
Player 1 played : S 3 6 M 3 3
S 3 6 True
M 3 3 True
Time remaining is: 114s
You played : S 3 11 M 4 17
S 3 11 True
M 4 17 True
Player 1 played : S 3 3 M 3 2
S 3 3 True
M 3 2 True
Time remaining is: 112s
You played : S 4 18 M 5 22
S 4 18 True
M 5 22 True
Player 1 played : S 2 3 M 3 5
S 2 3 True
M 3 5 True
Time remaining is: 100s
You played : S 5 8 M 4 7
S 5 8 True
M 4 7 True
Player 1 played : S 4 16 M 5 19
S 4 16 True
M 5 19 True
Time remaining is: 94s
You played : S 5 22 M 5 21 RS 5 22 RE 2 11 X 5 21
S 5 22 True
M 5 21 True
RS 5 22 True
RE 2 11 True
X 5 21 True
Player 1 played : S 3 17 M 4 22
S 3 17 True
M 4 22 True
Time remaining is: 90s
You played : S 4 17 M 3 13
S 4 17 True
M 3 13 True
Player 1 played : S 4 22 M 2 10
S 4 22 True
M 2 10 True
Time remaining is: 87s
You played : S 3 0 M 3 15
S 3 0 True
M 3 15 True
Player 1 played : S 2 10 M 5 28
S 2 10 True
M 5 28 True
Time remaining is: 84s
You played : S 3 13 M 3 14
S 3 13 True
M 3 14 True
Player 1 played : S 5 28 M 5 27
S 5 28 True
M 5 27 True
Time remaining is: 83s
You played : S 3 14 M 4 18
S 3 14 True
M 4 18 True
Player 1 played : S 2 7 M 3 10
S 2 7 True
M 3 10 True
Time remaining is: 80s
You played : S 4 18 M 5 22
S 4 18 True
M 5 22 True
Player 1 played : S 3 10 M 4 13
S 3 10 True
M 4 13 True
Time remaining is: 78s
You played : S 5 22 M 5 23
S 5 22 True
M 5 23 True
Player 1 played : S 5 19 M 5 18
S 5 19 True
M 5 18 True
Time remaining is: 77s
You played : S 4 7 M 5 9
S 4 7 True
M 5 9 True
Player 1 played : S 4 13 M 5 16
S 4 13 True
M 5 16 True
Time remaining is: 75s
You played : S 5 23 M 4 19
S 5 23 True
M 4 19 True
Player 1 played : S 5 16 M 4 8 RS 5 16 RE 1 4 X 3 2
S 5 16 True
M 4 8 True
RS 5 16 True
RE 1 4 True
X 3 2 True
Time remaining is: 74s
You played : S 1 5 M 3 2 RS 4 17 RE 1 0 X 4 19
S 1 5 True
M 3 2 True
RS 4 17 True
RE 1 0 True
X 4 19 True
Player 1 played : S 5 18 M 3 13
S 5 18 True
M 3 13 True
Time remaining is: 73s
You played : S 3 15 M 1 5
S 3 15 True
M 1 5 True
Player 1 played : S 4 8 M 4 6
S 4 8 True
M 4 6 True
Time remaining is: 72s
You played : S 3 2 M 4 5
S 3 2 True
M 4 5 True
Player 1 played : S 3 13 M 4 17
S 3 13 True
M 4 17 True
Time remaining is: 72s
You played : S 4 5 M 3 4 RS 3 0 RE 4 5 X 1 5
S 4 5 True
M 3 4 True
RS 3 0 True
RE 4 5 True
X 1 5 True
YOU WIN!
Your Score : 9.015
Opponent's Score : 1.017
