The5
WHY 

centre is 0
layer num 1		-1  -1  -1  1  -1  1  
layer num 2		-1  -1  -1  -1  -1  -1  -1  -1  0  -1  -1  -1  
layer num 3		-1  -1  -1  -1  -1  -1  -1  -1  -1  -1  -1  -1  -1  -1  -1  1  -1  -1  
layer num 4		-1  -1  -1  -1  -1  -1  -1  -1  -1  0  -1  -1  -1  -1  -1  -1  -1  1  0  -1  0  -1  -1  -1  
layer num 5		-1  -1  -1  -1  -1  -1  -1  -1  -1  -1  -1  -1  -1  -1  -1  -1  -1  -1  1  -1  -1  -1  -1  -1  -1  -1  -1  -1  -1  -1  
my rings: 0
other rings: 0
Came here
5
2
WHY 

centre is 0
layer num 1		-1  -1  -1  1  -1  1  
layer num 2		-1  -1  -1  -1  -1  -1  -1  -1  0  -1  -1  -1  
layer num 3		-1  -1  -1  -1  -1  -1  -1  -1  -1  -1  -1  -1  -1  -1  -1  1  -1  -1  
layer num 4		-1  -1  -1  -1  -1  -1  -1  -1  -1  0  -1  -1  -1  -1  -1  1  -1  1  0  0  2  -1  -1  -1  
layer num 5		-1  -1  -1  -1  -1  -1  -1  -1  -1  -1  -1  -1  -1  -1  -1  -1  -1  -1  3  -1  -1  -1  -1  -1  -1  -1  -1  -1  -1  -1  
my rings: 1
other rings: 1
Came here
5
4
WHY 

centre is 0
layer num 1		-1  -1  -1  1  -1  3  
layer num 2		-1  -1  -1  -1  -1  -1  -1  -1  0  -1  -1  1  
layer num 3		-1  -1  -1  -1  -1  -1  -1  -1  -1  -1  -1  -1  -1  -1  -1  1  -1  -1  
layer num 4		-1  -1  -1  -1  -1  -1  -1  -1  -1  0  -1  -1  -1  -1  -1  1  -1  1  2  0  2  -1  -1  -1  
layer num 5		-1  -1  -1  -1  -1  -1  -1  -1  -1  -1  -1  -1  -1  -1  -1  -1  -1  -1  3  -1  -1  -1  -1  0  -1  -1  -1  -1  -1  -1  
my rings: 2
other rings: 2
Came here
5
6
WHY 

centre is 0
layer num 1		-1  -1  -1  1  -1  3  
layer num 2		-1  -1  -1  -1  -1  -1  -1  -1  0  -1  -1  1  
layer num 3		-1  -1  -1  -1  -1  -1  -1  -1  -1  -1  -1  1  -1  -1  -1  1  -1  -1  
layer num 4		-1  -1  -1  -1  -1  -1  -1  -1  -1  0  -1  -1  -1  -1  -1  1  -1  3  2  0  2  -1  -1  -1  
layer num 5		-1  -1  -1  -1  -1  -1  -1  -1  -1  -1  -1  -1  -1  -1  -1  -1  -1  -1  3  -1  -1  -1  0  2  -1  -1  -1  -1  -1  -1  
my rings: 3
other rings: 3
Came here
5
8
WHY 

centre is 0
layer num 1		-1  -1  -1  1  -1  3  
layer num 2		-1  -1  -1  -1  -1  -1  -1  -1  2  -1  -1  1  
layer num 3		-1  -1  -1  -1  -1  -1  -1  -1  -1  1  -1  3  -1  0  -1  1  -1  -1  
layer num 4		-1  -1  -1  -1  -1  -1  -1  -1  -1  0  -1  -1  -1  -1  -1  1  -1  3  2  0  2  -1  -1  -1  
layer num 5		-1  -1  -1  -1  -1  -1  -1  -1  -1  -1  -1  -1  -1  -1  -1  -1  -1  -1  3  -1  -1  -1  0  2  -1  -1  -1  -1  -1  -1  
my rings: 4
other rings: 4
Came here
6
11
WHY 

centre is 0
layer num 1		-1  -1  -1  3  1  3  
layer num 2		-1  -1  -1  -1  -1  -1  -1  -1  2  -1  -1  1  
layer num 3		-1  -1  -1  -1  -1  -1  -1  -1  -1  1  -1  3  0  0  -1  1  -1  -1  
layer num 4		-1  -1  -1  -1  -1  -1  -1  -1  -1  0  -1  -1  -1  -1  -1  1  -1  2  2  0  2  -1  -1  -1  
layer num 5		-1  -1  -1  -1  -1  -1  -1  -1  -1  -1  -1  -1  -1  -1  -1  -1  -1  -1  3  -1  -1  -1  2  2  -1  -1  -1  -1  -1  -1  
my rings: 6
other rings: 4
Came here
6
14
WHY 

centre is 0
layer num 1		-1  -1  -1  3  1  3  
layer num 2		-1  -1  -1  -1  -1  -1  -1  -1  2  -1  -1  3  
layer num 3		-1  -1  -1  -1  -1  -1  -1  -1  -1  1  -1  3  2  0  -1  1  -1  1  
layer num 4		-1  -1  -1  -1  -1  -1  -1  -1  -1  0  -1  -1  -1  -1  -1  1  0  2  2  0  2  -1  -1  -1  
layer num 5		-1  -1  -1  -1  -1  -1  -1  -1  -1  -1  -1  -1  -1  -1  -1  -1  -1  -1  3  -1  -1  -1  2  2  -1  -1  -1  -1  -1  -1  
my rings: 7
other rings: 5
Came here
6
17
WHY 

centre is 0
layer num 1		-1  -1  -1  3  1  3  
layer num 2		-1  -1  -1  -1  -1  -1  1  -1  2  -1  -1  3  
layer num 3		-1  -1  -1  -1  -1  -1  -1  -1  -1  3  -1  3  2  0  -1  1  -1  1  
layer num 4		-1  -1  -1  -1  -1  -1  -1  -1  -1  0  -1  -1  -1  -1  -1  1  0  2  2  2  2  -1  -1  -1  
layer num 5		-1  -1  -1  -1  -1  -1  -1  -1  -1  -1  -1  -1  -1  -1  -1  -1  -1  -1  3  -1  -1  -1  2  2  0  -1  -1  -1  -1  -1  
my rings: 8
other rings: 6
Came here
5
19
WHY 

centre is 0
layer num 1		-1  -1  -1  3  1  3  
layer num 2		-1  -1  -1  -1  -1  -1  1  -1  2  -1  -1  3  
layer num 3		-1  -1  -1  -1  -1  -1  -1  -1  -1  3  -1  3  2  0  -1  1  -1  1  
layer num 4		-1  -1  -1  -1  -1  -1  -1  -1  -1  -1  -1  -1  1  -1  -1  3  -1  -1  -1  -1  -1  -1  -1  -1  
layer num 5		-1  -1  -1  -1  -1  -1  -1  -1  -1  -1  -1  -1  -1  -1  -1  -1  -1  -1  3  -1  -1  0  2  2  0  -1  -1  -1  -1  -1  
my rings: 4
other rings: 7
Came here
6
22
WHY 

centre is 0
layer num 1		-1  -1  -1  3  3  3  
layer num 2		-1  -1  -1  -1  -1  -1  1  1  2  -1  -1  3  
layer num 3		-1  -1  -1  -1  -1  -1  -1  -1  -1  3  -1  3  2  0  -1  1  -1  1  
layer num 4		-1  -1  -1  -1  -1  -1  -1  -1  -1  -1  -1  -1  1  -1  0  2  -1  -1  -1  -1  -1  -1  -1  -1  
layer num 5		-1  -1  -1  -1  -1  -1  -1  -1  -1  -1  -1  -1  -1  -1  -1  -1  -1  -1  3  -1  -1  2  2  2  0  -1  -1  -1  -1  -1  
my rings: 6
other rings: 7
Came here
6
25
WHY 

centre is 0
layer num 1		-1  -1  -1  2  2  3  
layer num 2		-1  -1  -1  -1  -1  0  1  1  2  -1  -1  3  
layer num 3		1  -1  -1  -1  -1  -1  -1  -1  -1  3  -1  3  2  0  -1  1  -1  3  
layer num 4		-1  -1  -1  -1  -1  -1  -1  -1  -1  -1  -1  -1  1  -1  0  2  -1  -1  -1  -1  -1  -1  -1  -1  
layer num 5		-1  -1  -1  -1  -1  -1  -1  -1  -1  -1  -1  -1  -1  -1  -1  -1  -1  -1  3  -1  -1  2  2  2  2  -1  -1  -1  -1  -1  
my rings: 9
other rings: 6
Came here
6
28
WHY 

centre is 0
layer num 1		-1  -1  -1  2  2  3  
layer num 2		-1  -1  -1  -1  -1  0  1  1  2  -1  -1  3  
layer num 3		1  -1  -1  -1  -1  -1  -1  -1  -1  3  -1  3  2  0  -1  3  -1  3  
layer num 4		-1  -1  -1  -1  -1  -1  -1  -1  -1  -1  -1  -1  1  -1  2  3  0  -1  -1  -1  -1  1  -1  -1  
layer num 5		-1  -1  -1  -1  -1  -1  -1  -1  -1  -1  -1  -1  -1  -1  -1  -1  -1  -1  3  -1  -1  2  2  2  2  -1  -1  -1  -1  -1  
my rings: 9
other rings: 8
Came here
5
30
WHY 

centre is 0
layer num 1		-1  -1  -1  2  2  3  
layer num 2		-1  -1  -1  -1  -1  0  3  1  2  -1  -1  3  
layer num 3		1  -1  -1  -1  -1  -1  -1  -1  1  3  -1  3  2  0  -1  3  -1  3  
layer num 4		-1  -1  -1  -1  -1  -1  -1  -1  -1  -1  -1  -1  1  -1  2  3  2  -1  0  -1  -1  1  -1  -1  
layer num 5		-1  -1  -1  -1  -1  -1  -1  -1  -1  -1  -1  -1  -1  -1  -1  -1  -1  -1  3  -1  -1  2  2  2  2  -1  -1  -1  -1  -1  
my rings: 10
other rings: 9
Came here
6
33
WHY 

centre is -1
layer num 1		-1  -1  -1  2  -1  2  
layer num 2		-1  -1  -1  -1  -1  0  3  1  -1  -1  -1  3  
layer num 3		1  -1  -1  -1  -1  -1  -1  -1  1  3  -1  3  -1  0  -1  3  -1  3  
layer num 4		-1  -1  -1  -1  -1  -1  -1  -1  -1  -1  -1  1  3  -1  2  3  -1  -1  0  -1  -1  1  -1  -1  
layer num 5		-1  -1  -1  -1  -1  -1  -1  -1  -1  -1  -1  -1  -1  -1  -1  -1  -1  -1  3  -1  -1  2  2  2  2  -1  -1  -1  -1  -1  
my rings: 7
other rings: 9
Came here
6
36
WHY 

centre is -1
layer num 1		-1  -1  -1  2  -1  2  
layer num 2		-1  -1  -1  -1  -1  0  3  1  -1  -1  -1  3  
layer num 3		3  -1  -1  -1  -1  -1  -1  -1  1  3  -1  3  -1  0  -1  3  -1  3  
layer num 4		1  -1  -1  -1  -1  -1  -1  -1  -1  -1  -1  1  3  -1  2  3  -1  0  2  -1  -1  1  -1  -1  
layer num 5		-1  -1  -1  -1  -1  -1  -1  -1  -1  -1  -1  -1  -1  -1  -1  -1  -1  -1  3  -1  -1  2  2  2  2  -1  -1  -1  -1  -1  
my rings: 8
other rings: 10
Came here
6
39
WHY 

centre is -1
layer num 1		-1  -1  -1  2  -1  2  
layer num 2		-1  -1  -1  -1  -1  0  3  3  1  0  -1  3  
layer num 3		3  -1  -1  -1  -1  -1  -1  -1  1  3  -1  3  -1  2  -1  3  -1  3  
layer num 4		1  -1  -1  -1  -1  -1  -1  -1  -1  -1  -1  1  3  -1  2  3  -1  0  2  -1  -1  1  -1  -1  
layer num 5		-1  -1  -1  -1  -1  -1  -1  -1  -1  -1  -1  -1  -1  -1  -1  -1  -1  -1  3  -1  -1  2  2  2  2  -1  -1  -1  -1  -1  
my rings: 9
other rings: 11
Came here
6
42
WHY 

centre is -1
layer num 1		-1  -1  -1  2  -1  2  
layer num 2		-1  -1  -1  -1  -1  0  3  3  1  0  -1  3  
layer num 3		3  -1  -1  -1  -1  -1  -1  -1  1  3  -1  3  -1  2  -1  3  -1  3  
layer num 4		1  -1  -1  -1  -1  -1  -1  -1  -1  -1  -1  3  3  -1  2  3  0  2  2  -1  -1  1  -1  -1  
layer num 5		-1  -1  -1  -1  -1  -1  -1  -1  -1  -1  -1  -1  -1  -1  1  -1  -1  -1  3  -1  -1  2  2  2  2  -1  -1  -1  -1  -1  
my rings: 10
other rings: 12
Came here
7
46
***********************************

-> You are player 1
-> You are alloted a time of 120s

***********************************

Time remaining is: 120s
You played : P 0 0
P 0 0 True
Player 2 played : P 1 5
P 1 5 True
Time remaining is: 120s
You played : P 4 9
P 4 9 True
Player 2 played : P 1 3
P 1 3 True
Time remaining is: 120s
You played : P 2 8
P 2 8 True
Player 2 played : P 5 18
P 5 18 True
Time remaining is: 120s
You played : P 4 18
P 4 18 True
Player 2 played : P 3 15
P 3 15 True
Time remaining is: 120s
You played : P 4 20
P 4 20 True
Player 2 played : P 4 17
P 4 17 True
Time remaining is: 120s
You played : S 4 20 M 4 19
S 4 20 True
M 4 19 True
Player 2 played : S 5 18 M 4 15
S 5 18 True
M 4 15 True
Time remaining is: 120s
You played : S 4 18 M 5 23
S 4 18 True
M 5 23 True
Player 2 played : S 1 5 M 2 11
S 1 5 True
M 2 11 True
Time remaining is: 119s
You played : S 5 23 M 5 22
S 5 23 True
M 5 22 True
Player 2 played : S 4 17 M 3 11
S 4 17 True
M 3 11 True
Time remaining is: 119s
You played : S 2 8 M 3 13
S 2 8 True
M 3 13 True
Player 2 played : S 3 11 M 3 9
S 3 11 True
M 3 9 True
Time remaining is: 116s
You played : S 5 22 M 3 12
S 5 22 True
M 3 12 True
Player 2 played : S 1 3 M 1 4
S 1 3 True
M 1 4 True
Time remaining is: 113s
You played : S 3 12 M 4 16
S 3 12 True
M 4 16 True
Player 2 played : S 2 11 M 3 17
S 2 11 True
M 3 17 True
Time remaining is: 111s
You played : S 4 19 M 5 24
S 4 19 True
M 5 24 True
Player 2 played : S 3 9 M 2 6
S 3 9 True
M 2 6 True
Time remaining is: 110s
You played : S 4 16 M 5 21 RS 4 16 RE 4 20 X 4 9
S 4 16 True
M 5 21 True
RS 4 16 True
RE 4 20 True
X 4 9 True
Player 2 played : S 4 15 M 4 12
S 4 15 True
M 4 12 True
Time remaining is: 109s
You played : S 5 21 M 4 14
S 5 21 True
M 4 14 True
Player 2 played : S 1 4 M 2 7
S 1 4 True
M 2 7 True
Time remaining is: 108s
You played : S 5 24 M 2 5
S 5 24 True
M 2 5 True
Player 2 played : S 3 17 M 3 0
S 3 17 True
M 3 0 True
Time remaining is: 107s
You played : S 4 14 M 4 16
S 4 14 True
M 4 16 True
Player 2 played : S 3 15 M 4 21
S 3 15 True
M 4 21 True
Time remaining is: 105s
You played : S 4 16 M 4 18
S 4 16 True
M 4 18 True
Player 2 played : S 2 6 M 3 8
S 2 6 True
M 3 8 True
Time remaining is: 105s
You played : S 0 0 M 2 10 RS 4 16 RE 0 0 X 2 10
S 0 0 True
M 2 10 True
RS 4 16 True
RE 0 0 True
X 2 10 True
Player 2 played : S 4 12 M 4 11
S 4 12 True
M 4 11 True
Time remaining is: 102s
You played : S 4 18 M 4 17
S 4 18 True
M 4 17 True
Player 2 played : S 3 0 M 4 0
S 3 0 True
M 4 0 True
Time remaining is: 101s
You played : S 3 13 M 2 9
S 3 13 True
M 2 9 True
Player 2 played : S 2 7 M 2 8
S 2 7 True
M 2 8 True
Time remaining is: 100s
You played : S 4 17 M 4 16
S 4 17 True
M 4 16 True
Player 2 played : S 4 11 M 5 14
S 4 11 True
M 5 14 True
Time remaining is: 100s
You played : S 2 9 M 3 14 RS 5 21 RE 1 5 X 2 5
S 2 9 True
M 3 14 True
RS 5 21 True
RE 1 5 True
X 2 5 True
YOU WIN!
Your Score : 10.006
Opponent's Score : 0.012
