The5
WHY 

centre is 1
layer num 1		0  -1  -1  1  -1  -1  
layer num 2		-1  -1  -1  -1  -1  -1  1  -1  1  -1  -1  1  
layer num 3		-1  -1  -1  -1  -1  -1  -1  0  -1  -1  -1  -1  -1  -1  -1  -1  -1  -1  
layer num 4		-1  -1  -1  -1  0  -1  -1  -1  0  0  -1  -1  -1  -1  -1  -1  -1  -1  -1  -1  -1  -1  -1  -1  
layer num 5		-1  -1  -1  -1  -1  -1  -1  -1  -1  -1  -1  -1  -1  -1  -1  -1  -1  -1  -1  -1  -1  -1  -1  -1  -1  -1  -1  -1  -1  -1  
my rings: 0
other rings: 0
Came here
5
2
WHY 

centre is 1
layer num 1		0  -1  -1  1  -1  -1  
layer num 2		-1  -1  -1  -1  -1  -1  3  -1  1  -1  -1  1  
layer num 3		-1  -1  -1  -1  -1  -1  -1  0  1  -1  -1  -1  -1  -1  -1  -1  -1  -1  
layer num 4		-1  -1  -1  -1  0  -1  -1  -1  0  2  0  -1  -1  -1  -1  -1  -1  -1  -1  -1  -1  -1  -1  -1  
layer num 5		-1  -1  -1  -1  -1  -1  -1  -1  -1  -1  -1  -1  -1  -1  -1  -1  -1  -1  -1  -1  -1  -1  -1  -1  -1  -1  -1  -1  -1  -1  
my rings: 1
other rings: 1
Came here
5
4
WHY 

centre is 1
layer num 1		0  -1  -1  3  -1  -1  
layer num 2		-1  -1  -1  -1  -1  -1  3  1  1  -1  -1  1  
layer num 3		-1  -1  -1  -1  -1  -1  -1  0  1  -1  -1  -1  -1  -1  -1  -1  -1  -1  
layer num 4		-1  -1  -1  -1  0  -1  -1  -1  2  2  0  -1  -1  -1  -1  -1  -1  -1  -1  -1  -1  -1  -1  -1  
layer num 5		-1  -1  -1  -1  -1  -1  -1  -1  -1  0  -1  -1  -1  -1  -1  -1  -1  -1  -1  -1  -1  -1  -1  -1  -1  -1  -1  -1  -1  -1  
my rings: 2
other rings: 2
Came here
5
6
WHY 

centre is 1
layer num 1		0  -1  -1  3  -1  -1  
layer num 2		-1  -1  -1  -1  -1  -1  3  1  1  -1  -1  3  
layer num 3		-1  -1  -1  -1  -1  -1  -1  0  1  -1  -1  -1  -1  -1  -1  -1  -1  -1  
layer num 4		-1  -1  -1  -1  0  -1  -1  -1  2  2  0  -1  -1  -1  -1  -1  -1  -1  -1  -1  -1  -1  -1  -1  
layer num 5		-1  -1  -1  1  -1  -1  -1  0  -1  2  -1  -1  -1  -1  -1  -1  -1  -1  -1  -1  -1  -1  -1  -1  -1  -1  -1  -1  -1  -1  
my rings: 3
other rings: 3
Came here
5
8
WHY 

centre is 1
layer num 1		0  -1  -1  3  -1  -1  
layer num 2		-1  -1  -1  -1  -1  -1  2  1  1  -1  -1  3  
layer num 3		-1  -1  -1  -1  -1  -1  -1  0  1  -1  0  -1  -1  -1  -1  -1  -1  -1  
layer num 4		-1  -1  -1  -1  0  -1  -1  -1  2  3  0  -1  -1  -1  -1  -1  -1  -1  -1  -1  -1  -1  -1  -1  
layer num 5		-1  -1  -1  3  -1  -1  -1  2  -1  2  -1  -1  1  -1  -1  -1  -1  -1  -1  -1  -1  -1  -1  -1  -1  -1  -1  -1  -1  -1  
my rings: 4
other rings: 4
Came here
6
11
WHY 

centre is 3
layer num 1		0  -1  -1  3  -1  1  
layer num 2		-1  -1  -1  -1  -1  -1  2  1  1  -1  -1  3  
layer num 3		-1  -1  -1  -1  -1  -1  -1  0  1  -1  0  -1  -1  -1  -1  -1  -1  -1  
layer num 4		-1  -1  -1  -1  2  0  -1  -1  2  3  0  -1  -1  -1  -1  -1  -1  -1  -1  -1  -1  -1  -1  -1  
layer num 5		-1  -1  -1  3  -1  -1  -1  2  -1  2  -1  -1  1  -1  -1  -1  -1  -1  -1  -1  -1  -1  -1  -1  -1  -1  -1  -1  -1  -1  
my rings: 5
other rings: 5
Came here
6
14
WHY 

centre is 3
layer num 1		0  -1  -1  3  1  3  
layer num 2		-1  -1  -1  -1  -1  -1  2  1  1  -1  -1  3  
layer num 3		-1  -1  -1  -1  -1  -1  -1  2  1  -1  0  -1  -1  -1  -1  -1  -1  -1  
layer num 4		-1  -1  -1  -1  2  0  -1  0  2  3  0  -1  -1  -1  -1  -1  -1  -1  -1  -1  -1  -1  -1  -1  
layer num 5		-1  -1  -1  3  -1  -1  -1  2  -1  2  -1  -1  1  -1  -1  -1  -1  -1  -1  -1  -1  -1  -1  -1  -1  -1  -1  -1  -1  -1  
my rings: 6
other rings: 6
Came here
5
16
WHY 

centre is 3
layer num 1		0  1  -1  3  1  3  
layer num 2		-1  -1  -1  -1  -1  -1  2  1  1  -1  -1  3  
layer num 3		-1  -1  -1  -1  -1  -1  -1  2  3  -1  0  -1  -1  -1  -1  -1  -1  -1  
layer num 4		-1  -1  -1  -1  2  0  0  2  2  3  0  -1  -1  -1  -1  -1  -1  -1  -1  -1  -1  -1  -1  -1  
layer num 5		-1  -1  -1  3  -1  -1  -1  2  -1  2  -1  -1  1  -1  -1  -1  -1  -1  -1  -1  -1  -1  -1  -1  -1  -1  -1  -1  -1  -1  
my rings: 7
other rings: 7
Came here
5
18
WHY 

centre is 3
layer num 1		0  3  1  3  1  3  
layer num 2		-1  -1  -1  -1  -1  -1  2  1  1  -1  -1  3  
layer num 3		-1  -1  -1  -1  -1  -1  -1  2  3  -1  0  -1  -1  -1  -1  -1  -1  -1  
layer num 4		-1  -1  -1  -1  2  0  2  2  2  3  0  -1  -1  -1  -1  -1  -1  -1  -1  -1  -1  -1  -1  -1  
layer num 5		-1  -1  -1  3  -1  -1  -1  2  0  2  -1  -1  1  -1  -1  -1  -1  -1  -1  -1  -1  -1  -1  -1  -1  -1  -1  -1  -1  -1  
my rings: 8
other rings: 8
Came here
5
20
WHY 

centre is 3
layer num 1		0  3  1  3  1  3  
layer num 2		-1  -1  -1  -1  -1  -1  2  1  1  -1  -1  3  
layer num 3		-1  -1  -1  -1  -1  -1  -1  2  3  -1  0  -1  -1  -1  -1  -1  -1  -1  
layer num 4		-1  -1  -1  -1  -1  -1  -1  -1  -1  3  -1  -1  -1  -1  -1  -1  -1  -1  -1  -1  -1  -1  -1  -1  
layer num 5		-1  -1  -1  3  -1  -1  -1  2  0  2  -1  -1  3  1  -1  -1  -1  -1  -1  -1  -1  -1  -1  -1  -1  -1  -1  -1  0  -1  
my rings: 4
other rings: 9
Came here
6
23
WHY 

centre is 3
layer num 1		0  3  1  3  1  3  
layer num 2		-1  -1  -1  -1  -1  -1  2  1  1  -1  0  3  
layer num 3		-1  -1  -1  -1  -1  -1  -1  2  3  -1  0  -1  -1  -1  -1  -1  -1  -1  
layer num 4		-1  -1  -1  -1  -1  -1  -1  -1  -1  3  1  -1  -1  -1  -1  -1  -1  -1  -1  -1  -1  -1  -1  -1  
layer num 5		-1  -1  -1  3  -1  -1  -1  2  0  2  -1  -1  3  3  -1  -1  -1  -1  -1  -1  -1  -1  -1  -1  -1  -1  -1  -1  2  -1  
my rings: 5
other rings: 10
Came here
6
26
WHY 

centre is 3
layer num 1		0  3  1  3  1  3  
layer num 2		0  -1  -1  -1  -1  -1  2  3  1  -1  2  2  
layer num 3		-1  -1  -1  -1  -1  -1  -1  2  3  -1  0  1  -1  -1  -1  -1  -1  -1  
layer num 4		-1  -1  -1  -1  -1  -1  -1  -1  -1  3  1  -1  -1  -1  -1  -1  -1  -1  -1  -1  -1  -1  -1  -1  
layer num 5		-1  -1  -1  3  -1  -1  -1  2  0  2  -1  -1  3  3  -1  -1  -1  -1  -1  -1  -1  -1  -1  -1  -1  -1  -1  -1  2  -1  
my rings: 7
other rings: 10
Came here
6
29
WHY 

centre is 3
layer num 1		0  3  1  3  1  3  
layer num 2		2  -1  -1  -1  1  -1  2  3  1  -1  2  2  
layer num 3		0  -1  -1  -1  -1  -1  -1  3  3  -1  0  1  -1  -1  -1  -1  -1  -1  
layer num 4		-1  -1  -1  -1  -1  -1  -1  -1  -1  3  3  -1  -1  -1  -1  -1  -1  -1  -1  -1  -1  -1  -1  -1  
layer num 5		-1  -1  -1  3  -1  -1  -1  2  0  2  -1  -1  3  3  -1  -1  -1  -1  -1  -1  -1  -1  -1  -1  -1  -1  -1  -1  2  -1  
my rings: 7
other rings: 12
Came here
5
31
WHY 

centre is 3
layer num 1		0  3  1  2  3  3  
layer num 2		2  -1  -1  -1  1  1  2  3  1  -1  2  2  
layer num 3		2  -1  -1  -1  -1  -1  -1  3  3  -1  0  1  -1  -1  -1  -1  -1  -1  
layer num 4		-1  -1  -1  -1  -1  -1  -1  -1  -1  3  3  -1  -1  -1  -1  -1  -1  -1  -1  -1  -1  -1  -1  0  
layer num 5		-1  -1  -1  3  -1  -1  -1  2  0  2  -1  -1  3  3  -1  -1  -1  -1  -1  -1  -1  -1  -1  -1  -1  -1  -1  -1  2  -1  
my rings: 9
other rings: 12
Came here
6
34
WHY 

centre is 3
layer num 1		0  3  1  2  3  3  
layer num 2		2  -1  -1  -1  1  1  2  3  3  -1  3  2  
layer num 3		2  -1  -1  -1  -1  -1  -1  2  2  0  0  1  -1  -1  -1  -1  1  -1  
layer num 4		-1  -1  -1  -1  -1  -1  -1  -1  -1  3  3  -1  -1  -1  -1  -1  -1  -1  -1  -1  -1  -1  -1  0  
layer num 5		-1  -1  -1  3  -1  -1  -1  2  2  2  -1  -1  3  3  -1  -1  -1  -1  -1  -1  -1  -1  -1  -1  -1  -1  -1  -1  2  -1  
my rings: 11
other rings: 12
Came here
6
37
WHY 

centre is 3
layer num 1		0  3  1  2  3  3  
layer num 2		2  -1  -1  -1  1  1  2  3  3  -1  3  2  
layer num 3		2  -1  -1  -1  -1  -1  -1  2  2  2  0  1  -1  -1  -1  -1  3  1  
layer num 4		-1  -1  -1  -1  -1  -1  -1  -1  -1  3  3  -1  -1  0  -1  -1  -1  -1  -1  -1  -1  -1  -1  0  
layer num 5		-1  -1  -1  3  -1  -1  -1  2  2  2  -1  -1  3  3  -1  -1  -1  -1  -1  -1  -1  -1  -1  -1  -1  -1  -1  -1  2  -1  
my rings: 12
other rings: 13
Came here
6
40
WHY 

centre is 3
layer num 1		0  3  1  2  3  3  
layer num 2		2  -1  -1  -1  1  3  2  3  3  -1  3  2  
layer num 3		2  -1  -1  -1  -1  -1  -1  2  3  2  0  1  -1  -1  -1  -1  3  1  
layer num 4		-1  -1  -1  -1  -1  -1  -1  -1  -1  3  3  1  -1  2  -1  -1  -1  -1  -1  -1  -1  -1  -1  0  
layer num 5		-1  -1  -1  3  -1  -1  -1  2  2  2  -1  -1  3  3  -1  -1  -1  0  -1  -1  -1  -1  -1  -1  -1  -1  -1  -1  2  -1  
my rings: 12
other rings: 15
Came here
6
43
WHY 

centre is 3
layer num 1		2  3  1  2  3  2  
layer num 2		2  -1  -1  -1  1  3  2  3  3  0  3  2  
layer num 3		2  -1  -1  -1  -1  -1  -1  2  3  2  0  1  -1  -1  -1  -1  3  1  
layer num 4		-1  -1  -1  -1  -1  -1  -1  -1  -1  3  3  3  1  2  -1  -1  -1  -1  -1  -1  -1  -1  -1  0  
layer num 5		-1  -1  -1  3  -1  -1  -1  2  2  2  -1  -1  3  3  -1  -1  -1  0  -1  -1  -1  -1  -1  -1  -1  -1  -1  -1  2  -1  
my rings: 14
other rings: 15
Came here
5
45
WHY 

centre is 3
layer num 1		2  -1  -1  2  3  2  
layer num 2		2  -1  -1  1  1  -1  2  3  3  0  3  2  
layer num 3		2  -1  -1  -1  -1  -1  -1  2  -1  2  0  1  -1  -1  -1  -1  3  1  
layer num 4		0  -1  -1  -1  -1  -1  -1  -1  -1  3  3  -1  -1  2  -1  -1  -1  -1  -1  -1  -1  -1  -1  2  
layer num 5		-1  -1  -1  3  -1  -1  -1  2  2  2  -1  -1  3  3  -1  -1  -1  0  -1  -1  -1  -1  -1  -1  -1  -1  -1  -1  2  -1  
my rings: 15
other rings: 11
Came here
6
48
WHY 

centre is 3
layer num 1		2  1  -1  2  3  2  
layer num 2		2  -1  -1  3  1  -1  2  3  3  0  3  2  
layer num 3		2  -1  -1  -1  -1  -1  -1  2  -1  2  0  1  -1  -1  -1  -1  3  1  
layer num 4		0  -1  -1  -1  -1  -1  -1  -1  -1  3  3  -1  -1  2  -1  -1  -1  -1  -1  -1  -1  -1  -1  2  
layer num 5		-1  -1  -1  3  -1  -1  -1  2  2  2  -1  -1  3  3  -1  -1  0  2  -1  -1  -1  -1  -1  -1  -1  -1  -1  -1  2  -1  
my rings: 16
other rings: 12
Came here
6
51
WHY 

centre is 3
layer num 1		2  1  -1  2  3  2  
layer num 2		2  -1  -1  3  3  1  2  3  3  0  3  2  
layer num 3		2  -1  -1  -1  -1  -1  -1  2  -1  2  0  1  -1  -1  -1  -1  3  1  
layer num 4		0  -1  -1  -1  -1  -1  -1  -1  -1  3  3  0  -1  2  -1  -1  -1  -1  -1  -1  -1  -1  -1  2  
layer num 5		-1  -1  -1  3  -1  -1  -1  2  2  2  -1  -1  3  3  -1  -1  2  2  -1  -1  -1  -1  -1  -1  -1  -1  -1  -1  2  -1  
my rings: 17
other rings: 13
Came here
6
54
WHY 

centre is 3
layer num 1		2  1  -1  2  3  2  
layer num 2		2  -1  -1  3  3  3  2  3  3  0  3  2  
layer num 3		2  -1  -1  -1  -1  -1  -1  3  -1  2  0  1  -1  -1  -1  -1  3  1  
layer num 4		0  -1  -1  -1  -1  -1  -1  -1  0  3  2  2  -1  2  -1  -1  -1  -1  -1  -1  -1  -1  -1  2  
layer num 5		-1  -1  -1  3  -1  -1  -1  2  2  2  -1  1  3  3  -1  -1  2  2  -1  -1  -1  -1  -1  -1  -1  -1  -1  -1  2  -1  
my rings: 18
other rings: 14
Came here
6
57
WHY 

centre is 3
layer num 1		3  3  0  2  3  2  
layer num 2		2  -1  -1  3  2  3  2  3  3  0  3  3  
layer num 3		2  -1  -1  -1  -1  -1  -1  3  -1  2  0  1  -1  -1  -1  -1  2  1  
layer num 4		0  -1  -1  -1  -1  -1  -1  -1  2  3  2  2  -1  2  -1  -1  -1  -1  -1  -1  -1  1  -1  2  
layer num 5		-1  -1  -1  3  -1  -1  -1  2  2  2  -1  1  3  3  -1  -1  2  2  -1  -1  -1  -1  -1  -1  -1  -1  -1  -1  2  -1  
my rings: 19
other rings: 15
Came here
6
60
WHY 

centre is 3
layer num 1		-1  -1  2  2  3  2  
layer num 2		2  -1  -1  -1  2  2  2  3  3  0  3  -1  
layer num 3		2  -1  -1  -1  -1  -1  -1  3  0  2  0  -1  -1  -1  -1  1  -1  3  
layer num 4		0  -1  -1  -1  -1  -1  -1  -1  2  3  2  2  -1  2  -1  -1  -1  -1  -1  -1  -1  1  -1  2  
layer num 5		-1  -1  -1  3  -1  -1  -1  2  2  2  -1  1  3  3  -1  -1  2  2  -1  -1  -1  -1  -1  -1  -1  -1  -1  -1  2  -1  
my rings: 20
other rings: 11
Came here
6
63
WHY 

centre is 3
layer num 1		-1  -1  2  2  3  2  
layer num 2		2  -1  -1  -1  2  2  2  3  3  0  3  -1  
layer num 3		3  -1  -1  -1  -1  -1  0  -1  -1  -1  0  -1  -1  -1  -1  3  -1  2  
layer num 4		-1  1  -1  -1  -1  -1  -1  -1  2  3  2  2  -1  -1  -1  -1  -1  -1  -1  -1  -1  1  -1  2  
layer num 5		-1  -1  -1  3  -1  -1  -1  2  2  2  -1  1  3  3  -1  -1  2  -1  -1  -1  -1  -1  -1  -1  -1  -1  -1  -1  2  -1  
my rings: 17
other rings: 11
Came here
6
66
WHY 

centre is 3
layer num 1		-1  -1  2  2  3  2  
layer num 2		2  -1  -1  1  2  2  2  3  3  0  3  -1  
layer num 3		3  -1  -1  -1  -1  -1  2  -1  0  -1  0  -1  -1  -1  -1  3  -1  2  
layer num 4		-1  1  -1  -1  -1  -1  -1  -1  2  3  2  2  -1  -1  -1  -1  -1  -1  -1  -1  -1  3  -1  2  
layer num 5		-1  -1  -1  3  -1  -1  -1  2  2  2  -1  1  3  3  -1  -1  2  -1  -1  -1  -1  -1  -1  -1  -1  -1  -1  -1  2  -1  
my rings: 18
other rings: 12
Came here
8
71
***********************************

-> You are player 1
-> You are alloted a time of 120s

***********************************

Time remaining is: 120s
You played : P 4 9
P 4 9 True
Player 2 played : P 0 0
P 0 0 True
Time remaining is: 120s
You played : P 4 8
P 4 8 True
Player 2 played : P 2 8
P 2 8 True
Time remaining is: 120s
You played : P 1 0
P 1 0 True
Player 2 played : P 2 11
P 2 11 True
Time remaining is: 120s
You played : P 4 4
P 4 4 True
Player 2 played : P 1 3
P 1 3 True
Time remaining is: 120s
You played : P 3 7
P 3 7 True
Player 2 played : P 2 6
P 2 6 True
Time remaining is: 120s
You played : S 4 9 M 4 10
S 4 9 True
M 4 10 True
Player 2 played : S 2 6 M 3 8
S 2 6 True
M 3 8 True
Time remaining is: 120s
You played : S 4 8 M 5 9
S 4 8 True
M 5 9 True
Player 2 played : S 1 3 M 2 7
S 1 3 True
M 2 7 True
Time remaining is: 120s
You played : S 5 9 M 5 7
S 5 9 True
M 5 7 True
Player 2 played : S 2 11 M 5 3
S 2 11 True
M 5 3 True
Time remaining is: 119s
You played : S 5 7 M 3 10
S 5 7 True
M 3 10 True
Player 2 played : S 5 3 M 5 12
S 5 3 True
M 5 12 True
Time remaining is: 119s
You played : S 4 4 M 4 5
S 4 4 True
M 4 5 True
Player 2 played : S 0 0 M 1 5
S 0 0 True
M 1 5 True
Time remaining is: 116s
You played : S 3 7 M 4 7
S 3 7 True
M 4 7 True
Player 2 played : S 1 5 M 1 4
S 1 5 True
M 1 4 True
Time remaining is: 111s
You played : S 4 7 M 4 6
S 4 7 True
M 4 6 True
Player 2 played : S 3 8 M 1 1
S 3 8 True
M 1 1 True
Time remaining is: 111s
You played : S 4 6 M 5 8
S 4 6 True
M 5 8 True
Player 2 played : S 1 1 M 1 2
S 1 1 True
M 1 2 True
Time remaining is: 111s
You played : S 4 5 M 5 28 RS 4 8 RE 4 4 X 4 10
S 4 5 True
M 5 28 True
RS 4 8 True
RE 4 4 True
X 4 10 True
Player 2 played : S 5 12 M 5 13
S 5 12 True
M 5 13 True
Time remaining is: 110s
You played : S 5 28 M 2 10
S 5 28 True
M 2 10 True
Player 2 played : S 5 13 M 4 10
S 5 13 True
M 4 10 True
Time remaining is: 108s
You played : S 2 10 M 2 0
S 2 10 True
M 2 0 True
Player 2 played : S 2 7 M 3 11
S 2 7 True
M 3 11 True
Time remaining is: 107s
You played : S 2 0 M 3 0
S 2 0 True
M 3 0 True
Player 2 played : S 4 10 M 2 4
S 4 10 True
M 2 4 True
Time remaining is: 106s
You played : S 3 0 M 4 23
S 3 0 True
M 4 23 True
Player 2 played : S 1 4 M 2 5
S 1 4 True
M 2 5 True
Time remaining is: 105s
You played : S 5 8 M 3 9
S 5 8 True
M 3 9 True
Player 2 played : S 2 8 M 3 16
S 2 8 True
M 3 16 True
Time remaining is: 104s
You played : S 3 9 M 4 13
S 3 9 True
M 4 13 True
Player 2 played : S 3 16 M 3 17
S 3 16 True
M 3 17 True
Time remaining is: 103s
You played : S 4 13 M 5 17
S 4 13 True
M 5 17 True
Player 2 played : S 2 5 M 4 11
S 2 5 True
M 4 11 True
Time remaining is: 102s
You played : S 1 0 M 2 9
S 1 0 True
M 2 9 True
Player 2 played : S 4 11 M 4 12
S 4 11 True
M 4 12 True
Time remaining is: 101s
You played : S 4 23 M 4 0
S 4 23 True
M 4 0 True
Player 2 played : S 1 2 M 2 3 RS 1 1 RE 4 11 X 4 12
S 1 2 True
M 2 3 True
RS 1 1 True
RE 4 11 True
X 4 12 True
Time remaining is: 101s
You played : S 5 17 M 5 16
S 5 17 True
M 5 16 True
Player 2 played : S 2 3 M 1 1
S 2 3 True
M 1 1 True
Time remaining is: 99s
You played : S 5 16 M 4 11
S 5 16 True
M 4 11 True
Player 2 played : S 2 4 M 2 5
S 2 4 True
M 2 5 True
Time remaining is: 99s
You played : S 4 11 M 4 8
S 4 11 True
M 4 8 True
Player 2 played : S 2 5 M 5 11
S 2 5 True
M 5 11 True
Time remaining is: 98s
You played : S 4 8 M 1 2
S 4 8 True
M 1 2 True
Player 2 played : S 1 1 M 4 21
S 1 1 True
M 4 21 True
Time remaining is: 97s
You played : S 1 2 M 3 8
S 1 2 True
M 3 8 True
Player 2 played : S 3 17 M 3 15 RS 2 3 RE 3 16 X 3 11
S 3 17 True
M 3 15 True
RS 2 3 True
RE 3 16 True
X 3 11 True
Time remaining is: 97s
You played : S 3 8 M 3 6 RS 5 17 RE 3 7 X 4 0
S 3 8 True
M 3 6 True
RS 5 17 True
RE 3 7 True
X 4 0 True
Player 2 played : S 3 15 M 4 1
S 3 15 True
M 4 1 True
Time remaining is: 96s
You played : S 3 6 M 3 8
S 3 6 True
M 3 8 True
Player 2 played : S 4 21 M 2 3
S 4 21 True
M 2 3 True
Time remaining is: 95s
You played : S 3 10 M 4 14
S 3 10 True
M 4 14 True
Player 2 played : S 2 3 M 3 7
S 2 3 True
M 3 7 True
Time remaining is: 92WHY 

centre is 3
layer num 1		-1  -1  2  2  3  2  
layer num 2		2  -1  -1  3  3  2  2  3  3  0  3  -1  
layer num 3		3  -1  -1  -1  -1  -1  2  1  0  -1  2  -1  -1  -1  -1  3  -1  2  
layer num 4		-1  1  -1  -1  -1  -1  -1  -1  2  3  2  2  -1  -1  0  -1  -1  -1  -1  -1  -1  3  -1  2  
layer num 5		-1  -1  -1  3  -1  -1  -1  2  2  2  -1  1  3  3  -1  -1  2  -1  -1  -1  -1  -1  -1  -1  -1  -1  -1  -1  2  -1  
my rings: 18
other rings: 14
Came here
8
76
WHY 

centre is 3
layer num 1		-1  -1  2  2  3  2  
layer num 2		2  -1  -1  3  3  2  2  3  3  0  3  -1  
layer num 3		3  -1  -1  -1  -1  -1  2  1  0  -1  2  -1  -1  -1  -1  3  -1  2  
layer num 4		-1  3  -1  -1  -1  -1  -1  -1  2  3  2  2  -1  -1  2  -1  -1  -1  -1  -1  -1  3  -1  2  
layer num 5		-1  1  -1  3  -1  -1  -1  2  2  2  -1  1  3  3  -1  -1  2  -1  0  -1  -1  -1  -1  -1  -1  -1  -1  -1  2  -1  
my rings: 19
other rings: 15
Came here
8
81
s
You played : S 4 14 M 5 18
S 4 14 True
M 5 18 True
Player 2 played : S 4 1 M 5 1
S 4 1 True
M 5 1 True
Time remaining is: 90s
You played : S 5 18 M 5 27 RS 5 18 RE 2 5 X 2 9
S 5 18 True
M 5 27 True
RS 5 18 True
RE 2 5 True
X 2 9 True
YOU WIN!
Your Score : 8.017
Opponent's Score : 2.013
