***********************************

-> You are player 2
-> You are alloted a time of 120s

***********************************

Player 1 played : P 0 0
P 0 0 True
Time remaining is: 120s
You played : P 1 0
P 1 0 True
Player 1 played : P 1 5
P 1 5 True
Time remaining is: 120s
You played : P 1 1
P 1 1 True
Player 1 played : P 2 9
P 2 9 True
Time remaining is: 120s
You played : P 1 2
P 1 2 True
Player 1 played : P 3 8
P 3 8 True
Time remaining is: 120s
You played : P 1 3
P 1 3 True
Player 1 played : P 2 10
P 2 10 True
Time remaining is: 120s
You played : P 1 4
P 1 4 True
Player 1 played : S 2 9 M 4 19
S 2 9 True
M 4 19 True
Time remaining is: 120s
You played : S 1 1 M 2 2
S 1 1 True
M 2 2 True
Player 1 played : S 4 19 M 3 15
S 4 19 True
M 3 15 True
Time remaining is: 120s
You played : S 2 2 M 3 3
S 2 2 True
M 3 3 True
Player 1 played : S 3 8 M 4 18
S 3 8 True
M 4 18 True
Time remaining is: 120s
You played : S 1 2 M 2 4
S 1 2 True
M 2 4 True
Player 1 played : S 4 18 M 4 17
S 4 18 True
M 4 17 True
Time remaining is: 120s
You played : S 1 4 M 3 14
S 1 4 True
M 3 14 True
Player 1 played : S 1 5 M 3 13
S 1 5 True
M 3 13 True
Time remaining is: 120s
You played : S 3 3 M 4 4
S 3 3 True
M 4 4 True
Player 1 played : S 3 15 M 3 17
S 3 15 True
M 3 17 True
Time remaining is: 120s
You played : S 4 4 M 4 3
S 4 4 True
M 4 3 True
Player 1 played : S 2 10 M 2 11
S 2 10 True
M 2 11 True
Time remaining is: 119s
You played : S 4 3 M 2 1
S 4 3 True
M 2 1 True
Player 1 played : S 3 17 M 3 16
S 3 17 True
M 3 16 True
Time remaining is: 112s
You played : S 2 1 M 3 1
S 2 1 True
M 3 1 True
Player 1 played : S 2 11 M 2 0
S 2 11 True
M 2 0 True
Time remaining is: 109s
You played : S 3 14 M 4 21
S 3 14 True
M 4 21 True
Player 1 played : S 3 16 M 4 22
S 3 16 True
M 4 22 True
Time remaining is: 105s
You played : S 1 3 M 2 5
S 1 3 True
M 2 5 True
Player 1 played : S 4 22 M 5 28
S 4 22 True
M 5 28 True
Time remaining is: 100s
You played : S 4 21 M 4 23
S 4 21 True
M 4 23 True
Player 1 played : S 5 28 M 5 26
S 5 28 True
M 5 26 True
Time remaining is: 96s
You played : S 2 5 M 2 6
S 2 5 True
M 2 6 True
Player 1 played : S 5 26 M 4 20
S 5 26 True
M 4 20 True
Time remaining is: 93s
You played : S 2 6 M 2 7
S 2 6 True
M 2 7 True
Player 1 played : S 4 17 M 3 11
S 4 17 True
M 3 11 True
Time remaining is: 91s
You played : S 2 4 M 3 6
S 2 4 True
M 3 6 True
Player 1 played : S 2 0 M 5 27 RS 5 28 RE 2 9 X 5 27
S 2 0 True
M 5 27 True
RS 5 28 True
RE 2 9 True
X 5 27 True
Time remaining is: 90s
You played : S 1 0 M 2 9
S 1 0 True
M 2 9 True
Player 1 played : S 4 20 M 2 10 RS 5 26 RE 4 17 X 3 11
S 4 20 True
M 2 10 True
RS 5 26 True
RE 4 17 True
X 3 11 True
Time remaining is: 88s
You played : S 2 9 M 3 2 RS 3 14 RE 2 5 X 4 23
S 2 9 True
M 3 2 True
RS 3 14 True
RE 2 5 True
X 4 23 True
Player 1 played : S 3 13 M 2 9
S 3 13 True
M 2 9 True
Time remaining is: 77s
You played : S 2 7 M 4 23
S 2 7 True
M 4 23 True
Player 1 played : S 0 0 M 1 3
S 0 0 True
M 1 3 True
Time remaining is: 76s
You played : S 3 6 M 3 9
S 3 6 True
M 3 9 True
Player 1 played : S 2 9 M 1 4
S 2 9 True
M 1 4 True
Time remaining is: 73s
You played : S 3 1 M 2 5
S 3 1 True
M 2 5 True
Player 1 played : S 1 4 M 2 8
S 1 4 True
M 2 8 True
Time remaining is: 72s
You played : S 4 23 M 3 0
S 4 23 True
M 3 0 True
Player 1 played : S 2 8 M 4 10 RS 3 8 RE 3 13 X 1 3
S 2 8 True
M 4 10 True
RS 3 8 True
RE 3 13 True
X 1 3 True
OTHER PLAYER WINS!
Your Score : 1.012
Opponent's Score : 9.009
