{"action": "NORMAL", "meta": "", "data": "P 0 0"} Received from client 0
{"action": "NORMAL", "meta": "", "data": "P 1 0"} Received from client 1
{"action": "NORMAL", "meta": "", "data": "P 1 3"} Received from client 0
{"action": "NORMAL", "meta": "", "data": "P 1 1"} Received from client 1
{"action": "NORMAL", "meta": "", "data": "P 1 5"} Received from client 0
{"action": "NORMAL", "meta": "", "data": "P 1 2"} Received from client 1
{"action": "NORMAL", "meta": "", "data": "P 1 4"} Received from client 0
{"action": "NORMAL", "meta": "", "data": "P 2 0"} Received from client 1
{"action": "NORMAL", "meta": "", "data": "P 2 4"} Received from client 0
{"action": "NORMAL", "meta": "", "data": "P 2 1"} Received from client 1
{"action": "NORMAL", "meta": "", "data": "S 1 4 M 2 7"} Received from client 0
{"action": "NORMAL", "meta": "", "data": "S 2 0 M 2 11"} Received from client 1
{"action": "NORMAL", "meta": "", "data": "S 1 3 M 2 5"} Received from client 0
{"action": "NORMAL", "meta": "", "data": "S 1 1 M 2 2"} Received from client 1
{"action": "NORMAL", "meta": "", "data": "S 2 5 M 3 7"} Received from client 0
{"action": "NORMAL", "meta": "", "data": "S 2 1 M 3 1"} Received from client 1
{"action": "NORMAL", "meta": "", "data": "S 1 5 M 2 9"} Received from client 0
{"action": "NORMAL", "meta": "", "data": "S 1 2 M 3 8"} Received from client 1
{"action": "NORMAL", "meta": "", "data": "S 2 4 M 2 6"} Received from client 0
{"action": "NORMAL", "meta": "", "data": "S 3 1 M 5 7"} Received from client 1
{"action": "NORMAL", "meta": "", "data": "S 2 9 M 3 13"} Received from client 0
{"action": "NORMAL", "meta": "", "data": "S 1 0 M 3 2"} Received from client 1
{"action": "NORMAL", "meta": "", "data": "S 3 7 M 2 3 RS 2 9 RE 3 7 X 3 13"} Received from client 0
{"action": "NORMAL", "meta": "", "data": "S 5 7 M 2 5"} Received from client 1
{"action": "NORMAL", "meta": "", "data": "S 2 3 M 1 3"} Received from client 0
{"action": "NORMAL", "meta": "", "data": "S 2 11 M 1 4"} Received from client 1
{"action": "NORMAL", "meta": "", "data": "S 0 0 M 2 10"} Received from client 0
{"action": "NORMAL", "meta": "", "data": "S 2 2 M 3 7"} Received from client 1
{"action": "NORMAL", "meta": "", "data": "S 2 10 M 4 2"} Received from client 0
{"action": "NORMAL", "meta": "", "data": "S 1 4 M 3 17"} Received from client 1
{"action": "NORMAL", "meta": "", "data": "S 2 6 M 3 9"} Received from client 0
{"action": "NORMAL", "meta": "", "data": "S 2 5 M 3 10"} Received from client 1
{"action": "NORMAL", "meta": "", "data": "S 3 9 M 4 13"} Received from client 0
{"action": "NORMAL", "meta": "", "data": "S 3 2 M 3 0"} Received from client 1
{"action": "NORMAL", "meta": "", "data": "S 1 3 M 3 4"} Received from client 0
{"action": "NORMAL", "meta": "", "data": "S 3 10 M 4 14"} Received from client 1
{"action": "NORMAL", "meta": "", "data": "S 3 4 M 3 5"} Received from client 0
{"action": "NORMAL", "meta": "", "data": "S 4 14 M 3 16 RS 4 14 RE 2 4 X 3 8"} Received from client 1
{"action": "NORMAL", "meta": "", "data": "S 4 13 M 4 16"} Received from client 0
{"action": "NORMAL", "meta": "", "data": "S 3 0 M 3 3"} Received from client 1
{"action": "NORMAL", "meta": "", "data": "S 3 5 M 2 5"} Received from client 0
{"action": "NORMAL", "meta": "", "data": "S 3 3 M 4 3"} Received from client 1
{"action": "NORMAL", "meta": "", "data": "S 2 5 M 2 6"} Received from client 0
{"action": "NORMAL", "meta": "", "data": "S 3 16 M 4 21"} Received from client 1
{"action": "NORMAL", "meta": "", "data": "S 4 2 M 3 14"} Received from client 0
{"action": "NORMAL", "meta": "", "data": "S 3 7 M 2 9"} Received from client 1
{"action": "NORMAL", "meta": "", "data": "S 2 6 M 2 4"} Received from client 0
{"action": "NORMAL", "meta": "", "data": "S 4 3 M 4 4"} Received from client 1
{"action": "NORMAL", "meta": "", "data": "S 4 16 M 2 8"} Received from client 0
{"action": "NORMAL", "meta": "", "data": "S 4 21 M 4 20"} Received from client 1
{"action": "NORMAL", "meta": "", "data": "S 2 7 M 3 10"} Received from client 0
{"action": "NORMAL", "meta": "", "data": "S 4 20 M 3 15"} Received from client 1
{"action": "NORMAL", "meta": "", "data": "S 2 4 M 3 6"} Received from client 0
{"action": "NORMAL", "meta": "", "data": "S 2 9 M 4 9"} Received from client 1
{"action": "NORMAL", "meta": "", "data": "S 2 8 M 3 13"} Received from client 0
{"action": "NORMAL", "meta": "", "data": "S 4 4 M 5 4"} Received from client 1
{"action": "NORMAL", "meta": "", "data": "S 3 6 M 3 8"} Received from client 0
{"action": "NORMAL", "meta": "", "data": "S 3 17 M 4 1"} Received from client 1
{"action": "NORMAL", "meta": "", "data": "S 3 13 M 4 17"} Received from client 0
{"action": "NORMAL", "meta": "", "data": "S 4 9 M 5 9"} Received from client 1
{"action": "NORMAL", "meta": "", "data": "S 3 10 M 3 12"} Received from client 0
{"action": "NORMAL", "meta": "", "data": "S 3 15 M 4 8 RS 0 0 RE 4 4 X 5 4"} Received from client 1
{"action": "NORMAL", "meta": "", "data": "RS 2 7 RE 3 4 X 4 17 S 3 14 M 1 3"} Received from client 0
{"action": "NORMAL", "meta": "", "data": "S 4 1 M 4 19"} Received from client 1
{"action": "NORMAL", "meta": "", "data": "S 3 12 M 4 17"} Received from client 0
{"action": "NORMAL", "meta": "", "data": "S 4 8 M 1 2"} Received from client 1
{"action": "FINISH", "meta": "TIMEOUT BY PLAYER 1 : Player 1 SCORE : 2.022 : Player 2 SCORE : 8.014", "data": ""} Received from client 0
