***********************************

-> You are player 2
-> You are alloted a time of 120s

***********************************

Player 1 played : P 0 0
P 0 0 True
Time remaining is: 120s
You played : P 2 1
P 2 1 True
Player 1 played : P 1 0
P 1 0 True
Time remaining is: 120s
You played : P 2 7
P 2 7 True
Player 1 played : P 1 1
P 1 1 True
Time remaining is: 120s
You played : P 3 7
P 3 7 True
Player 1 played : P 1 2
P 1 2 True
Time remaining is: 120s
You played : P 4 14
P 4 14 True
Player 1 played : P 5 9
P 5 9 True
Time remaining is: 120s
You played : P 3 14
P 3 14 True
Player 1 played : S 0 0 M 1 4
S 0 0 True
M 1 4 True
Time remaining is: 120s
You played : S 3 7 M 2 2
S 3 7 True
M 2 2 True
Player 1 played : S 1 0 M 1 5
S 1 0 True
M 1 5 True
Time remaining is: 120s
You played : S 4 14 M 2 4
S 4 14 True
M 2 4 True
Player 1 played : S 5 9 M 2 3
S 5 9 True
M 2 3 True
Time remaining is: 120s
You played : S 2 1 M 3 2
S 2 1 True
M 3 2 True
Player 1 played : S 1 2 M 1 3
S 1 2 True
M 1 3 True
Time remaining is: 120s
You played : S 3 2 M 5 4
S 3 2 True
M 5 4 True
Player 1 played : S 1 1 M 3 1
S 1 1 True
M 3 1 True
Time remaining is: 120s
You played : S 3 14 M 2 0
S 3 14 True
M 2 0 True
Player 1 played : S 1 3 M 2 6
S 1 3 True
M 2 6 True
Time remaining is: 117s
You played : S 2 2 M 3 3
S 2 2 True
M 3 3 True
Player 1 played : S 3 1 M 4 1
S 3 1 True
M 4 1 True
Time remaining is: 113s
You played : S 3 3 M 3 0
S 3 3 True
M 3 0 True
Player 1 played : S 1 4 M 2 9
S 1 4 True
M 2 9 True
Time remaining is: 112s
You played : S 3 0 M 4 19
S 3 0 True
M 4 19 True
Player 1 played : S 2 9 M 5 28
S 2 9 True
M 5 28 True
Time remaining is: 107s
You played : S 4 19 M 2 5
S 4 19 True
M 2 5 True
Player 1 played : S 1 5 M 3 13 RS 2 9 RE 3 2 X 3 13
S 1 5 True
M 3 13 True
RS 2 9 True
RE 3 2 True
X 3 13 True
Time remaining is: 104s
You played : S 2 5 M 2 1
S 2 5 True
M 2 1 True
Player 1 played : S 2 3 M 1 0
S 2 3 True
M 1 0 True
Time remaining is: 102s
You played : S 2 4 M 1 5
S 2 4 True
M 1 5 True
Player 1 played : S 2 6 M 3 8
S 2 6 True
M 3 8 True
Time remaining is: 101s
You played : S 1 5 M 2 9
S 1 5 True
M 2 9 True
Player 1 played : S 3 8 M 3 6
S 3 8 True
M 3 6 True
Time remaining is: 99s
You played : S 2 1 M 4 11 RS 1 4 RE 3 3 X 4 11
S 2 1 True
M 4 11 True
RS 1 4 True
RE 3 3 True
X 4 11 True
Player 1 played : S 3 6 M 0 0
S 3 6 True
M 0 0 True
Time remaining is: 97s
You played : S 2 7 M 3 4
S 2 7 True
M 3 4 True
Player 1 played : S 4 1 M 1 1
S 4 1 True
M 1 1 True
Time remaining is: 95s
You played : S 2 0 M 2 2
S 2 0 True
M 2 2 True
Player 1 played : S 1 0 M 4 0
S 1 0 True
M 4 0 True
Time remaining is: 92s
You played : S 3 4 M 5 8
S 3 4 True
M 5 8 True
Player 1 played : S 0 0 M 1 4 RS 2 6 RE 2 0 X 5 28
S 0 0 True
M 1 4 True
RS 2 6 True
RE 2 0 True
X 5 28 True
Time remaining is: 89s
You played : S 5 4 M 4 6
S 5 4 True
M 4 6 True
Player 1 played : S 1 1 M 0 0
S 1 1 True
M 0 0 True
Time remaining is: 89s
You played : S 4 6 M 4 5
S 4 6 True
M 4 5 True
Player 1 played : S 0 0 M 2 0
S 0 0 True
M 2 0 True
Time remaining is: 88s
You played : S 5 8 M 4 7
S 5 8 True
M 4 7 True
Player 1 played : S 2 0 M 1 0
S 2 0 True
M 1 0 True
Time remaining is: 88s
You played : S 4 5 M 4 23
S 4 5 True
M 4 23 True
Player 1 played : S 1 0 M 3 2
S 1 0 True
M 3 2 True
Time remaining is: 87s
You played : S 2 2 M 3 17 RS 2 1 RE 5 8 X 3 17
S 2 2 True
M 3 17 True
RS 2 1 True
RE 5 8 True
X 3 17 True
Player 1 played : S 4 0 M 1 3
S 4 0 True
M 1 3 True
Time remaining is: 86s
You played : S 4 7 M 4 8
S 4 7 True
M 4 8 True
Player 1 played : S 1 3 M 3 4
S 1 3 True
M 3 4 True
Time remaining is: 86s
You played : S 4 8 M 2 10
S 4 8 True
M 2 10 True
Player 1 played : S 3 4 M 4 9
S 3 4 True
M 4 9 True
Time remaining is: 85s
You played : S 2 10 M 3 16
S 2 10 True
M 3 16 True
Player 1 played : S 4 9 M 5 11
S 4 9 True
M 5 11 True
Time remaining is: 85s
You played : S 3 16 M 5 2
S 3 16 True
M 5 2 True
Player 1 played : S 5 11 M 4 6 RS 1 3 RE 5 11 X 3 2
S 5 11 True
M 4 6 True
RS 1 3 True
RE 5 11 True
X 3 2 True
OTHER PLAYER WINS!
Your Score : 2.014
Opponent's Score : 8.012
