***********************************

-> You are player 1
-> You are alloted a time of 120s

***********************************

Time remaining is: 120s
You played : P 0 0
P 0 0 True
Player 2 played : P 1 5
P 1 5 True
Time remaining is: 120s
You played : P 1 0
P 1 0 True
Player 2 played : P 1 1
P 1 1 True
Time remaining is: 120s
You played : P 1 2
P 1 2 True
Player 2 played : P 1 4
P 1 4 True
Time remaining is: 120s
You played : P 1 3
P 1 3 True
Player 2 played : P 3 6
P 3 6 True
Time remaining is: 120s
You played : P 2 0
P 2 0 True
Player 2 played : P 2 11
P 2 11 True
Time remaining is: 120s
You played : S 1 0 M 3 2
S 1 0 True
M 3 2 True
Player 2 played : S 1 1 M 2 3
S 1 1 True
M 2 3 True
Time remaining is: 120s
You played : S 1 2 M 2 1
S 1 2 True
M 2 1 True
Player 2 played : S 1 4 M 2 8
S 1 4 True
M 2 8 True
Time remaining is: 119s
You played : S 2 1 M 3 1
S 2 1 True
M 3 1 True
Player 2 played : S 1 5 M 2 9
S 1 5 True
M 2 9 True
Time remaining is: 118s
You played : S 3 1 M 4 1
S 3 1 True
M 4 1 True
Player 2 played : S 2 8 M 3 12
S 2 8 True
M 3 12 True
Time remaining is: 117s
You played : S 4 1 M 3 17 RS 4 1 RE 1 2 X 2 0
S 4 1 True
M 3 17 True
RS 4 1 True
RE 1 2 True
X 2 0 True
Player 2 played : S 3 12 M 4 16
S 3 12 True
M 4 16 True
Time remaining is: 113s
You played : S 1 3 M 2 6
S 1 3 True
M 2 6 True
Player 2 played : S 2 3 M 2 7
S 2 3 True
M 2 7 True
Time remaining is: 112s
You played : S 0 0 M 2 10
S 0 0 True
M 2 10 True
Player 2 played : S 4 16 M 4 20
S 4 16 True
M 4 20 True
Time remaining is: 111s
You played : S 3 17 M 3 15
S 3 17 True
M 3 15 True
Player 2 played : S 2 11 M 2 0
S 2 11 True
M 2 0 True
Time remaining is: 107s
You played : S 2 10 M 3 14
S 2 10 True
M 3 14 True
Player 2 played : S 3 6 M 1 2
S 3 6 True
M 1 2 True
Time remaining is: 106s
You played : S 3 15 M 3 0
S 3 15 True
M 3 0 True
Player 2 played : S 2 7 M 3 13
S 2 7 True
M 3 13 True
Time remaining is: 105s
You played : S 3 0 M 3 16
S 3 0 True
M 3 16 True
Player 2 played : S 2 0 M 4 22
S 2 0 True
M 4 22 True
Time remaining is: 99s
You played : S 3 16 M 1 1
S 3 16 True
M 1 1 True
Player 2 played : S 3 13 M 4 17
S 3 13 True
M 4 17 True
Time remaining is: 94s
You played : S 2 6 M 4 0
S 2 6 True
M 4 0 True
Player 2 played : S 2 9 M 3 11 RS 4 16 RE 0 0 X 4 20
S 2 9 True
M 3 11 True
RS 4 16 True
RE 0 0 True
X 4 20 True
Time remaining is: 78s
You played : S 1 1 M 3 5 RS 3 16 RE 2 3 X 4 0
S 1 1 True
M 3 5 True
RS 3 16 True
RE 2 3 True
X 4 0 True
Player 2 played : S 4 17 M 1 0
S 4 17 True
M 1 0 True
Time remaining is: 72s
You played : S 3 14 M 1 4
S 3 14 True
M 1 4 True
Player 2 played : S 4 22 M 2 1
S 4 22 True
M 2 1 True
Time remaining is: 58s
You played : S 3 5 M 1 1
S 3 5 True
M 1 1 True
Player 2 played : S 3 11 M 3 16
S 3 11 True
M 3 16 True
Time remaining is: 47s
You played : S 1 4 M 3 10
S 1 4 True
M 3 10 True
Player 2 played : S 1 0 M 3 9
S 1 0 True
M 3 9 True
Time remaining is: 43s
You played : S 1 1 M 2 3
S 1 1 True
M 2 3 True
Player 2 played : S 3 9 M 4 12
S 3 9 True
M 4 12 True
Time remaining is: 34s
You played : S 3 10 M 2 5
S 3 10 True
M 2 5 True
Player 2 played : S 1 2 M 0 0
S 1 2 True
M 0 0 True
Time remaining is: 28s
You played : S 2 5 M 2 4
S 2 5 True
M 2 4 True
Player 2 played : S 0 0 M 2 8 RS 1 3 RE 3 0 X 2 1
S 0 0 True
M 2 8 True
RS 1 3 True
RE 3 0 True
X 2 1 True
Time remaining is: 24s
You played : S 2 4 M 0 0 RS 3 5 RE 3 10 X 2 3
S 2 4 True
M 0 0 True
RS 3 5 True
RE 3 10 True
X 2 3 True
YOU WIN!
Your Score : 8.008
Opponent's Score : 2.008
