***********************************

-> You are player 1
-> You are alloted a time of 120s

***********************************

Time remaining is: 120s
You played : P 0 0
P 0 0 True
Player 2 played : P 1 0
P 1 0 True
Time remaining is: 120s
You played : P 1 2
P 1 2 True
Player 2 played : P 2 6
P 2 6 True
Time remaining is: 120s
You played : P 1 4
P 1 4 True
Player 2 played : P 3 16
P 3 16 True
Time remaining is: 120s
You played : P 2 10
P 2 10 True
Player 2 played : P 4 4
P 4 4 True
Time remaining is: 120s
You played : P 4 5
P 4 5 True
Player 2 played : P 3 3
P 3 3 True
Time remaining is: 120s
You played : S 1 4 M 2 7
S 1 4 True
M 2 7 True
Player 2 played : S 1 0 M 2 11
S 1 0 True
M 2 11 True
Time remaining is: 120s
You played : S 1 2 M 1 1
S 1 2 True
M 1 1 True
Player 2 played : S 3 16 M 4 22
S 3 16 True
M 4 22 True
Time remaining is: 116s
You played : S 1 1 M 2 3
S 1 1 True
M 2 3 True
Player 2 played : S 2 11 M 3 1
S 2 11 True
M 3 1 True
Time remaining is: 107s
You played : S 2 3 M 4 21
S 2 3 True
M 4 21 True
Player 2 played : S 2 6 M 3 5
S 2 6 True
M 3 5 True
Time remaining is: 106s
You played : S 0 0 M 2 2 RS 3 16 RE 2 3 X 2 10
S 0 0 True
M 2 2 True
RS 3 16 True
RE 2 3 True
X 2 10 True
Player 2 played : S 3 5 M 2 4
S 3 5 True
M 2 4 True
Time remaining is: 103s
You played : S 2 7 M 3 8
S 2 7 True
M 3 8 True
Player 2 played : S 2 4 M 1 5
S 2 4 True
M 1 5 True
Time remaining is: 100s
You played : S 3 8 M 3 6
S 3 8 True
M 3 6 True
Player 2 played : S 1 5 M 2 10
S 1 5 True
M 2 10 True
Time remaining is: 96s
You played : S 2 2 M 3 7
S 2 2 True
M 3 7 True
Player 2 played : S 2 10 M 3 15
S 2 10 True
M 3 15 True
Time remaining is: 93s
You played : S 4 5 M 1 3
S 4 5 True
M 1 3 True
Player 2 played : S 3 15 M 3 14
S 3 15 True
M 3 14 True
Time remaining is: 91s
You played : S 3 7 M 2 5
S 3 7 True
M 2 5 True
Player 2 played : S 3 3 M 1 1
S 3 3 True
M 1 1 True
Time remaining is: 88s
You played : S 3 6 M 3 4
S 3 6 True
M 3 4 True
Player 2 played : S 1 1 M 4 7
S 1 1 True
M 4 7 True
Time remaining is: 83s
You played : S 1 3 M 1 0
S 1 3 True
M 1 0 True
Player 2 played : S 4 7 M 3 9
S 4 7 True
M 3 9 True
Time remaining is: 82s
You played : S 3 4 M 4 9
S 3 4 True
M 4 9 True
Player 2 played : S 3 9 M 3 11
S 3 9 True
M 3 11 True
Time remaining is: 77s
You played : S 1 0 M 2 9 RS 1 5 RE 3 6 X 2 9
S 1 0 True
M 2 9 True
RS 1 5 True
RE 3 6 True
X 2 9 True
Player 2 played : S 4 4 M 4 6
S 4 4 True
M 4 6 True
Time remaining is: 71s
You played : S 4 9 M 3 6
S 4 9 True
M 3 6 True
Player 2 played : S 3 11 M 1 2
S 3 11 True
M 1 2 True
Time remaining is: 64s
You played : S 4 21 M 2 3
S 4 21 True
M 2 3 True
Player 2 played : S 1 2 M 0 0
S 1 2 True
M 0 0 True
Time remaining is: 63s
You played : S 3 6 M 4 13
S 3 6 True
M 4 13 True
Player 2 played : S 0 0 M 4 12
S 0 0 True
M 4 12 True
Time remaining is: 62s
You played : S 2 5 M 2 4 RS 1 4 RE 4 9 X 2 3
S 2 5 True
M 2 4 True
RS 1 4 True
RE 4 9 True
X 2 3 True
YOU WIN!
Your Score : 10.006
Opponent's Score : 0.014
