***********************************

-> You are player 2
-> You are alloted a time of 120s

***********************************

Player 1 played : P 0 0
P 0 0 True
Time remaining is: 120s
You played : P 2 1
P 2 1 True
Player 1 played : P 1 4
P 1 4 True
Time remaining is: 120s
You played : P 2 3
P 2 3 True
Player 1 played : P 2 11
P 2 11 True
Time remaining is: 120s
You played : P 2 6
P 2 6 True
Player 1 played : P 1 1
P 1 1 True
Time remaining is: 120s
You played : P 2 10
P 2 10 True
Player 1 played : P 1 5
P 1 5 True
Time remaining is: 120s
You played : P 3 0
P 3 0 True
Player 1 played : S 1 1 M 1 2
S 1 1 True
M 1 2 True
Time remaining is: 120s
You played : S 3 0 M 4 0
S 3 0 True
M 4 0 True
Player 1 played : S 1 4 M 2 5
S 1 4 True
M 2 5 True
Time remaining is: 105s
You played : S 4 0 M 5 24
S 4 0 True
M 5 24 True
Player 1 played : S 2 5 M 2 4
S 2 5 True
M 2 4 True
Time remaining is: 93s
You played : S 5 24 M 1 3
S 5 24 True
M 1 3 True
Player 1 played : S 2 11 M 5 3
S 2 11 True
M 5 3 True
Time remaining is: 84s
You played : S 1 3 M 3 7
S 1 3 True
M 3 7 True
Player 1 played : S 5 3 M 3 4
S 5 3 True
M 3 4 True
Time remaining is: 76s
You played : S 2 3 M 1 0
S 2 3 True
M 1 0 True
Player 1 played : S 0 0 M 2 2
S 0 0 True
M 2 2 True
Time remaining is: 72s
You played : S 1 0 M 3 16
S 1 0 True
M 3 16 True
Player 1 played : S 1 2 M 3 8
S 1 2 True
M 3 8 True
Time remaining is: 69s
You played : S 2 6 M 2 7
S 2 6 True
M 2 7 True
Player 1 played : S 2 2 M 3 3
S 2 2 True
M 3 3 True
Time remaining is: 64s
You played : S 3 16 M 3 5
S 3 16 True
M 3 5 True
Player 1 played : S 3 3 M 4 23
S 3 3 True
M 4 23 True
Time remaining is: 58s
You played : S 3 5 M 4 21
S 3 5 True
M 4 21 True
Player 1 played : S 3 8 M 4 11
S 3 8 True
M 4 11 True
Time remaining is: 54s
You played : S 3 7 M 3 9
S 3 7 True
M 3 9 True
Player 1 played : S 1 5 M 2 9
S 1 5 True
M 2 9 True
Time remaining is: 48s
You played : S 4 21 M 4 7
S 4 21 True
M 4 7 True
Player 1 played : S 4 23 M 3 17
S 4 23 True
M 3 17 True
Time remaining is: 41s
You played : S 3 9 M 2 0
S 3 9 True
M 2 0 True
Player 1 played : S 2 9 M 2 8
S 2 9 True
M 2 8 True
Time remaining is: 36s
You played : S 4 7 M 4 4
S 4 7 True
M 4 4 True
Player 1 played : S 3 4 M 4 5
S 3 4 True
M 4 5 True
Time remaining is: 34s
You played : S 2 1 M 4 6
S 2 1 True
M 4 6 True
Player 1 played : S 4 11 M 3 1
S 4 11 True
M 3 1 True
Time remaining is: 32s
You played : S 4 4 M 4 3
S 4 4 True
M 4 3 True
Player 1 played : S 3 1 M 3 2
S 3 1 True
M 3 2 True
Time remaining is: 30s
You played : S 4 3 M 3 6
S 4 3 True
M 3 6 True
Player 1 played : S 4 5 M 5 6
S 4 5 True
M 5 6 True
Time remaining is: 29s
You played : S 4 6 M 5 7
S 4 6 True
M 5 7 True
Player 1 played : S 3 17 M 3 15
S 3 17 True
M 3 15 True
Time remaining is: 28s
You played : S 2 7 M 5 29
S 2 7 True
M 5 29 True
Player 1 played : S 3 2 M 3 13
S 3 2 True
M 3 13 True
Time remaining is: 27s
You played : S 5 29 M 5 26
S 5 29 True
M 5 26 True
Player 1 played : S 5 6 M 4 2
S 5 6 True
M 4 2 True
Time remaining is: 26s
You played : S 5 7 M 5 28
S 5 7 True
M 5 28 True
Player 1 played : S 4 2 M 4 1
S 4 2 True
M 4 1 True
Time remaining is: 24s
You played : S 3 6 M 4 8
S 3 6 True
M 4 8 True
Player 1 played : S 4 1 M 5 2 RS 5 6 RE 4 1 X 2 8
S 4 1 True
M 5 2 True
RS 5 6 True
RE 4 1 True
X 2 8 True
Time remaining is: 22s
You played : S 4 8 M 5 11
S 4 8 True
M 5 11 True
Player 1 played : S 3 15 M 4 1
S 3 15 True
M 4 1 True
Time remaining is: 21s
You played : S 5 26 M 4 16
S 5 26 True
M 4 16 True
Player 1 played : S 3 13 M 3 12
S 3 13 True
M 3 12 True
Time remaining is: 16s
You played : S 5 11 M 4 9 RS 4 5 RE 5 11 X 2 10
S 5 11 True
M 4 9 True
RS 4 5 True
RE 5 11 True
X 2 10 True
Player 1 played : S 3 12 M 2 8
S 3 12 True
M 2 8 True
Time remaining is: 16s
You played : S 4 9 M 4 3
S 4 9 True
M 4 3 True
Player 1 played : S 2 4 M 3 10
S 2 4 True
M 3 10 True
Time remaining is: 16s
You played : S 5 28 M 4 5
S 5 28 True
M 4 5 True
Player 1 played : S 3 10 M 4 13
S 3 10 True
M 4 13 True
Time remaining is: 15s
You played : S 2 0 M 4 2
S 2 0 True
M 4 2 True
Player 1 played : S 4 1 M 4 19
S 4 1 True
M 4 19 True
Time remaining is: 15s
You played : RS 3 17 RE 3 4 X 4 16 S 4 2 M 2 2
RS 3 17 True
RE 3 4 True
X 4 16 True
S 4 2 True
M 2 2 True
Player 1 played : S 4 13 M 3 17 RS 2 3 RE 3 16 X 4 19
S 4 13 True
M 3 17 True
RS 2 3 True
RE 3 16 True
X 4 19 True
Time remaining is: 15s
You played : S 4 3 M 3 4
S 4 3 True
M 3 4 True
Player 1 played : S 5 2 M 5 1
S 5 2 True
M 5 1 True
Time remaining is: 15s
You played : S 3 4 M 5 12 RS 4 3 RE 3 6 X 2 2
S 3 4 True
M 5 12 True
RS 4 3 True
RE 3 6 True
X 2 2 True
YOU WIN!
Your Score : 8.021
Opponent's Score : 2.014
