***********************************

-> You are player 1
-> You are alloted a time of 120s

***********************************

Time remaining is: 120s
You played : P 5 21
P 5 21 True
Player 2 played : P 0 0
P 0 0 True
Time remaining is: 120s
You played : P 5 19
P 5 19 True
Player 2 played : P 1 0
P 1 0 True
Time remaining is: 120s
You played : P 5 4
P 5 4 True
Player 2 played : P 1 1
P 1 1 True
Time remaining is: 120s
You played : P 5 6
P 5 6 True
Player 2 played : P 1 2
P 1 2 True
Time remaining is: 120s
You played : P 5 7
P 5 7 True
Player 2 played : P 1 3
P 1 3 True
Time remaining is: 120s
You played : S 5 19 M 4 15
S 5 19 True
M 4 15 True
Player 2 played : S 1 3 M 2 5
S 1 3 True
M 2 5 True
Time remaining is: 120s
You played : S 4 15 M 4 16
S 4 15 True
M 4 16 True
Player 2 played : S 1 0 M 3 0
S 1 0 True
M 3 0 True
Time remaining is: 120s
You played : S 4 16 M 3 12
S 4 16 True
M 3 12 True
Player 2 played : S 0 0 M 2 0
S 0 0 True
M 2 0 True
Time remaining is: 119s
You played : S 3 12 M 3 15
S 3 12 True
M 3 15 True
Player 2 played : S 2 5 M 2 4
S 2 5 True
M 2 4 True
Time remaining is: 119s
You played : S 5 21 M 4 17
S 5 21 True
M 4 17 True
Player 2 played : S 1 2 M 4 5
S 1 2 True
M 4 5 True
Time remaining is: 119s
You played : S 4 17 M 2 9
S 4 17 True
M 2 9 True
Player 2 played : S 4 5 M 4 8
S 4 5 True
M 4 8 True
Time remaining is: 118s
You played : S 2 9 M 1 4
S 2 9 True
M 1 4 True
Player 2 played : S 1 1 M 2 11
S 1 1 True
M 2 11 True
Time remaining is: 118s
You played : S 5 4 M 1 5
S 5 4 True
M 1 5 True
Player 2 played : S 2 11 M 2 3
S 2 11 True
M 2 3 True
Time remaining is: 117s
You played : S 1 4 M 3 7
S 1 4 True
M 3 7 True
Player 2 played : S 2 4 M 2 6
S 2 4 True
M 2 6 True
Time remaining is: 117s
You played : S 1 5 M 2 1
S 1 5 True
M 2 1 True
Player 2 played : S 4 8 M 3 6
S 4 8 True
M 3 6 True
Time remaining is: 116s
You played : S 2 1 M 3 8
S 2 1 True
M 3 8 True
Player 2 played : S 2 3 M 2 7
S 2 3 True
M 2 7 True
Time remaining is: 115s
You played : S 3 7 M 2 2
S 3 7 True
M 2 2 True
Player 2 played : S 2 6 M 3 5
S 2 6 True
M 3 5 True
Time remaining is: 113s
You played : S 2 2 M 2 8
S 2 2 True
M 2 8 True
Player 2 played : S 3 5 M 3 16
S 3 5 True
M 3 16 True
Time remaining is: 110s
You played : S 5 7 M 3 10
S 5 7 True
M 3 10 True
Player 2 played : S 2 0 M 3 4
S 2 0 True
M 3 4 True
Time remaining is: 108s
You played : S 3 10 M 5 18 RS 3 10 RE 3 5 X 5 18
S 3 10 True
M 5 18 True
RS 3 10 True
RE 3 5 True
X 5 18 True
Player 2 played : S 3 4 M 5 3 RS 4 5 RE 1 3 X 3 16
S 3 4 True
M 5 3 True
RS 4 5 True
RE 1 3 True
X 3 16 True
Time remaining is: 101s
You played : S 3 15 M 3 13
S 3 15 True
M 3 13 True
Player 2 played : S 2 7 M 1 3
S 2 7 True
M 1 3 True
Time remaining is: 99s
You played : S 3 13 M 4 21 RS 5 21 RE 1 5 X 5 6
S 3 13 True
M 4 21 True
RS 5 21 True
RE 1 5 True
X 5 6 True
Player 2 played : S 5 3 M 3 4
S 5 3 True
M 3 4 True
Time remaining is: 95s
You played : S 3 8 M 3 1
S 3 8 True
M 3 1 True
Player 2 played : S 3 6 M 4 9
S 3 6 True
M 4 9 True
Time remaining is: 91s
You played : S 4 21 M 2 3
S 4 21 True
M 2 3 True
Player 2 played : S 4 9 M 2 5
S 4 9 True
M 2 5 True
Time remaining is: 89s
You played : S 2 3 M 4 10
S 2 3 True
M 4 10 True
Player 2 played : S 2 5 M 2 6
S 2 5 True
M 2 6 True
Time remaining is: 88s
You played : S 2 8 M 3 3
S 2 8 True
M 3 3 True
Player 2 played : S 3 4 M 1 2
S 3 4 True
M 1 2 True
Time remaining is: 87s
You played : S 3 3 M 3 5
S 3 3 True
M 3 5 True
Player 2 played : S 1 3 M 2 9
S 1 3 True
M 2 9 True
Time remaining is: 86s
You played : S 3 5 M 5 12 RS 4 9 RE 3 3 X 4 10
S 3 5 True
M 5 12 True
RS 4 9 True
RE 3 3 True
X 4 10 True
YOU WIN!
Your Score : 9.014
Opponent's Score : 1.011
