line read
1 5 120 5
5 5 120
5 - 5  -- 5
move :: P 5 5
move :: P 5 4
move :: P 6 5
move :: P 6 6
move :: P 5 6
completing move
return move :: S 5 4 M 5 3  value:: 7
time is :1.77157move :: S 5 4 M 5 3
completing move
return move :: S 5 5 M 3 3  value:: 843
time is :3.10901move :: S 5 5 M 3 3
completing move
return move :: S 6 6 M 10 6  value:: 958
time is :4.97313move :: S 6 6 M 10 6
completing move
return move :: S 10 6 M 10 7  value:: 856
time is :10.0324move :: S 10 6 M 10 7
completing move
return move :: S 5 3 M 6 3  value:: 964
time is :13.0819move :: S 5 3 M 6 3
completing move
return move :: S 3 3 M 4 4  value:: 807
time is :14.9014move :: S 3 3 M 4 4
completing move
return move :: S 10 7 M 10 8  value:: 788
time is :17.0301move :: S 10 7 M 10 8
completing move
return move :: S 10 8 M 10 9  value:: 3475
time is :20.5522move :: S 10 8 M 10 9
completing move
return move :: S 6 3 M 7 4  value:: 3588
time is :21.8729move :: S 6 3 M 7 4
completing move
return move :: S 7 4 M 7 8  value:: 774560
time is :23.2125move :: S 7 4 M 7 8
completing move
return move :: S 4 4 M 8 4 RS 3 3 RE 7 7 X 7 8   value:: 830922
time is :24.9022move :: S 4 4 M 8 4 RS 3 3 RE 7 7 X 7 8 
completing move
return move :: S 10 9 M 5 9  value:: 833639
time is :26.3046move :: S 10 9 M 5 9
completing move
return move :: S 5 9 M 8 9  value:: 833622
time is :28.3923move :: S 5 9 M 8 9
completing move
return move :: S 5 6 M 7 8  value:: 833642
time is :34.282move :: S 5 6 M 7 8
completing move
return move :: S 6 5 M 6 6  value:: 797539
time is :41.9108move :: S 6 5 M 6 6
completing move
return move :: S 7 8 M 6 7  value:: 833334
time is :43.563move :: S 7 8 M 6 7
completing move
return move :: S 6 6 M 7 6  value:: -9405691
time is :44.2867move :: S 6 6 M 7 6
completing move
return move :: S 8 9 M 8 6  value:: -9404835
time is :50.1674move :: S 8 9 M 8 6
completing move
return move :: S 6 7 M 3 4 RS 6 3 RE 6 7 X 7 6   value:: -9460221
time is :51.6237move :: S 6 7 M 3 4 RS 6 3 RE 6 7 X 7 6 
completing move
return move :: S 8 6 M 4 6  value:: -9460107
time is :52.3761move :: S 8 6 M 4 6
completing move
return move :: S 3 4 M 3 3  value:: -9405971
time is :52.9357move :: S 3 4 M 3 3
completing move
return move :: S 3 3 M 6 6  value:: -9406270
time is :54.1845move :: S 3 3 M 6 6
completing move
return move :: S 6 6 M 5 5  value:: -9405341
time is :58.6727move :: S 6 6 M 5 5
completing move
depth shift 6
depth shift 6
depth shift 6
depth shift 6
depth shift 6
depth shift 6
depth shift 6
depth shift 6
depth shift 6
return move :: S 5 5 M 2 2  value:: -9405333
time is :63.75move :: S 5 5 M 2 2
completing move
depth shift 6
depth shift 6
depth shift 6
depth shift 6
depth shift 6
depth shift 6
depth shift 6
depth shift 6
depth shift 6
depth shift 6
depth shift 6
depth shift 6
depth shift 6
depth shift 6
depth shift 6
depth shift 6
depth shift 6
depth shift 6
depth shift 6
depth shift 6
depth shift 6
depth shift 6
depth shift 6
depth shift 6
depth shift 6
depth shift 6
depth shift 6
depth shift 6
depth shift 6
depth shift 6
depth shift 6
depth shift 6
depth shift 6
depth shift 6
depth shift 6
depth shift 6
depth shift 6
depth shift 6
depth shift 6
depth shift 6
depth shift 6
depth shift 6
depth shift 6
depth shift 6
depth shift 6
depth shift 6
depth shift 6
depth shift 6
depth shift 6
depth shift 6
depth shift 6
depth shift 6
depth shift 6
depth shift 6
depth shift 6
depth shift 6
depth shift 6
depth shift 6
depth shift 6
depth shift 6
depth shift 6
depth shift 6
depth shift 6
depth shift 6
depth shift 6
depth shift 6
depth shift 6
depth shift 6
depth shift 6
depth shift 6
depth shift 6
depth shift 6
depth shift 6
depth shift 6
depth shift 6
depth shift 6
depth shift 6
depth shift 6
depth shift 6
depth shift 6
depth shift 6
depth shift 6
depth shift 6
depth shift 6
depth shift 6
depth shift 6
depth shift 6
depth shift 6
depth shift 6
depth shift 6
depth shift 6
depth shift 6
depth shift 6
depth shift 6
depth shift 6
depth shift 6
depth shift 6
depth shift 6
depth shift 6
depth shift 6
depth shift 6
depth shift 6
depth shift 6
depth shift 6
depth shift 6
depth shift 6
depth shift 6
depth shift 6
depth shift 6
depth shift 6
depth shift 6
depth shift 6
depth shift 6
depth shift 6
depth shift 6
depth shift 6
depth shift 6
depth shift 6
depth shift 6
depth shift 6
depth shift 6
depth shift 6
depth shift 6
depth shift 6
depth shift 6
depth shift 6
depth shift 6
depth shift 6
depth shift 6
depth shift 6
depth shift 6
depth shift 6
depth shift 6
depth shift 6
depth shift 6
depth shift 6
depth shift 6
depth shift 6
depth shift 6
depth shift 6
depth shift 6
depth shift 6
depth shift 6
depth shift 6
depth shift 6
depth shift 6
depth shift 6
depth shift 6
depth shift 6
depth shift 6
depth shift 6
depth shift 6
depth shift 6
depth shift 6
depth shift 6
depth shift 6
depth shift 6
depth shift 6
depth shift 6
depth shift 6
depth shift 6
depth shift 6
depth shift 6
depth shift 6
depth shift 6
depth shift 6
depth shift 6
depth shift 6
depth shift 6
depth shift 6
depth shift 6
depth shift 6
depth shift 6
depth shift 6
depth shift 6
return move :: S 4 6 M 4 4  value:: -19792173
time is :67.2592move :: S 4 6 M 4 4
completing move
depth shift 6
depth shift 6
depth shift 6
depth shift 6
depth shift 6
depth shift 6
depth shift 6
depth shift 6
return move :: S 2 2 M 2 0  value:: -20037183
time is :70.755move :: S 2 2 M 2 0
completing move
depth shift 6
depth shift 7
depth shift 6
depth shift 6
depth shift 6
depth shift 6
depth shift 6
depth shift 6
depth shift 6
depth shift 6
depth shift 6
depth shift 6
depth shift 6
depth shift 6
depth shift 6
depth shift 6
depth shift 6
depth shift 6
depth shift 6
depth shift 6
depth shift 6
depth shift 6
depth shift 6
depth shift 6
depth shift 6
depth shift 6
depth shift 6
depth shift 6
depth shift 6
depth shift 6
depth shift 6
depth shift 6
depth shift 6
depth shift 6
depth shift 6
depth shift 6
depth shift 6
depth shift 6
depth shift 6
depth shift 6
depth shift 6
depth shift 6
depth shift 6
depth shift 6
depth shift 6
depth shift 6
depth shift 6
depth shift 6
depth shift 6
depth shift 6
depth shift 6
depth shift 6
depth shift 6
depth shift 6
depth shift 6
depth shift 6
depth shift 6
depth shift 6
depth shift 6
depth shift 6
depth shift 6
depth shift 6
depth shift 6
depth shift 6
depth shift 6
depth shift 6
depth shift 6
depth shift 6
depth shift 6
depth shift 6
depth shift 6
depth shift 6
depth shift 6
depth shift 6
depth shift 6
depth shift 6
depth shift 6
depth shift 6
depth shift 6
depth shift 6
depth shift 6
depth shift 6
depth shift 6
return move :: S 8 4 M 8 7  value:: -20062160
time is :73.8281move :: S 8 4 M 8 7
***********************************

-> You are player 1
-> You are alloted a time of 120s

***********************************

Time remaining is: 120s
You played : P 0 0
P 0 0 True
Player 2 played : P 4 11
P 4 11 True
Time remaining is: 120s
You played : P 1 0
P 1 0 True
Player 2 played : P 2 4
P 2 4 True
Time remaining is: 120s
You played : P 1 1
P 1 1 True
Player 2 played : P 3 14
P 3 14 True
Time remaining is: 120s
You played : P 1 2
P 1 2 True
Player 2 played : P 3 15
P 3 15 True
Time remaining is: 120s
You played : P 1 3
P 1 3 True
Player 2 played : P 1 4
P 1 4 True
Time remaining is: 120s
You played : S 1 0 M 2 0
S 1 0 True
M 2 0 True
Player 2 played : S 2 4 M 2 6
S 2 4 True
M 2 6 True
Time remaining is: 119s
You played : S 0 0 M 2 10
S 0 0 True
M 2 10 True
Player 2 played : S 3 15 M 3 0
S 3 15 True
M 3 0 True
Time remaining is: 117s
You played : S 1 2 M 5 6
S 1 2 True
M 5 6 True
Player 2 played : S 4 11 M 4 17
S 4 11 True
M 4 17 True
Time remaining is: 115s
You played : S 5 6 M 5 7
S 5 6 True
M 5 7 True
Player 2 played : S 2 6 M 4 10
S 2 6 True
M 4 10 True
Time remaining is: 110s
You played : S 2 0 M 3 1
S 2 0 True
M 3 1 True
Player 2 played : S 4 17 M 2 1
S 4 17 True
M 2 1 True
Time remaining is: 107s
You played : S 2 10 M 1 5
S 2 10 True
M 1 5 True
Player 2 played : S 3 14 M 4 19
S 3 14 True
M 4 19 True
Time remaining is: 105s
You played : S 5 7 M 5 8
S 5 7 True
M 5 8 True
Player 2 played : S 4 10 M 3 8
S 4 10 True
M 3 8 True
Time remaining is: 103s
You played : S 5 8 M 5 9
S 5 8 True
M 5 9 True
Player 2 played : S 2 1 M 3 17
S 2 1 True
M 3 17 True
Time remaining is: 100s
You played : S 3 1 M 3 2
S 3 1 True
M 3 2 True
Player 2 played : S 1 4 M 2 7
S 1 4 True
M 2 7 True
Time remaining is: 98s
You played : S 3 2 M 3 7
S 3 2 True
M 3 7 True
Player 2 played : S 3 17 M 2 11
S 3 17 True
M 2 11 True
Time remaining is: 97s
You played : S 1 5 M 4 3 RS 2 10 RE 2 4 X 3 7
S 1 5 True
M 4 3 True
RS 2 10 True
RE 2 4 True
X 3 7 True
Player 2 played : S 3 0 M 4 1
S 3 0 True
M 4 1 True
Time remaining is: 95s
You played : S 5 9 M 4 12
S 5 9 True
M 4 12 True
Player 2 played : S 3 8 M 5 12
S 3 8 True
M 5 12 True
Time remaining is: 94s
You played : S 4 12 M 4 9
S 4 12 True
M 4 9 True
Player 2 played : S 5 12 M 5 14
S 5 12 True
M 5 14 True
Time remaining is: 92s
You played : S 1 3 M 3 7
S 1 3 True
M 3 7 True
Player 2 played : S 5 14 M 4 13
S 5 14 True
M 4 13 True
Time remaining is: 86s
You played : S 1 1 M 1 2
S 1 1 True
M 1 2 True
Player 2 played : S 4 19 M 4 20
S 4 19 True
M 4 20 True
Time remaining is: 78s
You played : S 3 7 M 2 5
S 3 7 True
M 2 5 True
Player 2 played : S 2 11 M 3 16
S 2 11 True
M 3 16 True
Time remaining is: 77s
You played : S 1 2 M 2 3
S 1 2 True
M 2 3 True
Player 2 played : S 4 13 M 3 10
S 4 13 True
M 3 10 True
Time remaining is: 76s
You played : S 4 9 M 3 4
S 4 9 True
M 3 4 True
Player 2 played : S 3 16 M 4 21 RS 3 0 RE 4 19 X 2 7
S 3 16 True
M 4 21 True
RS 3 0 True
RE 4 19 True
X 2 7 True
Time remaining is: 70s
You played : S 2 5 M 2 9 RS 3 1 RE 2 5 X 2 3
S 2 5 True
M 2 9 True
RS 3 1 True
RE 2 5 True
X 2 3 True
Player 2 played : S 4 1 M 2 5
S 4 1 True
M 2 5 True
Time remaining is: 68s
You played : S 3 4 M 2 7
S 3 4 True
M 2 7 True
Player 2 played : S 2 5 M 5 11
S 2 5 True
M 5 11 True
Time remaining is: 68s
You played : S 2 9 M 2 10
S 2 9 True
M 2 10 True
Player 2 played : S 4 21 M 1 1
S 4 21 True
M 1 1 True
Time remaining is: 67s
You played : S 2 10 M 1 2
S 2 10 True
M 1 2 True
Player 2 played : S 1 1 M 2 8
S 1 1 True
M 2 8 True
Time remaining is: 66s
You played : S 1 2 M 0 0
S 1 2 True
M 0 0 True
Player 2 played : S 2 8 M 3 16
S 2 8 True
M 3 16 True
Time remaining is: 61s
You played : S 0 0 M 3 15
S 0 0 True
M 3 15 True
Player 2 played : S 3 16 M 3 17
S 3 16 True
M 3 17 True
Time remaining is: 56s
You played : S 2 7 M 1 5
S 2 7 True
M 1 5 True
Player 2 played : S 3 10 M 3 11
S 3 10 True
M 3 11 True
Time remaining is: 53s
You played : S 3 15 M 5 27
S 3 15 True
M 5 27 True
Player 2 played : S 3 11 M 2 3 RS 1 2 RE 5 14 X 5 11
S 3 11 True
M 2 3 True
RS 1 2 True
RE 5 14 True
X 5 11 True
Time remaining is: 49s
Yocompleting move
depth shift 6
depth shift 6
depth shift 6
depth shift 6
depth shift 7
depth shift 6
depth shift 7
depth shift 6
depth shift 6
depth shift 6
depth shift 7
depth shift 6
depth shift 6
depth shift 6
depth shift 6
depth shift 6
depth shift 6
depth shift 6
depth shift 6
depth shift 6
depth shift 6
depth shift 6
depth shift 6
depth shift 6
depth shift 6
depth shift 6
depth shift 6
depth shift 6
depth shift 6
depth shift 6
depth shift 6
depth shift 6
depth shift 6
depth shift 6
depth shift 6
depth shift 6
depth shift 6
depth shift 6
depth shift 6
depth shift 6
depth shift 6
depth shift 6
depth shift 6
depth shift 6
depth shift 6
depth shift 7
depth shift 7
depth shift 7
depth shift 7
depth shift 7
depth shift 6
depth shift 7
depth shift 7
depth shift 7
depth shift 7
depth shift 7
depth shift 7
depth shift 7
depth shift 7
depth shift 7
depth shift 7
depth shift 7
depth shift 7
depth shift 7
depth shift 7
depth shift 7
depth shift 7
depth shift 7
depth shift 7
depth shift 7
depth shift 7
depth shift 7
depth shift 7
depth shift 7
depth shift 7
depth shift 7
depth shift 7
depth shift 7
depth shift 7
depth shift 7
depth shift 7
depth shift 7
depth shift 7
depth shift 7
depth shift 7
depth shift 7
depth shift 7
depth shift 7
depth shift 7
depth shift 7
depth shift 7
depth shift 7
depth shift 7
depth shift 7
depth shift 7
depth shift 7
depth shift 7
depth shift 7
depth shift 6
depth shift 7
depth shift 7
depth shift 7
depth shift 7
depth shift 6
depth shift 7
depth shift 7
depth shift 7
depth shift 7
depth shift 7
depth shift 7
depth shift 7
depth shift 7
depth shift 7
depth shift 7
depth shift 7
depth shift 7
depth shift 7
depth shift 7
depth shift 7
depth shift 7
depth shift 7
depth shift 7
depth shift 7
depth shift 7
depth shift 7
depth shift 7
depth shift 7
depth shift 7
depth shift 7
depth shift 7
depth shift 7
depth shift 7
depth shift 7
depth shift 7
depth shift 7
depth shift 7
depth shift 7
depth shift 7
depth shift 7
depth shift 7
depth shift 7
depth shift 7
depth shift 7
depth shift 7
depth shift 7
depth shift 7
depth shift 7
depth shift 6
depth shift 7
depth shift 7
depth shift 6
depth shift 6
depth shift 6
depth shift 6
depth shift 6
depth shift 6
depth shift 6
depth shift 7
return move :: S 2 0 M 2 4  value:: -20057894
time is :75.1873move :: S 2 0 M 2 4
completing move
depth shift 6
depth shift 6
depth shift 6
depth shift 6
depth shift 6
depth shift 6
depth shift 6
depth shift 6
return move :: S 2 4 M 6 8  value:: -19792206
time is :75.431move :: S 2 4 M 6 8
completing move
return move :: S 6 8 M 6 9 RS 3 5 RE 7 9 X 6 9   value:: 98000000
time is :75.4363move :: S 6 8 M 6 9 RS 3 5 RE 7 9 X 6 9 
u played : S 4 3 M 3 5
S 4 3 True
M 3 5 True
Player 2 played : S 2 3 M 2 4
S 2 3 True
M 2 4 True
Time remaining is: 46s
You played : S 5 27 M 3 13
S 5 27 True
M 3 13 True
Player 2 played : S 2 4 M 2 2
S 2 4 True
M 2 2 True
Time remaining is: 45s
You played : S 3 13 M 3 8
S 3 13 True
M 3 8 True
Player 2 played : S 3 17 M 3 0
S 3 17 True
M 3 0 True
Time remaining is: 44s
You played : S 3 8 M 4 11 RS 2 8 RE 4 10 X 4 11
S 3 8 True
M 4 11 True
RS 2 8 True
RE 4 10 True
X 4 11 True
YOU WIN!
Your Score : 8.013
Opponent's Score : 2.021
