In make opp move
Out make opp move
In make opp move
Out make opp move
In make opp move
Out make opp move
In make opp move
Out make opp move
In make opp move
Out make opp move
In make opp move
Out make opp move
For move 
2 4 2 6
VVV
1 1 3 5
VVV
3 15 3 0
VVV
_____In make opp move
Out make opp move
For move 
3 15 3 0
VVV
2 0 3 17
VVV
4 11 3 11
VVV
_____In make opp move
Out make opp move
For move 
4 11 4 17
VVV
2 10 4 20
VVV
3 14 4 21
VVV
_____In make opp move
Out make opp move
For move 
2 6 4 10
VVV
2 10 4 20
VVV
3 14 4 21
VVV
_____In make opp move
Out make opp move
For move 
4 17 2 1
VVV
2 10 4 20
VVV
3 14 4 21
VVV
_____In make opp move
Out make opp move
For move 
3 14 4 19
VVV
1 3 3 9
VVV
4 10 2 7
VVV
_____In make opp move
Out make opp move
For move 
4 10 3 8
VVV
1 3 3 9
VVV
3 8 2 7
VVV
_____In make opp move
Out make opp move
For move 
2 1 3 17
VVV
1 5 3 2
VVV
1 4 2 11
VVV
_____In make opp move
Out make opp move
For move 
1 4 2 7
VVV
5 9 4 12
VVV
3 8 5 12
VVV
_____In make opp move
Out make opp move
For move 
3 17 2 11
VVV
1 5 4 3
VVV
2 11 4 23
VVV
_____In make opp move
Out make opp move
For move 
3 0 4 1
VVV
5 9 4 12
VVV
3 8 5 12
VVV
4 3 5 3
VVV
_____In make opp move
Out make opp move
For move 
3 8 5 12
VVV
4 12 4 9
VVV
5 12 5 14
VVV
4 3 5 3
VVV
_____In make opp move
Out make opp move
For move 
5 12 5 14
VVV
1 3 4 0
VVV
5 14 4 13
VVV
4 3 5 3
VVV
_____In make opp move
Out make opp move
For move 
5 14 4 13
VVV
3 7 4 2
VVV
2 7 2 8
VVV
4 3 5 3
VVV
_____In make opp move
Out make opp move
For move 
4 19 4 20
VVV
3 7 2 9
VVV
2 11 2 3
VVV
4 3 5 3
VVV
_____In make opp move
Out make opp move
For move 
2 11 3 16
VVV
1 2 2 3
VVV
3 16 5 17
VVV
4 3 5 3
VVV
_____In make opp move
Out make opp move
For move 
4 13 3 10
VVV
2 5 2 9
VVV
3 16 5 28
VVV
4 3 5 3
VVV
_____In make opp move
Out make opp move
For move 
3 16 4 21
VVV
2 5 2 9
VVV
4 21 5 27
VVV
4 3 5 3
VVV
_____In make opp move
Out make opp move
For move 
4 1 2 5
VVV
4 3 4 0
VVV
2 5 5 11
VVV
4 0 5 1
VVV
_____In make opp move
Out make opp move
For move 
2 5 5 11
VVV
4 3 2 1
VVV
4 21 4 22
VVV
2 1 3 1
VVV
_____In make opp move
Out make opp move
For move 
4 21 1 1
VVV
4 3 4 0
VVV
1 1 5 1
VVV
4 0 4 2
VVV
_____In make opp move
Out make opp move
For move 
1 1 2 8
VVV
4 3 4 0
VVV
2 8 3 16
VVV
4 0 5 1
VVV
_____In make opp move
Out make opp move
For move 
2 8 3 16
VVV
0 0 3 12
VVV
3 16 3 17
VVV
4 3 5 3
VVV
_____In make opp move
Out make opp move
For move 
3 16 3 17
VVV
2 7 1 5
VVV
3 10 3 11
VVV
4 3 5 3
VVV
_____In make opp move
Out make opp move
For move 
3 10 3 11
VVV
4 3 4 0
VVV
3 11 2 3
VVV
4 0 5 1
VVV
_____In make opp move
Out make opp move
For move 
3 11 2 3
VVV
4 3 4 0
VVV
3 17 5 2
VVV
4 0 5 1
VVV
_____***********************************

-> You are player 2
-> You are alloted a time of 120s

***********************************

Player 1 played : P 0 0
P 0 0 True
Time remaining is: 120s
You played : P 4 11
P 4 11 True
Player 1 played : P 1 0
P 1 0 True
Time remaining is: 120s
You played : P 2 4
P 2 4 True
Player 1 played : P 1 1
P 1 1 True
Time remaining is: 120s
You played : P 3 14
P 3 14 True
Player 1 played : P 1 2
P 1 2 True
Time remaining is: 120s
You played : P 3 15
P 3 15 True
Player 1 played : P 1 3
P 1 3 True
Time remaining is: 120s
You played : P 1 4
P 1 4 True
Player 1 played : S 1 0 M 2 0
S 1 0 True
M 2 0 True
Time remaining is: 120s
You played : S 2 4 M 2 6
S 2 4 True
M 2 6 True
Player 1 played : S 0 0 M 2 10
S 0 0 True
M 2 10 True
Time remaining is: 120s
You played : S 3 15 M 3 0
S 3 15 True
M 3 0 True
Player 1 played : S 1 2 M 5 6
S 1 2 True
M 5 6 True
Time remaining is: 119s
You played : S 4 11 M 4 17
S 4 11 True
M 4 17 True
Player 1 played : S 5 6 M 5 7
S 5 6 True
M 5 7 True
Time remaining is: 118s
You played : S 2 6 M 4 10
S 2 6 True
M 4 10 True
Player 1 played : S 2 0 M 3 1
S 2 0 True
M 3 1 True
Time remaining is: 118s
You played : S 4 17 M 2 1
S 4 17 True
M 2 1 True
Player 1 played : S 2 10 M 1 5
S 2 10 True
M 1 5 True
Time remaining is: 117s
You played : S 3 14 M 4 19
S 3 14 True
M 4 19 True
Player 1 played : S 5 7 M 5 8
S 5 7 True
M 5 8 True
Time remaining is: 117s
You played : S 4 10 M 3 8
S 4 10 True
M 3 8 True
Player 1 played : S 5 8 M 5 9
S 5 8 True
M 5 9 True
Time remaining is: 117s
You played : S 2 1 M 3 17
S 2 1 True
M 3 17 True
Player 1 played : S 3 1 M 3 2
S 3 1 True
M 3 2 True
Time remaining is: 116s
You played : S 1 4 M 2 7
S 1 4 True
M 2 7 True
Player 1 played : S 3 2 M 3 7
S 3 2 True
M 3 7 True
Time remaining is: 116s
You played : S 3 17 M 2 11
S 3 17 True
M 2 11 True
Player 1 played : S 1 5 M 4 3 RS 2 10 RE 2 4 X 3 7
S 1 5 True
M 4 3 True
RS 2 10 True
RE 2 4 True
X 3 7 True
Time remaining is: 116s
You played : S 3 0 M 4 1
S 3 0 True
M 4 1 True
Player 1 played : S 5 9 M 4 12
S 5 9 True
M 4 12 True
Time remaining is: 113s
You played : S 3 8 M 5 12
S 3 8 True
M 5 12 True
Player 1 played : S 4 12 M 4 9
S 4 12 True
M 4 9 True
Time remaining is: 110s
You played : S 5 12 M 5 14
S 5 12 True
M 5 14 True
Player 1 played : S 1 3 M 3 7
S 1 3 True
M 3 7 True
Time remaining is: 108s
You played : S 5 14 M 4 13
S 5 14 True
M 4 13 True
Player 1 played : S 1 1 M 1 2
S 1 1 True
M 1 2 True
Time remaining is: 106s
You played : S 4 19 M 4 20
S 4 19 True
M 4 20 True
Player 1 played : S 3 7 M 2 5
S 3 7 True
M 2 5 True
Time remaining is: 105s
You played : S 2 11 M 3 16
S 2 11 True
M 3 16 True
Player 1 played : S 1 2 M 2 3
S 1 2 True
M 2 3 True
Time remaining is: 104s
You played : S 4 13 M 3 10
S 4 13 True
M 3 10 True
Player 1 played : S 4 9 M 3 4
S 4 9 True
M 3 4 True
Time remaining is: 93s
You played : S 3 16 M 4 21 RS 3 0 RE 4 19 X 2 7
S 3 16 True
M 4 21 True
RS 3 0 True
RE 4 19 True
X 2 7 True
Player 1 played : S 2 5 M 2 9 RS 3 1 RE 2 5 X 2 3
S 2 5 True
M 2 9 True
RS 3 1 True
RE 2 5 True
X 2 3 True
Time remaining is: 84s
You played : S 4 1 M 2 5
S 4 1 True
M 2 5 True
Player 1 played : S 3 4 M 2 7
S 3 4 True
M 2 7 True
Time remaining is: 83s
You played : S 2 5 M 5 11
S 2 5 True
M 5 11 True
Player 1 played : S 2 9 M 2 10
S 2 9 True
M 2 10 True
Time remaining is: 81s
You played : S 4 21 M 1 1
S 4 21 True
M 1 1 True
Player 1 played : S 2 10 M 1 2
S 2 10 True
M 1 2 True
Time remaining is: 80s
You played : S 1 1 M 2 8
S 1 1 True
M 2 8 True
Player 1 played : S 1 2 M 0 0
S 1 2 True
M 0 0 True
Time remaining is: 79s
You played : S 2 8 M 3 16
S 2 8 True
M 3 16 True
Player 1 played : S 0 0 M 3 15
S 0 0 True
M 3 15 True
Time remaining is: 79s
You played : S 3 16 M 3 17
S 3 16 True
M 3 17 True
Player 1 played : S 2 7 M 1 5
S 2 7 True
M 1 5 True
Time remaining is: 78s
You played : S 3 10 M 3 11
S 3 10 True
M 3 11 True
Player 1 played : S 3 15 M 5 27
S 3 15 True
M 5 27 True
Time remaining is: 77s
You played : S 3 11 M 2 3 RS 1 2 RE 5 14 X 5 11
S 3 11 True
M 2 3 True
RS 1 2 True
RE 5 14 True
X 5 11 True
Player 1 played :In make opp move
Out make opp move
For move 
2 3 2 4
VVV
3 5 5 26
VVV
2 4 4 6
VVV
5 26 4 7
VVV
_____In make opp move
Out make opp move
For move 
2 4 2 2
VVV
3 13 3 8
VVV
2 2 3 12
VVV
3 5 3 3
VVV
_____In make opp move
Out make opp move
For move 
3 17 3 0
VVV
3 5 3 3
VVV
3 0 4 0
VVV
3 3 5 3
VVV
_____ S 4 3 M 3 5
S 4 3 True
M 3 5 True
Time remaining is: 77s
You played : S 2 3 M 2 4
S 2 3 True
M 2 4 True
Player 1 played : S 5 27 M 3 13
S 5 27 True
M 3 13 True
Time remaining is: 76s
You played : S 2 4 M 2 2
S 2 4 True
M 2 2 True
Player 1 played : S 3 13 M 3 8
S 3 13 True
M 3 8 True
Time remaining is: 76s
You played : S 3 17 M 3 0
S 3 17 True
M 3 0 True
Player 1 played : S 3 8 M 4 11 RS 2 8 RE 4 10 X 4 11
S 3 8 True
M 4 11 True
RS 2 8 True
RE 4 10 True
X 4 11 True
OTHER PLAYER WINS!
Your Score : 2.021
Opponent's Score : 8.013
