***********************************

-> You are player 2
-> You are alloted a time of 120s

***********************************

Player 1 played : P 1 3
P 1 3 True
Time remaining is: 120s
You played : P 0 0
P 0 0 True
Player 1 played : P 1 1
P 1 1 True
Time remaining is: 120s
You played : P 1 0
P 1 0 True
Player 1 played : P 4 23
P 4 23 True
Time remaining is: 120s
You played : P 1 2
P 1 2 True
Player 1 played : P 2 10
P 2 10 True
Time remaining is: 120s
You played : P 1 4
P 1 4 True
Player 1 played : P 5 13
P 5 13 True
Time remaining is: 120s
You played : P 5 9
P 5 9 True
Player 1 played : S 2 10 M 3 14
S 2 10 True
M 3 14 True
Time remaining is: 120s
You played : S 0 0 M 1 5
S 0 0 True
M 1 5 True
Player 1 played : S 3 14 M 2 9
S 3 14 True
M 2 9 True
Time remaining is: 117s
You played : S 1 5 M 2 11
S 1 5 True
M 2 11 True
Player 1 played : S 5 13 M 3 7
S 5 13 True
M 3 7 True
Time remaining is: 116s
You played : S 2 11 M 4 18
S 2 11 True
M 4 18 True
Player 1 played : S 2 9 M 3 16
S 2 9 True
M 3 16 True
Time remaining is: 115s
You played : S 4 18 M 2 0
S 4 18 True
M 2 0 True
Player 1 played : S 4 23 M 3 17
S 4 23 True
M 3 17 True
Time remaining is: 107s
You played : S 5 9 M 4 8
S 5 9 True
M 4 8 True
Player 1 played : S 3 17 M 5 2
S 3 17 True
M 5 2 True
Time remaining is: 105s
You played : S 1 0 M 3 13
S 1 0 True
M 3 13 True
Player 1 played : S 3 16 M 3 0
S 3 16 True
M 3 0 True
Time remaining is: 102s
You played : S 3 13 M 4 17
S 3 13 True
M 4 17 True
Player 1 played : S 1 1 M 4 21
S 1 1 True
M 4 21 True
Time remaining is: 101s
You played : S 2 0 M 4 22
S 2 0 True
M 4 22 True
Player 1 played : S 3 0 M 5 28
S 3 0 True
M 5 28 True
Time remaining is: 99s
You played : S 1 4 M 4 19 RS 4 18 RE 2 0 X 4 19
S 1 4 True
M 4 19 True
RS 4 18 True
RE 2 0 True
X 4 19 True
Player 1 played : S 3 7 M 4 10
S 3 7 True
M 4 10 True
Time remaining is: 98s
You played : S 4 17 M 2 1
S 4 17 True
M 2 1 True
Player 1 played : S 1 3 M 2 0
S 1 3 True
M 2 0 True
Time remaining is: 98s
You played : S 2 1 M 5 21
S 2 1 True
M 5 21 True
Player 1 played : S 4 10 M 4 18
S 4 10 True
M 4 18 True
Time remaining is: 97s
You played : S 5 21 M 3 2 RS 5 21 RE 1 5 X 4 8
S 5 21 True
M 3 2 True
RS 5 21 True
RE 1 5 True
X 4 8 True
Player 1 played : S 2 0 M 5 3 RS 1 3 RE 3 0 X 5 2
S 2 0 True
M 5 3 True
RS 1 3 True
RE 3 0 True
X 5 2 True
Time remaining is: 96s
You played : S 1 2 M 3 1
S 1 2 True
M 3 1 True
Player 1 played : S 4 18 M 3 13
S 4 18 True
M 3 13 True
Time remaining is: 96s
You played : S 3 2 M 4 3
S 3 2 True
M 4 3 True
Player 1 played : S 3 13 M 3 15
S 3 13 True
M 3 15 True
Time remaining is: 96s
You played : S 4 3 M 4 1
S 4 3 True
M 4 1 True
Player 1 played : S 3 15 M 2 4
S 3 15 True
M 2 4 True
Time remaining is: 95s
You played : S 3 1 M 2 10
S 3 1 True
M 2 10 True
Player 1 played : S 5 28 M 3 0
S 5 28 True
M 3 0 True
Time remaining is: 95s
You played : S 4 22 M 4 0
S 4 22 True
M 4 0 True
Player 1 played : S 4 21 M 2 11
S 4 21 True
M 2 11 True
Time remaining is: 94s
You played : S 4 1 M 5 2
S 4 1 True
M 5 2 True
Player 1 played : S 2 11 M 1 0
S 2 11 True
M 1 0 True
Time remaining is: 94s
You played : S 2 10 M 2 0
S 2 10 True
M 2 0 True
Player 1 played : S 2 4 M 2 3
S 2 4 True
M 2 3 True
Time remaining is: 94s
You played : S 4 0 M 5 1
S 4 0 True
M 5 1 True
Player 1 played : S 1 0 M 5 4
S 1 0 True
M 5 4 True
Time remaining is: 94s
You played : S 5 2 M 2 2
S 5 2 True
M 2 2 True
Player 1 played : S 3 0 M 3 3
S 3 0 True
M 3 3 True
Time remaining is: 93s
You played : S 2 0 M 4 2
S 2 0 True
M 4 2 True
Player 1 played : S 5 4 M 4 4 RS 1 0 RE 5 4 X 5 3
S 5 4 True
M 4 4 True
RS 1 0 True
RE 5 4 True
X 5 3 True
Time remaining is: 93s
You played : S 4 2 M 5 3 RS 2 10 RE 4 2 X 2 2
S 4 2 True
M 5 3 True
RS 2 10 True
RE 4 2 True
X 2 2 True
YOU WIN!
Your Score : 8.008
Opponent's Score : 2.013
