Depth: 2 NOM:32
Depth: 2 NOM:35
Depth: 2 NOM:40
Depth: 2 NOM:40
Depth: 2 NOM:45
***********************************

-> You are player 1
-> You are alloted a time of 120s

***********************************

Time remaining is: 120s
You played : P 0 0
P 0 0 True
Player 2 played : P 1 0
P 1 0 True
Time remaining is: 120s
You played : P 1 1
P 1 1 True
Player 2 played : P 1 2
P 1 2 True
Time remaining is: 120s
You played : P 1 3
P 1 3 True
Player 2 played : P 1 4
P 1 4 True
Time remaining is: 120s
You played : P 1 5
P 1 5 True
Player 2 played : P 2 0
P 2 0 True
Time remaining is: 120s
You played : P 2 1
P 2 1 True
Player 2 played : P 2 2
P 2 2 True
Time remaining is: 120s
You played : S 2 1 M 3 2
S 2 1 True
M 3 2 True
Player 2 played : S 2 0 M 3 0
S 2 0 True
M 3 0 True
Time remaining is: 120s
You played : S 1 5 M 4 20
S 1 5 True
M 4 20 True
Player 2 played : S 1 0 M 2 9
S 1 0 True
M 2 9 True
Time remaining is: 119s
You played : S 4 20 M 3 15
S 4 20 True
M 3 15 True
Player 2 played : S 3 0 M 4 0
S 3 0 True
M 4 0 True
Time remaining is: 118s
You played : S 1 1 M 2 11
S 1 1 True
M 2 11 True
Player 2 played : S 1 2 M 3 1
S 1 2 True
M 3 1 True
Time remaining is: 117s
You played : S 0 0 M 2 10
S 0 0 True
M 2 10 True
