The5
WHY 

centre is 0
layer num 1		-1  -1  -1  -1  -1  -1  
layer num 2		-1  1  -1  1  -1  1  -1  1  -1  0  -1  1  
layer num 3		-1  -1  -1  -1  -1  -1  -1  0  -1  0  -1  -1  -1  -1  -1  -1  -1  -1  
layer num 4		-1  -1  -1  -1  -1  -1  -1  -1  -1  -1  -1  -1  -1  -1  -1  -1  -1  -1  -1  -1  -1  -1  0  -1  
layer num 5		-1  -1  -1  -1  -1  -1  -1  -1  -1  -1  -1  -1  -1  -1  -1  -1  -1  -1  -1  -1  -1  -1  -1  -1  -1  -1  -1  -1  -1  -1  
my rings: 0
other rings: 0
Came here
5
2
WHY 

centre is 0
layer num 1		-1  -1  -1  -1  -1  -1  
layer num 2		-1  3  -1  1  -1  1  -1  1  -1  0  -1  1  
layer num 3		-1  -1  1  -1  -1  -1  -1  0  -1  0  -1  -1  -1  -1  -1  -1  -1  -1  
layer num 4		-1  -1  -1  -1  -1  -1  -1  -1  -1  -1  -1  -1  -1  -1  -1  -1  -1  -1  -1  -1  -1  -1  2  0  
layer num 5		-1  -1  -1  -1  -1  -1  -1  -1  -1  -1  -1  -1  -1  -1  -1  -1  -1  -1  -1  -1  -1  -1  -1  -1  -1  -1  -1  -1  -1  -1  
my rings: 1
other rings: 1
Came here
5
4
WHY 

centre is 0
layer num 1		-1  -1  -1  -1  -1  -1  
layer num 2		-1  3  -1  3  -1  1  -1  1  -1  0  -1  1  
layer num 3		-1  -1  1  -1  1  -1  -1  0  0  2  -1  -1  -1  -1  -1  -1  -1  -1  
layer num 4		-1  -1  -1  -1  -1  -1  -1  -1  -1  -1  -1  -1  -1  -1  -1  -1  -1  -1  -1  -1  -1  -1  2  0  
layer num 5		-1  -1  -1  -1  -1  -1  -1  -1  -1  -1  -1  -1  -1  -1  -1  -1  -1  -1  -1  -1  -1  -1  -1  -1  -1  -1  -1  -1  -1  -1  
my rings: 2
other rings: 2
Came here
5
6
WHY 

centre is 0
layer num 1		-1  -1  -1  -1  -1  -1  
layer num 2		-1  3  0  2  -1  3  -1  1  -1  0  -1  1  
layer num 3		-1  -1  1  -1  1  -1  -1  3  0  2  -1  -1  -1  -1  -1  -1  -1  -1  
layer num 4		-1  -1  -1  -1  -1  -1  -1  -1  -1  1  -1  -1  -1  -1  -1  -1  -1  -1  -1  -1  -1  -1  2  0  
layer num 5		-1  -1  -1  -1  -1  -1  -1  -1  -1  -1  -1  -1  -1  -1  -1  -1  -1  -1  -1  -1  -1  -1  -1  -1  -1  -1  -1  -1  -1  -1  
my rings: 3
other rings: 3
Came here
5
8
WHY 

centre is 2
layer num 1		-1  -1  1  -1  -1  -1  
layer num 2		-1  3  0  3  -1  3  0  1  -1  0  -1  1  
layer num 3		-1  -1  1  -1  3  -1  -1  3  0  2  -1  -1  -1  -1  -1  -1  -1  -1  
layer num 4		-1  -1  -1  -1  -1  -1  -1  -1  -1  1  -1  -1  -1  -1  -1  -1  -1  -1  -1  -1  -1  -1  2  0  
layer num 5		-1  -1  -1  -1  -1  -1  -1  -1  -1  -1  -1  -1  -1  -1  -1  -1  -1  -1  -1  -1  -1  -1  -1  -1  -1  -1  -1  -1  -1  -1  
my rings: 3
other rings: 5
Came here
5
10
WHY 

centre is 2
layer num 1		-1  -1  3  0  -1  -1  
layer num 2		-1  3  0  3  1  3  0  1  -1  2  -1  1  
layer num 3		-1  -1  1  -1  3  -1  -1  3  0  2  -1  -1  -1  -1  -1  -1  -1  -1  
layer num 4		-1  -1  -1  -1  -1  -1  -1  -1  -1  1  -1  -1  -1  -1  -1  -1  -1  -1  -1  -1  -1  -1  2  0  
layer num 5		-1  -1  -1  -1  -1  -1  -1  -1  -1  -1  -1  -1  -1  -1  -1  -1  -1  -1  -1  -1  -1  -1  -1  -1  -1  -1  -1  -1  -1  -1  
my rings: 4
other rings: 6
Came here
6
13
WHY 

centre is 2
layer num 1		-1  0  2  0  -1  -1  
layer num 2		-1  3  0  3  1  2  0  1  -1  2  -1  3  
layer num 3		-1  1  1  -1  3  -1  -1  3  2  2  -1  -1  -1  -1  -1  -1  -1  -1  
layer num 4		-1  -1  -1  -1  -1  -1  -1  -1  -1  1  -1  -1  -1  -1  -1  -1  -1  -1  -1  -1  -1  -1  2  0  
layer num 5		-1  -1  -1  -1  -1  -1  -1  -1  -1  -1  -1  -1  -1  -1  -1  -1  -1  -1  -1  -1  -1  -1  -1  -1  -1  -1  -1  -1  -1  -1  
my rings: 7
other rings: 5
Came here
6
16
WHY 

centre is 2
layer num 1		-1  0  2  0  -1  -1  
layer num 2		-1  3  0  3  1  2  0  1  -1  2  -1  3  
layer num 3		-1  1  1  -1  3  1  -1  3  2  2  -1  -1  -1  -1  -1  -1  -1  0  
layer num 4		-1  -1  -1  -1  -1  -1  -1  -1  -1  3  -1  -1  -1  -1  -1  -1  -1  -1  -1  -1  -1  -1  2  2  
layer num 5		-1  -1  -1  -1  -1  -1  -1  -1  -1  -1  -1  -1  -1  -1  -1  -1  -1  -1  -1  -1  -1  -1  -1  -1  -1  -1  -1  -1  -1  -1  
my rings: 8
other rings: 6
Came here
6
19
WHY 

centre is 2
layer num 1		-1  0  2  0  -1  0  
layer num 2		-1  3  0  3  1  2  0  1  -1  2  -1  2  
layer num 3		-1  3  1  -1  3  1  -1  3  2  2  -1  -1  -1  -1  -1  -1  -1  2  
layer num 4		-1  1  -1  -1  -1  -1  -1  -1  -1  3  -1  -1  -1  -1  -1  -1  -1  -1  -1  -1  -1  -1  2  2  
layer num 5		-1  -1  -1  -1  -1  -1  -1  -1  -1  -1  -1  -1  -1  -1  -1  -1  -1  -1  -1  -1  -1  -1  -1  -1  -1  -1  -1  -1  -1  -1  
my rings: 10
other rings: 6
Came here
6
22
WHY 

centre is 3
layer num 1		0  0  2  2  -1  0  
layer num 2		-1  3  0  3  1  2  0  1  -1  2  -1  2  
layer num 3		-1  3  1  -1  3  3  1  3  2  2  -1  -1  -1  -1  -1  -1  -1  2  
layer num 4		-1  1  -1  -1  -1  -1  -1  -1  -1  3  -1  -1  -1  -1  -1  -1  -1  -1  -1  -1  -1  -1  2  2  
layer num 5		-1  -1  -1  -1  -1  -1  -1  -1  -1  -1  -1  -1  -1  -1  -1  -1  -1  -1  -1  -1  -1  -1  -1  -1  -1  -1  -1  -1  -1  -1  
my rings: 10
other rings: 8
Came here
6
25
WHY 

centre is 3
layer num 1		0  0  2  2  -1  0  
layer num 2		0  2  2  3  1  2  0  1  -1  2  -1  2  
layer num 3		-1  3  1  -1  3  3  3  3  2  2  -1  -1  -1  -1  -1  -1  -1  2  
layer num 4		-1  1  -1  -1  -1  -1  -1  1  -1  3  -1  -1  -1  -1  -1  -1  -1  -1  -1  -1  -1  -1  2  2  
layer num 5		-1  -1  -1  -1  -1  -1  -1  -1  -1  -1  -1  -1  -1  -1  -1  -1  -1  -1  -1  -1  -1  -1  -1  -1  -1  -1  -1  -1  -1  -1  
my rings: 12
other rings: 8
Came here
6
28
WHY 

centre is 2
layer num 1		0  -1  -1  2  0  0  
layer num 2		-1  -1  2  3  1  -1  0  1  -1  2  -1  2  
layer num 3		-1  3  3  1  3  3  3  3  -1  2  -1  -1  -1  -1  -1  -1  -1  2  
layer num 4		-1  1  -1  -1  -1  -1  -1  1  -1  3  -1  -1  -1  -1  -1  -1  -1  -1  -1  -1  -1  -1  2  2  
layer num 5		-1  -1  -1  -1  -1  -1  -1  -1  -1  -1  -1  -1  -1  -1  -1  -1  -1  -1  -1  -1  -1  -1  -1  -1  -1  -1  -1  -1  -1  -1  
my rings: 9
other rings: 8
Came here
5
30
WHY 

centre is 2
layer num 1		2  0  -1  2  0  0  
layer num 2		-1  -1  2  3  1  -1  0  -1  -1  2  -1  2  
layer num 3		-1  3  3  -1  -1  -1  -1  3  -1  2  -1  -1  -1  -1  -1  -1  -1  2  
layer num 4		-1  1  -1  -1  1  -1  -1  1  -1  -1  -1  -1  -1  -1  -1  -1  -1  -1  -1  -1  -1  -1  2  2  
layer num 5		-1  -1  -1  -1  -1  -1  -1  -1  -1  -1  -1  -1  -1  -1  -1  -1  -1  -1  -1  -1  -1  -1  -1  -1  -1  -1  -1  -1  -1  -1  
my rings: 10
other rings: 4
Came here
6
33
WHY 

centre is -1
layer num 1		-1  0  -1  -1  0  0  
layer num 2		-1  -1  2  3  1  -1  -1  -1  -1  2  -1  2  
layer num 3		-1  3  3  -1  -1  -1  -1  3  -1  -1  -1  -1  -1  -1  -1  -1  1  3  
layer num 4		-1  3  -1  -1  1  -1  -1  1  -1  -1  -1  -1  -1  -1  -1  -1  -1  -1  -1  -1  -1  -1  2  2  
layer num 5		-1  -1  -1  -1  -1  -1  -1  -1  -1  -1  -1  -1  -1  -1  -1  -1  -1  -1  -1  -1  -1  -1  -1  -1  -1  -1  -1  -1  -1  -1  
my rings: 5
other rings: 6
Came here
6
36
WHY 

centre is 0
layer num 1		-1  0  -1  -1  2  0  
layer num 2		-1  -1  2  3  1  -1  -1  -1  -1  2  -1  2  
layer num 3		-1  3  3  1  -1  -1  -1  3  -1  -1  -1  -1  -1  -1  -1  -1  1  3  
layer num 4		-1  3  -1  -1  3  -1  -1  1  -1  -1  -1  -1  -1  -1  -1  -1  -1  -1  -1  -1  -1  -1  2  2  
layer num 5		-1  -1  -1  -1  -1  -1  -1  -1  -1  -1  -1  -1  -1  -1  -1  -1  -1  -1  -1  -1  -1  -1  -1  -1  -1  -1  -1  -1  -1  -1  
my rings: 6
other rings: 7
Came here
6
39
WHY 

centre is 0
layer num 1		0  0  -1  -1  2  2  
layer num 2		-1  -1  2  3  3  -1  -1  -1  -1  2  -1  2  
layer num 3		-1  3  3  1  -1  -1  -1  3  -1  -1  1  -1  -1  -1  -1  -1  1  3  
layer num 4		-1  3  -1  -1  3  -1  -1  1  -1  -1  -1  -1  -1  -1  -1  -1  -1  -1  -1  -1  -1  -1  2  2  
layer num 5		-1  -1  -1  -1  -1  -1  -1  -1  -1  -1  -1  -1  -1  -1  -1  -1  -1  -1  -1  -1  -1  -1  -1  -1  -1  -1  -1  -1  -1  -1  
my rings: 7
other rings: 8
Came here
6
42
WHY 

centre is 0
layer num 1		0  2  -1  -1  3  3  
layer num 2		-1  0  2  3  3  -1  -1  -1  -1  2  -1  3  
layer num 3		-1  3  3  1  -1  -1  -1  3  -1  -1  3  -1  -1  -1  -1  -1  1  2  
layer num 4		-1  3  -1  -1  3  -1  -1  1  -1  -1  -1  -1  -1  -1  -1  -1  -1  -1  -1  -1  -1  -1  2  3  
layer num 5		-1  -1  -1  -1  -1  -1  -1  -1  -1  -1  -1  -1  -1  -1  -1  -1  -1  -1  -1  -1  -1  -1  -1  -1  -1  -1  -1  -1  -1  1  
my rings: 5
other rings: 12
Came here
7
46
WHY 

centre is 2
layer num 1		0  2  -1  -1  2  3  
layer num 2		-1  0  2  3  3  -1  -1  -1  0  2  -1  3  
layer num 3		1  3  3  1  -1  -1  -1  3  -1  -1  3  -1  -1  -1  -1  -1  3  3  
layer num 4		-1  3  -1  -1  3  -1  -1  1  -1  -1  -1  -1  -1  -1  -1  -1  -1  -1  -1  -1  -1  -1  2  3  
layer num 5		-1  -1  -1  -1  -1  -1  -1  -1  -1  -1  -1  -1  -1  -1  -1  -1  -1  -1  -1  -1  -1  -1  -1  -1  -1  -1  -1  -1  -1  1  
my rings: 6
other rings: 13
Came here
8
51
***********************************

-> You are player 1
-> You are alloted a time of 120s

***********************************

Time remaining is: 120s
You played : P 0 0
P 0 0 True
Player 2 played : P 2 1
P 2 1 True
Time remaining is: 120s
You played : P 3 7
P 3 7 True
Player 2 played : P 2 3
P 2 3 True
Time remaining is: 120s
You played : P 4 22
P 4 22 True
Player 2 played : P 2 5
P 2 5 True
Time remaining is: 120s
You played : P 3 9
P 3 9 True
Player 2 played : P 2 7
P 2 7 True
Time remaining is: 120s
You played : P 2 9
P 2 9 True
Player 2 played : P 2 11
P 2 11 True
Time remaining is: 120s
You played : S 4 22 M 4 23
S 4 22 True
M 4 23 True
Player 2 played : S 2 1 M 3 2
S 2 1 True
M 3 2 True
Time remaining is: 119s
You played : S 3 9 M 3 8
S 3 9 True
M 3 8 True
Player 2 played : S 2 3 M 3 4
S 2 3 True
M 3 4 True
Time remaining is: 118s
You played : S 3 7 M 2 2
S 3 7 True
M 2 2 True
Player 2 played : S 2 5 M 4 9
S 2 5 True
M 4 9 True
Time remaining is: 118s
You played : S 0 0 M 2 6
S 0 0 True
M 2 6 True
Player 2 played : S 3 4 M 1 2
S 3 4 True
M 1 2 True
Time remaining is: 117s
You played : S 2 9 M 1 3
S 2 9 True
M 1 3 True
Player 2 played : S 1 2 M 2 4
S 1 2 True
M 2 4 True
Time remaining is: 117s
You played : S 3 8 M 1 1
S 3 8 True
M 1 1 True
Player 2 played : S 2 11 M 3 1
S 2 11 True
M 3 1 True
Time remaining is: 115s
You played : S 4 23 M 3 17
S 4 23 True
M 3 17 True
Player 2 played : S 4 9 M 3 5
S 4 9 True
M 3 5 True
Time remaining is: 114s
You played : S 3 17 M 1 5
S 3 17 True
M 1 5 True
Player 2 played : S 3 1 M 4 1
S 3 1 True
M 4 1 True
Time remaining is: 113s
You played : S 1 3 M 1 0
S 1 3 True
M 1 0 True
Player 2 played : S 3 5 M 3 6
S 3 5 True
M 3 6 True
Time remaining is: 112s
You played : S 2 2 M 2 0
S 2 2 True
M 2 0 True
Player 2 played : S 3 6 M 4 7
S 3 6 True
M 4 7 True
Time remaining is: 111s
You played : S 1 1 M 1 4 RS 3 8 RE 2 1 X 2 0
S 1 1 True
M 1 4 True
RS 3 8 True
RE 2 1 True
X 2 0 True
Player 2 played : S 3 2 M 3 3
S 3 2 True
M 3 3 True
Time remaining is: 109s
You played : S 1 0 M 1 1
S 1 0 True
M 1 1 True
Player 2 played : S 3 3 M 4 4 RS 4 9 RE 3 3 X 2 7
S 3 3 True
M 4 4 True
RS 4 9 True
RE 3 3 True
X 2 7 True
Time remaining is: 108s
You played : S 2 6 M 3 8 RS 3 9 RE 1 0 X 3 8
S 2 6 True
M 3 8 True
RS 3 9 True
RE 1 0 True
X 3 8 True
Player 2 played : S 4 1 M 3 16
S 4 1 True
M 3 16 True
Time remaining is: 105s
You played : S 1 4 M 0 0
S 1 4 True
M 0 0 True
Player 2 played : S 4 4 M 3 3
S 4 4 True
M 3 3 True
Time remaining is: 103s
You played : S 1 5 M 1 0
S 1 5 True
M 1 0 True
Player 2 played : S 2 4 M 3 10
S 2 4 True
M 3 10 True
Time remaining is: 101s
You played : S 1 1 M 2 1
S 1 1 True
M 2 1 True
Player 2 played : S 3 10 M 5 29
S 3 10 True
M 5 29 True
Time remaining is: 101s
You played : S 0 0 M 2 8
S 0 0 True
M 2 8 True
Player 2 played : S 3 16 M 3 0
S 3 16 True
M 3 0 True
Time remaining is: 100s
You played : S 2 8 M 2 6 RS 2 8 RE 2 2 X 1 0
S 2 8 True
M 2 6 True
RS 2 8 True
RE 2 2 True
X 1 0 True
YOU WIN!
Your Score : 9.002
Opponent's Score : 1.013
