Player id: 1D:1
D:2
D:2
D:3
D:3
D:3
D:3
D:2
D:3
D:3
D:3
D:4
D:4
D:4
D:4
D:4
***********************************

-> You are player 1
-> You are alloted a time of 120s

***********************************

Time remaining is: 120s
You played : P 5 11
P 5 11 True
Player 2 played : P 1 5
P 1 5 True
Time remaining is: 120s
You played : P 4 16
P 4 16 True
Player 2 played : P 1 3
P 1 3 True
Time remaining is: 120s
You played : P 2 1
P 2 1 True
Player 2 played : P 5 18
P 5 18 True
Time remaining is: 120s
You played : P 3 11
P 3 11 True
Player 2 played : P 3 15
P 3 15 True
Time remaining is: 120s
You played : P 3 17
P 3 17 True
Player 2 played : P 4 17
P 4 17 True
Time remaining is: 120s
You played : S 2 1 M 1 0
S 2 1 True
M 1 0 True
Player 2 played : S 5 18 M 4 15
S 5 18 True
M 4 15 True
Time remaining is: 120s
You played : S 3 17 M 2 0
S 3 17 True
M 2 0 True
Player 2 played : S 1 5 M 4 23
S 1 5 True
M 4 23 True
Time remaining is: 120s
You played : S 1 0 M 2 9
S 1 0 True
M 2 9 True
Player 2 played : S 3 15 M 0 0
S 3 15 True
M 0 0 True
Time remaining is: 119s
You played : S 2 0 M 3 0
S 2 0 True
M 3 0 True
Player 2 played : S 4 15 M 3 13
S 4 15 True
M 3 13 True
Time remaining is: 115s
You played : S 3 11 M 5 19
S 3 11 True
M 5 19 True
Player 2 played : S 4 17 M 3 10
S 4 17 True
M 3 10 True
Time remaining is: 110s
You played : S 5 19 M 5 17
S 5 19 True
M 5 17 True
Player 2 played : S 4 23 M 4 21
S 4 23 True
M 4 21 True
Time remaining is: 107s
You played : S 4 16 M 4 18
S 4 16 True
M 4 18 True
Player 2 played : S 1 3 M 2 6
S 1 3 True
M 2 6 True
Time remaining is: 104s
You played : S 4 18 M 5 22
S 4 18 True
M 5 22 True
Player 2 played : S 4 21 M 3 14
S 4 21 True
M 3 14 True
Time remaining is: 104s
You played : S 5 17 M 4 14
S 5 17 True
M 4 14 True
Player 2 played : S 3 10 M 3 12
S 3 10 True
M 3 12 True
Time remaining is: 102s
You played : S 4 14 M 4 13
S 4 14 True
M 4 13 True
Player 2 played : S 3 12 M 3 9
S 3 12 True
M 3 9 True
Time remaining is: 102s
You played : S 4 13 M 4 12
S 4 13 True
M 4 12 True
Player 2 played : S 3 14 M 2 10
S 3 14 True
M 2 10 True
Time remaining is: 101s
You played : S 4 12 M 5 14 RS 4 12 RE 4 16 X 5 11
S 4 12 True
M 5 14 True
RS 4 12 True
RE 4 16 True
X 5 11 True
Player 2 played : S 2 6 M 4 14
S 2 6 True
M 4 14 True
Time remaining is: 101s
You played : S 2 9 M 2 8
S 2 9 True
M 2 8 True
Player 2 played : S 4 14 M 4 13
S 4 14 True
M 4 13 True
Time remaining is: 98s
You played : S 2 8 M 4 16
S 2 8 True
M 4 16 True
Player 2 played : S 3 13 M 5 21
S 3 13 True
M 5 21 True
Time remaining is: 95s
You played : S 4 16 M 4 15
S 4 16 True
M 4 15 True
Player 2 played : S 4 13 M 4 12
S 4 13 True
M 4 12 True
Time remaining is: 94s
You played : S 4 15 M 2 7
S 4 15 True
M 2 7 True
Player 2 played : S 2 10 M 3 1
S 2 10 True
M 3 1 True
Time remaining is: 92s
You played : S 2 7 M 1 2 RS 5 19 RE 1 3 X 3 0
S 2 7 True
M 1 2 True
RS 5 19 True
RE 1 3 True
X 3 0 True
Player 2 played : S 5 21 M 4 15
S 5 21 True
M 4 15 True
Time remaining is: 92s
You played : S 5 22 M 2 11
S 5 22 True
M 2 11 True
Player 2 played : S 4 15 M 5 27 RS 4 13 RE 5 21 X 0 0
S 4 15 True
M 5 27 True
RS 4 13 True
RE 5 21 True
X 0 0 True
Time remaining is: 91s
You played : S 2 11 M 1 4 RS 3 13 RE 2 1 X 5 14
S 2 11 True
M 1 4 True
RS 3 13 True
RE 2 1 True
X 5 14 True
YOU WIN!
Your Score : 9.007
Opponent's Score : 1.01
