***********************************

-> You are player 1
-> You are alloted a time of 120s

***********************************

Time remaining is: 120s
You played : P 0 0
P 0 0 True
Player 2 played : P 1 5
P 1 5 True
Time remaining is: 120s
You played : P 1 0
P 1 0 True
Player 2 played : P 1 1
P 1 1 True
Time remaining is: 120s
You played : P 1 2
P 1 2 True
Player 2 played : P 1 3
P 1 3 True
Time remaining is: 120s
You played : P 1 4
P 1 4 True
Player 2 played : P 2 8
P 2 8 True
Time remaining is: 120s
You played : P 2 0
P 2 0 True
Player 2 played : P 3 0
P 3 0 True
Time remaining is: 120s
You played : S 1 4 M 2 9
S 1 4 True
M 2 9 True
Player 2 played : S 2 8 M 3 12
S 2 8 True
M 3 12 True
Time remaining is: 120s
You played : S 1 2 M 2 4
S 1 2 True
M 2 4 True
Player 2 played : S 1 5 M 2 7
S 1 5 True
M 2 7 True
Time remaining is: 118s
You played : S 0 0 M 2 10
S 0 0 True
M 2 10 True
Player 2 played : S 2 7 M 2 11
S 2 7 True
M 2 11 True
Time remaining is: 116s
You played : S 2 4 M 2 6
S 2 4 True
M 2 6 True
Player 2 played : S 1 1 M 2 5
S 1 1 True
M 2 5 True
Time remaining is: 115s
You played : S 2 9 M 3 11
S 2 9 True
M 3 11 True
Player 2 played : S 2 5 M 3 8
S 2 5 True
M 3 8 True
Time remaining is: 114s
You played : S 3 11 M 4 15
S 3 11 True
M 4 15 True
Player 2 played : S 3 8 M 4 11
S 3 8 True
M 4 11 True
Time remaining is: 112s
You played : S 2 6 M 4 10
S 2 6 True
M 4 10 True
Player 2 played : S 4 11 M 3 9
S 4 11 True
M 3 9 True
Time remaining is: 110s
You played : S 4 10 M 4 12
S 4 10 True
M 4 12 True
Player 2 played : S 3 9 M 3 7
S 3 9 True
M 3 7 True
Time remaining is: 110s
You played : S 1 0 M 2 1
S 1 0 True
M 2 1 True
Player 2 played : S 3 12 M 2 2
S 3 12 True
M 2 2 True
Time remaining is: 108s
You played : S 2 10 M 3 6
S 2 10 True
M 3 6 True
Player 2 played : S 2 11 M 2 3
S 2 11 True
M 2 3 True
Time remaining is: 108s
You played : S 2 1 M 5 14
S 2 1 True
M 5 14 True
Player 2 played : S 2 2 M 4 16
S 2 2 True
M 4 16 True
Time remaining is: 91s
You played : S 4 15 M 4 13
S 4 15 True
M 4 13 True
Player 2 played : S 2 3 M 3 5
S 2 3 True
M 3 5 True
Time remaining is: 80s
You played : S 4 13 M 3 17 RS 2 8 RE 4 10 X 4 12
S 4 13 True
M 3 17 True
RS 2 8 True
RE 4 10 True
X 4 12 True
Player 2 played : S 3 5 M 2 6
S 3 5 True
M 2 6 True
Time remaining is: 72s
You played : S 5 14 M 3 8
S 5 14 True
M 3 8 True
Player 2 played : S 3 0 M 3 1
S 3 0 True
M 3 1 True
Time remaining is: 59s
You played : S 3 6 M 4 7
S 3 6 True
M 4 7 True
Player 2 played : S 2 6 M 4 6
S 2 6 True
M 4 6 True
Time remaining is: 50s
You played : S 3 8 M 2 7
S 3 8 True
M 2 7 True
Player 2 played : S 4 16 M 2 8
S 4 16 True
M 2 8 True
Time remaining is: 46s
You played : S 4 7 M 3 16
S 4 7 True
M 3 16 True
Player 2 played : S 3 7 M 5 8 RS 1 5 RE 3 6 X 5 8
S 3 7 True
M 5 8 True
RS 1 5 True
RE 3 6 True
X 5 8 True
Time remaining is: 41s
You played : S 3 17 M 1 5
S 3 17 True
M 1 5 True
Player 2 played : S 3 1 M 1 2
S 3 1 True
M 1 2 True
Time remaining is: 37s
You played : S 2 0 M 4 2
S 2 0 True
M 4 2 True
Player 2 played : S 1 3 M 4 0
S 1 3 True
M 4 0 True
Time remaining is: 32s
You played : S 1 5 M 3 2
S 1 5 True
M 3 2 True
Player 2 played : S 4 0 M 0 0
S 4 0 True
M 0 0 True
Time remaining is: 27s
You played : S 4 2 M 4 4 RS 4 2 RE 2 10 X 3 2
S 4 2 True
M 4 4 True
RS 4 2 True
RE 2 10 True
X 3 2 True
Player 2 played : S 0 0 M 2 10
S 0 0 True
M 2 10 True
Time remaining is: 20s
You played : S 3 16 M 5 9
S 3 16 True
M 5 9 True
Player 2 played : S 2 8 M 4 14 RS 4 16 RE 0 0 X 4 6
S 2 8 True
M 4 14 True
RS 4 16 True
RE 0 0 True
X 4 6 True
Time remaining is: 19s
You played : S 2 7 M 2 11
S 2 7 True
M 2 11 True
Player 2 played : S 2 10 M 2 8
S 2 10 True
M 2 8 True
Time remaining is: 19s
You played : S 4 4 M 0 0
S 4 4 True
M 0 0 True
Player 2 played : S 4 14 M 4 12
S 4 14 True
M 4 12 True
Time remaining is: 18s
You played : S 2 11 M 3 14
S 2 11 True
M 3 14 True
Player 2 played : S 2 8 M 4 10
S 2 8 True
M 4 10 True
Time remaining is: 18s
You played : S 3 14 M 1 4
S 3 14 True
M 1 4 True
Player 2 played : S 4 10 M 2 4 RS 2 8 RE 4 10 X 2 4
S 4 10 True
M 2 4 True
RS 2 8 True
RE 4 10 True
X 2 4 True
OTHER PLAYER WINS!
Your Score : 2.018
Opponent's Score : 8.009
