### S 2 8 M 3 12  -168.5 at depth 2 with time left 119.999
### S 1 5 M 2 7  -274.5 at depth 2 with time left 119.051
### S 2 7 M 2 11  -222.5 at depth 2 with time left 117.732
### S 1 1 M 2 5  -384 at depth 2 with time left 116.245
### S 2 5 M 3 8  -503 at depth 2 with time left 115.098
### S 3 8 M 4 11  -627 at depth 2 with time left 114.193
### S 4 11 M 3 9  -365 at depth 2 with time left 113.078
### S 3 9 M 3 7  -352.5 at depth 2 with time left 112.077
### S 3 12 M 2 2  -427.5 at depth 2 with time left 111.258
### S 2 11 M 2 3  -626.5 at depth 2 with time left 110.395
### S 2 2 M 4 16  -505 at depth 2 with time left 109.691
### S 2 3 M 3 5  -9264 at depth 2 with time left 109.212
### S 3 5 M 2 6  9259.5 at depth 2 with time left 108.565
### S 3 0 M 3 1  9368.5 at depth 2 with time left 107.416
### S 2 6 M 4 6  9382.5 at depth 2 with time left 106.534
### S 4 16 M 2 8  539 at depth 2 with time left 105.684
### S 3 7 M 5 8 RS 1 5 RE 3 6 X 5 8  347.5 at depth 2 with time left 105.06
### S 3 1 M 1 2  744.5 at depth 2 with time left 103.93
### S 1 3 M 4 0  371 at depth 2 with time left 102.916
### S 4 0 M 0 0  333.5 at depth 2 with time left 102.121
### S 0 0 M 2 10  233 at depth 2 with time left 101.111
### S 2 8 M 4 14 RS 4 16 RE 0 0 X 4 6  112 at depth 2 with time left 100.752
### S 2 10 M 2 8  -266 at depth 2 with time left 100.095
### S 4 14 M 4 12  -616.5 at depth 2 with time left 99.896
### S 2 8 M 4 10  -1e+06 at depth 2 with time left 99.7555
### S 4 10 M 2 4 RS 2 8 RE 4 10 X 2 4  -1.0002e+06 at depth 2 with time left 99.6436
***********************************

-> You are player 2
-> You are alloted a time of 120s

***********************************

Player 1 played : P 0 0
P 0 0 True
Time remaining is: 120s
You played : P 1 5
P 1 5 True
Player 1 played : P 1 0
P 1 0 True
Time remaining is: 120s
You played : P 1 1
P 1 1 True
Player 1 played : P 1 2
P 1 2 True
Time remaining is: 120s
You played : P 1 3
P 1 3 True
Player 1 played : P 1 4
P 1 4 True
Time remaining is: 120s
You played : P 2 8
P 2 8 True
Player 1 played : P 2 0
P 2 0 True
Time remaining is: 120s
You played : P 3 0
P 3 0 True
Player 1 played : S 1 4 M 2 9
S 1 4 True
M 2 9 True
Time remaining is: 120s
You played : S 2 8 M 3 12
S 2 8 True
M 3 12 True
Player 1 played : S 1 2 M 2 4
S 1 2 True
M 2 4 True
Time remaining is: 120s
You played : S 1 5 M 2 7
S 1 5 True
M 2 7 True
Player 1 played : S 0 0 M 2 10
S 0 0 True
M 2 10 True
Time remaining is: 118s
You played : S 2 7 M 2 11
S 2 7 True
M 2 11 True
Player 1 played : S 2 4 M 2 6
S 2 4 True
M 2 6 True
Time remaining is: 117s
You played : S 1 1 M 2 5
S 1 1 True
M 2 5 True
Player 1 played : S 2 9 M 3 11
S 2 9 True
M 3 11 True
Time remaining is: 115s
You played : S 2 5 M 3 8
S 2 5 True
M 3 8 True
Player 1 played : S 3 11 M 4 15
S 3 11 True
M 4 15 True
Time remaining is: 114s
You played : S 3 8 M 4 11
S 3 8 True
M 4 11 True
Player 1 played : S 2 6 M 4 10
S 2 6 True
M 4 10 True
Time remaining is: 112s
You played : S 4 11 M 3 9
S 4 11 True
M 3 9 True
Player 1 played : S 4 10 M 4 12
S 4 10 True
M 4 12 True
Time remaining is: 111s
You played : S 3 9 M 3 7
S 3 9 True
M 3 7 True
Player 1 played : S 1 0 M 2 1
S 1 0 True
M 2 1 True
Time remaining is: 111s
You played : S 3 12 M 2 2
S 3 12 True
M 2 2 True
Player 1 played : S 2 10 M 3 6
S 2 10 True
M 3 6 True
Time remaining is: 110s
You played : S 2 11 M 2 3
S 2 11 True
M 2 3 True
Player 1 played : S 2 1 M 5 14
S 2 1 True
M 5 14 True
Time remaining is: 109s
You played : S 2 2 M 4 16
S 2 2 True
M 4 16 True
Player 1 played : S 4 15 M 4 13
S 4 15 True
M 4 13 True
Time remaining is: 109s
You played : S 2 3 M 3 5
S 2 3 True
M 3 5 True
Player 1 played : S 4 13 M 3 17 RS 2 8 RE 4 10 X 4 12
S 4 13 True
M 3 17 True
RS 2 8 True
RE 4 10 True
X 4 12 True
Time remaining is: 108s
You played : S 3 5 M 2 6
S 3 5 True
M 2 6 True
Player 1 played : S 5 14 M 3 8
S 5 14 True
M 3 8 True
Time remaining is: 107s
You played : S 3 0 M 3 1
S 3 0 True
M 3 1 True
Player 1 played : S 3 6 M 4 7
S 3 6 True
M 4 7 True
Time remaining is: 106s
You played : S 2 6 M 4 6
S 2 6 True
M 4 6 True
Player 1 played : S 3 8 M 2 7
S 3 8 True
M 2 7 True
Time remaining is: 105s
You played : S 4 16 M 2 8
S 4 16 True
M 2 8 True
Player 1 played : S 4 7 M 3 16
S 4 7 True
M 3 16 True
Time remaining is: 104s
You played : S 3 7 M 5 8 RS 1 5 RE 3 6 X 5 8
S 3 7 True
M 5 8 True
RS 1 5 True
RE 3 6 True
X 5 8 True
Player 1 played : S 3 17 M 1 5
S 3 17 True
M 1 5 True
Time remaining is: 103s
You played : S 3 1 M 1 2
S 3 1 True
M 1 2 True
Player 1 played : S 2 0 M 4 2
S 2 0 True
M 4 2 True
Time remaining is: 102s
You played : S 1 3 M 4 0
S 1 3 True
M 4 0 True
Player 1 played : S 1 5 M 3 2
S 1 5 True
M 3 2 True
Time remaining is: 101s
You played : S 4 0 M 0 0
S 4 0 True
M 0 0 True
Player 1 played : S 4 2 M 4 4 RS 4 2 RE 2 10 X 3 2
S 4 2 True
M 4 4 True
RS 4 2 True
RE 2 10 True
X 3 2 True
Time remaining is: 100s
You played : S 0 0 M 2 10
S 0 0 True
M 2 10 True
Player 1 played : S 3 16 M 5 9
S 3 16 True
M 5 9 True
Time remaining is: 100s
You played : S 2 8 M 4 14 RS 4 16 RE 0 0 X 4 6
S 2 8 True
M 4 14 True
RS 4 16 True
RE 0 0 True
X 4 6 True
Player 1 played : S 2 7 M 2 11
S 2 7 True
M 2 11 True
Time remaining is: 99s
You played : S 2 10 M 2 8
S 2 10 True
M 2 8 True
Player 1 played : S 4 4 M 0 0
S 4 4 True
M 0 0 True
Time remaining is: 99s
You played : S 4 14 M 4 12
S 4 14 True
M 4 12 True
Player 1 played : S 2 11 M 3 14
S 2 11 True
M 3 14 True
Time remaining is: 99s
You played : S 2 8 M 4 10
S 2 8 True
M 4 10 True
Player 1 played : S 3 14 M 1 4
S 3 14 True
M 1 4 True
Time remaining is: 99s
You played : S 4 10 M 2 4 RS 2 8 RE 4 10 X 2 4
S 4 10 True
M 2 4 True
RS 2 8 True
RE 4 10 True
X 2 4 True
YOU WIN!
Your Score : 8.009
Opponent's Score : 2.018
