P 2 1
P 1 1
P 1 0
P 2 11
S 1 1 M 0 0
S 2 1 M 3 1
S 0 0 M 2 8
S 2 8 M 3 12
S 2 11 M 3 14
S 3 14 M 3 13
S 3 13 M 2 7
S 2 7 M 3 10
S 3 12 M 5 18 RS 3 12 RE 1 1 X 5 18
S 2 3 M 3 7
S 1 0 M 2 9
S 2 9 M 2 8 RS 3 13 RE 2 1 X 2 8
S 3 10 M 1 5
S 3 1 M 2 1
S 2 1 M 3 4
S 3 7 M 4 10
S 4 10 M 2 8
***********************************

-> You are player 2
-> You are alloted a time of 120s

***********************************

Player 1 played : P 2 3
P 2 3 True
Time remaining is: 120s
You played : P 5 1
P 5 1 True
Player 1 played : P 2 1
P 2 1 True
Time remaining is: 120s
You played : P 2 0
P 2 0 True
Player 1 played : P 1 1
P 1 1 True
Time remaining is: 120s
You played : P 1 4
P 1 4 True
Player 1 played : P 1 0
P 1 0 True
Time remaining is: 120s
You played : P 1 3
P 1 3 True
Player 1 played : P 2 11
P 2 11 True
Time remaining is: 120s
You played : P 2 2
P 2 2 True
Player 1 played : S 1 1 M 0 0
S 1 1 True
M 0 0 True
Time remaining is: 120s
You played : S 1 4 M 1 5
S 1 4 True
M 1 5 True
Player 1 played : S 2 1 M 3 1
S 2 1 True
M 3 1 True
Time remaining is: 120s
You played : S 1 3 M 1 2
S 1 3 True
M 1 2 True
Player 1 played : S 0 0 M 2 8
S 0 0 True
M 2 8 True
Time remaining is: 120s
You played : S 1 5 M 2 10
S 1 5 True
M 2 10 True
Player 1 played : S 2 8 M 3 12
S 2 8 True
M 3 12 True
Time remaining is: 120s
You played : S 2 10 M 3 11
S 2 10 True
M 3 11 True
Player 1 played : S 2 11 M 3 14
S 2 11 True
M 3 14 True
Time remaining is: 120s
You played : S 2 0 M 3 0
S 2 0 True
M 3 0 True
Player 1 played : S 3 14 M 3 13
S 3 14 True
M 3 13 True
Time remaining is: 120s
You played : S 2 2 M 3 2
S 2 2 True
M 3 2 True
Player 1 played : S 3 13 M 2 7
S 3 13 True
M 2 7 True
Time remaining is: 120s
You played : S 1 2 M 3 15
S 1 2 True
M 3 15 True
Player 1 played : S 2 7 M 3 10
S 2 7 True
M 3 10 True
Time remaining is: 120s
You played : S 3 15 M 2 4
S 3 15 True
M 2 4 True
Player 1 played : S 3 12 M 5 18 RS 3 12 RE 1 1 X 5 18
S 3 12 True
M 5 18 True
RS 3 12 True
RE 1 1 True
X 5 18 True
Time remaining is: 120s
You played : S 2 4 M 0 0
S 2 4 True
M 0 0 True
Player 1 played : S 2 3 M 3 7
S 2 3 True
M 3 7 True
Time remaining is: 120s
You played : S 5 1 M 4 20
S 5 1 True
M 4 20 True
Player 1 played : S 1 0 M 2 9
S 1 0 True
M 2 9 True
Time remaining is: 120s
You played : S 0 0 M 1 4
S 0 0 True
M 1 4 True
Player 1 played : S 2 9 M 2 8 RS 3 13 RE 2 1 X 2 8
S 2 9 True
M 2 8 True
RS 3 13 True
RE 2 1 True
X 2 8 True
Time remaining is: 120s
You played : S 1 4 M 2 5
S 1 4 True
M 2 5 True
Player 1 played : S 3 10 M 1 5
S 3 10 True
M 1 5 True
Time remaining is: 120s
You played : S 3 11 M 2 9
S 3 11 True
M 2 9 True
Player 1 played : S 3 1 M 2 1
S 3 1 True
M 2 1 True
Time remaining is: 120s
You played : S 3 0 M 3 17
S 3 0 True
M 3 17 True
Player 1 played : S 2 1 M 3 4
S 2 1 True
M 3 4 True
Time remaining is: 120s
You played : S 2 9 M 3 13
S 2 9 True
M 3 13 True
Player 1 played : S 3 7 M 4 10
S 3 7 True
M 4 10 True
Time remaining is: 120s
You played : S 2 5 M 4 9
S 2 5 True
M 4 9 True
Player 1 played : S 4 10 M 2 8
S 4 10 True
M 2 8 True
Time remaining is: 120s
You played : S 3 2 M 1 0
S 3 2 True
M 1 0 True
Player 1 played : S 1 5 M 3 6 RS 3 10 RE 2 11 X 3 6
S 1 5 True
M 3 6 True
RS 3 10 True
RE 2 11 True
X 3 6 True
OTHER PLAYER WINS!
Your Score : 0.011
Opponent's Score : 10.009
