1 5 120 5
***********************************

-> You are player 1
-> You are alloted a time of 120s

***********************************

Time remaining is: 120s
You played : P 4 8
P 4 8 True
Player 2 played : P 0 0
P 0 0 True
Time remaining is: 120s
You played : P 4 4
P 4 4 True
Player 2 played : P 1 1
P 1 1 True
Time remaining is: 120s
You played : P 4 10
P 4 10 True
Player 2 played : P 1 3
P 1 3 True
Time remaining is: 120s
You played : P 4 20
P 4 20 True
Player 2 played : P 1 5
P 1 5 True
Time remaining is: 120s
You played : P 3 14
P 3 14 True
Player 2 played : P 1 4
P 1 4 True
Time remaining is: 120s
You played : S 4 8 M 4 7
S 4 8 True
M 4 7 True
Player 2 played : S 1 1 M 1 0
S 1 1 True
M 1 0 True
Time remaining is: 120s
You played : S 4 7 M 5 8
S 4 7 True
M 5 8 True
Player 2 played : S 1 0 M 4 3
S 1 0 True
M 4 3 True
Time remaining is: 120s
You played : S 5 8 M 2 1
S 5 8 True
M 2 1 True
Player 2 played : S 1 3 M 3 7
S 1 3 True
M 3 7 True
Time remaining is: 120s
You played : S 2 1 M 1 2
S 2 1 True
M 1 2 True
Player 2 played : S 1 4 M 2 5
S 1 4 True
M 2 5 True
Time remaining is: 120s
You played : S 4 4 M 5 6
S 4 4 True
M 5 6 True
Player 2 played : S 2 5 M 4 6
S 2 5 True
M 4 6 True
Time remaining is: 120s
You played : S 1 2 M 3 8
S 1 2 True
M 3 8 True
Player 2 played : S 0 0 M 2 4
S 0 0 True
M 2 4 True
Time remaining is: 111s
You played : S 3 8 M 2 6
S 3 8 True
M 2 6 True
Player 2 played : S 2 4 M 2 3
S 2 4 True
M 2 3 True
Time remaining is: 103s
You played : S 2 6 M 2 0
S 2 6 True
M 2 0 True
Player 2 played : S 4 3 M 4 1
S 4 3 True
M 4 1 True
Time remaining is: 94s
You played : S 2 0 M 3 1
S 2 0 True
M 3 1 True
Player 2 played : S 4 1 M 4 0
S 4 1 True
M 4 0 True
Time remaining is: 85s
You played : S 3 1 M 5 1
S 3 1 True
M 5 1 True
Player 2 played : S 4 0 M 4 2
S 4 0 True
M 4 2 True
Time remaining is: 79s
You played : S 5 1 M 4 23
S 5 1 True
M 4 23 True
Player 2 played : S 4 6 M 2 2
S 4 6 True
M 2 2 True
Time remaining is: 77s
You played : S 4 23 M 3 0
S 4 23 True
M 3 0 True
Player 2 played : S 4 2 M 2 11
S 4 2 True
M 2 11 True
Time remaining is: 72s
You played : S 3 0 M 3 2
S 3 0 True
M 3 2 True
Player 2 played : S 2 2 M 2 8
S 2 2 True
M 2 8 True
Time remaining is: 70s
You played : S 3 2 M 5 4
S 3 2 True
M 5 4 True
Player 2 played : S 2 3 M 5 2
S 2 3 True
M 5 2 True
Time remaining is: 69s
You played : S 5 4 M 4 5
S 5 4 True
M 4 5 True
Player 2 played : S 2 8 M 5 28
S 2 8 True
M 5 28 True
Time remaining is: 68s
You played : S 4 5 M 3 4
S 4 5 True
M 3 4 True
Player 2 played : S 3 7 M 2 9
S 3 7 True
M 2 9 True
Time remaining is: 68s
You played : S 3 4 M 3 5
S 3 4 True
M 3 5 True
Player 2 played : S 1 5 M 3 6
S 1 5 True
M 3 6 True
Time remaining is: 68s
You played : S 3 5 M 5 7 RS 5 8 RE 2 1 X 4 20
S 3 5 True
M 5 7 True
RS 5 8 True
RE 2 1 True
X 4 20 True
Player 2 played : S 5 2 M 2 2
S 5 2 True
M 2 2 True
Time remaining is: 68s
You played : S 5 7 M 3 3
S 5 7 True
M 3 3 True
Player 2 played : S 2 2 M 4 6
S 2 2 True
M 4 6 True
Time remaining is: 67s
You played : S 3 3 M 5 3 RS 3 3 RE 4 23 X 5 3
S 3 3 True
M 5 3 True
RS 3 3 True
RE 4 23 True
X 5 3 True
Player 2 played : S 4 6 M 5 11 RS 4 8 RE 4 4 X 5 11
S 4 6 True
M 5 11 True
RS 4 8 True
RE 4 4 True
X 5 11 True
Time remaining is: 67s
You played : S 5 6 M 5 8
S 5 6 True
M 5 8 True
Player 2 played : S 3 6 M 2 10 RS 2 8 RE 2 2 X 5 28
S 3 6 True
M 2 10 True
RS 2 8 True
RE 2 2 True
X 5 28 True
Time remaining is: 65s
You played : S 4 10 M 2 2
S 4 10 True
M 2 2 True
Player 2 played : S 2 9 M 4 9
S 2 9 True
M 4 9 True
Time remaining is: 64s
You played : S 5 8 M 4 7
S 5 8 True
M 4 7 True
Player 2 played : S 2 10 M 2 8
S 2 10 True
M 2 8 True
Time remaining is: 64s
You played : S 4 7 M 3 9
S 4 7 True
M 3 9 True
Player 2 played : S 4 9 M 4 11
S 4 9 True
M 4 11 True
Time remaining is: 64s
You played : S 3 9 M 3 10
S 3 9 True
M 3 10 True
Player 2 played : S 2 8 M 0 0
S 2 8 True
M 0 0 True
Time remaining is: 64s
You played : S 3 10 M 2 7 RS 3 5 RE 3 10 X 2 7
S 3 10 True
M 2 7 True
RS 3 5 True
RE 3 10 True
X 2 7 True
YOU WIN!
Your Score : 8.013
Opponent's Score : 2.013
