The5
WHY 

centre is 1
layer num 1		-1  -1  -1  0  -1  -1  
layer num 2		-1  0  -1  1  0  -1  -1  -1  -1  -1  -1  1  
layer num 3		-1  0  -1  -1  -1  -1  -1  -1  -1  -1  -1  -1  -1  -1  -1  -1  -1  -1  
layer num 4		-1  -1  -1  -1  -1  -1  -1  -1  -1  -1  -1  -1  -1  -1  -1  0  1  -1  -1  -1  -1  -1  -1  -1  
layer num 5		-1  -1  -1  -1  -1  -1  -1  -1  -1  -1  -1  -1  -1  -1  -1  -1  -1  -1  -1  -1  -1  1  -1  -1  -1  -1  -1  -1  -1  -1  
my rings: 0
other rings: 0
Came here
5
2
WHY 

centre is 1
layer num 1		-1  -1  -1  0  -1  -1  
layer num 2		-1  0  -1  1  0  -1  -1  -1  -1  -1  -1  1  
layer num 3		-1  2  -1  -1  -1  -1  -1  -1  -1  -1  -1  -1  -1  -1  -1  -1  -1  -1  
layer num 4		-1  -1  0  -1  -1  -1  -1  -1  -1  -1  -1  -1  -1  -1  -1  0  3  1  -1  -1  -1  -1  -1  -1  
layer num 5		-1  -1  -1  -1  -1  -1  -1  -1  -1  -1  -1  -1  -1  -1  -1  -1  -1  -1  -1  -1  -1  1  -1  -1  -1  -1  -1  -1  -1  -1  
my rings: 1
other rings: 1
Came here
5
4
WHY 

centre is 1
layer num 1		-1  -1  -1  0  -1  -1  
layer num 2		-1  0  -1  1  0  -1  -1  -1  -1  -1  -1  1  
layer num 3		-1  2  -1  -1  -1  -1  -1  -1  -1  -1  -1  -1  -1  -1  -1  -1  -1  -1  
layer num 4		-1  -1  2  -1  -1  -1  -1  -1  -1  -1  -1  -1  -1  -1  -1  0  3  3  1  -1  -1  -1  -1  -1  
layer num 5		-1  -1  -1  0  -1  -1  -1  -1  -1  -1  -1  -1  -1  -1  -1  -1  -1  -1  -1  -1  -1  1  -1  -1  -1  -1  -1  -1  -1  -1  
my rings: 2
other rings: 2
Came here
5
6
WHY 

centre is 1
layer num 1		-1  -1  -1  2  -1  -1  
layer num 2		-1  0  -1  1  0  -1  -1  -1  -1  -1  -1  1  
layer num 3		-1  2  -1  -1  -1  -1  -1  -1  -1  -1  -1  0  -1  -1  -1  -1  -1  -1  
layer num 4		-1  -1  2  -1  -1  -1  -1  -1  -1  -1  -1  -1  -1  -1  -1  0  3  3  1  -1  -1  -1  -1  -1  
layer num 5		-1  -1  -1  0  -1  -1  -1  -1  -1  -1  -1  -1  -1  -1  -1  -1  -1  -1  -1  -1  -1  3  1  -1  -1  -1  -1  -1  -1  -1  
my rings: 3
other rings: 3
Came here
6
9
WHY 

centre is 3
layer num 1		-1  -1  -1  3  -1  -1  
layer num 2		-1  0  -1  1  0  -1  1  0  -1  -1  -1  1  
layer num 3		-1  2  -1  -1  -1  -1  -1  -1  -1  -1  -1  2  -1  -1  -1  -1  -1  -1  
layer num 4		-1  -1  2  -1  -1  -1  -1  -1  -1  -1  -1  -1  -1  -1  -1  0  3  3  1  -1  -1  -1  -1  -1  
layer num 5		-1  -1  -1  0  -1  -1  -1  -1  -1  -1  -1  -1  -1  -1  -1  -1  -1  -1  -1  -1  -1  3  1  -1  -1  -1  -1  -1  -1  -1  
my rings: 3
other rings: 5
Came here
5
11
WHY 

centre is 3
layer num 1		-1  0  -1  3  -1  -1  
layer num 2		-1  2  -1  1  0  -1  1  0  -1  -1  -1  1  
layer num 3		-1  2  -1  -1  -1  -1  -1  -1  -1  -1  -1  2  -1  -1  -1  -1  -1  -1  
layer num 4		-1  -1  2  -1  -1  -1  -1  -1  -1  -1  -1  -1  -1  -1  -1  0  3  3  3  1  -1  -1  -1  -1  
layer num 5		-1  -1  -1  0  -1  -1  -1  -1  -1  -1  -1  -1  -1  -1  -1  -1  -1  -1  -1  -1  -1  3  1  -1  -1  -1  -1  -1  -1  -1  
my rings: 4
other rings: 6
Came here
6
14
WHY 

centre is 3
layer num 1		-1  0  -1  3  -1  -1  
layer num 2		-1  2  -1  1  0  -1  1  3  -1  -1  -1  3  
layer num 3		-1  2  -1  -1  -1  -1  -1  -1  -1  -1  1  2  -1  -1  -1  -1  -1  -1  
layer num 4		-1  -1  2  -1  -1  -1  -1  -1  -1  -1  -1  -1  -1  -1  -1  0  3  3  2  1  -1  -1  -1  -1  
layer num 5		-1  -1  -1  0  -1  -1  -1  -1  -1  -1  -1  -1  -1  -1  -1  -1  -1  -1  -1  -1  -1  3  1  0  -1  -1  -1  -1  -1  -1  
my rings: 5
other rings: 7
Came here
6
17
WHY 

centre is 3
layer num 1		-1  0  0  2  1  -1  
layer num 2		-1  2  -1  1  0  -1  1  3  -1  -1  -1  3  
layer num 3		-1  2  -1  -1  -1  -1  -1  -1  -1  -1  3  3  -1  -1  -1  -1  -1  -1  
layer num 4		-1  -1  2  -1  -1  -1  -1  -1  -1  -1  -1  -1  -1  -1  -1  2  3  3  2  1  -1  -1  -1  -1  
layer num 5		-1  -1  -1  0  -1  -1  -1  -1  -1  -1  -1  -1  -1  -1  -1  -1  -1  -1  -1  -1  -1  3  1  0  -1  -1  -1  -1  -1  -1  
my rings: 6
other rings: 8
Came here
6
20
WHY 

centre is 3
layer num 1		-1  0  0  2  1  -1  
layer num 2		-1  2  -1  1  2  0  1  3  -1  -1  -1  3  
layer num 3		-1  2  -1  -1  -1  -1  -1  -1  -1  -1  3  3  -1  -1  1  -1  -1  -1  
layer num 4		-1  -1  2  -1  -1  -1  -1  -1  -1  -1  -1  -1  -1  -1  -1  2  3  3  3  1  -1  -1  -1  -1  
layer num 5		-1  -1  -1  0  -1  -1  -1  -1  -1  -1  -1  -1  -1  -1  -1  -1  -1  -1  -1  -1  -1  3  3  0  -1  -1  -1  -1  -1  -1  
my rings: 6
other rings: 10
Came here
6
23
WHY 

centre is 3
layer num 1		-1  0  0  2  1  -1  
layer num 2		-1  2  -1  1  2  0  1  3  -1  -1  1  3  
layer num 3		-1  2  -1  -1  -1  -1  -1  -1  -1  -1  3  3  -1  0  3  -1  -1  -1  
layer num 4		-1  -1  2  -1  -1  -1  -1  -1  -1  -1  -1  -1  -1  -1  -1  2  3  3  2  1  -1  -1  -1  -1  
layer num 5		-1  -1  -1  0  -1  -1  -1  -1  -1  -1  -1  -1  -1  -1  -1  -1  -1  -1  -1  -1  -1  3  3  2  -1  -1  -1  -1  -1  -1  
my rings: 8
other rings: 10
Came here
6
26
WHY 

centre is 2
layer num 1		-1  0  3  3  1  -1  
layer num 2		-1  2  -1  1  3  0  1  2  -1  -1  3  3  
layer num 3		-1  2  -1  -1  -1  -1  1  -1  -1  -1  3  2  -1  0  3  -1  -1  -1  
layer num 4		-1  -1  2  -1  -1  -1  -1  -1  -1  -1  -1  -1  -1  -1  -1  3  3  3  2  1  -1  -1  -1  -1  
layer num 5		-1  -1  -1  0  -1  -1  -1  -1  -1  -1  -1  -1  -1  -1  -1  -1  -1  -1  -1  0  -1  3  3  2  -1  -1  -1  -1  -1  -1  
my rings: 8
other rings: 12
Came here
6
29
WHY 

centre is 2
layer num 1		-1  0  3  3  3  -1  
layer num 2		-1  2  -1  1  3  0  1  3  0  -1  3  3  
layer num 3		-1  2  -1  -1  -1  -1  1  -1  -1  -1  2  2  -1  2  3  -1  -1  -1  
layer num 4		-1  -1  2  -1  -1  -1  -1  -1  -1  -1  -1  -1  -1  1  -1  3  3  3  2  1  -1  -1  -1  -1  
layer num 5		-1  -1  -1  0  -1  -1  -1  -1  -1  -1  -1  -1  -1  -1  -1  -1  -1  -1  -1  0  -1  3  3  2  -1  -1  -1  -1  -1  -1  
my rings: 9
other rings: 13
Came here
6
32
WHY 

centre is 2
layer num 1		-1  0  3  3  3  -1  
layer num 2		-1  2  -1  3  3  0  1  3  0  -1  3  3  
layer num 3		-1  2  -1  -1  -1  1  1  -1  -1  -1  2  2  -1  2  3  -1  -1  -1  
layer num 4		-1  -1  2  -1  -1  -1  -1  -1  -1  -1  -1  -1  -1  1  -1  3  3  3  2  1  -1  -1  -1  -1  
layer num 5		-1  -1  -1  0  -1  -1  -1  -1  -1  -1  -1  -1  -1  -1  -1  -1  -1  -1  0  2  -1  3  3  2  -1  -1  -1  -1  -1  -1  
my rings: 10
other rings: 14
Came here
6
35
WHY 

centre is 2
layer num 1		-1  0  3  3  3  -1  
layer num 2		-1  2  -1  3  3  0  1  3  0  -1  3  3  
layer num 3		-1  2  -1  -1  -1  3  1  -1  -1  -1  2  2  0  2  3  -1  -1  -1  
layer num 4		-1  -1  2  -1  -1  -1  -1  1  -1  -1  -1  -1  -1  1  -1  2  3  3  2  1  -1  -1  -1  -1  
layer num 5		-1  -1  -1  0  -1  -1  -1  -1  -1  -1  -1  -1  -1  -1  -1  -1  -1  -1  2  2  -1  3  3  2  -1  -1  -1  -1  -1  -1  
my rings: 12
other rings: 14
Came here
6
38
WHY 

centre is 2
layer num 1		-1  0  3  2  2  -1  
layer num 2		-1  2  -1  3  3  2  1  3  0  0  3  3  
layer num 3		-1  2  -1  -1  -1  3  1  -1  1  -1  2  2  0  2  3  -1  -1  -1  
layer num 4		-1  -1  2  -1  -1  -1  -1  1  -1  -1  -1  -1  -1  3  -1  2  3  3  2  1  -1  -1  -1  -1  
layer num 5		-1  -1  -1  0  -1  -1  -1  -1  -1  -1  -1  -1  -1  -1  -1  -1  -1  -1  2  2  -1  3  3  2  -1  -1  -1  -1  -1  -1  
my rings: 15
other rings: 13
Came here
6
41
WHY 

centre is 3
layer num 1		1  0  3  3  2  0  
layer num 2		-1  2  -1  3  3  2  3  3  0  2  3  3  
layer num 3		-1  2  -1  -1  -1  3  1  -1  1  -1  2  2  0  2  3  -1  -1  -1  
layer num 4		-1  -1  2  -1  -1  -1  -1  1  -1  -1  -1  -1  -1  3  -1  2  3  3  2  1  -1  -1  -1  -1  
layer num 5		-1  -1  -1  0  -1  -1  -1  -1  -1  -1  -1  -1  -1  -1  -1  -1  -1  -1  2  2  -1  3  3  2  -1  -1  -1  -1  -1  -1  
my rings: 14
other rings: 16
Came here
6
44
WHY 

centre is 3
layer num 1		1  0  3  3  3  2  
layer num 2		-1  2  -1  3  3  2  3  2  0  2  3  3  
layer num 3		-1  2  -1  -1  -1  3  3  -1  1  -1  3  2  0  2  3  -1  -1  -1  
layer num 4		-1  -1  2  -1  -1  -1  -1  1  -1  1  -1  -1  -1  2  -1  2  3  3  2  1  -1  -1  -1  -1  
layer num 5		-1  -1  -1  0  -1  -1  -1  -1  -1  -1  -1  -1  -1  -1  -1  -1  0  -1  2  2  -1  3  3  2  -1  -1  -1  -1  -1  -1  
my rings: 15
other rings: 17
Came here
5
46
WHY 

centre is 3
layer num 1		1  0  3  3  3  2  
layer num 2		-1  2  -1  3  3  2  3  2  0  2  3  3  
layer num 3		-1  2  -1  -1  -1  3  3  1  3  -1  3  2  0  2  3  -1  -1  -1  
layer num 4		-1  -1  2  -1  -1  -1  -1  1  -1  1  0  -1  -1  2  -1  2  3  3  2  1  -1  -1  -1  -1  
layer num 5		-1  -1  -1  0  -1  -1  -1  -1  -1  -1  -1  -1  -1  -1  -1  -1  2  -1  2  2  -1  3  3  2  -1  -1  -1  -1  -1  -1  
my rings: 16
other rings: 18
Came here
6
49
WHY 

centre is 3
layer num 1		1  0  3  3  3  2  
layer num 2		-1  2  -1  3  3  2  3  2  0  2  3  3  
layer num 3		-1  2  -1  -1  1  2  2  1  3  0  2  3  2  2  3  -1  -1  -1  
layer num 4		-1  -1  2  -1  -1  -1  -1  1  -1  3  0  -1  -1  2  -1  2  3  3  2  1  -1  -1  -1  -1  
layer num 5		-1  -1  -1  0  -1  -1  -1  -1  -1  -1  -1  -1  -1  -1  -1  -1  2  -1  2  2  -1  3  3  2  -1  -1  -1  -1  -1  -1  
my rings: 19
other rings: 17
Came here
6
52
WHY 

centre is 3
layer num 1		1  0  3  3  3  2  
layer num 2		-1  2  -1  3  3  2  3  2  0  2  3  3  
layer num 3		-1  2  -1  -1  1  2  2  1  3  0  2  3  2  2  3  1  -1  -1  
layer num 4		-1  -1  2  -1  -1  -1  -1  1  0  2  2  -1  -1  2  -1  2  3  3  2  3  -1  -1  -1  -1  
layer num 5		-1  -1  -1  0  -1  -1  -1  -1  -1  -1  -1  -1  -1  -1  -1  -1  2  -1  2  2  -1  3  3  2  -1  -1  -1  -1  -1  -1  
my rings: 21
other rings: 17
Came here
6
55
WHY 

centre is 3
layer num 1		1  2  3  3  3  2  
layer num 2		-1  2  0  3  3  2  3  2  0  2  3  3  
layer num 3		-1  2  -1  -1  1  2  2  1  3  0  2  3  2  2  3  1  -1  -1  
layer num 4		-1  -1  2  -1  -1  1  -1  3  0  2  2  -1  -1  2  -1  2  3  3  2  3  -1  -1  -1  -1  
layer num 5		-1  -1  -1  0  -1  -1  -1  -1  -1  -1  -1  -1  -1  -1  -1  -1  2  -1  2  2  -1  3  3  2  -1  -1  -1  -1  -1  -1  
my rings: 22
other rings: 18
Came here
5
57
WHY 

centre is 3
layer num 1		1  2  3  3  3  2  
layer num 2		-1  2  0  3  3  2  3  2  0  2  3  3  
layer num 3		-1  2  -1  1  3  2  2  1  3  2  2  3  2  2  3  1  -1  -1  
layer num 4		-1  -1  2  -1  -1  1  -1  3  0  2  2  -1  -1  3  -1  2  3  3  2  3  -1  -1  -1  -1  
layer num 5		-1  -1  -1  0  -1  -1  -1  -1  -1  -1  -1  -1  -1  -1  -1  -1  2  0  2  2  -1  3  3  2  -1  -1  -1  -1  -1  -1  
my rings: 22
other rings: 20
Came here
5
59
WHY 

centre is 3
layer num 1		3  2  3  3  3  2  
layer num 2		1  2  2  3  3  2  3  2  0  2  3  3  
layer num 3		-1  2  0  1  3  2  2  1  3  2  2  3  2  2  3  1  -1  -1  
layer num 4		-1  -1  2  -1  -1  1  -1  3  0  2  2  -1  -1  3  -1  2  3  3  2  3  -1  -1  -1  -1  
layer num 5		-1  -1  -1  0  -1  -1  -1  -1  -1  -1  -1  -1  -1  -1  -1  -1  2  0  2  2  -1  3  3  2  -1  -1  -1  -1  -1  -1  
my rings: 23
other rings: 21
Came here
5
61
WHY 

centre is 3
layer num 1		3  2  3  3  3  2  
layer num 2		1  2  2  3  3  2  3  2  0  2  3  3  
layer num 3		-1  2  0  1  3  2  2  3  3  2  2  3  2  2  3  1  -1  -1  
layer num 4		-1  -1  2  -1  -1  1  0  2  2  2  3  -1  -1  3  -1  2  3  3  2  3  -1  -1  -1  -1  
layer num 5		-1  -1  -1  0  -1  -1  -1  -1  -1  -1  -1  -1  -1  1  -1  -1  2  0  2  2  -1  3  3  2  -1  -1  -1  -1  -1  -1  
my rings: 24
other rings: 22
Came here
5
63
WHY 

centre is 3
layer num 1		3  2  3  3  3  2  
layer num 2		3  3  3  3  2  3  2  2  0  2  3  3  
layer num 3		-1  2  0  1  2  3  2  3  3  2  3  3  2  2  3  1  -1  -1  
layer num 4		-1  -1  2  -1  -1  1  3  2  2  2  3  -1  -1  3  0  2  3  3  2  3  -1  -1  -1  -1  
layer num 5		-1  -1  -1  0  -1  -1  -1  -1  1  -1  -1  -1  -1  1  -1  -1  2  0  2  2  -1  3  3  2  -1  -1  -1  -1  -1  -1  
my rings: 22
other rings: 26
Came here
5
65
WHY 

centre is 3
layer num 1		3  2  3  -1  -1  2  
layer num 2		-1  -1  -1  3  2  -1  2  2  0  2  3  3  
layer num 3		-1  2  0  3  -1  2  3  -1  3  2  3  3  2  2  3  1  -1  -1  
layer num 4		-1  -1  2  -1  -1  1  -1  2  2  -1  3  -1  0  2  2  2  3  3  2  3  -1  -1  -1  -1  
layer num 5		-1  -1  -1  0  -1  -1  -1  -1  -1  -1  -1  -1  -1  1  -1  -1  2  0  2  2  -1  3  3  2  -1  -1  -1  -1  -1  -1  
my rings: 22
other rings: 18
Came here
6
68
WHY 

centre is 3
layer num 1		3  2  3  -1  -1  2  
layer num 2		-1  -1  -1  3  2  -1  2  2  0  2  3  3  
layer num 3		-1  2  0  3  -1  2  3  -1  3  2  3  3  2  2  3  3  -1  -1  
layer num 4		-1  -1  2  -1  -1  1  -1  2  2  -1  3  -1  2  2  2  2  3  3  2  3  -1  -1  -1  -1  
layer num 5		-1  -1  -1  0  -1  -1  -1  -1  -1  -1  -1  -1  -1  1  0  -1  2  0  2  2  -1  3  3  2  -1  -1  -1  1  -1  -1  
my rings: 23
other rings: 19
Came here
6
71
***********************************

-> You are player 1
-> You are alloted a time of 120s

***********************************

Time remaining is: 120s
You played : P 1 3
P 1 3 True
Player 2 played : P 0 0
P 0 0 True
Time remaining is: 120s
You played : P 2 1
P 2 1 True
Player 2 played : P 5 21
P 5 21 True
Time remaining is: 120s
You played : P 2 4
P 2 4 True
Player 2 played : P 4 16
P 4 16 True
Time remaining is: 120s
You played : P 3 1
P 3 1 True
Player 2 played : P 2 11
P 2 11 True
Time remaining is: 120s
You played : P 4 15
P 4 15 True
Player 2 played : P 2 3
P 2 3 True
Time remaining is: 120s
You played : S 3 1 M 4 2
S 3 1 True
M 4 2 True
Player 2 played : S 4 16 M 4 17
S 4 16 True
M 4 17 True
Time remaining is: 120s
You played : S 4 2 M 5 3
S 4 2 True
M 5 3 True
Player 2 played : S 4 17 M 4 18
S 4 17 True
M 4 18 True
Time remaining is: 120s
You played : S 1 3 M 3 11
S 1 3 True
M 3 11 True
Player 2 played : S 5 21 M 5 22
S 5 21 True
M 5 22 True
Time remaining is: 119s
You played : S 3 11 M 2 7
S 3 11 True
M 2 7 True
Player 2 played : S 0 0 M 2 6
S 0 0 True
M 2 6 True
Time remaining is: 115s
You played : S 2 1 M 1 1
S 2 1 True
M 1 1 True
Player 2 played : S 4 18 M 4 19
S 4 18 True
M 4 19 True
Time remaining is: 114s
You played : S 2 7 M 5 23
S 2 7 True
M 5 23 True
Player 2 played : S 2 11 M 3 10
S 2 11 True
M 3 10 True
Time remaining is: 111s
You played : S 4 15 M 1 2
S 4 15 True
M 1 2 True
Player 2 played : S 3 10 M 1 4
S 3 10 True
M 1 4 True
Time remaining is: 110s
You played : S 2 4 M 2 5
S 2 4 True
M 2 5 True
Player 2 played : S 5 22 M 3 14
S 5 22 True
M 3 14 True
Time remaining is: 107s
You played : S 5 23 M 3 13
S 5 23 True
M 3 13 True
Player 2 played : S 3 14 M 2 10
S 3 14 True
M 2 10 True
Time remaining is: 106s
You played : S 1 2 M 5 19
S 1 2 True
M 5 19 True
Player 2 played : S 2 10 M 3 6
S 2 10 True
M 3 6 True
Time remaining is: 105s
You played : S 3 13 M 2 8
S 3 13 True
M 2 8 True
Player 2 played : S 1 4 M 4 13
S 1 4 True
M 4 13 True
Time remaining is: 104s
You played : S 5 19 M 5 18
S 5 19 True
M 5 18 True
Player 2 played : S 2 3 M 3 5
S 2 3 True
M 3 5 True
Time remaining is: 103s
You played : S 5 18 M 3 12
S 5 18 True
M 3 12 True
Player 2 played : S 3 5 M 4 7
S 3 5 True
M 4 7 True
Time remaining is: 102s
You played : S 2 5 M 2 9
S 2 5 True
M 2 9 True
Player 2 played : S 4 13 M 3 8
S 4 13 True
M 3 8 True
Time remaining is: 101s
You played : S 2 9 M 1 5
S 2 9 True
M 1 5 True
Player 2 played : S 2 6 M 1 0
S 2 6 True
M 1 0 True
Time remaining is: 100s
You played : S 1 5 M 5 16
S 1 5 True
M 5 16 True
Player 2 played : S 3 6 M 4 9
S 3 6 True
M 4 9 True
Time remaining is: 99s
You played : S 5 16 M 4 10
S 5 16 True
M 4 10 True
Player 2 played : S 3 8 M 3 7
S 3 8 True
M 3 7 True
Time remaining is: 99s
You played : S 3 12 M 3 9
S 3 12 True
M 3 9 True
Player 2 played : S 4 9 M 3 4
S 4 9 True
M 3 4 True
Time remaining is: 97s
You played : S 4 10 M 4 8
S 4 10 True
M 4 8 True
Player 2 played : S 4 19 M 3 15
S 4 19 True
M 3 15 True
Time remaining is: 96s
You played : S 1 1 M 2 2
S 1 1 True
M 2 2 True
Player 2 played : S 4 7 M 4 5
S 4 7 True
M 4 5 True
Time remaining is: 94s
You played : S 3 9 M 5 17
S 3 9 True
M 5 17 True
Player 2 played : S 3 4 M 3 3
S 3 4 True
M 3 3 True
Time remaining is: 94s
You played : S 2 2 M 3 2
S 2 2 True
M 3 2 True
Player 2 played : S 1 0 M 2 0
S 1 0 True
M 2 0 True
Time remaining is: 93s
You played : S 4 8 M 4 6
S 4 8 True
M 4 6 True
Player 2 played : S 3 7 M 5 13
S 3 7 True
M 5 13 True
Time remaining is: 93s
You played : S 4 6 M 4 14
S 4 6 True
M 4 14 True
Player 2 played : S 2 0 M 5 8
S 2 0 True
M 5 8 True
Time remaining is: 93s
You played : S 4 14 M 4 12
S 4 14 True
M 4 12 True
Player 2 played : S 3 3 M 5 12 RS 1 4 RE 4 9 X 5 8 RS 2 0 RE 4 6 X 5 12
S 3 3 True
M 5 12 True
RS 1 4 True
RE 4 9 True
X 5 8 True
RS 2 0 True
RE 4 6 True
X 5 12 True
Time remaining is: 92s
You played : S 4 12 M 5 14
S 4 12 True
M 5 14 True
Player 2 played : S 3 15 M 5 27
S 3 15 True
M 5 27 True
Time remaining is: 91s
You played : S 2 8 M 3 16 RS 5 23 RE 2 7 X 3 2
S 2 8 True
M 3 16 True
RS 5 23 True
RE 2 7 True
X WHY 

centre is 3
layer num 1		3  2  3  -1  -1  2  
layer num 2		-1  -1  -1  3  2  -1  2  -1  -1  3  2  3  
layer num 3		-1  2  -1  3  -1  2  3  -1  3  2  3  3  2  -1  3  3  0  -1  
layer num 4		-1  -1  2  -1  -1  3  1  2  2  -1  3  -1  2  2  2  2  3  3  -1  3  -1  -1  -1  -1  
layer num 5		-1  -1  -1  0  -1  -1  -1  -1  -1  -1  -1  -1  -1  1  0  -1  2  0  2  2  -1  3  3  -1  -1  -1  -1  1  -1  -1  
my rings: 19
other rings: 20
Came here
7
75
WHY 

centre is 3
layer num 1		3  2  3  -1  -1  2  
layer num 2		-1  -1  -1  3  2  -1  2  -1  -1  3  2  3  
layer num 3		-1  2  -1  2  0  2  3  -1  3  2  3  3  2  -1  3  3  0  -1  
layer num 4		-1  -1  2  -1  -1  3  3  3  3  -1  3  -1  2  2  2  2  3  3  -1  3  -1  -1  -1  -1  
layer num 5		-1  -1  -1  2  -1  -1  -1  -1  -1  -1  -1  1  -1  1  0  -1  2  0  2  2  -1  3  3  -1  -1  -1  -1  1  -1  -1  
my rings: 19
other rings: 22
Came here
7
79
WHY 

centre is 3
layer num 1		2  3  3  -1  -1  2  
layer num 2		-1  -1  1  2  2  -1  2  -1  -1  3  2  2  
layer num 3		-1  2  -1  2  0  3  3  -1  3  2  3  3  2  -1  3  3  2  -1  
layer num 4		-1  -1  2  -1  -1  3  3  2  3  -1  3  -1  2  2  2  2  3  3  -1  3  -1  -1  -1  -1  
layer num 5		-1  -1  -1  2  -1  -1  -1  -1  -1  0  -1  1  -1  1  0  -1  2  0  2  2  -1  3  3  -1  -1  -1  -1  3  -1  -1  
my rings: 22
other rings: 21
Came here
8
84
WHY 

centre is 3
layer num 1		2  3  2  0  -1  2  
layer num 2		-1  -1  1  3  2  -1  2  -1  -1  3  2  2  
layer num 3		-1  2  -1  2  2  3  3  1  3  2  3  3  2  -1  3  3  2  -1  
layer num 4		-1  -1  2  -1  -1  3  3  2  3  -1  3  -1  2  2  2  2  3  3  -1  3  -1  -1  -1  -1  
layer num 5		-1  -1  -1  2  -1  -1  -1  -1  -1  0  -1  3  -1  1  0  -1  2  0  2  2  -1  3  3  -1  -1  -1  -1  3  -1  -1  
my rings: 23
other rings: 22
Came here
8
89
WHY 

centre is 3
layer num 1		2  3  2  0  -1  2  
layer num 2		-1  -1  3  3  2  -1  2  -1  -1  3  2  2  
layer num 3		-1  2  -1  3  2  3  3  1  3  2  3  3  2  -1  3  3  2  -1  
layer num 4		-1  -1  2  -1  1  3  3  2  2  0  3  -1  2  2  2  2  3  3  -1  3  -1  -1  -1  -1  
layer num 5		-1  -1  -1  2  -1  -1  -1  -1  -1  2  -1  3  -1  1  0  -1  2  0  2  2  -1  3  3  -1  -1  -1  -1  3  -1  -1  
my rings: 24
other rings: 23
Came here
11
97
WHY 

centre is 3
layer num 1		2  3  2  0  -1  2  
layer num 2		-1  -1  3  3  2  -1  2  -1  -1  3  2  2  
layer num 3		-1  2  -1  2  3  2  3  3  3  2  3  3  2  -1  3  3  2  -1  
layer num 4		-1  -1  2  0  1  3  3  3  2  2  3  -1  2  2  2  2  3  3  -1  3  -1  -1  -1  -1  
layer num 5		-1  -1  -1  2  -1  -1  -1  -1  1  2  -1  3  -1  1  0  -1  2  0  2  2  -1  3  3  -1  -1  -1  -1  3  -1  -1  
my rings: 25
other rings: 24
Came here
9
103
WHY 

centre is 3
layer num 1		2  3  2  0  -1  2  
layer num 2		-1  -1  3  3  2  0  2  -1  -1  3  2  2  
layer num 3		-1  2  -1  2  3  2  3  3  2  2  3  3  2  -1  3  3  2  -1  
layer num 4		-1  -1  2  -1  3  3  3  3  2  2  3  -1  -1  -1  -1  -1  3  3  -1  3  -1  -1  -1  -1  
layer num 5		-1  -1  -1  2  1  -1  -1  -1  1  2  -1  3  -1  1  -1  -1  2  0  2  2  -1  3  3  -1  -1  -1  -1  3  -1  -1  
my rings: 22
other rings: 24
Came here
3 2 True
Player 2 played : S 4 5 M 4 6
S 4 5 True
M 4 6 True
Time remaining is: 90s
You played : S 5 3 M 3 4
S 5 3 True
M 3 4 True
Player 2 played : S 4 6 M 5 11
S 4 6 True
M 5 11 True
Time remaining is: 88s
You played : S 3 16 M 5 9
S 3 16 True
M 5 9 True
Player 2 played : S 5 27 M 2 2
S 5 27 True
M 2 2 True
Time remaining is: 88s
You played : S 3 4 M 1 3
S 3 4 True
M 1 3 True
Player 2 played : S 5 11 M 3 7
S 5 11 True
M 3 7 True
Time remaining is: 86s
You played : S 5 9 M 4 9
S 5 9 True
M 4 9 True
Player 2 played : S 2 2 M 4 4
S 2 2 True
M 4 4 True
Time remaining is: 85s
You played : S 4 9 M 4 3
S 4 9 True
M 4 3 True
Player 2 played : S 3 7 M 5 8
S 3 7 True
M 5 8 True
Time remaining is: 84s
You played : S 5 14 M 2 5 RS 4 15 RE 5 14 X 4 3
S 5 14 True
M 2 5 True
RS 4 15 True
RE 5 14 True
X 4 3 True
Player 2 played : S 4 4 M 5 4
S 4 4 True
M 5 4 True
Time remaining is: 84s
ERROR : THIS CLIENT RAN OUT OF TIME!
