***********************************

-> You are player 2
-> You are alloted a time of 120s

***********************************

Player 1 played : P 3 16
P 3 16 True
Time remaining is: 120s
You played : P 0 0
P 0 0 True
Player 1 played : P 1 2
P 1 2 True
Time remaining is: 120s
You played : P 2 2
P 2 2 True
Player 1 played : P 4 21
P 4 21 True
Time remaining is: 120s
You played : P 1 3
P 1 3 True
Player 1 played : P 2 5
P 2 5 True
Time remaining is: 120s
You played : P 3 17
P 3 17 True
Player 1 played : P 4 18
P 4 18 True
Time remaining is: 120s
You played : P 2 3
P 2 3 True
Player 1 played : S 1 2 M 5 1
S 1 2 True
M 5 1 True
Time remaining is: 120s
You played : S 1 3 M 2 7
S 1 3 True
M 2 7 True
Player 1 played : S 2 5 M 1 4
S 2 5 True
M 1 4 True
Time remaining is: 119s
You played : S 0 0 M 2 6
S 0 0 True
M 2 6 True
Player 1 played : S 5 1 M 4 23
S 5 1 True
M 4 23 True
Time remaining is: 114s
You played : S 2 2 M 1 1
S 2 2 True
M 1 1 True
Player 1 played : S 4 23 M 4 0
S 4 23 True
M 4 0 True
Time remaining is: 113s
You played : S 2 3 M 2 4
S 2 3 True
M 2 4 True
Player 1 played : S 4 0 M 2 0
S 4 0 True
M 2 0 True
Time remaining is: 112s
You played : S 3 17 M 5 29
S 3 17 True
M 5 29 True
Player 1 played : S 3 16 M 3 0
S 3 16 True
M 3 0 True
Time remaining is: 111s
You played : S 2 6 M 3 9
S 2 6 True
M 3 9 True
Player 1 played : S 3 0 M 4 1
S 3 0 True
M 4 1 True
Time remaining is: 110s
You played : S 3 9 M 4 12
S 3 9 True
M 4 12 True
Player 1 played : S 1 4 M 3 7
S 1 4 True
M 3 7 True
Time remaining is: 108s
You played : S 2 7 M 3 4
S 2 7 True
M 3 4 True
Player 1 played : S 4 18 M 3 8
S 4 18 True
M 3 8 True
Time remaining is: 107s
You played : S 2 4 M 3 10
S 2 4 True
M 3 10 True
Player 1 played : S 3 8 M 2 8
S 3 8 True
M 2 8 True
Time remaining is: 106s
You played : S 3 10 M 3 5
S 3 10 True
M 3 5 True
Player 1 played : S 2 8 M 4 10
S 2 8 True
M 4 10 True
Time remaining is: 105s
You played : S 3 5 M 4 14
S 3 5 True
M 4 14 True
Player 1 played : S 3 7 M 4 13
S 3 7 True
M 4 13 True
Time remaining is: 104s
You played : S 1 1 M 4 11
S 1 1 True
M 4 11 True
Player 1 played : S 2 0 M 1 0
S 2 0 True
M 1 0 True
Time remaining is: 103s
You played : S 4 11 M 3 11 RS 3 10 RE 3 5 X 3 11
S 4 11 True
M 3 11 True
RS 3 10 True
RE 3 5 True
X 3 11 True
Player 1 played : S 1 0 M 2 6 RS 1 3 RE 3 0 X 2 6
S 1 0 True
M 2 6 True
RS 1 3 True
RE 3 0 True
X 2 6 True
Time remaining is: 102s
You played : S 4 12 M 2 6
S 4 12 True
M 2 6 True
Player 1 played : S 4 10 M 5 16
S 4 10 True
M 5 16 True
Time remaining is: 100s
You played : S 2 6 M 3 13
S 2 6 True
M 3 13 True
Player 1 played : S 4 13 M 1 5
S 4 13 True
M 1 5 True
Time remaining is: 97s
You played : S 4 14 M 5 14
S 4 14 True
M 5 14 True
Player 1 played : S 5 16 M 3 10
S 5 16 True
M 3 10 True
Time remaining is: 96s
You played : S 5 14 M 4 15
S 5 14 True
M 4 15 True
Player 1 played : S 3 10 M 3 11
S 3 10 True
M 3 11 True
Time remaining is: 95s
You played : S 3 13 M 3 12
S 3 13 True
M 3 12 True
Player 1 played : S 1 5 M 2 11
S 1 5 True
M 2 11 True
Time remaining is: 95s
You played : S 3 12 M 3 14
S 3 12 True
M 3 14 True
Player 1 played : S 3 11 M 4 17 RS 3 12 RE 4 11 X 4 21
S 3 11 True
M 4 17 True
RS 3 12 True
RE 4 11 True
X 4 21 True
Time remaining is: 94s
You played : S 4 15 M 1 3
S 4 15 True
M 1 3 True
Player 1 played : S 2 11 M 3 10
S 2 11 True
M 3 10 True
Time remaining is: 94s
You played : S 3 14 M 2 0
S 3 14 True
M 2 0 True
Player 1 played : S 3 10 M 2 5
S 3 10 True
M 2 5 True
Time remaining is: 90s
You played : S 1 3 M 3 9
S 1 3 True
M 3 9 True
Player 1 played : S 2 5 M 2 1
S 2 5 True
M 2 1 True
Time remaining is: 88s
You played : S 3 9 M 4 11
S 3 9 True
M 4 11 True
Player 1 played : S 2 1 M 2 9
S 2 1 True
M 2 9 True
Time remaining is: 85s
You played : S 2 0 M 3 1
S 2 0 True
M 3 1 True
Player 1 played : S 2 9 M 3 11
S 2 9 True
M 3 11 True
Time remaining is: 78s
You played : S 3 4 M 4 22
S 3 4 True
M 4 22 True
Player 1 played : S 3 11 M 4 5 RS 2 9 RE 3 7 X 4 5
S 3 11 True
M 4 5 True
RS 2 9 True
RE 3 7 True
X 4 5 True
OTHER PLAYER WINS!
Your Score : 1.013
Opponent's Score : 9.018
