***********************************

-> You are player 2
-> You are alloted a time of 120s

***********************************

Player 1 played : P 0 0
P 0 0 True
Time remaining is: 120s
You played : P 1 0
P 1 0 True
Player 1 played : P 2 11
P 2 11 True
Time remaining is: 120s
You played : P 1 1
P 1 1 True
Player 1 played : P 2 1
P 2 1 True
Time remaining is: 120s
You played : P 1 2
P 1 2 True
Player 1 played : P 2 3
P 2 3 True
Time remaining is: 120s
You played : P 1 3
P 1 3 True
Player 1 played : P 2 5
P 2 5 True
Time remaining is: 120s
You played : P 1 4
P 1 4 True
Player 1 played : S 2 11 M 3 17
S 2 11 True
M 3 17 True
Time remaining is: 120s
You played : S 1 0 M 2 0
S 1 0 True
M 2 0 True
Player 1 played : S 3 17 M 4 23
S 3 17 True
M 4 23 True
Time remaining is: 120s
You played : S 2 0 M 4 22
S 2 0 True
M 4 22 True
Player 1 played : S 4 23 M 3 1
S 4 23 True
M 3 1 True
Time remaining is: 119s
You played : S 1 2 M 2 4
S 1 2 True
M 2 4 True
Player 1 played : S 0 0 M 3 0
S 0 0 True
M 3 0 True
Time remaining is: 118s
You played : S 4 22 M 4 20
S 4 22 True
M 4 20 True
Player 1 played : S 3 0 M 4 0
S 3 0 True
M 4 0 True
Time remaining is: 116s
You played : S 2 4 M 1 5
S 2 4 True
M 1 5 True
Player 1 played : S 3 1 M 2 10
S 3 1 True
M 2 10 True
Time remaining is: 115s
You played : S 1 1 M 3 16
S 1 1 True
M 3 16 True
Player 1 played : S 2 3 M 3 7
S 2 3 True
M 3 7 True
Time remaining is: 114s
You played : S 3 16 M 5 28
S 3 16 True
M 5 28 True
Player 1 played : S 2 10 M 3 15
S 2 10 True
M 3 15 True
Time remaining is: 112s
You played : S 1 3 M 2 6
S 1 3 True
M 2 6 True
Player 1 played : S 2 1 M 5 27
S 2 1 True
M 5 27 True
Time remaining is: 110s
You played : S 1 4 M 3 14
S 1 4 True
M 3 14 True
Player 1 played : S 4 0 M 4 4
S 4 0 True
M 4 4 True
Time remaining is: 109s
You played : S 3 14 M 4 2 RS 3 1 RE 3 14 X 4 2
S 3 14 True
M 4 2 True
RS 3 1 True
RE 3 14 True
X 4 2 True
Player 1 played : S 3 7 M 3 6
S 3 7 True
M 3 6 True
Time remaining is: 108s
You played : S 1 5 M 2 11
S 1 5 True
M 2 11 True
Player 1 played : S 4 4 M 2 8
S 4 4 True
M 2 8 True
Time remaining is: 89s
You played : S 2 11 M 3 5
S 2 11 True
M 3 5 True
Player 1 played : S 3 15 M 4 21
S 3 15 True
M 4 21 True
Time remaining is: 69s
You played : S 2 6 M 2 0 RS 3 16 RE 2 3 X 4 20
S 2 6 True
M 2 0 True
RS 3 16 True
RE 2 3 True
X 4 20 True
Player 1 played : S 2 5 M 3 10
S 2 5 True
M 3 10 True
Time remaining is: 61s
You played : S 3 5 M 2 3
S 3 5 True
M 2 3 True
Player 1 played : S 3 10 M 2 11
S 3 10 True
M 2 11 True
Time remaining is: 52s
You played : S 2 3 M 4 10
S 2 3 True
M 4 10 True
Player 1 played : S 2 11 M 4 7
S 2 11 True
M 4 7 True
Time remaining is: 50s
You played : S 2 0 M 2 10
S 2 0 True
M 2 10 True
Player 1 played : S 2 8 M 1 1
S 2 8 True
M 1 1 True
Time remaining is: 48s
You played : S 5 28 M 3 1
S 5 28 True
M 3 1 True
Player 1 played : S 4 21 M 5 1
S 4 21 True
M 5 1 True
Time remaining is: 45s
You played : S 4 10 M 2 7
S 4 10 True
M 2 7 True
Player 1 played : S 5 27 M 5 29
S 5 27 True
M 5 29 True
Time remaining is: 39s
You played : S 2 7 M 3 4
S 2 7 True
M 3 4 True
Player 1 played : S 1 1 M 3 8
S 1 1 True
M 3 8 True
Time remaining is: 34s
You played : S 3 4 M 2 2
S 3 4 True
M 2 2 True
Player 1 played : S 4 7 M 1 0
S 4 7 True
M 1 0 True
Time remaining is: 29s
You played : S 2 10 M 3 16
S 2 10 True
M 3 16 True
Player 1 played : S 5 29 M 4 1
S 5 29 True
M 4 1 True
Time remaining is: 25s
You played : S 3 1 M 4 2
S 3 1 True
M 4 2 True
Player 1 played : S 3 8 M 4 11
S 3 8 True
M 4 11 True
Time remaining is: 22s
You played : S 4 2 M 5 3 RS 4 2 RE 2 10 X 2 2
S 4 2 True
M 5 3 True
RS 4 2 True
RE 2 10 True
X 2 2 True
YOU WIN!
Your Score : 10.011
Opponent's Score : 0.02
