### S 2 11 M 3 17  153 at depth 2 with time left 119.999
### S 3 17 M 4 23  222 at depth 2 with time left 119.252
### S 4 23 M 3 1  381.5 at depth 2 with time left 118.55
### S 0 0 M 3 0  345 at depth 2 with time left 117.668
### S 3 0 M 4 0  529 at depth 2 with time left 116.956
### S 3 1 M 2 10  460 at depth 2 with time left 116.312
### S 2 3 M 3 7  376.5 at depth 2 with time left 115.46
### S 2 10 M 3 15  251.5 at depth 2 with time left 114.393
### S 2 1 M 5 27  -44 at depth 2 with time left 113.538
### S 4 0 M 4 4  -9066 at depth 2 with time left 112.032
### S 3 7 M 3 6  -9455.5 at depth 2 with time left 111.203
### S 4 4 M 2 8  -9266 at depth 2 with time left 110.364
### S 3 15 M 4 21  -9361.5 at depth 2 with time left 109.501
### S 2 5 M 3 10  -19021 at depth 2 with time left 108.807
### S 3 10 M 2 11  -18789 at depth 2 with time left 108.435
### S 2 11 M 4 7  -18680.5 at depth 2 with time left 107.724
### S 2 8 M 1 1  -18577.5 at depth 2 with time left 107.351
### S 4 21 M 5 1  -9879 at depth 2 with time left 106.98
### S 5 27 M 5 29  -18680.5 at depth 2 with time left 106.587
### S 1 1 M 3 8  -19763 at depth 2 with time left 106.318
### S 4 7 M 1 0  -19406 at depth 2 with time left 106.12
### S 5 29 M 4 1  -19417.5 at depth 2 with time left 105.935
### S 3 8 M 4 11  -999900 at depth 2 with time left 104.978
***********************************

-> You are player 1
-> You are alloted a time of 120s

***********************************

Time remaining is: 120s
You played : P 0 0
P 0 0 True
Player 2 played : P 1 0
P 1 0 True
Time remaining is: 120s
You played : P 2 11
P 2 11 True
Player 2 played : P 1 1
P 1 1 True
Time remaining is: 120s
You played : P 2 1
P 2 1 True
Player 2 played : P 1 2
P 1 2 True
Time remaining is: 120s
You played : P 2 3
P 2 3 True
Player 2 played : P 1 3
P 1 3 True
Time remaining is: 120s
You played : P 2 5
P 2 5 True
Player 2 played : P 1 4
P 1 4 True
Time remaining is: 120s
You played : S 2 11 M 3 17
S 2 11 True
M 3 17 True
Player 2 played : S 1 0 M 2 0
S 1 0 True
M 2 0 True
Time remaining is: 120s
You played : S 3 17 M 4 23
S 3 17 True
M 4 23 True
Player 2 played : S 2 0 M 4 22
S 2 0 True
M 4 22 True
Time remaining is: 119s
You played : S 4 23 M 3 1
S 4 23 True
M 3 1 True
Player 2 played : S 1 2 M 2 4
S 1 2 True
M 2 4 True
Time remaining is: 118s
You played : S 0 0 M 3 0
S 0 0 True
M 3 0 True
Player 2 played : S 4 22 M 4 20
S 4 22 True
M 4 20 True
Time remaining is: 117s
You played : S 3 0 M 4 0
S 3 0 True
M 4 0 True
Player 2 played : S 2 4 M 1 5
S 2 4 True
M 1 5 True
Time remaining is: 117s
You played : S 3 1 M 2 10
S 3 1 True
M 2 10 True
Player 2 played : S 1 1 M 3 16
S 1 1 True
M 3 16 True
Time remaining is: 116s
You played : S 2 3 M 3 7
S 2 3 True
M 3 7 True
Player 2 played : S 3 16 M 5 28
S 3 16 True
M 5 28 True
Time remaining is: 115s
You played : S 2 10 M 3 15
S 2 10 True
M 3 15 True
Player 2 played : S 1 3 M 2 6
S 1 3 True
M 2 6 True
Time remaining is: 114s
You played : S 2 1 M 5 27
S 2 1 True
M 5 27 True
Player 2 played : S 1 4 M 3 14
S 1 4 True
M 3 14 True
Time remaining is: 112s
You played : S 4 0 M 4 4
S 4 0 True
M 4 4 True
Player 2 played : S 3 14 M 4 2 RS 3 1 RE 3 14 X 4 2
S 3 14 True
M 4 2 True
RS 3 1 True
RE 3 14 True
X 4 2 True
Time remaining is: 112s
You played : S 3 7 M 3 6
S 3 7 True
M 3 6 True
Player 2 played : S 1 5 M 2 11
S 1 5 True
M 2 11 True
Time remaining is: 111s
You played : S 4 4 M 2 8
S 4 4 True
M 2 8 True
Player 2 played : S 2 11 M 3 5
S 2 11 True
M 3 5 True
Time remaining is: 110s
You played : S 3 15 M 4 21
S 3 15 True
M 4 21 True
Player 2 played : S 2 6 M 2 0 RS 3 16 RE 2 3 X 4 20
S 2 6 True
M 2 0 True
RS 3 16 True
RE 2 3 True
X 4 20 True
Time remaining is: 109s
You played : S 2 5 M 3 10
S 2 5 True
M 3 10 True
Player 2 played : S 3 5 M 2 3
S 3 5 True
M 2 3 True
Time remaining is: 109s
You played : S 3 10 M 2 11
S 3 10 True
M 2 11 True
Player 2 played : S 2 3 M 4 10
S 2 3 True
M 4 10 True
Time remaining is: 108s
You played : S 2 11 M 4 7
S 2 11 True
M 4 7 True
Player 2 played : S 2 0 M 2 10
S 2 0 True
M 2 10 True
Time remaining is: 108s
You played : S 2 8 M 1 1
S 2 8 True
M 1 1 True
Player 2 played : S 5 28 M 3 1
S 5 28 True
M 3 1 True
Time remaining is: 107s
You played : S 4 21 M 5 1
S 4 21 True
M 5 1 True
Player 2 played : S 4 10 M 2 7
S 4 10 True
M 2 7 True
Time remaining is: 107s
You played : S 5 27 M 5 29
S 5 27 True
M 5 29 True
Player 2 played : S 2 7 M 3 4
S 2 7 True
M 3 4 True
Time remaining is: 106s
You played : S 1 1 M 3 8
S 1 1 True
M 3 8 True
Player 2 played : S 3 4 M 2 2
S 3 4 True
M 2 2 True
Time remaining is: 106s
You played : S 4 7 M 1 0
S 4 7 True
M 1 0 True
Player 2 played : S 2 10 M 3 16
S 2 10 True
M 3 16 True
Time remaining is: 106s
You played : S 5 29 M 4 1
S 5 29 True
M 4 1 True
Player 2 played : S 3 1 M 4 2
S 3 1 True
M 4 2 True
Time remaining is: 105s
You played : S 3 8 M 4 11
S 3 8 True
M 4 11 True
Player 2 played : S 4 2 M 5 3 RS 4 2 RE 2 10 X 2 2
S 4 2 True
M 5 3 True
RS 4 2 True
RE 2 10 True
X 2 2 True
OTHER PLAYER WINS!
Your Score : 0.02
Opponent's Score : 10.011
