120
***********************************

-> You are player 2
-> You are alloted a time of 120s

***********************************

Player 1 played : P 0 0
P 0 0 True
Time remaining is: 120s
You played : P 5 21
P 5 21 True
Player 1 played : P 1 0
P 1 0 True
Time remaining is: 120s
You played : P 4 16
P 4 16 True
Player 1 played : P 1 1
P 1 1 True
Time remaining is: 120s
You played : P 2 11
P 2 11 True
Player 1 played : P 1 2
P 1 2 True
Time remaining is: 120s
You played : P 2 3
P 2 3 True
Player 1 played : P 5 9
P 5 9 True
Time remaining is: 120s
You played : P 4 20
P 4 20 True
Player 1 played : S 1 1 M 3 3
S 1 1 True
M 3 3 True
Time remaining is: 120s
You played : S 5 21 M 5 22
S 5 21 True
M 5 22 True
Player 1 played : S 3 3 M 2 2
S 3 3 True
M 2 2 True
Time remaining is: 120s
You played : S 5 22 M 5 23
S 5 22 True
M 5 23 True
Player 1 played : S 0 0 M 2 8
S 0 0 True
M 2 8 True
Time remaining is: 120s
You played : S 5 23 M 5 24
S 5 23 True
M 5 24 True
Player 1 played : S 2 8 M 1 4
S 2 8 True
M 1 4 True
Time remaining is: 119s
You played : S 4 20 M 4 22
S 4 20 True
M 4 22 True
Player 1 played : S 5 9 M 4 7
S 5 9 True
M 4 7 True
Time remaining is: 118s
You played : S 5 24 M 2 9
S 5 24 True
M 2 9 True
Player 1 played : S 4 7 M 4 4
S 4 7 True
M 4 4 True
Time remaining is: 118s
You played : S 4 16 M 4 18
S 4 16 True
M 4 18 True
Player 1 played : S 4 4 M 4 5
S 4 4 True
M 4 5 True
Time remaining is: 112s
You played : S 4 18 M 3 13
S 4 18 True
M 3 13 True
Player 1 played : S 2 2 M 5 2 RS 0 0 RE 4 4 X 1 2
S 2 2 True
M 5 2 True
RS 0 0 True
RE 4 4 True
X 1 2 True
Time remaining is: 111s
You played : S 3 13 M 4 17
S 3 13 True
M 4 17 True
Player 1 played : S 5 2 M 3 15
S 5 2 True
M 3 15 True
Time remaining is: 111s
You played : S 2 9 M 4 19
S 2 9 True
M 4 19 True
Player 1 played : S 1 4 M 3 14
S 1 4 True
M 3 14 True
Time remaining is: 107s
You played : S 4 17 M 3 12
S 4 17 True
M 3 12 True
Player 1 played : S 1 0 M 0 0
S 1 0 True
M 0 0 True
Time remaining is: 104s
You played : S 4 22 M 3 11
S 4 22 True
M 3 11 True
Player 1 played : S 0 0 M 1 5
S 0 0 True
M 1 5 True
Time remaining is: 100s
You played : S 3 11 M 2 7
S 3 11 True
M 2 7 True
Player 1 played : S 3 14 M 1 3
S 3 14 True
M 1 3 True
Time remaining is: 99s
You played : S 3 12 M 4 15
S 3 12 True
M 4 15 True
Player 1 played : S 1 3 M 2 5
S 1 3 True
M 2 5 True
Time remaining is: 98s
You played : S 2 7 M 3 10 RS 5 23 RE 2 7 X 4 19
S 2 7 True
M 3 10 True
RS 5 23 True
RE 2 7 True
X 4 19 True
Player 1 played : S 1 5 M 2 7
S 1 5 True
M 2 7 True
Time remaining is: 95s
You played : S 2 11 M 4 18
S 2 11 True
M 4 18 True
Player 1 played : S 3 15 M 3 13
S 3 15 True
M 3 13 True
Time remaining is: 94s
You played : S 4 18 M 2 10
S 4 18 True
M 2 10 True
Player 1 played : S 3 13 M 5 23
S 3 13 True
M 5 23 True
Time remaining is: 92s
You played : S 3 10 M 2 6 RS 5 22 RE 3 10 X 4 15
S 3 10 True
M 2 6 True
RS 5 22 True
RE 3 10 True
X 4 15 True
Player 1 played : S 2 7 M 2 8
S 2 7 True
M 2 8 True
Time remaining is: 90s
You played : S 2 3 M 3 2
S 2 3 True
M 3 2 True
Player 1 played : S 5 23 M 5 22
S 5 23 True
M 5 22 True
Time remaining is: 90s
You played : S 3 2 M 4 17
S 3 2 True
M 4 17 True
Player 1 played : S 2 5 M 4 19
S 2 5 True
M 4 19 True
Time remaining is: 89s
You played : S 2 10 M 3 16
S 2 10 True
M 3 16 True
Player 1 played : S 4 19 M 5 26
S 4 19 True
M 5 26 True
Time remaining is: 89s
You played : S 2 6 M 2 4
S 2 6 True
M 2 4 True
Player 1 played : S 5 26 M 5 29
S 5 26 True
M 5 29 True
Time remaining is: 88s
You played : S 3 16 M 3 17
S 3 16 True
M 3 17 True
Player 1 played : S 4 5 M 4 6
S 4 5 True
M 4 6 True
Time remaining is: 88s
You played : S 3 17 M 4 23
S 3 17 True
M 4 23 True
Player 1 played : S 4 6 M 5 27
S 4 6 True
M 5 27 True
Time remaining is: 87s
You played : S 2 4 M 1 2
S 2 4 True
M 1 2 True
Player 1 played : S 5 29 M 4 0
S 5 29 True
M 4 0 True
Time remaining is: 87s
You played : S 1 2 M 1 1
S 1 2 True
M 1 1 True
Player 1 played : S 4 0 M 3 9
S 4 0 True
M 3 9 True
Time remaining is: 87s
You played : RS 2 10 RE 2 4 X 4 23
RS 2 10 True
RE 2 4 True
X 4 23 True
YOU WIN!
Your Score : 9.01
Opponent's Score : 1.021
