***********************************

-> You are player 2
-> You are alloted a time of 120s

***********************************

Player 1 played : P 0 0
P 0 0 True
Time remaining is: 120s
You played : P 1 0
P 1 0 True
Player 1 played : P 2 2
P 2 2 True
Time remaining is: 120s
You played : P 1 1
P 1 1 True
Player 1 played : P 3 3
P 3 3 True
Time remaining is: 120s
You played : P 1 2
P 1 2 True
Player 1 played : P 4 15
P 4 15 True
Time remaining is: 120s
You played : P 1 3
P 1 3 True
Player 1 played : P 2 10
P 2 10 True
Time remaining is: 120s
You played : P 1 4
P 1 4 True
Player 1 played : S 2 10 M 3 14
S 2 10 True
M 3 14 True
Time remaining is: 120s
You played : S 1 0 M 2 9
S 1 0 True
M 2 9 True
Player 1 played : S 0 0 M 2 0
S 0 0 True
M 2 0 True
Time remaining is: 120s
You played : S 1 2 M 1 5
S 1 2 True
M 1 5 True
Player 1 played : S 2 0 M 3 0
S 2 0 True
M 3 0 True
Time remaining is: 118s
You played : S 2 9 M 3 16
S 2 9 True
M 3 16 True
Player 1 played : S 3 14 M 2 11
S 3 14 True
M 2 11 True
Time remaining is: 117s
You played : S 3 16 M 2 8
S 3 16 True
M 2 8 True
Player 1 played : S 3 0 M 4 0
S 3 0 True
M 4 0 True
Time remaining is: 117s
You played : S 1 5 M 2 1
S 1 5 True
M 2 1 True
Player 1 played : S 2 11 M 4 21
S 2 11 True
M 4 21 True
Time remaining is: 116s
You played : S 2 1 M 3 17
S 2 1 True
M 3 17 True
Player 1 played : S 4 21 M 5 26
S 4 21 True
M 5 26 True
Time remaining is: 115s
You played : S 3 17 M 3 15
S 3 17 True
M 3 15 True
Player 1 played : S 2 2 M 2 4
S 2 2 True
M 2 4 True
Time remaining is: 113s
You played : S 1 4 M 4 19
S 1 4 True
M 4 19 True
Player 1 played : S 4 15 M 3 13
S 4 15 True
M 3 13 True
Time remaining is: 111s
You played : S 3 15 M 5 27 RS 3 15 RE 1 2 X 2 8
S 3 15 True
M 5 27 True
RS 3 15 True
RE 1 2 True
X 2 8 True
Player 1 played : S 3 13 M 3 15
S 3 13 True
M 3 15 True
Time remaining is: 110s
You played : S 1 3 M 0 0
S 1 3 True
M 0 0 True
Player 1 played : S 3 3 M 4 4
S 3 3 True
M 4 4 True
Time remaining is: 109s
You played : S 4 19 M 4 18
S 4 19 True
M 4 18 True
Player 1 played : S 4 0 M 4 20
S 4 0 True
M 4 20 True
Time remaining is: 103s
You played : S 4 18 M 2 10 RS 4 19 RE 1 3 X 5 27
S 4 18 True
M 2 10 True
RS 4 19 True
RE 1 3 True
X 5 27 True
Player 1 played : S 3 15 M 4 1
S 3 15 True
M 4 1 True
Time remaining is: 90s
You played : S 0 0 M 1 5
S 0 0 True
M 1 5 True
Player 1 played : S 4 20 M 4 19
S 4 20 True
M 4 19 True
Time remaining is: 80s
You played : S 1 5 M 4 23
S 1 5 True
M 4 23 True
Player 1 played : S 4 19 M 5 23
S 4 19 True
M 5 23 True
Time remaining is: 74s
You played : S 4 23 M 5 1 RS 4 0 RE 0 0 X 5 1
S 4 23 True
M 5 1 True
RS 4 0 True
RE 0 0 True
X 5 1 True
YOU WIN!
Your Score : 10.006
Opponent's Score : 0.009
