1 5 120 5
SachchaKhiladi, by Sachin Kr Chauhan (2018CSZ8012)

Hex numbers -> 
                                       
                5     5                
             5     4     5             
          5     4     4     5          
       5     4     3     4     5       
          4     3     3     4          
       4     3     2     3     4       
    5     3     2     2     3     5    
       4     2     1     2     4       
    5     3     1     1     3     5    
       4     2     0     2     4       
    5     3     1     1     3     5    
       4     2     1     2     4       
    5     3     2     2     3     5    
       4     3     2     3     4       
          4     3     3     4          
       5     4     3     4     5       
          5     4     4     5          
             5     4     5             
                5     5                
                                       
Pos numbers -> 
                                       
                29     1               
             28     0     2            
          27    23     1     3         
       26    22     0     2     4      
          21    17     1     3         
       20    16     0     2     4      
    24    15    11     1     3     6   
       19    10     0     2     5      
    23    14     5     1     4     7   
       18     9     0     3     6      
    22    13     4     2     5     8   
       17     8     3     4     7      
    21    12     7     5     6     9   
       16    11     6     7     8      
          15    10     8     9         
       19    14     9    10    11      
          18    13    11    12         
             17    12    13            
                16    14               
                                       
+ mov = P 0 0 
SELF : Placed Ring @ (10,6)
SELF[1] 1 vs 0
.....___.....
..../   \....
.../     \...
../       \..
./         \.
/.         .\
|           |
|           |
|           |
|           |
|     A     |
|           |
|           |
|           |
|           |
\.         ./
.\         /.
..\       /..
...\     /...
....\   /....
.....---.....

OTH : Placed Ring @ (8,6)
OTH[2] 1 vs 1
.....___.....
..../   \....
.../     \...
../       \..
./         \.
/.         .\
|           |
|           |
|     a     |
|           |
|     A     |
|           |
|           |
|           |
|           |
\.         ./
.\         /.
..\       /..
...\     /...
....\   /....
.....---.....

+ mov = P 2 2 
SELF : Placed Ring @ (8,8)
SELF[3] 2 vs 1
.....___.....
..../   \....
.../     \...
../       \..
./         \.
/.         .\
|           |
|           |
|     a B   |
|           |
|     A     |
|           |
|           |
|           |
|           |
\.         ./
.\         /.
..\       /..
...\     /...
....\   /....
.....---.....

OTH : Placed Ring @ (9,7)
OTH[4] 2 vs 2
.....___.....
..../   \....
.../     \...
../       \..
./         \.
/.         .\
|           |
|           |
|     a B   |
|      b    |
|     A     |
|           |
|           |
|           |
|           |
\.         ./
.\         /.
..\       /..
...\     /...
....\   /....
.....---.....

+ mov = P 3 3 
SELF : Placed Ring @ (7,9)
SELF[5] 3 vs 2
.....___.....
..../   \....
.../     \...
../       \..
./         \.
/.         .\
|           |
|        C  |
|     a B   |
|      b    |
|     A     |
|           |
|           |
|           |
|           |
\.         ./
.\         /.
..\       /..
...\     /...
....\   /....
.....---.....

OTH : Placed Ring @ (11,7)
OTH[6] 3 vs 3
.....___.....
..../   \....
.../     \...
../       \..
./         \.
/.         .\
|           |
|        C  |
|     a B   |
|      b    |
|     A     |
|      c    |
|           |
|           |
|           |
\.         ./
.\         /.
..\       /..
...\     /...
....\   /....
.....---.....

+ mov = P 4 15 
SELF : Placed Ring @ (15,3)
SELF[7] 4 vs 3
.....___.....
..../   \....
.../     \...
../       \..
./         \.
/.         .\
|           |
|        C  |
|     a B   |
|      b    |
|     A     |
|      c    |
|           |
|           |
|           |
\. D       ./
.\         /.
..\       /..
...\     /...
....\   /....
.....---.....

OTH : Placed Ring @ (12,6)
OTH[8] 4 vs 4
.....___.....
..../   \....
.../     \...
../       \..
./         \.
/.         .\
|           |
|        C  |
|     a B   |
|      b    |
|     A     |
|      c    |
|     d     |
|           |
|           |
\. D       ./
.\         /.
..\       /..
...\     /...
....\   /....
.....---.....

+ mov = P 2 10 
SELF : Placed Ring @ (8,4)
SELF[9] 5 vs 4
.....___.....
..../   \....
.../     \...
../       \..
./         \.
/.         .\
|           |
|        C  |
|   E a B   |
|      b    |
|     A     |
|      c    |
|     d     |
|           |
|           |
\. D       ./
.\         /.
..\       /..
...\     /...
....\   /....
.....---.....

OTH : Placed Ring @ (11,5)
OTH[10] 5 vs 5
.....___.....
..../   \....
.../     \...
../       \..
./         \.
/.         .\
|           |
|        C  |
|   E a B   |
|      b    |
|     A     |
|    e c    |
|     d     |
|           |
|           |
\. D       ./
.\         /.
..\       /..
...\     /...
....\   /....
.....---.....

Sort ring -> 0(0), 1(0), 2(0), 3(0), 4(0), 
SM RL
+ mov = S 2 10 M 3 14 
SELF : Select Ring 4E @ (8,4)
SELF : Move Ring 4E @ (9,3)
Toggle dd= @ (1,-1) From @ (8,4) To @ (9,3)
SELF[11] 5 vs 5
.....___.....
..../   \....
.../     \...
../       \..
./         \.
/.         .\
|           |
|        C  |
|   O a B   |
|  E   b    |
|     A     |
|    e c    |
|     d     |
|           |
|           |
\. D       ./
.\         /.
..\       /..
...\     /...
....\   /....
.....---.....

OTH : Select Ring 0a @ (8,6)
OTH : Move Ring 0a @ (10,4)
Toggle dd= @ (1,-1) From @ (8,6) To @ (10,4)
TGL @ loc=(9,5),  -> 
OTH[12] 5 vs 5
.....___.....
..../   \....
.../     \...
../       \..
./         \.
/.         .\
|           |
|        C  |
|   O x B   |
|  E   b    |
|   a A     |
|    e c    |
|     d     |
|           |
|           |
\. D       ./
.\         /.
..\       /..
...\     /...
....\   /....
.....---.....

Sort ring -> 4(1), 1(0), 2(0), 3(0), 0(0), 
SM GD 4
+ mov = S 0 0 M 2 0 
SELF : Select Ring 0A @ (10,6)
SELF : Move Ring 0A @ (6,6)
Toggle dd= @ (-2,0) From @ (10,6) To @ (6,6)
TGL @ loc=(8,6), x->O
SELF[13] 5 vs 5
.....___.....
..../   \....
.../     \...
../       \..
./         \.
/.         .\
|     A     |
|        C  |
|   O O B   |
|  E   b    |
|   a O     |
|    e c    |
|     d     |
|           |
|           |
\. D       ./
.\         /.
..\       /..
...\     /...
....\   /....
.....---.....

OTH : Select Ring 2c @ (11,7)
OTH : Move Ring 2c @ (9,5)
Toggle dd= @ (-1,-1) From @ (11,7) To @ (9,5)
TGL @ loc=(10,6), O->x
OTH[14] 5 vs 5
.....___.....
..../   \....
.../     \...
../       \..
./         \.
/.         .\
|     A     |
|        C  |
|   O O B   |
|  E c b    |
|   a x     |
|    e x    |
|     d     |
|           |
|           |
\. D       ./
.\         /.
..\       /..
...\     /...
....\   /....
.....---.....

Sort ring -> 0(1), 4(1), 2(0), 3(0), 1(0), 
SM BP
+ mov = S 2 0 M 3 0 
SELF : Select Ring 0A @ (6,6)
SELF : Move Ring 0A @ (4,6)
Toggle dd= @ (-2,0) From @ (6,6) To @ (4,6)
SELF[15] 5 vs 5
.....___.....
..../   \....
.../     \...
../       \..
./    A    \.
/.         .\
|     O     |
|        C  |
|   O O B   |
|  E c b    |
|   a x     |
|    e x    |
|     d     |
|           |
|           |
\. D       ./
.\         /.
..\       /..
...\     /...
....\   /....
.....---.....

OTH : Select Ring 0a @ (10,4)
OTH : Move Ring 0a @ (6,4)
Toggle dd= @ (-2,0) From @ (10,4) To @ (6,4)
TGL @ loc=(8,4), O->x
OTH[16] 5 vs 5
.....___.....
..../   \....
.../     \...
../       \..
./    A    \.
/.         .\
|   a O     |
|        C  |
|   x O B   |
|  E c b    |
|   x x     |
|    e x    |
|     d     |
|           |
|           |
\. D       ./
.\         /.
..\       /..
...\     /...
....\   /....
.....---.....

Sort ring -> 0(2), 1(0), 2(0), 3(0), 4(0), 
SM GD 4
+ mov = S 3 14 M 2 11 
SELF : Select Ring 4E @ (9,3)
SELF : Move Ring 4E @ (7,5)
Toggle dd= @ (-1,1) From @ (9,3) To @ (7,5)
TGL @ loc=(8,4), x->O
SELF[17] 5 vs 5
.....___.....
..../   \....
.../     \...
../       \..
./    A    \.
/.         .\
|   a O     |
|    E   C  |
|   O O B   |
|  O c b    |
|   x x     |
|    e x    |
|     d     |
|           |
|           |
\. D       ./
.\         /.
..\       /..
...\     /...
....\   /....
.....---.....

OTH : Select Ring 0a @ (6,4)
OTH : Move Ring 0a @ (12,4)
Toggle dd= @ (2,0) From @ (6,4) To @ (12,4)
TGL @ loc=(8,4), O->x
TGL @ loc=(10,4), x->O
OTH[18] 5 vs 5
.....___.....
..../   \....
.../     \...
../       \..
./    A    \.
/.         .\
|   x O     |
|    E   C  |
|   x O B   |
|  O c b    |
|   O x     |
|    e x    |
|   a d     |
|           |
|           |
\. D       ./
.\         /.
..\       /..
...\     /...
....\   /....
.....---.....

Sort ring -> 0(2), 4(1), 2(0), 3(0), 1(0), 
SM BP
+ mov = S 3 0 M 4 0 
SELF : Select Ring 0A @ (4,6)
SELF : Move Ring 0A @ (2,6)
Toggle dd= @ (-2,0) From @ (4,6) To @ (2,6)
SELF[19] 5 vs 5
.....___.....
..../   \....
.../  A  \...
../       \..
./    O    \.
/.         .\
|   x O     |
|    E   C  |
|   x O B   |
|  O c b    |
|   O x     |
|    e x    |
|   a d     |
|           |
|           |
\. D       ./
.\         /.
..\       /..
...\     /...
....\   /....
.....---.....

OTH : Select Ring 2c @ (9,5)
OTH : Move Ring 2c @ (7,7)
Toggle dd= @ (-1,1) From @ (9,5) To @ (7,7)
TGL @ loc=(8,6), O->x
OTH[20] 5 vs 5
.....___.....
..../   \....
.../  A  \...
../       \..
./    O    \.
/.         .\
|   x O     |
|    E c C  |
|   x x B   |
|  O x b    |
|   O x     |
|    e x    |
|   a d     |
|           |
|           |
\. D       ./
.\         /.
..\       /..
...\     /...
....\   /....
.....---.....

Sort ring -> 0(2), 4(1), 2(0), 3(0), 1(0), 
SM GD 5
+ mov = S 2 11 M 4 21 
SELF : Select Ring 4E @ (7,5)
SELF : Move Ring 4E @ (5,3)
Toggle dd= @ (-1,-1) From @ (7,5) To @ (5,3)
TGL @ loc=(6,4), x->O
SELF[21] 5 vs 5
.....___.....
..../   \....
.../  A  \...
../       \..
./    O    \.
/. E       .\
|   O O     |
|    O c C  |
|   x x B   |
|  O x b    |
|   O x     |
|    e x    |
|   a d     |
|           |
|           |
\. D       ./
.\         /.
..\       /..
...\     /...
....\   /....
.....---.....

OTH : Select Ring 2c @ (7,7)
OTH : Move Ring 2c @ (5,5)
Toggle dd= @ (-1,-1) From @ (7,7) To @ (5,5)
TGL @ loc=(6,6), O->x
OTH[22] 5 vs 5
.....___.....
..../   \....
.../  A  \...
../       \..
./    O    \.
/. E c     .\
|   O x     |
|    O x C  |
|   x x B   |
|  O x b    |
|   O x     |
|    e x    |
|   a d     |
|           |
|           |
\. D       ./
.\         /.
..\       /..
...\     /...
....\   /....
.....---.....

Sort ring -> 4(2), 0(1), 2(0), 3(0), 1(0), 
SM BP
+ mov = S 4 21 M 5 26 
SELF : Select Ring 4E @ (5,3)
SELF : Move Ring 4E @ (4,2)
Toggle dd= @ (-1,-1) From @ (5,3) To @ (4,2)
SELF[23] 5 vs 5
.....___.....
..../   \....
.../  A  \...
../       \..
./E   O    \.
/. O c     .\
|   O x     |
|    O x C  |
|   x x B   |
|  O x b    |
|   O x     |
|    e x    |
|   a d     |
|           |
|           |
\. D       ./
.\         /.
..\       /..
...\     /...
....\   /....
.....---.....

OTH : Select Ring 2c @ (5,5)
OTH : Move Ring 2c @ (7,3)
Toggle dd= @ (1,-1) From @ (5,5) To @ (7,3)
TGL @ loc=(6,4), O->x
OTH[24] 5 vs 5
.....___.....
..../   \....
.../  A  \...
../       \..
./E   O    \.
/. O x     .\
|   x x     |
|  c O x C  |
|   x x B   |
|  O x b    |
|   O x     |
|    e x    |
|   a d     |
|           |
|           |
\. D       ./
.\         /.
..\       /..
...\     /...
....\   /....
.....---.....

Sort ring -> 0(1), 4(1), 2(0), 3(0), 1(0), 
OTH : Found 4 markers @ (12,8)
Found a candidate ring to help out 1B
+ mov = S 2 2 M 2 4 
SELF : Select Ring 1B @ (8,8)
SELF : Move Ring 1B @ (12,8)
Toggle dd= @ (2,0) From @ (8,8) To @ (12,8)
TGL @ loc=(10,8),  -> 
SELF[25] 5 vs 5
.....___.....
..../   \....
.../  A  \...
../       \..
./E   O    \.
/. O x     .\
|   x x     |
|  c O x C  |
|   x x O   |
|  O x b    |
|   O x     |
|    e x    |
|   a d B   |
|           |
|           |
\. D       ./
.\         /.
..\       /..
...\     /...
....\   /....
.....---.....

OTH : Select Ring 4e @ (11,5)
OTH : Move Ring 4e @ (8,2)
Toggle dd= @ (-1,-1) From @ (11,5) To @ (8,2)
TGL @ loc=(10,4), O->x
TGL @ loc=(9,3), O->x
OTH[26] 5 vs 5
.....___.....
..../   \....
.../  A  \...
../       \..
./E   O    \.
/. O x     .\
|   x x     |
|  c O x C  |
| e x x O   |
|  x x b    |
|   x x     |
|    x x    |
|   a d B   |
|           |
|           |
\. D       ./
.\         /.
..\       /..
...\     /...
....\   /....
.....---.....

Sort ring -> 0(1), 2(1), 4(1), 3(0), 1(0), 
OTH : Found 4 markers @ (12,8)
OTH : Found 4 markers @ (11,3)
Found a candidate ring to help out 3D
+ mov = S 4 15 M 3 13 
SELF : Select Ring 3D @ (15,3)
SELF : Move Ring 3D @ (11,3)
Toggle dd= @ (-2,0) From @ (15,3) To @ (11,3)
TGL @ loc=(13,3),  -> 
SELF[27] 5 vs 5
.....___.....
..../   \....
.../  A  \...
../       \..
./E   O    \.
/. O x     .\
|   x x     |
|  c O x C  |
| e x x O   |
|  x x b    |
|   x x     |
|  D x x    |
|   a d B   |
|           |
|           |
\. O       ./
.\         /.
..\       /..
...\     /...
....\   /....
.....---.....

OTH : Select Ring 2c @ (7,3)
OTH : Move Ring 2c @ (3,3)
Toggle dd= @ (-2,0) From @ (7,3) To @ (3,3)
TGL @ loc=(5,3), O->x
OTH[28] 5 vs 5
.....___.....
..../   \....
.../  A  \...
../c      \..
./E   O    \.
/. x x     .\
|   x x     |
|  x O x C  |
| e x x O   |
|  x x b    |
|   x x     |
|  D x x    |
|   a d B   |
|           |
|           |
\. O       ./
.\         /.
..\       /..
...\     /...
....\   /....
.....---.....

Removing markers from @ (7,3) to @ (11,7)
OTH[29] 5 vs 5
.....___.....
..../   \....
.../  A  \...
../c      \..
./E   O    \.
/. x x     .\
|   x x     |
|    O x C  |
| e   x O   |
|  x   b    |
|   x       |
|  D x      |
|   a d B   |
|           |
|           |
\. O       ./
.\         /.
..\       /..
...\     /...
....\   /....
.....---.....

shifting last ring to deleted place
OTH : Remove Ring  @ (12,4)
OTH[30] 4 vs 5
.....___.....
..../   \....
.../  A  \...
../c      \..
./E   O    \.
/. x x     .\
|   x x     |
|    O x C  |
| a   x O   |
|  x   b    |
|   x       |
|  D x      |
|     d B   |
|           |
|           |
\. O       ./
.\         /.
..\       /..
...\     /...
....\   /....
.....---.....

Sort ring -> 0(1), 2(1), 1(0), 3(0), 4(0), 
SM GD 4
+ mov = S 3 13 M 3 15 
SELF : Select Ring 3D @ (11,3)
SELF : Move Ring 3D @ (7,3)
Toggle dd= @ (-2,0) From @ (11,3) To @ (7,3)
TGL @ loc=(9,3), x->O
SELF[31] 5 vs 4
.....___.....
..../   \....
.../  A  \...
../c      \..
./E   O    \.
/. x x     .\
|   x x     |
|  D O x C  |
| a   x O   |
|  O   b    |
|   x       |
|  O x      |
|     d B   |
|           |
|           |
\. O       ./
.\         /.
..\       /..
...\     /...
....\   /....
.....---.....

OTH : Select Ring 3d @ (12,6)
OTH : Move Ring 3d @ (10,6)
Toggle dd= @ (-2,0) From @ (12,6) To @ (10,6)
OTH[32] 4 vs 5
.....___.....
..../   \....
.../  A  \...
../c      \..
./E   O    \.
/. x x     .\
|   x x     |
|  D O x C  |
| a   x O   |
|  O   b    |
|   x d     |
|  O x      |
|     x B   |
|           |
|           |
\. O       ./
.\         /.
..\       /..
...\     /...
....\   /....
.....---.....

Sort ring -> 3(2), 2(1), 0(1), 1(0), 4(0), 
SM BP
+ mov = S 3 3 M 4 4 
SELF : Select Ring 2C @ (7,9)
SELF : Move Ring 2C @ (6,10)
Toggle dd= @ (-1,1) From @ (7,9) To @ (6,10)
SELF[33] 5 vs 4
.....___.....
..../   \....
.../  A  \...
../c      \..
./E   O    \.
/. x x     .\
|   x x   C |
|  D O x O  |
| a   x O   |
|  O   b    |
|   x d     |
|  O x      |
|     x B   |
|           |
|           |
\. O       ./
.\         /.
..\       /..
...\     /...
....\   /....
.....---.....

OTH : Select Ring 0a @ (8,2)
OTH : Move Ring 0a @ (10,2)
Toggle dd= @ (2,0) From @ (8,2) To @ (10,2)
OTH[34] 4 vs 5
.....___.....
..../   \....
.../  A  \...
../c      \..
./E   O    \.
/. x x     .\
|   x x   C |
|  D O x O  |
| x   x O   |
|  O   b    |
| a x d     |
|  O x      |
|     x B   |
|           |
|           |
\. O       ./
.\         /.
..\       /..
...\     /...
....\   /....
.....---.....

Sort ring -> 2(2), 3(2), 0(1), 1(0), 4(0), 
SM GD 5
+ mov = S 4 0 M 4 20 
SELF : Select Ring 0A @ (2,6)
SELF : Move Ring 0A @ (6,2)
Toggle dd= @ (1,-1) From @ (2,6) To @ (6,2)
TGL @ loc=(3,5),  -> 
TGL @ loc=(4,4),  -> 
TGL @ loc=(5,3), x->O
SELF[35] 5 vs 4
.....___.....
..../   \....
.../  O  \...
../c      \..
./E   O    \.
/. O x     .\
| A x x   C |
|  D O x O  |
| x   x O   |
|  O   b    |
| a x d     |
|  O x      |
|     x B   |
|           |
|           |
\. O       ./
.\         /.
..\       /..
...\     /...
....\   /....
.....---.....

OTH : Select Ring 0a @ (10,2)
OTH : Move Ring 0a @ (8,4)
Toggle dd= @ (-1,1) From @ (10,2) To @ (8,4)
TGL @ loc=(9,3), O->x
OTH[36] 4 vs 5
.....___.....
..../   \....
.../  O  \...
../c      \..
./E   O    \.
/. O x     .\
| A x x   C |
|  D O x O  |
| x a x O   |
|  x   b    |
| x x d     |
|  O x      |
|     x B   |
|           |
|           |
\. O       ./
.\         /.
..\       /..
...\     /...
....\   /....
.....---.....

Removing markers from @ (8,2) to @ (12,6)
OTH[37] 4 vs 5
.....___.....
..../   \....
.../  O  \...
../c      \..
./E   O    \.
/. O x     .\
| A x x   C |
|  D O x O  |
|   a x O   |
|      b    |
| x   d     |
|  O        |
|       B   |
|           |
|           |
\. O       ./
.\         /.
..\       /..
...\     /...
....\   /....
.....---.....

shifting last ring to deleted place
OTH : Remove Ring  @ (3,3)
OTH[38] 3 vs 5
.....___.....
..../   \....
.../  O  \...
../       \..
./E   O    \.
/. O x     .\
| A x x   C |
|  D O x O  |
|   a x O   |
|      b    |
| x   c     |
|  O        |
|       B   |
|           |
|           |
\. O       ./
.\         /.
..\       /..
...\     /...
....\   /....
.....---.....

Sort ring -> 2(2), 0(1), 3(1), 4(1), 1(0), 
SM GD 5
+ mov = S 3 15 M 4 1 
SELF : Select Ring 3D @ (7,3)
SELF : Move Ring 3D @ (3,7)
Toggle dd= @ (-1,1) From @ (7,3) To @ (3,7)
TGL @ loc=(6,4), x->O
TGL @ loc=(5,5), x->O
TGL @ loc=(4,6), O->x
SELF[39] 5 vs 3
.....___.....
..../   \....
.../  O  \...
../    D  \..
./E   x    \.
/. O O     .\
| A O x   C |
|  O O x O  |
|   a x O   |
|      b    |
| x   c     |
|  O        |
|       B   |
|           |
|           |
\. O       ./
.\         /.
..\       /..
...\     /...
....\   /....
.....---.....

OTH : Select Ring 2c @ (10,6)
OTH : Move Ring 2c @ (9,5)
Toggle dd= @ (-1,-1) From @ (10,6) To @ (9,5)
OTH[40] 3 vs 5
.....___.....
..../   \....
.../  O  \...
../    D  \..
./E   x    \.
/. O O     .\
| A O x   C |
|  O O x O  |
|   a x O   |
|    c b    |
| x   x     |
|  O        |
|       B   |
|           |
|           |
\. O       ./
.\         /.
..\       /..
...\     /...
....\   /....
.....---.....

Sort ring -> 4(3), 2(2), 3(1), 0(1), 1(0), 
SELF : Found 3 markers @ (8,6)
SELF : Found 3 markers @ (8,2)
Found a candidate ring to help out 0A
+ mov = S 4 20 M 4 19 
SELF : Select Ring 0A @ (6,2)
SELF : Move Ring 0A @ (8,2)
Toggle dd= @ (2,0) From @ (6,2) To @ (8,2)
SELF[41] 5 vs 3
.....___.....
..../   \....
.../  O  \...
../    D  \..
./E   x    \.
/. O O     .\
| O O x   C |
|  O O x O  |
| A a x O   |
|    c b    |
| x   x     |
|  O        |
|       B   |
|           |
|           |
\. O       ./
.\         /.
..\       /..
...\     /...
....\   /....
.....---.....

OTH : Select Ring 2c @ (9,5)
OTH : Move Ring 2c @ (3,5)
Toggle dd= @ (-2,0) From @ (9,5) To @ (3,5)
TGL @ loc=(7,5), O->x
TGL @ loc=(5,5), O->x
OTH[42] 3 vs 5
.....___.....
..../   \....
.../  O  \...
../  c D  \..
./E   x    \.
/. O x     .\
| O O x   C |
|  O x x O  |
| A a x O   |
|    x b    |
| x   x     |
|  O        |
|       B   |
|           |
|           |
\. O       ./
.\         /.
..\       /..
...\     /...
....\   /....
.....---.....

Sort ring -> 0(2), 2(2), 4(2), 3(1), 1(0), 
SM BP
+ mov = S 4 19 M 5 23 
SELF : Select Ring 0A @ (8,2)
SELF : Move Ring 0A @ (9,1)
Toggle dd= @ (1,-1) From @ (8,2) To @ (9,1)
SELF[43] 5 vs 3
.....___.....
..../   \....
.../  O  \...
../  c D  \..
./E   x    \.
/. O x     .\
| O O x   C |
|  O x x O  |
| O a x O   |
|A   x b    |
| x   x     |
|  O        |
|       B   |
|           |
|           |
\. O       ./
.\         /.
..\       /..
...\     /...
....\   /....
.....---.....

***********************************

-> You are player 1
-> You are alloted a time of 120s

***********************************

Time remaining is: 120s
You played : P 0 0
P 0 0 True
Player 2 played : P 1 0
P 1 0 True
Time remaining is: 120s
You played : P 2 2
P 2 2 True
Player 2 played : P 1 1
P 1 1 True
Time remaining is: 120s
You played : P 3 3
P 3 3 True
Player 2 played : P 1 2
P 1 2 True
Time remaining is: 120s
You played : P 4 15
P 4 15 True
Player 2 played : P 1 3
P 1 3 True
Time remaining is: 120s
You played : P 2 10
P 2 10 True
Player 2 played : P 1 4
P 1 4 True
Time remaining is: 120s
You played : S 2 10 M 3 14
S 2 10 True
M 3 14 True
Player 2 played : S 1 0 M 2 9
S 1 0 True
M 2 9 True
Time remaining is: 120s
You played : S 0 0 M 2 0
S 0 0 True
M 2 0 True
Player 2 played : S 1 2 M 1 5
S 1 2 True
M 1 5 True
Time remaining is: 120s
You played : S 2 0 M 3 0
S 2 0 True
M 3 0 True
Player 2 played : S 2 9 M 3 16
S 2 9 True
M 3 16 True
Time remaining is: 120s
You played : S 3 14 M 2 11
S 3 14 True
M 2 11 True
Player 2 played : S 3 16 M 2 8
S 3 16 True
M 2 8 True
Time remaining is: 120s
You played : S 3 0 M 4 0
S 3 0 True
M 4 0 True
Player 2 played : S 1 5 M 2 1
S 1 5 True
M 2 1 True
Time remaining is: 120s
You played : S 2 11 M 4 21
S 2 11 True
M 4 21 True
Player 2 played : S 2 1 M 3 17
S 2 1 True
M 3 17 True
Time remaining is: 120s
You played : S 4 21 M 5 26
S 4 21 True
M 5 26 True
Player 2 played : S 3 17 M 3 15
S 3 17 True
M 3 15 True
Time remaining is: 119s
You played : S 2 2 M 2 4
S 2 2 True
M 2 4 True
Player 2 played : S 1 4 M 4 19
S 1 4 True
M 4 19 True
Time remaining is: 119s
You played : S 4 15 M 3 13
S 4 15 True
M 3 13 True
Player 2 played : S 3 15 M 5 27 RS 3 15 RE 1 2 X 2 8
S 3 15 True
M 5 27 True
RS 3 15 True
RE 1 2 True
X 2 8 True
Time remaining is: 119s
You played : S 3 13 M 3 15
S 3 13 True
M 3 15 True
Player 2 played : S 1 3 M 0 0
S 1 3 True
M 0 0 True
Time remaining is: 119s
You played : S 3 3 M 4 4
S 3 3 True
M 4 4 True
Player 2 played : S 4 19 M 4 18
S 4 19 True
M 4 18 True
Time remaining is: 119s
You played : S 4 0 M 4 20
S 4 0 True
M 4 20 True
Player 2 played : S 4 18 M 2 10 RS 4 19 RE 1 3 X 5 27
S 4 18 True
M 2 10 True
RS 4 19 True
RE 1 3 True
X 5 27 True
Time remaining is: 119s
You played : S 3 15 M 4 1
S 3 15 True
M 4 1 True
Player 2 played : S 0 0 M 1 5
S 0 0 True
M 1 5 True
Time remaining is: 119s
You played : S 4 20 M 4 19
S 4 20 True
M 4 19 True
Player 2 played : S 1 5 M 4 23
S 1 5 True
M 4 23 True
Time remaining is: 119s
You played : S 4 19 M 5 23
S 4 19 True
M 5 23 True
Player 2 played : S 4 23 M 5 1 RS 4 0 RE 0 0 X 5 1
S 4 23 True
M 5 1 True
RS 4 0 True
RE 0 0 True
X 5 1 True
OTHER PLAYER WINS!
Your Score : 0.009
Opponent's Score : 10.006
