-----------------------------My Move P 5 19
  
            .     .              
         .     .     .           
      .     .     .     .        
   .     .     .     .     .     
      .     .     .     .        
   .     .     .     .     .     
.     .     .     .     .     .  
   .     .     .     .     .     
.     .     .     .     .     .  
   .     .     .     .     .     
.     .     .     .     .     .  
   .     .     .     .     .     
.     .     .     .     .     .  
   .     .     .     .     .     
      .     .     .     .        
   0     .     .     .     .     
      .     .     .     .        
         .     .     .           
            .     .              
-----------------------------Opp Move P 0 0
0:0 1:3 2:0 3:0 4:0 5:0 6:3 7:0 8:0 9:0 10:0 0:0 1:3 2:0 3:0 4:0 5:0 6:3 7:0 8:0 9:0 10:0   
            .     .              
         .     .     .           
      .     .     .     .        
   .     .     .     .     .     
      .     .     .     .        
   .     .     .     .     .     
.     .     .     .     .     .  
   .     .     .     .     .     
.     .     .     .     .     .  
   .     .     #     .     .     
.     .     .     .     .     .  
   .     .     .     .     .     
.     .     .     .     .     .  
   .     .     .     .     .     
      .     .     .     .        
   0     .     .     .     .     
      .     .     .     .        
         .     .     .           
            .     .              
-----------------------------My Move P 5 18
  
            .     .              
         .     .     .           
      .     .     .     .        
   .     .     .     .     .     
      .     .     .     .        
   .     .     .     .     .     
.     .     .     .     .     .  
   .     .     .     .     .     
.     .     .     .     .     .  
   .     .     #     .     .     
.     .     .     .     .     .  
   .     .     .     .     .     
.     .     .     .     .     .  
   .     .     .     .     .     
      .     .     .     .        
   0     .     .     .     .     
      0     .     .     .        
         .     .     .           
            .     .              
-----------------------------Opp Move P 1 4
0:0 1:5 2:1 3:0 4:0 5:0 6:5 7:1 8:0 9:0 10:0 0:0 1:5 2:1 3:0 4:0 5:0 6:5 7:1 8:0 9:0 10:0   
            .     .              
         .     .     .           
      .     .     .     .        
   .     .     .     .     .     
      .     .     .     .        
   .     .     .     .     .     
.     .     .     .     .     .  
   .     .     .     .     .     
.     .     .     .     .     .  
   .     .     #     .     .     
.     .     #     .     .     .  
   .     .     .     .     .     
.     .     .     .     .     .  
   .     .     .     .     .     
      .     .     .     .        
   0     .     .     .     .     
      0     .     .     .        
         .     .     .           
            .     .              
-----------------------------My Move P 5 17
  
            .     .              
         .     .     .           
      .     .     .     .        
   .     .     .     .     .     
      .     .     .     .        
   .     .     .     .     .     
.     .     .     .     .     .  
   .     .     .     .     .     
.     .     .     .     .     .  
   .     .     #     .     .     
.     .     #     .     .     .  
   .     .     .     .     .     
.     .     .     .     .     .  
   .     .     .     .     .     
      .     .     .     .        
   0     .     .     .     .     
      0     .     .     .        
         0     .     .           
            .     .              
-----------------------------Opp Move P 1 5
0:0 1:7 2:1 3:1 4:0 5:0 6:7 7:1 8:1 9:0 10:0 0:0 1:6 2:3 3:0 4:0 5:0 6:6 7:3 8:0 9:0 10:0   
            .     .              
         .     .     .           
      .     .     .     .        
   .     .     .     .     .     
      .     .     .     .        
   .     .     .     .     .     
.     .     .     .     .     .  
   .     .     .     .     .     
.     .     #     .     .     .  
   .     .     #     .     .     
.     .     #     .     .     .  
   .     .     .     .     .     
.     .     .     .     .     .  
   .     .     .     .     .     
      .     .     .     .        
   0     .     .     .     .     
      0     .     .     .        
         0     .     .           
            .     .              
-----------------------------My Move P 5 16
  
            .     .              
         .     .     .           
      .     .     .     .        
   .     .     .     .     .     
      .     .     .     .        
   .     .     .     .     .     
.     .     .     .     .     .  
   .     .     .     .     .     
.     .     #     .     .     .  
   .     .     #     .     .     
.     .     #     .     .     .  
   .     .     .     .     .     
.     .     .     .     .     .  
   .     .     .     .     .     
      .     .     .     .        
   0     .     .     .     .     
      0     .     .     .        
         0     .     .           
            0     .              
-----------------------------Opp Move P 2 8
0:0 1:9 2:1 3:1 4:1 5:0 6:9 7:1 8:1 9:1 10:0 0:0 1:8 2:3 3:1 4:0 5:0 6:8 7:3 8:1 9:0 10:0   
            .     .              
         .     .     .           
      .     .     .     .        
   .     .     .     .     .     
      .     .     .     .        
   .     .     .     .     .     
.     .     .     .     .     .  
   .     .     .     .     .     
.     .     #     .     .     .  
   .     .     #     .     .     
.     .     #     .     .     .  
   .     #     .     .     .     
.     .     .     .     .     .  
   .     .     .     .     .     
      .     .     .     .        
   0     .     .     .     .     
      0     .     .     .        
         0     .     .           
            0     .              
-----------------------------My Move P 5 21
  
            .     .              
         .     .     .           
      .     .     .     .        
   .     .     .     .     .     
      .     .     .     .        
   .     .     .     .     .     
.     .     .     .     .     .  
   .     .     .     .     .     
.     .     #     .     .     .  
   .     .     #     .     .     
.     .     #     .     .     .  
   .     #     .     .     .     
0     .     .     .     .     .  
   .     .     .     .     .     
      .     .     .     .        
   0     .     .     .     .     
      0     .     .     .        
         0     .     .           
            0     .              
-----------------------------Opp Move P 5 22
0:0 1:12 2:1 3:1 4:1 5:0 6:12 7:1 8:1 9:1 10:0 0:0 1:11 2:3 3:1 4:0 5:0 6:11 7:3 8:1 9:0 10:0   
            .     .              
         .     .     .           
      .     .     .     .        
   .     .     .     .     .     
      .     .     .     .        
   .     .     .     .     .     
.     .     .     .     .     .  
   .     .     .     .     .     
.     .     #     .     .     .  
   .     .     #     .     .     
#     .     #     .     .     .  
   .     #     .     .     .     
0     .     .     .     .     .  
   .     .     .     .     .     
      .     .     .     .        
   0     .     .     .     .     
      0     .     .     .        
         0     .     .           
            0     .              
-----------------------Eval=539
my ring out0
opp ring out0
-----------------------------My Move S 5 17 M 3 9
  
            .     .              
         .     .     .           
      .     .     .     .        
   .     .     .     .     .     
      .     .     .     .        
   .     .     .     .     .     
.     .     .     .     .     .  
   .     .     .     .     .     
.     .     #     .     .     .  
   .     .     #     .     .     
#     .     #     .     .     .  
   .     #     .     .     .     
0     .     .     .     .     .  
   .     .     .     .     .     
      .     .     .     .        
   0     .     0     .     .     
      0     .     .     .        
         o     .     .           
            0     .              
-----------------------------Opp Move S 5 22 M 3 12
0:0 1:15 2:1 3:1 4:1 5:0 6:13 7:1 8:0 9:1 10:0 0:0 1:13 2:3 3:1 4:1 5:0 6:10 7:3 8:1 9:1 10:0   
            .     .              
         .     .     .           
      .     .     .     .        
   .     .     .     .     .     
      .     .     .     .        
   .     .     .     .     .     
.     .     .     .     .     .  
   .     .     .     .     .     
.     .     #     .     .     .  
   .     .     #     .     .     
x     .     #     .     .     .  
   .     #     .     .     .     
0     #     .     .     .     .  
   .     .     .     .     .     
      .     .     .     .        
   0     .     0     .     .     
      0     .     .     .        
         o     .     .           
            0     .              
-----------------------Eval=553
my ring out0
opp ring out0
-----------------------------My Move S 5 16 M 4 13
  
            .     .              
         .     .     .           
      .     .     .     .        
   .     .     .     .     .     
      .     .     .     .        
   .     .     .     .     .     
.     .     .     .     .     .  
   .     .     .     .     .     
.     .     #     .     .     .  
   .     .     #     .     .     
x     .     #     .     .     .  
   .     #     .     .     .     
0     #     .     .     .     .  
   .     .     .     .     .     
      .     .     .     .        
   0     .     0     .     .     
      0     0     .     .        
         o     .     .           
            o     .              
-----------------------------Opp Move S 1 5 M 2 11
0:0 1:15 2:3 3:2 4:1 5:0 6:11 7:3 8:1 9:0 10:0 0:0 1:15 2:3 3:2 4:1 5:0 6:10 7:2 8:2 9:1 10:0   
            .     .              
         .     .     .           
      .     .     .     .        
   .     .     .     .     .     
      .     .     .     .        
   .     .     .     .     .     
.     .     #     .     .     .  
   .     .     .     .     .     
.     .     x     .     .     .  
   .     .     #     .     .     
x     .     #     .     .     .  
   .     #     .     .     .     
0     #     .     .     .     .  
   .     .     .     .     .     
      .     .     .     .        
   0     .     0     .     .     
      0     0     .     .        
         o     .     .           
            o     .              
-----------------------Eval=570
my ring out0
opp ring out0
-----------------------------My Move S 3 9 M 3 7
  
            .     .              
         .     .     .           
      .     .     .     .        
   .     .     .     .     .     
      .     .     .     .        
   .     .     .     .     .     
.     .     #     .     .     .  
   .     .     .     .     .     
.     .     x     .     .     .  
   .     .     #     .     .     
x     .     #     .     .     .  
   .     #     .     .     .     
0     #     .     .     .     .  
   .     .     .     0     .     
      .     .     .     .        
   0     .     o     .     .     
      0     0     .     .        
         o     .     .           
            o     .              
-----------------------------Opp Move S 1 4 M 2 9
0:0 1:18 2:3 3:2 4:1 5:0 6:12 7:3 8:0 9:0 10:0 0:0 1:15 2:6 3:2 4:1 5:0 6:10 7:3 8:1 9:1 10:0   
            .     .              
         .     .     .           
      .     .     .     .        
   .     .     .     .     .     
      .     .     .     .        
   .     .     .     .     .     
.     .     #     .     .     .  
   .     .     .     .     .     
.     .     x     .     .     .  
   .     #     #     .     .     
x     .     x     .     .     .  
   .     #     .     .     .     
0     #     .     .     .     .  
   .     .     .     0     .     
      .     .     .     .        
   0     .     o     .     .     
      0     0     .     .        
         o     .     .           
            o     .              
-----------------------Eval=13013
my ring out0
opp ring out0
-----------------------------My Move S 5 18 M 2 6
  
            .     .              
         .     .     .           
      .     .     .     .        
   .     .     .     .     .     
      .     .     .     .        
   .     .     .     .     .     
.     .     #     .     .     .  
   .     .     .     .     .     
.     .     x     .     .     .  
   .     #     #     .     .     
x     .     x     .     .     .  
   .     #     .     .     .     
0     #     .     .     .     .  
   .     .     0     0     .     
      .     .     .     .        
   0     .     o     .     .     
      o     0     .     .        
         o     .     .           
            o     .              
-----------------------------Opp Move S 2 11 M 3 17
0:0 1:20 2:4 3:2 4:1 5:0 6:12 7:3 8:0 9:0 10:0 0:0 1:17 2:6 3:2 4:2 5:0 6:10 7:3 8:0 9:2 10:0   
            .     .              
         .     .     .           
      .     .     .     .        
   .     .     .     .     .     
      .     #     .     .        
   .     .     .     .     .     
.     .     x     .     .     .  
   .     .     .     .     .     
.     .     x     .     .     .  
   .     #     #     .     .     
x     .     x     .     .     .  
   .     #     .     .     .     
0     #     .     .     .     .  
   .     .     0     0     .     
      .     .     .     .        
   0     .     o     .     .     
      o     0     .     .        
         o     .     .           
            o     .              
-----------------------Eval=24994
my ring out0
opp ring out0
-----------------------------My Move S 3 7 M 3 6
  
            .     .              
         .     .     .           
      .     .     .     .        
   .     .     .     .     .     
      .     #     .     .        
   .     .     .     .     .     
.     .     x     .     .     .  
   .     .     .     .     .     
.     .     x     .     .     .  
   .     #     #     .     .     
x     .     x     .     .     .  
   .     #     .     .     .     
0     #     .     .     0     .  
   .     .     0     o     .     
      .     .     .     .        
   0     .     o     .     .     
      o     0     .     .        
         o     .     .           
            o     .              
-----------------------------Opp Move S 3 17 M 4 23
0:0 1:22 2:5 3:2 4:1 5:0 6:11 7:4 8:0 9:0 10:0 0:0 1:19 2:6 3:2 4:2 5:1 6:10 7:3 8:0 9:1 10:1   
            .     .              
         .     .     .           
      .     #     .     .        
   .     .     .     .     .     
      .     x     .     .        
   .     .     .     .     .     
.     .     x     .     .     .  
   .     .     .     .     .     
.     .     x     .     .     .  
   .     #     #     .     .     
x     .     x     .     .     .  
   .     #     .     .     .     
0     #     .     .     0     .  
   .     .     0     o     .     
      .     .     .     .        
   0     .     o     .     .     
      o     0     .     .        
         o     .     .           
            o     .              
-----------------------Eval=-135897
my ring out0
opp ring out0
-----------------------------My Move S 2 6 M 3 8
  
            .     .              
         .     .     .           
      .     #     .     .        
   .     .     .     .     .     
      .     x     .     .        
   .     .     .     .     .     
.     .     x     .     .     .  
   .     .     .     .     .     
.     .     x     .     .     .  
   .     #     #     .     .     
x     .     x     .     .     .  
   .     #     .     .     .     
0     #     .     .     0     .  
   .     .     o     o     .     
      .     .     0     .        
   0     .     o     .     .     
      o     0     .     .        
         o     .     .           
            o     .              
***********************************

-> You are player 1
-> You are alloted a time of 120s

***********************************

Time remaining is: 120s
You played : P 5 19
P 5 19 True
Player 2 played : P 0 0
P 0 0 True
Time remaining is: 120s
You played : P 5 18
P 5 18 True
Player 2 played : P 1 4
P 1 4 True
Time remaining is: 120s
You played : P 5 17
P 5 17 True
Player 2 played : P 1 5
P 1 5 True
Time remaining is: 120s
You played : P 5 16
P 5 16 True
Player 2 played : P 2 8
P 2 8 True
Time remaining is: 120s
You played : P 5 21
P 5 21 True
Player 2 played : P 5 22
P 5 22 True
Time remaining is: 120s
You played : S 5 17 M 3 9
S 5 17 True
M 3 9 True
Player 2 played : S 5 22 M 3 12
S 5 22 True
M 3 12 True
Time remaining is: 120s
You played : S 5 16 M 4 13
S 5 16 True
M 4 13 True
Player 2 played : S 1 5 M 2 11
S 1 5 True
M 2 11 True
Time remaining is: 120s
You played : S 3 9 M 3 7
S 3 9 True
M 3 7 True
Player 2 played : S 1 4 M 2 9
S 1 4 True
M 2 9 True
Time remaining is: 120s
You played : S 5 18 M 2 6
S 5 18 True
M 2 6 True
Player 2 played : S 2 11 M 3 17
S 2 11 True
M 3 17 True
Time remaining is: 119s
You played : S 3 7 M 3 6
S 3 7 True
M 3 6 True
Player 2 played : S 3 17 M 4 23
S 3 17 True
M 4 23 True
Time remaining is: 119s
You played : S 2 6 M 3 8
S 2 6 True
M 3 8 True
