****************Depth is now 4
****************Depth is now 5
***********************************

-> You are player 2
-> You are alloted a time of 120s

***********************************

Player 1 played : P 0 0
P 0 0 True
Time remaining is: 120s
You played : P 1 0
P 1 0 True
Player 1 played : P 1 2
P 1 2 True
Time remaining is: 120s
You played : P 2 3
P 2 3 True
Player 1 played : P 1 5
P 1 5 True
Time remaining is: 120s
You played : P 1 3
P 1 3 True
Player 1 played : P 2 4
P 2 4 True
Time remaining is: 120s
You played : P 3 5
P 3 5 True
Player 1 played : P 2 10
P 2 10 True
Time remaining is: 120s
You played : P 2 5
P 2 5 True
Player 1 played : S 2 10 M 3 16
S 2 10 True
M 3 16 True
Time remaining is: 120s
You played : S 1 0 M 2 11
S 1 0 True
M 2 11 True
Player 1 played : S 1 5 M 2 1
S 1 5 True
M 2 1 True
Time remaining is: 120s
You played : S 3 5 M 4 6
S 3 5 True
M 4 6 True
Player 1 played : S 0 0 M 1 1
S 0 0 True
M 1 1 True
Time remaining is: 119s
You played : S 1 3 M 2 0
S 1 3 True
M 2 0 True
Player 1 played : S 1 1 M 1 4
S 1 1 True
M 1 4 True
Time remaining is: 119s
You played : S 2 11 M 3 14
S 2 11 True
M 3 14 True
Player 1 played : S 1 2 M 2 7
S 1 2 True
M 2 7 True
Time remaining is: 118s
You played : S 3 14 M 2 9
S 3 14 True
M 2 9 True
Player 1 played : S 3 16 M 4 21
S 3 16 True
M 4 21 True
Time remaining is: 118s
You played : S 2 0 M 2 6
S 2 0 True
M 2 6 True
Player 1 played : S 2 7 M 4 18
S 2 7 True
M 4 18 True
Time remaining is: 118s
You played : S 2 9 M 4 22
S 2 9 True
M 4 22 True
Player 1 played : S 1 4 M 4 19
S 1 4 True
M 4 19 True
Time remaining is: 117s
You played : S 2 6 M 3 10
S 2 6 True
M 3 10 True
Player 1 played : S 4 21 M 5 26
S 4 21 True
M 5 26 True
Time remaining is: 117s
You played : S 3 10 M 3 17
S 3 10 True
M 3 17 True
Player 1 played : S 4 18 M 3 8
S 4 18 True
M 3 8 True
Time remaining is: 116s
You played : S 3 17 M 3 0
S 3 17 True
M 3 0 True
Player 1 played : S 4 19 M 5 24
S 4 19 True
M 5 24 True
Time remaining is: 115s
You played : S 2 3 M 3 11
S 2 3 True
M 3 11 True
Player 1 played : S 5 26 M 5 29
S 5 26 True
M 5 29 True
Time remaining is: 114s
You played : S 3 0 M 3 9
S 3 0 True
M 3 9 True
Player 1 played : RS 4 18 RE 2 0 X 2 4 S 3 8 M 2 8
RS 4 18 True
RE 2 0 True
X 2 4 True
S 3 8 True
M 2 8 True
Time remaining is: 111s
You played : S 2 5 M 4 14
S 2 5 True
M 4 14 True
Player 1 played : S 2 1 M 3 13
S 2 1 True
M 3 13 True
Time remaining is: 108s
You played : S 3 9 M 3 7
S 3 9 True
M 3 7 True
Player 1 played : S 2 8 M 2 10
S 2 8 True
M 2 10 True
Time remaining is: 104s
You played : S 4 6 M 2 0
S 4 6 True
M 2 0 True
Player 1 played : S 2 10 M 3 15
S 2 10 True
M 3 15 True
Time remaining is: 100s
You played : S 3 11 M 3 12
S 3 11 True
M 3 12 True
Player 1 played : S 3 15 M 4 1 RS 4 19 RE 3 0 X 5 24
S 3 15 True
M 4 1 True
RS 4 19 True
RE 3 0 True
X 5 24 True
Time remaining is: 95s
You played : S 3 12 M 2 2 RS 3 8 RE 2 1 X 4 14
S 3 12 True
M 2 2 True
RS 3 8 True
RE 2 1 True
X 4 14 True
Player 1 played : S 4 1 M 1 1
S 4 1 True
M 1 1 True
Time remaining is: 91s
You played : S 2 0 M 2 11
S 2 0 True
M 2 11 True
Player 1 played : S 1 1 M 4 16
S 1 1 True
M 4 16 True
Time remaining is: 89s
You played : S 4 22 M 4 14
S 4 22 True
M 4 14 True
Player 1 played : S 4 16 M 4 17
S 4 16 True
M 4 17 True
Time remaining is: 88s
You played : S 4 14 M 2 5
S 4 14 True
M 2 5 True
Player 1 played : S 3 13 M 2 1
S 3 13 True
M 2 1 True
Time remaining is: 85s
You played : S 2 5 M 1 2
S 2 5 True
M 1 2 True
Player 1 played : S 4 17 M 4 18
S 4 17 True
M 4 18 True
Time remaining is: 84s
You played : S 3 7 M 4 9
S 3 7 True
M 4 9 True
Player 1 played : S 5 29 M 4 0
S 5 29 True
M 4 0 True
Time remaining is: 83s
You played : S 4 9 M 4 11 RS 1 4 RE 4 9 X 2 2
S 4 9 True
M 4 11 True
RS 1 4 True
RE 4 9 True
X 2 2 True
Player 1 played : S 4 0 M 1 3
S 4 0 True
M 1 3 True
Time remaining is: 81s
You played : S 4 11 M 5 22
S 4 11 True
M 5 22 True
Player 1 played : S 4 18 M 3 14
S 4 18 True
M 3 14 True
Time remaining is: 80s
You played : S 5 22 M 5 24
S 5 22 True
M 5 24 True
Player 1 played : S 1 3 M 4 15
S 1 3 True
M 4 15 True
Time remaining is: 80s
You played : S 1 2 M 2 5
S 1 2 True
M 2 5 True
Player 1 played : S 3 14 M 1 4
S 3 14 True
M 1 4 True
Time remaining is: 78s
You played : S 2 5 M 5 18
S 2 5 True
M 5 18 True
Player 1 played : S 4 15 M 5 19
S 4 15 True
M 5 19 True
Time remaining is: 77s
You played : S 5 18 M 5 17
S 5 18 True
M 5 17 True
Player 1 played : S 1 4 M 4 13
S 1 4 True
M 4 13 True
Time remaining is: 76s
You played : S 5 24 M 3 7
S 5 24 True
M 3 7 True
Player 1 played : S 4 13 M 4 12
S 4 13 True
M 4 12 True
Time remaining is: 76s
You played : S 2 11 M 4 7 RS 3 12 RE 1 1 X 4 7
S 2 11 True
M 4 7 True
RS 3 12 True
RE 1 1 True
X 4 7 True
YOU WIN!
Your Score : 8.015
Opponent's Score : 2.02
