***********************************

-> You are player 2
-> You are alloted a time of 120s

***********************************

Player 1 played : P 0 0
P 0 0 True
Time remaining is: 120s
You played : P 1 3
P 1 3 True
Player 1 played : P 1 0
P 1 0 True
Time remaining is: 120s
You played : P 1 2
P 1 2 True
Player 1 played : P 2 3
P 2 3 True
Time remaining is: 120s
You played : P 1 5
P 1 5 True
Player 1 played : P 2 5
P 2 5 True
Time remaining is: 120s
You played : P 5 19
P 5 19 True
Player 1 played : P 4 19
P 4 19 True
Time remaining is: 120s
You played : P 5 4
P 5 4 True
Player 1 played : S 0 0 M 1 1
S 0 0 True
M 1 1 True
Time remaining is: 120s
You played : S 5 4 M 4 4
S 5 4 True
M 4 4 True
Player 1 played : S 2 3 M 3 4
S 2 3 True
M 3 4 True
Time remaining is: 120s
You played : S 4 4 M 3 3
S 4 4 True
M 3 3 True
Player 1 played : S 1 1 M 2 2
S 1 1 True
M 2 2 True
Time remaining is: 119s
You played : S 3 3 M 3 2
S 3 3 True
M 3 2 True
Player 1 played : S 1 0 M 2 0
S 1 0 True
M 2 0 True
Time remaining is: 119s
You played : S 1 5 M 2 1
S 1 5 True
M 2 1 True
Player 1 played : S 3 4 M 4 5
S 3 4 True
M 4 5 True
Time remaining is: 118s
You played : S 3 2 M 4 3
S 3 2 True
M 4 3 True
Player 1 played : S 4 5 M 5 6
S 4 5 True
M 5 6 True
Time remaining is: 118s
You played : S 4 3 M 4 2
S 4 3 True
M 4 2 True
Player 1 played : S 2 0 M 3 17
S 2 0 True
M 3 17 True
Time remaining is: 117s
You played : S 1 2 M 2 10
S 1 2 True
M 2 10 True
Player 1 played : S 3 17 M 4 22
S 3 17 True
M 4 22 True
Time remaining is: 116s
You played : S 1 3 M 1 4
S 1 3 True
M 1 4 True
Player 1 played : S 4 22 M 5 27
S 4 22 True
M 5 27 True
Time remaining is: 115s
You played : S 2 1 M 3 1 RS 1 0 RE 5 4 X 3 1
S 2 1 True
M 3 1 True
RS 1 0 True
RE 5 4 True
X 3 1 True
Player 1 played : S 5 6 M 4 3
S 5 6 True
M 4 3 True
Time remaining is: 114s
You played : S 1 4 M 2 11
S 1 4 True
M 2 11 True
Player 1 played : S 2 5 M 2 1 RS 1 2 RE 5 6 X 2 2
S 2 5 True
M 2 1 True
RS 1 2 True
RE 5 6 True
X 2 2 True
Time remaining is: 114s
You played : S 2 10 M 2 9
S 2 10 True
M 2 9 True
Player 1 played : S 2 1 M 1 2
S 2 1 True
M 1 2 True
Time remaining is: 113s
You played : S 2 11 M 3 1
S 2 11 True
M 3 1 True
Player 1 played : S 5 27 M 4 21
S 5 27 True
M 4 21 True
Time remaining is: 110s
You played : S 2 9 M 1 0
S 2 9 True
M 1 0 True
Player 1 played : S 4 19 M 3 7
S 4 19 True
M 3 7 True
Time remaining is: 107s
You played : S 4 2 M 2 2
S 4 2 True
M 2 2 True
Player 1 played : S 1 2 M 3 8
S 1 2 True
M 3 8 True
Time remaining is: 102s
You played : S 5 19 M 2 3
S 5 19 True
M 2 3 True
Player 1 played : S 4 21 M 3 15
S 4 21 True
M 3 15 True
Time remaining is: 99s
You played : S 3 1 M 5 28 RS 2 10 RE 4 2 X 1 0
S 3 1 True
M 5 28 True
RS 2 10 True
RE 4 2 True
X 1 0 True
Player 1 played : S 4 3 M 3 4
S 4 3 True
M 3 4 True
Time remaining is: 92s
You played : S 5 28 M 3 16
S 5 28 True
M 3 16 True
Player 1 played : S 3 4 M 3 5
S 3 4 True
M 3 5 True
Time remaining is: 90s
You played : S 2 3 M 4 5
S 2 3 True
M 4 5 True
Player 1 played : S 3 5 M 1 0
S 3 5 True
M 1 0 True
Time remaining is: 89s
You played : S 4 5 M 3 2
S 4 5 True
M 3 2 True
Player 1 played : S 3 15 M 2 4
S 3 15 True
M 2 4 True
Time remaining is: 88s
You played : S 3 16 M 2 10
S 3 16 True
M 2 10 True
Player 1 played : S 3 8 M 2 8
S 3 8 True
M 2 8 True
Time remaining is: 87s
You played : S 2 10 M 3 1
S 2 10 True
M 3 1 True
Player 1 played : S 2 4 M 4 20
S 2 4 True
M 4 20 True
Time remaining is: 86s
You played : S 2 2 M 4 6
S 2 2 True
M 4 6 True
Player 1 played : S 4 20 M 3 6
S 4 20 True
M 3 6 True
Time remaining is: 85s
You played : S 4 6 M 2 6
S 4 6 True
M 2 6 True
Player 1 played : S 3 6 M 5 3
S 3 6 True
M 5 3 True
Time remaining is: 82s
You played : S 3 2 M 4 2
S 3 2 True
M 4 2 True
Player 1 played : S 5 3 M 5 2
S 5 3 True
M 5 2 True
Time remaining is: 80s
You played : S 3 1 M 4 1
S 3 1 True
M 4 1 True
Player 1 played : S 1 0 M 3 0
S 1 0 True
M 3 0 True
Time remaining is: 78s
You played : S 2 6 M 2 0
S 2 6 True
M 2 0 True
Player 1 played : S 3 0 M 5 7
S 3 0 True
M 5 7 True
Time remaining is: 78s
You played : S 4 2 M 5 6 RS 0 0 RE 4 4 X 4 1
S 4 2 True
M 5 6 True
RS 0 0 True
RE 4 4 True
X 4 1 True
YOU WIN!
Your Score : 9.012
Opponent's Score : 1.022
