@@@@ This is ME @@@@
2 5 120 5
***********************************

-> You are player 2
-> You are alloted a time of 120s

***********************************

Player 1 played : P 2 3
P 2 3 True
Time remaining is: 120s
You played : P 2 6
P 2 6 True
Player 1 played : P 2 1
P 2 1 True
Time remaining is: 120s
You played : P 0 0
P 0 0 True
Player 1 played : P 1 1
P 1 1 True
Time remaining is: 120s
You played : P 3 7
P 3 7 True
Player 1 played : P 1 0
P 1 0 True
Time remaining is: 120s
You played : P 2 8
P 2 8 True
Player 1 played : P 2 11
P 2 11 True
Time remaining is: 120s
You played : P 1 3
P 1 3 True
Player 1 played : S 2 11 M 1 5
S 2 11 True
M 1 5 True
Time remaining is: 120s
You played : S 2 6 M 3 9
S 2 6 True
M 3 9 True
Player 1 played : S 1 5 M 1 4
S 1 5 True
M 1 4 True
Time remaining is: 120s
You played : S 0 0 M 2 10
S 0 0 True
M 2 10 True
Player 1 played : S 1 0 M 2 9
S 1 0 True
M 2 9 True
Time remaining is: 120s
You played : S 1 3 M 2 5
S 1 3 True
M 2 5 True
Player 1 played : S 2 3 M 2 7
S 2 3 True
M 2 7 True
Time remaining is: 120s
You played : S 3 9 M 2 0
S 3 9 True
M 2 0 True
Player 1 played : S 2 7 M 1 2
S 2 7 True
M 1 2 True
Time remaining is: 120s
You played : S 2 0 M 4 12
S 2 0 True
M 4 12 True
Player 1 played : S 1 2 M 3 11
S 1 2 True
M 3 11 True
Time remaining is: 120s
You played : S 2 10 M 2 4
S 2 10 True
M 2 4 True
Player 1 played : S 2 9 M 3 16
S 2 9 True
M 3 16 True
Time remaining is: 120s
You played : S 2 8 M 3 12
S 2 8 True
M 3 12 True
Player 1 played : S 3 16 M 3 0
S 3 16 True
M 3 0 True
Time remaining is: 120s
You played : S 2 5 M 3 8
S 2 5 True
M 3 8 True
Player 1 played : S 1 1 M 2 2 RS 3 16 RE 2 3 X 2 2
S 1 1 True
M 2 2 True
RS 3 16 True
RE 2 3 True
X 2 2 True
Time remaining is: 120s
You played : S 2 4 M 2 3
S 2 4 True
M 2 3 True
Player 1 played : S 3 0 M 1 0
S 3 0 True
M 1 0 True
Time remaining is: 120s
You played : S 3 8 M 4 13
S 3 8 True
M 4 13 True
Player 1 played : S 2 1 M 4 11
S 2 1 True
M 4 11 True
Time remaining is: 120s
You played : S 3 8 M 1 1
S 3 8 False
INVALID MOVE ON THIS CLIENT
