***********************************

-> You are player 2
-> You are alloted a time of 120s

***********************************

Player 1 played : P 0 0
P 0 0 True
Time remaining is: 120s
You played : P 2 1
P 2 1 True
Player 1 played : P 1 0
P 1 0 True
Time remaining is: 120s
You played : P 2 3
P 2 3 True
Player 1 played : P 1 1
P 1 1 True
Time remaining is: 120s
You played : P 2 5
P 2 5 True
Player 1 played : P 1 2
P 1 2 True
Time remaining is: 120s
You played : P 2 7
P 2 7 True
Player 1 played : P 1 3
P 1 3 True
Time remaining is: 120s
You played : P 2 9
P 2 9 True
Player 1 played : S 1 0 M 1 5
S 1 0 True
M 1 5 True
Time remaining is: 120s
You played : S 2 1 M 3 1
S 2 1 True
M 3 1 True
Player 1 played : S 0 0 M 1 4
S 0 0 True
M 1 4 True
Time remaining is: 120s
You played : S 3 1 M 4 1
S 3 1 True
M 4 1 True
Player 1 played : S 1 3 M 2 0
S 1 3 True
M 2 0 True
Time remaining is: 120s
You played : S 2 3 M 3 2
S 2 3 True
M 3 2 True
Player 1 played : S 2 0 M 2 2
S 2 0 True
M 2 2 True
Time remaining is: 120s
You played : S 4 1 M 3 0
S 4 1 True
M 3 0 True
Player 1 played : S 1 2 M 3 4
S 1 2 True
M 3 4 True
Time remaining is: 120s
You played : S 3 2 M 4 2
S 3 2 True
M 4 2 True
Player 1 played : S 3 4 M 4 5
S 3 4 True
M 4 5 True
Time remaining is: 120s
You played : S 3 0 M 2 6
S 3 0 True
M 2 6 True
Player 1 played : S 4 5 M 5 6
S 4 5 True
M 5 6 True
Time remaining is: 118s
You played : S 2 6 M 5 12
S 2 6 True
M 5 12 True
Player 1 played : S 5 6 M 4 4 RS 1 2 RE 5 6 X 2 2
S 5 6 True
M 4 4 True
RS 1 2 True
RE 5 6 True
X 2 2 True
Time remaining is: 114s
You played : S 2 5 M 3 5
S 2 5 True
M 3 5 True
Player 1 played : S 4 4 M 3 3
S 4 4 True
M 3 3 True
Time remaining is: 113s
You played : S 4 2 M 2 2
S 4 2 True
M 2 2 True
Player 1 played : S 1 4 M 3 7
S 1 4 True
M 3 7 True
Time remaining is: 111s
You played : S 2 7 M 1 2
S 2 7 True
M 1 2 True
Player 1 played : S 3 3 M 4 23
S 3 3 True
M 4 23 True
Time remaining is: 110s
You played : S 3 5 M 4 3
S 3 5 True
M 4 3 True
Player 1 played : S 4 23 M 4 5
S 4 23 True
M 4 5 True
Time remaining is: 107s
You played : S 4 3 M 5 6
S 4 3 True
M 5 6 True
Player 1 played : S 4 5 M 5 4
S 4 5 True
M 5 4 True
Time remaining is: 105s
You played : S 5 6 M 5 7
S 5 6 True
M 5 7 True
Player 1 played : S 5 4 M 5 3
S 5 4 True
M 5 3 True
Time remaining is: 104s
You played : S 5 12 M 3 4
S 5 12 True
M 3 4 True
Player 1 played : S 1 5 M 2 10
S 1 5 True
M 2 10 True
Time remaining is: 101s
You played : S 5 7 M 5 28
S 5 7 True
M 5 28 True
Player 1 played : S 3 7 M 3 6
S 3 7 True
M 3 6 True
Time remaining is: 81s
You played : S 2 2 M 2 4
S 2 2 True
M 2 4 True
Player 1 played : S 5 3 M 5 1
S 5 3 True
M 5 1 True
Time remaining is: 55s
You played : S 2 4 M 2 3
S 2 4 True
M 2 3 True
Player 1 played : S 5 1 M 4 22
S 5 1 True
M 4 22 True
Time remaining is: 49s
You played : S 2 3 M 4 7 RS 2 4 RE 4 2 X 1 2
S 2 3 True
M 4 7 True
RS 2 4 True
RE 4 2 True
X 1 2 True
Player 1 played : S 1 1 M 2 2
S 1 1 True
M 2 2 True
Time remaining is: 41s
You played : S 3 4 M 2 3
S 3 4 True
M 2 3 True
Player 1 played : S 2 2 M 4 6
S 2 2 True
M 4 6 True
Time remaining is: 32s
You played : S 4 7 M 5 8
S 4 7 True
M 5 8 True
Player 1 played : S 2 10 M 4 2
S 2 10 True
M 4 2 True
Time remaining is: 23s
You played : S 2 9 M 3 2
S 2 9 True
M 3 2 True
Player 1 played : S 4 22 M 3 17
S 4 22 True
M 3 17 True
Time remaining is: 23s
You played : S 2 3 M 2 11
S 2 3 True
M 2 11 True
Player 1 played : S 4 6 M 2 4
S 4 6 True
M 2 4 True
Time remaining is: 23s
You played : S 2 11 M 3 14
S 2 11 True
M 3 14 True
Player 1 played : S 2 4 M 1 2
S 2 4 True
M 1 2 True
Time remaining is: 23s
You played : S 3 2 M 4 10 RS 3 1 RE 5 7 X 5 8
S 3 2 True
M 4 10 True
RS 3 1 True
RE 5 7 True
X 5 8 True
Player 1 played : S 4 2 M 3 2
S 4 2 True
M 3 2 True
Time remaining is: 23s
You played : S 5 28 M 3 16
S 5 28 True
M 3 16 True
Player 1 played : S 3 2 M 3 13
S 3 2 True
M 3 13 True
Time remaining is: 23s
You played : S 3 14 M 4 9
S 3 14 True
M 4 9 True
Player 1 played : S 1 2 M 3 15
S 1 2 True
M 3 15 True
Time remaining is: 23s
You played : S 4 9 M 4 19
S 4 9 True
M 4 19 True
Player 1 played : S 3 13 M 2 8
S 3 13 True
M 2 8 True
Time remaining is: 22s
You played : S 4 10 M 3 8
S 4 10 True
M 3 8 True
Player 1 played : S 2 8 M 3 3 RS 4 6 RE 2 0 X 3 17
S 2 8 True
M 3 3 True
RS 4 6 True
RE 2 0 True
X 3 17 True
Time remaining is: 22s
You played : S 3 8 M 2 1 RS 1 4 RE 4 9 X 3 16 RS 2 7 RE 5 12 X 4 19
S 3 8 True
M 2 1 True
RS 1 4 True
RE 4 9 True
X 3 16 True
RS 2 7 False
INVALID MOVE ON THIS CLIENT
