***********************************

-> You are player 1
-> You are alloted a time of 120s

***********************************

Time remaining is: 120s
You played : P 0 0
P 0 0 True
Player 2 played : P 1 5
P 1 5 True
Time remaining is: 120s
You played : P 1 1
P 1 1 True
Player 2 played : P 1 2
P 1 2 True
Time remaining is: 120s
You played : P 2 8
P 2 8 True
Player 2 played : P 3 12
P 3 12 True
Time remaining is: 120s
You played : P 3 13
P 3 13 True
Player 2 played : P 4 18
P 4 18 True
Time remaining is: 120s
You played : P 2 7
P 2 7 True
Player 2 played : P 2 6
P 2 6 True
Time remaining is: 120s
You played : S 2 7 M 1 3
S 2 7 True
M 1 3 True
Player 2 played : S 1 5 M 3 10
S 1 5 True
M 3 10 True
Time remaining is: 119s
You played : S 0 0 M 2 10
S 0 0 True
M 2 10 True
Player 2 played : S 3 10 M 4 14
S 3 10 True
M 4 14 True
Time remaining is: 118s
You played : S 3 13 M 3 14
S 3 13 True
M 3 14 True
Player 2 played : S 4 14 M 4 13
S 4 14 True
M 4 13 True
Time remaining is: 117s
You played : S 1 3 M 3 11
S 1 3 True
M 3 11 True
Player 2 played : S 4 13 M 1 4
S 4 13 True
M 1 4 True
Time remaining is: 117s
You played : S 1 1 M 2 11
S 1 1 True
M 2 11 True
Player 2 played : S 4 18 M 4 19
S 4 18 True
M 4 19 True
Time remaining is: 116s
You played : S 3 14 M 5 22
S 3 14 True
M 5 22 True
Player 2 played : S 4 19 M 2 9
S 4 19 True
M 2 9 True
Time remaining is: 115s
You played : S 3 11 M 5 17
S 3 11 True
M 5 17 True
Player 2 played : S 2 9 M 1 0
S 2 9 True
M 1 0 True
Time remaining is: 115s
You played : S 5 22 M 4 17
S 5 22 True
M 4 17 True
Player 2 played : S 3 12 M 3 9
S 3 12 True
M 3 9 True
Time remaining is: 114s
You played : S 4 17 M 4 20
S 4 17 True
M 4 20 True
Player 2 played : S 1 4 M 2 2 RS 1 5 RE 4 13 X 3 9
S 1 4 True
M 2 2 True
RS 1 5 True
RE 4 13 True
X 3 9 True
Time remaining is: 113s
You played : S 2 8 M 1 4
S 2 8 True
M 1 4 True
Player 2 played : S 2 6 M 2 5
S 2 6 True
M 2 5 True
Time remaining is: 112s
You played : S 2 11 M 2 0
S 2 11 True
M 2 0 True
Player 2 played : S 2 2 M 3 3
S 2 2 True
M 3 3 True
Time remaining is: 111s
You played : S 4 20 M 5 26
S 4 20 True
M 5 26 True
Player 2 played : S 2 5 M 3 8
S 2 5 True
M 3 8 True
Time remaining is: 110s
You played : S 2 10 M 3 15
S 2 10 True
M 3 15 True
Player 2 played : S 1 2 M 2 7
S 1 2 True
M 2 7 True
Time remaining is: 109s
You played : S 1 4 M 3 7
S 1 4 True
M 3 7 True
Player 2 played : S 2 7 M 1 5
S 2 7 True
M 1 5 True
Time remaining is: 101s
You played : S 3 7 M 3 2
S 3 7 True
M 3 2 True
Player 2 played : S 3 3 M 3 4
S 3 3 True
M 3 4 True
Time remaining is: 100s
You played : S 3 2 M 4 5
S 3 2 True
M 4 5 True
Player 2 played : S 3 4 M 4 15
S 3 4 True
M 4 15 True
Time remaining is: 96s
You played : S 4 5 M 4 4
S 4 5 True
M 4 4 True
Player 2 played : S 3 8 M 2 1 RS 3 14 RE 2 5 X 2 1
S 3 8 True
M 2 1 True
RS 3 14 True
RE 2 5 True
X 2 1 True
Time remaining is: 92s
You played : S 5 26 M 4 21
S 5 26 True
M 4 21 True
Player 2 played : S 4 15 M 1 3
S 4 15 True
M 1 3 True
Time remaining is: 89s
You played : S 3 15 M 5 18
S 3 15 True
M 5 18 True
Player 2 played : S 1 3 M 1 4
S 1 3 True
M 1 4 True
Time remaining is: 86s
You played : S 4 21 M 3 16
S 4 21 True
M 3 16 True
Player 2 played : S 1 4 M 4 16 RS 4 18 RE 2 6 X 4 16
S 1 4 True
M 4 16 True
RS 4 18 True
RE 2 6 True
X 4 16 True
OTHER PLAYER WINS!
Your Score : 0.017
Opponent's Score : 10.008
