***********************************

-> You are player 2
-> You are alloted a time of 120s

***********************************

Player 1 played : P 1 0
P 1 0 True
Time remaining is: 120s
You played : P 0 0
P 0 0 True
Player 1 played : P 1 1
P 1 1 True
Time remaining is: 120s
You played : P 2 1
P 2 1 True
Player 1 played : P 1 2
P 1 2 True
Time remaining is: 120s
You played : P 2 3
P 2 3 True
Player 1 played : P 1 3
P 1 3 True
Time remaining is: 120s
You played : P 2 5
P 2 5 True
Player 1 played : P 1 4
P 1 4 True
Time remaining is: 120s
You played : P 2 7
P 2 7 True
Player 1 played : S 1 1 M 2 2
S 1 1 True
M 2 2 True
Time remaining is: 120s
You played : S 0 0 M 1 5
S 0 0 True
M 1 5 True
Player 1 played : S 1 2 M 2 4
S 1 2 True
M 2 4 True
Time remaining is: 120s
You played : S 2 3 M 3 4
S 2 3 True
M 3 4 True
Player 1 played : S 1 0 M 2 0
S 1 0 True
M 2 0 True
Time remaining is: 120s
You played : S 2 5 M 2 6
S 2 5 True
M 2 6 True
Player 1 played : S 1 4 M 2 8
S 1 4 True
M 2 8 True
Time remaining is: 120s
You played : S 2 1 M 3 8
S 2 1 True
M 3 8 True
Player 1 played : S 2 2 M 3 2
S 2 2 True
M 3 2 True
Time remaining is: 119s
You played : S 2 7 M 3 11
S 2 7 True
M 3 11 True
Player 1 played : S 2 8 M 3 3
S 2 8 True
M 3 3 True
Time remaining is: 117s
You played : S 3 11 M 2 9
S 3 11 True
M 2 9 True
Player 1 played : S 1 3 M 4 15
S 1 3 True
M 4 15 True
Time remaining is: 116s
You played : S 2 9 M 3 7
S 2 9 True
M 3 7 True
Player 1 played : S 3 2 M 4 23
S 3 2 True
M 4 23 True
Time remaining is: 114s
You played : S 1 5 M 3 10
S 1 5 True
M 3 10 True
Player 1 played : S 2 4 M 4 2
S 2 4 True
M 4 2 True
Time remaining is: 113s
You played : S 3 7 M 4 7 RS 2 9 RE 3 7 X 3 8
S 3 7 True
M 4 7 True
RS 2 9 True
RE 3 7 True
X 3 8 True
Player 1 played : S 4 23 M 2 11
S 4 23 True
M 2 11 True
Time remaining is: 110s
You played : S 4 7 M 3 6
S 4 7 True
M 3 6 True
Player 1 played : S 3 3 M 3 1
S 3 3 True
M 3 1 True
Time remaining is: 106s
You played : S 3 4 M 1 3
S 3 4 True
M 1 3 True
Player 1 played : S 2 11 M 2 10
S 2 11 True
M 2 10 True
Time remaining is: 104s
You played : S 2 6 M 3 5
S 2 6 True
M 3 5 True
Player 1 played : S 2 10 M 3 16
S 2 10 True
M 3 16 True
Time remaining is: 104s
You played : S 3 10 M 1 4
S 3 10 True
M 1 4 True
Player 1 played : S 4 2 M 4 4
S 4 2 True
M 4 4 True
Time remaining is: 97s
You played : S 3 6 M 3 15
S 3 6 True
M 3 15 True
Player 1 played : S 3 1 M 2 5
S 3 1 True
M 2 5 True
Time remaining is: 68s
You played : S 3 15 M 3 12
S 3 15 True
M 3 12 True
Player 1 played : S 2 0 M 3 14
S 2 0 True
M 3 14 True
Time remaining is: 49s
You played : S 1 4 M 4 13
S 1 4 True
M 4 13 True
Player 1 played : S 2 5 M 4 14
S 2 5 True
M 4 14 True
Time remaining is: 14s
You played : S 3 5 M 5 9
S 3 5 True
M 5 9 True
Player 1 played : S 3 16 M 3 0
S 3 16 True
M 3 0 True
Time remaining is: 13s
You played : S 3 12 M 3 13 RS 3 12 RE 1 1 X 4 13
S 3 12 True
M 3 13 True
RS 3 12 True
RE 1 1 True
X 4 13 True
Player 1 played : S 3 0 M 4 0 RS 4 23 RE 3 3 X 4 0
S 3 0 True
M 4 0 True
RS 4 23 True
RE 3 3 True
X 4 0 True
Time remaining is: 13s
You played : S 3 13 M 3 2
S 3 13 True
M 3 2 True
Player 1 played : S 3 14 M 4 21
S 3 14 True
M 4 21 True
Time remaining is: 13s
You played : S 3 2 M 3 7
S 3 2 True
M 3 7 True
Player 1 played : S 4 4 M 1 1
S 4 4 True
M 1 1 True
Time remaining is: 12s
You played : S 1 3 M 1 4
S 1 3 True
M 1 4 True
Player 1 played : S 4 15 M 4 5
S 4 15 True
M 4 5 True
Time remaining is: 12s
You played : S 5 9 M 4 8
S 5 9 True
M 4 8 True
Player 1 played : S 4 5 M 4 6
S 4 5 True
M 4 6 True
Time remaining is: 12s
You played : S 1 4 M 0 0
S 1 4 True
M 0 0 True
Player 1 played : S 1 1 M 3 1
S 1 1 True
M 3 1 True
Time remaining is: 12s
You played : S 0 0 M 3 3 RS 2 11 RE 3 5 X 3 7 RS 1 5 RE 3 6 X 4 8
S 0 0 True
M 3 3 True
RS 2 11 True
RE 3 5 True
X 3 7 True
RS 1 5 False
INVALID MOVE ON THIS CLIENT
