Depth: 2 NOM:32
Depth: 2 NOM:41
Depth: 2 NOM:36
Depth: 2 NOM:32
Depth: 2 NOM:28
Depth: 2 NOM:36
Depth: 2 NOM:48
Depth: 2 NOM:49
Depth: 2 NOM:44
Depth: 2 NOM:48
Depth: 1 NOM:88
Depth: 2 NOM:34
Depth: 2 NOM:33
Depth: 2 NOM:37
Depth: 2 NOM:38
Depth: 2 NOM:29
Depth: 2 NOM:30
Depth: 2 NOM:58
Depth: 2 NOM:22
Depth: 2 NOM:22
Depth: 2 NOM:24
Depth: 2 NOM:28
Depth: 2 NOM:28
Depth: 2 NOM:30
Sucess exit
***********************************

-> You are player 1
-> You are alloted a time of 120s

***********************************

Time remaining is: 120s
You played : P 0 0
P 0 0 True
Player 2 played : P 1 0
P 1 0 True
Time remaining is: 120s
You played : P 1 1
P 1 1 True
Player 2 played : P 1 2
P 1 2 True
Time remaining is: 120s
You played : P 1 3
P 1 3 True
Player 2 played : P 1 5
P 1 5 True
Time remaining is: 120s
You played : P 1 4
P 1 4 True
Player 2 played : P 2 0
P 2 0 True
Time remaining is: 120s
You played : P 2 1
P 2 1 True
Player 2 played : P 2 2
P 2 2 True
Time remaining is: 120s
You played : S 1 4 M 3 10
S 1 4 True
M 3 10 True
Player 2 played : S 1 0 M 2 11
S 1 0 True
M 2 11 True
Time remaining is: 120s
You played : S 1 3 M 2 5
S 1 3 True
M 2 5 True
Player 2 played : S 2 11 M 3 16
S 2 11 True
M 3 16 True
Time remaining is: 119s
You played : S 3 10 M 4 14
S 3 10 True
M 4 14 True
Player 2 played : S 1 2 M 2 4
S 1 2 True
M 2 4 True
Time remaining is: 118s
You played : S 4 14 M 5 18
S 4 14 True
M 5 18 True
Player 2 played : S 3 16 M 4 21
S 3 16 True
M 4 21 True
Time remaining is: 118s
You played : S 2 1 M 5 4
S 2 1 True
M 5 4 True
Player 2 played : S 1 5 M 2 7
S 1 5 True
M 2 7 True
Time remaining is: 117s
You played : S 2 5 M 2 6
S 2 5 True
M 2 6 True
Player 2 played : S 2 7 M 4 13 RS 3 10 RE 2 11 X 4 21
S 2 7 True
M 4 13 True
RS 3 10 True
RE 2 11 True
X 4 21 True
Time remaining is: 116s
You played : S 1 1 M 2 11
S 1 1 True
M 2 11 True
Player 2 played : S 4 13 M 4 15
S 4 13 True
M 4 15 True
Time remaining is: 115s
You played : S 2 11 M 2 10
S 2 11 True
M 2 10 True
Player 2 played : S 2 4 M 3 6
S 2 4 True
M 3 6 True
Time remaining is: 114s
You played : S 5 18 M 3 10
S 5 18 True
M 3 10 True
Player 2 played : S 3 6 M 4 8
S 3 6 True
M 4 8 True
Time remaining is: 113s
You played : S 2 6 M 4 12
S 2 6 True
M 4 12 True
Player 2 played : S 4 8 M 4 7
S 4 8 True
M 4 7 True
Time remaining is: 112s
You played : S 3 10 M 3 17 RS 2 5 RE 5 18 X 5 4
S 3 10 True
M 3 17 True
RS 2 5 True
RE 5 18 True
X 5 4 True
Player 2 played : S 4 7 M 4 6
S 4 7 True
M 4 6 True
Time remaining is: 112s
You played : S 3 17 M 3 15
S 3 17 True
M 3 15 True
Player 2 played : S 4 6 M 4 5
S 4 6 True
M 4 5 True
Time remaining is: 111s
You played : S 4 12 M 3 9
S 4 12 True
M 3 9 True
Player 2 played : S 2 0 M 4 22
S 2 0 True
M 4 22 True
Time remaining is: 111s
You played : S 2 10 M 3 1
S 2 10 True
M 3 1 True
Player 2 played : S 4 22 M 2 9
S 4 22 True
M 2 9 True
Time remaining is: 110s
You played : S 3 15 M 3 0
S 3 15 True
M 3 0 True
Player 2 played : S 2 9 M 3 2
S 2 9 True
M 3 2 True
Time remaining is: 110s
You played : S 3 9 M 2 6
S 3 9 True
M 2 6 True
Player 2 played : S 4 5 M 4 4
S 4 5 True
M 4 4 True
Time remaining is: 109s
You played : S 3 0 M 4 1
S 3 0 True
M 4 1 True
Player 2 played : S 4 4 M 5 4 RS 4 8 RE 4 4 X 5 4
S 4 4 True
M 5 4 True
RS 4 8 True
RE 4 4 True
X 5 4 True
Time remaining is: 108s
You played : S 4 1 M 4 2 RS 4 1 RE 3 15 X 2 6
S 4 1 True
M 4 2 True
RS 4 1 True
RE 3 15 True
X 2 6 True
Player 2 played : S 4 15 M 2 3
S 4 15 True
M 2 3 True
Time remaining is: 108s
You played : S 0 0 M 1 5
S 0 0 True
M 1 5 True
Player 2 played : S 2 3 M 3 16
S 2 3 True
M 3 16 True
Time remaining is: 107s
You played : S 1 5 M 3 13
S 1 5 True
M 3 13 True
Player 2 played : S 3 16 M 2 8
S 3 16 True
M 2 8 True
Time remaining is: 107s
You played : S 4 2 M 5 29
S 4 2 True
M 5 29 True
Player 2 played : S 3 2 M 5 2
S 3 2 True
M 5 2 True
Time remaining is: 107s
You played : S 3 1 M 5 3
S 3 1 True
M 5 3 True
Player 2 played : S 2 8 M 1 4
S 2 8 True
M 1 4 True
Time remaining is: 107s
You played : S 5 3 M 3 5
S 5 3 True
M 3 5 True
Player 2 played : S 2 2 M 3 17
S 2 2 True
M 3 17 True
Time remaining is: 107s
You played : S 3 5 M 2 5 RS 2 10 RE 2 4 X 3 13
S 3 5 True
M 2 5 True
RS 2 10 True
RE 2 4 True
X 3 13 True
YOU WIN!
Your Score : 8.008
Opponent's Score : 2.014
