***********************************

-> You are player 1
-> You are alloted a time of 120s

***********************************

Time remaining is: 120s
You played : P 0 0
P 0 0 True
Player 2 played : P 4 7
P 4 7 True
Time remaining is: 120s
You played : P 1 0
P 1 0 True
Player 2 played : P 5 23
P 5 23 True
Time remaining is: 120s
You played : P 1 1
P 1 1 True
Player 2 played : P 1 3
P 1 3 True
Time remaining is: 120s
You played : P 1 2
P 1 2 True
Player 2 played : P 4 19
P 4 19 True
Time remaining is: 120s
You played : P 1 4
P 1 4 True
Player 2 played : P 2 2
P 2 2 True
Time remaining is: 120s
You played : S 1 1 M 3 1
S 1 1 True
M 3 1 True
Player 2 played : S 4 19 M 5 19
S 4 19 True
M 5 19 True
Time remaining is: 120s
You played : S 0 0 M 4 20
S 0 0 True
M 4 20 True
Player 2 played : S 5 23 M 4 18
S 5 23 True
M 4 18 True
Time remaining is: 118s
You played : S 1 2 M 3 6
S 1 2 True
M 3 6 True
Player 2 played : S 2 2 M 2 1
S 2 2 True
M 2 1 True
Time remaining is: 116s
You played : S 1 4 M 2 7
S 1 4 True
M 2 7 True
Player 2 played : S 2 1 M 2 5
S 2 1 True
M 2 5 True
Time remaining is: 114s
You played : S 1 0 M 2 0
S 1 0 True
M 2 0 True
Player 2 played : S 2 5 M 3 8
S 2 5 True
M 3 8 True
Time remaining is: 113s
You played : S 2 0 M 3 4
S 2 0 True
M 3 4 True
Player 2 played : S 3 8 M 4 11
S 3 8 True
M 4 11 True
Time remaining is: 112s
You played : S 4 20 M 2 4
S 4 20 True
M 2 4 True
Player 2 played : S 4 18 M 3 13
S 4 18 True
M 3 13 True
Time remaining is: 109s
You played : S 2 4 M 2 3
S 2 4 True
M 2 3 True
Player 2 played : S 3 13 M 3 2
S 3 13 True
M 3 2 True
Time remaining is: 107s
You played : S 3 6 M 3 9
S 3 6 True
M 3 9 True
Player 2 played : S 1 3 M 2 6
S 1 3 True
M 2 6 True
Time remaining is: 107s
You played : S 3 4 M 4 3
S 3 4 True
M 4 3 True
Player 2 played : S 4 7 M 4 8
S 4 7 True
M 4 8 True
Time remaining is: 105s
You played : S 2 7 M 2 8
S 2 7 True
M 2 8 True
Player 2 played : S 4 8 M 1 5
S 4 8 True
M 1 5 True
Time remaining is: 94s
You played : S 2 3 M 3 11
S 2 3 True
M 3 11 True
Player 2 played : S 1 5 M 2 9
S 1 5 True
M 2 9 True
Time remaining is: 84s
You played : S 3 9 M 3 7
S 3 9 True
M 3 7 True
Player 2 played : S 2 9 M 3 14 RS 3 13 RE 2 1 X 3 14
S 2 9 True
M 3 14 True
RS 3 13 True
RE 2 1 True
X 3 14 True
Time remaining is: 75s
You played : S 3 1 M 2 1
S 3 1 True
M 2 1 True
Player 2 played : S 3 2 M 3 3
S 3 2 True
M 3 3 True
Time remaining is: 63s
You played : S 2 8 M 3 12
S 2 8 True
M 3 12 True
Player 2 played : S 2 6 M 1 0
S 2 6 True
M 1 0 True
Time remaining is: 48s
You played : S 3 7 M 2 9
S 3 7 True
M 2 9 True
Player 2 played : S 4 11 M 4 10
S 4 11 True
M 4 10 True
Time remaining is: 43s
You played : S 4 3 M 4 2
S 4 3 True
M 4 2 True
Player 2 played : S 4 10 M 5 12
S 4 10 True
M 5 12 True
Time remaining is: 33s
You played : S 2 9 M 1 5
S 2 9 True
M 1 5 True
Player 2 played : S 5 12 M 4 9 RS 2 7 RE 5 12 X 1 0
S 5 12 True
M 4 9 True
RS 2 7 True
RE 5 12 True
X 1 0 True
Time remaining is: 24s
You played : S 1 5 M 2 7 RS 2 9 RE 3 7 X 3 11
S 1 5 True
M 2 7 True
RS 2 9 True
RE 3 7 True
X 3 11 True
Player 2 played : S 4 9 M 1 3
S 4 9 True
M 1 3 True
Time remaining is: 20s
You played : S 4 2 M 3 7
S 4 2 True
M 3 7 True
Player 2 played : S 3 3 M 4 4
S 3 3 True
M 4 4 True
Time remaining is: 19s
You played : S 2 1 M 4 6
S 2 1 True
M 4 6 True
Player 2 played : S 4 4 M 4 1
S 4 4 True
M 4 1 True
Time remaining is: 19s
You played : S 4 6 M 3 5
S 4 6 True
M 3 5 True
Player 2 played : S 4 1 M 2 5
S 4 1 True
M 2 5 True
Time remaining is: 18s
You played : S 3 7 M 5 8
S 3 7 True
M 5 8 True
Player 2 played : S 2 5 M 3 8
S 2 5 True
M 3 8 True
Time remaining is: 18s
You played : S 5 8 M 5 6
S 5 8 True
M 5 6 True
Player 2 played : S 3 8 M 4 10
S 3 8 True
M 4 10 True
Time remaining is: 17s
You played : S 5 6 M 4 0 RS 4 1 RE 5 6 X 2 7
S 5 6 True
M 4 0 True
RS 4 1 True
RE 5 6 True
X 2 7 True
Player 2 played : S 1 3 M 1 0
S 1 3 True
M 1 0 True
Time remaining is: 16s
You played : S 4 0 M 4 1
S 4 0 True
M 4 1 True
Player 2 played : S 4 10 M 4 2
S 4 10 True
M 4 2 True
Time remaining is: 16s
You played : S 3 12 M 3 11
S 3 12 True
M 3 11 True
Player 2 played : S 4 2 M 5 6
S 4 2 True
M 5 6 True
Time remaining is: 15s
You played : S 3 11 M 2 7
S 3 11 True
M 2 7 True
Player 2 played : S 5 6 M 4 5
S 5 6 True
M 4 5 True
Time remaining is: 15s
You played : S 4 1 M 5 14
S 4 1 True
M 5 14 True
Player 2 played : S 4 5 M 4 4
S 4 5 True
M 4 4 True
Time remaining is: 14s
You played : S 5 14 M 4 13 RS 1 2 RE 5 14 X 2 7
S 5 14 True
M 4 13 True
RS 1 2 True
RE 5 14 True
X 2 7 True
YOU WIN!
Your Score : 8.017
Opponent's Score : 2.017
