***********************************

-> You are player 2
-> You are alloted a time of 120s

***********************************

Player 1 played : P 3 2
P 3 2 True
Time remaining is: 120s
You played : P 0 0
P 0 0 True
Player 1 played : P 3 16
P 3 16 True
Time remaining is: 120s
You played : P 1 0
P 1 0 True
Player 1 played : P 3 12
P 3 12 True
Time remaining is: 120s
You played : P 1 3
P 1 3 True
Player 1 played : P 2 4
P 2 4 True
Time remaining is: 120s
You played : P 1 1
P 1 1 True
Player 1 played : P 2 8
P 2 8 True
Time remaining is: 120s
You played : P 1 5
P 1 5 True
Player 1 played : S 3 2 M 4 2
S 3 2 True
M 4 2 True
Time remaining is: 120s
You played : S 0 0 M 1 2
S 0 0 True
M 1 2 True
Player 1 played : S 4 2 M 4 3
S 4 2 True
M 4 3 True
Time remaining is: 117s
You played : S 1 2 M 2 5
S 1 2 True
M 2 5 True
Player 1 played : S 4 3 M 5 3
S 4 3 True
M 5 3 True
Time remaining is: 112s
You played : S 1 0 M 5 4
S 1 0 True
M 5 4 True
Player 1 played : S 5 3 M 3 3
S 5 3 True
M 3 3 True
Time remaining is: 110s
You played : S 5 4 M 5 2
S 5 4 True
M 5 2 True
Player 1 played : S 3 3 M 3 4
S 3 3 True
M 3 4 True
Time remaining is: 106s
You played : S 5 2 M 4 1
S 5 2 True
M 4 1 True
Player 1 played : S 3 4 M 3 5
S 3 4 True
M 3 5 True
Time remaining is: 103s
You played : S 2 5 M 2 6
S 2 5 True
M 2 6 True
Player 1 played : S 3 5 M 3 6
S 3 5 True
M 3 6 True
Time remaining is: 100s
You played : S 4 1 M 4 4
S 4 1 True
M 4 4 True
Player 1 played : S 2 4 M 2 2
S 2 4 True
M 2 2 True
Time remaining is: 97s
You played : S 4 4 M 5 6
S 4 4 True
M 5 6 True
Player 1 played : S 2 2 M 2 3
S 2 2 True
M 2 3 True
Time remaining is: 94s
You played : S 5 6 M 5 7 RS 4 1 RE 5 6 X 2 6
S 5 6 True
M 5 7 True
RS 4 1 True
RE 5 6 True
X 2 6 True
Player 1 played : S 3 6 M 4 9
S 3 6 True
M 4 9 True
Time remaining is: 90s
You played : S 5 7 M 2 6
S 5 7 True
M 2 6 True
Player 1 played : S 2 3 M 3 7
S 2 3 True
M 3 7 True
Time remaining is: 71s
You played : S 1 1 M 4 4
S 1 1 True
M 4 4 True
Player 1 played : S 3 7 M 4 2
S 3 7 True
M 4 2 True
Time remaining is: 24s
You played : S 4 4 M 4 7
S 4 4 True
M 4 7 True
Player 1 played : S 4 9 M 4 3
S 4 9 True
M 4 3 True
Time remaining is: 24s
You played : S 1 5 M 2 11 RS 1 5 RE 3 6 X 2 6
S 1 5 True
M 2 11 True
RS 1 5 True
RE 3 6 True
X 2 6 True
Player 1 played : S 4 3 M 5 6
S 4 3 True
M 5 6 True
Time remaining is: 23s
You played : S 1 3 M 5 11
S 1 3 True
M 5 11 True
Player 1 played : S 5 6 M 1 2
S 5 6 True
M 1 2 True
Time remaining is: 23s
You played : S 5 11 M 4 8 RS 1 3 RE 5 11 X 4 8
S 5 11 True
M 4 8 True
RS 1 3 True
RE 5 11 True
X 4 8 True
YOU WIN!
Your Score : 10.006
Opponent's Score : 0.009
