P 2 5
P 2 2
P 2 9
P 3 13
S 3 0 M 4 0
S 4 0 M 4 23
S 4 23 M 5 28
S 5 28 M 4 22
S 4 22 M 3 16
S 3 16 M 2 10
S 2 10 M 3 1
S 2 9 M 4 19
S 4 19 M 3 17
S 3 1 M 4 2
S 2 2 M 0 0
S 0 0 M 3 6
S 3 17 M 3 15
S 4 2 M 4 18
S 2 5 M 1 2
S 1 2 M 2 7
S 2 7 M 1 5 RS 1 4 RE 3 3 X 4 18
S 1 5 M 5 4 RS 5 28 RE 3 2 X 5 4
S 3 15 M 4 20
S 4 20 M 5 26
S 3 13 M 1 0
S 1 0 M 2 6
S 2 6 M 3 9
S 3 9 M 4 12
S 3 6 M 0 0
***********************************

-> You are player 2
-> You are alloted a time of 120s

***********************************

Player 1 played : P 3 0
P 3 0 True
Time remaining is: 120s
You played : P 5 1
P 5 1 True
Player 1 played : P 2 5
P 2 5 True
Time remaining is: 120s
You played : P 2 0
P 2 0 True
Player 1 played : P 2 2
P 2 2 True
Time remaining is: 120s
You played : P 1 4
P 1 4 True
Player 1 played : P 2 9
P 2 9 True
Time remaining is: 120s
You played : P 1 3
P 1 3 True
Player 1 played : P 3 13
P 3 13 True
Time remaining is: 120s
You played : P 3 2
P 3 2 True
Player 1 played : S 3 0 M 4 0
S 3 0 True
M 4 0 True
Time remaining is: 120s
You played : S 1 4 M 2 8
S 1 4 True
M 2 8 True
Player 1 played : S 4 0 M 4 23
S 4 0 True
M 4 23 True
Time remaining is: 120s
You played : S 5 1 M 1 1
S 5 1 True
M 1 1 True
Player 1 played : S 4 23 M 5 28
S 4 23 True
M 5 28 True
Time remaining is: 120s
You played : S 2 0 M 3 14
S 2 0 True
M 3 14 True
Player 1 played : S 5 28 M 4 22
S 5 28 True
M 4 22 True
Time remaining is: 120s
You played : S 1 1 M 2 1
S 1 1 True
M 2 1 True
Player 1 played : S 4 22 M 3 16
S 4 22 True
M 3 16 True
Time remaining is: 120s
You played : S 1 3 M 2 3
S 1 3 True
M 2 3 True
Player 1 played : S 3 16 M 2 10
S 3 16 True
M 2 10 True
Time remaining is: 120s
You played : S 2 3 M 2 4
S 2 3 True
M 2 4 True
Player 1 played : S 2 10 M 3 1
S 2 10 True
M 3 1 True
Time remaining is: 120s
You played : S 3 14 M 2 11
S 3 14 True
M 2 11 True
Player 1 played : S 2 9 M 4 19
S 2 9 True
M 4 19 True
Time remaining is: 120s
You played : S 3 2 M 3 3
S 3 2 True
M 3 3 True
Player 1 played : S 4 19 M 3 17
S 4 19 True
M 3 17 True
Time remaining is: 120s
You played : S 2 4 M 3 7
S 2 4 True
M 3 7 True
Player 1 played : S 3 1 M 4 2
S 3 1 True
M 4 2 True
Time remaining is: 120s
You played : S 3 3 M 4 4
S 3 3 True
M 4 4 True
Player 1 played : S 2 2 M 0 0
S 2 2 True
M 0 0 True
Time remaining is: 120s
You played : S 4 4 M 4 3
S 4 4 True
M 4 3 True
Player 1 played : S 0 0 M 3 6
S 0 0 True
M 3 6 True
Time remaining is: 120s
You played : S 2 1 M 4 1
S 2 1 True
M 4 1 True
Player 1 played : S 3 17 M 3 15
S 3 17 True
M 3 15 True
Time remaining is: 120s
You played : S 2 11 M 4 21
S 2 11 True
M 4 21 True
Player 1 played : S 4 2 M 4 18
S 4 2 True
M 4 18 True
Time remaining is: 119s
You played : S 3 7 M 3 8
S 3 7 True
M 3 8 True
Player 1 played : S 2 5 M 1 2
S 2 5 True
M 1 2 True
Time remaining is: 119s
You played : S 4 3 M 3 4
S 4 3 True
M 3 4 True
Player 1 played : S 1 2 M 2 7
S 1 2 True
M 2 7 True
Time remaining is: 119s
You played : S 4 1 M 5 2
S 4 1 True
M 5 2 True
Player 1 played : S 2 7 M 1 5 RS 1 4 RE 3 3 X 4 18
S 2 7 True
M 1 5 True
RS 1 4 True
RE 3 3 True
X 4 18 True
Time remaining is: 119s
You played : S 2 8 M 3 12
S 2 8 True
M 3 12 True
Player 1 played : S 1 5 M 5 4 RS 5 28 RE 3 2 X 5 4
S 1 5 True
M 5 4 True
RS 5 28 True
RE 3 2 True
X 5 4 True
Time remaining is: 119s
You played : S 3 4 M 3 11
S 3 4 True
M 3 11 True
Player 1 played : S 3 15 M 4 20
S 3 15 True
M 4 20 True
Time remaining is: 119s
You played : S 3 12 M 4 17
S 3 12 True
M 4 17 True
Player 1 played : S 4 20 M 5 26
S 4 20 True
M 5 26 True
Time remaining is: 119s
You played : S 3 11 M 5 28
S 3 11 True
M 5 28 True
Player 1 played : S 3 13 M 1 0
S 3 13 True
M 1 0 True
Time remaining is: 119s
You played : S 4 21 M 5 24
S 4 21 True
M 5 24 True
Player 1 played : S 1 0 M 2 6
S 1 0 True
M 2 6 True
Time remaining is: 119s
You played : S 4 17 M 3 2
S 4 17 True
M 3 2 True
Player 1 played : S 2 6 M 3 9
S 2 6 True
M 3 9 True
Time remaining is: 119s
You played : S 5 24 M 5 22
S 5 24 True
M 5 22 True
Player 1 played : S 3 9 M 4 12
S 3 9 True
M 4 12 True
Time remaining is: 119s
You played : S 3 2 M 4 10
S 3 2 True
M 4 10 True
Player 1 played : S 3 6 M 0 0
S 3 6 True
M 0 0 True
Time remaining is: 119s
You played : S 3 8 M 1 1
S 3 8 True
M 1 1 True
Player 1 played : S 0 0 M 3 0 RS 3 9 RE 1 0 X 3 0
S 0 0 True
M 3 0 True
RS 3 9 True
RE 1 0 True
X 3 0 True
OTHER PLAYER WINS!
Your Score : 0.022
Opponent's Score : 10.014
