In make opp move
Out make opp move
In make opp move
Out make opp move
In make opp move
Out make opp move
In make opp move
Out make opp move
In make opp move
Out make opp move
In make opp move
Out make opp move
For move 
2 4 2 3
VVV
1 0 3 13
VVV
3 14 2 0
VVV
_____In make opp move
Out make opp move
For move 
3 15 1 5
VVV
0 0 3 6
VVV
1 5 2 1
VVV
_____In make opp move
Out make opp move
For move 
4 11 3 9
VVV
0 0 3 6
VVV
2 3 4 5
VVV
_____In make opp move
Out make opp move
For move 
3 9 2 6
VVV
0 0 3 6
VVV
2 3 4 5
VVV
_____In make opp move
Out make opp move
For move 
2 3 4 5
VVV
1 3 2 5
VVV
3 14 4 15
VVV
_____In make opp move
Out make opp move
For move 
1 4 4 13
VVV
0 0 2 8
VVV
4 5 3 2
VVV
_____In make opp move
Out make opp move
For move 
3 14 3 12
VVV
2 2 4 6
VVV
3 12 4 4
VVV
_____In make opp move
Out make opp move
For move 
1 5 2 9
VVV
1 3 3 11
VVV
2 6 1 3
VVV
_____In make opp move
Out make opp move
For move 
2 6 2 0
VVV
2 2 3 7
VVV
4 5 3 2
VVV
_____In make opp move
Out make opp move
For move 
4 5 3 2
VVV
2 5 5 14
VVV
2 0 2 1
VVV
_____In make opp move
Out make opp move
For move 
4 13 5 14
VVV
3 1 2 1
VVV
3 2 3 0
VVV
0 0 1 0
VVV
_____In make opp move
Out make opp move
For move 
3 2 3 0
VVV
2 1 4 1
VVV
2 0 3 1
VVV
0 0 1 0
VVV
_____In make opp move
Out make opp move
For move 
3 0 3 1
VVV
0 0 4 4
VVV
2 0 1 3
VVV
4 4 5 4
VVV
_____In make opp move
Out make opp move
For move 
2 0 1 3
VVV
2 11 2 7
VVV
2 9 1 0
VVV
4 4 5 4
VVV
_____In make opp move
Out make opp move
For move 
1 3 2 7
VVV
1 2 5 6
VVV
3 1 2 5
VVV
4 4 5 4
VVV
_____In make opp move
Out make opp move
For move 
3 1 5 7
VVV
2 11 3 5
VVV
5 7 4 6
VVV
4 2 5 2
VVV
_____In make opp move
Out make opp move
For move 
3 12 2 8
VVV
1 2 2 10
VVV
2 9 1 0
VVV
4 2 5 2
VVV
_____In make opp move
Out make opp move
For move 
5 14 4 12
VVV
1 2 2 10
VVV
2 7 3 17
VVV
4 2 5 2
VVV
_____In make opp move
Out make opp move
For move 
2 7 3 17
VVV
2 10 3 16
VVV
3 17 2 1
VVV
4 2 5 2
VVV
_____In make opp move
Out make opp move
For move 
3 17 2 1
VVV
3 7 4 9
VVV
2 1 4 6
VVV
4 9 3 6
VVV
_____In make opp move
Out make opp move
For move 
2 1 4 1
VVV
3 7 4 10
VVV
4 1 5 1
VVV
4 10 5 2
VVV
_____***********************************

-> You are player 2
-> You are alloted a time of 120s

***********************************

Player 1 played : P 0 0
P 0 0 True
Time remaining is: 120s
You played : P 4 11
P 4 11 True
Player 1 played : P 1 0
P 1 0 True
Time remaining is: 120s
You played : P 2 4
P 2 4 True
Player 1 played : P 1 1
P 1 1 True
Time remaining is: 120s
You played : P 3 14
P 3 14 True
Player 1 played : P 1 2
P 1 2 True
Time remaining is: 120s
You played : P 3 15
P 3 15 True
Player 1 played : P 1 3
P 1 3 True
Time remaining is: 120s
You played : P 1 4
P 1 4 True
Player 1 played : S 1 2 M 3 4
S 1 2 True
M 3 4 True
Time remaining is: 120s
You played : S 2 4 M 2 3
S 2 4 True
M 2 3 True
Player 1 played : S 1 0 M 2 0
S 1 0 True
M 2 0 True
Time remaining is: 120s
You played : S 3 15 M 1 5
S 3 15 True
M 1 5 True
Player 1 played : S 3 4 M 2 1
S 3 4 True
M 2 1 True
Time remaining is: 120s
You played : S 4 11 M 3 9
S 4 11 True
M 3 9 True
Player 1 played : S 2 0 M 2 11
S 2 0 True
M 2 11 True
Time remaining is: 119s
You played : S 3 9 M 2 6
S 3 9 True
M 2 6 True
Player 1 played : S 1 1 M 3 3
S 1 1 True
M 3 3 True
Time remaining is: 119s
You played : S 2 3 M 4 5
S 2 3 True
M 4 5 True
Player 1 played : S 3 3 M 3 0
S 3 3 True
M 3 0 True
Time remaining is: 119s
You played : S 1 4 M 4 13
S 1 4 True
M 4 13 True
Player 1 played : S 0 0 M 2 2
S 0 0 True
M 2 2 True
Time remaining is: 118s
You played : S 3 14 M 3 12
S 3 14 True
M 3 12 True
Player 1 played : S 3 0 M 3 1
S 3 0 True
M 3 1 True
Time remaining is: 117s
You played : S 1 5 M 2 9
S 1 5 True
M 2 9 True
Player 1 played : S 1 3 M 2 5 RS 1 3 RE 3 0 X 2 1
S 1 3 True
M 2 5 True
RS 1 3 True
RE 3 0 True
X 2 1 True
Time remaining is: 116s
You played : S 2 6 M 2 0
S 2 6 True
M 2 0 True
Player 1 played : S 2 2 M 0 0
S 2 2 True
M 0 0 True
Time remaining is: 115s
You played : S 4 5 M 3 2
S 4 5 True
M 3 2 True
Player 1 played : S 2 5 M 3 8
S 2 5 True
M 3 8 True
Time remaining is: 115s
You played : S 4 13 M 5 14
S 4 13 True
M 5 14 True
Player 1 played : S 3 1 M 2 1
S 3 1 True
M 2 1 True
Time remaining is: 106s
You played : S 3 2 M 3 0
S 3 2 True
M 3 0 True
Player 1 played : S 2 1 M 4 1 RS 3 1 RE 2 5 X 4 1
S 2 1 True
M 4 1 True
RS 3 1 True
RE 2 5 True
X 4 1 True
Time remaining is: 102s
You played : S 3 0 M 3 1
S 3 0 True
M 3 1 True
Player 1 played : S 0 0 M 4 4
S 0 0 True
M 4 4 True
Time remaining is: 102s
You played : S 2 0 M 1 3
S 2 0 True
M 1 3 True
Player 1 played : S 3 8 M 1 2
S 3 8 True
M 1 2 True
Time remaining is: 100s
You played : S 1 3 M 2 7
S 1 3 True
M 2 7 True
Player 1 played : S 4 4 M 4 2
S 4 4 True
M 4 2 True
Time remaining is: 98s
You played : S 3 1 M 5 7
S 3 1 True
M 5 7 True
Player 1 played : S 2 11 M 1 1
S 2 11 True
M 1 1 True
Time remaining is: 97s
You played : S 3 12 M 2 8
S 3 12 True
M 2 8 True
Player 1 played : S 1 1 M 1 0
S 1 1 True
M 1 0 True
Time remaining is: 94s
You played : S 5 14 M 4 12
S 5 14 True
M 4 12 True
Player 1 played : S 1 2 M 2 10
S 1 2 True
M 2 10 True
Time remaining is: 93s
You played : S 2 7 M 3 17
S 2 7 True
M 3 17 True
Player 1 played : S 4 2 M 3 7
S 4 2 True
M 3 7 True
Time remaining is: 93s
You played : S 3 17 M 2 1
S 3 17 True
M 2 1 True
Player 1 played : S 2 10 M 5 3
S 2 10 True
M 5 3 True
Time remaining is: 92s
You played : S 2 1 M 4 1
S 2 1 True
M 4 1 True
Player 1 played : S 5 3 M 3 5 RS 3 3 RE 1 4 X 3 5
S 5 3 True
M 3 5 True
RS 3 3 True
RE 1 4 True
X 3 5 True
OTHER PLAYER WINS!
Your Score : 0.018
Opponent's Score : 10.01
