5120Hai i am pl21doneHai i am pl22doneHai i am pl23doneHai i am pl24doneHai i am pl25doneHai i am pl26..  ..  ..  ..  ..  ..  ..  ..  ..  ..  ..  ..  ..  ..  
..  ..  ..  ..  ..  ..  ..  ..  ..  ..  ..  ..  ..  ..  
..  ..  ..  ..  ..  ..  ..  ..  ..  ..  ..  ..  ..  ..  
..  ..  ..  ..  ..  ..  ..  -2  ..  ..  ..  ..  ..  ..  
..  ..  ..  ..  ..  ..  ..  ..  -2  ..  ..  ..  ..  ..  
..  ..  ..  ..  ..  ..  ..  ..  ..  -2  ..  ..  ..  ..  
..  ..  ..  ..  ..  ..  ..  ..  ..  ..  -2  ..  ..  ..  
..  ..  ..  ..  ..  ..  ..  ..  ..  ..  ..  -2  ..  ..  
..  ..  ..  ..  ..  ..  ..  ..  ..  ..  ..  ..  ..  ..  
..  ..  ..  ..  ..  ..  ..  +2  ..  ..  ..  ..  ..  ..  
..  ..  ..  ..  ..  ..  +2  ..  ..  ..  ..  ..  ..  ..  
..  ..  ..  ..  ..  ..  ..  +1  ..  ..  ..  ..  ..  ..  
..  ..  ..  ..  ..  ..  +2  ..  ..  ..  ..  ..  ..  ..  
..  ..  ..  ..  ..  ..  ..  +2  ..  ..  ..  ..  ..  ..  
..  ..  ..  ..  +2  ..  ..  ..  ..  ..  ..  ..  ..  ..  
..  ..  ..  ..  ..  ..  ..  ..  ..  ..  ..  ..  ..  ..  
..  ..  ..  ..  ..  ..  ..  ..  ..  ..  ..  ..  ..  ..  
..  ..  ..  ..  ..  ..  ..  ..  ..  ..  ..  ..  ..  ..  
..  ..  ..  ..  ..  ..  ..  ..  ..  ..  ..  ..  ..  ..  
..  ..  ..  ..  ..  ..  ..  ..  ..  ..  ..  ..  ..  ..  
..  ..  ..  ..  ..  ..  ..  ..  ..  ..  ..  ..  ..  ..  
..  ..  ..  ..  ..  ..  ..  ..  ..  ..  ..  ..  ..  ..  
..  ..  ..  ..  ..  ..  ..  ..  ..  ..  ..  ..  ..  ..  
..  ..  ..  ..  ..  ..  ..  ..  ..  ..  ..  ..  ..  ..  
..  ..  ..  ..  ..  ..  ..  ..  ..  ..  ..  ..  ..  ..  
..  ..  ..  ..  ..  ..  ..  -2  ..  ..  ..  ..  ..  ..  
..  ..  ..  ..  ..  ..  ..  ..  -2  ..  ..  ..  ..  ..  
..  ..  ..  ..  ..  ..  ..  ..  ..  -2  ..  ..  ..  ..  
..  ..  ..  ..  ..  ..  ..  ..  ..  ..  -2  ..  ..  ..  
..  ..  ..  ..  ..  ..  ..  ..  ..  ..  ..  -2  ..  ..  
..  ..  ..  ..  ..  ..  ..  ..  ..  ..  ..  ..  ..  ..  
..  ..  ..  ..  ..  ..  ..  +2  ..  ..  ..  ..  ..  ..  
..  ..  ..  ..  ..  ..  +2  ..  ..  ..  ..  ..  ..  ..  
..  ..  ..  ..  ..  ..  ..  +1  ..  ..  ..  ..  ..  ..  
..  ..  ..  ..  ..  ..  +2  ..  ..  ..  ..  ..  ..  ..  
..  ..  ..  ..  ..  ..  ..  +2  ..  ..  ..  ..  ..  ..  
..  ..  ..  ..  +2  ..  ..  ..  ..  ..  ..  ..  ..  ..  
..  ..  ..  ..  ..  ..  ..  ..  ..  ..  ..  ..  ..  ..  
..  ..  ..  ..  ..  ..  ..  ..  ..  ..  ..  ..  ..  ..  
..  ..  ..  ..  ..  ..  ..  ..  ..  ..  ..  ..  ..  ..  
..  ..  ..  ..  ..  ..  ..  ..  ..  ..  ..  ..  ..  ..  
..  ..  ..  ..  ..  ..  ..  ..  ..  ..  ..  ..  ..  ..  
..  ..  ..  ..  ..  ..  ..  ..  ..  ..  ..  ..  ..  ..  
..  ..  ..  ..  ..  ..  ..  ..  ..  ..  ..  ..  ..  ..  
..  ..  ..  ..  ..  ..  ..  ..  ..  ..  ..  ..  ..  ..  
..  ..  ..  ..  ..  ..  ..  ..  ..  ..  ..  ..  ..  ..  
..  ..  ..  ..  ..  ..  ..  ..  ..  ..  ..  ..  ..  ..  
..  ..  ..  ..  ..  ..  ..  -2  ..  ..  ..  ..  ..  ..  
..  ..  ..  ..  ..  ..  ..  ..  -2  ..  ..  ..  ..  ..  
..  ..  ..  ..  ..  ..  ..  ..  ..  -1  ..  ..  ..  ..  
..  ..  ..  ..  ..  ..  ..  ..  ..  ..  -2  ..  ..  ..  
..  ..  ..  ..  ..  ..  ..  ..  ..  -2  ..  -2  ..  ..  
..  ..  ..  ..  ..  ..  ..  ..  ..  ..  ..  ..  ..  ..  
..  ..  ..  ..  ..  ..  ..  +2  ..  ..  ..  ..  ..  ..  
..  ..  ..  ..  ..  ..  +2  ..  ..  ..  ..  ..  ..  ..  
..  ..  ..  ..  ..  ..  ..  +1  ..  ..  ..  ..  ..  ..  
..  ..  ..  ..  ..  ..  +2  ..  ..  ..  ..  ..  ..  ..  
..  ..  ..  ..  ..  ..  ..  +2  ..  ..  ..  ..  ..  ..  
..  ..  ..  ..  +2  ..  ..  ..  ..  ..  ..  ..  ..  ..  
..  ..  ..  ..  ..  ..  ..  ..  ..  ..  ..  ..  ..  ..  
..  ..  ..  ..  ..  ..  ..  ..  ..  ..  ..  ..  ..  ..  
..  ..  ..  ..  ..  ..  ..  ..  ..  ..  ..  ..  ..  ..  
..  ..  ..  ..  ..  ..  ..  ..  ..  ..  ..  ..  ..  ..  
..  ..  ..  ..  ..  ..  ..  ..  ..  ..  ..  ..  ..  ..  
..  ..  ..  ..  ..  ..  ..  ..  ..  ..  ..  ..  ..  ..  
..  ..  ..  ..  ..  ..  ..  ..  ..  ..  ..  ..  ..  ..  
..  ..  ..  ..  ..  ..  ..  ..  ..  ..  ..  ..  ..  ..  
..  ..  ..  ..  ..  ..  ..  ..  ..  ..  ..  ..  ..  ..  
..  ..  ..  ..  ..  ..  ..  ..  ..  ..  ..  ..  ..  ..  
..  ..  ..  ..  ..  ..  ..  -2  ..  ..  ..  ..  ..  ..  
..  ..  ..  ..  ..  ..  ..  ..  -2  ..  ..  ..  ..  ..  
..  ..  ..  ..  ..  ..  ..  ..  ..  -1  ..  ..  ..  ..  
..  ..  ..  ..  ..  ..  ..  ..  ..  ..  -2  ..  ..  ..  
..  ..  ..  ..  ..  ..  ..  ..  ..  -2  ..  -2  ..  ..  
..  ..  ..  ..  ..  ..  ..  ..  ..  ..  ..  ..  ..  ..  
..  ..  ..  ..  ..  ..  ..  +2  ..  ..  ..  ..  ..  ..  
..  ..  ..  ..  ..  ..  +2  ..  ..  ..  ..  ..  ..  ..  
..  ..  ..  ..  ..  ..  ..  +1  ..  ..  ..  ..  ..  ..  
..  ..  ..  ..  ..  ..  +2  ..  ..  ..  ..  ..  ..  ..  
..  ..  ..  ..  ..  ..  ..  +2  ..  ..  ..  ..  ..  ..  
..  ..  ..  ..  +2  ..  ..  ..  ..  ..  ..  ..  ..  ..  
..  ..  ..  ..  ..  ..  ..  ..  ..  ..  ..  ..  ..  ..  
..  ..  ..  ..  ..  ..  ..  ..  ..  ..  ..  ..  ..  ..  
..  ..  ..  ..  ..  ..  ..  ..  ..  ..  ..  ..  ..  ..  
..  ..  ..  ..  ..  ..  ..  ..  ..  ..  ..  ..  ..  ..  
..  ..  ..  ..  ..  ..  ..  ..  ..  ..  ..  ..  ..  ..  
..  ..  ..  ..  ..  ..  ..  ..  ..  ..  ..  ..  ..  ..  
..  ..  ..  ..  ..  ..  ..  ..  ..  ..  ..  ..  ..  ..  
doneHai i am pl27..  ..  ..  ..  ..  ..  ..  ..  ..  ..  ..  ..  ..  ..  
..  ..  ..  ..  ..  ..  ..  ..  ..  ..  ..  ..  ..  ..  
..  ..  ..  ..  ..  ..  ..  ..  ..  ..  ..  ..  ..  ..  
..  ..  ..  ..  ..  ..  ..  -2  ..  ..  ..  ..  ..  ..  
..  ..  ..  ..  ..  ..  ..  ..  -2  ..  ..  ..  ..  ..  
..  ..  ..  ..  ..  ..  ..  ..  ..  -1  ..  ..  ..  ..  
..  ..  ..  ..  ..  ..  ..  ..  ..  ..  -2  ..  ..  ..  
..  ..  ..  ..  ..  ..  ..  +2  ..  -2  ..  -2  ..  ..  
..  ..  ..  ..  ..  ..  ..  ..  ..  ..  ..  ..  ..  ..  
..  ..  ..  ..  ..  ..  ..  +1  ..  ..  ..  ..  ..  ..  
..  ..  ..  ..  ..  ..  +2  ..  ..  ..  ..  ..  ..  ..  
..  ..  ..  ..  ..  ..  ..  +1  ..  ..  ..  ..  ..  ..  
..  ..  ..  ..  ..  ..  +2  ..  ..  ..  ..  ..  ..  ..  
..  ..  ..  ..  ..  ..  ..  +2  ..  ..  ..  ..  ..  ..  
..  ..  ..  ..  +2  ..  ..  ..  ..  ..  ..  ..  ..  ..  
..  ..  ..  ..  ..  ..  ..  ..  ..  ..  ..  ..  ..  ..  
..  ..  ..  ..  ..  ..  ..  ..  ..  ..  ..  ..  ..  ..  
..  ..  ..  ..  ..  ..  ..  ..  ..  ..  ..  ..  ..  ..  
..  ..  ..  ..  ..  ..  ..  ..  ..  ..  ..  ..  ..  ..  
..  ..  ..  ..  ..  ..  ..  ..  ..  ..  ..  ..  ..  ..  
..  ..  ..  ..  ..  ..  ..  ..  ..  ..  ..  ..  ..  ..  
..  ..  ..  ..  ..  ..  ..  ..  ..  ..  ..  ..  ..  ..  
..  ..  ..  ..  ..  ..  ..  ..  ..  ..  ..  ..  ..  ..  
..  ..  ..  ..  ..  ..  ..  ..  ..  ..  ..  ..  ..  ..  
..  ..  ..  ..  ..  ..  ..  ..  ..  ..  ..  ..  ..  ..  
..  ..  ..  ..  ..  ..  ..  -2  ..  ..  ..  ..  ..  ..  
..  ..  ..  ..  ..  ..  ..  ..  -2  ..  ..  ..  ..  ..  
..  ..  ..  ..  ..  ..  ..  ..  ..  -1  ..  ..  ..  ..  
..  ..  ..  ..  ..  ..  ..  ..  ..  ..  -2  ..  ..  ..  
..  ..  ..  ..  ..  ..  ..  +2  ..  -2  ..  -2  ..  ..  
..  ..  ..  ..  ..  ..  ..  ..  ..  ..  ..  ..  ..  ..  
..  ..  ..  ..  ..  ..  ..  +1  ..  ..  ..  ..  ..  ..  
..  ..  ..  ..  ..  ..  +2  ..  ..  ..  ..  ..  ..  ..  
..  ..  ..  ..  ..  ..  ..  +1  ..  ..  ..  ..  ..  ..  
..  ..  ..  ..  ..  ..  +2  ..  ..  ..  ..  ..  ..  ..  
..  ..  ..  ..  ..  ..  ..  +2  ..  ..  ..  ..  ..  ..  
..  ..  ..  ..  +2  ..  ..  ..  ..  ..  ..  ..  ..  ..  
..  ..  ..  ..  ..  ..  ..  ..  ..  ..  ..  ..  ..  ..  
..  ..  ..  ..  ..  ..  ..  ..  ..  ..  ..  ..  ..  ..  
..  ..  ..  ..  ..  ..  ..  ..  ..  ..  ..  ..  ..  ..  
..  ..  ..  ..  ..  ..  ..  ..  ..  ..  ..  ..  ..  ..  
..  ..  ..  ..  ..  ..  ..  ..  ..  ..  ..  ..  ..  ..  
..  ..  ..  ..  ..  ..  ..  ..  ..  ..  ..  ..  ..  ..  
..  ..  ..  ..  ..  ..  ..  ..  ..  ..  ..  ..  ..  ..  
..  ..  ..  ..  ..  ..  ..  ..  ..  ..  ..  ..  ..  ..  
..  ..  ..  ..  ..  ..  ..  ..  ..  ..  ..  ..  ..  ..  
..  ..  ..  ..  ..  ..  ..  ..  ..  ..  ..  ..  ..  ..  
..  ..  ..  ..  ..  ..  ..  -2  ..  ..  ..  ..  ..  ..  
..  ..  ..  ..  ..  ..  ..  ..  -1  ..  ..  ..  ..  ..  
..  ..  ..  ..  ..  ..  ..  ..  ..  -1  ..  ..  ..  ..  
..  ..  ..  ..  ..  ..  ..  ..  -2  ..  -2  ..  ..  ..  
..  ..  ..  ..  ..  ..  ..  +2  ..  -2  ..  -2  ..  ..  
..  ..  ..  ..  ..  ..  ..  ..  ..  ..  ..  ..  ..  ..  
..  ..  ..  ..  ..  ..  ..  +1  ..  ..  ..  ..  ..  ..  
..  ..  ..  ..  ..  ..  +2  ..  ..  ..  ..  ..  ..  ..  
..  ..  ..  ..  ..  ..  ..  +1  ..  ..  ..  ..  ..  ..  
..  ..  ..  ..  ..  ..  +2  ..  ..  ..  ..  ..  ..  ..  
..  ..  ..  ..  ..  ..  ..  +2  ..  ..  ..  ..  ..  ..  
..  ..  ..  ..  +2  ..  ..  ..  ..  ..  ..  ..  ..  ..  
..  ..  ..  ..  ..  ..  ..  ..  ..  ..  ..  ..  ..  ..  
..  ..  ..  ..  ..  ..  ..  ..  ..  ..  ..  ..  ..  ..  
..  ..  ..  ..  ..  ..  ..  ..  ..  ..  ..  ..  ..  ..  
..  ..  ..  ..  ..  ..  ..  ..  ..  ..  ..  ..  ..  ..  
..  ..  ..  ..  ..  ..  ..  ..  ..  ..  ..  ..  ..  ..  
..  ..  ..  ..  ..  ..  ..  ..  ..  ..  ..  ..  ..  ..  
..  ..  ..  ..  ..  ..  ..  ..  ..  ..  ..  ..  ..  ..  
..  ..  ..  ..  ..  ..  ..  ..  ..  ..  ..  ..  ..  ..  
..  ..  ..  ..  ..  ..  ..  ..  ..  ..  ..  ..  ..  ..  
..  ..  ..  ..  ..  ..  ..  ..  ..  ..  ..  ..  ..  ..  
..  ..  ..  ..  ..  ..  ..  -2  ..  ..  ..  ..  ..  ..  
..  ..  ..  ..  ..  ..  ..  ..  -1  ..  ..  ..  ..  ..  
..  ..  ..  ..  ..  ..  ..  ..  ..  -1  ..  ..  ..  ..  
..  ..  ..  ..  ..  ..  ..  ..  -2  ..  -2  ..  ..  ..  
..  ..  ..  ..  ..  ..  ..  +2  ..  -2  ..  -2  ..  ..  
..  ..  ..  ..  ..  ..  ..  ..  ..  ..  ..  ..  ..  ..  
..  ..  ..  ..  ..  ..  ..  +1  ..  ..  ..  ..  ..  ..  
..  ..  ..  ..  ..  ..  +2  ..  ..  ..  ..  ..  ..  ..  
..  ..  ..  ..  ..  ..  ..  +1  ..  ..  ..  ..  ..  ..  
..  ..  ..  ..  ..  ..  +2  ..  ..  ..  ..  ..  ..  ..  
..  ..  ..  ..  ..  ..  ..  +2  ..  ..  ..  ..  ..  ..  
..  ..  ..  ..  +2  ..  ..  ..  ..  ..  ..  ..  ..  ..  
..  ..  ..  ..  ..  ..  ..  ..  ..  ..  ..  ..  ..  ..  
..  ..  ..  ..  ..  ..  ..  ..  ..  ..  ..  ..  ..  ..  
..  ..  ..  ..  ..  ..  ..  ..  ..  ..  ..  ..  ..  ..  
..  ..  ..  ..  ..  ..  ..  ..  ..  ..  ..  ..  ..  ..  
..  ..  ..  ..  ..  ..  ..  ..  ..  ..  ..  ..  ..  ..  
..  ..  ..  ..  ..  ..  ..  ..  ..  ..  ..  ..  ..  ..  
..  ..  ..  ..  ..  ..  ..  ..  ..  ..  ..  ..  ..  ..  
doneHai i am pl28..  ..  ..  ..  ..  ..  ..  ..  ..  ..  ..  ..  ..  ..  
..  ..  ..  ..  ..  ..  ..  ..  ..  ..  ..  ..  ..  ..  
..  ..  ..  ..  ..  ..  ..  ..  ..  ..  ..  ..  ..  ..  
..  ..  ..  ..  ..  ..  ..  -2  ..  ..  ..  ..  ..  ..  
..  ..  ..  ..  ..  ..  ..  ..  -1  ..  ..  ..  ..  ..  
..  ..  ..  ..  ..  ..  ..  ..  ..  -1  ..  ..  ..  ..  
..  ..  ..  ..  ..  ..  ..  ..  -2  ..  -2  ..  ..  ..  
..  ..  ..  ..  ..  ..  ..  +2  ..  -2  ..  -2  ..  ..  
..  ..  ..  ..  ..  ..  ..  ..  ..  ..  ..  ..  ..  ..  
..  ..  ..  ..  ..  ..  ..  +1  ..  ..  ..  ..  ..  ..  
..  ..  ..  ..  ..  ..  +2  ..  ..  ..  ..  ..  ..  ..  
..  ..  ..  ..  ..  ..  ..  +1  ..  ..  ..  ..  ..  ..  
..  ..  ..  ..  ..  ..  +1  ..  ..  ..  ..  ..  ..  ..  
..  ..  ..  ..  ..  +2  ..  +2  ..  ..  ..  ..  ..  ..  
..  ..  ..  ..  +2  ..  ..  ..  ..  ..  ..  ..  ..  ..  
..  ..  ..  ..  ..  ..  ..  ..  ..  ..  ..  ..  ..  ..  
..  ..  ..  ..  ..  ..  ..  ..  ..  ..  ..  ..  ..  ..  
..  ..  ..  ..  ..  ..  ..  ..  ..  ..  ..  ..  ..  ..  
..  ..  ..  ..  ..  ..  ..  ..  ..  ..  ..  ..  ..  ..  
..  ..  ..  ..  ..  ..  ..  ..  ..  ..  ..  ..  ..  ..  
..  ..  ..  ..  ..  ..  ..  ..  ..  ..  ..  ..  ..  ..  
..  ..  ..  ..  ..  ..  ..  ..  ..  ..  ..  ..  ..  ..  
..  ..  ..  ..  ..  ..  ..  ..  ..  ..  ..  ..  ..  ..  
..  ..  ..  ..  ..  ..  ..  ..  ..  ..  ..  ..  ..  ..  
..  ..  ..  ..  ..  ..  ..  ..  ..  ..  ..  ..  ..  ..  
..  ..  ..  ..  ..  ..  ..  -2  ..  ..  ..  ..  ..  ..  
..  ..  ..  ..  ..  ..  ..  ..  -1  ..  ..  ..  ..  ..  
..  ..  ..  ..  ..  ..  ..  ..  ..  -1  ..  ..  ..  ..  
..  ..  ..  ..  ..  ..  ..  ..  -2  ..  -2  ..  ..  ..  
..  ..  ..  ..  ..  ..  ..  +2  ..  -2  ..  -2  ..  ..  
..  ..  ..  ..  ..  ..  ..  ..  ..  ..  ..  ..  ..  ..  
..  ..  ..  ..  ..  ..  ..  +1  ..  ..  ..  ..  ..  ..  
..  ..  ..  ..  ..  ..  +2  ..  ..  ..  ..  ..  ..  ..  
..  ..  ..  ..  ..  ..  ..  +1  ..  ..  ..  ..  ..  ..  
..  ..  ..  ..  ..  ..  +1  ..  ..  ..  ..  ..  ..  ..  
..  ..  ..  ..  ..  +2  ..  +2  ..  ..  ..  ..  ..  ..  
..  ..  ..  ..  +2  ..  ..  ..  ..  ..  ..  ..  ..  ..  
..  ..  ..  ..  ..  ..  ..  ..  ..  ..  ..  ..  ..  ..  
..  ..  ..  ..  ..  ..  ..  ..  ..  ..  ..  ..  ..  ..  
..  ..  ..  ..  ..  ..  ..  ..  ..  ..  ..  ..  ..  ..  
..  ..  ..  ..  ..  ..  ..  ..  ..  ..  ..  ..  ..  ..  
..  ..  ..  ..  ..  ..  ..  ..  ..  ..  ..  ..  ..  ..  
..  ..  ..  ..  ..  ..  ..  ..  ..  ..  ..  ..  ..  ..  
..  ..  ..  ..  ..  ..  ..  ..  ..  ..  ..  ..  ..  ..  
..  ..  ..  ..  ..  ..  ..  ..  ..  ..  ..  ..  ..  ..  
..  ..  ..  ..  ..  ..  ..  ..  ..  ..  ..  ..  ..  ..  
..  ..  ..  ..  ..  ..  ..  ..  ..  ..  ..  ..  ..  ..  
..  ..  ..  ..  ..  ..  ..  -1  ..  ..  ..  ..  ..  ..  
..  ..  ..  ..  ..  ..  ..  ..  -1  ..  ..  ..  ..  ..  
..  ..  ..  ..  ..  ..  ..  -2  ..  -1  ..  ..  ..  ..  
..  ..  ..  ..  ..  ..  ..  ..  -2  ..  -2  ..  ..  ..  
..  ..  ..  ..  ..  ..  ..  +2  ..  -2  ..  -2  ..  ..  
..  ..  ..  ..  ..  ..  ..  ..  ..  ..  ..  ..  ..  ..  
..  ..  ..  ..  ..  ..  ..  +1  ..  ..  ..  ..  ..  ..  
..  ..  ..  ..  ..  ..  +2  ..  ..  ..  ..  ..  ..  ..  
..  ..  ..  ..  ..  ..  ..  +1  ..  ..  ..  ..  ..  ..  
..  ..  ..  ..  ..  ..  +1  ..  ..  ..  ..  ..  ..  ..  
..  ..  ..  ..  ..  +2  ..  +2  ..  ..  ..  ..  ..  ..  
..  ..  ..  ..  +2  ..  ..  ..  ..  ..  ..  ..  ..  ..  
..  ..  ..  ..  ..  ..  ..  ..  ..  ..  ..  ..  ..  ..  
..  ..  ..  ..  ..  ..  ..  ..  ..  ..  ..  ..  ..  ..  
..  ..  ..  ..  ..  ..  ..  ..  ..  ..  ..  ..  ..  ..  
..  ..  ..  ..  ..  ..  ..  ..  ..  ..  ..  ..  ..  ..  
..  ..  ..  ..  ..  ..  ..  ..  ..  ..  ..  ..  ..  ..  
..  ..  ..  ..  ..  ..  ..  ..  ..  ..  ..  ..  ..  ..  
..  ..  ..  ..  ..  ..  ..  ..  ..  ..  ..  ..  ..  ..  
..  ..  ..  ..  ..  ..  ..  ..  ..  ..  ..  ..  ..  ..  
..  ..  ..  ..  ..  ..  ..  ..  ..  ..  ..  ..  ..  ..  
..  ..  ..  ..  ..  ..  ..  ..  ..  ..  ..  ..  ..  ..  
..  ..  ..  ..  ..  ..  ..  -1  ..  ..  ..  ..  ..  ..  
..  ..  ..  ..  ..  ..  ..  ..  -1  ..  ..  ..  ..  ..  
..  ..  ..  ..  ..  ..  ..  -2  ..  -1  ..  ..  ..  ..  
..  ..  ..  ..  ..  ..  ..  ..  -2  ..  -2  ..  ..  ..  
..  ..  ..  ..  ..  ..  ..  +2  ..  -2  ..  -2  ..  ..  
..  ..  ..  ..  ..  ..  ..  ..  ..  ..  ..  ..  ..  ..  
..  ..  ..  ..  ..  ..  ..  +1  ..  ..  ..  ..  ..  ..  
..  ..  ..  ..  ..  ..  +2  ..  ..  ..  ..  ..  ..  ..  
..  ..  ..  ..  ..  ..  ..  +1  ..  ..  ..  ..  ..  ..  
..  ..  ..  ..  ..  ..  +1  ..  ..  ..  ..  ..  ..  ..  
..  ..  ..  ..  ..  +2  ..  +2  ..  ..  ..  ..  ..  ..  
..  ..  ..  ..  +2  ..  ..  ..  ..  ..  ..  ..  ..  ..  
..  ..  ..  ..  ..  ..  ..  ..  ..  ..  ..  ..  ..  ..  
..  ..  ..  ..  ..  ..  ..  ..  ..  ..  ..  ..  ..  ..  
..  ..  ..  ..  ..  ..  ..  ..  ..  ..  ..  ..  ..  ..  
..  ..  ..  ..  ..  ..  ..  ..  ..  ..  ..  ..  ..  ..  
..  ..  ..  ..  ..  ..  ..  ..  ..  ..  ..  ..  ..  ..  
..  ..  ..  ..  ..  ..  ..  ..  ..  ..  ..  ..  ..  ..  
..  ..  ..  ..  ..  ..  ..  ..  ..  ..  ..  ..  ..  ..  
doneHai i am pl29..  ..  ..  ..  ..  ..  ..  ..  ..  ..  ..  ..  ..  ..  
..  ..  ..  ..  ..  ..  ..  ..  ..  ..  ..  ..  ..  ..  
..  ..  ..  ..  ..  ..  ..  ..  ..  ..  ..  ..  ..  ..  
..  ..  ..  ..  ..  ..  ..  -1  ..  ..  ..  ..  ..  ..  
..  ..  ..  ..  ..  ..  ..  ..  -1  ..  ..  ..  ..  ..  
..  ..  ..  ..  ..  +2  ..  -2  ..  -1  ..  ..  ..  ..  
..  ..  ..  ..  ..  ..  ..  ..  -2  ..  -2  ..  ..  ..  
..  ..  ..  ..  ..  ..  ..  +2  ..  -2  ..  -2  ..  ..  
..  ..  ..  ..  ..  ..  ..  ..  ..  ..  ..  ..  ..  ..  
..  ..  ..  ..  ..  ..  ..  +1  ..  ..  ..  ..  ..  ..  
..  ..  ..  ..  ..  ..  +2  ..  ..  ..  ..  ..  ..  ..  
..  ..  ..  ..  ..  ..  ..  +1  ..  ..  ..  ..  ..  ..  
..  ..  ..  ..  ..  ..  +1  ..  ..  ..  ..  ..  ..  ..  
..  ..  ..  ..  ..  +1  ..  +2  ..  ..  ..  ..  ..  ..  
..  ..  ..  ..  +2  ..  ..  ..  ..  ..  ..  ..  ..  ..  
..  ..  ..  ..  ..  ..  ..  ..  ..  ..  ..  ..  ..  ..  
..  ..  ..  ..  ..  ..  ..  ..  ..  ..  ..  ..  ..  ..  
..  ..  ..  ..  ..  ..  ..  ..  ..  ..  ..  ..  ..  ..  
..  ..  ..  ..  ..  ..  ..  ..  ..  ..  ..  ..  ..  ..  
..  ..  ..  ..  ..  ..  ..  ..  ..  ..  ..  ..  ..  ..  
..  ..  ..  ..  ..  ..  ..  ..  ..  ..  ..  ..  ..  ..  
..  ..  ..  ..  ..  ..  ..  ..  ..  ..  ..  ..  ..  ..  
..  ..  ..  ..  ..  ..  ..  ..  ..  ..  ..  ..  ..  ..  
..  ..  ..  ..  ..  ..  ..  ..  ..  ..  ..  ..  ..  ..  
..  ..  ..  ..  ..  ..  ..  ..  ..  ..  ..  ..  ..  ..  
..  ..  ..  ..  ..  ..  ..  -1  ..  ..  ..  ..  ..  ..  
..  ..  ..  ..  ..  ..  ..  ..  -1  ..  ..  ..  ..  ..  
..  ..  ..  ..  ..  +2  ..  -2  ..  -1  ..  ..  ..  ..  
..  ..  ..  ..  ..  ..  ..  ..  -2  ..  -2  ..  ..  ..  
..  ..  ..  ..  ..  ..  ..  +2  ..  -2  ..  -2  ..  ..  
..  ..  ..  ..  ..  ..  ..  ..  ..  ..  ..  ..  ..  ..  
..  ..  ..  ..  ..  ..  ..  +1  ..  ..  ..  ..  ..  ..  
..  ..  ..  ..  ..  ..  +2  ..  ..  ..  ..  ..  ..  ..  
..  ..  ..  ..  ..  ..  ..  +1  ..  ..  ..  ..  ..  ..  
..  ..  ..  ..  ..  ..  +1  ..  ..  ..  ..  ..  ..  ..  
..  ..  ..  ..  ..  +1  ..  +2  ..  ..  ..  ..  ..  ..  
..  ..  ..  ..  +2  ..  ..  ..  ..  ..  ..  ..  ..  ..  
..  ..  ..  ..  ..  ..  ..  ..  ..  ..  ..  ..  ..  ..  
..  ..  ..  ..  ..  ..  ..  ..  ..  ..  ..  ..  ..  ..  
..  ..  ..  ..  ..  ..  ..  ..  ..  ..  ..  ..  ..  ..  
..  ..  ..  ..  ..  ..  ..  ..  ..  ..  ..  ..  ..  ..  
..  ..  ..  ..  ..  ..  ..  ..  ..  ..  ..  ..  ..  ..  
..  ..  ..  ..  ..  ..  ..  ..  ..  ..  ..  ..  ..  ..  
..  ..  ..  ..  ..  ..  ..  ..  ..  ..  ..  ..  ..  ..  
..  ..  ..  ..  ..  ..  ..  ..  ..  ..  ..  ..  ..  ..  
..  ..  ..  ..  ..  ..  ..  ..  ..  ..  ..  ..  ..  ..  
..  ..  ..  ..  ..  ..  ..  ..  ..  ..  ..  ..  ..  ..  
..  ..  ..  ..  ..  ..  ..  -1  ..  ..  ..  ..  ..  ..  
..  ..  ..  ..  ..  ..  ..  ..  -1  ..  ..  ..  ..  ..  
..  ..  ..  ..  ..  +2  ..  -2  ..  -1  ..  ..  ..  ..  
..  ..  ..  ..  ..  ..  ..  ..  -2  ..  -1  ..  ..  ..  
..  ..  ..  ..  ..  ..  ..  +2  ..  -2  ..  -2  ..  ..  
..  ..  ..  ..  ..  ..  ..  ..  ..  ..  -2  ..  ..  ..  
..  ..  ..  ..  ..  ..  ..  +1  ..  ..  ..  ..  ..  ..  
..  ..  ..  ..  ..  ..  +2  ..  ..  ..  ..  ..  ..  ..  
..  ..  ..  ..  ..  ..  ..  +1  ..  ..  ..  ..  ..  ..  
..  ..  ..  ..  ..  ..  +1  ..  ..  ..  ..  ..  ..  ..  
..  ..  ..  ..  ..  +1  ..  +2  ..  ..  ..  ..  ..  ..  
..  ..  ..  ..  +2  ..  ..  ..  ..  ..  ..  ..  ..  ..  
..  ..  ..  ..  ..  ..  ..  ..  ..  ..  ..  ..  ..  ..  
..  ..  ..  ..  ..  ..  ..  ..  ..  ..  ..  ..  ..  ..  
..  ..  ..  ..  ..  ..  ..  ..  ..  ..  ..  ..  ..  ..  
..  ..  ..  ..  ..  ..  ..  ..  ..  ..  ..  ..  ..  ..  
..  ..  ..  ..  ..  ..  ..  ..  ..  ..  ..  ..  ..  ..  
..  ..  ..  ..  ..  ..  ..  ..  ..  ..  ..  ..  ..  ..  
..  ..  ..  ..  ..  ..  ..  ..  ..  ..  ..  ..  ..  ..  
..  ..  ..  ..  ..  ..  ..  ..  ..  ..  ..  ..  ..  ..  
..  ..  ..  ..  ..  ..  ..  ..  ..  ..  ..  ..  ..  ..  
..  ..  ..  ..  ..  ..  ..  ..  ..  ..  ..  ..  ..  ..  
..  ..  ..  ..  ..  ..  ..  -1  ..  ..  ..  ..  ..  ..  
..  ..  ..  ..  ..  ..  ..  ..  -1  ..  ..  ..  ..  ..  
..  ..  ..  ..  ..  +2  ..  -2  ..  -1  ..  ..  ..  ..  
..  ..  ..  ..  ..  ..  ..  ..  -2  ..  -1  ..  ..  ..  
..  ..  ..  ..  ..  ..  ..  +2  ..  -2  ..  -2  ..  ..  
..  ..  ..  ..  ..  ..  ..  ..  ..  ..  -2  ..  ..  ..  
..  ..  ..  ..  ..  ..  ..  +1  ..  ..  ..  ..  ..  ..  
..  ..  ..  ..  ..  ..  +2  ..  ..  ..  ..  ..  ..  ..  
..  ..  ..  ..  ..  ..  ..  +1  ..  ..  ..  ..  ..  ..  
..  ..  ..  ..  ..  ..  +1  ..  ..  ..  ..  ..  ..  ..  
..  ..  ..  ..  ..  +1  ..  +2  ..  ..  ..  ..  ..  ..  
..  ..  ..  ..  +2  ..  ..  ..  ..  ..  ..  ..  ..  ..  
..  ..  ..  ..  ..  ..  ..  ..  ..  ..  ..  ..  ..  ..  
..  ..  ..  ..  ..  ..  ..  ..  ..  ..  ..  ..  ..  ..  
..  ..  ..  ..  ..  ..  ..  ..  ..  ..  ..  ..  ..  ..  
..  ..  ..  ..  ..  ..  ..  ..  ..  ..  ..  ..  ..  ..  
..  ..  ..  ..  ..  ..  ..  ..  ..  ..  ..  ..  ..  ..  
..  ..  ..  ..  ..  ..  ..  ..  ..  ..  ..  ..  ..  ..  
..  ..  ..  ..  ..  ..  ..  ..  ..  ..  ..  ..  ..  ..  
doneHai i am pl210..  ..  ..  ..  ..  ..  ..  ..  ..  ..  ..  ..  ..  ..  
..  ..  ..  ..  ..  ..  ..  ..  ..  ..  ..  ..  ..  ..  
..  ..  ..  ..  ..  ..  ..  ..  ..  ..  ..  ..  ..  ..  
..  ..  ..  ..  ..  ..  ..  -1  ..  ..  ..  ..  ..  ..  
..  ..  ..  ..  ..  ..  ..  ..  -1  ..  ..  ..  ..  ..  
..  ..  ..  ..  ..  +2  ..  -2  ..  -1  ..  ..  ..  ..  
..  ..  ..  ..  ..  ..  ..  ..  -2  ..  -1  ..  ..  ..  
..  ..  ..  ..  ..  ..  ..  +2  ..  -2  ..  -2  ..  ..  
..  ..  ..  ..  ..  ..  ..  ..  ..  ..  -2  ..  ..  ..  
..  ..  ..  ..  ..  ..  ..  +1  ..  ..  ..  ..  ..  ..  
..  ..  ..  ..  ..  ..  +2  ..  ..  ..  ..  ..  ..  ..  
..  ..  ..  ..  ..  ..  ..  +1  ..  ..  ..  ..  ..  ..  
..  ..  ..  ..  ..  ..  +1  ..  ..  ..  ..  ..  ..  ..  
..  ..  ..  ..  ..  +1  ..  +2  ..  ..  ..  ..  ..  ..  
..  ..  ..  ..  +1  ..  ..  ..  ..  ..  ..  ..  ..  ..  
..  ..  ..  +2  ..  ..  ..  ..  ..  ..  ..  ..  ..  ..  
..  ..  ..  ..  ..  ..  ..  ..  ..  ..  ..  ..  ..  ..  
..  ..  ..  ..  ..  ..  ..  ..  ..  ..  ..  ..  ..  ..  
..  ..  ..  ..  ..  ..  ..  ..  ..  ..  ..  ..  ..  ..  
..  ..  ..  ..  ..  ..  ..  ..  ..  ..  ..  ..  ..  ..  
..  ..  ..  ..  ..  ..  ..  ..  ..  ..  ..  ..  ..  ..  
..  ..  ..  ..  ..  ..  ..  ..  ..  ..  ..  ..  ..  ..  
..  ..  ..  ..  ..  ..  ..  ..  ..  ..  ..  ..  ..  ..  
..  ..  ..  ..  ..  ..  ..  ..  ..  ..  ..  ..  ..  ..  
..  ..  ..  ..  ..  ..  ..  ..  ..  ..  ..  ..  ..  ..  
..  ..  ..  ..  ..  ..  ..  -1  ..  ..  ..  ..  ..  ..  
..  ..  ..  ..  ..  ..  ..  ..  -1  ..  ..  ..  ..  ..  
..  ..  ..  ..  ..  +2  ..  -2  ..  -1  ..  ..  ..  ..  
..  ..  ..  ..  ..  ..  ..  ..  -2  ..  -1  ..  ..  ..  
..  ..  ..  ..  ..  ..  ..  +2  ..  -2  ..  -2  ..  ..  
..  ..  ..  ..  ..  ..  ..  ..  ..  ..  -2  ..  ..  ..  
..  ..  ..  ..  ..  ..  ..  +1  ..  ..  ..  ..  ..  ..  
..  ..  ..  ..  ..  ..  +2  ..  ..  ..  ..  ..  ..  ..  
..  ..  ..  ..  ..  ..  ..  +1  ..  ..  ..  ..  ..  ..  
..  ..  ..  ..  ..  ..  +1  ..  ..  ..  ..  ..  ..  ..  
..  ..  ..  ..  ..  +1  ..  +2  ..  ..  ..  ..  ..  ..  
..  ..  ..  ..  +1  ..  ..  ..  ..  ..  ..  ..  ..  ..  
..  ..  ..  +2  ..  ..  ..  ..  ..  ..  ..  ..  ..  ..  
..  ..  ..  ..  ..  ..  ..  ..  ..  ..  ..  ..  ..  ..  
..  ..  ..  ..  ..  ..  ..  ..  ..  ..  ..  ..  ..  ..  
..  ..  ..  ..  ..  ..  ..  ..  ..  ..  ..  ..  ..  ..  
..  ..  ..  ..  ..  ..  ..  ..  ..  ..  ..  ..  ..  ..  
..  ..  ..  ..  ..  ..  ..  ..  ..  ..  ..  ..  ..  ..  
..  ..  ..  ..  ..  ..  ..  ..  ..  ..  ..  ..  ..  ..  
..  ..  ..  ..  ..  ..  ..  ..  ..  ..  ..  ..  ..  ..  
..  ..  ..  ..  ..  ..  ..  ..  ..  ..  ..  ..  ..  ..  
..  ..  ..  ..  ..  ..  ..  ..  ..  ..  ..  ..  ..  ..  
..  ..  ..  ..  ..  ..  ..  ..  ..  ..  ..  ..  ..  ..  
..  ..  ..  ..  ..  ..  ..  ..  ..  ..  ..  ..  ..  ..  
..  ..  ..  ..  ..  +2  ..  ..  ..  ..  ..  -2  ..  ..  
..  ..  ..  ..  ..  ..  ..  ..  -2  ..  ..  ..  ..  ..  
..  ..  ..  ..  ..  ..  ..  +2  ..  -2  ..  ..  ..  ..  
..  ..  ..  ..  ..  ..  ..  ..  ..  ..  -2  ..  ..  ..  
..  ..  ..  ..  ..  ..  ..  +1  ..  ..  ..  ..  ..  ..  
..  ..  ..  ..  ..  ..  +2  ..  ..  ..  ..  ..  ..  ..  
..  ..  ..  ..  ..  ..  ..  +1  ..  ..  ..  ..  ..  ..  
..  ..  ..  ..  ..  ..  +1  ..  ..  ..  ..  ..  ..  ..  
..  ..  ..  ..  ..  +1  ..  +2  ..  ..  ..  ..  ..  ..  
..  ..  ..  ..  +1  ..  ..  ..  ..  ..  ..  ..  ..  ..  
..  ..  ..  +2  ..  ..  ..  ..  ..  ..  ..  ..  ..  ..  
..  ..  ..  ..  ..  ..  ..  ..  ..  ..  ..  ..  ..  ..  
..  ..  ..  ..  ..  ..  ..  ..  ..  ..  ..  ..  ..  ..  
..  ..  ..  ..  ..  ..  ..  ..  ..  ..  ..  ..  ..  ..  
..  ..  ..  ..  ..  ..  ..  ..  ..  ..  ..  ..  ..  ..  
..  ..  ..  ..  ..  ..  ..  ..  ..  ..  ..  ..  ..  ..  
..  ..  ..  ..  ..  ..  ..  ..  ..  ..  ..  ..  ..  ..  
..  ..  ..  ..  ..  ..  ..  ..  ..  ..  ..  ..  ..  ..  
..  ..  ..  ..  ..  ..  ..  ..  ..  ..  ..  ..  ..  ..  
..  ..  ..  ..  ..  ..  ..  ..  ..  ..  ..  ..  ..  ..  
..  ..  ..  ..  ..  ..  ..  ..  ..  ..  ..  ..  ..  ..  
..  ..  ..  ..  ..  ..  ..  ..  ..  ..  ..  ..  ..  ..  
..  ..  ..  ..  ..  +2  ..  ..  ..  ..  ..  -2  ..  ..  
..  ..  ..  ..  ..  ..  ..  ..  -2  ..  ..  ..  ..  ..  
..  ..  ..  ..  ..  ..  ..  +2  ..  -2  ..  ..  ..  ..  
..  ..  ..  ..  ..  ..  ..  ..  ..  ..  -2  ..  ..  ..  
..  ..  ..  ..  ..  ..  ..  +1  ..  ..  ..  ..  ..  ..  
..  ..  ..  ..  ..  ..  +2  ..  ..  ..  ..  ..  ..  ..  
..  ..  ..  ..  ..  ..  ..  +1  ..  ..  ..  ..  ..  ..  
..  ..  ..  ..  ..  ..  +1  ..  ..  ..  ..  ..  ..  ..  
..  ..  ..  ..  ..  +1  ..  +2  ..  ..  ..  ..  ..  ..  
..  ..  ..  ..  +1  ..  ..  ..  ..  ..  ..  ..  ..  ..  
..  ..  ..  +2  ..  ..  ..  ..  ..  ..  ..  ..  ..  ..  
..  ..  ..  ..  ..  ..  ..  ..  ..  ..  ..  ..  ..  ..  
..  ..  ..  ..  ..  ..  ..  ..  ..  ..  ..  ..  ..  ..  
..  ..  ..  ..  ..  ..  ..  ..  ..  ..  ..  ..  ..  ..  
..  ..  ..  ..  ..  ..  ..  ..  ..  ..  ..  ..  ..  ..  
..  ..  ..  ..  ..  ..  ..  ..  ..  ..  ..  ..  ..  ..  
..  ..  ..  ..  ..  ..  ..  ..  ..  ..  ..  ..  ..  ..  
doneHai i am pl211..  ..  ..  ..  ..  ..  ..  ..  ..  ..  ..  ..  ..  ..  
..  ..  ..  ..  ..  ..  ..  ..  ..  ..  ..  ..  ..  ..  
..  ..  ..  ..  ..  ..  ..  ..  ..  ..  ..  ..  ..  ..  
..  ..  ..  ..  ..  ..  ..  ..  ..  ..  ..  ..  ..  ..  
..  ..  ..  ..  ..  ..  ..  ..  ..  ..  ..  ..  ..  ..  
..  ..  ..  ..  ..  ..  ..  ..  ..  ..  ..  -2  ..  ..  
..  ..  ..  ..  ..  ..  ..  ..  -2  ..  ..  ..  ..  ..  
..  ..  ..  ..  ..  ..  ..  +2  ..  -2  ..  ..  ..  ..  
..  ..  ..  ..  ..  ..  ..  ..  ..  ..  -2  ..  ..  ..  
..  ..  ..  ..  ..  ..  ..  +1  ..  ..  ..  ..  ..  ..  
..  ..  ..  ..  ..  ..  +2  ..  ..  ..  ..  ..  ..  ..  
..  ..  ..  ..  ..  ..  ..  ..  ..  ..  ..  ..  ..  ..  
..  ..  ..  ..  ..  ..  ..  ..  ..  ..  ..  ..  ..  ..  
..  ..  ..  +2  ..  ..  ..  +2  ..  ..  ..  ..  ..  ..  
..  ..  ..  ..  ..  ..  ..  ..  ..  ..  ..  ..  ..  ..  
..  ..  ..  ..  ..  ..  ..  ..  ..  ..  ..  ..  ..  ..  
..  ..  ..  ..  ..  ..  ..  ..  ..  ..  ..  ..  ..  ..  
..  ..  ..  ..  ..  ..  ..  ..  ..  ..  ..  ..  ..  ..  
..  ..  ..  ..  ..  ..  ..  ..  ..  ..  ..  ..  ..  ..  
..  ..  ..  ..  ..  ..  ..  ..  ..  ..  ..  ..  ..  ..  
..  ..  ..  ..  ..  ..  ..  ..  ..  ..  ..  ..  ..  ..  
..  ..  ..  ..  ..  ..  ..  ..  ..  ..  ..  ..  ..  ..  
..  ..  ..  ..  ..  ..  ..  ..  ..  ..  ..  ..  ..  ..  
..  ..  ..  ..  ..  ..  ..  ..  ..  ..  ..  ..  ..  ..  
..  ..  ..  ..  ..  ..  ..  ..  ..  ..  ..  ..  ..  ..  
..  ..  ..  ..  ..  ..  ..  ..  ..  ..  ..  ..  ..  ..  
..  ..  ..  ..  ..  ..  ..  ..  ..  ..  ..  ..  ..  ..  
..  ..  ..  ..  ..  ..  ..  ..  ..  ..  ..  -2  ..  ..  
..  ..  ..  ..  ..  ..  ..  ..  -2  ..  ..  ..  ..  ..  
..  ..  ..  ..  ..  ..  ..  +2  ..  -2  ..  ..  ..  ..  
..  ..  ..  ..  ..  ..  ..  ..  ..  ..  -2  ..  ..  ..  
..  ..  ..  ..  ..  ..  ..  +1  ..  ..  ..  ..  ..  ..  
..  ..  ..  ..  ..  ..  +2  ..  ..  ..  ..  ..  ..  ..  
..  ..  ..  ..  ..  ..  ..  ..  ..  ..  ..  ..  ..  ..  
..  ..  ..  ..  ..  ..  ..  ..  ..  ..  ..  ..  ..  ..  
..  ..  ..  +2  ..  ..  ..  +2  ..  ..  ..  ..  ..  ..  
..  ..  ..  ..  ..  ..  ..  ..  ..  ..  ..  ..  ..  ..  
..  ..  ..  ..  ..  ..  ..  ..  ..  ..  ..  ..  ..  ..  
..  ..  ..  ..  ..  ..  ..  ..  ..  ..  ..  ..  ..  ..  
..  ..  ..  ..  ..  ..  ..  ..  ..  ..  ..  ..  ..  ..  
..  ..  ..  ..  ..  ..  ..  ..  ..  ..  ..  ..  ..  ..  
..  ..  ..  ..  ..  ..  ..  ..  ..  ..  ..  ..  ..  ..  
..  ..  ..  ..  ..  ..  ..  ..  ..  ..  ..  ..  ..  ..  
..  ..  ..  ..  ..  ..  ..  ..  ..  ..  ..  ..  ..  ..  
..  ..  ..  ..  ..  ..  ..  ..  ..  ..  ..  ..  ..  ..  
..  ..  ..  ..  ..  ..  ..  ..  ..  ..  ..  ..  ..  ..  
..  ..  ..  ..  ..  ..  ..  ..  ..  ..  ..  ..  ..  ..  
..  ..  ..  ..  ..  ..  ..  ..  ..  ..  ..  ..  ..  ..  
..  ..  ..  ..  ..  ..  ..  ..  ..  ..  ..  ..  ..  ..  
..  ..  ..  ..  ..  ..  ..  ..  ..  ..  ..  -2  ..  ..  
..  ..  ..  ..  ..  ..  ..  ..  -2  ..  ..  ..  ..  ..  
..  ..  ..  ..  ..  ..  ..  +2  ..  -1  ..  ..  ..  ..  
..  ..  ..  ..  ..  ..  ..  ..  -2  ..  -2  ..  ..  ..  
..  ..  ..  ..  ..  ..  ..  +1  ..  ..  ..  ..  ..  ..  
..  ..  ..  ..  ..  ..  +2  ..  ..  ..  ..  ..  ..  ..  
..  ..  ..  ..  ..  ..  ..  ..  ..  ..  ..  ..  ..  ..  
..  ..  ..  ..  ..  ..  ..  ..  ..  ..  ..  ..  ..  ..  
..  ..  ..  +2  ..  ..  ..  +2  ..  ..  ..  ..  ..  ..  
..  ..  ..  ..  ..  ..  ..  ..  ..  ..  ..  ..  ..  ..  
..  ..  ..  ..  ..  ..  ..  ..  ..  ..  ..  ..  ..  ..  
..  ..  ..  ..  ..  ..  ..  ..  ..  ..  ..  ..  ..  ..  
..  ..  ..  ..  ..  ..  ..  ..  ..  ..  ..  ..  ..  ..  
..  ..  ..  ..  ..  ..  ..  ..  ..  ..  ..  ..  ..  ..  
..  ..  ..  ..  ..  ..  ..  ..  ..  ..  ..  ..  ..  ..  
..  ..  ..  ..  ..  ..  ..  ..  ..  ..  ..  ..  ..  ..  
..  ..  ..  ..  ..  ..  ..  ..  ..  ..  ..  ..  ..  ..  
..  ..  ..  ..  ..  ..  ..  ..  ..  ..  ..  ..  ..  ..  
..  ..  ..  ..  ..  ..  ..  ..  ..  ..  ..  ..  ..  ..  
..  ..  ..  ..  ..  ..  ..  ..  ..  ..  ..  ..  ..  ..  
..  ..  ..  ..  ..  ..  ..  ..  ..  ..  ..  ..  ..  ..  
..  ..  ..  ..  ..  ..  ..  ..  ..  ..  ..  ..  ..  ..  
..  ..  ..  ..  ..  ..  ..  ..  ..  ..  ..  -2  ..  ..  
..  ..  ..  ..  ..  ..  ..  ..  -2  ..  ..  ..  ..  ..  
..  ..  ..  ..  ..  ..  ..  +2  ..  -1  ..  ..  ..  ..  
..  ..  ..  ..  ..  ..  ..  ..  -2  ..  -2  ..  ..  ..  
..  ..  ..  ..  ..  ..  ..  +1  ..  ..  ..  ..  ..  ..  
..  ..  ..  ..  ..  ..  +2  ..  ..  ..  ..  ..  ..  ..  
..  ..  ..  ..  ..  ..  ..  ..  ..  ..  ..  ..  ..  ..  
..  ..  ..  ..  ..  ..  ..  ..  ..  ..  ..  ..  ..  ..  
..  ..  ..  +2  ..  ..  ..  +2  ..  ..  ..  ..  ..  ..  
..  ..  ..  ..  ..  ..  ..  ..  ..  ..  ..  ..  ..  ..  
..  ..  ..  ..  ..  ..  ..  ..  ..  ..  ..  ..  ..  ..  
..  ..  ..  ..  ..  ..  ..  ..  ..  ..  ..  ..  ..  ..  
..  ..  ..  ..  ..  ..  ..  ..  ..  ..  ..  ..  ..  ..  
..  ..  ..  ..  ..  ..  ..  ..  ..  ..  ..  ..  ..  ..  
..  ..  ..  ..  ..  ..  ..  ..  ..  ..  ..  ..  ..  ..  
..  ..  ..  ..  ..  ..  ..  ..  ..  ..  ..  ..  ..  ..  
..  ..  ..  ..  ..  ..  ..  ..  ..  ..  ..  ..  ..  ..  
doneHai i am pl212..  ..  ..  ..  ..  ..  ..  ..  ..  ..  ..  ..  ..  ..  
..  ..  ..  ..  ..  ..  ..  ..  ..  ..  ..  ..  ..  ..  
..  ..  ..  ..  ..  ..  ..  ..  ..  ..  ..  ..  ..  ..  
..  ..  ..  ..  ..  ..  ..  ..  ..  ..  ..  ..  ..  ..  
..  ..  ..  ..  ..  ..  ..  ..  ..  ..  ..  ..  ..  ..  
..  ..  ..  ..  ..  ..  ..  ..  ..  ..  ..  -2  ..  ..  
..  ..  ..  ..  ..  ..  ..  ..  -2  ..  ..  ..  ..  ..  
..  ..  ..  ..  ..  ..  ..  +2  ..  -1  ..  ..  ..  ..  
..  ..  ..  ..  ..  ..  ..  ..  -2  ..  -2  ..  ..  ..  
..  ..  ..  ..  ..  ..  ..  +1  ..  ..  ..  ..  ..  ..  
..  ..  ..  ..  ..  ..  +1  ..  ..  ..  ..  ..  ..  ..  
..  ..  ..  ..  ..  ..  ..  ..  ..  ..  ..  ..  ..  ..  
..  ..  ..  ..  ..  ..  ..  ..  ..  ..  ..  ..  ..  ..  
..  ..  ..  +2  ..  ..  ..  +2  ..  +2  ..  ..  ..  ..  
..  ..  ..  ..  ..  ..  ..  ..  ..  ..  ..  ..  ..  ..  
..  ..  ..  ..  ..  ..  ..  ..  ..  ..  ..  ..  ..  ..  
..  ..  ..  ..  ..  ..  ..  ..  ..  ..  ..  ..  ..  ..  
..  ..  ..  ..  ..  ..  ..  ..  ..  ..  ..  ..  ..  ..  
..  ..  ..  ..  ..  ..  ..  ..  ..  ..  ..  ..  ..  ..  
..  ..  ..  ..  ..  ..  ..  ..  ..  ..  ..  ..  ..  ..  
..  ..  ..  ..  ..  ..  ..  ..  ..  ..  ..  ..  ..  ..  
..  ..  ..  ..  ..  ..  ..  ..  ..  ..  ..  ..  ..  ..  
..  ..  ..  ..  ..  ..  ..  ..  ..  ..  ..  ..  ..  ..  
..  ..  ..  ..  ..  ..  ..  ..  ..  ..  ..  ..  ..  ..  
..  ..  ..  ..  ..  ..  ..  ..  ..  ..  ..  ..  ..  ..  
..  ..  ..  ..  ..  ..  ..  ..  ..  ..  ..  ..  ..  ..  
..  ..  ..  ..  ..  ..  ..  ..  ..  ..  ..  ..  ..  ..  
..  ..  ..  ..  ..  ..  ..  ..  ..  ..  ..  -2  ..  ..  
..  ..  ..  ..  ..  ..  ..  ..  -2  ..  ..  ..  ..  ..  
..  ..  ..  ..  ..  ..  ..  +2  ..  -1  ..  ..  ..  ..  
..  ..  ..  ..  ..  ..  ..  ..  -2  ..  -2  ..  ..  ..  
..  ..  ..  ..  ..  ..  ..  +1  ..  ..  ..  ..  ..  ..  
..  ..  ..  ..  ..  ..  +1  ..  ..  ..  ..  ..  ..  ..  
..  ..  ..  ..  ..  ..  ..  ..  ..  ..  ..  ..  ..  ..  
..  ..  ..  ..  ..  ..  ..  ..  ..  ..  ..  ..  ..  ..  
..  ..  ..  +2  ..  ..  ..  +2  ..  +2  ..  ..  ..  ..  
..  ..  ..  ..  ..  ..  ..  ..  ..  ..  ..  ..  ..  ..  
..  ..  ..  ..  ..  ..  ..  ..  ..  ..  ..  ..  ..  ..  
..  ..  ..  ..  ..  ..  ..  ..  ..  ..  ..  ..  ..  ..  
..  ..  ..  ..  ..  ..  ..  ..  ..  ..  ..  ..  ..  ..  
..  ..  ..  ..  ..  ..  ..  ..  ..  ..  ..  ..  ..  ..  
..  ..  ..  ..  ..  ..  ..  ..  ..  ..  ..  ..  ..  ..  
..  ..  ..  ..  ..  ..  ..  ..  ..  ..  ..  ..  ..  ..  
..  ..  ..  ..  ..  ..  ..  ..  ..  ..  ..  ..  ..  ..  
..  ..  ..  ..  ..  ..  ..  ..  ..  ..  ..  ..  ..  ..  
..  ..  ..  ..  ..  ..  ..  ..  ..  ..  ..  ..  ..  ..  
..  ..  ..  ..  ..  ..  ..  ..  ..  ..  ..  ..  ..  ..  
..  ..  ..  ..  ..  ..  ..  ..  ..  ..  ..  ..  ..  ..  
..  ..  ..  ..  ..  ..  ..  ..  ..  ..  ..  ..  ..  ..  
..  ..  ..  ..  ..  ..  ..  ..  ..  ..  ..  -2  ..  ..  
..  ..  ..  ..  ..  ..  ..  ..  -2  ..  ..  ..  ..  ..  
..  ..  ..  ..  ..  ..  ..  +2  ..  -1  ..  ..  ..  ..  
..  ..  ..  ..  ..  ..  ..  ..  -1  ..  -2  ..  ..  ..  
..  ..  ..  ..  ..  ..  ..  -1  ..  ..  ..  ..  ..  ..  
..  ..  ..  ..  ..  ..  -1  ..  ..  ..  ..  ..  ..  ..  
..  ..  ..  ..  ..  -2  ..  ..  ..  ..  ..  ..  ..  ..  
..  ..  ..  ..  ..  ..  ..  ..  ..  ..  ..  ..  ..  ..  
..  ..  ..  +2  ..  ..  ..  +2  ..  +2  ..  ..  ..  ..  
..  ..  ..  ..  ..  ..  ..  ..  ..  ..  ..  ..  ..  ..  
..  ..  ..  ..  ..  ..  ..  ..  ..  ..  ..  ..  ..  ..  
..  ..  ..  ..  ..  ..  ..  ..  ..  ..  ..  ..  ..  ..  
..  ..  ..  ..  ..  ..  ..  ..  ..  ..  ..  ..  ..  ..  
..  ..  ..  ..  ..  ..  ..  ..  ..  ..  ..  ..  ..  ..  
..  ..  ..  ..  ..  ..  ..  ..  ..  ..  ..  ..  ..  ..  
..  ..  ..  ..  ..  ..  ..  ..  ..  ..  ..  ..  ..  ..  
..  ..  ..  ..  ..  ..  ..  ..  ..  ..  ..  ..  ..  ..  
..  ..  ..  ..  ..  ..  ..  ..  ..  ..  ..  ..  ..  ..  
..  ..  ..  ..  ..  ..  ..  ..  ..  ..  ..  ..  ..  ..  
..  ..  ..  ..  ..  ..  ..  ..  ..  ..  ..  ..  ..  ..  
..  ..  ..  ..  ..  ..  ..  ..  ..  ..  ..  ..  ..  ..  
..  ..  ..  ..  ..  ..  ..  ..  ..  ..  ..  ..  ..  ..  
..  ..  ..  ..  ..  ..  ..  ..  ..  ..  ..  -2  ..  ..  
..  ..  ..  ..  ..  ..  ..  ..  -2  ..  ..  ..  ..  ..  
..  ..  ..  ..  ..  ..  ..  +2  ..  -1  ..  ..  ..  ..  
..  ..  ..  ..  ..  ..  ..  ..  -1  ..  -2  ..  ..  ..  
..  ..  ..  ..  ..  ..  ..  -1  ..  ..  ..  ..  ..  ..  
..  ..  ..  ..  ..  ..  -1  ..  ..  ..  ..  ..  ..  ..  
..  ..  ..  ..  ..  -2  ..  ..  ..  ..  ..  ..  ..  ..  
..  ..  ..  ..  ..  ..  ..  ..  ..  ..  ..  ..  ..  ..  
..  ..  ..  +2  ..  ..  ..  +2  ..  +2  ..  ..  ..  ..  
..  ..  ..  ..  ..  ..  ..  ..  ..  ..  ..  ..  ..  ..  
..  ..  ..  ..  ..  ..  ..  ..  ..  ..  ..  ..  ..  ..  
..  ..  ..  ..  ..  ..  ..  ..  ..  ..  ..  ..  ..  ..  
..  ..  ..  ..  ..  ..  ..  ..  ..  ..  ..  ..  ..  ..  
..  ..  ..  ..  ..  ..  ..  ..  ..  ..  ..  ..  ..  ..  
..  ..  ..  ..  ..  ..  ..  ..  ..  ..  ..  ..  ..  ..  
..  ..  ..  ..  ..  ..  ..  ..  ..  ..  ..  ..  ..  ..  
..  ..  ..  ..  ..  ..  ..  ..  ..  ..  ..  ..  ..  ..  
doneHai i am pl213..  ..  ..  ..  ..  ..  ..  ..  ..  ..  ..  ..  ..  ..  
..  ..  ..  ..  ..  ..  ..  ..  ..  ..  ..  ..  ..  ..  
..  ..  ..  ..  ..  ..  ..  ..  ..  ..  ..  ..  ..  ..  
..  ..  ..  ..  ..  ..  ..  ..  ..  ..  ..  ..  ..  ..  
..  ..  ..  ..  ..  ..  ..  ..  ..  ..  ..  ..  ..  ..  
..  ..  ..  ..  ..  ..  ..  ..  ..  ..  ..  -2  ..  ..  
..  ..  ..  ..  ..  ..  ..  ..  -2  ..  ..  ..  ..  ..  
..  ..  ..  ..  ..  ..  ..  +1  ..  -1  ..  ..  ..  ..  
..  ..  ..  ..  ..  ..  ..  ..  -1  ..  -2  ..  ..  ..  
..  ..  ..  ..  ..  ..  ..  +1  ..  ..  ..  ..  ..  ..  
..  ..  ..  ..  ..  ..  -1  ..  ..  ..  ..  ..  ..  ..  
..  ..  ..  ..  ..  -2  ..  +2  ..  ..  ..  ..  ..  ..  
..  ..  ..  ..  ..  ..  ..  ..  ..  ..  ..  ..  ..  ..  
..  ..  ..  +2  ..  ..  ..  +2  ..  +2  ..  ..  ..  ..  
..  ..  ..  ..  ..  ..  ..  ..  ..  ..  ..  ..  ..  ..  
..  ..  ..  ..  ..  ..  ..  ..  ..  ..  ..  ..  ..  ..  
..  ..  ..  ..  ..  ..  ..  ..  ..  ..  ..  ..  ..  ..  
..  ..  ..  ..  ..  ..  ..  ..  ..  ..  ..  ..  ..  ..  
..  ..  ..  ..  ..  ..  ..  ..  ..  ..  ..  ..  ..  ..  
..  ..  ..  ..  ..  ..  ..  ..  ..  ..  ..  ..  ..  ..  
..  ..  ..  ..  ..  ..  ..  ..  ..  ..  ..  ..  ..  ..  
..  ..  ..  ..  ..  ..  ..  ..  ..  ..  ..  ..  ..  ..  
..  ..  ..  ..  ..  ..  ..  ..  ..  ..  ..  ..  ..  ..  
..  ..  ..  ..  ..  ..  ..  ..  ..  ..  ..  ..  ..  ..  
..  ..  ..  ..  ..  ..  ..  ..  ..  ..  ..  ..  ..  ..  
..  ..  ..  ..  ..  ..  ..  ..  ..  ..  ..  ..  ..  ..  
..  ..  ..  ..  ..  ..  ..  ..  ..  ..  ..  ..  ..  ..  
..  ..  ..  ..  ..  ..  ..  ..  ..  ..  ..  -2  ..  ..  
..  ..  ..  ..  ..  ..  ..  ..  -2  ..  ..  ..  ..  ..  
..  ..  ..  ..  ..  ..  ..  +1  ..  -1  ..  ..  ..  ..  
..  ..  ..  ..  ..  ..  ..  ..  -1  ..  -2  ..  ..  ..  
..  ..  ..  ..  ..  ..  ..  +1  ..  ..  ..  ..  ..  ..  
..  ..  ..  ..  ..  ..  -1  ..  ..  ..  ..  ..  ..  ..  
..  ..  ..  ..  ..  -2  ..  +2  ..  ..  ..  ..  ..  ..  
..  ..  ..  ..  ..  ..  ..  ..  ..  ..  ..  ..  ..  ..  
..  ..  ..  +2  ..  ..  ..  +2  ..  +2  ..  ..  ..  ..  
..  ..  ..  ..  ..  ..  ..  ..  ..  ..  ..  ..  ..  ..  
..  ..  ..  ..  ..  ..  ..  ..  ..  ..  ..  ..  ..  ..  
..  ..  ..  ..  ..  ..  ..  ..  ..  ..  ..  ..  ..  ..  
..  ..  ..  ..  ..  ..  ..  ..  ..  ..  ..  ..  ..  ..  
..  ..  ..  ..  ..  ..  ..  ..  ..  ..  ..  ..  ..  ..  
..  ..  ..  ..  ..  ..  ..  ..  ..  ..  ..  ..  ..  ..  
..  ..  ..  ..  ..  ..  ..  ..  ..  ..  ..  ..  ..  ..  
..  ..  ..  ..  ..  ..  ..  ..  ..  ..  ..  ..  ..  ..  
..  ..  ..  ..  ..  ..  ..  ..  ..  ..  ..  ..  ..  ..  
..  ..  ..  ..  ..  ..  ..  ..  ..  ..  ..  ..  ..  ..  
..  ..  ..  ..  ..  ..  ..  ..  ..  ..  ..  ..  ..  ..  
..  ..  ..  ..  ..  ..  ..  ..  ..  ..  ..  ..  ..  ..  
..  ..  ..  ..  ..  ..  ..  ..  ..  ..  ..  ..  ..  ..  
..  ..  ..  ..  ..  ..  ..  ..  ..  ..  ..  -2  ..  ..  
..  ..  ..  ..  ..  ..  ..  ..  -1  ..  ..  ..  ..  ..  
..  ..  ..  ..  ..  ..  ..  -1  ..  -1  ..  ..  ..  ..  
..  ..  ..  ..  ..  ..  -2  ..  -1  ..  -2  ..  ..  ..  
..  ..  ..  ..  ..  ..  ..  +1  ..  ..  ..  ..  ..  ..  
..  ..  ..  ..  ..  ..  -1  ..  ..  ..  ..  ..  ..  ..  
..  ..  ..  ..  ..  -2  ..  +2  ..  ..  ..  ..  ..  ..  
..  ..  ..  ..  ..  ..  ..  ..  ..  ..  ..  ..  ..  ..  
..  ..  ..  +2  ..  ..  ..  +2  ..  +2  ..  ..  ..  ..  
..  ..  ..  ..  ..  ..  ..  ..  ..  ..  ..  ..  ..  ..  
..  ..  ..  ..  ..  ..  ..  ..  ..  ..  ..  ..  ..  ..  
..  ..  ..  ..  ..  ..  ..  ..  ..  ..  ..  ..  ..  ..  
..  ..  ..  ..  ..  ..  ..  ..  ..  ..  ..  ..  ..  ..  
..  ..  ..  ..  ..  ..  ..  ..  ..  ..  ..  ..  ..  ..  
..  ..  ..  ..  ..  ..  ..  ..  ..  ..  ..  ..  ..  ..  
..  ..  ..  ..  ..  ..  ..  ..  ..  ..  ..  ..  ..  ..  
..  ..  ..  ..  ..  ..  ..  ..  ..  ..  ..  ..  ..  ..  
..  ..  ..  ..  ..  ..  ..  ..  ..  ..  ..  ..  ..  ..  
..  ..  ..  ..  ..  ..  ..  ..  ..  ..  ..  ..  ..  ..  
..  ..  ..  ..  ..  ..  ..  ..  ..  ..  ..  ..  ..  ..  
..  ..  ..  ..  ..  ..  ..  ..  ..  ..  ..  ..  ..  ..  
..  ..  ..  ..  ..  ..  ..  ..  ..  ..  ..  ..  ..  ..  
..  ..  ..  ..  ..  ..  ..  ..  ..  ..  ..  -2  ..  ..  
..  ..  ..  ..  ..  ..  ..  ..  -1  ..  ..  ..  ..  ..  
..  ..  ..  ..  ..  ..  ..  -1  ..  -1  ..  ..  ..  ..  
..  ..  ..  ..  ..  ..  -2  ..  -1  ..  -2  ..  ..  ..  
..  ..  ..  ..  ..  ..  ..  +1  ..  ..  ..  ..  ..  ..  
..  ..  ..  ..  ..  ..  -1  ..  ..  ..  ..  ..  ..  ..  
..  ..  ..  ..  ..  -2  ..  +2  ..  ..  ..  ..  ..  ..  
..  ..  ..  ..  ..  ..  ..  ..  ..  ..  ..  ..  ..  ..  
..  ..  ..  +2  ..  ..  ..  +2  ..  +2  ..  ..  ..  ..  
..  ..  ..  ..  ..  ..  ..  ..  ..  ..  ..  ..  ..  ..  
..  ..  ..  ..  ..  ..  ..  ..  ..  ..  ..  ..  ..  ..  
..  ..  ..  ..  ..  ..  ..  ..  ..  ..  ..  ..  ..  ..  
..  ..  ..  ..  ..  ..  ..  ..  ..  ..  ..  ..  ..  ..  
..  ..  ..  ..  ..  ..  ..  ..  ..  ..  ..  ..  ..  ..  
..  ..  ..  ..  ..  ..  ..  ..  ..  ..  ..  ..  ..  ..  
..  ..  ..  ..  ..  ..  ..  ..  ..  ..  ..  ..  ..  ..  
..  ..  ..  ..  ..  ..  ..  ..  ..  ..  ..  ..  ..  ..  
doneHai i am pl214..  ..  ..  ..  ..  ..  ..  ..  ..  ..  ..  ..  ..  ..  
..  ..  ..  ..  ..  ..  ..  ..  ..  ..  ..  ..  ..  ..  
..  ..  ..  ..  ..  ..  ..  ..  ..  ..  ..  ..  ..  ..  
..  ..  ..  ..  ..  ..  ..  ..  ..  ..  ..  ..  ..  ..  
..  ..  ..  ..  ..  ..  ..  ..  ..  ..  ..  ..  ..  ..  
..  ..  ..  ..  ..  ..  ..  ..  ..  ..  ..  -2  ..  ..  
..  ..  ..  ..  ..  ..  ..  ..  -1  ..  ..  ..  ..  ..  
..  ..  ..  ..  ..  ..  ..  -1  ..  -1  ..  ..  ..  ..  
..  ..  ..  ..  ..  ..  -2  ..  -1  ..  -2  ..  ..  ..  
..  ..  ..  ..  ..  ..  ..  +1  ..  ..  ..  ..  ..  ..  
..  ..  ..  ..  ..  ..  -1  ..  +2  ..  ..  ..  ..  ..  
..  ..  ..  ..  ..  -2  ..  +1  ..  ..  ..  ..  ..  ..  
..  ..  ..  ..  ..  ..  ..  ..  ..  ..  ..  ..  ..  ..  
..  ..  ..  +2  ..  ..  ..  +2  ..  +2  ..  ..  ..  ..  
..  ..  ..  ..  ..  ..  ..  ..  ..  ..  ..  ..  ..  ..  
..  ..  ..  ..  ..  ..  ..  ..  ..  ..  ..  ..  ..  ..  
..  ..  ..  ..  ..  ..  ..  ..  ..  ..  ..  ..  ..  ..  
..  ..  ..  ..  ..  ..  ..  ..  ..  ..  ..  ..  ..  ..  
..  ..  ..  ..  ..  ..  ..  ..  ..  ..  ..  ..  ..  ..  
..  ..  ..  ..  ..  ..  ..  ..  ..  ..  ..  ..  ..  ..  
..  ..  ..  ..  ..  ..  ..  ..  ..  ..  ..  ..  ..  ..  
..  ..  ..  ..  ..  ..  ..  ..  ..  ..  ..  ..  ..  ..  
..  ..  ..  ..  ..  ..  ..  ..  ..  ..  ..  ..  ..  ..  
..  ..  ..  ..  ..  ..  ..  ..  ..  ..  ..  ..  ..  ..  
..  ..  ..  ..  ..  ..  ..  ..  ..  ..  ..  ..  ..  ..  
..  ..  ..  ..  ..  ..  ..  ..  ..  ..  ..  ..  ..  ..  
..  ..  ..  ..  ..  ..  ..  ..  ..  ..  ..  ..  ..  ..  
..  ..  ..  ..  ..  ..  ..  ..  ..  ..  ..  -2  ..  ..  
..  ..  ..  ..  ..  ..  ..  ..  -1  ..  ..  ..  ..  ..  
..  ..  ..  ..  ..  ..  ..  -1  ..  -1  ..  ..  ..  ..  
..  ..  ..  ..  ..  ..  -2  ..  -1  ..  -2  ..  ..  ..  
..  ..  ..  ..  ..  ..  ..  +1  ..  ..  ..  ..  ..  ..  
..  ..  ..  ..  ..  ..  -1  ..  +2  ..  ..  ..  ..  ..  
..  ..  ..  ..  ..  -2  ..  +1  ..  ..  ..  ..  ..  ..  
..  ..  ..  ..  ..  ..  ..  ..  ..  ..  ..  ..  ..  ..  
..  ..  ..  +2  ..  ..  ..  +2  ..  +2  ..  ..  ..  ..  
..  ..  ..  ..  ..  ..  ..  ..  ..  ..  ..  ..  ..  ..  
..  ..  ..  ..  ..  ..  ..  ..  ..  ..  ..  ..  ..  ..  
..  ..  ..  ..  ..  ..  ..  ..  ..  ..  ..  ..  ..  ..  
..  ..  ..  ..  ..  ..  ..  ..  ..  ..  ..  ..  ..  ..  
..  ..  ..  ..  ..  ..  ..  ..  ..  ..  ..  ..  ..  ..  
..  ..  ..  ..  ..  ..  ..  ..  ..  ..  ..  ..  ..  ..  
..  ..  ..  ..  ..  ..  ..  ..  ..  ..  ..  ..  ..  ..  
..  ..  ..  ..  ..  ..  ..  ..  ..  ..  ..  ..  ..  ..  
..  ..  ..  ..  ..  ..  ..  ..  ..  ..  ..  ..  ..  ..  
..  ..  ..  ..  ..  ..  ..  ..  ..  ..  ..  ..  ..  ..  
..  ..  ..  ..  ..  ..  ..  ..  ..  ..  ..  ..  ..  ..  
..  ..  ..  ..  ..  ..  ..  ..  ..  ..  ..  ..  ..  ..  
..  ..  ..  ..  ..  ..  ..  ..  ..  ..  ..  ..  ..  ..  
..  ..  ..  ..  ..  ..  ..  ..  ..  ..  ..  -2  ..  ..  
..  ..  ..  ..  ..  ..  ..  ..  -1  ..  ..  ..  ..  ..  
..  ..  ..  ..  ..  ..  ..  -1  ..  -1  ..  ..  ..  ..  
..  ..  ..  ..  ..  ..  -2  ..  -1  ..  -1  ..  ..  ..  
..  ..  ..  ..  ..  ..  ..  +1  ..  -2  ..  ..  ..  ..  
..  ..  ..  ..  ..  ..  -1  ..  +2  ..  ..  ..  ..  ..  
..  ..  ..  ..  ..  -2  ..  +1  ..  ..  ..  ..  ..  ..  
..  ..  ..  ..  ..  ..  ..  ..  ..  ..  ..  ..  ..  ..  
..  ..  ..  +2  ..  ..  ..  +2  ..  +2  ..  ..  ..  ..  
..  ..  ..  ..  ..  ..  ..  ..  ..  ..  ..  ..  ..  ..  
..  ..  ..  ..  ..  ..  ..  ..  ..  ..  ..  ..  ..  ..  
..  ..  ..  ..  ..  ..  ..  ..  ..  ..  ..  ..  ..  ..  
..  ..  ..  ..  ..  ..  ..  ..  ..  ..  ..  ..  ..  ..  
..  ..  ..  ..  ..  ..  ..  ..  ..  ..  ..  ..  ..  ..  
..  ..  ..  ..  ..  ..  ..  ..  ..  ..  ..  ..  ..  ..  
..  ..  ..  ..  ..  ..  ..  ..  ..  ..  ..  ..  ..  ..  
..  ..  ..  ..  ..  ..  ..  ..  ..  ..  ..  ..  ..  ..  
..  ..  ..  ..  ..  ..  ..  ..  ..  ..  ..  ..  ..  ..  
..  ..  ..  ..  ..  ..  ..  ..  ..  ..  ..  ..  ..  ..  
..  ..  ..  ..  ..  ..  ..  ..  ..  ..  ..  ..  ..  ..  
..  ..  ..  ..  ..  ..  ..  ..  ..  ..  ..  ..  ..  ..  
..  ..  ..  ..  ..  ..  ..  ..  ..  ..  ..  ..  ..  ..  
..  ..  ..  ..  ..  ..  ..  ..  ..  ..  ..  -2  ..  ..  
..  ..  ..  ..  ..  ..  ..  ..  -1  ..  ..  ..  ..  ..  
..  ..  ..  ..  ..  ..  ..  -1  ..  -1  ..  ..  ..  ..  
..  ..  ..  ..  ..  ..  -2  ..  -1  ..  -1  ..  ..  ..  
..  ..  ..  ..  ..  ..  ..  +1  ..  -2  ..  ..  ..  ..  
..  ..  ..  ..  ..  ..  -1  ..  +2  ..  ..  ..  ..  ..  
..  ..  ..  ..  ..  -2  ..  +1  ..  ..  ..  ..  ..  ..  
..  ..  ..  ..  ..  ..  ..  ..  ..  ..  ..  ..  ..  ..  
..  ..  ..  +2  ..  ..  ..  +2  ..  +2  ..  ..  ..  ..  
..  ..  ..  ..  ..  ..  ..  ..  ..  ..  ..  ..  ..  ..  
..  ..  ..  ..  ..  ..  ..  ..  ..  ..  ..  ..  ..  ..  
..  ..  ..  ..  ..  ..  ..  ..  ..  ..  ..  ..  ..  ..  
..  ..  ..  ..  ..  ..  ..  ..  ..  ..  ..  ..  ..  ..  
..  ..  ..  ..  ..  ..  ..  ..  ..  ..  ..  ..  ..  ..  
..  ..  ..  ..  ..  ..  ..  ..  ..  ..  ..  ..  ..  ..  
..  ..  ..  ..  ..  ..  ..  ..  ..  ..  ..  ..  ..  ..  
..  ..  ..  ..  ..  ..  ..  ..  ..  ..  ..  ..  ..  ..  
doneHai i am pl215..  ..  ..  ..  ..  ..  ..  ..  ..  ..  ..  ..  ..  ..  
..  ..  ..  ..  ..  ..  ..  ..  ..  ..  ..  ..  ..  ..  
..  ..  ..  ..  ..  ..  ..  ..  ..  ..  ..  ..  ..  ..  
..  ..  ..  ..  ..  ..  ..  ..  ..  ..  ..  ..  ..  ..  
..  ..  ..  ..  ..  ..  ..  ..  ..  ..  ..  ..  ..  ..  
..  ..  ..  ..  ..  ..  ..  ..  ..  ..  ..  -2  ..  ..  
..  ..  ..  ..  ..  ..  ..  ..  -1  ..  ..  ..  ..  ..  
..  ..  ..  ..  ..  ..  ..  -1  ..  -1  ..  ..  ..  ..  
..  ..  ..  ..  ..  ..  -2  ..  -1  ..  -1  ..  ..  ..  
..  ..  ..  ..  ..  ..  ..  +1  ..  -2  ..  ..  ..  ..  
..  ..  ..  ..  ..  ..  -1  ..  +2  ..  ..  ..  ..  ..  
..  ..  ..  ..  ..  -2  ..  +1  ..  +2  ..  ..  ..  ..  
..  ..  ..  ..  ..  ..  ..  ..  ..  ..  ..  ..  ..  ..  
..  ..  ..  +2  ..  ..  ..  +2  ..  +1  ..  ..  ..  ..  
..  ..  ..  ..  ..  ..  ..  ..  ..  ..  ..  ..  ..  ..  
..  ..  ..  ..  ..  ..  ..  ..  ..  ..  ..  ..  ..  ..  
..  ..  ..  ..  ..  ..  ..  ..  ..  ..  ..  ..  ..  ..  
..  ..  ..  ..  ..  ..  ..  ..  ..  ..  ..  ..  ..  ..  
..  ..  ..  ..  ..  ..  ..  ..  ..  ..  ..  ..  ..  ..  
..  ..  ..  ..  ..  ..  ..  ..  ..  ..  ..  ..  ..  ..  
..  ..  ..  ..  ..  ..  ..  ..  ..  ..  ..  ..  ..  ..  
..  ..  ..  ..  ..  ..  ..  ..  ..  ..  ..  ..  ..  ..  
..  ..  ..  ..  ..  ..  ..  ..  ..  ..  ..  ..  ..  ..  
..  ..  ..  ..  ..  ..  ..  ..  ..  ..  ..  ..  ..  ..  
..  ..  ..  ..  ..  ..  ..  ..  ..  ..  ..  ..  ..  ..  
..  ..  ..  ..  ..  ..  ..  ..  ..  ..  ..  ..  ..  ..  
..  ..  ..  ..  ..  ..  ..  ..  ..  ..  ..  ..  ..  ..  
..  ..  ..  ..  ..  ..  ..  ..  ..  ..  ..  -2  ..  ..  
..  ..  ..  ..  ..  ..  ..  ..  -1  ..  ..  ..  ..  ..  
..  ..  ..  ..  ..  ..  ..  -1  ..  -1  ..  ..  ..  ..  
..  ..  ..  ..  ..  ..  -2  ..  -1  ..  -1  ..  ..  ..  
..  ..  ..  ..  ..  ..  ..  +1  ..  -2  ..  ..  ..  ..  
..  ..  ..  ..  ..  ..  -1  ..  +2  ..  ..  ..  ..  ..  
..  ..  ..  ..  ..  -2  ..  +1  ..  +2  ..  ..  ..  ..  
..  ..  ..  ..  ..  ..  ..  ..  ..  ..  ..  ..  ..  ..  
..  ..  ..  +2  ..  ..  ..  +2  ..  +1  ..  ..  ..  ..  
..  ..  ..  ..  ..  ..  ..  ..  ..  ..  ..  ..  ..  ..  
..  ..  ..  ..  ..  ..  ..  ..  ..  ..  ..  ..  ..  ..  
..  ..  ..  ..  ..  ..  ..  ..  ..  ..  ..  ..  ..  ..  
..  ..  ..  ..  ..  ..  ..  ..  ..  ..  ..  ..  ..  ..  
..  ..  ..  ..  ..  ..  ..  ..  ..  ..  ..  ..  ..  ..  
..  ..  ..  ..  ..  ..  ..  ..  ..  ..  ..  ..  ..  ..  
..  ..  ..  ..  ..  ..  ..  ..  ..  ..  ..  ..  ..  ..  
..  ..  ..  ..  ..  ..  ..  ..  ..  ..  ..  ..  ..  ..  
..  ..  ..  ..  ..  ..  ..  ..  ..  ..  ..  ..  ..  ..  
..  ..  ..  ..  ..  ..  ..  ..  ..  ..  ..  ..  ..  ..  
..  ..  ..  ..  ..  ..  ..  ..  ..  ..  ..  ..  ..  ..  
..  ..  ..  ..  ..  ..  ..  ..  ..  ..  ..  ..  ..  ..  
..  ..  ..  ..  ..  ..  ..  ..  ..  ..  ..  ..  ..  ..  
..  ..  ..  ..  ..  ..  ..  ..  ..  ..  ..  -1  ..  ..  
..  ..  ..  ..  ..  ..  ..  ..  -1  ..  -2  ..  ..  ..  
..  ..  ..  ..  ..  ..  ..  -1  ..  -1  ..  ..  ..  ..  
..  ..  ..  ..  ..  ..  -2  ..  -1  ..  -1  ..  ..  ..  
..  ..  ..  ..  ..  ..  ..  +1  ..  -2  ..  ..  ..  ..  
..  ..  ..  ..  ..  ..  -1  ..  +2  ..  ..  ..  ..  ..  
..  ..  ..  ..  ..  -2  ..  +1  ..  +2  ..  ..  ..  ..  
..  ..  ..  ..  ..  ..  ..  ..  ..  ..  ..  ..  ..  ..  
..  ..  ..  +2  ..  ..  ..  +2  ..  +1  ..  ..  ..  ..  
..  ..  ..  ..  ..  ..  ..  ..  ..  ..  ..  ..  ..  ..  
..  ..  ..  ..  ..  ..  ..  ..  ..  ..  ..  ..  ..  ..  
..  ..  ..  ..  ..  ..  ..  ..  ..  ..  ..  ..  ..  ..  
..  ..  ..  ..  ..  ..  ..  ..  ..  ..  ..  ..  ..  ..  
..  ..  ..  ..  ..  ..  ..  ..  ..  ..  ..  ..  ..  ..  
..  ..  ..  ..  ..  ..  ..  ..  ..  ..  ..  ..  ..  ..  
..  ..  ..  ..  ..  ..  ..  ..  ..  ..  ..  ..  ..  ..  
..  ..  ..  ..  ..  ..  ..  ..  ..  ..  ..  ..  ..  ..  
..  ..  ..  ..  ..  ..  ..  ..  ..  ..  ..  ..  ..  ..  
..  ..  ..  ..  ..  ..  ..  ..  ..  ..  ..  ..  ..  ..  
..  ..  ..  ..  ..  ..  ..  ..  ..  ..  ..  ..  ..  ..  
..  ..  ..  ..  ..  ..  ..  ..  ..  ..  ..  ..  ..  ..  
..  ..  ..  ..  ..  ..  ..  ..  ..  ..  ..  ..  ..  ..  
..  ..  ..  ..  ..  ..  ..  ..  ..  ..  ..  -1  ..  ..  
..  ..  ..  ..  ..  ..  ..  ..  -1  ..  -2  ..  ..  ..  
..  ..  ..  ..  ..  ..  ..  -1  ..  -1  ..  ..  ..  ..  
..  ..  ..  ..  ..  ..  -2  ..  -1  ..  -1  ..  ..  ..  
..  ..  ..  ..  ..  ..  ..  +1  ..  -2  ..  ..  ..  ..  
..  ..  ..  ..  ..  ..  -1  ..  +2  ..  ..  ..  ..  ..  
..  ..  ..  ..  ..  -2  ..  +1  ..  +2  ..  ..  ..  ..  
..  ..  ..  ..  ..  ..  ..  ..  ..  ..  ..  ..  ..  ..  
..  ..  ..  +2  ..  ..  ..  +2  ..  +1  ..  ..  ..  ..  
..  ..  ..  ..  ..  ..  ..  ..  ..  ..  ..  ..  ..  ..  
..  ..  ..  ..  ..  ..  ..  ..  ..  ..  ..  ..  ..  ..  
..  ..  ..  ..  ..  ..  ..  ..  ..  ..  ..  ..  ..  ..  
..  ..  ..  ..  ..  ..  ..  ..  ..  ..  ..  ..  ..  ..  
..  ..  ..  ..  ..  ..  ..  ..  ..  ..  ..  ..  ..  ..  
..  ..  ..  ..  ..  ..  ..  ..  ..  ..  ..  ..  ..  ..  
..  ..  ..  ..  ..  ..  ..  ..  ..  ..  ..  ..  ..  ..  
..  ..  ..  ..  ..  ..  ..  ..  ..  ..  ..  ..  ..  ..  
doneHai i am pl216..  ..  ..  ..  ..  ..  ..  ..  ..  ..  ..  ..  ..  ..  
..  ..  ..  ..  ..  ..  ..  ..  ..  ..  ..  ..  ..  ..  
..  ..  ..  ..  ..  ..  ..  ..  ..  ..  ..  ..  ..  ..  
..  ..  ..  ..  ..  ..  ..  ..  ..  ..  ..  ..  ..  ..  
..  ..  ..  ..  ..  ..  ..  ..  +2  ..  ..  ..  ..  ..  
..  ..  ..  ..  ..  ..  ..  ..  ..  ..  ..  -1  ..  ..  
..  ..  ..  ..  ..  ..  ..  ..  +1  ..  -2  ..  ..  ..  
..  ..  ..  ..  ..  ..  ..  -1  ..  -1  ..  ..  ..  ..  
..  ..  ..  ..  ..  ..  -2  ..  +1  ..  -1  ..  ..  ..  
..  ..  ..  ..  ..  ..  ..  +1  ..  -2  ..  ..  ..  ..  
..  ..  ..  ..  ..  ..  -1  ..  +1  ..  ..  ..  ..  ..  
..  ..  ..  ..  ..  -2  ..  +1  ..  +2  ..  ..  ..  ..  
..  ..  ..  ..  ..  ..  ..  ..  ..  ..  ..  ..  ..  ..  
..  ..  ..  +2  ..  ..  ..  +2  ..  +1  ..  ..  ..  ..  
..  ..  ..  ..  ..  ..  ..  ..  ..  ..  ..  ..  ..  ..  
..  ..  ..  ..  ..  ..  ..  ..  ..  ..  ..  ..  ..  ..  
..  ..  ..  ..  ..  ..  ..  ..  ..  ..  ..  ..  ..  ..  
..  ..  ..  ..  ..  ..  ..  ..  ..  ..  ..  ..  ..  ..  
..  ..  ..  ..  ..  ..  ..  ..  ..  ..  ..  ..  ..  ..  
..  ..  ..  ..  ..  ..  ..  ..  ..  ..  ..  ..  ..  ..  
..  ..  ..  ..  ..  ..  ..  ..  ..  ..  ..  ..  ..  ..  
..  ..  ..  ..  ..  ..  ..  ..  ..  ..  ..  ..  ..  ..  
..  ..  ..  ..  ..  ..  ..  ..  ..  ..  ..  ..  ..  ..  
..  ..  ..  ..  ..  ..  ..  ..  ..  ..  ..  ..  ..  ..  
..  ..  ..  ..  ..  ..  ..  ..  ..  ..  ..  ..  ..  ..  
..  ..  ..  ..  ..  ..  ..  ..  ..  ..  ..  ..  ..  ..  
..  ..  ..  ..  ..  ..  ..  ..  +2  ..  ..  ..  ..  ..  
..  ..  ..  ..  ..  ..  ..  ..  ..  ..  ..  -1  ..  ..  
..  ..  ..  ..  ..  ..  ..  ..  +1  ..  -2  ..  ..  ..  
..  ..  ..  ..  ..  ..  ..  -1  ..  -1  ..  ..  ..  ..  
..  ..  ..  ..  ..  ..  -2  ..  +1  ..  -1  ..  ..  ..  
..  ..  ..  ..  ..  ..  ..  +1  ..  -2  ..  ..  ..  ..  
..  ..  ..  ..  ..  ..  -1  ..  +1  ..  ..  ..  ..  ..  
..  ..  ..  ..  ..  -2  ..  +1  ..  +2  ..  ..  ..  ..  
..  ..  ..  ..  ..  ..  ..  ..  ..  ..  ..  ..  ..  ..  
..  ..  ..  +2  ..  ..  ..  +2  ..  +1  ..  ..  ..  ..  
..  ..  ..  ..  ..  ..  ..  ..  ..  ..  ..  ..  ..  ..  
..  ..  ..  ..  ..  ..  ..  ..  ..  ..  ..  ..  ..  ..  
..  ..  ..  ..  ..  ..  ..  ..  ..  ..  ..  ..  ..  ..  
..  ..  ..  ..  ..  ..  ..  ..  ..  ..  ..  ..  ..  ..  
..  ..  ..  ..  ..  ..  ..  ..  ..  ..  ..  ..  ..  ..  
..  ..  ..  ..  ..  ..  ..  ..  ..  ..  ..  ..  ..  ..  
..  ..  ..  ..  ..  ..  ..  ..  ..  ..  ..  ..  ..  ..  
..  ..  ..  ..  ..  ..  ..  ..  ..  ..  ..  ..  ..  ..  
..  ..  ..  ..  ..  ..  ..  ..  ..  ..  ..  ..  ..  ..  
..  ..  ..  ..  ..  ..  ..  ..  ..  ..  ..  ..  ..  ..  
..  ..  ..  ..  ..  ..  ..  ..  ..  ..  ..  ..  ..  ..  
..  ..  ..  ..  ..  ..  ..  ..  ..  ..  ..  ..  ..  ..  
..  ..  ..  ..  ..  ..  ..  ..  +2  ..  ..  ..  ..  ..  
..  ..  ..  ..  ..  ..  ..  ..  ..  -2  ..  -1  ..  ..  
..  ..  ..  ..  ..  ..  ..  ..  -1  ..  -2  ..  ..  ..  
..  ..  ..  ..  ..  ..  ..  +1  ..  -1  ..  ..  ..  ..  
..  ..  ..  ..  ..  ..  -1  ..  +1  ..  -1  ..  ..  ..  
..  ..  ..  ..  ..  ..  ..  +1  ..  -2  ..  ..  ..  ..  
..  ..  ..  ..  ..  ..  -1  ..  +1  ..  ..  ..  ..  ..  
..  ..  ..  ..  ..  -2  ..  +1  ..  +2  ..  ..  ..  ..  
..  ..  ..  ..  ..  ..  ..  ..  ..  ..  ..  ..  ..  ..  
..  ..  ..  +2  ..  ..  ..  +2  ..  +1  ..  ..  ..  ..  
..  ..  ..  ..  ..  ..  ..  ..  ..  ..  ..  ..  ..  ..  
..  ..  ..  ..  ..  ..  ..  ..  ..  ..  ..  ..  ..  ..  
..  ..  ..  ..  ..  ..  ..  ..  ..  ..  ..  ..  ..  ..  
..  ..  ..  ..  ..  ..  ..  ..  ..  ..  ..  ..  ..  ..  
..  ..  ..  ..  ..  ..  ..  ..  ..  ..  ..  ..  ..  ..  
..  ..  ..  ..  ..  ..  ..  ..  ..  ..  ..  ..  ..  ..  
..  ..  ..  ..  ..  ..  ..  ..  ..  ..  ..  ..  ..  ..  
..  ..  ..  ..  ..  ..  ..  ..  ..  ..  ..  ..  ..  ..  
..  ..  ..  ..  ..  ..  ..  ..  ..  ..  ..  ..  ..  ..  
..  ..  ..  ..  ..  ..  ..  ..  ..  ..  ..  ..  ..  ..  
..  ..  ..  ..  ..  ..  ..  ..  ..  ..  ..  ..  ..  ..  
..  ..  ..  ..  ..  ..  ..  ..  ..  ..  ..  ..  ..  ..  
..  ..  ..  ..  ..  ..  ..  ..  +2  ..  ..  ..  ..  ..  
..  ..  ..  ..  ..  ..  ..  ..  ..  -2  ..  -1  ..  ..  
..  ..  ..  ..  ..  ..  ..  ..  -1  ..  -2  ..  ..  ..  
..  ..  ..  ..  ..  ..  ..  +1  ..  -1  ..  ..  ..  ..  
..  ..  ..  ..  ..  ..  -1  ..  +1  ..  -1  ..  ..  ..  
..  ..  ..  ..  ..  ..  ..  +1  ..  -2  ..  ..  ..  ..  
..  ..  ..  ..  ..  ..  -1  ..  +1  ..  ..  ..  ..  ..  
..  ..  ..  ..  ..  -2  ..  +1  ..  +2  ..  ..  ..  ..  
..  ..  ..  ..  ..  ..  ..  ..  ..  ..  ..  ..  ..  ..  
..  ..  ..  +2  ..  ..  ..  +2  ..  +1  ..  ..  ..  ..  
..  ..  ..  ..  ..  ..  ..  ..  ..  ..  ..  ..  ..  ..  
..  ..  ..  ..  ..  ..  ..  ..  ..  ..  ..  ..  ..  ..  
..  ..  ..  ..  ..  ..  ..  ..  ..  ..  ..  ..  ..  ..  
..  ..  ..  ..  ..  ..  ..  ..  ..  ..  ..  ..  ..  ..  
..  ..  ..  ..  ..  ..  ..  ..  ..  ..  ..  ..  ..  ..  
..  ..  ..  ..  ..  ..  ..  ..  ..  ..  ..  ..  ..  ..  
..  ..  ..  ..  ..  ..  ..  ..  ..  ..  ..  ..  ..  ..  
..  ..  ..  ..  ..  ..  ..  ..  ..  ..  ..  ..  ..  ..  
doneHai i am pl217..  ..  ..  ..  ..  ..  ..  ..  ..  ..  ..  ..  ..  ..  
..  ..  ..  ..  ..  ..  ..  ..  ..  ..  ..  ..  ..  ..  
..  ..  ..  ..  ..  ..  ..  ..  ..  ..  ..  ..  ..  ..  
..  ..  ..  ..  ..  ..  ..  ..  ..  ..  ..  ..  ..  ..  
..  ..  ..  ..  ..  ..  ..  ..  +1  ..  ..  ..  ..  ..  
..  ..  ..  ..  ..  ..  ..  +2  ..  -2  ..  -1  ..  ..  
..  ..  ..  ..  ..  ..  ..  ..  -1  ..  -2  ..  ..  ..  
..  ..  ..  ..  ..  ..  ..  +1  ..  -1  ..  ..  ..  ..  
..  ..  ..  ..  ..  ..  -1  ..  +1  ..  -1  ..  ..  ..  
..  ..  ..  ..  ..  ..  ..  +1  ..  -2  ..  ..  ..  ..  
..  ..  ..  ..  ..  ..  -1  ..  +1  ..  ..  ..  ..  ..  
..  ..  ..  ..  ..  -2  ..  +1  ..  +2  ..  ..  ..  ..  
..  ..  ..  ..  ..  ..  ..  ..  ..  ..  ..  ..  ..  ..  
..  ..  ..  +2  ..  ..  ..  +2  ..  +1  ..  ..  ..  ..  
..  ..  ..  ..  ..  ..  ..  ..  ..  ..  ..  ..  ..  ..  
..  ..  ..  ..  ..  ..  ..  ..  ..  ..  ..  ..  ..  ..  
..  ..  ..  ..  ..  ..  ..  ..  ..  ..  ..  ..  ..  ..  
..  ..  ..  ..  ..  ..  ..  ..  ..  ..  ..  ..  ..  ..  
..  ..  ..  ..  ..  ..  ..  ..  ..  ..  ..  ..  ..  ..  
..  ..  ..  ..  ..  ..  ..  ..  ..  ..  ..  ..  ..  ..  
..  ..  ..  ..  ..  ..  ..  ..  ..  ..  ..  ..  ..  ..  
..  ..  ..  ..  ..  ..  ..  ..  ..  ..  ..  ..  ..  ..  
..  ..  ..  ..  ..  ..  ..  ..  ..  ..  ..  ..  ..  ..  
..  ..  ..  ..  ..  ..  ..  ..  ..  ..  ..  ..  ..  ..  
..  ..  ..  ..  ..  ..  ..  ..  ..  ..  ..  ..  ..  ..  
..  ..  ..  ..  ..  ..  ..  ..  ..  ..  ..  ..  ..  ..  
..  ..  ..  ..  ..  ..  ..  ..  +1  ..  ..  ..  ..  ..  
..  ..  ..  ..  ..  ..  ..  +2  ..  -2  ..  -1  ..  ..  
..  ..  ..  ..  ..  ..  ..  ..  -1  ..  -2  ..  ..  ..  
..  ..  ..  ..  ..  ..  ..  +1  ..  -1  ..  ..  ..  ..  
..  ..  ..  ..  ..  ..  -1  ..  +1  ..  -1  ..  ..  ..  
..  ..  ..  ..  ..  ..  ..  +1  ..  -2  ..  ..  ..  ..  
..  ..  ..  ..  ..  ..  -1  ..  +1  ..  ..  ..  ..  ..  
..  ..  ..  ..  ..  -2  ..  +1  ..  +2  ..  ..  ..  ..  
..  ..  ..  ..  ..  ..  ..  ..  ..  ..  ..  ..  ..  ..  
..  ..  ..  +2  ..  ..  ..  +2  ..  +1  ..  ..  ..  ..  
..  ..  ..  ..  ..  ..  ..  ..  ..  ..  ..  ..  ..  ..  
..  ..  ..  ..  ..  ..  ..  ..  ..  ..  ..  ..  ..  ..  
..  ..  ..  ..  ..  ..  ..  ..  ..  ..  ..  ..  ..  ..  
..  ..  ..  ..  ..  ..  ..  ..  ..  ..  ..  ..  ..  ..  
..  ..  ..  ..  ..  ..  ..  ..  ..  ..  ..  ..  ..  ..  
..  ..  ..  ..  ..  ..  ..  ..  ..  ..  ..  ..  ..  ..  
..  ..  ..  ..  ..  ..  ..  ..  ..  ..  ..  ..  ..  ..  
..  ..  ..  ..  ..  ..  ..  ..  ..  ..  ..  ..  ..  ..  
..  ..  ..  ..  ..  ..  ..  ..  ..  ..  ..  ..  ..  ..  
..  ..  ..  ..  ..  ..  ..  ..  ..  ..  ..  ..  ..  ..  
..  ..  ..  ..  ..  ..  ..  ..  ..  ..  ..  ..  ..  ..  
..  ..  ..  ..  ..  ..  ..  ..  ..  ..  ..  ..  ..  ..  
..  ..  ..  ..  ..  ..  ..  ..  +1  ..  ..  ..  ..  ..  
..  ..  ..  ..  ..  ..  ..  +2  ..  -2  ..  -1  ..  ..  
..  ..  ..  ..  ..  ..  ..  ..  -1  ..  -2  ..  ..  ..  
..  ..  ..  ..  ..  ..  ..  +1  ..  -1  ..  ..  ..  ..  
..  ..  ..  ..  ..  ..  -1  ..  +1  ..  -1  ..  ..  ..  
..  ..  ..  ..  ..  ..  ..  +1  ..  -2  ..  ..  ..  ..  
..  ..  ..  ..  -2  ..  -1  ..  +1  ..  ..  ..  ..  ..  
..  ..  ..  ..  ..  -1  ..  +1  ..  +2  ..  ..  ..  ..  
..  ..  ..  ..  ..  ..  ..  ..  ..  ..  ..  ..  ..  ..  
..  ..  ..  +2  ..  ..  ..  +2  ..  +1  ..  ..  ..  ..  
..  ..  ..  ..  ..  ..  ..  ..  ..  ..  ..  ..  ..  ..  
..  ..  ..  ..  ..  ..  ..  ..  ..  ..  ..  ..  ..  ..  
..  ..  ..  ..  ..  ..  ..  ..  ..  ..  ..  ..  ..  ..  
..  ..  ..  ..  ..  ..  ..  ..  ..  ..  ..  ..  ..  ..  
..  ..  ..  ..  ..  ..  ..  ..  ..  ..  ..  ..  ..  ..  
..  ..  ..  ..  ..  ..  ..  ..  ..  ..  ..  ..  ..  ..  
..  ..  ..  ..  ..  ..  ..  ..  ..  ..  ..  ..  ..  ..  
..  ..  ..  ..  ..  ..  ..  ..  ..  ..  ..  ..  ..  ..  
..  ..  ..  ..  ..  ..  ..  ..  ..  ..  ..  ..  ..  ..  
..  ..  ..  ..  ..  ..  ..  ..  ..  ..  ..  ..  ..  ..  
..  ..  ..  ..  ..  ..  ..  ..  ..  ..  ..  ..  ..  ..  
..  ..  ..  ..  ..  ..  ..  ..  ..  ..  ..  ..  ..  ..  
..  ..  ..  ..  ..  ..  ..  ..  +1  ..  ..  ..  ..  ..  
..  ..  ..  ..  ..  ..  ..  +2  ..  -2  ..  -1  ..  ..  
..  ..  ..  ..  ..  ..  ..  ..  -1  ..  -2  ..  ..  ..  
..  ..  ..  ..  ..  ..  ..  +1  ..  -1  ..  ..  ..  ..  
..  ..  ..  ..  ..  ..  -1  ..  +1  ..  -1  ..  ..  ..  
..  ..  ..  ..  ..  ..  ..  +1  ..  -2  ..  ..  ..  ..  
..  ..  ..  ..  -2  ..  -1  ..  +1  ..  ..  ..  ..  ..  
..  ..  ..  ..  ..  -1  ..  +1  ..  +2  ..  ..  ..  ..  
..  ..  ..  ..  ..  ..  ..  ..  ..  ..  ..  ..  ..  ..  
..  ..  ..  +2  ..  ..  ..  +2  ..  +1  ..  ..  ..  ..  
..  ..  ..  ..  ..  ..  ..  ..  ..  ..  ..  ..  ..  ..  
..  ..  ..  ..  ..  ..  ..  ..  ..  ..  ..  ..  ..  ..  
..  ..  ..  ..  ..  ..  ..  ..  ..  ..  ..  ..  ..  ..  
..  ..  ..  ..  ..  ..  ..  ..  ..  ..  ..  ..  ..  ..  
..  ..  ..  ..  ..  ..  ..  ..  ..  ..  ..  ..  ..  ..  
..  ..  ..  ..  ..  ..  ..  ..  ..  ..  ..  ..  ..  ..  
..  ..  ..  ..  ..  ..  ..  ..  ..  ..  ..  ..  ..  ..  
..  ..  ..  ..  ..  ..  ..  ..  ..  ..  ..  ..  ..  ..  
doneHai i am pl218..  ..  ..  ..  ..  ..  ..  ..  ..  ..  ..  ..  ..  ..  
..  ..  ..  ..  ..  ..  ..  ..  ..  ..  ..  ..  ..  ..  
..  ..  ..  ..  ..  ..  ..  ..  ..  ..  ..  ..  ..  ..  
..  ..  ..  ..  ..  ..  ..  ..  ..  ..  ..  ..  ..  ..  
..  ..  ..  ..  ..  ..  ..  ..  +1  ..  ..  ..  ..  ..  
..  ..  ..  ..  ..  ..  ..  +1  ..  -2  ..  -1  ..  ..  
..  ..  ..  ..  ..  ..  +2  ..  -1  ..  -2  ..  ..  ..  
..  ..  ..  ..  ..  ..  ..  +1  ..  -1  ..  ..  ..  ..  
..  ..  ..  ..  ..  ..  -1  ..  +1  ..  -1  ..  ..  ..  
..  ..  ..  ..  ..  ..  ..  +1  ..  -2  ..  ..  ..  ..  
..  ..  ..  ..  -2  ..  -1  ..  +1  ..  ..  ..  ..  ..  
..  ..  ..  ..  ..  -1  ..  +1  ..  +2  ..  ..  ..  ..  
..  ..  ..  ..  ..  ..  ..  ..  ..  ..  ..  ..  ..  ..  
..  ..  ..  +2  ..  ..  ..  +2  ..  +1  ..  ..  ..  ..  
..  ..  ..  ..  ..  ..  ..  ..  ..  ..  ..  ..  ..  ..  
..  ..  ..  ..  ..  ..  ..  ..  ..  ..  ..  ..  ..  ..  
..  ..  ..  ..  ..  ..  ..  ..  ..  ..  ..  ..  ..  ..  
..  ..  ..  ..  ..  ..  ..  ..  ..  ..  ..  ..  ..  ..  
..  ..  ..  ..  ..  ..  ..  ..  ..  ..  ..  ..  ..  ..  
..  ..  ..  ..  ..  ..  ..  ..  ..  ..  ..  ..  ..  ..  
..  ..  ..  ..  ..  ..  ..  ..  ..  ..  ..  ..  ..  ..  
..  ..  ..  ..  ..  ..  ..  ..  ..  ..  ..  ..  ..  ..  
..  ..  ..  ..  ..  ..  ..  ..  ..  ..  ..  ..  ..  ..  
..  ..  ..  ..  ..  ..  ..  ..  ..  ..  ..  ..  ..  ..  
..  ..  ..  ..  ..  ..  ..  ..  ..  ..  ..  ..  ..  ..  
..  ..  ..  ..  ..  ..  ..  ..  ..  ..  ..  ..  ..  ..  
..  ..  ..  ..  ..  ..  ..  ..  +1  ..  ..  ..  ..  ..  
..  ..  ..  ..  ..  ..  ..  +1  ..  -2  ..  -1  ..  ..  
..  ..  ..  ..  ..  ..  +2  ..  -1  ..  -2  ..  ..  ..  
..  ..  ..  ..  ..  ..  ..  +1  ..  -1  ..  ..  ..  ..  
..  ..  ..  ..  ..  ..  -1  ..  +1  ..  -1  ..  ..  ..  
..  ..  ..  ..  ..  ..  ..  +1  ..  -2  ..  ..  ..  ..  
..  ..  ..  ..  -2  ..  -1  ..  +1  ..  ..  ..  ..  ..  
..  ..  ..  ..  ..  -1  ..  +1  ..  +2  ..  ..  ..  ..  
..  ..  ..  ..  ..  ..  ..  ..  ..  ..  ..  ..  ..  ..  
..  ..  ..  +2  ..  ..  ..  +2  ..  +1  ..  ..  ..  ..  
..  ..  ..  ..  ..  ..  ..  ..  ..  ..  ..  ..  ..  ..  
..  ..  ..  ..  ..  ..  ..  ..  ..  ..  ..  ..  ..  ..  
..  ..  ..  ..  ..  ..  ..  ..  ..  ..  ..  ..  ..  ..  
..  ..  ..  ..  ..  ..  ..  ..  ..  ..  ..  ..  ..  ..  
..  ..  ..  ..  ..  ..  ..  ..  ..  ..  ..  ..  ..  ..  
..  ..  ..  ..  ..  ..  ..  ..  ..  ..  ..  ..  ..  ..  
..  ..  ..  ..  ..  ..  ..  ..  ..  ..  ..  ..  ..  ..  
..  ..  ..  ..  ..  ..  ..  ..  ..  ..  ..  ..  ..  ..  
..  ..  ..  ..  ..  ..  ..  ..  ..  ..  ..  ..  ..  ..  
..  ..  ..  ..  ..  ..  ..  ..  ..  ..  ..  ..  ..  ..  
..  ..  ..  ..  ..  ..  ..  ..  ..  ..  ..  ..  ..  ..  
..  ..  ..  ..  ..  ..  ..  -2  ..  ..  ..  ..  ..  ..  
..  ..  ..  ..  ..  ..  ..  ..  -1  ..  ..  ..  ..  ..  
..  ..  ..  ..  ..  ..  ..  +1  ..  -1  ..  -1  ..  ..  
..  ..  ..  ..  ..  ..  +2  ..  -1  ..  -2  ..  ..  ..  
..  ..  ..  ..  ..  ..  ..  +1  ..  -1  ..  ..  ..  ..  
..  ..  ..  ..  ..  ..  -1  ..  +1  ..  -1  ..  ..  ..  
..  ..  ..  ..  ..  ..  ..  +1  ..  -2  ..  ..  ..  ..  
..  ..  ..  ..  -2  ..  -1  ..  +1  ..  ..  ..  ..  ..  
..  ..  ..  ..  ..  -1  ..  +1  ..  +2  ..  ..  ..  ..  
..  ..  ..  ..  ..  ..  ..  ..  ..  ..  ..  ..  ..  ..  
..  ..  ..  +2  ..  ..  ..  +2  ..  +1  ..  ..  ..  ..  
..  ..  ..  ..  ..  ..  ..  ..  ..  ..  ..  ..  ..  ..  
..  ..  ..  ..  ..  ..  ..  ..  ..  ..  ..  ..  ..  ..  
..  ..  ..  ..  ..  ..  ..  ..  ..  ..  ..  ..  ..  ..  
..  ..  ..  ..  ..  ..  ..  ..  ..  ..  ..  ..  ..  ..  
..  ..  ..  ..  ..  ..  ..  ..  ..  ..  ..  ..  ..  ..  
..  ..  ..  ..  ..  ..  ..  ..  ..  ..  ..  ..  ..  ..  
..  ..  ..  ..  ..  ..  ..  ..  ..  ..  ..  ..  ..  ..  
..  ..  ..  ..  ..  ..  ..  ..  ..  ..  ..  ..  ..  ..  
..  ..  ..  ..  ..  ..  ..  ..  ..  ..  ..  ..  ..  ..  
..  ..  ..  ..  ..  ..  ..  ..  ..  ..  ..  ..  ..  ..  
..  ..  ..  ..  ..  ..  ..  ..  ..  ..  ..  ..  ..  ..  
..  ..  ..  ..  ..  ..  ..  -2  ..  ..  ..  ..  ..  ..  
..  ..  ..  ..  ..  ..  ..  ..  -1  ..  ..  ..  ..  ..  
..  ..  ..  ..  ..  ..  ..  +1  ..  -1  ..  -1  ..  ..  
..  ..  ..  ..  ..  ..  +2  ..  -1  ..  -2  ..  ..  ..  
..  ..  ..  ..  ..  ..  ..  +1  ..  -1  ..  ..  ..  ..  
..  ..  ..  ..  ..  ..  -1  ..  +1  ..  -1  ..  ..  ..  
..  ..  ..  ..  ..  ..  ..  +1  ..  -2  ..  ..  ..  ..  
..  ..  ..  ..  -2  ..  -1  ..  +1  ..  ..  ..  ..  ..  
..  ..  ..  ..  ..  -1  ..  +1  ..  +2  ..  ..  ..  ..  
..  ..  ..  ..  ..  ..  ..  ..  ..  ..  ..  ..  ..  ..  
..  ..  ..  +2  ..  ..  ..  +2  ..  +1  ..  ..  ..  ..  
..  ..  ..  ..  ..  ..  ..  ..  ..  ..  ..  ..  ..  ..  
..  ..  ..  ..  ..  ..  ..  ..  ..  ..  ..  ..  ..  ..  
..  ..  ..  ..  ..  ..  ..  ..  ..  ..  ..  ..  ..  ..  
..  ..  ..  ..  ..  ..  ..  ..  ..  ..  ..  ..  ..  ..  
..  ..  ..  ..  ..  ..  ..  ..  ..  ..  ..  ..  ..  ..  
..  ..  ..  ..  ..  ..  ..  ..  ..  ..  ..  ..  ..  ..  
..  ..  ..  ..  ..  ..  ..  ..  ..  ..  ..  ..  ..  ..  
..  ..  ..  ..  ..  ..  ..  ..  ..  ..  ..  ..  ..  ..  
doneHai i am pl219..  ..  ..  ..  ..  ..  ..  ..  ..  ..  ..  ..  ..  ..  
..  ..  ..  ..  ..  ..  ..  ..  ..  ..  ..  ..  ..  ..  
..  ..  ..  ..  ..  ..  ..  ..  ..  ..  ..  ..  ..  ..  
..  ..  ..  ..  ..  ..  ..  -2  ..  ..  ..  ..  ..  ..  
..  ..  ..  ..  ..  ..  ..  ..  -1  ..  ..  ..  ..  ..  
..  ..  ..  ..  ..  ..  ..  ..  ..  -1  ..  -1  ..  ..  
..  ..  ..  ..  ..  ..  +2  ..  -1  ..  -2  ..  ..  ..  
..  ..  ..  ..  ..  ..  ..  ..  ..  -1  ..  ..  ..  ..  
..  ..  ..  ..  ..  ..  -1  ..  +1  ..  -1  ..  ..  ..  
..  ..  ..  ..  ..  ..  ..  ..  ..  -2  ..  ..  ..  ..  
..  ..  ..  ..  -2  ..  -1  ..  +1  ..  ..  ..  ..  ..  
..  ..  ..  ..  ..  -1  ..  ..  ..  +2  ..  ..  ..  ..  
..  ..  ..  ..  ..  ..  ..  ..  ..  ..  ..  ..  ..  ..  
..  ..  ..  +2  ..  ..  ..  ..  ..  +1  ..  ..  ..  ..  
..  ..  ..  ..  ..  ..  ..  ..  ..  ..  ..  ..  ..  ..  
..  ..  ..  ..  ..  ..  ..  ..  ..  ..  ..  ..  ..  ..  
..  ..  ..  ..  ..  ..  ..  ..  ..  ..  ..  ..  ..  ..  
..  ..  ..  ..  ..  ..  ..  ..  ..  ..  ..  ..  ..  ..  
..  ..  ..  ..  ..  ..  ..  ..  ..  ..  ..  ..  ..  ..  
..  ..  ..  ..  ..  ..  ..  ..  ..  ..  ..  ..  ..  ..  
..  ..  ..  ..  ..  ..  ..  ..  ..  ..  ..  ..  ..  ..  
..  ..  ..  ..  ..  ..  ..  ..  ..  ..  ..  ..  ..  ..  
..  ..  ..  ..  ..  ..  ..  ..  ..  ..  ..  ..  ..  ..  
..  ..  ..  ..  ..  ..  ..  ..  ..  ..  ..  ..  ..  ..  
..  ..  ..  ..  ..  ..  ..  ..  ..  ..  ..  ..  ..  ..  
..  ..  ..  ..  ..  ..  ..  -2  ..  ..  ..  ..  ..  ..  
..  ..  ..  ..  ..  ..  ..  ..  -1  ..  ..  ..  ..  ..  
..  ..  ..  ..  ..  ..  ..  ..  ..  -1  ..  -1  ..  ..  
..  ..  ..  ..  ..  ..  +2  ..  -1  ..  -2  ..  ..  ..  
..  ..  ..  ..  ..  ..  ..  ..  ..  -1  ..  ..  ..  ..  
..  ..  ..  ..  ..  ..  -1  ..  +1  ..  -1  ..  ..  ..  
..  ..  ..  ..  ..  ..  ..  ..  ..  -2  ..  ..  ..  ..  
..  ..  ..  ..  -2  ..  -1  ..  +1  ..  ..  ..  ..  ..  
..  ..  ..  ..  ..  -1  ..  ..  ..  +2  ..  ..  ..  ..  
..  ..  ..  ..  ..  ..  ..  ..  ..  ..  ..  ..  ..  ..  
..  ..  ..  +2  ..  ..  ..  ..  ..  +1  ..  ..  ..  ..  
..  ..  ..  ..  ..  ..  ..  ..  ..  ..  ..  ..  ..  ..  
..  ..  ..  ..  ..  ..  ..  ..  ..  ..  ..  ..  ..  ..  
..  ..  ..  ..  ..  ..  ..  ..  ..  ..  ..  ..  ..  ..  
..  ..  ..  ..  ..  ..  ..  ..  ..  ..  ..  ..  ..  ..  
..  ..  ..  ..  ..  ..  ..  ..  ..  ..  ..  ..  ..  ..  
..  ..  ..  ..  ..  ..  ..  ..  ..  ..  ..  ..  ..  ..  
..  ..  ..  ..  ..  ..  ..  ..  ..  ..  ..  ..  ..  ..  
..  ..  ..  ..  ..  ..  ..  ..  ..  ..  ..  ..  ..  ..  
..  ..  ..  ..  ..  ..  ..  ..  ..  ..  ..  ..  ..  ..  
..  ..  ..  ..  ..  ..  ..  ..  ..  ..  ..  ..  ..  ..  
..  ..  ..  ..  ..  ..  ..  ..  ..  ..  ..  ..  ..  ..  
..  ..  ..  ..  ..  ..  ..  -2  ..  ..  ..  ..  ..  ..  
..  ..  ..  ..  ..  ..  ..  ..  -1  ..  ..  ..  ..  ..  
..  ..  ..  ..  ..  ..  ..  ..  ..  -1  ..  -1  ..  ..  
..  ..  ..  ..  ..  ..  +2  ..  -1  ..  -1  ..  ..  ..  
..  ..  ..  ..  ..  ..  ..  ..  ..  +1  ..  ..  ..  ..  
..  ..  ..  ..  ..  ..  -1  ..  -1  ..  -1  ..  ..  ..  
..  ..  ..  ..  ..  ..  ..  -2  ..  -2  ..  ..  ..  ..  
..  ..  ..  ..  -2  ..  -1  ..  +1  ..  ..  ..  ..  ..  
..  ..  ..  ..  ..  -1  ..  ..  ..  +2  ..  ..  ..  ..  
..  ..  ..  ..  ..  ..  ..  ..  ..  ..  ..  ..  ..  ..  
..  ..  ..  +2  ..  ..  ..  ..  ..  +1  ..  ..  ..  ..  
..  ..  ..  ..  ..  ..  ..  ..  ..  ..  ..  ..  ..  ..  
..  ..  ..  ..  ..  ..  ..  ..  ..  ..  ..  ..  ..  ..  
..  ..  ..  ..  ..  ..  ..  ..  ..  ..  ..  ..  ..  ..  
..  ..  ..  ..  ..  ..  ..  ..  ..  ..  ..  ..  ..  ..  
..  ..  ..  ..  ..  ..  ..  ..  ..  ..  ..  ..  ..  ..  
..  ..  ..  ..  ..  ..  ..  ..  ..  ..  ..  ..  ..  ..  
..  ..  ..  ..  ..  ..  ..  ..  ..  ..  ..  ..  ..  ..  
..  ..  ..  ..  ..  ..  ..  ..  ..  ..  ..  ..  ..  ..  
..  ..  ..  ..  ..  ..  ..  ..  ..  ..  ..  ..  ..  ..  
..  ..  ..  ..  ..  ..  ..  ..  ..  ..  ..  ..  ..  ..  
..  ..  ..  ..  ..  ..  ..  ..  ..  ..  ..  ..  ..  ..  
..  ..  ..  ..  ..  ..  ..  -2  ..  ..  ..  ..  ..  ..  
..  ..  ..  ..  ..  ..  ..  ..  -1  ..  ..  ..  ..  ..  
..  ..  ..  ..  ..  ..  ..  ..  ..  -1  ..  -1  ..  ..  
..  ..  ..  ..  ..  ..  +2  ..  -1  ..  -1  ..  ..  ..  
..  ..  ..  ..  ..  ..  ..  ..  ..  +1  ..  ..  ..  ..  
..  ..  ..  ..  ..  ..  -1  ..  -1  ..  -1  ..  ..  ..  
..  ..  ..  ..  ..  ..  ..  -2  ..  -2  ..  ..  ..  ..  
..  ..  ..  ..  -2  ..  -1  ..  +1  ..  ..  ..  ..  ..  
..  ..  ..  ..  ..  -1  ..  ..  ..  +2  ..  ..  ..  ..  
..  ..  ..  ..  ..  ..  ..  ..  ..  ..  ..  ..  ..  ..  
..  ..  ..  +2  ..  ..  ..  ..  ..  +1  ..  ..  ..  ..  
..  ..  ..  ..  ..  ..  ..  ..  ..  ..  ..  ..  ..  ..  
..  ..  ..  ..  ..  ..  ..  ..  ..  ..  ..  ..  ..  ..  
..  ..  ..  ..  ..  ..  ..  ..  ..  ..  ..  ..  ..  ..  
..  ..  ..  ..  ..  ..  ..  ..  ..  ..  ..  ..  ..  ..  
..  ..  ..  ..  ..  ..  ..  ..  ..  ..  ..  ..  ..  ..  
..  ..  ..  ..  ..  ..  ..  ..  ..  ..  ..  ..  ..  ..  
..  ..  ..  ..  ..  ..  ..  ..  ..  ..  ..  ..  ..  ..  
..  ..  ..  ..  ..  ..  ..  ..  ..  ..  ..  ..  ..  ..  
doneHai i am pl220..  ..  ..  ..  ..  ..  ..  ..  ..  ..  ..  ..  ..  ..  
..  ..  ..  ..  ..  ..  ..  ..  ..  ..  ..  ..  ..  ..  
..  ..  ..  ..  ..  ..  ..  ..  ..  ..  ..  ..  ..  ..  
..  ..  ..  ..  ..  ..  ..  -2  ..  ..  ..  ..  ..  ..  
..  ..  ..  ..  ..  ..  ..  ..  -1  ..  ..  ..  ..  ..  
..  ..  ..  ..  ..  ..  ..  ..  ..  -1  ..  -1  ..  ..  
..  ..  ..  ..  ..  ..  +1  ..  -1  ..  -1  ..  ..  ..  
..  ..  ..  ..  ..  ..  ..  +2  ..  +1  ..  ..  ..  ..  
..  ..  ..  ..  ..  ..  -1  ..  -1  ..  -1  ..  ..  ..  
..  ..  ..  ..  ..  ..  ..  -2  ..  -2  ..  ..  ..  ..  
..  ..  ..  ..  -2  ..  -1  ..  +1  ..  ..  ..  ..  ..  
..  ..  ..  ..  ..  -1  ..  ..  ..  +2  ..  ..  ..  ..  
..  ..  ..  ..  ..  ..  ..  ..  ..  ..  ..  ..  ..  ..  
..  ..  ..  +2  ..  ..  ..  ..  ..  +1  ..  ..  ..  ..  
..  ..  ..  ..  ..  ..  ..  ..  ..  ..  ..  ..  ..  ..  
..  ..  ..  ..  ..  ..  ..  ..  ..  ..  ..  ..  ..  ..  
..  ..  ..  ..  ..  ..  ..  ..  ..  ..  ..  ..  ..  ..  
..  ..  ..  ..  ..  ..  ..  ..  ..  ..  ..  ..  ..  ..  
..  ..  ..  ..  ..  ..  ..  ..  ..  ..  ..  ..  ..  ..  
..  ..  ..  ..  ..  ..  ..  ..  ..  ..  ..  ..  ..  ..  
..  ..  ..  ..  ..  ..  ..  ..  ..  ..  ..  ..  ..  ..  
..  ..  ..  ..  ..  ..  ..  ..  ..  ..  ..  ..  ..  ..  
..  ..  ..  ..  ..  ..  ..  ..  ..  ..  ..  ..  ..  ..  
..  ..  ..  ..  ..  ..  ..  ..  ..  ..  ..  ..  ..  ..  
..  ..  ..  ..  ..  ..  ..  ..  ..  ..  ..  ..  ..  ..  
..  ..  ..  ..  ..  ..  ..  -2  ..  ..  ..  ..  ..  ..  
..  ..  ..  ..  ..  ..  ..  ..  -1  ..  ..  ..  ..  ..  
..  ..  ..  ..  ..  ..  ..  ..  ..  -1  ..  -1  ..  ..  
..  ..  ..  ..  ..  ..  +1  ..  -1  ..  -1  ..  ..  ..  
..  ..  ..  ..  ..  ..  ..  +2  ..  +1  ..  ..  ..  ..  
..  ..  ..  ..  ..  ..  -1  ..  -1  ..  -1  ..  ..  ..  
..  ..  ..  ..  ..  ..  ..  -2  ..  -2  ..  ..  ..  ..  
..  ..  ..  ..  -2  ..  -1  ..  +1  ..  ..  ..  ..  ..  
..  ..  ..  ..  ..  -1  ..  ..  ..  +2  ..  ..  ..  ..  
..  ..  ..  ..  ..  ..  ..  ..  ..  ..  ..  ..  ..  ..  
..  ..  ..  +2  ..  ..  ..  ..  ..  +1  ..  ..  ..  ..  
..  ..  ..  ..  ..  ..  ..  ..  ..  ..  ..  ..  ..  ..  
..  ..  ..  ..  ..  ..  ..  ..  ..  ..  ..  ..  ..  ..  
..  ..  ..  ..  ..  ..  ..  ..  ..  ..  ..  ..  ..  ..  
..  ..  ..  ..  ..  ..  ..  ..  ..  ..  ..  ..  ..  ..  
..  ..  ..  ..  ..  ..  ..  ..  ..  ..  ..  ..  ..  ..  
..  ..  ..  ..  ..  ..  ..  ..  ..  ..  ..  ..  ..  ..  
..  ..  ..  ..  ..  ..  ..  ..  ..  ..  ..  ..  ..  ..  
..  ..  ..  ..  ..  ..  ..  ..  ..  ..  ..  ..  ..  ..  
..  ..  ..  ..  ..  ..  ..  ..  ..  ..  ..  ..  ..  ..  
..  ..  ..  ..  ..  ..  ..  ..  ..  ..  ..  ..  ..  ..  
..  ..  ..  ..  ..  ..  -2  ..  ..  ..  ..  ..  ..  ..  
..  ..  ..  ..  ..  ..  ..  -1  ..  ..  ..  ..  ..  ..  
..  ..  ..  ..  ..  ..  ..  ..  -1  ..  ..  ..  ..  ..  
..  ..  ..  ..  ..  ..  ..  ..  ..  -1  ..  -1  ..  ..  
..  ..  ..  ..  ..  ..  +1  ..  -1  ..  -1  ..  ..  ..  
..  ..  ..  ..  ..  ..  ..  +2  ..  +1  ..  ..  ..  ..  
..  ..  ..  ..  ..  ..  -1  ..  -1  ..  -1  ..  ..  ..  
..  ..  ..  ..  ..  ..  ..  -2  ..  -2  ..  ..  ..  ..  
..  ..  ..  ..  -2  ..  -1  ..  +1  ..  ..  ..  ..  ..  
..  ..  ..  ..  ..  -1  ..  ..  ..  +2  ..  ..  ..  ..  
..  ..  ..  ..  ..  ..  ..  ..  ..  ..  ..  ..  ..  ..  
..  ..  ..  +2  ..  ..  ..  ..  ..  +1  ..  ..  ..  ..  
..  ..  ..  ..  ..  ..  ..  ..  ..  ..  ..  ..  ..  ..  
..  ..  ..  ..  ..  ..  ..  ..  ..  ..  ..  ..  ..  ..  
..  ..  ..  ..  ..  ..  ..  ..  ..  ..  ..  ..  ..  ..  
..  ..  ..  ..  ..  ..  ..  ..  ..  ..  ..  ..  ..  ..  
..  ..  ..  ..  ..  ..  ..  ..  ..  ..  ..  ..  ..  ..  
..  ..  ..  ..  ..  ..  ..  ..  ..  ..  ..  ..  ..  ..  
..  ..  ..  ..  ..  ..  ..  ..  ..  ..  ..  ..  ..  ..  
..  ..  ..  ..  ..  ..  ..  ..  ..  ..  ..  ..  ..  ..  
..  ..  ..  ..  ..  ..  ..  ..  ..  ..  ..  ..  ..  ..  
..  ..  ..  ..  ..  ..  ..  ..  ..  ..  ..  ..  ..  ..  
..  ..  ..  ..  ..  ..  -2  ..  ..  ..  ..  ..  ..  ..  
..  ..  ..  ..  ..  ..  ..  -1  ..  ..  ..  ..  ..  ..  
..  ..  ..  ..  ..  ..  ..  ..  -1  ..  ..  ..  ..  ..  
..  ..  ..  ..  ..  ..  ..  ..  ..  -1  ..  -1  ..  ..  
..  ..  ..  ..  ..  ..  +1  ..  -1  ..  -1  ..  ..  ..  
..  ..  ..  ..  ..  ..  ..  +2  ..  +1  ..  ..  ..  ..  
..  ..  ..  ..  ..  ..  -1  ..  -1  ..  -1  ..  ..  ..  
..  ..  ..  ..  ..  ..  ..  -2  ..  -2  ..  ..  ..  ..  
..  ..  ..  ..  -2  ..  -1  ..  +1  ..  ..  ..  ..  ..  
..  ..  ..  ..  ..  -1  ..  ..  ..  +2  ..  ..  ..  ..  
..  ..  ..  ..  ..  ..  ..  ..  ..  ..  ..  ..  ..  ..  
..  ..  ..  +2  ..  ..  ..  ..  ..  +1  ..  ..  ..  ..  
..  ..  ..  ..  ..  ..  ..  ..  ..  ..  ..  ..  ..  ..  
..  ..  ..  ..  ..  ..  ..  ..  ..  ..  ..  ..  ..  ..  
..  ..  ..  ..  ..  ..  ..  ..  ..  ..  ..  ..  ..  ..  
..  ..  ..  ..  ..  ..  ..  ..  ..  ..  ..  ..  ..  ..  
..  ..  ..  ..  ..  ..  ..  ..  ..  ..  ..  ..  ..  ..  
..  ..  ..  ..  ..  ..  ..  ..  ..  ..  ..  ..  ..  ..  
..  ..  ..  ..  ..  ..  ..  ..  ..  ..  ..  ..  ..  ..  
..  ..  ..  ..  ..  ..  ..  ..  ..  ..  ..  ..  ..  ..  
doneHai i am pl221..  ..  ..  ..  ..  ..  ..  ..  ..  ..  ..  ..  ..  ..  
..  ..  ..  ..  ..  ..  ..  ..  ..  ..  ..  ..  ..  ..  
..  ..  ..  ..  ..  ..  -2  ..  ..  ..  ..  ..  ..  ..  
..  ..  ..  ..  ..  ..  ..  -1  ..  ..  ..  ..  ..  ..  
..  ..  ..  ..  ..  ..  ..  ..  -1  ..  +2  ..  ..  ..  
..  ..  ..  ..  ..  ..  ..  ..  ..  +1  ..  -1  ..  ..  
..  ..  ..  ..  ..  ..  +1  ..  +1  ..  -1  ..  ..  ..  
..  ..  ..  ..  ..  ..  ..  +1  ..  +1  ..  ..  ..  ..  
..  ..  ..  ..  ..  ..  -1  ..  -1  ..  -1  ..  ..  ..  
..  ..  ..  ..  ..  ..  ..  -2  ..  -2  ..  ..  ..  ..  
..  ..  ..  ..  -2  ..  -1  ..  +1  ..  ..  ..  ..  ..  
..  ..  ..  ..  ..  -1  ..  ..  ..  +2  ..  ..  ..  ..  
..  ..  ..  ..  ..  ..  ..  ..  ..  ..  ..  ..  ..  ..  
..  ..  ..  +2  ..  ..  ..  ..  ..  +1  ..  ..  ..  ..  
..  ..  ..  ..  ..  ..  ..  ..  ..  ..  ..  ..  ..  ..  
..  ..  ..  ..  ..  ..  ..  ..  ..  ..  ..  ..  ..  ..  
..  ..  ..  ..  ..  ..  ..  ..  ..  ..  ..  ..  ..  ..  
..  ..  ..  ..  ..  ..  ..  ..  ..  ..  ..  ..  ..  ..  
..  ..  ..  ..  ..  ..  ..  ..  ..  ..  ..  ..  ..  ..  
..  ..  ..  ..  ..  ..  ..  ..  ..  ..  ..  ..  ..  ..  
..  ..  ..  ..  ..  ..  ..  ..  ..  ..  ..  ..  ..  ..  
..  ..  ..  ..  ..  ..  ..  ..  ..  ..  ..  ..  ..  ..  
..  ..  ..  ..  ..  ..  ..  ..  ..  ..  ..  ..  ..  ..  
..  ..  ..  ..  ..  ..  ..  ..  ..  ..  ..  ..  ..  ..  
..  ..  ..  ..  ..  ..  -2  ..  ..  ..  ..  ..  ..  ..  
..  ..  ..  ..  ..  ..  ..  -1  ..  ..  ..  ..  ..  ..  
..  ..  ..  ..  ..  ..  ..  ..  -1  ..  +2  ..  ..  ..  
..  ..  ..  ..  ..  ..  ..  ..  ..  +1  ..  -1  ..  ..  
..  ..  ..  ..  ..  ..  +1  ..  +1  ..  -1  ..  ..  ..  
..  ..  ..  ..  ..  ..  ..  +1  ..  +1  ..  ..  ..  ..  
..  ..  ..  ..  ..  ..  -1  ..  -1  ..  -1  ..  ..  ..  
..  ..  ..  ..  ..  ..  ..  -2  ..  -2  ..  ..  ..  ..  
..  ..  ..  ..  -2  ..  -1  ..  +1  ..  ..  ..  ..  ..  
..  ..  ..  ..  ..  -1  ..  ..  ..  +2  ..  ..  ..  ..  
..  ..  ..  ..  ..  ..  ..  ..  ..  ..  ..  ..  ..  ..  
..  ..  ..  +2  ..  ..  ..  ..  ..  +1  ..  ..  ..  ..  
..  ..  ..  ..  ..  ..  ..  ..  ..  ..  ..  ..  ..  ..  
..  ..  ..  ..  ..  ..  ..  ..  ..  ..  ..  ..  ..  ..  
..  ..  ..  ..  ..  ..  ..  ..  ..  ..  ..  ..  ..  ..  
..  ..  ..  ..  ..  ..  ..  ..  ..  ..  ..  ..  ..  ..  
..  ..  ..  ..  ..  ..  ..  ..  ..  ..  ..  ..  ..  ..  
..  ..  ..  ..  ..  ..  ..  ..  ..  ..  ..  ..  ..  ..  
..  ..  ..  ..  ..  ..  ..  ..  ..  ..  ..  ..  ..  ..  
..  ..  ..  ..  ..  ..  ..  ..  ..  ..  ..  ..  ..  ..  
..  ..  ..  ..  ..  ..  ..  ..  ..  ..  ..  ..  ..  ..  
..  ..  ..  ..  ..  ..  ..  ..  ..  ..  ..  ..  ..  ..  
..  ..  ..  ..  ..  ..  -2  ..  ..  ..  ..  ..  ..  ..  
..  ..  ..  ..  ..  ..  ..  -1  ..  -2  ..  ..  ..  ..  
..  ..  ..  ..  ..  ..  ..  ..  -1  ..  +2  ..  ..  ..  
..  ..  ..  ..  ..  ..  ..  ..  ..  -1  ..  -1  ..  ..  
..  ..  ..  ..  ..  ..  +1  ..  +1  ..  -1  ..  ..  ..  
..  ..  ..  ..  ..  ..  ..  +1  ..  -1  ..  ..  ..  ..  
..  ..  ..  ..  ..  ..  -1  ..  -1  ..  -1  ..  ..  ..  
..  ..  ..  ..  ..  ..  ..  -2  ..  -1  ..  ..  ..  ..  
..  ..  ..  ..  -2  ..  -1  ..  +1  ..  ..  ..  ..  ..  
..  ..  ..  ..  ..  -1  ..  ..  ..  +2  ..  ..  ..  ..  
..  ..  ..  ..  ..  ..  ..  ..  ..  ..  ..  ..  ..  ..  
..  ..  ..  +2  ..  ..  ..  ..  ..  +1  ..  ..  ..  ..  
..  ..  ..  ..  ..  ..  ..  ..  ..  ..  ..  ..  ..  ..  
..  ..  ..  ..  ..  ..  ..  ..  ..  ..  ..  ..  ..  ..  
..  ..  ..  ..  ..  ..  ..  ..  ..  ..  ..  ..  ..  ..  
..  ..  ..  ..  ..  ..  ..  ..  ..  ..  ..  ..  ..  ..  
..  ..  ..  ..  ..  ..  ..  ..  ..  ..  ..  ..  ..  ..  
..  ..  ..  ..  ..  ..  ..  ..  ..  ..  ..  ..  ..  ..  
..  ..  ..  ..  ..  ..  ..  ..  ..  ..  ..  ..  ..  ..  
..  ..  ..  ..  ..  ..  ..  ..  ..  ..  ..  ..  ..  ..  
..  ..  ..  ..  ..  ..  ..  ..  ..  ..  ..  ..  ..  ..  
..  ..  ..  ..  ..  ..  ..  ..  ..  ..  ..  ..  ..  ..  
..  ..  ..  ..  ..  ..  -2  ..  ..  ..  ..  ..  ..  ..  
..  ..  ..  ..  ..  ..  ..  -1  ..  -2  ..  ..  ..  ..  
..  ..  ..  ..  ..  ..  ..  ..  -1  ..  +2  ..  ..  ..  
..  ..  ..  ..  ..  ..  ..  ..  ..  -1  ..  -1  ..  ..  
..  ..  ..  ..  ..  ..  +1  ..  +1  ..  -1  ..  ..  ..  
..  ..  ..  ..  ..  ..  ..  +1  ..  -1  ..  ..  ..  ..  
..  ..  ..  ..  ..  ..  -1  ..  -1  ..  -1  ..  ..  ..  
..  ..  ..  ..  ..  ..  ..  -2  ..  -1  ..  ..  ..  ..  
..  ..  ..  ..  -2  ..  -1  ..  +1  ..  ..  ..  ..  ..  
..  ..  ..  ..  ..  -1  ..  ..  ..  +2  ..  ..  ..  ..  
..  ..  ..  ..  ..  ..  ..  ..  ..  ..  ..  ..  ..  ..  
..  ..  ..  +2  ..  ..  ..  ..  ..  +1  ..  ..  ..  ..  
..  ..  ..  ..  ..  ..  ..  ..  ..  ..  ..  ..  ..  ..  
..  ..  ..  ..  ..  ..  ..  ..  ..  ..  ..  ..  ..  ..  
..  ..  ..  ..  ..  ..  ..  ..  ..  ..  ..  ..  ..  ..  
..  ..  ..  ..  ..  ..  ..  ..  ..  ..  ..  ..  ..  ..  
..  ..  ..  ..  ..  ..  ..  ..  ..  ..  ..  ..  ..  ..  
..  ..  ..  ..  ..  ..  ..  ..  ..  ..  ..  ..  ..  ..  
..  ..  ..  ..  ..  ..  ..  ..  ..  ..  ..  ..  ..  ..  
..  ..  ..  ..  ..  ..  ..  ..  ..  ..  ..  ..  ..  ..  
doneHai i am pl222..  ..  ..  ..  ..  ..  ..  ..  ..  ..  ..  ..  ..  ..  
..  ..  ..  ..  ..  ..  ..  ..  ..  ..  ..  ..  ..  ..  
..  ..  ..  ..  ..  ..  -2  ..  ..  ..  ..  ..  ..  ..  
..  ..  ..  ..  ..  ..  ..  -1  ..  -2  ..  ..  ..  ..  
..  ..  ..  ..  ..  ..  ..  ..  -1  ..  +1  ..  ..  ..  
..  ..  ..  ..  ..  ..  ..  ..  ..  -1  ..  -1  ..  ..  
..  ..  ..  ..  ..  ..  +1  ..  +1  ..  +1  ..  ..  ..  
..  ..  ..  ..  ..  ..  ..  +1  ..  -1  ..  ..  ..  ..  
..  ..  ..  ..  ..  ..  -1  ..  -1  ..  +1  ..  ..  ..  
..  ..  ..  ..  ..  ..  ..  -2  ..  -1  ..  ..  ..  ..  
..  ..  ..  ..  -2  ..  -1  ..  +1  ..  +2  ..  ..  ..  
..  ..  ..  ..  ..  -1  ..  ..  ..  +2  ..  ..  ..  ..  
..  ..  ..  ..  ..  ..  ..  ..  ..  ..  ..  ..  ..  ..  
..  ..  ..  +2  ..  ..  ..  ..  ..  +1  ..  ..  ..  ..  
..  ..  ..  ..  ..  ..  ..  ..  ..  ..  ..  ..  ..  ..  
..  ..  ..  ..  ..  ..  ..  ..  ..  ..  ..  ..  ..  ..  
..  ..  ..  ..  ..  ..  ..  ..  ..  ..  ..  ..  ..  ..  
..  ..  ..  ..  ..  ..  ..  ..  ..  ..  ..  ..  ..  ..  
..  ..  ..  ..  ..  ..  ..  ..  ..  ..  ..  ..  ..  ..  
..  ..  ..  ..  ..  ..  ..  ..  ..  ..  ..  ..  ..  ..  
..  ..  ..  ..  ..  ..  ..  ..  ..  ..  ..  ..  ..  ..  
..  ..  ..  ..  ..  ..  ..  ..  ..  ..  ..  ..  ..  ..  
..  ..  ..  ..  ..  ..  ..  ..  ..  ..  ..  ..  ..  ..  
..  ..  ..  ..  ..  ..  ..  ..  ..  ..  ..  ..  ..  ..  
..  ..  ..  ..  ..  ..  -2  ..  ..  ..  ..  ..  ..  ..  
..  ..  ..  ..  ..  ..  ..  -1  ..  -2  ..  ..  ..  ..  
..  ..  ..  ..  ..  ..  ..  ..  -1  ..  +1  ..  ..  ..  
..  ..  ..  ..  ..  ..  ..  ..  ..  -1  ..  -1  ..  ..  
..  ..  ..  ..  ..  ..  +1  ..  +1  ..  +1  ..  ..  ..  
..  ..  ..  ..  ..  ..  ..  +1  ..  -1  ..  ..  ..  ..  
..  ..  ..  ..  ..  ..  -1  ..  -1  ..  +1  ..  ..  ..  
..  ..  ..  ..  ..  ..  ..  -2  ..  -1  ..  ..  ..  ..  
..  ..  ..  ..  -2  ..  -1  ..  +1  ..  +2  ..  ..  ..  
..  ..  ..  ..  ..  -1  ..  ..  ..  +2  ..  ..  ..  ..  
..  ..  ..  ..  ..  ..  ..  ..  ..  ..  ..  ..  ..  ..  
..  ..  ..  +2  ..  ..  ..  ..  ..  +1  ..  ..  ..  ..  
..  ..  ..  ..  ..  ..  ..  ..  ..  ..  ..  ..  ..  ..  
..  ..  ..  ..  ..  ..  ..  ..  ..  ..  ..  ..  ..  ..  
..  ..  ..  ..  ..  ..  ..  ..  ..  ..  ..  ..  ..  ..  
..  ..  ..  ..  ..  ..  ..  ..  ..  ..  ..  ..  ..  ..  
..  ..  ..  ..  ..  ..  ..  ..  ..  ..  ..  ..  ..  ..  
..  ..  ..  ..  ..  ..  ..  ..  ..  ..  ..  ..  ..  ..  
..  ..  ..  ..  ..  ..  ..  ..  ..  ..  ..  ..  ..  ..  
..  ..  ..  ..  ..  ..  ..  ..  ..  ..  ..  ..  ..  ..  
..  ..  ..  ..  ..  ..  ..  ..  ..  ..  ..  ..  ..  ..  
..  ..  ..  ..  ..  ..  ..  ..  ..  ..  ..  ..  ..  ..  
..  ..  ..  ..  ..  ..  -2  ..  ..  ..  ..  ..  ..  ..  
..  ..  ..  ..  ..  ..  ..  -1  ..  ..  ..  ..  ..  ..  
..  ..  ..  ..  ..  ..  ..  ..  -1  ..  +1  ..  ..  ..  
..  ..  ..  ..  ..  ..  ..  -2  ..  -1  ..  -1  ..  ..  
..  ..  ..  ..  ..  ..  +1  ..  +1  ..  +1  ..  ..  ..  
..  ..  ..  ..  ..  ..  ..  -1  ..  ..  ..  ..  ..  ..  
..  ..  ..  ..  ..  ..  -1  ..  ..  ..  +1  ..  ..  ..  
..  ..  ..  ..  ..  ..  ..  ..  ..  -1  ..  ..  ..  ..  
..  ..  ..  ..  -2  ..  ..  ..  +1  ..  +2  ..  ..  ..  
..  ..  ..  ..  ..  ..  ..  ..  ..  +2  ..  ..  ..  ..  
..  ..  ..  ..  ..  ..  ..  ..  ..  ..  ..  ..  ..  ..  
..  ..  ..  +2  ..  ..  ..  ..  ..  +1  ..  ..  ..  ..  
..  ..  ..  ..  ..  ..  ..  ..  ..  ..  ..  ..  ..  ..  
..  ..  ..  ..  ..  ..  ..  ..  ..  ..  ..  ..  ..  ..  
..  ..  ..  ..  ..  ..  ..  ..  ..  ..  ..  ..  ..  ..  
..  ..  ..  ..  ..  ..  ..  ..  ..  ..  ..  ..  ..  ..  
..  ..  ..  ..  ..  ..  ..  ..  ..  ..  ..  ..  ..  ..  
..  ..  ..  ..  ..  ..  ..  ..  ..  ..  ..  ..  ..  ..  
..  ..  ..  ..  ..  ..  ..  ..  ..  ..  ..  ..  ..  ..  
..  ..  ..  ..  ..  ..  ..  ..  ..  ..  ..  ..  ..  ..  
..  ..  ..  ..  ..  ..  ..  ..  ..  ..  ..  ..  ..  ..  
..  ..  ..  ..  ..  ..  ..  ..  ..  ..  ..  ..  ..  ..  
..  ..  ..  ..  ..  ..  -2  ..  ..  ..  ..  ..  ..  ..  
..  ..  ..  ..  ..  ..  ..  -1  ..  ..  ..  ..  ..  ..  
..  ..  ..  ..  ..  ..  ..  ..  -1  ..  +1  ..  ..  ..  
..  ..  ..  ..  ..  ..  ..  -2  ..  -1  ..  -1  ..  ..  
..  ..  ..  ..  ..  ..  +1  ..  +1  ..  +1  ..  ..  ..  
..  ..  ..  ..  ..  ..  ..  -1  ..  ..  ..  ..  ..  ..  
..  ..  ..  ..  ..  ..  -1  ..  ..  ..  +1  ..  ..  ..  
..  ..  ..  ..  ..  ..  ..  ..  ..  -1  ..  ..  ..  ..  
..  ..  ..  ..  -2  ..  ..  ..  +1  ..  +2  ..  ..  ..  
..  ..  ..  ..  ..  ..  ..  ..  ..  +2  ..  ..  ..  ..  
..  ..  ..  ..  ..  ..  ..  ..  ..  ..  ..  ..  ..  ..  
..  ..  ..  +2  ..  ..  ..  ..  ..  +1  ..  ..  ..  ..  
..  ..  ..  ..  ..  ..  ..  ..  ..  ..  ..  ..  ..  ..  
..  ..  ..  ..  ..  ..  ..  ..  ..  ..  ..  ..  ..  ..  
..  ..  ..  ..  ..  ..  ..  ..  ..  ..  ..  ..  ..  ..  
..  ..  ..  ..  ..  ..  ..  ..  ..  ..  ..  ..  ..  ..  
..  ..  ..  ..  ..  ..  ..  ..  ..  ..  ..  ..  ..  ..  
..  ..  ..  ..  ..  ..  ..  ..  ..  ..  ..  ..  ..  ..  
..  ..  ..  ..  ..  ..  ..  ..  ..  ..  ..  ..  ..  ..  
..  ..  ..  ..  ..  ..  ..  ..  ..  ..  ..  ..  ..  ..  
doneHai i am pl223..  ..  ..  ..  ..  ..  ..  ..  ..  ..  ..  ..  ..  ..  
..  ..  ..  ..  ..  ..  ..  ..  ..  ..  ..  ..  ..  ..  
..  ..  ..  ..  ..  ..  -2  ..  ..  ..  ..  ..  ..  ..  
..  ..  ..  ..  ..  ..  ..  -1  ..  ..  ..  ..  ..  ..  
..  ..  ..  ..  ..  ..  ..  ..  -1  ..  +1  ..  ..  ..  
..  ..  ..  ..  ..  ..  ..  -2  ..  -1  ..  -1  ..  ..  
..  ..  ..  ..  ..  ..  +1  ..  +1  ..  +1  ..  ..  ..  
..  ..  ..  ..  ..  ..  ..  -1  ..  +2  ..  ..  ..  ..  
..  ..  ..  ..  ..  ..  -1  ..  ..  ..  +1  ..  ..  ..  
..  ..  ..  ..  ..  ..  ..  ..  ..  +1  ..  ..  ..  ..  
..  ..  ..  ..  -2  ..  ..  ..  +1  ..  +2  ..  ..  ..  
..  ..  ..  ..  ..  ..  ..  ..  ..  +1  ..  ..  ..  ..  
..  ..  ..  ..  ..  ..  ..  ..  ..  ..  ..  ..  ..  ..  
..  ..  ..  +2  ..  ..  ..  ..  ..  +1  ..  ..  ..  ..  
..  ..  ..  ..  ..  ..  ..  ..  ..  ..  ..  ..  ..  ..  
..  ..  ..  ..  ..  ..  ..  ..  ..  ..  ..  ..  ..  ..  
..  ..  ..  ..  ..  ..  ..  ..  ..  ..  ..  ..  ..  ..  
..  ..  ..  ..  ..  ..  ..  ..  ..  ..  ..  ..  ..  ..  
..  ..  ..  ..  ..  ..  ..  ..  ..  ..  ..  ..  ..  ..  
..  ..  ..  ..  ..  ..  ..  ..  ..  ..  ..  ..  ..  ..  
..  ..  ..  ..  ..  ..  ..  ..  ..  ..  ..  ..  ..  ..  
..  ..  ..  ..  ..  ..  ..  ..  ..  ..  ..  ..  ..  ..  
..  ..  ..  ..  ..  ..  ..  ..  ..  ..  ..  ..  ..  ..  
..  ..  ..  ..  ..  ..  ..  ..  ..  ..  ..  ..  ..  ..  
..  ..  ..  ..  ..  ..  -2  ..  ..  ..  ..  ..  ..  ..  
..  ..  ..  ..  ..  ..  ..  -1  ..  ..  ..  ..  ..  ..  
..  ..  ..  ..  ..  ..  ..  ..  -1  ..  +1  ..  ..  ..  
..  ..  ..  ..  ..  ..  ..  -2  ..  -1  ..  -1  ..  ..  
..  ..  ..  ..  ..  ..  +1  ..  +1  ..  +1  ..  ..  ..  
..  ..  ..  ..  ..  ..  ..  -1  ..  +2  ..  ..  ..  ..  
..  ..  ..  ..  ..  ..  -1  ..  ..  ..  +1  ..  ..  ..  
..  ..  ..  ..  ..  ..  ..  ..  ..  +1  ..  ..  ..  ..  
..  ..  ..  ..  -2  ..  ..  ..  +1  ..  +2  ..  ..  ..  
..  ..  ..  ..  ..  ..  ..  ..  ..  +1  ..  ..  ..  ..  
..  ..  ..  ..  ..  ..  ..  ..  ..  ..  ..  ..  ..  ..  
..  ..  ..  +2  ..  ..  ..  ..  ..  +1  ..  ..  ..  ..  
..  ..  ..  ..  ..  ..  ..  ..  ..  ..  ..  ..  ..  ..  
..  ..  ..  ..  ..  ..  ..  ..  ..  ..  ..  ..  ..  ..  
..  ..  ..  ..  ..  ..  ..  ..  ..  ..  ..  ..  ..  ..  
..  ..  ..  ..  ..  ..  ..  ..  ..  ..  ..  ..  ..  ..  
..  ..  ..  ..  ..  ..  ..  ..  ..  ..  ..  ..  ..  ..  
..  ..  ..  ..  ..  ..  ..  ..  ..  ..  ..  ..  ..  ..  
..  ..  ..  ..  ..  ..  ..  ..  ..  ..  ..  ..  ..  ..  
..  ..  ..  ..  ..  ..  ..  ..  ..  ..  ..  ..  ..  ..  
..  ..  ..  ..  ..  ..  ..  ..  ..  ..  ..  ..  ..  ..  
..  ..  ..  ..  ..  ..  ..  ..  ..  ..  ..  ..  ..  ..  
..  ..  ..  ..  ..  ..  -1  ..  ..  ..  ..  ..  ..  ..  
..  ..  ..  ..  ..  ..  ..  +1  ..  ..  ..  ..  ..  ..  
..  ..  ..  ..  ..  ..  ..  ..  +1  ..  +1  ..  ..  ..  
..  ..  ..  ..  ..  ..  ..  -2  ..  +1  ..  -1  ..  ..  
..  ..  ..  ..  ..  ..  +1  ..  +1  ..  -1  ..  ..  ..  
..  ..  ..  ..  ..  ..  ..  -1  ..  +2  ..  -2  ..  ..  
..  ..  ..  ..  ..  ..  -1  ..  ..  ..  +1  ..  ..  ..  
..  ..  ..  ..  ..  ..  ..  ..  ..  +1  ..  ..  ..  ..  
..  ..  ..  ..  -2  ..  ..  ..  +1  ..  +2  ..  ..  ..  
..  ..  ..  ..  ..  ..  ..  ..  ..  +1  ..  ..  ..  ..  
..  ..  ..  ..  ..  ..  ..  ..  ..  ..  ..  ..  ..  ..  
..  ..  ..  +2  ..  ..  ..  ..  ..  +1  ..  ..  ..  ..  
..  ..  ..  ..  ..  ..  ..  ..  ..  ..  ..  ..  ..  ..  
..  ..  ..  ..  ..  ..  ..  ..  ..  ..  ..  ..  ..  ..  
..  ..  ..  ..  ..  ..  ..  ..  ..  ..  ..  ..  ..  ..  
..  ..  ..  ..  ..  ..  ..  ..  ..  ..  ..  ..  ..  ..  
..  ..  ..  ..  ..  ..  ..  ..  ..  ..  ..  ..  ..  ..  
..  ..  ..  ..  ..  ..  ..  ..  ..  ..  ..  ..  ..  ..  
..  ..  ..  ..  ..  ..  ..  ..  ..  ..  ..  ..  ..  ..  
..  ..  ..  ..  ..  ..  ..  ..  ..  ..  ..  ..  ..  ..  
..  ..  ..  ..  ..  ..  ..  ..  ..  ..  ..  ..  ..  ..  
..  ..  ..  ..  ..  ..  ..  ..  ..  ..  ..  ..  ..  ..  
..  ..  ..  ..  ..  ..  -1  ..  ..  ..  ..  ..  ..  ..  
..  ..  ..  ..  ..  ..  ..  +1  ..  ..  ..  ..  ..  ..  
..  ..  ..  ..  ..  ..  ..  ..  +1  ..  +1  ..  ..  ..  
..  ..  ..  ..  ..  ..  ..  -2  ..  +1  ..  -1  ..  ..  
..  ..  ..  ..  ..  ..  +1  ..  +1  ..  -1  ..  ..  ..  
..  ..  ..  ..  ..  ..  ..  -1  ..  +2  ..  -2  ..  ..  
..  ..  ..  ..  ..  ..  -1  ..  ..  ..  +1  ..  ..  ..  
..  ..  ..  ..  ..  ..  ..  ..  ..  +1  ..  ..  ..  ..  
..  ..  ..  ..  -2  ..  ..  ..  +1  ..  +2  ..  ..  ..  
..  ..  ..  ..  ..  ..  ..  ..  ..  +1  ..  ..  ..  ..  
..  ..  ..  ..  ..  ..  ..  ..  ..  ..  ..  ..  ..  ..  
..  ..  ..  +2  ..  ..  ..  ..  ..  +1  ..  ..  ..  ..  
..  ..  ..  ..  ..  ..  ..  ..  ..  ..  ..  ..  ..  ..  
..  ..  ..  ..  ..  ..  ..  ..  ..  ..  ..  ..  ..  ..  
..  ..  ..  ..  ..  ..  ..  ..  ..  ..  ..  ..  ..  ..  
..  ..  ..  ..  ..  ..  ..  ..  ..  ..  ..  ..  ..  ..  
..  ..  ..  ..  ..  ..  ..  ..  ..  ..  ..  ..  ..  ..  
..  ..  ..  ..  ..  ..  ..  ..  ..  ..  ..  ..  ..  ..  
..  ..  ..  ..  ..  ..  ..  ..  ..  ..  ..  ..  ..  ..  
..  ..  ..  ..  ..  ..  ..  ..  ..  ..  ..  ..  ..  ..  
done***********************************

-> You are player 2
-> You are alloted a time of 120s

***********************************

Player 1 played : P 0 0
P 0 0 True
Time remaining is: 120s
You played : P 4 0
P 4 0 True
Player 1 played : P 1 4
P 1 4 True
Time remaining is: 120s
You played : P 4 3
P 4 3 True
Player 1 played : P 1 5
P 1 5 True
Time remaining is: 120s
You played : P 4 1
P 4 1 True
Player 1 played : P 1 3
P 1 3 True
Time remaining is: 120s
You played : P 4 4
P 4 4 True
Player 1 played : P 3 12
P 3 12 True
Time remaining is: 120s
You played : P 4 2
P 4 2 True
Player 1 played : S 0 0 M 1 0
S 0 0 True
M 1 0 True
Time remaining is: 120s
You played : S 4 2 M 3 2
S 4 2 True
M 3 2 True
Player 1 played : S 1 0 M 2 0
S 1 0 True
M 2 0 True
Time remaining is: 115s
You played : S 4 1 M 3 1
S 4 1 True
M 3 1 True
Player 1 played : S 1 4 M 2 8
S 1 4 True
M 2 8 True
Time remaining is: 111s
You played : S 4 0 M 3 0
S 4 0 True
M 3 0 True
Player 1 played : S 2 8 M 4 22
S 2 8 True
M 4 22 True
Time remaining is: 106s
You played : S 4 3 M 3 3
S 4 3 True
M 3 3 True
Player 1 played : S 3 12 M 4 16
S 3 12 True
M 4 16 True
Time remaining is: 102s
You played : S 4 4 M 5 4 RS 4 0 RE 4 4 X 3 0
S 4 4 True
M 5 4 True
RS 4 0 True
RE 4 4 True
X 3 0 True
Player 1 played : S 4 16 M 4 17 RS 4 16 RE 0 0 X 4 22
S 4 16 True
M 4 17 True
RS 4 16 True
RE 0 0 True
X 4 22 True
Time remaining is: 102s
You played : S 3 2 M 2 1
S 3 2 True
M 2 1 True
Player 1 played : S 1 5 M 2 4
S 1 5 True
M 2 4 True
Time remaining is: 98s
You played : S 2 1 M 2 9
S 2 1 True
M 2 9 True
Player 1 played : S 2 0 M 0 0
S 2 0 True
M 0 0 True
Time remaining is: 95s
You played : S 3 1 M 2 11
S 3 1 True
M 2 11 True
Player 1 played : S 0 0 M 1 1
S 0 0 True
M 1 1 True
Time remaining is: 92s
You played : S 3 3 M 2 2
S 3 3 True
M 2 2 True
Player 1 played : S 2 4 M 2 3
S 2 4 True
M 2 3 True
Time remaining is: 89s
You played : S 5 4 M 4 3
S 5 4 True
M 4 3 True
Player 1 played : S 1 1 M 4 1
S 1 1 True
M 4 1 True
Time remaining is: 87s
You played : S 2 11 M 4 2
S 2 11 True
M 4 2 True
Player 1 played : S 4 1 M 3 0
S 4 1 True
M 3 0 True
Time remaining is: 85s
You played : S 2 9 M 3 14
S 2 9 True
M 3 14 True
Player 1 played : S 3 0 M 3 17
S 3 0 True
M 3 17 True
Time remaining is: 84s
You played : S 4 2 M 4 0
S 4 2 True
M 4 0 True
Player 1 played : S 1 3 M 1 2 RS 1 3 RE 3 0 X 1 2
S 1 3 True
M 1 2 True
RS 1 3 True
RE 3 0 True
X 1 2 True
Time remaining is: 83s
You played : S 4 3 M 1 0
S 4 3 True
M 1 0 True
Player 1 played : S 3 17 M 2 0
S 3 17 True
M 2 0 True
Time remaining is: 82s
You played : S 4 0 M 5 29
S 4 0 True
M 5 29 True
Player 1 played : S 2 0 M 5 3
S 2 0 True
M 5 3 True
Time remaining is: 81s
You played : S 2 2 M 5 2
S 2 2 True
M 5 2 True
Player 1 played : S 5 3 M 3 4
S 5 3 True
M 3 4 True
Time remaining is: 79s
You played : S 1 0 M 3 0 RS 2 9 RE 3 2 X 5 2
S 1 0 True
M 3 0 True
RS 2 9 True
RE 3 2 True
X 5 2 True
Player 1 played : S 2 3 M 3 2
S 2 3 True
M 3 2 True
Time remaining is: 79s
You played : S 5 29 M 4 4
S 5 29 True
M 4 4 True
Player 1 played : S 3 2 M 1 0 RS 2 4 RE 4 2 X 4 17
S 3 2 True
M 1 0 True
RS 2 4 True
RE 4 2 True
X 4 17 True
OTHER PLAYER WINS!
Your Score : 2.005
Opponent's Score : 8.007
