boardsizeHexagon is here for combined version :5
playernum:2
timeallowed:120

 num_markers:5

-----------removedRingsOpponent:4
-----------removedRingsmy:4
-----------removedRingsOpponent:3
-----------removedRingsmy:3
-----------removedRingsOpponent:2
-----------removedRingsmy:2
-----------removedRingsOpponent:1
-----------removedRingsmy:1
-----------removedRingsOpponent:0
-----------removedRingsmy:0
my--from_x:4 from_y:5 to_x:4 to_y:6
-----------removedRingsOpponent:0
-----------removedRingsmy:0
my--from_x:7 from_y:5 to_x:10 to_y:8
-----------removedRingsOpponent:0
-----------removedRingsmy:0
my--from_x:6 from_y:5 to_x:8 to_y:7
-----------removedRingsOpponent:0
-----------removedRingsmy:0
my--from_x:5 from_y:6 to_x:8 to_y:6
-----------removedRingsOpponent:0
-----------removedRingsmy:0
my--from_x:5 from_y:4 to_x:5 to_y:7
-----------removedRingsOpponent:0
-----------removedRingsmy:0
my--from_x:4 from_y:6 to_x:4 to_y:4
-----------removedRingsOpponent:0
-----------removedRingsmy:0
my--from_x:10 from_y:8 to_x:6 to_y:8
-----------removedRingsOpponent:0
-----------removedRingsmy:0
my--from_x:8 from_y:7 to_x:4 to_y:3
-----------removedRingsOpponent:0
-----------removedRingsmy:0
WORKING -------pushpam
my--from_x:8 from_y:6 to_x:8 to_y:8
-----------removedRingsOpponent:0
-----------removedRingsmy:1
my--from_x:8 from_y:8 to_x:8 to_y:6
-----------removedRingsOpponent:0
-----------removedRingsmy:1
my--from_x:4 from_y:3 to_x:7 to_y:6
-----------removedRingsOpponent:0
-----------removedRingsmy:1
my--from_x:7 from_y:6 to_x:7 to_y:2
-----------removedRingsOpponent:0
-----------removedRingsmy:1
my--from_x:8 from_y:6 to_x:8 to_y:5
-----------removedRingsOpponent:0
-----------removedRingsmy:1
WORKING -------pushpam
my--from_x:8 from_y:5 to_x:3 to_y:5
-----------removedRingsOpponent:0
-----------removedRingsmy:2
my--from_x:7 from_y:2 to_x:5 to_y:2
-----------removedRingsOpponent:0
-----------removedRingsmy:2
my--from_x:6 from_y:8 to_x:6 to_y:6
-----------removedRingsOpponent:0
-----------removedRingsmy:2
my--from_x:5 from_y:2 to_x:5 to_y:4
-----------removedRingsOpponent:0
-----------removedRingsmy:2
my--from_x:5 from_y:4 to_x:5 to_y:6
-----------removedRingsOpponent:0
-----------removedRingsmy:2
my--from_x:5 from_y:6 to_x:5 to_y:1
-----------removedRingsOpponent:0
-----------removedRingsmy:2
my--from_x:6 from_y:6 to_x:6 to_y:1
-----------removedRingsOpponent:0
-----------removedRingsmy:2
my--from_x:5 from_y:1 to_x:4 to_y:1
-----------removedRingsOpponent:0
-----------removedRingsmy:2
my--from_x:4 from_y:1 to_x:2 to_y:1
-----------removedRingsOpponent:0
-----------removedRingsmy:2
my--from_x:3 from_y:5 to_x:5 to_y:7
-----------removedRingsOpponent:0
-----------removedRingsmy:2
my--from_x:2 from_y:1 to_x:3 to_y:1
-----------removedRingsOpponent:0
-----------removedRingsmy:2
my--from_x:3 from_y:1 to_x:3 to_y:0
-----------removedRingsOpponent:0
-----------removedRingsmy:2
WORKING -------pushpam
my--from_x:3 from_y:0 to_x:10 to_y:7
with /n
-----------removedRingsOpponent:1
-----------removedRingsmy:3
GAME OVER BRODAAA
***********************************

-> You are player 2
-> You are alloted a time of 120s

***********************************

Player 1 played : P 0 0
P 0 0 True
Time remaining is: 120s
You played : P 1 2
P 1 2 True
Player 1 played : P 4 18
P 4 18 True
Time remaining is: 120s
You played : P 1 5
P 1 5 True
Player 1 played : P 4 9
P 4 9 True
Time remaining is: 120s
You played : P 1 0
P 1 0 True
Player 1 played : P 2 3
P 2 3 True
Time remaining is: 120s
You played : P 1 3
P 1 3 True
Player 1 played : P 4 6
P 4 6 True
Time remaining is: 120s
You played : P 2 4
P 2 4 True
Player 1 played : S 0 0 M 1 1
S 0 0 True
M 1 1 True
Time remaining is: 120s
You played : S 1 5 M 2 11
S 1 5 True
M 2 11 True
Player 1 played : S 4 6 M 2 1
S 4 6 True
M 2 1 True
Time remaining is: 120s
You played : S 2 4 M 5 7
S 2 4 True
M 5 7 True
Player 1 played : S 2 3 M 3 7
S 2 3 True
M 3 7 True
Time remaining is: 120s
You played : S 1 2 M 3 4
S 1 2 True
M 3 4 True
Player 1 played : S 1 1 M 2 5
S 1 1 True
M 2 5 True
Time remaining is: 120s
You played : S 1 0 M 3 5
S 1 0 True
M 3 5 True
Player 1 played : S 2 1 M 2 9
S 2 1 True
M 2 9 True
Time remaining is: 120s
You played : S 1 3 M 2 0
S 1 3 True
M 2 0 True
Player 1 played : S 2 9 M 2 8
S 2 9 True
M 2 8 True
Time remaining is: 120s
You played : S 2 11 M 1 4
S 2 11 True
M 1 4 True
Player 1 played : S 3 7 M 4 10
S 3 7 True
M 4 10 True
Time remaining is: 120s
You played : S 5 7 M 3 1
S 5 7 True
M 3 1 True
Player 1 played : S 4 10 M 5 16
S 4 10 True
M 5 16 True
Time remaining is: 118s
You played : S 3 4 M 2 7
S 3 4 True
M 2 7 True
Player 1 played : S 2 5 M 2 6
S 2 5 True
M 2 6 True
Time remaining is: 117s
You played : S 3 5 M 3 3 RS 2 11 RE 3 5 X 2 0
S 3 5 True
M 3 3 True
RS 2 11 True
RE 3 5 True
X 2 0 True
Player 1 played : S 2 6 M 3 10
S 2 6 True
M 3 10 True
Time remaining is: 117s
You played : S 3 3 M 3 5
S 3 3 True
M 3 5 True
Player 1 played : S 4 9 M 5 11
S 4 9 True
M 5 11 True
Time remaining is: 117s
You played : S 2 7 M 2 3
S 2 7 True
M 2 3 True
Player 1 played : S 5 11 M 4 7
S 5 11 True
M 4 7 True
Time remaining is: 116s
You played : S 2 3 M 5 13
S 2 3 True
M 5 13 True
Player 1 played : S 4 7 M 3 8
S 4 7 True
M 3 8 True
Time remaining is: 115s
You played : S 3 5 M 3 6
S 3 5 True
M 3 6 True
Player 1 played : S 3 8 M 5 12
S 3 8 True
M 5 12 True
Time remaining is: 114s
You played : S 3 6 M 2 10 RS 2 7 RE 3 4 X 1 4
S 3 6 True
M 2 10 True
RS 2 7 True
RE 3 4 True
X 1 4 True
Player 1 played : S 5 16 M 4 8
S 5 16 True
M 4 8 True
Time remaining is: 114s
You played : S 5 13 M 3 9
S 5 13 True
M 3 9 True
Player 1 played : S 3 10 M 2 11
S 3 10 True
M 2 11 True
Time remaining is: 112s
You played : S 3 1 M 1 1
S 3 1 True
M 1 1 True
Player 1 played : S 4 8 M 4 11
S 4 8 True
M 4 11 True
Time remaining is: 111s
You played : S 3 9 M 1 3
S 3 9 True
M 1 3 True
Player 1 played : S 4 11 M 5 9
S 4 11 True
M 5 9 True
Time remaining is: 110s
You played : S 1 3 M 1 0
S 1 3 True
M 1 0 True
Player 1 played : S 5 12 M 2 7
S 5 12 True
M 2 7 True
Time remaining is: 109s
You played : S 1 0 M 4 12
S 1 0 True
M 4 12 True
Player 1 played : S 2 8 M 1 4
S 2 8 True
M 1 4 True
Time remaining is: 108s
You played : S 1 1 M 5 14
S 1 1 True
M 5 14 True
Player 1 played : S 1 4 M 3 12
S 1 4 True
M 3 12 True
Time remaining is: 107s
You played : S 4 12 M 4 13
S 4 12 True
M 4 13 True
Player 1 played : S 2 7 M 1 2
S 2 7 True
M 1 2 True
Time remaining is: 107s
You played : S 4 13 M 4 15
S 4 13 True
M 4 15 True
Player 1 played : S 2 11 M 2 3
S 2 11 True
M 2 3 True
Time remaining is: 106s
You played : S 2 10 M 2 0
S 2 10 True
M 2 0 True
Player 1 played : S 1 2 M 3 15
S 1 2 True
M 3 15 True
Time remaining is: 106s
You played : S 4 15 M 4 14
S 4 15 True
M 4 14 True
Player 1 played : S 3 15 M 3 16
S 3 15 True
M 3 16 True
Time remaining is: 106s
You played : S 4 14 M 5 17
S 4 14 True
M 5 17 True
Player 1 played : S 3 12 M 2 2 RS 3 15 RE 1 2 X 5 9
S 3 12 True
M 2 2 True
RS 3 15 True
RE 1 2 True
X 5 9 True
Time remaining is: 105s
You played : S 5 17 M 5 8 RS 1 4 RE 4 9 X 5 14
S 5 17 True
M 5 8 True
RS 1 4 True
RE 4 9 True
X 5 14 True
YOU WIN!
Your Score : 9.019
Opponent's Score : 1.013
