***********************************

-> You are player 1
-> You are alloted a time of 120s

***********************************

Time remaining is: 120s
You played : P 0 0
P 0 0 True
Player 2 played : P 3 0
P 3 0 True
Time remaining is: 120s
You played : P 1 5
P 1 5 True
Player 2 played : P 2 11
P 2 11 True
Time remaining is: 120s
You played : P 1 3
P 1 3 True
Player 2 played : P 3 13
P 3 13 True
Time remaining is: 120s
You played : P 1 0
P 1 0 True
Player 2 played : P 3 9
P 3 9 True
Time remaining is: 120s
You played : P 1 2
P 1 2 True
Player 2 played : P 3 6
P 3 6 True
Time remaining is: 120s
You played : S 1 2 M 3 1
S 1 2 True
M 3 1 True
Player 2 played : S 3 9 M 4 12
S 3 9 True
M 4 12 True
Time remaining is: 120s
You played : S 1 3 M 5 24
S 1 3 True
M 5 24 True
Player 2 played : S 3 13 M 2 7
S 3 13 True
M 2 7 True
Time remaining is: 120s
You played : S 0 0 M 1 4
S 0 0 True
M 1 4 True
Player 2 played : S 4 12 M 4 16
S 4 12 True
M 4 16 True
Time remaining is: 119s
You played : S 1 5 M 2 10
S 1 5 True
M 2 10 True
Player 2 played : S 2 11 M 3 17
S 2 11 True
M 3 17 True
Time remaining is: 118s
You played : S 1 0 M 2 0
S 1 0 True
M 2 0 True
Player 2 played : S 2 7 M 2 3
S 2 7 True
M 2 3 True
Time remaining is: 116s
You played : S 2 10 M 3 15
S 2 10 True
M 3 15 True
Player 2 played : S 2 3 M 1 1
S 2 3 True
M 1 1 True
Time remaining is: 115s
You played : S 3 1 M 4 5
S 3 1 True
M 4 5 True
Player 2 played : S 3 6 M 3 4
S 3 6 True
M 3 4 True
Time remaining is: 114s
You played : S 1 4 M 2 5
S 1 4 True
M 2 5 True
Player 2 played : S 4 16 M 4 20
S 4 16 True
M 4 20 True
Time remaining is: 114s
You played : S 5 24 M 2 9
S 5 24 True
M 2 9 True
Player 2 played : S 3 17 M 3 10
S 3 17 True
M 3 10 True
Time remaining is: 112s
You played : S 3 15 M 3 12
S 3 15 True
M 3 12 True
Player 2 played : S 4 20 M 2 4
S 4 20 True
M 2 4 True
Time remaining is: 112s
You played : S 2 9 M 3 16
S 2 9 True
M 3 16 True
Player 2 played : S 3 4 M 3 11
S 3 4 True
M 3 11 True
Time remaining is: 111s
You played : S 2 0 M 2 6
S 2 0 True
M 2 6 True
Player 2 played : S 3 0 M 3 2
S 3 0 True
M 3 2 True
Time remaining is: 106s
You played : S 2 6 M 2 8
S 2 6 True
M 2 8 True
Player 2 played : S 3 2 M 4 2
S 3 2 True
M 4 2 True
Time remaining is: 101s
You played : S 3 12 M 3 14
S 3 12 True
M 3 14 True
Player 2 played : S 4 2 M 5 2
S 4 2 True
M 5 2 True
Time remaining is: 100s
You played : S 4 5 M 4 23
S 4 5 True
M 4 23 True
Player 2 played : S 5 2 M 5 3
S 5 2 True
M 5 3 True
Time remaining is: 98s
You played : S 2 8 M 4 18
S 2 8 True
M 4 18 True
Player 2 played : S 5 3 M 5 4
S 5 3 True
M 5 4 True
Time remaining is: 95s
You played : S 4 18 M 5 26 RS 4 18 RE 2 6 X 2 5
S 4 18 True
M 5 26 True
RS 4 18 True
RE 2 6 True
X 2 5 True
Player 2 played : S 5 4 M 4 4
S 5 4 True
M 4 4 True
Time remaining is: 89s
You played : S 3 16 M 4 19 RS 4 20 RE 0 0 X 3 14
S 3 16 True
M 4 19 True
RS 4 20 True
RE 0 0 True
X 3 14 True
Player 2 played : S 4 4 M 4 6
S 4 4 True
M 4 6 True
Time remaining is: 84s
You played : S 4 23 M 5 28
S 4 23 True
M 5 28 True
Player 2 played : S 1 1 M 4 1
S 1 1 True
M 4 1 True
Time remaining is: 82s
You played : S 5 26 M 3 5
S 5 26 True
M 3 5 True
Player 2 played : S 3 11 M 4 17
S 3 11 True
M 4 17 True
Time remaining is: 79s
You played : S 3 5 M 4 21
S 3 5 True
M 4 21 True
Player 2 played : S 4 6 M 4 7
S 4 6 True
M 4 7 True
Time remaining is: 77s
You played : S 4 21 M 4 0
S 4 21 True
M 4 0 True
Player 2 played : S 4 7 M 5 8 RS 5 4 RE 4 7 X 2 4
S 4 7 True
M 5 8 True
RS 5 4 True
RE 4 7 True
X 2 4 True
Time remaining is: 76s
You played : S 4 19 M 3 15
S 4 19 True
M 3 15 True
Player 2 played : S 5 8 M 5 7
S 5 8 True
M 5 7 True
Time remaining is: 75s
You played : S 5 28 M 5 27
S 5 28 True
M 5 27 True
Player 2 played : S 5 7 M 5 6
S 5 7 True
M 5 6 True
Time remaining is: 74s
You played : S 5 27 M 4 22
S 5 27 True
M 4 22 True
Player 2 played : S 5 6 M 5 9
S 5 6 True
M 5 9 True
Time remaining is: 74s
You played : S 4 0 M 0 0 RS 5 26 RE 1 0 X 4 22
S 4 0 True
M 0 0 True
RS 5 26 True
RE 1 0 True
X 4 22 True
YOU WIN!
Your Score : 9.012
Opponent's Score : 1.019
