2 5 120 5
Move P 2 11
1 P 2 11
In initial move
In initial move
In initial move
In initial move
In initial move
0, -2 to -1, -3
Branching factor = 13
Branching factor = 13
0, -1; -1, -2
-1, -3 to -2, -4
Branching factor = 15
Branching factor = 15
0, 1; 1, 2
-2, -4 to -3, -5
Branching factor = 17
Branching factor = 17
-1, -1; -1, 0
-3, -5 to -3, -3
0, 0; 0, -3
1, 0 to 1, -2
Branching factor = 19
Branching factor = 19
1, 2; 0, 2
2, 5 to 2, 1
Branching factor = 18
Branching factor = 18
0, -3; -2, -3
2, 1 to 3, 2
Branching factor = 19
Branching factor = 19
1, 1; 1, -1
-3, -3 to 2, 2
Branching factor = 17
Branching factor = 17
-2, -3; -4, -3
2, 2 to 3, 3
-1, 0; 2, 0
3, 2 to 4, 3
2, 0; 2, 3
-1, 1 to 3, 1
2, 3; 2, -1
1, -2 to -1, -4
Branching factor = 22
Branching factor = 22
-4, -3; -5, -4
4, 3 to 4, 2
Branching factor = 19
Branching factor = 19
Branching factor = 19
Branching factor = 19
0, 2; 0, -4
Ring removed at index4
Branching factor = 18
Branching factor = 18
-1, -2; 5, 4
3, 4 to 0, 1
Branching factor = 15
Branching factor = 15
Branching factor = 15
1, -1; -2, -1
3, 3 to -2, -2
Branching factor = 15
Branching factor = 15
5, 4; 4, 4
3, 1 to 3, -1
Branching factor = 15
Branching factor = 15
Branching factor = 15
4, 4; 2, 4
Branching factor = 17
Branching factor = 17
2, 4; 2, 3
-1, -4 to -2, -5
Branching factor = 18
Branching factor = 18
0, -4; -3, -4
-2, -5 to 0, -3
Branching factor = 18
Branching factor = 18
-3, -4; -2, -3
0, -3 to 0, 1
-2, -1; 2, -1
4, 5 to 4, 2
-2, -3; -3, -3
Ring removed at index3
4, 2 to 1, 2
2, -1; 0, -1
***********************************

-> You are player 2
-> You are alloted a time of 120s

***********************************

Player 1 played : P 2 11
P 2 11 True
Time remaining is: 120s
You played : P 0 0
P 0 0 True
Player 1 played : P 1 2
P 1 2 True
Time remaining is: 120s
You played : P 1 0
P 1 0 True
Player 1 played : P 2 9
P 2 9 True
Time remaining is: 120s
You played : P 1 1
P 1 1 True
Player 1 played : P 2 6
P 2 6 True
Time remaining is: 120s
You played : P 1 3
P 1 3 True
Player 1 played : P 5 2
P 5 2 True
Time remaining is: 120s
You played : P 1 4
P 1 4 True
Player 1 played : S 2 6 M 3 10
S 2 6 True
M 3 10 True
Time remaining is: 120s
You played : S 1 3 M 2 7
S 1 3 True
M 2 7 True
Player 1 played : S 3 10 M 4 14
S 3 10 True
M 4 14 True
Time remaining is: 118s
You played : S 1 0 M 2 1
S 1 0 True
M 2 1 True
Player 1 played : S 4 14 M 5 18
S 4 14 True
M 5 18 True
Time remaining is: 111s
You played : S 1 4 M 1 5
S 1 4 True
M 1 5 True
Player 1 played : S 5 18 M 3 12
S 5 18 True
M 3 12 True
Time remaining is: 108s
You played : S 0 0 M 3 9
S 0 0 True
M 3 9 True
Player 1 played : S 1 2 M 3 8
S 1 2 True
M 3 8 True
Time remaining is: 107s
You played : S 2 1 M 2 0
S 2 1 True
M 2 0 True
Player 1 played : S 5 2 M 2 3
S 5 2 True
M 2 3 True
Time remaining is: 102s
You played : S 3 9 M 3 11
S 3 9 True
M 3 11 True
Player 1 played : S 2 3 M 3 4
S 2 3 True
M 3 4 True
Time remaining is: 99s
You played : S 1 1 M 2 5
S 1 1 True
M 2 5 True
Player 1 played : S 3 12 M 2 2
S 3 12 True
M 2 2 True
Time remaining is: 96s
You played : S 3 11 M 4 17
S 3 11 True
M 4 17 True
Player 1 played : S 2 2 M 3 3
S 2 2 True
M 3 3 True
Time remaining is: 94s
You played : S 1 5 M 2 4
S 1 5 True
M 2 4 True
Player 1 played : S 3 4 M 4 5
S 3 4 True
M 4 5 True
Time remaining is: 93s
You played : S 2 4 M 3 2
S 2 4 True
M 3 2 True
Player 1 played : S 2 11 M 3 5
S 2 11 True
M 3 5 True
Time remaining is: 90s
You played : S 3 2 M 3 7
S 3 2 True
M 3 7 True
Player 1 played : S 3 8 M 4 13
S 3 8 True
M 4 13 True
Time remaining is: 88s
You played : S 4 17 M 5 21
S 4 17 True
M 5 21 True
Player 1 played : S 4 5 M 4 6
S 4 5 True
M 4 6 True
Time remaining is: 86s
You played : S 2 0 M 4 12 RS 4 17 RE 3 9 X 3 7
S 2 0 True
M 4 12 True
RS 4 17 True
RE 3 9 True
X 3 7 True
Player 1 played : S 2 9 M 4 3 RS 2 9 RE 3 2 X 4 6
S 2 9 True
M 4 3 True
RS 2 9 True
RE 3 2 True
X 4 6 True
Time remaining is: 82s
You played : S 2 7 M 5 6
S 2 7 True
M 5 6 True
Player 1 played : S 4 3 M 1 0
S 4 3 True
M 1 0 True
Time remaining is: 80s
You played : S 2 5 M 2 9
S 2 5 True
M 2 9 True
Player 1 played : S 3 3 M 2 8
S 3 3 True
M 2 8 True
Time remaining is: 75s
You played : S 5 6 M 4 4
S 5 6 True
M 4 4 True
Player 1 played : S 3 5 M 4 9
S 3 5 True
M 4 9 True
Time remaining is: 73s
You played : S 4 4 M 4 2
S 4 4 True
M 4 2 True
Player 1 played : S 1 0 M 5 4 RS 2 11 RE 3 5 X 2 8
S 1 0 True
M 5 4 True
RS 2 11 True
RE 3 5 True
X 2 8 True
Time remaining is: 71s
You played : S 4 2 M 3 2
S 4 2 True
M 3 2 True
Player 1 played : S 4 13 M 5 17
S 4 13 True
M 5 17 True
Time remaining is: 68s
You played : S 4 12 M 4 15
S 4 12 True
M 4 15 True
Player 1 played : S 5 17 M 3 9
S 5 17 True
M 3 9 True
Time remaining is: 66s
You played : S 4 15 M 3 11
S 4 15 True
M 3 11 True
Player 1 played : S 3 9 M 1 0
S 3 9 True
M 1 0 True
Time remaining is: 64s
You played : S 2 9 M 3 7
S 2 9 True
M 3 7 True
Player 1 played : S 5 4 M 4 6
S 5 4 True
M 4 6 True
Time remaining is: 63s
You played : S 3 11 M 3 12 RS 4 15 RE 1 2 X 3 2
S 3 11 True
M 3 12 True
RS 4 15 True
RE 1 2 True
X 3 2 True
Player 1 played : S 4 6 M 2 1
S 4 6 True
M 2 1 True
Time remaining is: 60s
You played : S 3 7 M 1 3
S 3 7 True
M 1 3 True
Player 1 played : S 2 1 M 3 17 RS 2 0 RE 4 6 X 3 17
S 2 1 True
M 3 17 True
RS 2 0 True
RE 4 6 True
X 3 17 True
OTHER PLAYER WINS!
Your Score : 2.009
Opponent's Score : 8.013
