***********************************

-> You are player 1
-> You are alloted a time of 120s

***********************************

Time remaining is: 120s
You played : P 0 0
P 0 0 True
Player 2 played : P 4 22
P 4 22 True
Time remaining is: 120s
You played : P 2 1
P 2 1 True
Player 2 played : P 5 21
P 5 21 True
Time remaining is: 120s
You played : P 2 3
P 2 3 True
Player 2 played : P 3 0
P 3 0 True
Time remaining is: 120s
You played : P 2 5
P 2 5 True
Player 2 played : P 5 29
P 5 29 True
Time remaining is: 120s
You played : P 2 7
P 2 7 True
Player 2 played : P 4 5
P 4 5 True
Time remaining is: 120s
You played : S 0 0 M 1 0
S 0 0 True
M 1 0 True
Player 2 played : S 4 22 M 5 28
S 4 22 True
M 5 28 True
Time remaining is: 120s
You played : S 1 0 M 2 0
S 1 0 True
M 2 0 True
Player 2 played : S 5 28 M 5 27
S 5 28 True
M 5 27 True
Time remaining is: 120s
You played : S 2 1 M 3 2
S 2 1 True
M 3 2 True
Player 2 played : S 5 27 M 4 21
S 5 27 True
M 4 21 True
Time remaining is: 120s
You played : S 2 3 M 1 1
S 2 3 True
M 1 1 True
Player 2 played : S 4 21 M 3 15
S 4 21 True
M 3 15 True
Time remaining is: 119s
You played : S 1 1 M 1 2
S 1 1 True
M 1 2 True
Player 2 played : S 3 15 M 3 14
S 3 15 True
M 3 14 True
Time remaining is: 118s
You played : S 2 7 M 2 11
S 2 7 True
M 2 11 True
Player 2 played : S 3 14 M 3 13
S 3 14 True
M 3 13 True
Time remaining is: 117s
You played : S 2 5 M 4 19
S 2 5 True
M 4 19 True
Player 2 played : S 3 13 M 2 6
S 3 13 True
M 2 6 True
Time remaining is: 104s
You played : S 2 11 M 3 17
S 2 11 True
M 3 17 True
Player 2 played : S 2 6 M 2 4
S 2 6 True
M 2 4 True
Time remaining is: 101s
You played : S 4 19 M 3 16
S 4 19 True
M 3 16 True
Player 2 played : S 2 4 M 2 2
S 2 4 True
M 2 2 True
Time remaining is: 98s
You played : S 3 16 M 5 26 RS 4 21 RE 1 1 X 5 26
S 3 16 True
M 5 26 True
RS 4 21 True
RE 1 1 True
X 5 26 True
Player 2 played : S 5 21 M 5 22
S 5 21 True
M 5 22 True
Time remaining is: 33s
You played : S 3 17 M 1 5
S 3 17 True
M 1 5 True
Player 2 played : S 5 29 M 2 11
S 5 29 True
M 2 11 True
Time remaining is: 2s
You played : S 1 5 M 3 10
S 1 5 True
M 3 10 True
Player 2 played : S 2 11 M 1 4
S 2 11 True
M 1 4 True
Time remaining is: 2s
You played : S 1 2 M 1 3
S 1 2 True
M 1 3 True
Player 2 played : S 3 0 M 4 23
S 3 0 True
M 4 23 True
Time remaining is: 2s
You played : S 2 0 M 2 10
S 2 0 True
M 2 10 True
Player 2 played : S 4 23 M 4 0
S 4 23 True
M 4 0 True
Time remaining is: 2s
You played : S 1 3 M 1 0
S 1 3 True
M 1 0 True
Player 2 played : S 1 4 M 5 24
S 1 4 True
M 5 24 True
Time remaining is: 1s
You played : S 3 10 M 3 5
S 3 10 True
M 3 5 True
Player 2 played : S 5 22 M 3 9
S 5 22 True
M 3 9 True
Time remaining is: 1s
You played : S 1 0 M 1 1
S 1 0 True
M 1 1 True
Player 2 played : S 4 0 M 5 1
S 4 0 True
M 5 1 True
Time remaining is: 1s
You played : S 2 10 M 3 11
S 2 10 True
M 3 11 True
Player 2 played : S 5 1 M 4 1
S 5 1 True
M 4 1 True
Time remaining is: 1s
You played : S 3 5 M 4 6
S 3 5 True
M 4 6 True
Player 2 played : S 5 24 M 4 21
S 5 24 True
M 4 21 True
Time remaining is: 1s
ERROR : THIS CLIENT RAN OUT OF TIME!
