***********************************

-> You are player 1
-> You are alloted a time of 120s

***********************************

Time remaining is: 120s
You played : P 0 0
P 0 0 True
Player 2 played : P 2 4
P 2 4 True
Time remaining is: 120s
You played : P 1 0
P 1 0 True
Player 2 played : P 5 29
P 5 29 True
Time remaining is: 120s
You played : P 1 1
P 1 1 True
Player 2 played : P 4 20
P 4 20 True
Time remaining is: 120s
You played : P 1 2
P 1 2 True
Player 2 played : P 4 12
P 4 12 True
Time remaining is: 120s
You played : P 1 3
P 1 3 True
Player 2 played : P 3 7
P 3 7 True
Time remaining is: 120s
You played : S 1 2 M 4 5
S 1 2 True
M 4 5 True
Player 2 played : S 3 7 M 4 9
S 3 7 True
M 4 9 True
Time remaining is: 120s
You played : S 1 1 M 2 1
S 1 1 True
M 2 1 True
Player 2 played : S 2 4 M 2 3
S 2 4 True
M 2 3 True
Time remaining is: 119s
You played : S 2 1 M 3 1
S 2 1 True
M 3 1 True
Player 2 played : S 2 3 M 2 2
S 2 3 True
M 2 2 True
Time remaining is: 117s
You played : S 3 1 M 3 2
S 3 1 True
M 3 2 True
Player 2 played : S 4 12 M 4 10
S 4 12 True
M 4 10 True
Time remaining is: 116s
You played : S 1 0 M 2 0
S 1 0 True
M 2 0 True
Player 2 played : S 4 10 M 5 13
S 4 10 True
M 5 13 True
Time remaining is: 115s
You played : S 1 3 M 3 4
S 1 3 True
M 3 4 True
Player 2 played : S 5 29 M 4 23
S 5 29 True
M 4 23 True
Time remaining is: 113s
You played : S 3 4 M 3 5
S 3 4 True
M 3 5 True
Player 2 played : S 2 2 M 4 6
S 2 2 True
M 4 6 True
Time remaining is: 111s
You played : S 0 0 M 3 6
S 0 0 True
M 3 6 True
Player 2 played : S 4 6 M 5 8
S 4 6 True
M 5 8 True
Time remaining is: 110s
You played : S 4 5 M 4 7
S 4 5 True
M 4 7 True
Player 2 played : S 4 23 M 3 17
S 4 23 True
M 3 17 True
Time remaining is: 109s
You played : S 2 0 M 3 0
S 2 0 True
M 3 0 True
Player 2 played : S 3 17 M 2 11
S 3 17 True
M 2 11 True
Time remaining is: 108s
You played : S 3 0 M 4 1 RS 3 0 RE 1 3 X 4 7
S 3 0 True
M 4 1 True
RS 3 0 True
RE 1 3 True
X 4 7 True
Player 2 played : S 2 11 M 4 2
S 2 11 True
M 4 2 True
Time remaining is: 90s
You played : S 4 1 M 4 0
S 4 1 True
M 4 0 True
Player 2 played : S 4 2 M 5 3
S 4 2 True
M 5 3 True
Time remaining is: 84s
You played : S 4 0 M 4 22
S 4 0 True
M 4 22 True
Player 2 played : S 4 20 M 5 24
S 4 20 True
M 5 24 True
Time remaining is: 77s
You played : S 3 2 M 3 0 RS 4 1 RE 1 2 X 3 0
S 3 2 True
M 3 0 True
RS 4 1 True
RE 1 2 True
X 3 0 True
Player 2 played : S 5 8 M 4 7
S 5 8 True
M 4 7 True
Time remaining is: 67s
You played : S 3 5 M 5 7
S 3 5 True
M 5 7 True
Player 2 played : S 4 7 M 1 1
S 4 7 True
M 1 1 True
Time remaining is: 63s
You played : S 5 7 M 5 6
S 5 7 True
M 5 6 True
Player 2 played : S 1 1 M 1 0
S 1 1 True
M 1 0 True
Time remaining is: 54s
You played : S 3 6 M 3 3
S 3 6 True
M 3 3 True
Player 2 played : S 1 0 M 4 3
S 1 0 True
M 4 3 True
Time remaining is: 50s
You played : S 3 3 M 3 1
S 3 3 True
M 3 1 True
Player 2 played : S 4 3 M 2 1
S 4 3 True
M 2 1 True
Time remaining is: 46s
You played : S 5 6 M 4 1 RS 4 3 RE 3 6 X 4 1
S 5 6 True
M 4 1 True
RS 4 3 True
RE 3 6 True
X 4 1 True
YOU WIN!
Your Score : 10.007
Opponent's Score : 0.015
