1 5 120 5
***********************************

-> You are player 1
-> You are alloted a time of 120s

***********************************

Time remaining is: 120s
You played : P 3 5
P 3 5 True
Player 2 played : P 0 0
P 0 0 True
Time remaining is: 120s
You played : P 4 12
P 4 12 True
Player 2 played : P 1 0
P 1 0 True
Time remaining is: 120s
You played : P 2 1
P 2 1 True
Player 2 played : P 5 4
P 5 4 True
Time remaining is: 120s
You played : P 3 9
P 3 9 True
Player 2 played : P 5 19
P 5 19 True
Time remaining is: 120s
You played : P 2 3
P 2 3 True
Player 2 played : P 5 21
P 5 21 True
Time remaining is: 120s
You played : S 3 5 M 2 4
S 3 5 True
M 2 4 True
Player 2 played : S 1 0 M 3 0
S 1 0 True
M 3 0 True
Time remaining is: 120s
You played : S 2 4 M 2 5
S 2 4 True
M 2 5 True
Player 2 played : S 0 0 M 3 6
S 0 0 True
M 3 6 True
Time remaining is: 120s
You played : S 3 9 M 2 0
S 3 9 True
M 2 0 True
Player 2 played : S 3 6 M 3 7
S 3 6 True
M 3 7 True
Time remaining is: 120s
You played : S 2 5 M 1 2
S 2 5 True
M 1 2 True
Player 2 played : S 5 4 M 4 8
S 5 4 True
M 4 8 True
Time remaining is: 120s
You played : S 1 2 M 1 1
S 1 2 True
M 1 1 True
Player 2 played : S 4 8 M 4 4
S 4 8 True
M 4 4 True
Time remaining is: 120s
You played : S 1 1 M 2 2
S 1 1 True
M 2 2 True
Player 2 played : S 4 4 M 4 7
S 4 4 True
M 4 7 True
Time remaining is: 115s
You played : S 2 2 M 3 2
S 2 2 True
M 3 2 True
Player 2 played : S 5 19 M 4 16
S 5 19 True
M 4 16 True
Time remaining is: 112s
You played : S 3 2 M 3 3
S 3 2 True
M 3 3 True
Player 2 played : S 4 16 M 1 4
S 4 16 True
M 1 4 True
Time remaining is: 110s
You played : S 3 3 M 4 3
S 3 3 True
M 4 3 True
Player 2 played : S 3 0 M 4 5
S 3 0 True
M 4 5 True
Time remaining is: 109s
You played : S 2 1 M 3 1
S 2 1 True
M 3 1 True
Player 2 played : S 3 7 M 1 3
S 3 7 True
M 1 3 True
Time remaining is: 106s
You played : S 4 3 M 5 3
S 4 3 True
M 5 3 True
Player 2 played : S 4 5 M 5 7
S 4 5 True
M 5 7 True
Time remaining is: 105s
You played : S 5 3 M 3 4
S 5 3 True
M 3 4 True
Player 2 played : S 5 7 M 5 6
S 5 7 True
M 5 6 True
Time remaining is: 105s
You played : S 3 4 M 4 6
S 3 4 True
M 4 6 True
Player 2 played : S 1 3 M 2 6
S 1 3 True
M 2 6 True
Time remaining is: 105s
You played : S 4 6 M 5 8
S 4 6 True
M 5 8 True
Player 2 played : S 1 4 M 2 9
S 1 4 True
M 2 9 True
Time remaining is: 105s
You played : S 5 8 M 5 9 RS 5 8 RE 2 1 X 4 12
S 5 8 True
M 5 9 True
RS 5 8 True
RE 2 1 True
X 4 12 True
Player 2 played : S 2 9 M 2 1 RS 2 9 RE 3 7 X 2 6
S 2 9 True
M 2 1 True
RS 2 9 True
RE 3 7 True
X 2 6 True
Time remaining is: 105s
You played : S 5 9 M 5 8
S 5 9 True
M 5 8 True
Player 2 played : S 2 1 M 2 5 RS 1 0 RE 5 4 X 5 21
S 2 1 True
M 2 5 True
RS 1 0 True
RE 5 4 True
X 5 21 True
Time remaining is: 104s
You played : S 5 8 M 4 6
S 5 8 True
M 4 6 True
Player 2 played : S 5 6 M 4 3
S 5 6 True
M 4 3 True
Time remaining is: 104s
You played : S 4 6 M 5 4
S 4 6 True
M 5 4 True
Player 2 played : S 4 3 M 3 4
S 4 3 True
M 3 4 True
Time remaining is: 104s
You played : S 5 4 M 3 2
S 5 4 True
M 3 2 True
Player 2 played : S 3 4 M 2 2
S 3 4 True
M 2 2 True
Time remaining is: 103s
You played : S 3 2 M 4 2
S 3 2 True
M 4 2 True
Player 2 played : S 2 2 M 1 4 RS 0 0 RE 4 8 X 4 7
S 2 2 True
M 1 4 True
RS 0 0 True
RE 4 8 True
X 4 7 True
OTHER PLAYER WINS!
Your Score : 1.011
Opponent's Score : 9.009
