Depth: 2 NOM:39
Depth: 2 NOM:37
Depth: 2 NOM:53
Depth: 2 NOM:49
Depth: 2 NOM:51
Depth: 2 NOM:43
Depth: 2 NOM:41
Depth: 2 NOM:41
Depth: 2 NOM:43
Depth: 2 NOM:46
Depth: 2 NOM:40
Depth: 2 NOM:65
Depth: 2 NOM:36
Depth: 2 NOM:39
Depth: 2 NOM:36
Depth: 1 NOM:99
Depth: 2 NOM:35
Depth: 2 NOM:77
Depth: 2 NOM:64
Sucess exit
***********************************

-> You are player 2
-> You are alloted a time of 120s

***********************************

Player 1 played : P 3 17
P 3 17 True
Time remaining is: 120s
You played : P 0 0
P 0 0 True
Player 1 played : P 2 11
P 2 11 True
Time remaining is: 120s
You played : P 1 0
P 1 0 True
Player 1 played : P 4 3
P 4 3 True
Time remaining is: 120s
You played : P 1 1
P 1 1 True
Player 1 played : P 1 5
P 1 5 True
Time remaining is: 120s
You played : P 1 2
P 1 2 True
Player 1 played : P 2 3
P 2 3 True
Time remaining is: 120s
You played : P 1 3
P 1 3 True
Player 1 played : S 3 17 M 4 23
S 3 17 True
M 4 23 True
Time remaining is: 120s
You played : S 1 3 M 4 12
S 1 3 True
M 4 12 True
Player 1 played : S 4 23 M 4 0
S 4 23 True
M 4 0 True
Time remaining is: 119s
You played : S 0 0 M 2 8
S 0 0 True
M 2 8 True
Player 1 played : S 1 5 M 1 4
S 1 5 True
M 1 4 True
Time remaining is: 119s
You played : S 1 0 M 2 9
S 1 0 True
M 2 9 True
Player 1 played : S 4 0 M 2 6
S 4 0 True
M 2 6 True
Time remaining is: 117s
You played : S 2 9 M 3 14
S 2 9 True
M 3 14 True
Player 1 played : S 2 6 M 3 9
S 2 6 True
M 3 9 True
Time remaining is: 116s
You played : S 2 8 M 3 8
S 2 8 True
M 3 8 True
Player 1 played : S 4 3 M 2 1
S 4 3 True
M 2 1 True
Time remaining is: 113s
You played : S 3 14 M 3 13
S 3 14 True
M 3 13 True
Player 1 played : S 2 1 M 3 1
S 2 1 True
M 3 1 True
Time remaining is: 112s
You played : S 3 13 M 4 17
S 3 13 True
M 4 17 True
Player 1 played : S 1 4 M 4 19
S 1 4 True
M 4 19 True
Time remaining is: 111s
You played : S 1 1 M 3 12
S 1 1 True
M 3 12 True
Player 1 played : S 2 11 M 2 7 RS 4 23 RE 1 4 X 2 3
S 2 11 True
M 2 7 True
RS 4 23 True
RE 1 4 True
X 2 3 True
Time remaining is: 110s
You played : S 3 12 M 1 4
S 3 12 True
M 1 4 True
Player 1 played : S 3 9 M 2 0
S 3 9 True
M 2 0 True
Time remaining is: 109s
You played : S 3 8 M 4 11
S 3 8 True
M 4 11 True
Player 1 played : S 2 7 M 4 18
S 2 7 True
M 4 18 True
Time remaining is: 108s
You played : S 4 17 M 1 5
S 4 17 True
M 1 5 True
Player 1 played : S 2 0 M 3 0
S 2 0 True
M 3 0 True
Time remaining is: 107s
You played : S 1 5 M 2 11 RS 1 0 RE 4 17 X 4 12
S 1 5 True
M 2 11 True
RS 1 0 True
RE 4 17 True
X 4 12 True
Player 1 played : S 3 0 M 5 2
S 3 0 True
M 5 2 True
Time remaining is: 106s
You played : S 1 4 M 2 5
S 1 4 True
M 2 5 True
Player 1 played : S 4 18 M 3 13
S 4 18 True
M 3 13 True
Time remaining is: 105s
You played : S 1 2 M 3 11
S 1 2 True
M 3 11 True
Player 1 played : S 3 13 M 1 0
S 3 13 True
M 1 0 True
Time remaining is: 104s
You played : S 3 11 M 4 15
S 3 11 True
M 4 15 True
Player 1 played : S 1 0 M 3 2 RS 4 0 RE 0 0 X 3 1
S 1 0 True
M 3 2 True
RS 4 0 True
RE 0 0 True
X 3 1 True
Time remaining is: 103s
You played : S 2 5 M 3 10 RS 2 1 RE 3 8 X 4 11
S 2 5 True
M 3 10 True
RS 2 1 True
RE 3 8 True
X 4 11 True
Player 1 played : S 5 2 M 3 16
S 5 2 True
M 3 16 True
Time remaining is: 103s
You played : S 3 10 M 4 11
S 3 10 True
M 4 11 True
Player 1 played : S 3 16 M 4 22
S 3 16 True
M 4 22 True
Time remaining is: 103s
You played : S 2 11 M 5 22
S 2 11 True
M 5 22 True
Player 1 played : S 4 22 M 5 28
S 4 22 True
M 5 28 True
Time remaining is: 102s
You played : S 4 11 M 5 16 RS 3 12 RE 4 11 X 4 15
S 4 11 True
M 5 16 True
RS 3 12 True
RE 4 11 True
X 4 15 True
YOU WIN!
Your Score : 8.007
Opponent's Score : 2.006
