****************Depth is now 4
****************Depth is now 5
***********************************

-> You are player 1
-> You are alloted a time of 120s

***********************************

Time remaining is: 120s
You played : P 3 1
P 3 1 True
Player 2 played : P 0 0
P 0 0 True
Time remaining is: 120s
You played : P 5 11
P 5 11 True
Player 2 played : P 1 0
P 1 0 True
Time remaining is: 120s
You played : P 5 4
P 5 4 True
Player 2 played : P 1 1
P 1 1 True
Time remaining is: 120s
You played : P 4 7
P 4 7 True
Player 2 played : P 1 2
P 1 2 True
Time remaining is: 120s
You played : P 5 8
P 5 8 True
Player 2 played : P 1 3
P 1 3 True
Time remaining is: 120s
You played : S 4 7 M 2 3
S 4 7 True
M 2 3 True
Player 2 played : S 1 1 M 2 2
S 1 1 True
M 2 2 True
Time remaining is: 120s
You played : S 5 8 M 5 9
S 5 8 True
M 5 9 True
Player 2 played : S 0 0 M 3 12
S 0 0 True
M 3 12 True
Time remaining is: 120s
You played : S 5 9 M 4 8
S 5 9 True
M 4 8 True
Player 2 played : S 3 12 M 1 4
S 3 12 True
M 1 4 True
Time remaining is: 119s
You played : S 4 8 M 3 6
S 4 8 True
M 3 6 True
Player 2 played : S 1 4 M 2 8
S 1 4 True
M 2 8 True
Time remaining is: 119s
You played : S 3 6 M 3 7
S 3 6 True
M 3 7 True
Player 2 played : S 2 8 M 4 10 RS 1 1 RE 3 12 X 1 2
S 2 8 True
M 4 10 True
RS 1 1 True
RE 3 12 True
X 1 2 True
Time remaining is: 118s
You played : S 3 7 M 4 9
S 3 7 True
M 4 9 True
Player 2 played : S 1 3 M 1 2
S 1 3 True
M 1 2 True
Time remaining is: 118s
You played : S 4 9 M 5 12
S 4 9 True
M 5 12 True
Player 2 played : S 1 2 M 1 1
S 1 2 True
M 1 1 True
Time remaining is: 117s
You played : S 2 3 M 2 7
S 2 3 True
M 2 7 True
Player 2 played : S 1 1 M 2 5
S 1 1 True
M 2 5 True
Time remaining is: 117s
You played : S 3 1 M 2 1
S 3 1 True
M 2 1 True
Player 2 played : S 2 5 M 3 8
S 2 5 True
M 3 8 True
Time remaining is: 117s
You played : S 2 7 M 3 4
S 2 7 True
M 3 4 True
Player 2 played : S 2 2 M 5 2
S 2 2 True
M 5 2 True
Time remaining is: 116s
You played : S 2 1 M 3 2
S 2 1 True
M 3 2 True
Player 2 played : S 3 8 M 2 6
S 3 8 True
M 2 6 True
Time remaining is: 116s
You played : S 5 12 M 5 14
S 5 12 True
M 5 14 True
Player 2 played : S 4 10 M 2 4
S 4 10 True
M 2 4 True
Time remaining is: 115s
You played : S 5 11 M 1 4
S 5 11 True
M 1 4 True
Player 2 played : S 2 6 M 2 8
S 2 6 True
M 2 8 True
Time remaining is: 113s
You played : S 1 4 M 3 3 RS 2 5 RE 3 1 X 5 14
S 1 4 True
M 3 3 True
RS 2 5 True
RE 3 1 True
X 5 14 True
Player 2 played : S 1 0 M 3 5
S 1 0 True
M 3 5 True
Time remaining is: 111s
You played : S 3 4 M 4 6
S 3 4 True
M 4 6 True
Player 2 played : S 2 8 M 2 10 RS 2 8 RE 4 10 X 3 5
S 2 8 True
M 2 10 True
RS 2 8 True
RE 4 10 True
X 3 5 True
Time remaining is: 108s
You played : S 4 6 M 3 5
S 4 6 True
M 3 5 True
Player 2 played : S 2 4 M 4 10
S 2 4 True
M 4 10 True
Time remaining is: 107s
You played : S 3 3 M 4 5
S 3 3 True
M 4 5 True
Player 2 played : S 4 10 M 5 13
S 4 10 True
M 5 13 True
Time remaining is: 106s
You played : S 3 2 M 2 1
S 3 2 True
M 2 1 True
Player 2 played : S 2 10 M 1 2
S 2 10 True
M 1 2 True
Time remaining is: 104s
You played : S 2 1 M 1 5 RS 2 1 RE 5 8 X 4 5
S 2 1 True
M 1 5 True
RS 2 1 True
RE 5 8 True
X 4 5 True
Player 2 played : S 1 2 M 2 5
S 1 2 True
M 2 5 True
Time remaining is: 100s
You played : S 1 5 M 2 9
S 1 5 True
M 2 9 True
Player 2 played : S 5 13 M 3 9
S 5 13 True
M 3 9 True
Time remaining is: 100s
You played : S 3 5 M 3 4
S 3 5 True
M 3 4 True
Player 2 played : S 2 5 M 4 6
S 2 5 True
M 4 6 True
Time remaining is: 99s
You played : S 3 4 M 2 1
S 3 4 True
M 2 1 True
Player 2 played : S 4 6 M 2 2
S 4 6 True
M 2 2 True
Time remaining is: 98s
You played : S 2 9 M 3 16
S 2 9 True
M 3 16 True
Player 2 played : S 2 2 M 4 2
S 2 2 True
M 4 2 True
Time remaining is: 97s
You played : S 2 1 M 5 8
S 2 1 True
M 5 8 True
Player 2 played : S 3 9 M 0 0
S 3 9 True
M 0 0 True
Time remaining is: 96s
You played : S 5 8 M 5 6 RS 2 1 RE 5 8 X 3 16
S 5 8 True
M 5 6 True
RS 2 1 True
RE 5 8 True
X 3 16 True
YOU WIN!
Your Score : 8.014
Opponent's Score : 2.01
