P 0 0
P 1 0
P 1 3
P 1 1
P 2 4
S 1 0 M 2 1
S 0 0 M 2 8
S 1 1 M 2 3
S 2 8 M 2 9
S 2 3 M 2 2
S 2 2 M 3 3
S 3 3 M 4 3 RS 1 4 RE 3 3 X 2 9
S 2 1 M 1 1
S 4 3 M 3 2
S 2 4 M 0 0
S 0 0 M 3 12
S 3 12 M 3 14
S 3 14 M 2 11
S 2 11 M 4 2
S 1 3 M 3 9 RS 2 6 RE 2 0 X 1 1
S 3 9 M 3 8
S 3 2 M 4 5
S 4 5 M 5 7
S 4 2 M 2 0
S 2 0 M 0 0
***********************************

-> You are player 1
-> You are alloted a time of 120s

***********************************

Time remaining is: 120s
You played : P 5 1
P 5 1 True
Player 2 played : P 0 0
P 0 0 True
Time remaining is: 120s
You played : P 2 0
P 2 0 True
Player 2 played : P 1 0
P 1 0 True
Time remaining is: 120s
You played : P 1 4
P 1 4 True
Player 2 played : P 1 3
P 1 3 True
Time remaining is: 120s
You played : P 1 5
P 1 5 True
Player 2 played : P 1 1
P 1 1 True
Time remaining is: 120s
You played : P 1 2
P 1 2 True
Player 2 played : P 2 4
P 2 4 True
Time remaining is: 120s
You played : S 1 2 M 2 5
S 1 2 True
M 2 5 True
Player 2 played : S 1 0 M 2 1
S 1 0 True
M 2 1 True
Time remaining is: 120s
You played : S 1 4 M 2 7
S 1 4 True
M 2 7 True
Player 2 played : S 0 0 M 2 8
S 0 0 True
M 2 8 True
Time remaining is: 120s
You played : S 1 5 M 2 10
S 1 5 True
M 2 10 True
Player 2 played : S 1 1 M 2 3
S 1 1 True
M 2 3 True
Time remaining is: 120s
You played : S 2 7 M 3 11
S 2 7 True
M 3 11 True
Player 2 played : S 2 8 M 2 9
S 2 8 True
M 2 9 True
Time remaining is: 120s
You played : S 2 5 M 2 6
S 2 5 True
M 2 6 True
Player 2 played : S 2 3 M 2 2
S 2 3 True
M 2 2 True
Time remaining is: 120s
You played : S 2 6 M 3 13
S 2 6 True
M 3 13 True
Player 2 played : S 2 2 M 3 3
S 2 2 True
M 3 3 True
Time remaining is: 120s
You played : S 2 0 M 3 1
S 2 0 True
M 3 1 True
Player 2 played : S 3 3 M 4 3 RS 1 4 RE 3 3 X 2 9
S 3 3 True
M 4 3 True
RS 1 4 True
RE 3 3 True
X 2 9 True
Time remaining is: 120s
You played : S 2 10 M 2 9
S 2 10 True
M 2 9 True
Player 2 played : S 2 1 M 1 1
S 2 1 True
M 1 1 True
Time remaining is: 120s
You played : S 3 1 M 3 3
S 3 1 True
M 3 3 True
Player 2 played : S 4 3 M 3 2
S 4 3 True
M 3 2 True
Time remaining is: 120s
You played : S 3 3 M 3 5
S 3 3 True
M 3 5 True
Player 2 played : S 2 4 M 0 0
S 2 4 True
M 0 0 True
Time remaining is: 120s
You played : S 3 13 M 3 15
S 3 13 True
M 3 15 True
Player 2 played : S 0 0 M 3 12
S 0 0 True
M 3 12 True
Time remaining is: 120s
You played : S 3 15 M 3 0
S 3 15 True
M 3 0 True
Player 2 played : S 3 12 M 3 14
S 3 12 True
M 3 14 True
Time remaining is: 120s
You played : S 3 11 M 4 15
S 3 11 True
M 4 15 True
Player 2 played : S 3 14 M 2 11
S 3 14 True
M 2 11 True
Time remaining is: 120s
You played : S 2 9 M 3 16
S 2 9 True
M 3 16 True
Player 2 played : S 2 11 M 4 2
S 2 11 True
M 4 2 True
Time remaining is: 120s
You played : S 5 1 M 4 1
S 5 1 True
M 4 1 True
Player 2 played : S 1 3 M 3 9 RS 2 6 RE 2 0 X 1 1
S 1 3 True
M 3 9 True
RS 2 6 True
RE 2 0 True
X 1 1 True
Time remaining is: 120s
You played : S 4 15 M 1 3
S 4 15 True
M 1 3 True
Player 2 played : S 3 9 M 3 8
S 3 9 True
M 3 8 True
Time remaining is: 120s
You played : S 3 5 M 3 6
S 3 5 True
M 3 6 True
Player 2 played : S 3 2 M 4 5
S 3 2 True
M 4 5 True
Time remaining is: 120s
You played : S 3 6 M 4 7
S 3 6 True
M 4 7 True
Player 2 played : S 4 5 M 5 7
S 4 5 True
M 5 7 True
Time remaining is: 120s
You played : S 4 1 M 1 1
S 4 1 True
M 1 1 True
Player 2 played : S 4 2 M 2 0
S 4 2 True
M 2 0 True
Time remaining is: 120s
You played : S 1 1 M 4 4
S 1 1 True
M 4 4 True
Player 2 played : S 2 0 M 0 0
S 2 0 True
M 0 0 True
Time remaining is: 119s
You played : S 3 16 M 4 14
S 3 16 True
M 4 14 True
Player 2 played : RS 3 14 RE 3 1 X 3 8
RS 3 14 True
RE 3 1 True
X 3 8 True
OTHER PLAYER WINS!
Your Score : 0.015
Opponent's Score : 10.011
