***********************************

-> You are player 2
-> You are alloted a time of 120s

***********************************

Player 1 played : P 0 0
P 0 0 True
Time remaining is: 120s
You played : P 2 5
P 2 5 True
Player 1 played : P 1 0
P 1 0 True
Time remaining is: 120s
You played : P 1 5
P 1 5 True
Player 1 played : P 1 1
P 1 1 True
Time remaining is: 120s
You played : P 2 0
P 2 0 True
Player 1 played : P 1 2
P 1 2 True
Time remaining is: 120s
You played : P 5 28
P 5 28 True
Player 1 played : P 1 3
P 1 3 True
Time remaining is: 120s
You played : P 4 15
P 4 15 True
Player 1 played : S 1 0 M 5 26
S 1 0 True
M 5 26 True
Time remaining is: 120s
You played : S 4 15 M 5 19
S 4 15 True
M 5 19 True
Player 1 played : S 5 26 M 4 20
S 5 26 True
M 4 20 True
Time remaining is: 120s
You played : S 5 19 M 4 19
S 5 19 True
M 4 19 True
Player 1 played : S 1 2 M 5 6
S 1 2 True
M 5 6 True
Time remaining is: 120s
You played : S 4 19 M 5 23
S 4 19 True
M 5 23 True
Player 1 played : S 1 3 M 5 24
S 1 3 True
M 5 24 True
Time remaining is: 119s
You played : S 1 5 M 2 1
S 1 5 True
M 2 1 True
Player 1 played : S 1 1 M 2 3
S 1 1 True
M 2 3 True
Time remaining is: 119s
You played : S 2 1 M 2 9
S 2 1 True
M 2 9 True
Player 1 played : S 4 20 M 3 15
S 4 20 True
M 3 15 True
Time remaining is: 119s
You played : S 2 0 M 5 22
S 2 0 True
M 5 22 True
Player 1 played : S 3 15 M 5 27
S 3 15 True
M 5 27 True
Time remaining is: 118s
You played : S 5 23 M 3 16
S 5 23 True
M 3 16 True
Player 1 played : S 5 27 M 3 14
S 5 27 True
M 3 14 True
Time remaining is: 117s
You played : S 3 16 M 2 10
S 3 16 True
M 2 10 True
Player 1 played : S 5 6 M 4 2
S 5 6 True
M 4 2 True
Time remaining is: 117s
You played : S 2 5 M 1 4
S 2 5 True
M 1 4 True
Player 1 played : S 2 3 M 3 4
S 2 3 True
M 3 4 True
Time remaining is: 115s
You played : S 5 28 M 5 29
S 5 28 True
M 5 29 True
Player 1 played : S 3 4 M 4 5
S 3 4 True
M 4 5 True
Time remaining is: 113s
You played : S 2 10 M 4 22
S 2 10 True
M 4 22 True
Player 1 played : S 4 5 M 4 7 RS 1 2 RE 5 6 X 5 24
S 4 5 True
M 4 7 True
RS 1 2 True
RE 5 6 True
X 5 24 True
Time remaining is: 111s
You played : S 2 9 M 3 2
S 2 9 True
M 3 2 True
Player 1 played : S 4 7 M 2 11
S 4 7 True
M 2 11 True
Time remaining is: 110s
You played : S 4 22 M 5 24
S 4 22 True
M 5 24 True
Player 1 played : S 2 11 M 3 17
S 2 11 True
M 3 17 True
Time remaining is: 109s
You played : S 5 22 M 4 18
S 5 22 True
M 4 18 True
Player 1 played : S 3 14 M 4 21
S 3 14 True
M 4 21 True
Time remaining is: 108s
You played : S 3 2 M 3 13
S 3 2 True
M 3 13 True
Player 1 played : S 4 21 M 4 23
S 4 21 True
M 4 23 True
Time remaining is: 107s
You played : S 4 18 M 3 1
S 4 18 True
M 3 1 True
Player 1 played : S 0 0 M 1 2
S 0 0 True
M 1 2 True
Time remaining is: 106s
You played : S 3 13 M 3 12
S 3 13 True
M 3 12 True
Player 1 played : S 1 2 M 2 4
S 1 2 True
M 2 4 True
Time remaining is: 106s
You played : S 1 4 M 2 2
S 1 4 True
M 2 2 True
Player 1 played : S 4 23 M 4 0
S 4 23 True
M 4 0 True
Time remaining is: 106s
You played : S 3 1 M 3 0
S 3 1 True
M 3 0 True
Player 1 played : S 4 0 M 5 1
S 4 0 True
M 5 1 True
Time remaining is: 105s
You played : S 5 29 M 4 1
S 5 29 True
M 4 1 True
Player 1 played : S 2 4 M 2 6
S 2 4 True
M 2 6 True
Time remaining is: 104s
You played : S 3 12 M 2 8 RS 4 15 RE 3 15 X 2 8
S 3 12 True
M 2 8 True
RS 4 15 True
RE 3 15 True
X 2 8 True
Player 1 played : S 2 6 M 2 8
S 2 6 True
M 2 8 True
Time remaining is: 103s
You played : S 4 1 M 3 8
S 4 1 True
M 3 8 True
Player 1 played : S 2 8 M 3 11 RS 4 22 RE 2 8 X 5 1
S 2 8 True
M 3 11 True
RS 4 22 True
RE 2 8 True
X 5 1 True
Time remaining is: 103s
You played : S 3 8 M 2 7
S 3 8 True
M 2 7 True
Player 1 played : S 3 17 M 4 22
S 3 17 True
M 4 22 True
Time remaining is: 103s
You played : S 2 7 M 4 10
S 2 7 True
M 4 10 True
Player 1 played : S 4 22 M 3 16 RS 5 27 RE 2 1 X 3 16
S 4 22 True
M 3 16 True
RS 5 27 True
RE 2 1 True
X 3 16 True
OTHER PLAYER WINS!
Your Score : 1.02
Opponent's Score : 9.009
