init complete: 
boardsize: 5
            _ _ _ _   
         _ _ _ _ _ _ _ 
        _ _ _ _ _ _ _ _ 
       _ _ _ _ _ _ _ _ _ 
      _ _ _ _ _ _ _ _ _ _ 
       _ _ _ _ _ _ _ _ _   
      _ _ _ _ _ _ _ _ _ _ 
       _ _ _ _ _ _ _ _ _ 
        _ _ _ _ _ _ _ _ 
         _ _ _ _ _ _ _ 
            _ _ _ _   
            _ _ _ _   
         _ _ _ _ _ _ _ 
        _ _ _ _ _ _ _ _ 
       _ _ _ _ _ _ _ _ _ 
      _ _ _ _ _ _ _ _ _ _ 
       _ _ _ _ 1 _ _ _ _   
      _ _ _ _ _ _ _ _ _ _ 
       _ _ _ _ _ _ _ _ _ 
        _ _ _ _ _ _ _ _ 
         _ _ _ _ _ _ _ 
            _ _ _ _   
            _ _ _ _   
         _ _ _ _ _ _ _ 
        _ _ _ _ _ _ _ _ 
       a _ _ _ _ _ _ _ _ 
      _ _ _ _ _ _ _ _ _ _ 
       _ _ _ _ 1 _ _ _ _   
      _ _ _ _ _ _ _ _ _ _ 
       _ _ _ _ _ _ _ _ _ 
        _ _ _ _ _ _ _ _ 
         _ _ _ _ _ _ _ 
            _ _ _ _   
count of prune: 0

            _ _ _ _   
         _ _ _ _ _ _ _ 
        _ _ _ _ _ _ _ _ 
       a _ _ 1 _ _ _ _ _ 
      _ _ _ _ _ _ _ _ _ _ 
       _ _ _ _ 1 _ _ _ _   
      _ _ _ _ _ _ _ _ _ _ 
       _ _ _ _ _ _ _ _ _ 
        _ _ _ _ _ _ _ _ 
         _ _ _ _ _ _ _ 
            _ _ _ _   
            _ _ _ _   
         _ _ _ a _ _ _ 
        _ _ _ _ _ _ _ _ 
       a _ _ 1 _ _ _ _ _ 
      _ _ _ _ _ _ _ _ _ _ 
       _ _ _ _ 1 _ _ _ _   
      _ _ _ _ _ _ _ _ _ _ 
       _ _ _ _ _ _ _ _ _ 
        _ _ _ _ _ _ _ _ 
         _ _ _ _ _ _ _ 
            _ _ _ _   
count of prune: 0

            _ _ _ _   
         _ _ _ a _ _ _ 
        _ _ _ _ _ _ _ _ 
       a _ _ 1 _ _ _ _ _ 
      _ _ _ _ _ _ _ _ _ _ 
       _ _ _ _ 1 _ _ _ _   
      _ _ 1 _ _ _ _ _ _ _ 
       _ _ _ _ _ _ _ _ _ 
        _ _ _ _ _ _ _ _ 
         _ _ _ _ _ _ _ 
            _ _ _ _   
            _ _ a _   
         _ _ _ a _ _ _ 
        _ _ _ _ _ _ _ _ 
       a _ _ 1 _ _ _ _ _ 
      _ _ _ _ _ _ _ _ _ _ 
       _ _ _ _ 1 _ _ _ _   
      _ _ 1 _ _ _ _ _ _ _ 
       _ _ _ _ _ _ _ _ _ 
        _ _ _ _ _ _ _ _ 
         _ _ _ _ _ _ _ 
            _ _ _ _   
count of prune: 0

            _ _ a _   
         _ _ _ a _ _ _ 
        _ _ _ _ _ _ _ _ 
       a _ _ 1 _ _ _ _ _ 
      _ _ _ _ _ _ _ _ _ _ 
       _ _ 1 _ 1 _ _ _ _   
      _ _ 1 _ _ _ _ _ _ _ 
       _ _ _ _ _ _ _ _ _ 
        _ _ _ _ _ _ _ _ 
         _ _ _ _ _ _ _ 
            _ _ _ _   
            _ _ a _   
         _ _ _ a _ _ _ 
        _ _ _ _ _ _ _ _ 
       a _ _ 1 _ _ _ _ a 
      _ _ _ _ _ _ _ _ _ _ 
       _ _ 1 _ 1 _ _ _ _   
      _ _ 1 _ _ _ _ _ _ _ 
       _ _ _ _ _ _ _ _ _ 
        _ _ _ _ _ _ _ _ 
         _ _ _ _ _ _ _ 
            _ _ _ _   
count of prune: 0

            _ _ a _   
         _ _ _ a _ _ _ 
        _ _ _ _ _ _ _ _ 
       a _ _ 1 _ 1 _ _ a 
      _ _ _ _ _ _ _ _ _ _ 
       _ _ 1 _ 1 _ _ _ _   
      _ _ 1 _ _ _ _ _ _ _ 
       _ _ _ _ _ _ _ _ _ 
        _ _ _ _ _ _ _ _ 
         _ _ _ _ _ _ _ 
            _ _ _ _   
            _ _ a _   
         _ a _ a _ _ _ 
        _ _ _ _ _ _ _ _ 
       a _ _ 1 _ 1 _ _ a 
      _ _ _ _ _ _ _ _ _ _ 
       _ _ 1 _ 1 _ _ _ _   
      _ _ 1 _ _ _ _ _ _ _ 
       _ _ _ _ _ _ _ _ _ 
        _ _ _ _ _ _ _ _ 
         _ _ _ _ _ _ _ 
            _ _ _ _   
count of prune: 0

            _ _ a _   
         _ a _ a _ _ _ 
        _ _ _ _ _ _ _ _ 
       a _ _ 1 _ 1 _ _ a 
      _ _ _ _ _ _ _ _ _ _ 
       _ _ 1 _ 2 _ _ _ _   
      _ _ 1 _ 1 _ _ _ _ _ 
       _ _ _ _ _ _ _ _ _ 
        _ _ _ _ _ _ _ _ 
         _ _ _ _ _ _ _ 
            _ _ _ _   
            _ _ a _   
         _ a _ a _ _ _ 
        _ _ _ _ _ _ _ _ 
       b a _ 1 _ 1 _ _ a 
      _ _ _ _ _ _ _ _ _ _ 
       _ _ 1 _ 2 _ _ _ _   
      _ _ 1 _ 1 _ _ _ _ _ 
       _ _ _ _ _ _ _ _ _ 
        _ _ _ _ _ _ _ _ 
         _ _ _ _ _ _ _ 
            _ _ _ _   
count of prune: 970

            _ _ a _   
         1 a _ a _ _ _ 
        _ _ _ _ _ _ _ _ 
       b a _ 1 _ 1 _ _ a 
      _ _ _ _ _ _ _ _ _ _ 
       _ _ 1 _ 2 _ _ _ _   
      _ _ 1 _ 2 _ _ _ _ _ 
       _ _ _ _ _ _ _ _ _ 
        _ _ _ _ _ _ _ _ 
         _ _ _ _ _ _ _ 
            _ _ _ _   
            _ _ b _   
         1 a _ a _ _ _ 
        _ _ _ _ _ _ _ _ 
       b a _ 1 _ 1 _ _ a 
      _ _ _ _ _ _ _ _ _ _ 
       _ _ 1 _ 2 _ _ _ _   
      _ _ 1 _ 2 _ _ _ a _ 
       _ _ _ _ _ _ _ _ _ 
        _ _ _ _ _ _ _ _ 
         _ _ _ _ _ _ _ 
            _ _ _ _   
count of prune: 1335

            _ _ b _   
         2 a _ a _ _ _ 
        _ _ _ _ _ _ _ _ 
       2 a _ 1 _ 1 _ _ a 
      1 _ _ _ _ _ _ _ _ _ 
       _ _ 1 _ 2 _ _ _ _   
      _ _ 1 _ 2 _ _ _ a _ 
       _ _ _ _ _ _ _ _ _ 
        _ _ _ _ _ _ _ _ 
         _ _ _ _ _ _ _ 
            _ _ _ _   
            _ _ b _   
         2 a _ a _ _ _ 
        _ _ _ _ _ _ _ _ 
       2 b a 1 _ 1 _ _ a 
      1 _ _ _ _ _ _ _ _ _ 
       _ _ 1 _ 2 _ _ _ _   
      _ _ 1 _ 2 _ _ _ a _ 
       _ _ _ _ _ _ _ _ _ 
        _ _ _ _ _ _ _ _ 
         _ _ _ _ _ _ _ 
            _ _ _ _   
count of prune: 1892

            _ _ b _   
         2 a _ a _ _ _ 
        _ _ _ _ _ _ _ _ 
       2 b a 1 _ 1 _ _ a 
      2 1 _ _ _ _ _ _ _ _ 
       _ _ 1 _ 2 _ _ _ _   
      _ _ 1 _ 2 _ _ _ a _ 
       _ _ _ _ _ _ _ _ _ 
        _ _ _ _ _ _ _ _ 
         _ _ _ _ _ _ _ 
            _ _ _ _   
            _ _ b _   
         2 a _ a _ _ _ 
        _ _ _ _ _ _ _ _ 
       2 b b 1 _ 1 _ _ a 
      2 1 _ a _ _ _ _ _ _ 
       _ _ 1 _ 2 _ _ _ _   
      _ _ 1 _ 2 _ _ _ a _ 
       _ _ _ _ _ _ _ _ _ 
        _ _ _ _ _ _ _ _ 
         _ _ _ _ _ _ _ 
            _ _ _ _   
count of prune: 2463

            _ _ b _   
         2 a _ a _ _ _ 
        _ _ _ _ _ _ _ _ 
       2 b b 1 _ 1 _ _ a 
      2 2 _ a _ _ _ _ _ _ 
       _ 1 1 _ 2 _ _ _ _   
      _ _ 1 _ 2 _ _ _ a _ 
       _ _ _ _ _ _ _ _ _ 
        _ _ _ _ _ _ _ _ 
         _ _ _ _ _ _ _ 
            _ _ _ _   
            _ _ b _   
         2 a _ a _ _ _ 
        _ _ _ _ _ _ _ _ 
       2 b b 1 _ 1 _ _ a 
      2 2 _ b _ a _ _ _ _ 
       _ 1 1 _ 2 _ _ _ _   
      _ _ 1 _ 2 _ _ _ a _ 
       _ _ _ _ _ _ _ _ _ 
        _ _ _ _ _ _ _ _ 
         _ _ _ _ _ _ _ 
            _ _ _ _   
count of prune: 2852

            _ _ b _   
         2 a _ a _ _ _ 
        _ _ _ _ _ _ _ _ 
       2 b b 1 _ 1 _ _ a 
      2 2 _ b _ a _ _ _ _ 
       _ 1 1 _ 2 _ _ _ _   
      _ _ 2 _ b 1 _ _ a _ 
       _ _ _ _ _ _ _ _ _ 
        _ _ _ _ _ _ _ _ 
         _ _ _ _ _ _ _ 
            _ _ _ _   
            _ _ b _   
         2 a _ a _ _ _ 
        _ _ _ _ _ _ _ _ 
       2 b b 1 _ 1 _ _ b 
      2 2 _ b _ a _ _ _ _ 
       _ 1 1 _ 2 _ _ _ _   
      _ _ 2 _ b 1 _ _ a _ 
       _ _ _ _ _ _ _ _ _ 
        _ _ _ _ _ _ _ _ 
         _ _ _ _ _ _ _ 
            _ _ a _   
count of prune: 3493

            _ _ b _   
         2 a _ a _ _ _ 
        1 _ _ _ _ _ _ _ 
       2 2 b 1 _ 1 _ _ b 
      2 2 _ b _ a _ _ _ _ 
       _ 1 2 _ 2 _ _ _ _   
      _ _ 2 _ b 1 _ _ a _ 
       _ _ _ _ _ _ _ _ _ 
        _ _ _ _ _ _ _ _ 
         _ _ _ _ _ _ _ 
            _ _ a _   
***********************************

-> You are player 1
-> You are alloted a time of 120s

***********************************

Time remaining is: 120s
You played : P 0 0
P 0 0 True
Player 2 played : P 5 17
P 5 17 True
Time remaining is: 120s
You played : P 2 8
P 2 8 True
Player 2 played : P 4 18
P 4 18 True
Time remaining is: 120s
You played : P 3 8
P 3 8 True
Player 2 played : P 5 23
P 5 23 True
Time remaining is: 120s
You played : P 2 6
P 2 6 True
Player 2 played : P 5 28
P 5 28 True
Time remaining is: 120s
You played : P 2 10
P 2 10 True
Player 2 played : P 4 16
P 4 16 True
Time remaining is: 120s
You played : S 0 0 M 1 2
S 0 0 True
M 1 2 True
Player 2 played : S 5 17 M 4 14
S 5 17 True
M 4 14 True
Time remaining is: 120s
You played : S 1 2 M 5 19
S 1 2 True
M 5 19 True
Player 2 played : S 5 23 M 4 1
S 5 23 True
M 4 1 True
Time remaining is: 118s
You played : S 5 19 M 5 16
S 5 19 True
M 5 16 True
Player 2 played : S 4 14 M 3 11
S 4 14 True
M 3 11 True
Time remaining is: 117s
You played : S 5 16 M 4 13
S 5 16 True
M 4 13 True
Player 2 played : S 3 11 M 2 7
S 3 11 True
M 2 7 True
Time remaining is: 115s
You played : S 4 13 M 3 9
S 4 13 True
M 3 9 True
Player 2 played : S 2 7 M 1 5
S 2 7 True
M 1 5 True
Time remaining is: 113s
You played : S 3 8 M 1 1
S 3 8 True
M 1 1 True
Player 2 played : S 5 28 M 5 7
S 5 28 True
M 5 7 True
Time remaining is: 111s
You played : S 2 6 M 5 18
S 2 6 True
M 5 18 True
