***********************************

-> You are player 1
-> You are alloted a time of 120s

***********************************

Time remaining is: 120s
You played : P 0 0
P 0 0 True
Player 2 played : P 2 1
P 2 1 True
Time remaining is: 120s
You played : P 5 19
P 5 19 True
Player 2 played : P 2 3
P 2 3 True
Time remaining is: 120s
You played : P 4 23
P 4 23 True
Player 2 played : P 2 5
P 2 5 True
Time remaining is: 120s
You played : P 5 9
P 5 9 True
Player 2 played : P 2 7
P 2 7 True
Time remaining is: 120s
You played : P 4 16
P 4 16 True
Player 2 played : P 2 9
P 2 9 True
Time remaining is: 120s
You played : S 0 0 M 1 0
S 0 0 True
M 1 0 True
Player 2 played : S 2 1 M 3 2
S 2 1 True
M 3 2 True
Time remaining is: 120s
You played : S 5 19 M 4 15
S 5 19 True
M 4 15 True
Player 2 played : S 2 3 M 3 5
S 2 3 True
M 3 5 True
Time remaining is: 120s
You played : S 1 0 M 2 0
S 1 0 True
M 2 0 True
Player 2 played : S 2 5 M 1 1
S 2 5 True
M 1 1 True
Time remaining is: 120s
You played : S 4 15 M 3 12
S 4 15 True
M 3 12 True
Player 2 played : S 3 2 M 3 0
S 3 2 True
M 3 0 True
Time remaining is: 120s
You played : S 3 12 M 3 13
S 3 12 True
M 3 13 True
Player 2 played : S 1 1 M 1 2
S 1 1 True
M 1 2 True
Time remaining is: 120s
You played : S 4 16 M 4 17
S 4 16 True
M 4 17 True
Player 2 played : S 1 2 M 1 5
S 1 2 True
M 1 5 True
Time remaining is: 120s
You played : S 2 0 M 2 2
S 2 0 True
M 2 2 True
Player 2 played : S 2 9 M 1 4
S 2 9 True
M 1 4 True
Time remaining is: 120s
You played : S 2 2 M 2 4
S 2 2 True
M 2 4 True
Player 2 played : S 3 0 M 3 3
S 3 0 True
M 3 3 True
Time remaining is: 120s
You played : S 2 4 M 4 2
S 2 4 True
M 4 2 True
Player 2 played : S 1 4 M 2 8
S 1 4 True
M 2 8 True
Time remaining is: 120s
You played : S 4 23 M 3 1
S 4 23 True
M 3 1 True
Player 2 played : S 2 8 M 4 14 RS 2 8 RE 2 2 X 2 7
S 2 8 True
M 4 14 True
RS 2 8 True
RE 2 2 True
X 2 7 True
Time remaining is: 120s
You played : S 3 1 M 4 1
S 3 1 True
M 4 1 True
Player 2 played : S 4 14 M 5 21
S 4 14 True
M 5 21 True
Time remaining is: 120s
You played : S 4 2 M 5 2
S 4 2 True
M 5 2 True
Player 2 played : S 5 21 M 5 22
S 5 21 True
M 5 22 True
Time remaining is: 120s
You played : S 4 1 M 4 3
S 4 1 True
M 4 3 True
Player 2 played : S 3 3 M 1 1
S 3 3 True
M 1 1 True
Time remaining is: 120s
You played : S 5 2 M 5 1
S 5 2 True
M 5 1 True
Player 2 played : S 1 1 M 0 0
S 1 1 True
M 0 0 True
Time remaining is: 120s
You played : S 5 1 M 4 0
S 5 1 True
M 4 0 True
Player 2 played : S 5 22 M 5 3
S 5 22 True
M 5 3 True
Time remaining is: 120s
You played : S 4 0 M 5 29
S 4 0 True
M 5 29 True
Player 2 played : S 1 5 M 3 17
S 1 5 True
M 3 17 True
Time remaining is: 120s
You played : S 4 3 M 3 4
S 4 3 True
M 3 4 True
Player 2 played : S 3 17 M 2 2 RS 2 5 RE 3 1 X 3 5
S 3 17 True
M 2 2 True
RS 2 5 True
RE 3 1 True
X 3 5 True
Time remaining is: 120s
You played : S 5 29 M 2 11 RS 5 29 RE 4 3 X 3 4
S 5 29 True
M 2 11 True
RS 5 29 True
RE 4 3 True
X 3 4 True
Player 2 played : S 2 2 M 4 4
S 2 2 True
M 4 4 True
Time remaining is: 120s
You played : S 3 13 M 2 1
S 3 13 True
M 2 1 True
Player 2 played : S 0 0 M 1 1
S 0 0 True
M 1 1 True
Time remaining is: 120s
You played : S 4 17 M 4 18
S 4 17 True
M 4 18 True
Player 2 played : S 5 3 M 4 2
S 5 3 True
M 4 2 True
Time remaining is: 120s
You played : S 2 1 M 3 4
S 2 1 True
M 3 4 True
Player 2 played : S 4 2 M 3 7
S 4 2 True
M 3 7 True
Time remaining is: 120s
You played : S 3 4 M 4 22
S 3 4 True
M 4 22 True
Player 2 played : S 3 7 M 4 13
S 3 7 True
M 4 13 True
Time remaining is: 120s
You played : S 2 11 M 5 29
S 2 11 True
M 5 29 True
Player 2 played : S 4 13 M 3 9 RS 5 21 RE 4 13 X 4 4
S 4 13 True
M 3 9 True
RS 5 21 True
RE 4 13 True
X 4 4 True
OTHER PLAYER WINS!
Your Score : 1.016
Opponent's Score : 9.01
