***********************************

-> You are player 1
-> You are alloted a time of 120s

***********************************

Time remaining is: 120s
You played : P 0 0
P 0 0 True
Player 2 played : P 5 1
P 5 1 True
Time remaining is: 120s
You played : P 1 0
P 1 0 True
Player 2 played : P 2 0
P 2 0 True
Time remaining is: 120s
You played : P 1 3
P 1 3 True
Player 2 played : P 1 4
P 1 4 True
Time remaining is: 120s
You played : P 1 1
P 1 1 True
Player 2 played : P 1 2
P 1 2 True
Time remaining is: 120s
You played : P 1 5
P 1 5 True
Player 2 played : P 2 1
P 2 1 True
Time remaining is: 120s
You played : S 1 0 M 2 11
S 1 0 True
M 2 11 True
Player 2 played : S 1 2 M 2 5
S 1 2 True
M 2 5 True
Time remaining is: 120s
You played : S 0 0 M 2 4
S 0 0 True
M 2 4 True
Player 2 played : S 2 1 M 2 2
S 2 1 True
M 2 2 True
Time remaining is: 118s
You played : S 1 5 M 2 9
S 1 5 True
M 2 9 True
Player 2 played : S 2 2 M 2 3
S 2 2 True
M 2 3 True
Time remaining is: 112s
You played : S 2 9 M 3 14
S 2 9 True
M 3 14 True
Player 2 played : S 1 4 M 2 7
S 1 4 True
M 2 7 True
Time remaining is: 108s
You played : S 3 14 M 3 13
S 3 14 True
M 3 13 True
Player 2 played : S 2 5 M 2 6
S 2 5 True
M 2 6 True
Time remaining is: 102s
You played : S 1 3 M 3 7
S 1 3 True
M 3 7 True
Player 2 played : S 2 6 M 3 8
S 2 6 True
M 3 8 True
Time remaining is: 99s
You played : S 1 1 M 2 8 RS 3 14 RE 2 5 X 3 13
S 1 1 True
M 2 8 True
RS 3 14 True
RE 2 5 True
X 3 13 True
Player 2 played : S 3 8 M 2 5
S 3 8 True
M 2 5 True
Time remaining is: 92s
You played : S 2 8 M 1 4
S 2 8 True
M 1 4 True
Player 2 played : S 2 7 M 3 13
S 2 7 True
M 3 13 True
Time remaining is: 87s
ERROR : THIS CLIENT RAN OUT OF TIME!
