{"action": "NORMAL", "meta": "", "data": "P 0 0"} Received from client 0
{"action": "NORMAL", "meta": "", "data": "P 2 3"} Received from client 1
{"action": "NORMAL", "meta": "", "data": "P 1 0"} Received from client 0
{"action": "NORMAL", "meta": "", "data": "P 2 1"} Received from client 1
{"action": "NORMAL", "meta": "", "data": "P 1 1"} Received from client 0
{"action": "NORMAL", "meta": "", "data": "P 2 11"} Received from client 1
{"action": "NORMAL", "meta": "", "data": "P 1 2"} Received from client 0
{"action": "NORMAL", "meta": "", "data": "P 1 3"} Received from client 1
{"action": "NORMAL", "meta": "", "data": "P 1 4"} Received from client 0
{"action": "NORMAL", "meta": "", "data": "P 2 5"} Received from client 1
{"action": "NORMAL", "meta": "", "data": "S 0 0 M 1 5"} Received from client 0
{"action": "NORMAL", "meta": "", "data": "S 2 5 M 3 8"} Received from client 1
{"action": "NORMAL", "meta": "", "data": "S 1 1 M 2 2"} Received from client 0
{"action": "NORMAL", "meta": "", "data": "S 3 8 M 4 11"} Received from client 1
{"action": "NORMAL", "meta": "", "data": "S 1 5 M 2 9"} Received from client 0
{"action": "NORMAL", "meta": "", "data": "S 4 11 M 5 14"} Received from client 1
{"action": "NORMAL", "meta": "", "data": "S 2 9 M 2 8"} Received from client 0
{"action": "NORMAL", "meta": "", "data": "S 5 14 M 4 13"} Received from client 1
{"action": "NORMAL", "meta": "", "data": "S 2 8 M 2 10"} Received from client 0
{"action": "NORMAL", "meta": "", "data": "S 4 13 M 3 10"} Received from client 1
{"action": "NORMAL", "meta": "", "data": "S 1 2 M 2 4"} Received from client 0
{"action": "NORMAL", "meta": "", "data": "S 2 3 M 3 5"} Received from client 1
{"action": "NORMAL", "meta": "", "data": "S 2 4 M 2 6"} Received from client 0
{"action": "NORMAL", "meta": "", "data": "S 1 3 M 3 4"} Received from client 1
{"action": "NORMAL", "meta": "", "data": "S 2 2 M 3 3"} Received from client 0
{"action": "NORMAL", "meta": "", "data": "S 3 5 M 4 9"} Received from client 1
{"action": "NORMAL", "meta": "", "data": "S 1 4 M 3 7 RS 2 2 RE 2 8 X 2 10"} Received from client 0
{"action": "NORMAL", "meta": "", "data": "RS 5 14 RE 1 2 X 4 9 S 3 10 M 3 9"} Received from client 1
{"action": "NORMAL", "meta": "", "data": "S 3 3 M 0 0"} Received from client 0
{"action": "NORMAL", "meta": "", "data": "S 3 4 M 1 2"} Received from client 1
{"action": "NORMAL", "meta": "", "data": "S 2 6 M 2 7"} Received from client 0
{"action": "NORMAL", "meta": "", "data": "S 2 1 M 2 2"} Received from client 1
{"action": "NORMAL", "meta": "", "data": "S 3 7 M 1 4"} Received from client 0
{"action": "FINISH", "meta": "TIMEOUT BY PLAYER 2 : Player 2 SCORE : 1.008 : Player 1 SCORE : 9.005", "data": ""} Received from client 1
