***********************************

-> You are player 2
-> You are alloted a time of 120s

***********************************

Player 1 played : P 3 2
P 3 2 True
Time remaining is: 120s
You played : P 1 5
P 1 5 True
Player 1 played : P 2 1
P 2 1 True
Time remaining is: 120s
You played : P 2 6
P 2 6 True
Player 1 played : P 2 2
P 2 2 True
Time remaining is: 120s
You played : P 1 1
P 1 1 True
Player 1 played : P 1 0
P 1 0 True
Time remaining is: 120s
You played : P 3 7
P 3 7 True
Player 1 played : P 2 0
P 2 0 True
Time remaining is: 120s
You played : P 3 4
P 3 4 True
Player 1 played : S 1 0 M 1 3
S 1 0 True
M 1 3 True
Time remaining is: 120s
You played : S 1 5 M 0 0
S 1 5 True
M 0 0 True
Player 1 played : S 3 2 M 5 28
S 3 2 True
M 5 28 True
Time remaining is: 120s
You played : S 0 0 M 1 2
S 0 0 True
M 1 2 True
Player 1 played : S 2 1 M 2 9
S 2 1 True
M 2 9 True
Time remaining is: 120s
You played : S 1 1 M 3 1
S 1 1 True
M 3 1 True
Player 1 played : S 2 2 M 1 4
S 2 2 True
M 1 4 True
Time remaining is: 120s
You played : S 3 7 M 2 3
S 3 7 True
M 2 3 True
Player 1 played : S 2 0 M 4 18
S 2 0 True
M 4 18 True
Time remaining is: 116s
You played : S 1 2 M 2 10
S 1 2 True
M 2 10 True
Player 1 played : S 2 9 M 5 21
S 2 9 True
M 5 21 True
Time remaining is: 115s
You played : S 3 4 M 4 3
S 3 4 True
M 4 3 True
Player 1 played : S 1 4 M 2 11
S 1 4 True
M 2 11 True
Time remaining is: 114s
You played : S 3 1 M 3 3
S 3 1 True
M 3 3 True
Player 1 played : S 4 18 M 2 8
S 4 18 True
M 2 8 True
Time remaining is: 114s
You played : S 2 10 M 3 14
S 2 10 True
M 3 14 True
Player 1 played : S 2 11 M 4 23
S 2 11 True
M 4 23 True
Time remaining is: 113s
You played : S 4 3 M 5 4
S 4 3 True
M 5 4 True
Player 1 played : S 2 8 M 3 16
S 2 8 True
M 3 16 True
Time remaining is: 110s
You played : S 3 3 M 3 12
S 3 3 True
M 3 12 True
Player 1 played : S 5 21 M 5 14
S 5 21 True
M 5 14 True
Time remaining is: 107s
You played : S 2 6 M 2 4
S 2 6 True
M 2 4 True
Player 1 played : S 3 16 M 3 15
S 3 16 True
M 3 15 True
Time remaining is: 104s
You played : S 3 12 M 3 10
S 3 12 True
M 3 10 True
Player 1 played : S 1 3 M 2 7
S 1 3 True
M 2 7 True
Time remaining is: 102s
You played : S 2 4 M 2 5
S 2 4 True
M 2 5 True
Player 1 played : S 3 15 M 4 20
S 3 15 True
M 4 20 True
Time remaining is: 97s
You played : S 2 5 M 3 8 RS 2 5 RE 3 1 X 5 4
S 2 5 True
M 3 8 True
RS 2 5 True
RE 3 1 True
X 5 4 True
Player 1 played : S 4 23 M 4 5
S 4 23 True
M 4 5 True
Time remaining is: 92s
You played : S 3 14 M 3 1
S 3 14 True
M 3 1 True
Player 1 played : S 5 28 M 3 11
S 5 28 True
M 3 11 True
Time remaining is: 91s
You played : S 2 3 M 1 1
S 2 3 True
M 1 1 True
Player 1 played : S 4 20 M 4 21 RS 4 20 RE 0 0 X 3 11
S 4 20 True
M 4 21 True
RS 4 20 True
RE 0 0 True
X 3 11 True
Time remaining is: 90s
You played : S 3 10 M 3 11
S 3 10 True
M 3 11 True
Player 1 played : S 2 7 M 1 5
S 2 7 True
M 1 5 True
Time remaining is: 89s
You played : S 1 1 M 2 5 RS 3 16 RE 2 3 X 3 11
S 1 1 True
M 2 5 True
RS 3 16 True
RE 2 3 True
X 3 11 True
Player 1 played : S 1 5 M 4 13
S 1 5 True
M 4 13 True
Time remaining is: 87s
You played : S 2 5 M 2 1
S 2 5 True
M 2 1 True
Player 1 played : S 4 5 M 2 3
S 4 5 True
M 2 3 True
Time remaining is: 87s
You played : S 3 1 M 5 7
S 3 1 True
M 5 7 True
