***********************************

-> You are player 2
-> You are alloted a time of 120s

***********************************

Player 1 played : P 0 0
P 0 0 True
Time remaining is: 120s
You played : P 1 5
P 1 5 True
Player 1 played : P 1 0
P 1 0 True
Time remaining is: 120s
You played : P 1 2
P 1 2 True
Player 1 played : P 3 6
P 3 6 True
Time remaining is: 120s
You played : P 1 3
P 1 3 True
Player 1 played : P 2 7
P 2 7 True
Time remaining is: 120s
You played : P 2 10
P 2 10 True
Player 1 played : P 2 9
P 2 9 True
Time remaining is: 120s
You played : P 2 0
P 2 0 True
Player 1 played : S 3 6 M 5 3
S 3 6 True
M 5 3 True
Time remaining is: 120s
You played : S 1 2 M 2 4
S 1 2 True
M 2 4 True
Player 1 played : S 2 9 M 1 4
S 2 9 True
M 1 4 True
Time remaining is: 120s
You played : S 2 10 M 2 8
S 2 10 True
M 2 8 True
Player 1 played : S 1 4 M 3 14
S 1 4 True
M 3 14 True
Time remaining is: 119s
You played : S 1 5 M 3 13
S 1 5 True
M 3 13 True
Player 1 played : S 1 0 M 3 2
S 1 0 True
M 3 2 True
Time remaining is: 119s
You played : S 2 4 M 4 8
S 2 4 True
M 4 8 True
Player 1 played : S 5 3 M 4 9
S 5 3 True
M 4 9 True
Time remaining is: 118s
You played : S 2 0 M 2 1
S 2 0 True
M 2 1 True
Player 1 played : S 3 2 M 3 7
S 3 2 True
M 3 7 True
Time remaining is: 117s
You played : S 2 1 M 3 1
S 2 1 True
M 3 1 True
Player 1 played : S 3 7 M 3 8
S 3 7 True
M 3 8 True
Time remaining is: 117s
You played : S 3 1 M 3 3
S 3 1 True
M 3 3 True
Player 1 played : S 3 8 M 1 1
S 3 8 True
M 1 1 True
Time remaining is: 116s
You played : S 1 3 M 2 3
S 1 3 True
M 2 3 True
Player 1 played : S 0 0 M 3 15
S 0 0 True
M 3 15 True
Time remaining is: 116s
You played : S 3 13 M 4 3
S 3 13 True
M 4 3 True
Player 1 played : S 2 7 M 2 11
S 2 7 True
M 2 11 True
Time remaining is: 115s
You played : S 2 3 M 4 10
S 2 3 True
M 4 10 True
Player 1 played : S 1 1 M 2 5
S 1 1 True
M 2 5 True
Time remaining is: 115s
You played : S 4 3 M 4 17
S 4 3 True
M 4 17 True
Player 1 played : S 2 5 M 3 5
S 2 5 True
M 3 5 True
Time remaining is: 114s
You played : S 2 8 M 2 2
S 2 8 True
M 2 2 True
Player 1 played : S 2 11 M 4 2
S 2 11 True
M 4 2 True
Time remaining is: 112s
You played : S 3 3 M 3 0
S 3 3 True
M 3 0 True
Player 1 played : S 3 14 M 5 22
S 3 14 True
M 5 22 True
Time remaining is: 110s
You played : S 4 17 M 4 18
S 4 17 True
M 4 18 True
Player 1 played : S 5 22 M 5 21
S 5 22 True
M 5 21 True
Time remaining is: 104s
You played : S 2 2 M 3 17
S 2 2 True
M 3 17 True
Player 1 played : S 3 5 M 3 16 RS 3 8 RE 2 1 X 3 15
S 3 5 True
M 3 16 True
RS 3 8 True
RE 2 1 True
X 3 15 True
Time remaining is: 100s
You played : S 4 18 M 2 6 RS 4 17 RE 1 0 X 3 0
S 4 18 True
M 2 6 True
RS 4 17 True
RE 1 0 True
X 3 0 True
Player 1 played : S 4 9 M 3 4
S 4 9 True
M 3 4 True
Time remaining is: 97s
You played : S 4 8 M 4 5
S 4 8 True
M 4 5 True
Player 1 played : S 4 2 M 5 2
S 4 2 True
M 5 2 True
Time remaining is: 95s
You played : S 2 6 M 4 6
S 2 6 True
M 4 6 True
Player 1 played : S 5 2 M 5 1
S 5 2 True
M 5 1 True
Time remaining is: 93s
You played : S 4 6 M 2 5
S 4 6 True
M 2 5 True
Player 1 played : S 3 4 M 2 1 RS 2 4 RE 4 2 X 2 1
S 3 4 True
M 2 1 True
RS 2 4 True
RE 4 2 True
X 2 1 True
Time remaining is: 91s
You played : S 4 5 M 2 3 RS 3 6 RE 4 3 X 4 10
S 4 5 True
M 2 3 True
RS 3 6 True
RE 4 3 True
X 4 10 True
Player 1 played : S 3 16 M 1 0
S 3 16 True
M 1 0 True
Time remaining is: 88s
You played : S 2 5 M 2 9
S 2 5 True
M 2 9 True
Player 1 played : S 5 1 M 2 1
S 5 1 True
M 2 1 True
Time remaining is: 86s
You played : S 2 3 M 1 1
S 2 3 True
M 1 1 True
Player 1 played : S 1 0 M 3 0 RS 3 14 RE 3 1 X 5 21
S 1 0 True
M 3 0 True
RS 3 14 True
RE 3 1 True
X 5 21 True
OTHER PLAYER WINS!
Your Score : 2.011
Opponent's Score : 8.009
