init complete: 
boardsize: 5
            _ _ _ _   
         _ _ _ _ _ _ _ 
        _ _ _ _ _ _ _ _ 
       _ _ _ _ _ _ _ _ _ 
      _ _ _ _ _ _ _ _ _ _ 
       _ _ _ _ _ _ _ _ _   
      _ _ _ _ _ _ _ _ _ _ 
       _ _ _ _ _ _ _ _ _ 
        _ _ _ _ _ _ _ _ 
         _ _ _ _ _ _ _ 
            _ _ _ _   
            _ _ _ _   
         _ _ _ _ _ _ _ 
        _ _ _ _ _ _ _ _ 
       _ _ _ _ _ _ _ _ _ 
      _ _ _ _ _ _ _ _ _ _ 
       _ _ _ _ 1 _ _ _ _   
      _ _ _ _ _ _ _ _ _ _ 
       _ _ _ _ _ _ _ _ _ 
        _ _ _ _ _ _ _ _ 
         _ _ _ _ _ _ _ 
            _ _ _ _   
            _ _ _ _   
         _ _ _ _ _ _ _ 
        _ _ _ _ _ _ _ _ 
       _ _ _ _ _ _ _ _ _ 
      _ _ _ _ _ a _ _ _ _ 
       _ _ _ _ 1 _ _ _ _   
      _ _ _ _ _ _ _ _ _ _ 
       _ _ _ _ _ _ _ _ _ 
        _ _ _ _ _ _ _ _ 
         _ _ _ _ _ _ _ 
            _ _ _ _   
count of prune: 0

            _ _ _ _   
         _ _ _ _ _ _ _ 
        _ _ _ _ _ _ _ _ 
       _ _ _ _ _ _ _ _ _ 
      _ _ _ _ _ a _ _ _ _ 
       _ _ _ _ 1 1 _ _ _   
      _ _ _ _ _ _ _ _ _ _ 
       _ _ _ _ _ _ _ _ _ 
        _ _ _ _ _ _ _ _ 
         _ _ _ _ _ _ _ 
            _ _ _ _   
            _ _ _ _   
         _ _ _ _ _ _ _ 
        _ _ _ _ _ _ _ _ 
       _ _ _ _ _ _ _ _ _ 
      _ _ _ _ _ a _ _ _ _ 
       _ _ _ _ 1 1 _ _ _   
      _ _ _ _ a _ _ _ _ _ 
       _ _ _ _ _ _ _ _ _ 
        _ _ _ _ _ _ _ _ 
         _ _ _ _ _ _ _ 
            _ _ _ _   
count of prune: 0

            _ _ _ _   
         _ _ _ _ _ _ _ 
        _ _ _ _ _ _ _ _ 
       _ _ _ _ _ _ _ _ _ 
      _ _ _ _ _ a _ _ _ _ 
       _ _ _ _ 1 1 _ _ _   
      _ _ _ _ a _ _ _ _ _ 
       _ _ _ _ _ _ _ _ _ 
        _ _ 1 _ _ _ _ _ 
         _ _ _ _ _ _ _ 
            _ _ _ _   
            _ _ _ _   
         _ _ _ _ _ _ _ 
        _ _ _ _ _ _ _ _ 
       _ _ _ _ _ _ _ _ _ 
      _ _ _ _ _ a _ _ _ _ 
       _ _ _ a 1 1 _ _ _   
      _ _ _ _ a _ _ _ _ _ 
       _ _ _ _ _ _ _ _ _ 
        _ _ 1 _ _ _ _ _ 
         _ _ _ _ _ _ _ 
            _ _ _ _   
count of prune: 0

            _ _ _ _   
         _ _ _ _ _ _ _ 
        _ _ _ _ _ _ _ _ 
       _ _ _ _ _ _ _ _ _ 
      _ _ _ 1 _ a _ _ _ _ 
       _ _ _ a 1 1 _ _ _   
      _ _ _ _ a _ _ _ _ _ 
       _ _ _ _ _ _ _ _ _ 
        _ _ 1 _ _ _ _ _ 
         _ _ _ _ _ _ _ 
            _ _ _ _   
            _ _ _ _   
         _ _ _ _ _ _ _ 
        _ _ _ _ _ _ _ _ 
       _ _ _ _ _ a _ _ _ 
      _ _ _ 1 _ a _ _ _ _ 
       _ _ _ a 1 1 _ _ _   
      _ _ _ _ a _ _ _ _ _ 
       _ _ _ _ _ _ _ _ _ 
        _ _ 1 _ _ _ _ _ 
         _ _ _ _ _ _ _ 
            _ _ _ _   
count of prune: 0

            _ _ _ _   
         _ _ _ _ _ _ _ 
        _ _ _ _ _ _ _ _ 
       _ _ _ _ 1 a _ _ _ 
      _ _ _ 1 _ a _ _ _ _ 
       _ _ _ a 1 1 _ _ _   
      _ _ _ _ a _ _ _ _ _ 
       _ _ _ _ _ _ _ _ _ 
        _ _ 1 _ _ _ _ _ 
         _ _ _ _ _ _ _ 
            _ _ _ _   
            _ _ _ _   
         _ _ _ _ _ _ _ 
        _ _ _ _ _ _ _ _ 
       _ _ _ _ 1 a _ _ _ 
      _ _ _ 1 _ a _ _ _ _ 
       _ _ _ a 1 1 a _ _   
      _ _ _ _ a _ _ _ _ _ 
       _ _ _ _ _ _ _ _ _ 
        _ _ 1 _ _ _ _ _ 
         _ _ _ _ _ _ _ 
            _ _ _ _   
count of prune: 0

            _ _ _ _   
         _ _ _ _ _ _ _ 
        _ _ _ _ _ _ _ _ 
       _ _ _ _ 1 a _ _ _ 
      _ _ _ 1 _ a _ _ _ _ 
       _ _ _ a 1 1 a _ _   
      _ _ _ _ a _ _ _ _ _ 
       _ _ _ _ _ _ _ _ _ 
        _ _ 2 _ _ _ _ 1 
         _ _ _ _ _ _ _ 
            _ _ _ _   
            _ _ _ _   
         _ _ _ _ _ _ _ 
        _ _ _ _ _ _ _ _ 
       _ _ _ _ 1 a _ _ _ 
      _ _ _ 1 _ a _ _ _ _ 
       _ _ _ a 1 1 a _ _   
      _ _ _ _ b _ _ _ _ _ 
       _ _ _ a _ _ _ _ _ 
        _ _ 2 _ _ _ _ 1 
         _ _ _ _ _ _ _ 
            _ _ _ _   
count of prune: 554

            _ _ _ _   
         _ _ _ _ _ _ _ 
        _ _ _ _ _ _ _ _ 
       _ _ _ _ 2 a _ _ _ 
      _ _ _ 1 1 a _ _ _ _ 
       _ _ _ a 1 1 a _ _   
      _ _ _ _ b _ _ _ _ _ 
       _ _ _ a _ _ _ _ _ 
        _ _ 2 _ _ _ _ 1 
         _ _ _ _ _ _ _ 
            _ _ _ _   
            _ _ _ _   
         _ _ _ _ _ _ _ 
        _ _ _ _ _ _ _ _ 
       _ _ _ a b b _ _ _ 
      _ _ _ 1 1 a _ _ _ _ 
       _ _ _ a 1 1 a _ _   
      _ _ _ _ b _ _ _ _ _ 
       _ _ _ a _ _ _ _ _ 
        _ _ 2 _ _ _ _ 1 
         _ _ _ _ _ _ _ 
            _ _ _ _   
count of prune: 809

            _ _ _ _   
         _ _ _ _ _ _ _ 
        _ _ _ _ 1 _ _ _ 
       _ _ _ a 2 b _ _ _ 
      _ _ _ 1 2 a _ _ _ _ 
       _ _ _ a 1 1 a _ _   
      _ _ _ _ b _ _ _ _ _ 
       _ _ _ a _ _ _ _ _ 
        _ _ 2 _ _ _ _ 1 
         _ _ _ _ _ _ _ 
            _ _ _ _   
            _ _ _ _   
         _ _ _ _ _ _ _ 
        _ _ _ a 1 _ _ _ 
       _ _ _ a b b _ _ _ 
      _ _ _ 1 2 b _ _ _ _ 
       _ _ _ a 1 1 a _ _   
      _ _ _ _ b _ _ _ _ _ 
       _ _ _ a _ _ _ _ _ 
        _ _ 2 _ _ _ _ 1 
         _ _ _ _ _ _ _ 
            _ _ _ _   
count of prune: 1448

            _ _ _ _   
         _ _ _ _ _ _ _ 
        _ _ _ a 1 _ _ _ 
       _ _ _ a b b _ _ _ 
      _ _ _ 1 2 b _ _ _ _ 
       _ _ _ a 1 2 a _ _   
      _ _ _ _ b _ _ _ _ _ 
       _ _ _ a _ _ 1 _ _ 
        _ _ 2 _ _ _ _ 1 
         _ _ _ _ _ _ _ 
            _ _ _ _   
            _ _ _ _   
         _ _ _ _ _ _ _ 
        _ _ _ a 1 _ _ _ 
       _ _ _ a b b _ _ _ 
      _ _ _ 1 2 b _ _ _ _ 
       _ _ _ a 1 2 a _ _   
      _ _ _ _ b _ _ _ _ _ 
       _ _ _ b _ _ 1 _ _ 
        _ _ b _ _ _ _ 1 
         _ a _ _ _ _ _ 
            _ _ _ _   
count of prune: 1845

            _ _ _ _   
         _ _ _ _ _ _ _ 
        _ _ _ a 1 _ _ _ 
       _ _ _ a b b _ _ _ 
      _ _ _ 1 2 b _ _ _ _ 
       _ _ _ a 1 2 a _ _   
      _ _ _ _ b _ _ _ _ _ 
       _ _ _ b _ _ 1 _ _ 
        _ 1 2 _ _ _ _ 2 
         _ a _ _ _ _ _ 
            _ _ _ _   
            _ _ _ _   
         _ _ _ _ _ _ _ 
        _ _ _ a 1 _ _ _ 
       _ _ _ a b b _ _ _ 
      _ _ _ 1 2 b _ _ _ _ 
       _ _ _ a 1 2 b _ _   
      _ _ _ _ b _ a _ _ _ 
       _ _ _ b _ _ 1 _ _ 
        _ 1 2 _ _ _ _ 2 
         _ a _ _ _ _ _ 
            _ _ _ _   
count of prune: 2242

            _ _ _ _   
         _ _ _ _ _ _ _ 
        _ _ _ a 1 _ _ _ 
       _ _ _ a b b _ _ _ 
      _ _ _ 1 2 b _ _ _ _ 
       _ _ _ a 1 2 b _ _   
      _ _ _ _ b _ a _ _ _ 
       _ _ 1 2 _ _ 2 _ _ 
        _ 1 2 _ _ _ _ 2 
         _ a _ _ _ _ _ 
            _ _ _ _   
            _ _ _ _   
         _ _ _ _ _ _ _ 
        _ _ _ a 1 _ _ _ 
       _ _ _ a b b _ _ _ 
      _ _ _ 1 2 b _ _ _ _ 
       _ _ _ a 1 2 b _ _   
      _ _ _ _ b _ b a _ _ 
       _ _ 1 2 _ _ 2 _ _ 
        _ 1 2 _ _ _ _ 2 
         _ a _ _ _ _ _ 
            _ _ _ _   
count of prune: 2725

            _ _ _ _   
         _ _ _ _ _ _ _ 
        _ _ _ a 1 _ _ _ 
       _ _ _ a b b _ _ _ 
      _ _ _ 1 2 b _ _ _ _ 
       _ _ _ a 1 2 b _ _   
      _ _ 1 _ b _ b a _ _ 
       _ _ 2 2 _ _ 2 _ _ 
        _ 1 2 _ _ _ _ 2 
         _ a _ _ _ _ _ 
            _ _ _ _   
            _ _ _ _   
         _ _ _ _ _ _ _ 
        _ _ _ a 1 _ _ _ 
       _ _ _ a b b _ _ _ 
      _ _ _ 1 2 b _ _ _ _ 
       _ _ _ a 1 2 b _ _   
      _ _ 1 _ b _ b b _ _ 
       _ _ 2 2 _ _ b _ _ 
        _ 1 2 _ _ a _ 2 
         _ a _ _ _ _ _ 
            _ _ _ _   
count of prune: 3058

            _ _ _ _   
         _ _ _ _ _ _ _ 
        _ _ _ a 1 _ _ _ 
       _ _ _ a b b _ _ _ 
      _ _ _ 1 2 b _ _ _ _ 
       _ _ _ a 1 2 b _ _   
      _ _ 2 _ 2 1 b b _ _ 
       _ _ 2 2 _ _ b _ _ 
        _ 1 2 _ _ a _ 2 
         _ a _ _ _ _ _ 
            _ _ _ _   
            _ _ _ _   
         _ _ _ _ _ _ _ 
        _ _ _ a 1 _ _ _ 
       _ _ _ a b b _ _ _ 
      _ _ _ 1 2 b _ _ _ _ 
       _ _ _ b 1 2 b _ _   
      _ _ 2 _ b 1 b b _ _ 
       _ _ 2 2 a _ b _ _ 
        _ 1 2 _ _ a _ 2 
         _ a _ _ _ _ _ 
            _ _ _ _   
count of prune: 3315

            _ _ _ _   
         _ _ _ _ _ _ _ 
        _ _ _ a 1 1 _ _ 
       _ _ _ a b 2 _ _ _ 
      _ _ _ 1 2 2 _ _ _ _ 
       _ _ _ b 2 2 b _ _   
      _ _ 2 _ b 1 b b _ _ 
       _ _ 2 2 a _ b _ _ 
        _ 1 2 _ _ a _ 2 
         _ a _ _ _ _ _ 
            _ _ _ _   
            _ _ _ _   
         _ _ _ _ _ _ _ 
        _ _ _ b 1 1 _ _ 
       _ _ _ a 2 2 _ _ _ 
      _ _ _ 1 2 b _ _ _ _ 
       _ _ _ b 2 b b _ _   
      _ _ 2 _ b 1 2 b _ _ 
       _ _ 2 2 a _ 2 _ _ 
        _ 1 2 _ _ a a 2 
         _ a _ _ _ _ _ 
            _ _ _ _   
count of prune: 3887

            _ _ _ _   
         _ _ _ _ _ _ _ 
        _ _ _ b 1 1 _ _ 
       _ _ _ a 2 2 _ _ _ 
      _ _ _ 2 b 2 1 _ _ _ 
       _ _ _ b 2 b b _ _   
      _ _ 2 _ b 1 2 b _ _ 
       _ _ 2 2 a _ 2 _ _ 
        _ 1 2 _ _ a a 2 
         _ a _ _ _ _ _ 
            _ _ _ _   
            _ _ _ _   
         _ _ _ _ _ _ _ 
        _ _ _ b 1 1 _ _ 
       _ _ _ a 2 2 _ _ _ 
      _ _ _ 2 b 2 1 _ _ _ 
       _ _ _ b 2 b b _ _   
      _ _ 2 _ b 1 2 b _ _ 
       _ a b b b _ 2 _ _ 
        _ 1 2 _ _ a a 2 
         _ a _ _ _ _ _ 
            _ _ _ _   
count of prune: 4377

            _ _ _ _   
         _ _ _ _ _ _ _ 
        _ _ _ b 1 1 _ _ 
       _ _ _ a 2 2 _ _ _ 
      _ _ _ 2 b 2 1 _ _ _ 
       _ _ _ b 2 b b _ _   
      _ _ 2 1 2 2 2 b _ _ 
       _ a b b b _ 2 _ _ 
        _ 1 2 _ _ a a 2 
         _ a _ _ _ _ _ 
            _ _ _ _   
            _ _ _ _   
         _ _ a _ _ _ _ 
        _ _ _ 2 1 1 _ _ 
       _ _ _ a b 2 _ _ _ 
      _ _ _ 2 b b 1 _ _ _ 
       _ _ _ b 2 2 b _ _   
      _ _ 2 1 2 2 b b _ _ 
       _ a b b b _ b _ _ 
        _ 1 2 _ _ a b 2 
         _ a _ _ _ _ _ 
            _ _ _ _   
count of prune: 4646

            _ _ _ _   
         _ _ a _ _ _ _ 
        _ _ _ 2 1 1 _ _ 
       _ _ _ a b 2 _ _ _ 
      _ _ _ 2 b b 1 _ _ _ 
       _ _ _ b 2 2 b _ _   
      _ _ 2 2 2 2 b b _ _ 
       _ a b 2 b _ b _ _ 
        _ 1 2 1 _ a b 2 
         _ a _ _ _ _ _ 
            _ _ _ _   
            _ _ _ _   
         _ _ a _ _ _ _ 
        _ _ _ 2 1 1 _ _ 
       _ _ _ b b 2 _ _ _ 
      _ _ _ 2 2 b 1 _ _ _ 
       _ _ _ b b 2 b _ _   
      _ _ 2 2 2 b b b _ _ 
       _ a b 2 b a b _ _ 
        _ 1 2 1 _ a b 2 
         _ a _ _ _ _ _ 
            _ _ _ _   
count of prune: 4982

            _ _ _ _   
         _ _ a _ _ _ _ 
        _ _ _ 2 1 1 _ _ 
       _ _ _ b b 2 _ _ _ 
      _ _ _ 2 2 b 2 _ _ _ 
       _ _ _ b b 2 2 _ _   
      _ _ 2 2 2 b b 2 _ _ 
       _ a b 2 b a b 1 _ 
        _ 1 2 1 _ a b 2 
         _ a _ _ _ _ _ 
            _ _ _ _   
            _ _ _ _   
         _ _ a _ _ _ _ 
        _ _ _ 2 1 1 _ _ 
       _ _ _ b b 2 _ _ _ 
      _ _ _ 2 2 b 2 _ _ _ 
       _ _ _ b b 2 2 a _   
      _ _ 2 2 2 b b b _ _ 
       _ a b 2 b a 2 1 _ 
        _ 1 2 1 _ b b 2 
         _ a _ _ _ _ _ 
            _ _ _ _   
count of prune: 5221

            _ 1 _ _   
         _ _ a _ _ _ _ 
        _ _ _ 2 2 1 _ _ 
       _ _ _ b b 2 _ _ _ 
      _ _ _ 2 2 b 2 _ _ _ 
       _ _ _ b b 2 2 a _   
      _ _ 2 2 2 b b b _ _ 
       _ a b 2 b a 2 1 _ 
        _ 1 2 1 _ b b 2 
         _ a _ _ _ _ _ 
            _ _ _ _   
            _ 1 _ _   
         _ _ b a _ _ _ 
        _ _ _ 2 2 1 _ _ 
       _ _ _ b b 2 _ _ _ 
      _ _ _ 2 2 b 2 _ _ _ 
       _ _ _ b b 2 2 a _   
      _ _ 2 2 2 b b b _ _ 
       _ a b 2 b a 2 1 _ 
        _ 1 2 1 _ b b 2 
         _ a _ _ _ _ _ 
            _ _ _ _   
count of prune: 5513

            1 2 _ _   
         _ _ b a _ _ _ 
        _ _ _ 2 2 1 _ _ 
       _ _ _ b b 2 _ _ _ 
      _ _ _ 2 2 b 2 _ _ _ 
       _ _ _ b b 2 2 a _   
      _ _ 2 2 2 b b b _ _ 
       _ a b 2 b a 2 1 _ 
        _ 1 2 1 _ b b 2 
         _ a _ _ _ _ _ 
            _ _ _ _   
            1 2 _ _   
         _ _ b a _ _ _ 
        _ _ _ 2 2 1 _ _ 
       _ _ _ b b 2 _ _ _ 
      _ _ _ 2 2 b 2 a _ _ 
       _ _ _ b b 2 b a _   
      _ _ 2 2 2 b 2 b _ _ 
       _ a b 2 b b 2 1 _ 
        _ 1 2 1 _ b b 2 
         _ a _ _ _ _ _ 
            _ _ _ _   
count of prune: 5763

            1 2 _ _   
         _ _ b a _ _ _ 
        _ _ _ 2 2 _ _ _ 
       _ _ _ b b 2 1 _ _ 
      _ _ _ 2 2 b b a _ _ 
       _ _ _ b b b b a _   
      _ _ _ _ _ _ _ b _ _ 
       _ a b 2 2 b 2 1 _ 
        _ 1 2 2 _ b b 2 
         _ a _ _ _ _ _ 
            _ _ _ _   
            1 2 _ _   
         _ _ _ b _ _ _ 
        _ _ _ _ 2 _ _ _ 
       _ _ _ 2 _ 2 1 _ _ 
      _ _ _ b 2 _ b a _ _ 
       _ _ a b b _ b _ _   
      _ _ _ _ _ _ _ b _ _ 
       _ a b 2 2 b 2 1 _ 
        _ 1 2 2 _ b b 2 
         _ a _ _ _ _ _ 
            _ _ _ _   
count of prune: 6088

            1 2 _ _   
         _ _ _ b _ _ _ 
        _ _ _ _ 2 _ _ _ 
       _ _ _ 2 _ 2 1 _ _ 
      _ _ _ b 2 _ b a _ _ 
       _ _ a b b _ b _ _   
      _ _ _ _ _ _ _ b _ _ 
       _ a b 2 2 b 2 1 _ 
        _ 2 b b 1 b b 2 
         _ a _ _ _ _ _ 
            _ _ _ _   
            1 2 _ _   
         _ _ _ b _ _ _ 
        _ _ _ _ 2 _ _ _ 
       _ _ _ 2 _ 2 1 _ _ 
      _ _ _ b 2 _ b a _ _ 
       _ _ a b b _ b _ _   
      _ _ _ _ _ _ _ b _ _ 
       _ a b 2 2 b 2 1 _ 
        _ 2 b b 1 b b 2 
         _ b _ _ a _ _ 
            _ _ _ _   
count of prune: 6583

            1 2 _ _   
         _ _ _ b _ _ _ 
        _ _ _ _ 2 _ _ _ 
       _ _ _ 2 _ 2 1 _ _ 
      _ _ _ b 2 _ b a _ _ 
       _ _ a b b _ b _ _   
      _ _ _ _ _ _ _ b _ _ 
       _ a b 2 2 b 2 2 1 
        _ 2 b b 1 b b 2 
         _ b _ _ a _ _ 
            _ _ _ _   
            1 2 _ _   
         _ _ _ b _ _ _ 
        _ _ _ _ 2 _ _ _ 
       _ _ _ 2 _ 2 1 _ _ 
      _ _ _ b 2 _ b a _ _ 
       _ _ b b b _ b _ _   
      _ _ _ _ _ _ _ b _ _ 
       _ a b b 2 b 2 2 1 
        _ 2 b 2 1 b b 2 
         _ b _ a a _ _ 
            _ _ _ _   
count of prune: 6816

            1 2 _ _   
         _ _ _ b _ _ _ 
        _ _ _ _ 2 _ _ _ 
       _ _ _ 2 _ 2 1 _ _ 
      _ _ _ b 2 _ b a _ _ 
       _ _ b b b _ b _ _   
      _ _ _ _ _ _ _ b _ 1 
       _ a b b 2 b 2 2 2 
        _ 2 b 2 1 b b 2 
         _ b _ a a _ _ 
            _ _ _ _   
            1 2 _ _   
         _ _ _ b _ _ _ 
        _ _ _ _ 2 _ _ _ 
       _ _ _ 2 _ 2 1 _ _ 
      _ _ _ b 2 _ b a _ _ 
       _ _ b b b _ b _ _   
      _ _ _ a _ _ _ b _ 1 
       _ a b 2 2 b 2 2 2 
        _ 2 b b 1 b b 2 
         _ b _ b a _ _ 
            _ _ _ _   
count of prune: 7124

            1 2 _ _   
         _ _ _ b _ _ _ 
        _ _ _ _ 2 _ _ _ 
       _ _ _ 2 _ 2 1 _ _ 
      _ _ _ b 2 _ b a _ _ 
       _ _ b b b _ b _ _   
      _ _ _ a _ _ _ b _ 1 
       _ a b _ _ _ _ _ 2 
        _ 2 b b 2 b b 2 
         _ b _ b a _ _ 
            _ _ _ _   
            1 2 _ _   
         _ _ _ b _ _ _ 
        _ _ _ _ 2 _ _ _ 
       _ _ _ 2 _ 2 1 _ _ 
      _ _ _ b 2 _ b a _ _ 
       _ _ b b b _ b _ _   
      _ _ _ a _ _ _ b _ 1 
       _ _ b _ a _ _ _ 2 
        _ 2 _ _ _ _ _ 2 
         _ b _ b b _ _ 
            _ _ _ _   
count of prune: 8013

            1 2 _ _   
         _ _ _ b _ _ _ 
        _ _ _ _ 2 _ _ _ 
       _ _ _ 2 _ 2 2 _ _ 
      _ _ _ b 2 _ 2 a _ _ 
       _ _ b b b 1 b _ _   
      _ _ _ a _ _ _ b _ 1 
       _ _ b _ a _ _ _ 2 
        _ 2 _ _ _ _ _ 2 
         _ b _ b b _ _ 
            _ _ _ _   
            1 2 _ _   
         _ _ _ b _ _ _ 
        _ _ _ _ 2 _ _ _ 
       _ _ _ 2 a 2 2 _ _ 
      _ _ _ b b _ 2 a _ _ 
       _ _ b 2 b 1 b _ _   
      _ _ _ b _ _ _ b _ 1 
       _ _ b _ a _ _ _ 2 
        _ 2 _ _ _ _ _ 2 
         _ b _ b b _ _ 
            _ _ _ _   
count of prune: 8185

            1 2 _ _   
         _ _ _ b _ _ _ 
        _ _ _ _ 2 _ _ _ 
       _ _ _ 2 a 2 2 _ _ 
      _ _ _ b b _ 2 a _ _ 
       _ _ b 2 b 1 b _ _   
      _ _ _ b _ _ 1 2 _ 2 
       _ _ b _ a _ _ _ 2 
        _ 2 _ _ _ _ _ 2 
         _ b _ b b _ _ 
            _ _ _ _   
            1 2 _ _   
         _ _ _ b _ _ _ 
        _ _ _ _ 2 _ _ _ 
       _ _ _ 2 a 2 2 _ _ 
      _ _ _ b b _ 2 a _ _ 
       _ _ b 2 b 1 b _ _   
      _ _ _ b _ a 1 2 _ 2 
       _ _ b _ b _ _ _ 2 
        _ 2 _ _ _ _ _ 2 
         _ b _ b b _ _ 
            _ _ _ _   
count of prune: 8252

            _ 2 _ _   
         _ _ _ b _ _ _ 
        _ _ _ _ _ _ _ _ 
       _ _ _ 2 a _ 2 _ _ 
      _ _ _ b b _ _ a _ _ 
       _ _ b 2 b 2 _ 1 _   
      _ _ _ b _ a 1 _ _ 2 
       _ _ b _ b _ _ _ 2 
        _ 2 _ _ _ _ _ 2 
         _ b _ b b _ _ 
            _ _ _ _   
***********************************

-> You are player 1
-> You are alloted a time of 120s

***********************************

Time remaining is: 120s
You played : P 0 0
P 0 0 True
Player 2 played : P 1 5
P 1 5 True
Time remaining is: 120s
You played : P 1 0
P 1 0 True
Player 2 played : P 1 2
P 1 2 True
Time remaining is: 120s
You played : P 3 6
P 3 6 True
Player 2 played : P 1 3
P 1 3 True
Time remaining is: 120s
You played : P 2 7
P 2 7 True
Player 2 played : P 2 10
P 2 10 True
Time remaining is: 120s
You played : P 2 9
P 2 9 True
Player 2 played : P 2 0
P 2 0 True
Time remaining is: 120s
You played : S 3 6 M 5 3
S 3 6 True
M 5 3 True
Player 2 played : S 1 2 M 2 4
S 1 2 True
M 2 4 True
Time remaining is: 120s
You played : S 2 9 M 1 4
S 2 9 True
M 1 4 True
Player 2 played : S 2 10 M 2 8
S 2 10 True
M 2 8 True
Time remaining is: 119s
You played : S 1 4 M 3 14
S 1 4 True
M 3 14 True
Player 2 played : S 1 5 M 3 13
S 1 5 True
M 3 13 True
Time remaining is: 118s
You played : S 1 0 M 3 2
S 1 0 True
M 3 2 True
Player 2 played : S 2 4 M 4 8
S 2 4 True
M 4 8 True
Time remaining is: 116s
You played : S 5 3 M 4 9
S 5 3 True
M 4 9 True
Player 2 played : S 2 0 M 2 1
S 2 0 True
M 2 1 True
Time remaining is: 114s
You played : S 3 2 M 3 7
S 3 2 True
M 3 7 True
Player 2 played : S 2 1 M 3 1
S 2 1 True
M 3 1 True
Time remaining is: 113s
You played : S 3 7 M 3 8
S 3 7 True
M 3 8 True
Player 2 played : S 3 1 M 3 3
S 3 1 True
M 3 3 True
Time remaining is: 112s
You played : S 3 8 M 1 1
S 3 8 True
M 1 1 True
Player 2 played : S 1 3 M 2 3
S 1 3 True
M 2 3 True
Time remaining is: 111s
You played : S 0 0 M 3 15
S 0 0 True
M 3 15 True
Player 2 played : S 3 13 M 4 3
S 3 13 True
M 4 3 True
Time remaining is: 110s
You played : S 2 7 M 2 11
S 2 7 True
M 2 11 True
Player 2 played : S 2 3 M 4 10
S 2 3 True
M 4 10 True
Time remaining is: 108s
You played : S 1 1 M 2 5
S 1 1 True
M 2 5 True
Player 2 played : S 4 3 M 4 17
S 4 3 True
M 4 17 True
Time remaining is: 105s
You played : S 2 5 M 3 5
S 2 5 True
M 3 5 True
Player 2 played : S 2 8 M 2 2
S 2 8 True
M 2 2 True
Time remaining is: 104s
You played : S 2 11 M 4 2
S 2 11 True
M 4 2 True
Player 2 played : S 3 3 M 3 0
S 3 3 True
M 3 0 True
Time remaining is: 102s
You played : S 3 14 M 5 22
S 3 14 True
M 5 22 True
Player 2 played : S 4 17 M 4 18
S 4 17 True
M 4 18 True
Time remaining is: 101s
You played : S 5 22 M 5 21
S 5 22 True
M 5 21 True
Player 2 played : S 2 2 M 3 17
S 2 2 True
M 3 17 True
Time remaining is: 100s
You played : S 3 5 M 3 16 RS 3 8 RE 2 1 X 3 15
S 3 5 True
M 3 16 True
RS 3 8 True
RE 2 1 True
X 3 15 True
Player 2 played : S 4 18 M 2 6 RS 4 17 RE 1 0 X 3 0
S 4 18 True
M 2 6 True
RS 4 17 True
RE 1 0 True
X 3 0 True
Time remaining is: 99s
You played : S 4 9 M 3 4
S 4 9 True
M 3 4 True
Player 2 played : S 4 8 M 4 5
S 4 8 True
M 4 5 True
Time remaining is: 98s
You played : S 4 2 M 5 2
S 4 2 True
M 5 2 True
Player 2 played : S 2 6 M 4 6
S 2 6 True
M 4 6 True
Time remaining is: 97s
You played : S 5 2 M 5 1
S 5 2 True
M 5 1 True
Player 2 played : S 4 6 M 2 5
S 4 6 True
M 2 5 True
Time remaining is: 96s
You played : S 3 4 M 2 1 RS 2 4 RE 4 2 X 2 1
S 3 4 True
M 2 1 True
RS 2 4 True
RE 4 2 True
X 2 1 True
Player 2 played : S 4 5 M 2 3 RS 3 6 RE 4 3 X 4 10
S 4 5 True
M 2 3 True
RS 3 6 True
RE 4 3 True
X 4 10 True
Time remaining is: 95s
You played : S 3 16 M 1 0
S 3 16 True
M 1 0 True
Player 2 played : S 2 5 M 2 9
S 2 5 True
M 2 9 True
Time remaining is: 93s
You played : S 5 1 M 2 1
S 5 1 True
M 2 1 True
Player 2 played : S 2 3 M 1 1
S 2 3 True
M 1 1 True
Time remaining is: 93s
You played : S 1 0 M 3 0 RS 3 14 RE 3 1 X 5 21
S 1 0 True
M 3 0 True
RS 3 14 True
RE 3 1 True
X 5 21 True
YOU WIN!
Your Score : 8.009
Opponent's Score : 2.011
