***********************************

-> You are player 2
-> You are alloted a time of 120s

***********************************

Player 1 played : P 4 22
P 4 22 True
Time remaining is: 120s
You played : P 1 0
P 1 0 True
Player 1 played : P 1 5
P 1 5 True
Time remaining is: 120s
You played : P 1 1
P 1 1 True
Player 1 played : P 2 5
P 2 5 True
Time remaining is: 119s
You played : P 1 2
P 1 2 True
Player 1 played : P 4 12
P 4 12 True
Time remaining is: 118s
You played : P 2 9
P 2 9 True
Player 1 played : P 2 8
P 2 8 True
Time remaining is: 117s
You played : P 1 3
P 1 3 True
Player 1 played : S 4 12 M 2 6
S 4 12 True
M 2 6 True
Time remaining is: 116s
You played : S 1 1 M 2 2
S 1 1 True
M 2 2 True
Player 1 played : S 2 8 M 2 7
S 2 8 True
M 2 7 True
Time remaining is: 116s
You played : S 2 2 M 3 2
S 2 2 True
M 3 2 True
Player 1 played : S 2 7 M 1 4
S 2 7 True
M 1 4 True
Time remaining is: 116s
You played : S 1 0 M 0 0
S 1 0 True
M 0 0 True
Player 1 played : S 4 22 M 3 4
S 4 22 True
M 3 4 True
Time remaining is: 116s
You played : S 3 2 M 2 3
S 3 2 True
M 2 3 True
Player 1 played : S 2 6 M 3 8
S 2 6 True
M 3 8 True
Time remaining is: 115s
You played : S 1 3 M 3 9
S 1 3 True
M 3 9 True
Player 1 played : S 2 5 M 3 10
S 2 5 True
M 3 10 True
Time remaining is: 115s
You played : S 1 2 M 3 11
S 1 2 True
M 3 11 True
Player 1 played : S 3 8 M 3 7
S 3 8 True
M 3 7 True
Time remaining is: 115s
You played : S 2 3 M 2 4
S 2 3 True
M 2 4 True
Player 1 played : S 1 4 M 3 12
S 1 4 True
M 3 12 True
Time remaining is: 115s
You played : S 2 9 M 3 13
S 2 9 True
M 3 13 True
Player 1 played : S 1 5 M 2 10
S 1 5 True
M 2 10 True
Time remaining is: 115s
You played : S 3 13 M 3 14
S 3 13 True
M 3 14 True
Player 1 played : S 3 4 M 2 1
S 3 4 True
M 2 1 True
Time remaining is: 115s
You played : S 0 0 M 3 3
S 0 0 True
M 3 3 True
Player 1 played : S 2 10 M 2 0
S 2 10 True
M 2 0 True
Time remaining is: 115s
You played : S 3 14 M 2 11
S 3 14 True
M 2 11 True
Player 1 played : S 3 12 M 4 15
S 3 12 True
M 4 15 True
Time remaining is: 115s
You played : S 3 3 M 3 5
S 3 3 True
M 3 5 True
Player 1 played : S 2 1 M 4 6
S 2 1 True
M 4 6 True
Time remaining is: 114s
You played : S 2 4 M 4 2
S 2 4 True
M 4 2 True
Player 1 played : S 3 7 M 3 6
S 3 7 True
M 3 6 True
Time remaining is: 114s
You played : S 4 2 M 4 10
S 4 2 True
M 4 10 True
Player 1 played : S 3 6 M 3 15 RS 3 8 RE 2 1 X 3 15
S 3 6 True
M 3 15 True
RS 3 8 True
RE 2 1 True
X 3 15 True
Time remaining is: 114s
You played : S 4 10 M 5 16
S 4 10 True
M 5 16 True
Player 1 played : S 4 6 M 5 4
S 4 6 True
M 5 4 True
Time remaining is: 114s
You played : S 3 5 M 5 7
S 3 5 True
M 5 7 True
Player 1 played : S 5 4 M 4 7
S 5 4 True
M 4 7 True
Time remaining is: 114s
You played : S 3 11 M 1 2
S 3 11 True
M 1 2 True
Player 1 played : S 2 0 M 2 1
S 2 0 True
M 2 1 True
Time remaining is: 114s
You played : S 2 11 M 3 1
S 2 11 True
M 3 1 True
Player 1 played : S 2 1 M 4 17 RS 3 13 RE 2 1 X 4 7
S 2 1 True
M 4 17 True
RS 3 13 True
RE 2 1 True
X 4 7 True
Time remaining is: 114s
You played : S 1 2 M 4 5
S 1 2 True
M 4 5 True
Player 1 played : S 4 17 M 1 5
S 4 17 True
M 1 5 True
Time remaining is: 114s
You played : S 4 5 M 4 7
S 4 5 True
M 4 7 True
Player 1 played : S 3 10 M 5 22
S 3 10 True
M 5 22 True
Time remaining is: 113s
You played : S 4 7 M 1 1 RS 1 3 RE 4 5 X 3 1
S 4 7 True
M 1 1 True
RS 1 3 True
RE 4 5 True
X 3 1 True
Player 1 played : S 1 5 M 3 17 RS 3 10 RE 2 11 X 3 17
S 1 5 True
M 3 17 True
RS 3 10 True
RE 2 11 True
X 3 17 True
OTHER PLAYER WINS!
Your Score : 1.014
Opponent's Score : 9.009
