The5
WHY 

centre is -1
layer num 1		1  1  1  1  -1  0  
layer num 2		-1  -1  -1  -1  -1  0  -1  -1  0  1  -1  -1  
layer num 3		-1  -1  -1  -1  -1  -1  -1  -1  -1  -1  -1  -1  -1  -1  -1  -1  -1  -1  
layer num 4		-1  -1  -1  -1  -1  -1  -1  -1  -1  -1  -1  -1  0  -1  -1  -1  -1  -1  -1  -1  -1  -1  0  -1  
layer num 5		-1  -1  -1  -1  -1  -1  -1  -1  -1  -1  -1  -1  -1  -1  -1  -1  -1  -1  -1  -1  -1  -1  -1  -1  -1  -1  -1  -1  -1  -1  
my rings: 0
other rings: 0
Came here
5
2
WHY 

centre is -1
layer num 1		1  3  1  1  -1  0  
layer num 2		-1  -1  1  -1  -1  0  0  -1  0  1  -1  -1  
layer num 3		-1  -1  -1  -1  -1  -1  -1  -1  -1  -1  -1  -1  -1  -1  -1  -1  -1  -1  
layer num 4		-1  -1  -1  -1  -1  -1  -1  -1  -1  -1  -1  -1  2  -1  -1  -1  -1  -1  -1  -1  -1  -1  0  -1  
layer num 5		-1  -1  -1  -1  -1  -1  -1  -1  -1  -1  -1  -1  -1  -1  -1  -1  -1  -1  -1  -1  -1  -1  -1  -1  -1  -1  -1  -1  -1  -1  
my rings: 1
other rings: 1
Came here
6
5
WHY 

centre is -1
layer num 1		1  3  1  1  -1  0  
layer num 2		-1  -1  3  -1  -1  0  0  0  2  1  -1  -1  
layer num 3		-1  -1  1  -1  -1  -1  -1  -1  -1  -1  -1  -1  -1  -1  -1  -1  -1  -1  
layer num 4		-1  -1  -1  -1  -1  -1  -1  -1  -1  -1  -1  -1  2  -1  -1  -1  -1  -1  -1  -1  -1  -1  0  -1  
layer num 5		-1  -1  -1  -1  -1  -1  -1  -1  -1  -1  -1  -1  -1  -1  -1  -1  -1  -1  -1  -1  -1  -1  -1  -1  -1  -1  -1  -1  -1  -1  
my rings: 2
other rings: 2
Came here
6
8
WHY 

centre is 1
layer num 1		3  3  1  1  0  0  
layer num 2		-1  -1  3  -1  -1  0  0  2  2  1  -1  -1  
layer num 3		-1  -1  1  -1  -1  -1  -1  -1  -1  -1  -1  -1  -1  -1  -1  -1  -1  -1  
layer num 4		-1  -1  -1  -1  -1  -1  -1  -1  -1  -1  -1  -1  2  -1  -1  -1  -1  -1  -1  -1  -1  -1  0  -1  
layer num 5		-1  -1  -1  -1  -1  -1  -1  -1  -1  -1  -1  -1  -1  -1  -1  -1  -1  -1  -1  -1  -1  -1  -1  -1  -1  -1  -1  -1  -1  -1  
my rings: 3
other rings: 3
Came here
6
11
WHY 

centre is 1
layer num 1		3  3  1  1  0  0  
layer num 2		-1  -1  3  1  -1  0  0  2  2  1  -1  -1  
layer num 3		-1  -1  3  -1  0  -1  -1  -1  -1  -1  -1  -1  -1  -1  -1  -1  -1  -1  
layer num 4		-1  -1  -1  -1  -1  -1  -1  -1  -1  -1  -1  -1  2  -1  -1  -1  -1  -1  -1  -1  -1  -1  2  -1  
layer num 5		-1  -1  -1  -1  -1  -1  -1  -1  -1  -1  -1  -1  -1  -1  -1  -1  -1  -1  -1  -1  -1  -1  -1  -1  -1  -1  -1  -1  -1  -1  
my rings: 4
other rings: 4
Came here
6
14
WHY 

centre is 1
layer num 1		3  3  1  3  0  0  
layer num 2		-1  -1  3  1  -1  0  3  2  2  1  -1  -1  
layer num 3		-1  -1  3  -1  0  -1  -1  -1  0  1  -1  -1  -1  -1  -1  -1  -1  -1  
layer num 4		-1  -1  -1  -1  -1  -1  -1  -1  -1  -1  -1  -1  2  -1  -1  -1  -1  -1  -1  -1  -1  -1  2  -1  
layer num 5		-1  -1  -1  -1  -1  -1  -1  -1  -1  -1  -1  -1  -1  -1  -1  -1  -1  -1  -1  -1  -1  -1  -1  -1  -1  -1  -1  -1  -1  -1  
my rings: 4
other rings: 6
Came here
6
17
WHY 

centre is 1
layer num 1		3  3  3  2  0  0  
layer num 2		-1  -1  3  1  -1  2  2  3  2  1  -1  -1  
layer num 3		-1  -1  3  -1  0  -1  -1  -1  0  1  0  1  -1  -1  -1  -1  -1  -1  
layer num 4		-1  -1  -1  -1  -1  -1  -1  -1  -1  -1  -1  -1  2  -1  -1  -1  -1  -1  -1  -1  -1  -1  2  -1  
layer num 5		-1  -1  -1  -1  -1  -1  -1  -1  -1  -1  -1  -1  -1  -1  -1  -1  -1  -1  -1  -1  -1  -1  -1  -1  -1  -1  -1  -1  -1  -1  
my rings: 6
other rings: 6
Came here
6
20
WHY 

centre is 1
layer num 1		3  3  3  2  0  0  
layer num 2		-1  -1  3  3  1  2  2  3  2  1  -1  -1  
layer num 3		-1  -1  3  -1  0  -1  -1  0  2  1  0  1  -1  -1  -1  -1  -1  -1  
layer num 4		-1  -1  -1  -1  -1  -1  -1  -1  -1  -1  -1  -1  2  -1  -1  -1  -1  -1  -1  -1  -1  -1  2  -1  
layer num 5		-1  -1  -1  -1  -1  -1  -1  -1  -1  -1  -1  -1  -1  -1  -1  -1  -1  -1  -1  -1  -1  -1  -1  -1  -1  -1  -1  -1  -1  -1  
my rings: 7
other rings: 7
Came here
6
23
WHY 

centre is 1
layer num 1		3  3  3  2  2  0  
layer num 2		-1  -1  3  3  1  2  2  3  3  3  -1  -1  
layer num 3		-1  -1  3  -1  0  -1  -1  0  2  1  0  1  0  1  -1  -1  -1  -1  
layer num 4		-1  -1  -1  -1  -1  -1  -1  -1  -1  -1  -1  -1  2  -1  -1  -1  -1  -1  -1  -1  -1  -1  2  -1  
layer num 5		-1  -1  -1  -1  -1  -1  -1  -1  -1  -1  -1  -1  -1  -1  -1  -1  -1  -1  -1  -1  -1  -1  -1  -1  -1  -1  -1  -1  -1  -1  
my rings: 7
other rings: 9
Came here
6
26
WHY 

centre is 1
layer num 1		3  3  3  2  2  2  
layer num 2		-1  -1  3  3  1  2  2  3  3  3  0  -1  
layer num 3		-1  -1  3  -1  0  -1  -1  0  2  1  0  1  0  3  1  -1  -1  -1  
layer num 4		-1  -1  -1  -1  -1  -1  -1  -1  -1  -1  -1  -1  2  -1  -1  -1  -1  -1  -1  -1  -1  -1  2  -1  
layer num 5		-1  -1  -1  -1  -1  -1  -1  -1  -1  -1  -1  -1  -1  -1  -1  -1  -1  -1  -1  -1  -1  -1  -1  -1  -1  -1  -1  -1  -1  -1  
my rings: 8
other rings: 10
Came here
6
29
WHY 

centre is 3
layer num 1		3  2  3  2  2  2  
layer num 2		-1  0  3  3  1  2  2  3  3  3  0  -1  
layer num 3		-1  -1  3  1  2  -1  -1  0  2  1  0  1  0  3  1  -1  -1  -1  
layer num 4		-1  -1  -1  -1  -1  -1  -1  -1  -1  -1  -1  -1  2  -1  -1  -1  -1  -1  -1  -1  -1  -1  2  -1  
layer num 5		-1  -1  -1  -1  -1  -1  -1  -1  -1  -1  -1  -1  -1  -1  -1  -1  -1  -1  -1  -1  -1  -1  -1  -1  -1  -1  -1  -1  -1  -1  
my rings: 10
other rings: 10
Came here
6
32
WHY 

centre is 3
layer num 1		3  2  3  2  2  2  
layer num 2		0  0  3  3  1  2  2  3  3  3  3  1  
layer num 3		-1  -1  3  1  2  -1  -1  0  2  1  0  1  0  3  3  -1  -1  -1  
layer num 4		-1  -1  -1  -1  -1  -1  -1  -1  -1  -1  -1  -1  2  -1  -1  -1  -1  -1  -1  -1  -1  -1  2  -1  
layer num 5		-1  -1  -1  -1  -1  -1  -1  -1  -1  -1  -1  -1  -1  -1  -1  -1  -1  -1  -1  -1  -1  -1  -1  -1  -1  -1  -1  -1  -1  -1  
my rings: 10
other rings: 12
Came here
6
35
WHY 

centre is 3
layer num 1		3  2  3  2  2  2  
layer num 2		0  0  3  3  1  2  2  3  3  3  3  1  
layer num 3		-1  -1  3  3  3  1  -1  0  2  1  0  1  2  3  3  -1  -1  -1  
layer num 4		-1  -1  -1  -1  -1  -1  -1  -1  -1  -1  -1  -1  2  -1  -1  0  -1  -1  -1  -1  -1  -1  2  -1  
layer num 5		-1  -1  -1  -1  -1  -1  -1  -1  -1  -1  -1  -1  -1  -1  -1  -1  -1  -1  -1  -1  -1  -1  -1  -1  -1  -1  -1  -1  -1  -1  
my rings: 10
other rings: 14
Came here
6
38
WHY 

centre is 3
layer num 1		3  2  3  2  2  2  
layer num 2		0  2  3  2  3  2  2  3  3  3  3  1  
layer num 3		-1  -1  2  3  2  1  -1  0  2  1  0  1  2  3  3  -1  -1  -1  
layer num 4		-1  -1  1  -1  -1  -1  0  -1  -1  -1  -1  -1  2  -1  -1  0  -1  -1  -1  -1  -1  -1  2  -1  
layer num 5		-1  -1  -1  -1  -1  -1  -1  -1  -1  -1  -1  -1  -1  -1  -1  -1  -1  -1  -1  -1  -1  -1  -1  -1  -1  -1  -1  -1  -1  -1  
my rings: 14
other rings: 12
Came here
6
41
WHY 

centre is 3
layer num 1		3  2  3  2  2  2  
layer num 2		0  2  2  3  2  2  2  3  3  3  3  1  
layer num 3		-1  -1  3  3  2  1  0  3  2  1  0  1  2  3  3  -1  -1  -1  
layer num 4		-1  -1  3  -1  -1  -1  0  -1  -1  -1  1  -1  2  -1  -1  0  -1  -1  -1  -1  -1  -1  2  -1  
layer num 5		-1  -1  -1  -1  -1  -1  -1  -1  -1  -1  -1  -1  -1  -1  -1  -1  -1  -1  -1  -1  -1  -1  -1  -1  -1  -1  -1  -1  -1  -1  
my rings: 14
other rings: 14
Came here
6
44
WHY 

centre is 2
layer num 1		3  -1  -1  2  2  3  
layer num 2		0  -1  2  3  3  -1  2  3  3  3  2  1  
layer num 3		-1  -1  3  3  2  1  2  3  -1  1  0  1  2  3  3  -1  -1  -1  
layer num 4		-1  -1  3  -1  -1  -1  0  -1  -1  -1  3  -1  3  -1  -1  0  -1  -1  -1  -1  -1  -1  2  -1  
layer num 5		-1  -1  -1  -1  -1  -1  -1  -1  -1  -1  -1  -1  -1  -1  -1  -1  1  -1  -1  -1  -1  -1  -1  -1  -1  -1  -1  -1  -1  -1  
my rings: 10
other rings: 15
Came here
6
47
WHY 

centre is 2
layer num 1		3  -1  -1  2  2  3  
layer num 2		0  -1  2  3  3  -1  2  3  3  3  2  1  
layer num 3		-1  -1  3  3  2  3  2  3  -1  1  0  1  2  3  3  -1  -1  -1  
layer num 4		-1  -1  3  -1  -1  -1  3  -1  -1  -1  3  -1  3  -1  -1  0  -1  -1  -1  -1  -1  -1  2  -1  
layer num 5		-1  -1  -1  -1  0  -1  -1  1  -1  -1  -1  -1  -1  -1  -1  -1  1  -1  -1  -1  -1  -1  -1  -1  -1  -1  -1  -1  -1  -1  
my rings: 10
other rings: 17
Came here
6
50
WHY 

centre is 2
layer num 1		3  -1  1  3  2  3  
layer num 2		0  -1  2  3  3  -1  2  2  3  3  2  1  
layer num 3		-1  -1  3  3  2  3  2  3  -1  1  0  3  2  3  3  -1  -1  -1  
layer num 4		-1  -1  3  -1  -1  -1  2  0  -1  -1  3  -1  3  -1  -1  0  -1  -1  -1  -1  -1  -1  2  -1  
layer num 5		-1  -1  -1  -1  2  -1  -1  1  -1  -1  -1  -1  -1  -1  -1  -1  1  -1  -1  -1  -1  -1  -1  -1  -1  -1  -1  -1  -1  -1  
my rings: 12
other rings: 17
Came here
6
53
WHY 

centre is 2
layer num 1		3  -1  1  3  2  3  
layer num 2		3  0  2  3  3  -1  2  2  3  3  2  3  
layer num 3		-1  1  3  3  2  3  2  3  -1  1  0  3  2  3  3  -1  -1  -1  
layer num 4		-1  -1  3  -1  -1  -1  2  0  -1  -1  3  -1  3  -1  -1  0  -1  -1  -1  -1  -1  -1  2  -1  
layer num 5		-1  -1  -1  -1  2  -1  -1  1  -1  -1  -1  -1  -1  -1  -1  -1  1  -1  -1  -1  -1  -1  -1  -1  -1  -1  -1  -1  -1  -1  
my rings: 12
other rings: 19
Came here
6
56
WHY 

centre is 2
layer num 1		-1  -1  3  3  2  -1  
layer num 2		3  -1  2  2  3  -1  2  2  3  -1  2  3  
layer num 3		-1  1  3  3  3  3  2  3  -1  1  0  3  2  -1  3  -1  -1  -1  
layer num 4		-1  -1  3  -1  -1  1  2  -1  -1  -1  3  -1  3  -1  -1  0  -1  0  -1  -1  -1  -1  2  -1  
layer num 5		-1  -1  -1  -1  2  -1  -1  1  -1  -1  -1  -1  -1  -1  -1  -1  1  -1  -1  -1  -1  -1  -1  -1  -1  -1  -1  -1  -1  -1  
my rings: 12
other rings: 16
Came here
6
59
WHY 

centre is 2
layer num 1		-1  -1  3  3  2  0  
layer num 2		3  -1  2  2  3  -1  2  2  3  -1  2  3  
layer num 3		-1  1  3  3  3  3  2  3  -1  1  0  3  2  -1  3  -1  -1  -1  
layer num 4		-1  -1  3  -1  -1  3  3  1  -1  -1  3  -1  3  -1  -1  0  -1  2  -1  -1  -1  -1  2  -1  
layer num 5		-1  -1  -1  -1  2  -1  -1  1  -1  -1  -1  -1  -1  -1  -1  -1  1  -1  -1  -1  -1  -1  -1  -1  -1  -1  -1  -1  -1  -1  
my rings: 12
other rings: 18
Came here
6
62
WHY 

centre is 2
layer num 1		-1  1  -1  -1  2  0  
layer num 2		3  -1  2  -1  3  -1  2  2  3  -1  2  3  
layer num 3		-1  -1  3  3  -1  2  2  3  -1  1  2  2  3  -1  3  -1  -1  -1  
layer num 4		-1  -1  3  -1  -1  -1  3  3  -1  -1  3  -1  3  -1  -1  0  -1  3  -1  -1  -1  -1  2  -1  
layer num 5		-1  -1  -1  -1  2  -1  -1  1  -1  -1  -1  -1  -1  -1  -1  -1  1  -1  -1  -1  -1  -1  0  -1  -1  -1  -1  -1  -1  -1  
my rings: 12
other rings: 15
Came here
7
66
***********************************

-> You are player 1
-> You are alloted a time of 120s

***********************************

Time remaining is: 120s
You played : P 4 22
P 4 22 True
Player 2 played : P 1 0
P 1 0 True
Time remaining is: 120s
You played : P 1 5
P 1 5 True
Player 2 played : P 1 1
P 1 1 True
Time remaining is: 120s
You played : P 2 5
P 2 5 True
Player 2 played : P 1 2
P 1 2 True
Time remaining is: 120s
You played : P 4 12
P 4 12 True
Player 2 played : P 2 9
P 2 9 True
Time remaining is: 120s
You played : P 2 8
P 2 8 True
Player 2 played : P 1 3
P 1 3 True
Time remaining is: 120s
You played : S 4 12 M 2 6
S 4 12 True
M 2 6 True
Player 2 played : S 1 1 M 2 2
S 1 1 True
M 2 2 True
Time remaining is: 120s
You played : S 2 8 M 2 7
S 2 8 True
M 2 7 True
Player 2 played : S 2 2 M 3 2
S 2 2 True
M 3 2 True
Time remaining is: 116s
You played : S 2 7 M 1 4
S 2 7 True
M 1 4 True
Player 2 played : S 1 0 M 0 0
S 1 0 True
M 0 0 True
Time remaining is: 113s
You played : S 4 22 M 3 4
S 4 22 True
M 3 4 True
Player 2 played : S 3 2 M 2 3
S 3 2 True
M 2 3 True
Time remaining is: 111s
You played : S 2 6 M 3 8
S 2 6 True
M 3 8 True
Player 2 played : S 1 3 M 3 9
S 1 3 True
M 3 9 True
Time remaining is: 109s
You played : S 2 5 M 3 10
S 2 5 True
M 3 10 True
Player 2 played : S 1 2 M 3 11
S 1 2 True
M 3 11 True
Time remaining is: 107s
You played : S 3 8 M 3 7
S 3 8 True
M 3 7 True
Player 2 played : S 2 3 M 2 4
S 2 3 True
M 2 4 True
Time remaining is: 104s
You played : S 1 4 M 3 12
S 1 4 True
M 3 12 True
Player 2 played : S 2 9 M 3 13
S 2 9 True
M 3 13 True
Time remaining is: 102s
You played : S 1 5 M 2 10
S 1 5 True
M 2 10 True
Player 2 played : S 3 13 M 3 14
S 3 13 True
M 3 14 True
Time remaining is: 99s
You played : S 3 4 M 2 1
S 3 4 True
M 2 1 True
Player 2 played : S 0 0 M 3 3
S 0 0 True
M 3 3 True
Time remaining is: 98s
You played : S 2 10 M 2 0
S 2 10 True
M 2 0 True
Player 2 played : S 3 14 M 2 11
S 3 14 True
M 2 11 True
Time remaining is: 97s
You played : S 3 12 M 4 15
S 3 12 True
M 4 15 True
Player 2 played : S 3 3 M 3 5
S 3 3 True
M 3 5 True
Time remaining is: 95s
You played : S 2 1 M 4 6
S 2 1 True
M 4 6 True
Player 2 played : S 2 4 M 4 2
S 2 4 True
M 4 2 True
Time remaining is: 94s
You played : S 3 7 M 3 6
S 3 7 True
M 3 6 True
Player 2 played : S 4 2 M 4 10
S 4 2 True
M 4 10 True
Time remaining is: 93s
You played : S 3 6 M 3 15 RS 3 8 RE 2 1 X 3 15
S 3 6 True
M 3 15 True
RS 3 8 True
RE 2 1 True
X 3 15 True
Player 2 played : S 4 10 M 5 16
S 4 10 True
M 5 16 True
Time remaining is: 91s
You played : S 4 6 M 5 4
S 4 6 True
M 5 4 True
Player 2 played : S 3 5 M 5 7
S 3 5 True
M 5 7 True
Time remaining is: 90s
You played : S 5 4 M 4 7
S 5 4 True
M 4 7 True
Player 2 played : S 3 11 M 1 2
S 3 11 True
M 1 2 True
Time remaining is: 90s
You played : S 2 0 M 2 1
S 2 0 True
M 2 1 True
Player 2 played : S 2 11 M 3 1
S 2 11 True
M 3 1 True
Time remaining is: 89s
You played : S 2 1 M 4 17 RS 3 13 RE 2 1 X 4 7
S 2 1 True
M 4 17 True
RS 3 13 True
RE 2 1 True
X 4 7 True
Player 2 played : S 1 2 M 4 5
S 1 2 True
M 4 5 True
Time remaining is: 87s
You played : S 4 17 M 1 5
S 4 17 True
M 1 5 True
Player 2 played : S 4 5 M 4 7
S 4 5 True
M 4 7 True
Time remaining is: 87s
You played : S 3 10 M 5 22
S 3 10 True
M 5 22 True
Player 2 played : S 4 7 M 1 1 RS 1 3 RE 4 5 X 3 1
S 4 7 True
M 1 1 True
RS 1 3 True
RE 4 5 True
X 3 1 True
Time remaining is: 86s
You played : S 1 5 M 3 17 RS 3 10 RE 2 11 X 3 17
S 1 5 True
M 3 17 True
RS 3 10 True
RE 2 11 True
X 3 17 True
YOU WIN!
Your Score : 9.009
Opponent's Score : 1.014
