***********************************

-> You are player 1
-> You are alloted a time of 120s

***********************************

Time remaining is: 120s
You played : P 0 0
P 0 0 True
Player 2 played : P 2 1
P 2 1 True
Time remaining is: 120s
You played : P 1 0
P 1 0 True
Player 2 played : P 2 7
P 2 7 True
Time remaining is: 120s
You played : P 1 1
P 1 1 True
Player 2 played : P 3 7
P 3 7 True
Time remaining is: 120s
You played : P 1 2
P 1 2 True
Player 2 played : P 4 14
P 4 14 True
Time remaining is: 120s
You played : P 1 3
P 1 3 True
Player 2 played : P 3 14
P 3 14 True
Time remaining is: 120s
You played : S 0 0 M 1 5
S 0 0 True
M 1 5 True
Player 2 played : S 4 14 M 2 4
S 4 14 True
M 2 4 True
Time remaining is: 119s
You played : S 1 0 M 2 0
S 1 0 True
M 2 0 True
Player 2 played : S 2 1 M 2 2
S 2 1 True
M 2 2 True
Time remaining is: 117s
You played : S 1 5 M 2 10
S 1 5 True
M 2 10 True
Player 2 played : S 2 7 M 4 10
S 2 7 True
M 4 10 True
Time remaining is: 115s
You played : S 2 10 M 3 15
S 2 10 True
M 3 15 True
Player 2 played : S 3 14 M 2 9
S 3 14 True
M 2 9 True
Time remaining is: 114s
You played : S 3 15 M 4 20
S 3 15 True
M 4 20 True
Player 2 played : S 2 9 M 3 16
S 2 9 True
M 3 16 True
Time remaining is: 113s
You played : S 4 20 M 5 26
S 4 20 True
M 5 26 True
Player 2 played : S 3 16 M 4 19
S 3 16 True
M 4 19 True
Time remaining is: 112s
You played : S 5 26 M 2 11
S 5 26 True
M 2 11 True
Player 2 played : S 2 2 M 2 3
S 2 2 True
M 2 3 True
Time remaining is: 111s
You played : S 2 11 M 4 18
S 2 11 True
M 4 18 True
Player 2 played : S 4 10 M 2 8
S 4 10 True
M 2 8 True
Time remaining is: 111s
You played : S 2 0 M 3 0
S 2 0 True
M 3 0 True
Player 2 played : S 2 8 M 4 22
S 2 8 True
M 4 22 True
Time remaining is: 110s
You played : S 4 18 M 2 6
S 4 18 True
M 2 6 True
Player 2 played : S 4 22 M 3 4
S 4 22 True
M 3 4 True
Time remaining is: 110s
You played : S 2 6 M 3 13
S 2 6 True
M 3 13 True
Player 2 played : S 4 19 M 1 4 RS 2 8 RE 4 22 X 3 4
S 4 19 True
M 1 4 True
RS 2 8 True
RE 4 22 True
X 3 4 True
Time remaining is: 109s
You played : S 3 13 M 2 9
S 3 13 True
M 2 9 True
Player 2 played : S 1 4 M 3 17
S 1 4 True
M 3 17 True
Time remaining is: 109s
You played : S 2 9 M 5 24
S 2 9 True
M 5 24 True
Player 2 played : S 2 3 M 3 2
S 2 3 True
M 3 2 True
Time remaining is: 109s
You played : S 1 1 M 3 16
S 1 1 True
M 3 16 True
Player 2 played : S 3 7 M 2 5
S 3 7 True
M 2 5 True
Time remaining is: 108s
You played : S 5 24 M 5 22
S 5 24 True
M 5 22 True
Player 2 played : S 2 4 M 3 5 RS 4 10 RE 2 2 X 3 2
S 2 4 True
M 3 5 True
RS 4 10 True
RE 2 2 True
X 3 2 True
Time remaining is: 108s
You played : S 3 16 M 2 10
S 3 16 True
M 2 10 True
Player 2 played : S 3 17 M 5 23
S 3 17 True
M 5 23 True
Time remaining is: 108s
You played : S 2 10 M 4 22
S 2 10 True
M 4 22 True
Player 2 played : S 5 23 M 2 8
S 5 23 True
M 2 8 True
Time remaining is: 108s
You played : S 4 22 M 4 21
S 4 22 True
M 4 21 True
Player 2 played : S 2 8 M 5 28 RS 2 8 RE 4 22 X 5 28
S 2 8 True
M 5 28 True
RS 2 8 True
RE 4 22 True
X 5 28 True
OTHER PLAYER WINS!
Your Score : 0.011
Opponent's Score : 10.01
