-----------------------------------
P 0 0
                
            *     *
         *     *     *
      *     *     *     *
   *     *     *     *     *
      *     *     *     *      
   *     *     *     *     *
*     *     *     *     *     *
   *     *     *     *     *
*     *     *     *     *     *
   *     *     [0;33mO[0m     *     *
*     *     *     *     *     *
   *     *     *     *     *
*     *     *     *     *     *
   *     *     *     *     *
      *     *     *     *      
   *     *     *     *     *
      *     *     *     *
         *     *     *
            *     *
                
-----------------------------------
-----------------------------------
P 1 1
                
            *     *
         *     *     *
      *     *     *     *
   *     *     *     *     *
      *     *     *     *      
   *     *     *     *     *
*     *     *     *     *     *
   *     *     *     *     *
*     *     *     [0;34mO[0m     *     *
   *     *     [0;33mO[0m     *     *
*     *     *     *     *     *
   *     *     *     *     *
*     *     *     *     *     *
   *     *     *     *     *
      *     *     *     *      
   *     *     *     *     *
      *     *     *     *
         *     *     *
            *     *
                
-----------------------------------
-----------------------------------
P 1 2
                
            *     *
         *     *     *
      *     *     *     *
   *     *     *     *     *
      *     *     *     *      
   *     *     *     *     *
*     *     *     *     *     *
   *     *     *     *     *
*     *     *     [0;34mO[0m     *     *
   *     *     [0;33mO[0m     *     *
*     *     *     [0;33mO[0m     *     *
   *     *     *     *     *
*     *     *     *     *     *
   *     *     *     *     *
      *     *     *     *      
   *     *     *     *     *
      *     *     *     *
         *     *     *
            *     *
                
-----------------------------------
-----------------------------------
P 2 8
                
            *     *
         *     *     *
      *     *     *     *
   *     *     *     *     *
      *     *     *     *      
   *     *     *     *     *
*     *     *     *     *     *
   *     *     *     *     *
*     *     *     [0;34mO[0m     *     *
   *     *     [0;33mO[0m     *     *
*     *     *     [0;33mO[0m     *     *
   *     [0;34mO[0m     *     *     *
*     *     *     *     *     *
   *     *     *     *     *
      *     *     *     *      
   *     *     *     *     *
      *     *     *     *
         *     *     *
            *     *
                
-----------------------------------
-----------------------------------
P 1 4
                
            *     *
         *     *     *
      *     *     *     *
   *     *     *     *     *
      *     *     *     *      
   *     *     *     *     *
*     *     *     *     *     *
   *     *     *     *     *
*     *     *     [0;34mO[0m     *     *
   *     *     [0;33mO[0m     *     *
*     *     [0;33mO[0m     [0;33mO[0m     *     *
   *     [0;34mO[0m     *     *     *
*     *     *     *     *     *
   *     *     *     *     *
      *     *     *     *      
   *     *     *     *     *
      *     *     *     *
         *     *     *
            *     *
                
-----------------------------------
-----------------------------------
P 1 5
                
            *     *
         *     *     *
      *     *     *     *
   *     *     *     *     *
      *     *     *     *      
   *     *     *     *     *
*     *     *     *     *     *
   *     *     *     *     *
*     *     [0;34mO[0m     [0;34mO[0m     *     *
   *     *     [0;33mO[0m     *     *
*     *     [0;33mO[0m     [0;33mO[0m     *     *
   *     [0;34mO[0m     *     *     *
*     *     *     *     *     *
   *     *     *     *     *
      *     *     *     *      
   *     *     *     *     *
      *     *     *     *
         *     *     *
            *     *
                
-----------------------------------
-----------------------------------
P 1 0
                
            *     *
         *     *     *
      *     *     *     *
   *     *     *     *     *
      *     *     *     *      
   *     *     *     *     *
*     *     *     *     *     *
   *     *     [0;33mO[0m     *     *
*     *     [0;34mO[0m     [0;34mO[0m     *     *
   *     *     [0;33mO[0m     *     *
*     *     [0;33mO[0m     [0;33mO[0m     *     *
   *     [0;34mO[0m     *     *     *
*     *     *     *     *     *
   *     *     *     *     *
      *     *     *     *      
   *     *     *     *     *
      *     *     *     *
         *     *     *
            *     *
                
-----------------------------------
-----------------------------------
P 5 18
                
            *     *
         *     *     *
      *     *     *     *
   *     *     *     *     *
      *     *     *     *      
   *     *     *     *     *
*     *     *     *     *     *
   *     *     [0;33mO[0m     *     *
*     *     [0;34mO[0m     [0;34mO[0m     *     *
   *     *     [0;33mO[0m     *     *
*     *     [0;33mO[0m     [0;33mO[0m     *     *
   *     [0;34mO[0m     *     *     *
*     *     *     *     *     *
   *     *     *     *     *
      *     *     *     *      
   *     *     *     *     *
      [0;34mO[0m     *     *     *
         *     *     *
            *     *
                
-----------------------------------
-----------------------------------
P 1 3
                
            *     *
         *     *     *
      *     *     *     *
   *     *     *     *     *
      *     *     *     *      
   *     *     *     *     *
*     *     *     *     *     *
   *     *     [0;33mO[0m     *     *
*     *     [0;34mO[0m     [0;34mO[0m     *     *
   *     *     [0;33mO[0m     *     *
*     *     [0;33mO[0m     [0;33mO[0m     *     *
   *     [0;34mO[0m     [0;33mO[0m     *     *
*     *     *     *     *     *
   *     *     *     *     *
      *     *     *     *      
   *     *     *     *     *
      [0;34mO[0m     *     *     *
         *     *     *
            *     *
                
-----------------------------------
-----------------------------------
P 3 14
                
            *     *
         *     *     *
      *     *     *     *
   *     *     *     *     *
      *     *     *     *      
   *     *     *     *     *
*     *     *     *     *     *
   *     *     [0;33mO[0m     *     *
*     [0;34mO[0m     [0;34mO[0m     [0;34mO[0m     *     *
   *     *     [0;33mO[0m     *     *
*     *     [0;33mO[0m     [0;33mO[0m     *     *
   *     [0;34mO[0m     [0;33mO[0m     *     *
*     *     *     *     *     *
   *     *     *     *     *
      *     *     *     *      
   *     *     *     *     *
      [0;34mO[0m     *     *     *
         *     *     *
            *     *
                
-----------------------------------
-----------------------------------
S 1 4 M 2 7
                
            *     *
         *     *     *
      *     *     *     *
   *     *     *     *     *
      *     *     *     *      
   *     *     *     *     *
*     *     *     *     *     *
   *     *     [0;33mO[0m     *     *
*     [0;34mO[0m     [0;34mO[0m     [0;34mO[0m     *     *
   *     *     [0;33mO[0m     *     *
*     *     [0;43m.[0m     [0;33mO[0m     *     *
   *     [0;34mO[0m     [0;33mO[0m     *     *
*     *     [0;33mO[0m     *     *     *
   *     *     *     *     *
      *     *     *     *      
   *     *     *     *     *
      [0;34mO[0m     *     *     *
         *     *     *
            *     *
                
-----------------------------------
-----------------------------------
S 2 8 M 2 9
                
            *     *
         *     *     *
      *     *     *     *
   *     *     *     *     *
      *     *     *     *      
   *     *     *     *     *
*     *     *     *     *     *
   *     *     [0;33mO[0m     *     *
*     [0;34mO[0m     [0;34mO[0m     [0;34mO[0m     *     *
   *     [0;34mO[0m     [0;33mO[0m     *     *
*     *     [0;43m.[0m     [0;33mO[0m     *     *
   *     [0;44m.[0m     [0;33mO[0m     *     *
*     *     [0;33mO[0m     *     *     *
   *     *     *     *     *
      *     *     *     *      
   *     *     *     *     *
      [0;34mO[0m     *     *     *
         *     *     *
            *     *
                
-----------------------------------
-----------------------------------
S 2 7 M 3 10
                
            *     *
         *     *     *
      *     *     *     *
   *     *     *     *     *
      *     *     *     *      
   *     *     *     *     *
*     *     *     *     *     *
   *     *     [0;33mO[0m     *     *
*     [0;34mO[0m     [0;34mO[0m     [0;34mO[0m     *     *
   *     [0;34mO[0m     [0;33mO[0m     *     *
*     *     [0;43m.[0m     [0;33mO[0m     *     *
   *     [0;44m.[0m     [0;33mO[0m     *     *
*     *     [0;43m.[0m     *     *     *
   *     *     *     *     *
      *     [0;33mO[0m     *     *      
   *     *     *     *     *
      [0;34mO[0m     *     *     *
         *     *     *
            *     *
                
-----------------------------------
-----------------------------------
S 2 9 M 2 10
                
            *     *
         *     *     *
      *     *     *     *
   *     *     *     *     *
      *     *     *     *      
   *     *     *     *     *
*     *     *     *     *     *
   *     [0;34mO[0m     [0;33mO[0m     *     *
*     [0;34mO[0m     [0;34mO[0m     [0;34mO[0m     *     *
   *     [0;44m.[0m     [0;33mO[0m     *     *
*     *     [0;43m.[0m     [0;33mO[0m     *     *
   *     [0;44m.[0m     [0;33mO[0m     *     *
*     *     [0;43m.[0m     *     *     *
   *     *     *     *     *
      *     [0;33mO[0m     *     *      
   *     *     *     *     *
      [0;34mO[0m     *     *     *
         *     *     *
            *     *
                
-----------------------------------
-----------------------------------
S 3 10 M 4 13
                
            *     *
         *     *     *
      *     *     *     *
   *     *     *     *     *
      *     *     *     *      
   *     *     *     *     *
*     *     *     *     *     *
   *     [0;34mO[0m     [0;33mO[0m     *     *
*     [0;34mO[0m     [0;34mO[0m     [0;34mO[0m     *     *
   *     [0;44m.[0m     [0;33mO[0m     *     *
*     *     [0;43m.[0m     [0;33mO[0m     *     *
   *     [0;44m.[0m     [0;33mO[0m     *     *
*     *     [0;43m.[0m     *     *     *
   *     *     *     *     *
      *     [0;43m.[0m     *     *      
   *     *     *     *     *
      [0;34mO[0m     [0;33mO[0m     *     *
         *     *     *
            *     *
                
-----------------------------------
-----------------------------------
S 2 10 M 3 16
                
            *     *
         *     *     *
      *     *     *     *
   *     *     *     *     *
      *     *     *     *      
   *     [0;34mO[0m     *     *     *
*     *     *     *     *     *
   *     [0;44m.[0m     [0;33mO[0m     *     *
*     [0;34mO[0m     [0;34mO[0m     [0;34mO[0m     *     *
   *     [0;44m.[0m     [0;33mO[0m     *     *
*     *     [0;43m.[0m     [0;33mO[0m     *     *
   *     [0;44m.[0m     [0;33mO[0m     *     *
*     *     [0;43m.[0m     *     *     *
   *     *     *     *     *
      *     [0;43m.[0m     *     *      
   *     *     *     *     *
      [0;34mO[0m     [0;33mO[0m     *     *
         *     *     *
            *     *
                
-----------------------------------
-----------------------------------
S 4 13 M 5 16
                
            *     *
         *     *     *
      *     *     *     *
   *     *     *     *     *
      *     *     *     *      
   *     [0;34mO[0m     *     *     *
*     *     *     *     *     *
   *     [0;44m.[0m     [0;33mO[0m     *     *
*     [0;34mO[0m     [0;34mO[0m     [0;34mO[0m     *     *
   *     [0;44m.[0m     [0;33mO[0m     *     *
*     *     [0;43m.[0m     [0;33mO[0m     *     *
   *     [0;44m.[0m     [0;33mO[0m     *     *
*     *     [0;43m.[0m     *     *     *
   *     *     *     *     *
      *     [0;43m.[0m     *     *      
   *     *     *     *     *
      [0;34mO[0m     [0;43m.[0m     *     *
         *     *     *
            [0;33mO[0m     *
                
-----------------------------------
-----------------------------------
S 5 18 M 2 6
                
            *     *
         *     *     *
      *     *     *     *
   *     *     *     *     *
      *     *     *     *      
   *     [0;34mO[0m     *     *     *
*     *     *     *     *     *
   *     [0;44m.[0m     [0;33mO[0m     *     *
*     [0;34mO[0m     [0;34mO[0m     [0;34mO[0m     *     *
   *     [0;44m.[0m     [0;33mO[0m     *     *
*     *     [0;43m.[0m     [0;33mO[0m     *     *
   *     [0;44m.[0m     [0;33mO[0m     *     *
*     *     [0;43m.[0m     *     *     *
   *     *     [0;34mO[0m     *     *
      *     [0;44m.[0m     *     *      
   *     *     *     *     *
      [0;44m.[0m     [0;43m.[0m     *     *
         *     *     *
            [0;33mO[0m     *
                
-----------------------------------
-----------------------------------
S 1 0 M 2 1
                
            *     *
         *     *     *
      *     *     *     *
   *     *     *     *     *
      *     *     *     *      
   *     [0;34mO[0m     *     *     *
*     *     *     [0;33mO[0m     *     *
   *     [0;44m.[0m     [0;43m.[0m     *     *
*     [0;34mO[0m     [0;34mO[0m     [0;34mO[0m     *     *
   *     [0;44m.[0m     [0;33mO[0m     *     *
*     *     [0;43m.[0m     [0;33mO[0m     *     *
   *     [0;44m.[0m     [0;33mO[0m     *     *
*     *     [0;43m.[0m     *     *     *
   *     *     [0;34mO[0m     *     *
      *     [0;44m.[0m     *     *      
   *     *     *     *     *
      [0;44m.[0m     [0;43m.[0m     *     *
         *     *     *
            [0;33mO[0m     *
                
-----------------------------------
-----------------------------------
S 3 16 M 4 22
                
            *     *
         *     *     *
      *     *     *     *
   *     [0;34mO[0m     *     *     *
      *     *     *     *      
   *     [0;44m.[0m     *     *     *
*     *     *     [0;33mO[0m     *     *
   *     [0;44m.[0m     [0;43m.[0m     *     *
*     [0;34mO[0m     [0;34mO[0m     [0;34mO[0m     *     *
   *     [0;44m.[0m     [0;33mO[0m     *     *
*     *     [0;43m.[0m     [0;33mO[0m     *     *
   *     [0;44m.[0m     [0;33mO[0m     *     *
*     *     [0;43m.[0m     *     *     *
   *     *     [0;34mO[0m     *     *
      *     [0;44m.[0m     *     *      
   *     *     *     *     *
      [0;44m.[0m     [0;43m.[0m     *     *
         *     *     *
            [0;33mO[0m     *
                
-----------------------------------
-----------------------------------
S 0 0 M 3 12
                
            *     *
         *     *     *
      *     *     *     *
   *     [0;34mO[0m     *     *     *
      *     *     *     *      
   *     [0;44m.[0m     *     *     *
*     *     *     [0;33mO[0m     *     *
   *     [0;44m.[0m     [0;43m.[0m     *     *
*     [0;34mO[0m     [0;34mO[0m     [0;34mO[0m     *     *
   *     [0;44m.[0m     [0;43m.[0m     *     *
*     *     [0;44m.[0m     [0;33mO[0m     *     *
   *     [0;43m.[0m     [0;33mO[0m     *     *
*     [0;33mO[0m     [0;43m.[0m     *     *     *
   *     *     [0;34mO[0m     *     *
      *     [0;44m.[0m     *     *      
   *     *     *     *     *
      [0;44m.[0m     [0;43m.[0m     *     *
         *     *     *
            [0;33mO[0m     *
                
-----------------------------------
-----------------------------------
S 4 22 M 3 17
                
            *     *
         *     *     *
      *     *     *     *
   *     [0;44m.[0m     *     *     *
      *     [0;34mO[0m     *     *      
   *     [0;44m.[0m     *     *     *
*     *     *     [0;33mO[0m     *     *
   *     [0;44m.[0m     [0;43m.[0m     *     *
*     [0;34mO[0m     [0;34mO[0m     [0;34mO[0m     *     *
   *     [0;44m.[0m     [0;43m.[0m     *     *
*     *     [0;44m.[0m     [0;33mO[0m     *     *
   *     [0;43m.[0m     [0;33mO[0m     *     *
*     [0;33mO[0m     [0;43m.[0m     *     *     *
   *     *     [0;34mO[0m     *     *
      *     [0;44m.[0m     *     *      
   *     *     *     *     *
      [0;44m.[0m     [0;43m.[0m     *     *
         *     *     *
            [0;33mO[0m     *
                
-----------------------------------
-----------------------------------
S 1 3 M 3 11
                
            *     *
         *     *     *
      *     *     *     *
   *     [0;44m.[0m     *     *     *
      *     [0;34mO[0m     *     *      
   *     [0;44m.[0m     *     *     *
*     *     *     [0;33mO[0m     *     *
   *     [0;44m.[0m     [0;43m.[0m     *     *
*     [0;34mO[0m     [0;34mO[0m     [0;34mO[0m     *     *
   *     [0;44m.[0m     [0;43m.[0m     *     *
*     *     [0;44m.[0m     [0;33mO[0m     *     *
   *     [0;43m.[0m     [0;43m.[0m     *     *
*     [0;33mO[0m     [0;44m.[0m     *     *     *
   *     [0;33mO[0m     [0;34mO[0m     *     *
      *     [0;44m.[0m     *     *      
   *     *     *     *     *
      [0;44m.[0m     [0;43m.[0m     *     *
         *     *     *
            [0;33mO[0m     *
                
-----------------------------------
-----------------------------------
S 2 6 M 3 13 RS 4 22 RE 2 8 X 3 14
                
            *     *
         *     *     *
      *     *     *     *
   *     *     *     *     *
      *     [0;34mO[0m     *     *      
   *     *     *     *     *
*     *     *     [0;33mO[0m     *     *
   *     *     [0;43m.[0m     *     *
*     *     [0;34mO[0m     [0;34mO[0m     *     *
   *     *     [0;43m.[0m     *     *
*     [0;34mO[0m     [0;44m.[0m     [0;33mO[0m     *     *
   *     *     [0;43m.[0m     *     *
*     [0;33mO[0m     [0;43m.[0m     *     *     *
   *     [0;33mO[0m     [0;44m.[0m     *     *
      *     [0;44m.[0m     *     *      
   *     *     *     *     *
      [0;44m.[0m     [0;43m.[0m     *     *
         *     *     *
            [0;33mO[0m     *
                
-----------------------------------
-----------------------------------
S 3 11 M 3 9
                
            *     *
         *     *     *
      *     *     *     *
   *     *     *     *     *
      *     [0;34mO[0m     *     *      
   *     *     *     *     *
*     *     *     [0;33mO[0m     *     *
   *     *     [0;43m.[0m     *     *
*     *     [0;34mO[0m     [0;34mO[0m     *     *
   *     *     [0;43m.[0m     *     *
*     [0;34mO[0m     [0;44m.[0m     [0;33mO[0m     *     *
   *     *     [0;43m.[0m     *     *
*     [0;33mO[0m     [0;43m.[0m     *     *     *
   *     [0;43m.[0m     [0;44m.[0m     *     *
      *     [0;43m.[0m     *     *      
   *     *     [0;33mO[0m     *     *
      [0;44m.[0m     [0;43m.[0m     *     *
         *     *     *
            [0;33mO[0m     *
                
-----------------------------------
-----------------------------------
S 3 17 M 3 16
                
            *     *
         *     *     *
      *     *     *     *
   *     *     *     *     *
      *     [0;44m.[0m     *     *      
   *     [0;34mO[0m     *     *     *
*     *     *     [0;33mO[0m     *     *
   *     *     [0;43m.[0m     *     *
*     *     [0;34mO[0m     [0;34mO[0m     *     *
   *     *     [0;43m.[0m     *     *
*     [0;34mO[0m     [0;44m.[0m     [0;33mO[0m     *     *
   *     *     [0;43m.[0m     *     *
*     [0;33mO[0m     [0;43m.[0m     *     *     *
   *     [0;43m.[0m     [0;44m.[0m     *     *
      *     [0;43m.[0m     *     *      
   *     *     [0;33mO[0m     *     *
      [0;44m.[0m     [0;43m.[0m     *     *
         *     *     *
            [0;33mO[0m     *
                
-----------------------------------
-----------------------------------
S 3 9 M 5 13
                
            *     *
         *     *     *
      *     *     *     *
   *     *     *     *     *
      *     [0;44m.[0m     *     *      
   *     [0;34mO[0m     *     *     *
*     *     *     [0;33mO[0m     *     *
   *     *     [0;43m.[0m     *     *
*     *     [0;34mO[0m     [0;34mO[0m     *     *
   *     *     [0;43m.[0m     *     *
*     [0;34mO[0m     [0;44m.[0m     [0;33mO[0m     *     *
   *     *     [0;43m.[0m     *     *
*     [0;33mO[0m     [0;43m.[0m     *     *     *
   *     [0;43m.[0m     [0;44m.[0m     *     *
      *     [0;43m.[0m     *     *      
   *     *     [0;43m.[0m     *     *
      [0;44m.[0m     [0;43m.[0m     *     *
         *     *     [0;33mO[0m
            [0;33mO[0m     *
                
-----------------------------------
-----------------------------------
S 3 16 M 2 8
                
            *     *
         *     *     *
      *     *     *     *
   *     *     *     *     *
      *     [0;44m.[0m     *     *      
   *     [0;44m.[0m     *     *     *
*     *     *     [0;33mO[0m     *     *
   *     *     [0;43m.[0m     *     *
*     *     [0;34mO[0m     [0;34mO[0m     *     *
   *     *     [0;43m.[0m     *     *
*     [0;34mO[0m     [0;44m.[0m     [0;33mO[0m     *     *
   *     [0;34mO[0m     [0;43m.[0m     *     *
*     [0;33mO[0m     [0;43m.[0m     *     *     *
   *     [0;43m.[0m     [0;44m.[0m     *     *
      *     [0;43m.[0m     *     *      
   *     *     [0;43m.[0m     *     *
      [0;44m.[0m     [0;43m.[0m     *     *
         *     *     [0;33mO[0m
            [0;33mO[0m     *
                
-----------------------------------
-----------------------------------
S 1 2 M 2 4
                
            *     *
         *     *     *
      *     *     *     *
   *     *     *     *     *
      *     [0;44m.[0m     *     *      
   *     [0;44m.[0m     *     *     *
*     *     *     [0;33mO[0m     *     *
   *     *     [0;43m.[0m     *     *
*     *     [0;34mO[0m     [0;34mO[0m     *     *
   *     *     [0;43m.[0m     *     *
*     [0;34mO[0m     [0;44m.[0m     [0;43m.[0m     *     *
   *     [0;34mO[0m     [0;43m.[0m     [0;33mO[0m     *
*     [0;33mO[0m     [0;43m.[0m     *     *     *
   *     [0;43m.[0m     [0;44m.[0m     *     *
      *     [0;43m.[0m     *     *      
   *     *     [0;43m.[0m     *     *
      [0;44m.[0m     [0;43m.[0m     *     *
         *     *     [0;33mO[0m
            [0;33mO[0m     *
                
-----------------------------------
-----------------------------------
S 2 8 M 4 14
                
            *     *
         *     *     *
      *     *     *     *
   *     *     *     *     *
      *     [0;44m.[0m     *     *      
   *     [0;44m.[0m     *     *     *
*     *     *     [0;33mO[0m     *     *
   *     *     [0;43m.[0m     *     *
*     *     [0;34mO[0m     [0;34mO[0m     *     *
   *     *     [0;43m.[0m     *     *
*     [0;34mO[0m     [0;44m.[0m     [0;43m.[0m     *     *
   *     [0;44m.[0m     [0;43m.[0m     [0;33mO[0m     *
*     [0;33mO[0m     [0;43m.[0m     *     *     *
   *     [0;44m.[0m     [0;44m.[0m     *     *
      *     [0;43m.[0m     *     *      
   *     [0;34mO[0m     [0;43m.[0m     *     *
      [0;44m.[0m     [0;43m.[0m     *     *
         *     *     [0;33mO[0m
            [0;33mO[0m     *
                
-----------------------------------
-----------------------------------
S 5 16 M 4 12
                
            *     *
         *     *     *
      *     *     *     *
   *     *     *     *     *
      *     [0;44m.[0m     *     *      
   *     [0;44m.[0m     *     *     *
*     *     *     [0;33mO[0m     *     *
   *     *     [0;43m.[0m     *     *
*     *     [0;34mO[0m     [0;34mO[0m     *     *
   *     *     [0;43m.[0m     *     *
*     [0;34mO[0m     [0;44m.[0m     [0;43m.[0m     *     *
   *     [0;44m.[0m     [0;43m.[0m     [0;33mO[0m     *
*     [0;33mO[0m     [0;43m.[0m     *     *     *
   *     [0;44m.[0m     [0;44m.[0m     *     *
      *     [0;43m.[0m     *     *      
   *     [0;34mO[0m     [0;43m.[0m     *     *
      [0;44m.[0m     [0;43m.[0m     *     *
         *     [0;33mO[0m     [0;33mO[0m
            [0;43m.[0m     *
                
-----------------------------------
-----------------------------------
S 4 14 M 5 17
                
            *     *
         *     *     *
      *     *     *     *
   *     *     *     *     *
      *     [0;44m.[0m     *     *      
   *     [0;44m.[0m     *     *     *
*     *     *     [0;33mO[0m     *     *
   *     *     [0;43m.[0m     *     *
*     *     [0;34mO[0m     [0;34mO[0m     *     *
   *     *     [0;43m.[0m     *     *
*     [0;34mO[0m     [0;44m.[0m     [0;43m.[0m     *     *
   *     [0;44m.[0m     [0;43m.[0m     [0;33mO[0m     *
*     [0;33mO[0m     [0;43m.[0m     *     *     *
   *     [0;44m.[0m     [0;44m.[0m     *     *
      *     [0;43m.[0m     *     *      
   *     [0;44m.[0m     [0;43m.[0m     *     *
      [0;44m.[0m     [0;43m.[0m     *     *
         [0;34mO[0m     [0;33mO[0m     [0;33mO[0m
            [0;43m.[0m     *
                
-----------------------------------
-----------------------------------
S 4 12 M 4 15
                
            *     *
         *     *     *
      *     *     *     *
   *     *     *     *     *
      *     [0;44m.[0m     *     *      
   *     [0;44m.[0m     *     *     *
*     *     *     [0;33mO[0m     *     *
   *     *     [0;43m.[0m     *     *
*     *     [0;34mO[0m     [0;34mO[0m     *     *
   *     *     [0;43m.[0m     *     *
*     [0;34mO[0m     [0;44m.[0m     [0;43m.[0m     *     *
   *     [0;44m.[0m     [0;43m.[0m     [0;33mO[0m     *
*     [0;33mO[0m     [0;43m.[0m     *     *     *
   *     [0;44m.[0m     [0;44m.[0m     *     *
      [0;33mO[0m     [0;43m.[0m     *     *      
   *     [0;43m.[0m     [0;43m.[0m     *     *
      [0;44m.[0m     [0;44m.[0m     *     *
         [0;34mO[0m     [0;43m.[0m     [0;33mO[0m
            [0;43m.[0m     *
                
-----------------------------------
-----------------------------------
S 1 1 M 2 5
                
            *     *
         *     *     *
      *     *     *     *
   *     *     *     *     *
      *     [0;44m.[0m     *     *      
   *     [0;44m.[0m     *     *     *
*     *     *     [0;33mO[0m     *     *
   *     *     [0;43m.[0m     *     *
*     *     [0;34mO[0m     [0;44m.[0m     *     *
   *     *     [0;43m.[0m     *     *
*     [0;34mO[0m     [0;44m.[0m     [0;44m.[0m     *     *
   *     [0;44m.[0m     [0;43m.[0m     [0;33mO[0m     *
*     [0;33mO[0m     [0;43m.[0m     [0;34mO[0m     *     *
   *     [0;44m.[0m     [0;44m.[0m     *     *
      [0;33mO[0m     [0;43m.[0m     *     *      
   *     [0;43m.[0m     [0;43m.[0m     *     *
      [0;44m.[0m     [0;44m.[0m     *     *
         [0;34mO[0m     [0;43m.[0m     [0;33mO[0m
            [0;43m.[0m     *
                
-----------------------------------
-----------------------------------
S 4 15 M 5 19
                
            *     *
         *     *     *
      *     *     *     *
   *     *     *     *     *
      *     [0;44m.[0m     *     *      
   *     [0;44m.[0m     *     *     *
*     *     *     [0;33mO[0m     *     *
   *     *     [0;43m.[0m     *     *
*     *     [0;34mO[0m     [0;44m.[0m     *     *
   *     *     [0;43m.[0m     *     *
*     [0;34mO[0m     [0;44m.[0m     [0;44m.[0m     *     *
   *     [0;44m.[0m     [0;43m.[0m     [0;33mO[0m     *
*     [0;33mO[0m     [0;43m.[0m     [0;34mO[0m     *     *
   *     [0;44m.[0m     [0;44m.[0m     *     *
      [0;43m.[0m     [0;43m.[0m     *     *      
   [0;33mO[0m     [0;43m.[0m     [0;43m.[0m     *     *
      [0;44m.[0m     [0;44m.[0m     *     *
         [0;34mO[0m     [0;43m.[0m     [0;33mO[0m
            [0;43m.[0m     *
                
-----------------------------------
-----------------------------------
S 2 5 M 3 8
                
            *     *
         *     *     *
      *     *     *     *
   *     *     *     *     *
      *     [0;44m.[0m     *     *      
   *     [0;44m.[0m     *     *     *
*     *     *     [0;33mO[0m     *     *
   *     *     [0;43m.[0m     *     *
*     *     [0;34mO[0m     [0;44m.[0m     *     *
   *     *     [0;43m.[0m     *     *
*     [0;34mO[0m     [0;44m.[0m     [0;44m.[0m     *     *
   *     [0;44m.[0m     [0;43m.[0m     [0;33mO[0m     *
*     [0;33mO[0m     [0;43m.[0m     [0;44m.[0m     *     *
   *     [0;44m.[0m     [0;44m.[0m     *     *
      [0;43m.[0m     [0;43m.[0m     [0;34mO[0m     *      
   [0;33mO[0m     [0;43m.[0m     [0;43m.[0m     *     *
      [0;44m.[0m     [0;44m.[0m     *     *
         [0;34mO[0m     [0;43m.[0m     [0;33mO[0m
            [0;43m.[0m     *
                
-----------------------------------
-----------------------------------
S 5 19 M 4 19
                
            *     *
         *     *     *
      *     *     *     *
   *     *     *     *     *
      *     [0;44m.[0m     *     *      
   *     [0;44m.[0m     *     *     *
*     *     *     [0;33mO[0m     *     *
   [0;33mO[0m     *     [0;43m.[0m     *     *
*     *     [0;34mO[0m     [0;44m.[0m     *     *
   *     *     [0;43m.[0m     *     *
*     [0;34mO[0m     [0;44m.[0m     [0;44m.[0m     *     *
   *     [0;44m.[0m     [0;43m.[0m     [0;33mO[0m     *
*     [0;33mO[0m     [0;43m.[0m     [0;44m.[0m     *     *
   *     [0;44m.[0m     [0;44m.[0m     *     *
      [0;43m.[0m     [0;43m.[0m     [0;34mO[0m     *      
   [0;43m.[0m     [0;43m.[0m     [0;43m.[0m     *     *
      [0;44m.[0m     [0;44m.[0m     *     *
         [0;34mO[0m     [0;43m.[0m     [0;33mO[0m
            [0;43m.[0m     *
                
-----------------------------------
-----------------------------------
S 3 8 M 4 11
                
            *     *
         *     *     *
      *     *     *     *
   *     *     *     *     *
      *     [0;44m.[0m     *     *      
   *     [0;44m.[0m     *     *     *
*     *     *     [0;33mO[0m     *     *
   [0;33mO[0m     *     [0;43m.[0m     *     *
*     *     [0;34mO[0m     [0;44m.[0m     *     *
   *     *     [0;43m.[0m     *     *
*     [0;34mO[0m     [0;44m.[0m     [0;44m.[0m     *     *
   *     [0;44m.[0m     [0;43m.[0m     [0;33mO[0m     *
*     [0;33mO[0m     [0;43m.[0m     [0;44m.[0m     *     *
   *     [0;44m.[0m     [0;44m.[0m     *     *
      [0;43m.[0m     [0;43m.[0m     [0;44m.[0m     *      
   [0;43m.[0m     [0;43m.[0m     [0;43m.[0m     *     *
      [0;44m.[0m     [0;44m.[0m     [0;34mO[0m     *
         [0;34mO[0m     [0;43m.[0m     [0;33mO[0m
            [0;43m.[0m     *
                
-----------------------------------
-----------------------------------
S 4 19 M 3 7
                
            *     *
         *     *     *
      *     *     *     *
   *     *     *     *     *
      *     [0;44m.[0m     *     *      
   *     [0;44m.[0m     *     *     *
*     *     *     [0;33mO[0m     *     *
   [0;43m.[0m     *     [0;43m.[0m     *     *
*     *     [0;34mO[0m     [0;44m.[0m     *     *
   *     *     [0;43m.[0m     *     *
*     [0;34mO[0m     [0;43m.[0m     [0;44m.[0m     *     *
   *     [0;44m.[0m     [0;44m.[0m     [0;33mO[0m     *
*     [0;33mO[0m     [0;43m.[0m     [0;43m.[0m     *     *
   *     [0;44m.[0m     [0;44m.[0m     [0;33mO[0m     *
      [0;43m.[0m     [0;43m.[0m     [0;44m.[0m     *      
   [0;43m.[0m     [0;43m.[0m     [0;43m.[0m     *     *
      [0;44m.[0m     [0;44m.[0m     [0;34mO[0m     *
         [0;34mO[0m     [0;43m.[0m     [0;33mO[0m
            [0;43m.[0m     *
                
-----------------------------------
-----------------------------------
S 4 11 M 5 14
                
            *     *
         *     *     *
      *     *     *     *
   *     *     *     *     *
      *     [0;44m.[0m     *     *      
   *     [0;44m.[0m     *     *     *
*     *     *     [0;33mO[0m     *     *
   [0;43m.[0m     *     [0;43m.[0m     *     *
*     *     [0;34mO[0m     [0;44m.[0m     *     *
   *     *     [0;43m.[0m     *     *
*     [0;34mO[0m     [0;43m.[0m     [0;44m.[0m     *     *
   *     [0;44m.[0m     [0;44m.[0m     [0;33mO[0m     *
*     [0;33mO[0m     [0;43m.[0m     [0;43m.[0m     *     *
   *     [0;44m.[0m     [0;44m.[0m     [0;33mO[0m     *
      [0;43m.[0m     [0;43m.[0m     [0;44m.[0m     *      
   [0;43m.[0m     [0;43m.[0m     [0;43m.[0m     *     *
      [0;44m.[0m     [0;44m.[0m     [0;44m.[0m     *
         [0;34mO[0m     [0;43m.[0m     [0;33mO[0m
            [0;43m.[0m     [0;34mO[0m
                
-----------------------------------
-----------------------------------
S 2 1 M 3 2
                
            *     *
         *     *     *
      *     *     *     *
   *     *     *     *     *
      *     [0;44m.[0m     *     *      
   *     [0;44m.[0m     *     [0;33mO[0m     *
*     *     *     [0;43m.[0m     *     *
   [0;43m.[0m     *     [0;43m.[0m     *     *
*     *     [0;34mO[0m     [0;44m.[0m     *     *
   *     *     [0;43m.[0m     *     *
*     [0;34mO[0m     [0;43m.[0m     [0;44m.[0m     *     *
   *     [0;44m.[0m     [0;44m.[0m     [0;33mO[0m     *
*     [0;33mO[0m     [0;43m.[0m     [0;43m.[0m     *     *
   *     [0;44m.[0m     [0;44m.[0m     [0;33mO[0m     *
      [0;43m.[0m     [0;43m.[0m     [0;44m.[0m     *      
   [0;43m.[0m     [0;43m.[0m     [0;43m.[0m     *     *
      [0;44m.[0m     [0;44m.[0m     [0;44m.[0m     *
         [0;34mO[0m     [0;43m.[0m     [0;33mO[0m
            [0;43m.[0m     [0;34mO[0m
                
-----------------------------------
-----------------------------------
S 5 14 M 4 16
                
            *     *
         *     *     *
      *     *     *     *
   *     *     *     *     *
      *     [0;44m.[0m     *     *      
   *     [0;44m.[0m     *     [0;33mO[0m     *
*     *     *     [0;43m.[0m     *     *
   [0;43m.[0m     *     [0;43m.[0m     *     *
*     *     [0;34mO[0m     [0;44m.[0m     *     *
   *     *     [0;43m.[0m     *     *
*     [0;34mO[0m     [0;43m.[0m     [0;44m.[0m     *     *
   *     [0;44m.[0m     [0;44m.[0m     [0;33mO[0m     *
*     [0;33mO[0m     [0;43m.[0m     [0;43m.[0m     *     *
   [0;34mO[0m     [0;44m.[0m     [0;44m.[0m     [0;33mO[0m     *
      [0;44m.[0m     [0;43m.[0m     [0;44m.[0m     *      
   [0;43m.[0m     [0;44m.[0m     [0;43m.[0m     *     *
      [0;44m.[0m     [0;43m.[0m     [0;44m.[0m     *
         [0;34mO[0m     [0;44m.[0m     [0;33mO[0m
            [0;43m.[0m     [0;44m.[0m
                
-----------------------------------
-----------------------------------
RS 5 16 RE 1 4 X 2 4 S 3 7 M 1 4
                
            *     *
         *     *     *
      *     *     *     *
   *     *     *     *     *
      *     [0;44m.[0m     *     *      
   *     [0;44m.[0m     *     [0;33mO[0m     *
*     *     *     [0;43m.[0m     *     *
   [0;43m.[0m     *     [0;43m.[0m     *     *
*     *     [0;34mO[0m     [0;44m.[0m     *     *
   *     *     [0;43m.[0m     *     *
*     [0;34mO[0m     [0;33mO[0m     [0;44m.[0m     *     *
   *     [0;44m.[0m     [0;43m.[0m     *     *
*     [0;33mO[0m     *     [0;44m.[0m     *     *
   [0;34mO[0m     [0;44m.[0m     [0;44m.[0m     [0;43m.[0m     *
      [0;44m.[0m     *     [0;44m.[0m     *      
   [0;43m.[0m     [0;44m.[0m     [0;43m.[0m     *     *
      [0;44m.[0m     *     [0;44m.[0m     *
         [0;34mO[0m     [0;44m.[0m     [0;33mO[0m
            *     [0;44m.[0m
                
-----------------------------------
-----------------------------------
RS 1 1 RE 4 11 X 1 5 S 4 16 M 4 13
                
            *     *
         *     *     *
      *     *     *     *
   *     *     *     *     *
      *     [0;44m.[0m     *     *      
   *     [0;44m.[0m     *     [0;33mO[0m     *
*     *     *     [0;43m.[0m     *     *
   [0;43m.[0m     *     [0;43m.[0m     *     *
*     *     *     *     *     *
   *     *     [0;43m.[0m     *     *
*     [0;34mO[0m     [0;33mO[0m     *     *     *
   *     [0;44m.[0m     [0;43m.[0m     *     *
*     [0;33mO[0m     *     *     *     *
   [0;44m.[0m     [0;44m.[0m     [0;44m.[0m     [0;43m.[0m     *
      [0;43m.[0m     *     *     *      
   [0;43m.[0m     [0;43m.[0m     [0;43m.[0m     *     *
      [0;44m.[0m     [0;34mO[0m     *     *
         [0;34mO[0m     [0;44m.[0m     [0;33mO[0m
            *     [0;44m.[0m
                
-----------------------------------
-----------------------------------
S 3 2 M 4 3
                
            *     *
         *     *     *
      *     *     *     *
   *     *     *     *     *
      *     [0;44m.[0m     *     [0;33mO[0m      
   *     [0;44m.[0m     *     [0;43m.[0m     *
*     *     *     [0;43m.[0m     *     *
   [0;43m.[0m     *     [0;43m.[0m     *     *
*     *     *     *     *     *
   *     *     [0;43m.[0m     *     *
*     [0;34mO[0m     [0;33mO[0m     *     *     *
   *     [0;44m.[0m     [0;43m.[0m     *     *
*     [0;33mO[0m     *     *     *     *
   [0;44m.[0m     [0;44m.[0m     [0;44m.[0m     [0;43m.[0m     *
      [0;43m.[0m     *     *     *      
   [0;43m.[0m     [0;43m.[0m     [0;43m.[0m     *     *
      [0;44m.[0m     [0;34mO[0m     *     *
         [0;34mO[0m     [0;44m.[0m     [0;33mO[0m
            *     [0;44m.[0m
                
-----------------------------------
***********************************

-> You are player 1
-> You are alloted a time of 120s

***********************************

Time remaining is: 120s
You played : P 0 0
P 0 0 True
Player 2 played : P 1 1
P 1 1 True
Time remaining is: 120s
You played : P 1 2
P 1 2 True
Player 2 played : P 2 8
P 2 8 True
Time remaining is: 120s
You played : P 1 4
P 1 4 True
Player 2 played : P 1 5
P 1 5 True
Time remaining is: 120s
You played : P 1 0
P 1 0 True
Player 2 played : P 5 18
P 5 18 True
Time remaining is: 120s
You played : P 1 3
P 1 3 True
Player 2 played : P 3 14
P 3 14 True
Time remaining is: 120s
You played : S 1 4 M 2 7
S 1 4 True
M 2 7 True
Player 2 played : S 2 8 M 2 9
S 2 8 True
M 2 9 True
Time remaining is: 119s
You played : S 2 7 M 3 10
S 2 7 True
M 3 10 True
Player 2 played : S 2 9 M 2 10
S 2 9 True
M 2 10 True
Time remaining is: 119s
You played : S 3 10 M 4 13
S 3 10 True
M 4 13 True
Player 2 played : S 2 10 M 3 16
S 2 10 True
M 3 16 True
Time remaining is: 119s
You played : S 4 13 M 5 16
S 4 13 True
M 5 16 True
Player 2 played : S 5 18 M 2 6
S 5 18 True
M 2 6 True
Time remaining is: 119s
You played : S 1 0 M 2 1
S 1 0 True
M 2 1 True
Player 2 played : S 3 16 M 4 22
S 3 16 True
M 4 22 True
Time remaining is: 119s
You played : S 0 0 M 3 12
S 0 0 True
M 3 12 True
Player 2 played : S 4 22 M 3 17
S 4 22 True
M 3 17 True
Time remaining is: 119s
You played : S 1 3 M 3 11
S 1 3 True
M 3 11 True
Player 2 played : S 2 6 M 3 13 RS 4 22 RE 2 8 X 3 14
S 2 6 True
M 3 13 True
RS 4 22 True
RE 2 8 True
X 3 14 True
Time remaining is: 119s
You played : S 3 11 M 3 9
S 3 11 True
M 3 9 True
Player 2 played : S 3 17 M 3 16
S 3 17 True
M 3 16 True
Time remaining is: 119s
You played : S 3 9 M 5 13
S 3 9 True
M 5 13 True
Player 2 played : S 3 16 M 2 8
S 3 16 True
M 2 8 True
Time remaining is: 119s
You played : S 1 2 M 2 4
S 1 2 True
M 2 4 True
Player 2 played : S 2 8 M 4 14
S 2 8 True
M 4 14 True
Time remaining is: 119s
You played : S 5 16 M 4 12
S 5 16 True
M 4 12 True
Player 2 played : S 4 14 M 5 17
S 4 14 True
M 5 17 True
Time remaining is: 118s
You played : S 4 12 M 4 15
S 4 12 True
M 4 15 True
Player 2 played : S 1 1 M 2 5
S 1 1 True
M 2 5 True
Time remaining is: 118s
You played : S 4 15 M 5 19
S 4 15 True
M 5 19 True
Player 2 played : S 2 5 M 3 8
S 2 5 True
M 3 8 True
Time remaining is: 118s
You played : S 5 19 M 4 19
S 5 19 True
M 4 19 True
Player 2 played : S 3 8 M 4 11
S 3 8 True
M 4 11 True
Time remaining is: 118s
You played : S 4 19 M 3 7
S 4 19 True
M 3 7 True
Player 2 played : S 4 11 M 5 14
S 4 11 True
M 5 14 True
Time remaining is: 118s
You played : S 2 1 M 3 2
S 2 1 True
M 3 2 True
Player 2 played : S 5 14 M 4 16
S 5 14 True
M 4 16 True
Time remaining is: 118s
You played : RS 5 16 RE 1 4 X 2 4 S 3 7 M 1 4
RS 5 16 True
RE 1 4 True
X 2 4 True
S 3 7 True
M 1 4 True
Player 2 played : RS 1 1 RE 4 11 X 1 5 S 4 16 M 4 13
RS 1 1 True
RE 4 11 True
X 1 5 True
S 4 16 True
M 4 13 True
Time remaining is: 118s
You played : S 3 2 M 4 3
S 3 2 True
M 4 3 True
Player 2 played : S 4 13 M 5 21 RS 5 14 RE 4 15 X 5 17
S 4 13 True
M 5 21 True
RS 5 14 True
RE 4 15 True
X 5 17 True
OTHER PLAYER WINS!
Your Score : 1.01
Opponent's Score : 9.006
