***********************************

-> You are player 1
-> You are alloted a time of 120s

***********************************

Time remaining is: 120s
You played : P 0 0
P 0 0 True
Player 2 played : P 1 5
P 1 5 True
Time remaining is: 120s
You played : P 1 0
P 1 0 True
Player 2 played : P 3 16
P 3 16 True
Time remaining is: 120s
You played : P 1 1
P 1 1 True
Player 2 played : P 1 3
P 1 3 True
Time remaining is: 120s
You played : P 1 2
P 1 2 True
Player 2 played : P 3 8
P 3 8 True
Time remaining is: 120s
You played : P 1 4
P 1 4 True
Player 2 played : P 2 11
P 2 11 True
Time remaining is: 120s
You played : S 1 0 M 2 1
S 1 0 True
M 2 1 True
Player 2 played : S 3 16 M 3 17
S 3 16 True
M 3 17 True
Time remaining is: 120s
You played : S 1 2 M 2 3
S 1 2 True
M 2 3 True
Player 2 played : S 3 17 M 4 23
S 3 17 True
M 4 23 True
Time remaining is: 120s
You played : S 2 1 M 4 22
S 2 1 True
M 4 22 True
Player 2 played : S 2 11 M 3 14
S 2 11 True
M 3 14 True
Time remaining is: 120s
You played : S 4 22 M 4 21
S 4 22 True
M 4 21 True
Player 2 played : S 1 5 M 2 10
S 1 5 True
M 2 10 True
Time remaining is: 120s
You played : S 2 3 M 3 4
S 2 3 True
M 3 4 True
Player 2 played : S 3 14 M 4 19
S 3 14 True
M 4 19 True
Time remaining is: 120s
You played : S 0 0 M 2 0
S 0 0 True
M 2 0 True
Player 2 played : S 4 19 M 3 0
S 4 19 True
M 3 0 True
Time remaining is: 119s
You played : S 4 21 M 4 20
S 4 21 True
M 4 20 True
Player 2 played : S 4 23 M 5 29
S 4 23 True
M 5 29 True
Time remaining is: 114s
You played : S 2 0 M 5 27
S 2 0 True
M 5 27 True
Player 2 played : S 5 29 M 4 0
S 5 29 True
M 4 0 True
Time remaining is: 101s
You played : S 4 20 M 3 15
S 4 20 True
M 3 15 True
Player 2 played : S 1 3 M 5 19
S 1 3 True
M 5 19 True
Time remaining is: 90s
You played : S 3 4 M 2 2
S 3 4 True
M 2 2 True
Player 2 played : S 2 10 M 3 1
S 2 10 True
M 3 1 True
Time remaining is: 86s
You played : S 1 4 M 2 8
S 1 4 True
M 2 8 True
Player 2 played : S 3 1 M 3 2
S 3 1 True
M 3 2 True
Time remaining is: 84s
You played : S 2 8 M 2 9
S 2 8 True
M 2 9 True
Player 2 played : S 3 0 M 4 1
S 3 0 True
M 4 1 True
Time remaining is: 82s
You played : S 2 2 M 4 6
S 2 2 True
M 4 6 True
Player 2 played : S 3 8 M 3 13
S 3 8 True
M 3 13 True
Time remaining is: 80s
You played : S 1 1 M 2 5
S 1 1 True
M 2 5 True
Player 2 played : S 5 19 M 3 11
S 5 19 True
M 3 11 True
Time remaining is: 79s
You played : S 3 15 M 5 23
S 3 15 True
M 5 23 True
Player 2 played : S 4 1 M 4 4
S 4 1 True
M 4 4 True
Time remaining is: 78s
You played : S 2 5 M 5 1
S 2 5 True
M 5 1 True
Player 2 played : S 3 2 M 4 3
S 3 2 True
M 4 3 True
Time remaining is: 72s
You played : S 5 27 M 5 28
S 5 27 True
M 5 28 True
Player 2 played : S 4 3 M 4 2 RS 4 3 RE 1 5 X 4 4
S 4 3 True
M 4 2 True
RS 4 3 True
RE 1 5 True
X 4 4 True
Time remaining is: 70s
You played : S 5 23 M 5 24 RS 5 23 RE 3 17 X 5 1
S 5 23 True
M 5 24 True
RS 5 23 True
RE 3 17 True
X 5 1 True
Player 2 played : S 4 2 M 3 2
S 4 2 True
M 3 2 True
Time remaining is: 67s
You played : S 5 24 M 4 19
S 5 24 True
M 4 19 True
Player 2 played : S 3 2 M 1 0
S 3 2 True
M 1 0 True
Time remaining is: 67s
You played : S 4 19 M 3 17
S 4 19 True
M 3 17 True
Player 2 played : S 4 0 M 5 1
S 4 0 True
M 5 1 True
Time remaining is: 65s
You played : S 3 17 M 2 1
S 3 17 True
M 2 1 True
Player 2 played : S 1 0 M 3 16
S 1 0 True
M 3 16 True
Time remaining is: 63s
You played : S 2 1 M 1 5
S 2 1 True
M 1 5 True
Player 2 played : S 5 1 M 5 4
S 5 1 True
M 5 4 True
Time remaining is: 63s
You played : S 5 28 M 5 26
S 5 28 True
M 5 26 True
Player 2 played : S 5 4 M 4 3
S 5 4 True
M 4 3 True
Time remaining is: 62s
You played : S 1 5 M 3 15
S 1 5 True
M 3 15 True
Player 2 played : S 4 3 M 5 3
S 4 3 True
M 5 3 True
Time remaining is: 61s
You played : S 4 6 M 4 5
S 4 6 True
M 4 5 True
Player 2 played : S 5 3 M 4 18
S 5 3 True
M 4 18 True
Time remaining is: 61s
You played : S 2 9 M 3 7
S 2 9 True
M 3 7 True
Player 2 played : S 3 16 M 3 5
S 3 16 True
M 3 5 True
Time remaining is: 61s
You played : S 4 5 M 5 7
S 4 5 True
M 5 7 True
Player 2 played : S 3 11 M 2 7
S 3 11 True
M 2 7 True
Time remaining is: 60s
You played : S 5 7 M 3 3
S 5 7 True
M 3 3 True
Player 2 played : S 3 13 M 4 15
S 3 13 True
M 4 15 True
Time remaining is: 60s
You played : S 3 3 M 4 4
S 3 3 True
M 4 4 True
Player 2 played : S 2 7 M 5 6
S 2 7 True
M 5 6 True
Time remaining is: 59s
You played : S 3 15 M 3 12
S 3 15 True
M 3 12 True
Player 2 played : RS 3 1 RE 3 14 X 5 6 S 4 15 M 5 14 RS 1 3 RE 5 19 X 4 18
RS 3 1 True
RE 3 14 True
X 5 6 True
S 4 15 True
M 5 14 True
RS 1 3 True
RE 5 19 True
X 4 18 True
OTHER PLAYER WINS!
Your Score : 1.022
Opponent's Score : 9.018
