-----------------------------My Move P 5 29
  
            0     .              
         .     .     .           
      .     .     .     .        
   .     .     .     .     .     
      .     .     .     .        
   .     .     .     .     .     
.     .     .     .     .     .  
   .     .     .     .     .     
.     .     .     .     .     .  
   .     .     #     .     .     
.     .     .     .     .     .  
   .     .     .     .     .     
.     .     .     .     .     .  
   .     .     .     .     .     
      .     .     .     .        
   .     .     .     .     .     
      .     .     .     .        
         .     .     .           
            .     .              
-----------------------------Opp Move P 1 4
0:0 1:3 2:0 3:0 4:0 5:0 6:3 7:0 8:0 9:0 10:0 0:0 1:5 2:1 3:0 4:0 5:0 6:5 7:1 8:0 9:0 10:0   
            0     .              
         .     .     .           
      .     .     .     .        
   .     .     .     .     .     
      .     .     .     .        
   .     .     .     .     .     
.     .     .     .     .     .  
   .     .     .     .     .     
.     .     .     .     .     .  
   .     .     #     .     .     
.     .     #     .     .     .  
   .     .     .     .     .     
.     .     .     .     .     .  
   .     .     .     .     .     
      .     .     .     .        
   .     .     .     .     .     
      .     .     .     .        
         .     .     .           
            .     .              
-----------------------------My Move P 5 28
  
            0     .              
         0     .     .           
      .     .     .     .        
   .     .     .     .     .     
      .     .     .     .        
   .     .     .     .     .     
.     .     .     .     .     .  
   .     .     .     .     .     
.     .     .     .     .     .  
   .     .     #     .     .     
.     .     #     .     .     .  
   .     .     .     .     .     
.     .     .     .     .     .  
   .     .     .     .     .     
      .     .     .     .        
   .     .     .     .     .     
      .     .     .     .        
         .     .     .           
            .     .              
-----------------------------Opp Move P 1 5
0:0 1:5 2:1 3:0 4:0 5:0 6:5 7:1 8:0 9:0 10:0 0:0 1:6 2:3 3:0 4:0 5:0 6:6 7:3 8:0 9:0 10:0   
            0     .              
         0     .     .           
      .     .     .     .        
   .     .     .     .     .     
      .     .     .     .        
   .     .     .     .     .     
.     .     .     .     .     .  
   .     .     .     .     .     
.     .     #     .     .     .  
   .     .     #     .     .     
.     .     #     .     .     .  
   .     .     .     .     .     
.     .     .     .     .     .  
   .     .     .     .     .     
      .     .     .     .        
   .     .     .     .     .     
      .     .     .     .        
         .     .     .           
            .     .              
-----------------------------My Move P 5 27
  
            0     .              
         0     .     .           
      0     .     .     .        
   .     .     .     .     .     
      .     .     .     .        
   .     .     .     .     .     
.     .     .     .     .     .  
   .     .     .     .     .     
.     .     #     .     .     .  
   .     .     #     .     .     
.     .     #     .     .     .  
   .     .     .     .     .     
.     .     .     .     .     .  
   .     .     .     .     .     
      .     .     .     .        
   .     .     .     .     .     
      .     .     .     .        
         .     .     .           
            .     .              
-----------------------------Opp Move P 1 3
0:0 1:7 2:1 3:1 4:0 5:0 6:7 7:1 8:1 9:0 10:0 0:0 1:7 2:5 3:0 4:0 5:0 6:7 7:5 8:0 9:0 10:0   
            0     .              
         0     .     .           
      0     .     .     .        
   .     .     .     .     .     
      .     .     .     .        
   .     .     .     .     .     
.     .     .     .     .     .  
   .     .     .     .     .     
.     .     #     .     .     .  
   .     .     #     .     .     
.     .     #     .     .     .  
   .     .     #     .     .     
.     .     .     .     .     .  
   .     .     .     .     .     
      .     .     .     .        
   .     .     .     .     .     
      .     .     .     .        
         .     .     .           
            .     .              
-----------------------------My Move P 5 26
  
            0     .              
         0     .     .           
      0     .     .     .        
   0     .     .     .     .     
      .     .     .     .        
   .     .     .     .     .     
.     .     .     .     .     .  
   .     .     .     .     .     
.     .     #     .     .     .  
   .     .     #     .     .     
.     .     #     .     .     .  
   .     .     #     .     .     
.     .     .     .     .     .  
   .     .     .     .     .     
      .     .     .     .        
   .     .     .     .     .     
      .     .     .     .        
         .     .     .           
            .     .              
-----------------------------Opp Move P 2 8
0:0 1:9 2:1 3:1 4:1 5:0 6:9 7:1 8:1 9:1 10:0 0:0 1:9 2:5 3:1 4:0 5:0 6:9 7:5 8:1 9:0 10:0   
            0     .              
         0     .     .           
      0     .     .     .        
   0     .     .     .     .     
      .     .     .     .        
   .     .     .     .     .     
.     .     .     .     .     .  
   .     .     .     .     .     
.     .     #     .     .     .  
   .     .     #     .     .     
.     .     #     .     .     .  
   .     #     #     .     .     
.     .     .     .     .     .  
   .     .     .     .     .     
      .     .     .     .        
   .     .     .     .     .     
      .     .     .     .        
         .     .     .           
            .     .              
-----------------------------My Move P 5 1
  
            0     0              
         0     .     .           
      0     .     .     .        
   0     .     .     .     .     
      .     .     .     .        
   .     .     .     .     .     
.     .     .     .     .     .  
   .     .     .     .     .     
.     .     #     .     .     .  
   .     .     #     .     .     
.     .     #     .     .     .  
   .     #     #     .     .     
.     .     .     .     .     .  
   .     .     .     .     .     
      .     .     .     .        
   .     .     .     .     .     
      .     .     .     .        
         .     .     .           
            .     .              
-----------------------------Opp Move S 0 0 M 1 0
0:0 1:12 2:1 3:1 4:1 5:0 6:12 7:1 8:1 9:1 10:0 0:0 1:10 2:6 3:2 4:0 5:0 6:10 7:4 8:1 9:0 10:0   
            0     0              
         0     .     .           
      0     .     .     .        
   0     .     .     .     .     
      .     .     .     .        
   .     .     .     .     .     
.     .     .     .     .     .  
   .     .     #     .     .     
.     .     #     .     .     .  
   .     .     x     .     .     
.     .     #     .     .     .  
   .     #     #     .     .     
.     .     .     .     .     .  
   .     .     .     .     .     
      .     .     .     .        
   .     .     .     .     .     
      .     .     .     .        
         .     .     .           
            .     .              
-----------------------Eval=485
my ring out0
opp ring out0
-----------------------------My Move S 5 29 M 3 17
  
            o     0              
         0     .     .           
      0     .     .     .        
   0     .     .     .     .     
      .     0     .     .        
   .     .     .     .     .     
.     .     .     .     .     .  
   .     .     #     .     .     
.     .     #     .     .     .  
   .     .     x     .     .     
.     .     #     .     .     .  
   .     #     #     .     .     
.     .     .     .     .     .  
   .     .     .     .     .     
      .     .     .     .        
   .     .     .     .     .     
      .     .     .     .        
         .     .     .           
            .     .              
-----------------------------Opp Move S 1 0 M 1 1
0:0 1:15 2:1 3:1 4:1 5:0 6:13 7:1 8:1 9:0 10:0 0:0 1:11 2:7 3:2 4:1 5:0 6:10 7:4 8:0 9:1 10:0   
            o     0              
         0     .     .           
      0     .     .     .        
   0     .     .     .     .     
      .     0     .     .        
   .     .     .     .     .     
.     .     .     .     .     .  
   .     .     x     .     .     
.     .     #     #     .     .  
   .     .     x     .     .     
.     .     #     .     .     .  
   .     #     #     .     .     
.     .     .     .     .     .  
   .     .     .     .     .     
      .     .     .     .        
   .     .     .     .     .     
      .     .     .     .        
         .     .     .           
            .     .              
-----------------------Eval=466
my ring out0
opp ring out0
-----------------------------My Move S 3 17 M 2 11
  
            o     0              
         0     .     .           
      0     .     .     .        
   0     .     .     .     .     
      .     o     .     .        
   .     .     .     .     .     
.     .     0     .     .     .  
   .     .     x     .     .     
.     .     #     #     .     .  
   .     .     x     .     .     
.     .     #     .     .     .  
   .     #     #     .     .     
.     .     .     .     .     .  
   .     .     .     .     .     
      .     .     .     .        
   .     .     .     .     .     
      .     .     .     .        
         .     .     .           
            .     .              
-----------------------------Opp Move S 1 4 M 2 9
0:0 1:17 2:2 3:1 4:1 5:0 6:13 7:1 8:1 9:0 10:0 0:0 1:11 2:8 3:4 4:1 5:0 6:9 7:4 8:1 9:1 10:0   
            o     0              
         0     .     .           
      0     .     .     .        
   0     .     .     .     .     
      .     o     .     .        
   .     .     .     .     .     
.     .     0     .     .     .  
   .     .     x     .     .     
.     .     #     #     .     .  
   .     #     x     .     .     
.     .     x     .     .     .  
   .     #     #     .     .     
.     .     .     .     .     .  
   .     .     .     .     .     
      .     .     .     .        
   .     .     .     .     .     
      .     .     .     .        
         .     .     .           
            .     .              
-----------------------Eval=388
my ring out0
opp ring out0
-----------------------------My Move S 5 27 M 3 13
  
            o     0              
         0     .     .           
      o     .     .     .        
   0     .     .     .     .     
      .     o     .     .        
   .     .     .     .     .     
.     .     0     .     .     .  
   .     .     x     .     .     
.     .     #     #     .     .  
   .     #     x     .     .     
.     0     x     .     .     .  
   .     #     #     .     .     
.     .     .     .     .     .  
   .     .     .     .     .     
      .     .     .     .        
   .     .     .     .     .     
      .     .     .     .        
         .     .     .           
            .     .              
-----------------------------Opp Move S 1 3 M 2 6
0:0 1:20 2:2 3:1 4:1 5:0 6:14 7:0 8:1 9:0 10:0 0:0 1:13 2:8 3:4 4:2 5:0 6:10 7:4 8:0 9:1 10:0   
            o     0              
         0     .     .           
      o     .     .     .        
   0     .     .     .     .     
      .     o     .     .        
   .     .     .     .     .     
.     .     0     .     .     .  
   .     .     x     .     .     
.     .     #     #     .     .  
   .     #     x     .     .     
.     0     x     .     .     .  
   .     #     x     .     .     
.     .     .     .     .     .  
   .     .     #     .     .     
      .     .     .     .        
   .     .     .     .     .     
      .     .     .     .        
         .     .     .           
            .     .              
-----------------------Eval=-101
my ring out0
opp ring out0
-----------------------------My Move S 5 26 M 5 19
  
            o     0              
         0     .     .           
      o     .     .     .        
   o     .     .     .     .     
      .     o     .     .        
   .     .     .     .     .     
.     .     0     .     .     .  
   .     .     x     .     .     
.     .     #     #     .     .  
   .     #     x     .     .     
.     0     x     .     .     .  
   .     #     x     .     .     
.     .     .     .     .     .  
   .     .     #     .     .     
      .     .     .     .        
   0     .     .     .     .     
      .     .     .     .        
         .     .     .           
            .     .              
-----------------------------Opp Move S 2 8 M 2 7
0:0 1:23 2:2 3:1 4:1 5:0 6:14 7:0 8:1 9:0 10:0 0:0 1:12 2:10 3:6 4:2 5:0 6:8 7:4 8:2 9:1 10:0   
            o     0              
         0     .     .           
      o     .     .     .        
   o     .     .     .     .     
      .     o     .     .        
   .     .     .     .     .     
.     .     0     .     .     .  
   .     .     x     .     .     
.     .     #     #     .     .  
   .     #     x     .     .     
.     0     x     .     .     .  
   .     x     x     .     .     
.     .     #     .     .     .  
   .     .     #     .     .     
      .     .     .     .        
   0     .     .     .     .     
      .     .     .     .        
         .     .     .           
            .     .              
-----------------------Eval=-198
my ring out0
opp ring out0
-----------------------------My Move S 5 19 M 5 18
  
            o     0              
         0     .     .           
      o     .     .     .        
   o     .     .     .     .     
      .     o     .     .        
   .     .     .     .     .     
.     .     0     .     .     .  
   .     .     x     .     .     
.     .     #     #     .     .  
   .     #     x     .     .     
.     0     x     .     .     .  
   .     x     x     .     .     
.     .     #     .     .     .  
   .     .     #     .     .     
      .     .     .     .        
   o     .     .     .     .     
      0     .     .     .        
         .     .     .           
            .     .              
-----------------------------Opp Move S 2 7 M 3 10
0:0 1:25 2:3 3:1 4:1 5:0 6:13 7:1 8:1 9:0 10:0 0:0 1:13 2:11 3:6 4:3 5:0 6:8 7:4 8:1 9:2 10:0   
            o     0              
         0     .     .           
      o     .     .     .        
   o     .     .     .     .     
      .     o     .     .        
   .     .     .     .     .     
.     .     0     .     .     .  
   .     .     x     .     .     
.     .     #     #     .     .  
   .     #     x     .     .     
.     0     x     .     .     .  
   .     x     x     .     .     
.     .     x     .     .     .  
   .     .     #     .     .     
      .     #     .     .        
   o     .     .     .     .     
      0     .     .     .        
         .     .     .           
            .     .              
-----------------------Eval=-12500
my ring out0
opp ring out0
-----------------------------My Move S 5 28 M 4 5
  
            o     0              
         o     .     .           
      o     .     .     .        
   o     .     .     .     .     
      .     o     .     .        
   .     .     .     .     .     
.     .     0     .     .     .  
   .     .     x     .     0     
.     .     #     #     .     .  
   .     #     x     .     .     
.     0     x     .     .     .  
   .     x     x     .     .     
.     .     x     .     .     .  
   .     .     #     .     .     
      .     #     .     .        
   o     .     .     .     .     
      0     .     .     .        
         .     .     .           
            .     .              
-----------------------------Opp Move S 3 10 M 3 11
0:0 1:28 2:3 3:1 4:1 5:0 6:14 7:1 8:0 9:0 10:0 0:0 1:13 2:12 3:8 4:3 5:0 6:8 7:3 8:2 9:2 10:0   
            o     0              
         o     .     .           
      o     .     .     .        
   o     .     .     .     .     
      .     o     .     .        
   .     .     .     .     .     
.     .     0     .     .     .  
   .     .     x     .     0     
.     .     #     #     .     .  
   .     #     x     .     .     
.     0     x     .     .     .  
   .     x     x     .     .     
.     .     x     .     .     .  
   .     #     #     .     .     
      .     x     .     .        
   o     .     .     .     .     
      0     .     .     .        
         .     .     .           
            .     .              
-----------------------Eval=-1194
my ring out0
opp ring out0
-----------------------------My Move S 5 1 M 4 23
  
            o     o              
         o     .     .           
      o     0     .     .        
   o     .     .     .     .     
      .     o     .     .        
   .     .     .     .     .     
.     .     0     .     .     .  
   .     .     x     .     0     
.     .     #     #     .     .  
   .     #     x     .     .     
.     0     x     .     .     .  
   .     x     x     .     .     
.     .     x     .     .     .  
   .     #     #     .     .     
      .     x     .     .        
   o     .     .     .     .     
      0     .     .     .        
         .     .     .           
            .     .              
-----------------------------Opp Move S 2 9 M 2 10
0:0 1:28 2:4 3:2 4:2 5:0 6:12 7:2 8:1 9:0 10:0 0:0 1:14 2:12 3:9 4:4 5:0 6:7 7:4 8:1 9:3 10:0   
            o     o              
         o     .     .           
      o     0     .     .        
   o     .     .     .     .     
      .     o     .     .        
   .     .     .     .     .     
.     .     0     .     .     .  
   .     #     x     .     0     
.     .     #     #     .     .  
   .     x     x     .     .     
.     0     x     .     .     .  
   .     x     x     .     .     
.     .     x     .     .     .  
   .     #     #     .     .     
      .     x     .     .        
   o     .     .     .     .     
      0     .     .     .        
         .     .     .           
            .     .              
-----------------------Eval=-1254
my ring out0
opp ring out0
-----------------------------My Move S 4 23 M 4 21
  
            o     o              
         o     .     .           
      o     o     .     .        
   o     .     .     .     .     
      0     o     .     .        
   .     .     .     .     .     
.     .     0     .     .     .  
   .     #     x     .     0     
.     .     #     #     .     .  
   .     x     x     .     .     
.     0     x     .     .     .  
   .     x     x     .     .     
.     .     x     .     .     .  
   .     #     #     .     .     
      .     x     .     .        
   o     .     .     .     .     
      0     .     .     .        
         .     .     .           
            .     .              
-----------------------------Opp Move S 2 10 M 3 14
0:0 1:29 2:6 3:2 4:2 5:0 6:13 7:2 8:0 9:0 10:0 0:0 1:15 2:13 3:9 4:5 5:0 6:8 7:4 8:1 9:2 10:0   
            o     o              
         o     .     .           
      o     o     .     .        
   o     .     .     .     .     
      0     o     .     .        
   .     .     .     .     .     
.     .     0     .     .     .  
   .     x     x     .     0     
.     #     #     #     .     .  
   .     x     x     .     .     
.     0     x     .     .     .  
   .     x     x     .     .     
.     .     x     .     .     .  
   .     #     #     .     .     
      .     x     .     .        
   o     .     .     .     .     
      0     .     .     .        
         .     .     .           
            .     .              
-----------------------Eval=10792
my ring out0
opp ring out0
-----------------------------My Move S 4 21 M 4 0
  
            o     o              
         o     0     .           
      o     x     .     .        
   o     .     .     .     .     
      o     o     .     .        
   .     .     .     .     .     
.     .     0     .     .     .  
   .     x     x     .     0     
.     #     #     #     .     .  
   .     x     x     .     .     
.     0     x     .     .     .  
   .     x     x     .     .     
.     .     x     .     .     .  
   .     #     #     .     .     
      .     x     .     .        
   o     .     .     .     .     
      0     .     .     .        
         .     .     .           
            .     .              
-----------------------------Opp Move S 1 1 M 1 2
0:0 1:30 2:7 3:1 4:1 5:0 6:13 7:2 8:0 9:0 10:0 0:0 1:18 2:14 3:9 4:7 5:0 6:8 7:3 8:1 9:3 10:0   
            o     o              
         o     0     .           
      o     x     .     .        
   o     .     .     .     .     
      o     o     .     .        
   .     .     .     .     .     
.     .     0     .     .     .  
   .     x     x     .     0     
.     #     #     x     .     .  
   .     x     x     .     .     
.     0     x     #     .     .  
   .     x     x     .     .     
.     .     x     .     .     .  
   .     #     #     .     .     
      .     x     .     .        
   o     .     .     .     .     
      0     .     .     .        
         .     .     .           
            .     .              
-----------------------Eval=170121
my ring out0
opp ring out0
-----------------------------My Move S 4 0 M 4 22
  
            o     o              
         o     o     .           
      o     o     .     .        
   o     0     .     .     .     
      o     o     .     .        
   .     .     .     .     .     
.     .     0     .     .     .  
   .     x     x     .     0     
.     #     #     x     .     .  
   .     x     x     .     .     
.     0     x     #     .     .  
   .     x     x     .     .     
.     .     x     .     .     .  
   .     #     #     .     .     
      .     x     .     .        
   o     .     .     .     .     
      0     .     .     .        
         .     .     .           
            .     .              
-----------------------------Opp Move S 3 11 M 4 14
0:0 1:27 2:10 3:4 4:3 5:1 6:12 7:3 8:0 9:0 10:0 0:0 1:16 2:14 3:10 4:7 5:1 6:8 7:2 8:2 9:3 10:0   
            o     o              
         o     o     .           
      o     o     .     .        
   o     0     .     .     .     
      o     o     .     .        
   .     .     .     .     .     
.     .     0     .     .     .  
   .     x     x     .     0     
.     #     #     x     .     .  
   .     x     x     .     .     
.     0     x     #     .     .  
   .     x     x     .     .     
.     .     x     .     .     .  
   .     x     #     .     .     
      .     x     .     .        
   o     #     .     .     .     
      0     .     .     .        
         .     .     .           
            .     .              
-----------------------Eval=961
my ring out0
opp ring out0
-----------------------------My Move S 4 22 M 3 16 RS 4 21 RE 5 1 X 3 13
  
            o     .              
         o     .     .           
      o     .     .     .        
   o     .     .     .     .     
      .     o     .     .        
   .     0     .     .     .     
.     .     0     .     .     .  
   .     x     x     .     0     
.     #     #     x     .     .  
   .     x     x     .     .     
.     .     x     #     .     .  
   .     x     x     .     .     
.     .     x     .     .     .  
   .     x     #     .     .     
      .     x     .     .        
   o     #     .     .     .     
      0     .     .     .        
         .     .     .           
            .     .              
-----------------------------Opp Move S 1 2 M 2 3
0:0 1:23 2:5 3:1 4:1 5:0 6:10 7:2 8:0 9:0 10:0 0:0 1:17 2:14 3:11 4:7 5:2 6:8 7:2 8:3 9:1 10:1   
            o     .              
         o     .     .           
      o     .     .     .        
   o     .     .     .     .     
      .     o     .     .        
   .     0     .     .     .     
.     .     0     .     .     .  
   .     x     x     .     0     
.     #     #     x     .     .  
   .     x     x     #     .     
.     .     x     x     .     .  
   .     x     x     .     .     
.     .     x     .     .     .  
   .     x     #     .     .     
      .     x     .     .        
   o     #     .     .     .     
      0     .     .     .        
         .     .     .           
            .     .              
-----------------------Eval=1520
my ring out1
opp ring out0
-----------------------------My Move S 4 5 M 3 3
  
            o     .              
         o     .     .           
      o     .     .     .        
   o     .     .     .     .     
      .     o     .     .        
   .     0     .     .     .     
.     .     0     .     0     .  
   .     x     x     .     o     
.     #     #     x     .     .  
   .     x     x     #     .     
.     .     x     x     .     .  
   .     x     x     .     .     
.     .     x     .     .     .  
   .     x     #     .     .     
      .     x     .     .        
   o     #     .     .     .     
      0     .     .     .        
         .     .     .           
            .     .              
-----------------------------Opp Move S 3 14 M 3 12
0:0 1:25 2:6 3:1 4:1 5:0 6:10 7:2 8:0 9:0 10:0 0:0 1:18 2:14 3:12 4:7 5:3 6:8 7:2 8:3 9:1 10:1   
            o     .              
         o     .     .           
      o     .     .     .        
   o     .     .     .     .     
      .     o     .     .        
   .     0     .     .     .     
.     .     0     .     0     .  
   .     x     x     .     o     
.     x     #     x     .     .  
   .     x     x     #     .     
.     .     x     x     .     .  
   .     x     x     .     .     
.     #     x     .     .     .  
   .     x     #     .     .     
      .     x     .     .        
   o     #     .     .     .     
      0     .     .     .        
         .     .     .           
            .     .              
-----------------------Eval=1030
my ring out1
opp ring out0
-----------------------------My Move S 3 16 M 4 21
  
            o     .              
         o     .     .           
      o     .     .     .        
   o     .     .     .     .     
      0     o     .     .        
   .     o     .     .     .     
.     .     0     .     0     .  
   .     x     x     .     o     
.     x     #     x     .     .  
   .     x     x     #     .     
.     .     x     x     .     .  
   .     x     x     .     .     
.     #     x     .     .     .  
   .     x     #     .     .     
      .     x     .     .        
   o     #     .     .     .     
      0     .     .     .        
         .     .     .           
            .     .              
-----------------------------Opp Move S 3 12 M 4 15 RS 3 12 RE 1 1 X 2 3
0:0 1:25 2:7 3:2 4:2 5:0 6:9 7:2 8:0 9:1 10:0 0:0 1:21 2:13 3:3 4:1 5:1 6:7 7:4 8:1 9:0 10:0   
            o     .              
         o     .     .           
      o     .     .     .        
   o     .     .     .     .     
      0     o     .     .        
   .     o     .     .     .     
.     .     0     .     0     .  
   .     x     x     .     o     
.     x     #     .     .     .  
   .     x     .     .     .     
.     .     .     x     .     .  
   .     .     x     .     .     
.     .     x     .     .     .  
   .     x     #     .     .     
      #     x     .     .        
   o     #     .     .     .     
      0     .     .     .        
         .     .     .           
            .     .              
-----------------------Eval=54
my ring out1
opp ring out1
-----------------------------My Move S 4 21 M 4 22
  
            o     .              
         o     .     .           
      o     .     .     .        
   o     0     .     .     .     
      o     o     .     .        
   .     o     .     .     .     
.     .     0     .     0     .  
   .     x     x     .     o     
.     x     #     .     .     .  
   .     x     .     .     .     
.     .     .     x     .     .  
   .     .     x     .     .     
.     .     x     .     .     .  
   .     x     #     .     .     
      #     x     .     .        
   o     #     .     .     .     
      0     .     .     .        
         .     .     .           
            .     .              
-----------------------------Opp Move S 4 15 M 3 12 RS 4 15 RE 1 2 X 3 12
0:0 1:23 2:10 3:4 4:2 5:0 6:7 7:4 8:0 9:1 10:0 0:0 1:16 2:6 3:2 4:0 5:0 6:6 7:2 8:1 9:0 10:0   
            o     .              
         o     .     .           
      o     .     .     .        
   o     0     .     .     .     
      o     o     .     .        
   .     o     .     .     .     
.     .     0     .     0     .  
   .     x     x     .     o     
.     x     #     .     .     .  
   .     x     .     .     .     
.     .     .     .     .     .  
   .     .     .     .     .     
.     .     .     .     .     .  
   .     .     #     .     .     
      .     x     .     .        
   o     #     .     .     .     
      0     .     .     .        
         .     .     .           
            .     .              
-----------------------Eval=110
my ring out1
opp ring out2
-----------------------------My Move S 2 11 M 1 1 RS 5 26 RE 1 0 X 5 18
  
            o     .              
         o     .     .           
      o     .     .     .        
   .     0     .     .     .     
      .     o     .     .        
   .     .     .     .     .     
.     .     .     .     0     .  
   .     x     .     .     o     
.     x     #     0     .     .  
   .     x     .     .     .     
.     .     .     .     .     .  
   .     .     .     .     .     
.     .     .     .     .     .  
   .     .     #     .     .     
      .     x     .     .        
   o     #     .     .     .     
      .     .     .     .        
         .     .     .           
            .     .              
-----------------------------Opp Move S 1 5 M 2 11
0:0 1:21 2:4 3:2 4:0 5:0 6:8 7:1 8:0 9:0 10:0 0:0 1:15 2:7 3:2 4:0 5:0 6:6 7:1 8:2 9:0 10:0   
            o     .              
         o     .     .           
      o     .     .     .        
   .     0     .     .     .     
      .     o     .     .        
   .     .     .     .     .     
.     .     #     .     0     .  
   .     x     .     .     o     
.     x     x     0     .     .  
   .     x     .     .     .     
.     .     .     .     .     .  
   .     .     .     .     .     
.     .     .     .     .     .  
   .     .     #     .     .     
      .     x     .     .        
   o     #     .     .     .     
      .     .     .     .        
         .     .     .           
            .     .              
-----------------------Eval=1018
my ring out2
opp ring out2
-----------------------------My Move S 4 22 M 3 16
  
            o     .              
         o     .     .           
      o     .     .     .        
   .     o     .     .     .     
      .     o     .     .        
   .     0     .     .     .     
.     .     #     .     0     .  
   .     x     .     .     o     
.     x     x     0     .     .  
   .     x     .     .     .     
.     .     .     .     .     .  
   .     .     .     .     .     
.     .     .     .     .     .  
   .     .     #     .     .     
      .     x     .     .        
   o     #     .     .     .     
      .     .     .     .        
         .     .     .           
            .     .              
-----------------------------Opp Move S 2 6 M 2 8
0:0 1:22 2:5 3:3 4:0 5:0 6:9 7:0 8:0 9:0 10:0 0:0 1:17 2:7 3:3 4:0 5:0 6:7 7:1 8:1 9:0 10:0   
            o     .              
         o     .     .           
      o     .     .     .        
   .     o     .     .     .     
      .     o     .     .        
   .     0     .     .     .     
.     .     #     .     0     .  
   .     x     .     .     o     
.     x     x     0     .     .  
   .     x     .     .     .     
.     .     .     .     .     .  
   .     #     .     .     .     
.     .     .     .     .     .  
   .     .     x     .     .     
      .     x     .     .        
   o     #     .     .     .     
      .     .     .     .        
         .     .     .           
            .     .              
-----------------------Eval=1115
my ring out2
opp ring out2
-----------------------------My Move S 1 1 M 0 0
  
            o     .              
         o     .     .           
      o     .     .     .        
   .     o     .     .     .     
      .     o     .     .        
   .     0     .     .     .     
.     .     #     .     0     .  
   .     x     .     .     o     
.     x     x     o     .     .  
   .     x     0     .     .     
.     .     .     .     .     .  
   .     #     .     .     .     
.     .     .     .     .     .  
   .     .     x     .     .     
      .     x     .     .        
   o     #     .     .     .     
      .     .     .     .        
         .     .     .           
            .     .              
-----------------------------Opp Move S 4 14 M 5 18
0:0 1:24 2:6 3:3 4:0 5:0 6:9 7:0 8:0 9:0 10:0 0:0 1:19 2:7 3:3 4:1 5:0 6:7 7:1 8:1 9:0 10:0   
            o     .              
         o     .     .           
      o     .     .     .        
   .     o     .     .     .     
      .     o     .     .        
   .     0     .     .     .     
.     .     #     .     0     .  
   .     x     .     .     o     
.     x     x     o     .     .  
   .     x     0     .     .     
.     .     .     .     .     .  
   .     #     .     .     .     
.     .     .     .     .     .  
   .     .     x     .     .     
      .     x     .     .        
   o     x     .     .     .     
      #     .     .     .        
         .     .     .           
            .     .              
-----------------------Eval=1135
my ring out2
opp ring out2
-----------------------------My Move S 3 3 M 2 2
  
            o     .              
         o     .     .           
      o     .     .     .        
   .     o     .     .     .     
      .     o     .     .        
   .     0     .     .     .     
.     .     #     .     o     .  
   .     x     .     0     o     
.     x     x     o     .     .  
   .     x     0     .     .     
.     .     .     .     .     .  
   .     #     .     .     .     
.     .     .     .     .     .  
   .     .     x     .     .     
      .     x     .     .        
   o     x     .     .     .     
      #     .     .     .        
         .     .     .           
            .     .              
-----------------------------Opp Move S 2 11 M 1 0
0:0 1:25 2:6 3:4 4:1 5:0 6:8 7:0 8:1 9:0 10:0 0:0 1:20 2:8 3:4 4:1 5:0 6:7 7:1 8:1 9:0 10:0   
            o     .              
         o     .     .           
      o     .     .     .        
   .     o     .     .     .     
      .     o     .     .        
   .     0     .     .     .     
.     .     x     .     o     .  
   .     x     #     0     o     
.     x     x     o     .     .  
   .     x     0     .     .     
.     .     .     .     .     .  
   .     #     .     .     .     
.     .     .     .     .     .  
   .     .     x     .     .     
      .     x     .     .        
   o     x     .     .     .     
      #     .     .     .        
         .     .     .           
            .     .              
-----------------------Eval=27138
my ring out2
opp ring out2
-----------------------------My Move S 2 2 M 2 0
  
            o     .              
         o     .     .           
      o     .     .     .        
   .     o     .     .     .     
      .     o     .     .        
   .     0     0     .     .     
.     .     x     .     o     .  
   .     x     #     o     o     
.     x     x     o     .     .  
   .     x     0     .     .     
.     .     .     .     .     .  
   .     #     .     .     .     
.     .     .     .     .     .  
   .     .     x     .     .     
      .     x     .     .        
   o     x     .     .     .     
      #     .     .     .        
         .     .     .           
            .     .              
-----------------------------Opp Move S 1 0 M 3 2
0:0 1:27 2:6 3:4 4:2 5:0 6:8 7:0 8:0 9:1 10:0 0:0 1:23 2:8 3:4 4:1 5:0 6:9 7:0 8:0 9:0 10:0   
            o     .              
         o     .     .           
      o     .     .     .        
   .     o     .     .     .     
      .     o     .     .        
   .     0     0     #     .     
.     .     x     .     o     .  
   .     x     x     o     o     
.     x     x     o     .     .  
   .     x     0     .     .     
.     .     .     .     .     .  
   .     #     .     .     .     
.     .     .     .     .     .  
   .     .     x     .     .     
      .     x     .     .        
   o     x     .     .     .     
      #     .     .     .        
         .     .     .           
            .     .              
-----------------------Eval=997850
my ring out2
opp ring out2
-----------------------------My Move S 2 0 M 2 1
  
            o     .              
         o     .     .           
      o     .     .     .        
   .     o     .     .     .     
      .     o     .     .        
   .     0     o     #     .     
.     .     x     0     o     .  
   .     x     x     o     o     
.     x     x     o     .     .  
   .     x     0     .     .     
.     .     .     .     .     .  
   .     #     .     .     .     
.     .     .     .     .     .  
   .     .     x     .     .     
      .     x     .     .        
   o     x     .     .     .     
      #     .     .     .        
         .     .     .           
            .     .              
-----------------------------Opp Move S 5 18 M 3 13
0:0 1:27 2:7 3:4 4:2 5:2 6:7 7:1 8:0 9:0 10:1 0:0 1:23 2:10 3:4 4:2 5:0 6:8 7:1 8:0 9:0 10:0   
            o     .              
         o     .     .           
      o     .     .     .        
   .     o     .     .     .     
      .     o     .     .        
   .     0     o     #     .     
.     .     x     0     o     .  
   .     x     x     o     o     
.     x     x     o     .     .  
   .     x     0     .     .     
.     #     .     .     .     .  
   .     #     .     .     .     
.     .     .     .     .     .  
   .     .     x     .     .     
      .     x     .     .        
   o     x     .     .     .     
      x     .     .     .        
         .     .     .           
            .     .              
-----------------------Eval=998956
my ring out2
opp ring out2
-----------------------------My Move S 0 0 M 3 15
  
            o     .              
         o     .     .           
      o     .     .     .        
   .     o     .     .     .     
      .     o     .     .        
   .     0     o     #     .     
.     0     x     0     o     .  
   .     o     x     o     o     
.     x     o     o     .     .  
   .     x     o     .     .     
.     #     .     .     .     .  
   .     #     .     .     .     
.     .     .     .     .     .  
   .     .     x     .     .     
      .     x     .     .        
   o     x     .     .     .     
      x     .     .     .        
         .     .     .           
            .     .              
-----------------------------Opp Move S 2 8 M 2 7
0:0 1:31 2:8 3:6 4:4 5:2 6:5 7:3 8:0 9:0 10:1 0:0 1:24 2:8 3:2 4:2 5:0 6:7 7:1 8:1 9:0 10:0   
            o     .              
         o     .     .           
      o     .     .     .        
   .     o     .     .     .     
      .     o     .     .        
   .     0     o     #     .     
.     0     x     0     o     .  
   .     o     x     o     o     
.     x     o     o     .     .  
   .     x     o     .     .     
.     #     .     .     .     .  
   .     x     .     .     .     
.     .     #     .     .     .  
   .     .     x     .     .     
      .     x     .     .        
   o     x     .     .     .     
      x     .     .     .        
         .     .     .           
            .     .              
-----------------------Eval=1011460
my ring out2
opp ring out2
-----------------------------My Move S 2 1 M 1 2 RS 4 22 RE 2 2 X 3 16
  
            o     .              
         o     .     .           
      o     .     .     .        
   .     .     .     .     .     
      .     .     .     .        
   .     .     .     #     .     
.     0     x     .     o     .  
   .     o     x     .     o     
.     x     o     x     .     .  
   .     x     o     .     .     
.     #     .     0     .     .  
   .     x     .     .     .     
.     .     #     .     .     .  
   .     .     x     .     .     
      .     x     .     .        
   o     x     .     .     .     
      x     .     .     .        
         .     .     .           
            .     .              
***********************************

-> You are player 2
-> You are alloted a time of 120s

***********************************

Player 1 played : P 0 0
P 0 0 True
Time remaining is: 120s
You played : P 5 29
P 5 29 True
Player 1 played : P 1 4
P 1 4 True
Time remaining is: 120s
You played : P 5 28
P 5 28 True
Player 1 played : P 1 5
P 1 5 True
Time remaining is: 120s
You played : P 5 27
P 5 27 True
Player 1 played : P 1 3
P 1 3 True
Time remaining is: 120s
You played : P 5 26
P 5 26 True
Player 1 played : P 2 8
P 2 8 True
Time remaining is: 120s
You played : P 5 1
P 5 1 True
Player 1 played : S 0 0 M 1 0
S 0 0 True
M 1 0 True
Time remaining is: 120s
You played : S 5 29 M 3 17
S 5 29 True
M 3 17 True
Player 1 played : S 1 0 M 1 1
S 1 0 True
M 1 1 True
Time remaining is: 120s
You played : S 3 17 M 2 11
S 3 17 True
M 2 11 True
Player 1 played : S 1 4 M 2 9
S 1 4 True
M 2 9 True
Time remaining is: 120s
You played : S 5 27 M 3 13
S 5 27 True
M 3 13 True
Player 1 played : S 1 3 M 2 6
S 1 3 True
M 2 6 True
Time remaining is: 119s
You played : S 5 26 M 5 19
S 5 26 True
M 5 19 True
Player 1 played : S 2 8 M 2 7
S 2 8 True
M 2 7 True
Time remaining is: 119s
You played : S 5 19 M 5 18
S 5 19 True
M 5 18 True
Player 1 played : S 2 7 M 3 10
S 2 7 True
M 3 10 True
Time remaining is: 119s
You played : S 5 28 M 4 5
S 5 28 True
M 4 5 True
Player 1 played : S 3 10 M 3 11
S 3 10 True
M 3 11 True
Time remaining is: 119s
You played : S 5 1 M 4 23
S 5 1 True
M 4 23 True
Player 1 played : S 2 9 M 2 10
S 2 9 True
M 2 10 True
Time remaining is: 118s
You played : S 4 23 M 4 21
S 4 23 True
M 4 21 True
Player 1 played : S 2 10 M 3 14
S 2 10 True
M 3 14 True
Time remaining is: 118s
You played : S 4 21 M 4 0
S 4 21 True
M 4 0 True
Player 1 played : S 1 1 M 1 2
S 1 1 True
M 1 2 True
Time remaining is: 118s
You played : S 4 0 M 4 22
S 4 0 True
M 4 22 True
Player 1 played : S 3 11 M 4 14
S 3 11 True
M 4 14 True
Time remaining is: 117s
You played : S 4 22 M 3 16 RS 4 21 RE 5 1 X 3 13
S 4 22 True
M 3 16 True
RS 4 21 True
RE 5 1 True
X 3 13 True
Player 1 played : S 1 2 M 2 3
S 1 2 True
M 2 3 True
Time remaining is: 117s
You played : S 4 5 M 3 3
S 4 5 True
M 3 3 True
Player 1 played : S 3 14 M 3 12
S 3 14 True
M 3 12 True
Time remaining is: 117s
You played : S 3 16 M 4 21
S 3 16 True
M 4 21 True
Player 1 played : S 3 12 M 4 15 RS 3 12 RE 1 1 X 2 3
S 3 12 True
M 4 15 True
RS 3 12 True
RE 1 1 True
X 2 3 True
Time remaining is: 117s
You played : S 4 21 M 4 22
S 4 21 True
M 4 22 True
Player 1 played : S 4 15 M 3 12 RS 4 15 RE 1 2 X 3 12
S 4 15 True
M 3 12 True
RS 4 15 True
RE 1 2 True
X 3 12 True
Time remaining is: 116s
You played : S 2 11 M 1 1 RS 5 26 RE 1 0 X 5 18
S 2 11 True
M 1 1 True
RS 5 26 True
RE 1 0 True
X 5 18 True
Player 1 played : S 1 5 M 2 11
S 1 5 True
M 2 11 True
Time remaining is: 116s
You played : S 4 22 M 3 16
S 4 22 True
M 3 16 True
Player 1 played : S 2 6 M 2 8
S 2 6 True
M 2 8 True
Time remaining is: 116s
You played : S 1 1 M 0 0
S 1 1 True
M 0 0 True
Player 1 played : S 4 14 M 5 18
S 4 14 True
M 5 18 True
Time remaining is: 116s
You played : S 3 3 M 2 2
S 3 3 True
M 2 2 True
Player 1 played : S 2 11 M 1 0
S 2 11 True
M 1 0 True
Time remaining is: 116s
You played : S 2 2 M 2 0
S 2 2 True
M 2 0 True
Player 1 played : S 1 0 M 3 2
S 1 0 True
M 3 2 True
Time remaining is: 116s
You played : S 2 0 M 2 1
S 2 0 True
M 2 1 True
Player 1 played : S 5 18 M 3 13
S 5 18 True
M 3 13 True
Time remaining is: 116s
You played : S 0 0 M 3 15
S 0 0 True
M 3 15 True
Player 1 played : S 2 8 M 2 7
S 2 8 True
M 2 7 True
Time remaining is: 116s
You played : S 2 1 M 1 2 RS 4 22 RE 2 2 X 3 16
S 2 1 True
M 1 2 True
RS 4 22 True
RE 2 2 True
X 3 16 True
YOU WIN!
Your Score : 8.009
Opponent's Score : 2.01
