93
Depth 2
Remaining Time 118.290143967
80
Depth 2
Remaining Time 117.180803061
72
Depth 2
Remaining Time 116.399229288
76
Depth 2
Remaining Time 115.407793283
58
Depth 2
Remaining Time 114.68065238
57
Depth 2
Remaining Time 114.194178343
56
Depth 2
Remaining Time 113.768450499
60
Depth 2
Remaining Time 113.28067255
59
Depth 2
Remaining Time 112.810043573
52
Depth 2
Remaining Time 112.634472609
49
Depth 2
Remaining Time 111.95424366
42
Depth 2
Remaining Time 111.664802551
39
Depth 3
Remaining Time 103.893139601
41
Depth 2
Remaining Time 103.484689713
33
Depth 3
Remaining Time 98.6484925747
32
Depth 3
Remaining Time 93.1642365456
26
Depth 3
Remaining Time 89.5659976006
25
Depth 3
Remaining Time 87.9001486301
23
Depth 3
Remaining Time 86.4675588608
25
Depth 3
Remaining Time 84.3720338345
26
Depth 3
Remaining Time 82.1552739143
20
Depth 3
Remaining Time 79.9872078896
16
Depth 4
Remaining Time 66.4308269024
20
Depth 3
Remaining Time 65.5786569118
22
Depth 3
Remaining Time 63.9558148384
24
Depth 3
Remaining Time 63.2530758381
***********************************

-> You are player 2
-> You are alloted a time of 120s

***********************************

Player 1 played : P 0 0
P 0 0 True
Time remaining is: 120s
You played : P 2 11
P 2 11 True
Player 1 played : P 5 21
P 5 21 True
Time remaining is: 120s
You played : P 2 3
P 2 3 True
Player 1 played : P 4 16
P 4 16 True
Time remaining is: 120s
You played : P 2 9
P 2 9 True
Player 1 played : P 4 20
P 4 20 True
Time remaining is: 120s
You played : P 3 5
P 3 5 True
Player 1 played : P 2 0
P 2 0 True
Time remaining is: 120s
You played : P 3 12
P 3 12 True
Player 1 played : S 5 21 M 5 22
S 5 21 True
M 5 22 True
Time remaining is: 120s
You played : S 2 11 M 2 10
S 2 11 True
M 2 10 True
Player 1 played : S 5 22 M 5 23
S 5 22 True
M 5 23 True
Time remaining is: 119s
You played : S 2 10 M 3 14
S 2 10 True
M 3 14 True
Player 1 played : S 5 23 M 3 16
S 5 23 True
M 3 16 True
Time remaining is: 118s
You played : S 3 14 M 4 18
S 3 14 True
M 4 18 True
Player 1 played : S 0 0 M 3 15
S 0 0 True
M 3 15 True
Time remaining is: 117s
You played : S 2 9 M 3 13
S 2 9 True
M 3 13 True
Player 1 played : S 4 20 M 5 24
S 4 20 True
M 5 24 True
Time remaining is: 116s
You played : S 4 18 M 4 19
S 4 18 True
M 4 19 True
Player 1 played : S 3 16 M 1 0
S 3 16 True
M 1 0 True
Time remaining is: 115s
You played : S 3 13 M 2 8
S 3 13 True
M 2 8 True
Player 1 played : S 2 0 M 4 22
S 2 0 True
M 4 22 True
Time remaining is: 114s
You played : S 2 8 M 1 1
S 2 8 True
M 1 1 True
Player 1 played : S 3 15 M 4 21
S 3 15 True
M 4 21 True
Time remaining is: 114s
You played : S 1 1 M 2 1
S 1 1 True
M 2 1 True
Player 1 played : S 1 0 M 1 5
S 1 0 True
M 1 5 True
Time remaining is: 113s
You played : S 2 3 M 1 2
S 2 3 True
M 1 2 True
Player 1 played : S 1 5 M 4 17
S 1 5 True
M 4 17 True
Time remaining is: 113s
You played : S 2 1 M 3 17
S 2 1 True
M 3 17 True
Player 1 played : S 4 22 M 5 28
S 4 22 True
M 5 28 True
Time remaining is: 113s
You played : S 3 17 M 5 27
S 3 17 True
M 5 27 True
Player 1 played : S 5 28 M 3 3
S 5 28 True
M 3 3 True
Time remaining is: 112s
You played : S 5 27 M 5 29 RS 5 27 RE 2 1 X 3 12
S 5 27 True
M 5 29 True
RS 5 27 True
RE 2 1 True
X 3 12 True
Player 1 played : S 4 16 M 1 4
S 4 16 True
M 1 4 True
Time remaining is: 112s
You played : S 4 19 M 5 26
S 4 19 True
M 5 26 True
Player 1 played : S 4 17 M 3 12 RS 5 21 RE 1 5 X 5 24
S 4 17 True
M 3 12 True
RS 5 21 True
RE 1 5 True
X 5 24 True
Time remaining is: 104s
You played : S 5 29 M 1 5
S 5 29 True
M 1 5 True
Player 1 played : S 3 12 M 3 11
S 3 12 True
M 3 11 True
Time remaining is: 103s
You played : S 1 5 M 2 9
S 1 5 True
M 2 9 True
Player 1 played : S 4 21 M 4 22
S 4 21 True
M 4 22 True
Time remaining is: 99s
You played : S 3 5 M 3 4
S 3 5 True
M 3 4 True
Player 1 played : S 3 11 M 1 3
S 3 11 True
M 1 3 True
Time remaining is: 93s
You played : S 3 4 M 2 2
S 3 4 True
M 2 2 True
Player 1 played : S 3 3 M 3 6
S 3 3 True
M 3 6 True
Time remaining is: 89s
You played : S 2 2 M 4 4
S 2 2 True
M 4 4 True
Player 1 played : S 4 22 M 4 6
S 4 22 True
M 4 6 True
Time remaining is: 88s
You played : S 4 4 M 4 2
S 4 4 True
M 4 2 True
Player 1 played : S 3 6 M 4 3
S 3 6 True
M 4 3 True
Time remaining is: 86s
You played : S 1 2 M 2 4
S 1 2 True
M 2 4 True
Player 1 played : S 4 6 M 4 8
S 4 6 True
M 4 8 True
Time remaining is: 84s
You played : S 2 4 M 3 2
S 2 4 True
M 3 2 True
Player 1 played : S 1 3 M 2 0
S 1 3 True
M 2 0 True
Time remaining is: 82s
You played : S 3 2 M 3 7 RS 2 11 RE 3 5 X 3 7
S 3 2 True
M 3 7 True
RS 2 11 True
RE 3 5 True
X 3 7 True
Player 1 played : S 2 0 M 2 1
S 2 0 True
M 2 1 True
Time remaining is: 80s
You played : S 4 2 M 2 3
S 4 2 True
M 2 3 True
Player 1 played : S 1 4 M 2 11 RS 4 16 RE 0 0 X 4 8
S 1 4 True
M 2 11 True
RS 4 16 True
RE 0 0 True
X 4 8 True
Time remaining is: 66s
You played : S 2 3 M 3 7
S 2 3 True
M 3 7 True
Player 1 played : S 2 1 M 1 0
S 2 1 True
M 1 0 True
Time remaining is: 65s
You played : S 2 9 M 1 4
S 2 9 True
M 1 4 True
Player 1 played : S 1 0 M 3 13
S 1 0 True
M 3 13 True
Time remaining is: 64s
You played : S 3 7 M 4 10
S 3 7 True
M 4 10 True25
Depth 3
Remaining Time 61.6539919376

Player 1 played : S 3 13 M 5 27
S 3 13 True
M 5 27 True
Time remaining is: 63s
You played : S 4 10 M 4 9 RS 2 2 RE 4 10 X 4 9
S 4 10 True
M 4 9 True
RS 2 2 True
RE 4 10 True
X 4 9 True
YOU WIN!
Your Score : 8.011
Opponent's Score : 2.018
