***********************************

-> You are player 1
-> You are alloted a time of 120s

***********************************

Time remaining is: 120s
You played : P 5 26
P 5 26 True
Player 2 played : P 1 0
P 1 0 True
Time remaining is: 120s
You played : P 2 8
P 2 8 True
Player 2 played : P 1 1
P 1 1 True
Time remaining is: 120s
You played : P 4 4
P 4 4 True
Player 2 played : P 1 2
P 1 2 True
Time remaining is: 120s
You played : P 0 0
P 0 0 True
Player 2 played : P 1 3
P 1 3 True
Time remaining is: 120s
You played : P 3 17
P 3 17 True
Player 2 played : P 1 4
P 1 4 True
Time remaining is: 120s
You played : S 0 0 M 1 5
S 0 0 True
M 1 5 True
