1 5 120 5
***********************************

-> You are player 1
-> You are alloted a time of 120s

***********************************

Time remaining is: 120s
You played : P 5 1
P 5 1 True
Player 2 played : P 1 2
P 1 2 True
Time remaining is: 120s
You played : P 4 14
P 4 14 True
Player 2 played : P 2 5
P 2 5 True
Time remaining is: 120s
You played : P 4 6
P 4 6 True
Player 2 played : P 4 22
P 4 22 True
Time remaining is: 120s
You played : P 4 13
P 4 13 True
Player 2 played : P 3 10
P 3 10 True
Time remaining is: 120s
You played : P 4 18
P 4 18 True
Player 2 played : P 2 6
P 2 6 True
Time remaining is: 120s
You played : S 5 1 M 5 2
S 5 1 True
M 5 2 True
Player 2 played : S 2 5 M 1 3
S 2 5 True
M 1 3 True
Time remaining is: 120s
You played : S 5 2 M 5 3
S 5 2 True
M 5 3 True
Player 2 played : S 2 6 M 5 12
S 2 6 True
M 5 12 True
Time remaining is: 120s
You played : S 5 3 M 5 4
S 5 3 True
M 5 4 True
Player 2 played : S 5 12 M 3 8
S 5 12 True
M 3 8 True
Time remaining is: 120s
You played : S 5 4 M 4 4
S 5 4 True
M 4 4 True
Player 2 played : S 3 8 M 4 10
S 3 8 True
M 4 10 True
Time remaining is: 120s
You played : S 4 4 M 5 6
S 4 4 True
M 5 6 True
Player 2 played : S 1 2 M 4 5
S 1 2 True
M 4 5 True
Time remaining is: 120s
You played : S 4 13 M 3 7
S 4 13 True
M 3 7 True
Player 2 played : S 4 22 M 2 10
S 4 22 True
M 2 10 True
Time remaining is: 114s
You played : S 5 6 M 5 7
S 5 6 True
M 5 7 True
Player 2 played : S 4 5 M 3 3
S 4 5 True
M 3 3 True
Time remaining is: 113s
You played : S 5 7 M 5 8
S 5 7 True
M 5 8 True
Player 2 played : S 4 10 M 5 9
S 4 10 True
M 5 9 True
Time remaining is: 109s
You played : S 5 8 M 4 7
S 5 8 True
M 4 7 True
Player 2 played : S 5 9 M 4 9
S 5 9 True
M 4 9 True
Time remaining is: 106s
You played : S 4 7 M 3 6
S 4 7 True
M 3 6 True
Player 2 played : S 2 10 M 0 0
S 2 10 True
M 0 0 True
Time remaining is: 104s
You played : S 3 6 M 3 5
S 3 6 True
M 3 5 True
Player 2 played : S 3 3 M 3 2
S 3 3 True
M 3 2 True
Time remaining is: 103s
You played : S 3 7 M 2 4 RS 5 8 RE 3 8 X 4 14
S 3 7 True
M 2 4 True
RS 5 8 True
RE 3 8 True
X 4 14 True
Player 2 played : S 4 9 M 5 11
S 4 9 True
M 5 11 True
Time remaining is: 103s
You played : S 3 5 M 4 3
S 3 5 True
M 4 3 True
Player 2 played : S 5 11 M 4 7
S 5 11 True
M 4 7 True
Time remaining is: 102s
You played : S 4 3 M 4 2
S 4 3 True
M 4 2 True
Player 2 played : S 4 7 M 3 7
S 4 7 True
M 3 7 True
Time remaining is: 100s
You played : S 4 2 M 4 1
S 4 2 True
M 4 1 True
Player 2 played : S 3 7 M 3 8
S 3 7 True
M 3 8 True
Time remaining is: 99s
You played : S 4 1 M 3 1 RS 5 6 RE 4 1 X 4 18
S 4 1 True
M 3 1 True
RS 5 6 True
RE 4 1 True
X 4 18 True
Player 2 played : S 1 3 M 5 19 RS 5 11 RE 1 3 X 0 0
S 1 3 True
M 5 19 True
RS 5 11 True
RE 1 3 True
X 0 0 True
Time remaining is: 99s
You played : S 4 6 M 4 4
S 4 6 True
M 4 4 True
Player 2 played : S 3 8 M 3 6
S 3 8 True
M 3 6 True
Time remaining is: 97s
You played : S 3 1 M 2 5
S 3 1 True
M 2 5 True
Player 2 played : S 3 6 M 3 4
S 3 6 True
M 3 4 True
Time remaining is: 95s
You played : S 2 5 M 4 11
S 2 5 True
M 4 11 True
Player 2 played : S 5 19 M 3 11
S 5 19 True
M 3 11 True
Time remaining is: 93s
You played : S 4 11 M 4 9
S 4 11 True
M 4 9 True
Player 2 played : S 3 10 M 5 13
S 3 10 True
M 5 13 True
Time remaining is: 91s
You played : S 2 4 M 3 7
S 2 4 True
M 3 7 True
Player 2 played : S 3 4 M 4 3
S 3 4 True
M 4 3 True
Time remaining is: 90s
You played : S 3 7 M 5 8
S 3 7 True
M 5 8 True
Player 2 played : S 5 13 M 2 3
S 5 13 True
M 2 3 True
Time remaining is: 89s
You played : S 4 4 M 5 6 RS 5 4 RE 4 7 X 4 9
S 4 4 True
M 5 6 True
RS 5 4 True
RE 4 7 True
X 4 9 True
YOU WIN!
Your Score : 9.01
Opponent's Score : 1.015
