init complete: 
boardsize: 5
            _ _ _ _   
         _ _ _ _ _ _ _ 
        _ _ _ _ _ _ _ _ 
       _ _ _ _ _ _ _ _ _ 
      _ _ _ _ _ _ _ _ _ _ 
       _ _ _ _ _ _ _ _ _   
      _ _ _ _ _ _ _ _ _ _ 
       _ _ _ _ _ _ _ _ _ 
        _ _ _ _ _ _ _ _ 
         _ _ _ _ _ _ _ 
            _ _ _ _   
            _ _ _ _   
         _ _ _ _ _ _ _ 
        _ _ _ _ _ _ _ _ 
       _ _ _ _ _ _ _ _ _ 
      _ _ _ _ _ _ _ _ _ _ 
       _ _ _ _ _ _ _ _ _   
      _ _ _ _ _ _ _ _ _ a 
       _ _ _ _ _ _ _ _ _ 
        _ _ _ _ _ _ _ _ 
         _ _ _ _ _ _ _ 
            _ _ _ _   
count of prune: 0
            _ _ _ _   
         _ _ _ _ _ _ _ 
        _ _ _ _ _ _ _ _ 
       _ _ _ _ _ _ _ _ _ 
      _ _ _ _ _ _ _ _ _ _ 
       _ _ _ _ _ _ _ _ _   
      _ _ _ _ 1 _ _ _ _ a 
       _ _ _ _ _ _ _ _ _ 
        _ _ _ _ _ _ _ _ 
         _ _ _ _ _ _ _ 
            _ _ _ _   
            _ _ _ _   
         _ _ _ _ _ _ _ 
        _ _ _ _ _ _ _ _ 
       _ a _ _ _ _ _ _ _ 
      _ _ _ _ _ _ _ _ _ _ 
       _ _ _ _ _ _ _ _ _   
      _ _ _ _ 1 _ _ _ _ a 
       _ _ _ _ _ _ _ _ _ 
        _ _ _ _ _ _ _ _ 
         _ _ _ _ _ _ _ 
            _ _ _ _   
count of prune: 0
            _ _ _ _   
         _ _ _ _ _ _ _ 
        _ _ _ _ _ _ _ _ 
       _ a _ _ _ _ _ _ _ 
      _ _ _ _ _ _ _ _ _ _ 
       _ _ _ _ _ _ _ _ _   
      _ _ _ 1 1 _ _ _ _ a 
       _ _ _ _ _ _ _ _ _ 
        _ _ _ _ _ _ _ _ 
         _ _ _ _ _ _ _ 
            _ _ _ _   
            _ _ _ _   
         _ _ _ _ _ _ _ 
        _ _ _ _ _ _ _ _ 
       _ a _ _ _ _ _ _ _ 
      _ _ _ _ _ _ _ _ _ _ 
       _ _ _ _ _ _ _ _ _   
      _ _ _ 1 1 _ _ _ _ a 
       _ _ _ _ _ _ _ _ _ 
        _ _ _ _ _ _ _ _ 
         _ _ _ a _ _ _ 
            _ _ _ _   
count of prune: 0
            _ _ _ _   
         _ _ _ _ _ _ _ 
        _ _ _ _ _ _ _ _ 
       _ a _ _ _ _ _ 1 _ 
      _ _ _ _ _ _ _ _ _ _ 
       _ _ _ _ _ _ _ _ _   
      _ _ _ 1 1 _ _ _ _ a 
       _ _ _ _ _ _ _ _ _ 
        _ _ _ _ _ _ _ _ 
         _ _ _ a _ _ _ 
            _ _ _ _   
            _ _ _ _   
         _ _ _ _ _ _ _ 
        _ _ _ _ _ _ _ _ 
       _ a _ _ _ _ _ 1 _ 
      _ a _ _ _ _ _ _ _ _ 
       _ _ _ _ _ _ _ _ _   
      _ _ _ 1 1 _ _ _ _ a 
       _ _ _ _ _ _ _ _ _ 
        _ _ _ _ _ _ _ _ 
         _ _ _ a _ _ _ 
            _ _ _ _   
count of prune: 0
            _ _ _ _   
         _ _ _ _ _ _ _ 
        _ _ _ _ _ _ _ _ 
       _ a _ _ _ _ _ 1 _ 
      _ a 1 _ _ _ _ _ _ _ 
       _ _ _ _ _ _ _ _ _   
      _ _ _ 1 1 _ _ _ _ a 
       _ _ _ _ _ _ _ _ _ 
        _ _ _ _ _ _ _ _ 
         _ _ _ a _ _ _ 
            _ _ _ _   
            _ _ _ _   
         _ _ _ a _ _ _ 
        _ _ _ _ _ _ _ _ 
       _ a _ _ _ _ _ 1 _ 
      _ a 1 _ _ _ _ _ _ _ 
       _ _ _ _ _ _ _ _ _   
      _ _ _ 1 1 _ _ _ _ a 
       _ _ _ _ _ _ _ _ _ 
        _ _ _ _ _ _ _ _ 
         _ _ _ a _ _ _ 
            _ _ _ _   
count of prune: 0
            _ _ _ _   
         _ _ _ a _ _ _ 
        _ _ _ _ _ _ _ _ 
       _ a _ _ _ _ _ 1 _ 
      _ a 1 _ _ _ _ _ _ _ 
       _ _ 1 _ _ _ _ _ _   
      _ _ _ 1 1 _ _ _ _ a 
       _ _ _ _ _ _ _ _ _ 
        _ _ _ _ _ _ _ _ 
         _ _ _ a _ _ _ 
            _ _ _ _   
            _ _ _ _   
         _ _ _ a _ _ _ 
        _ _ _ _ _ _ _ _ 
       _ a _ _ _ _ _ 1 _ 
      _ a 1 _ _ _ _ _ _ _ 
       _ _ 1 _ _ _ _ _ _   
      _ _ _ 1 1 _ _ _ _ b 
       _ _ _ _ _ _ _ _ a 
        _ _ _ _ _ _ _ _ 
         _ _ _ a _ _ _ 
            _ _ _ _   
count of prune: 1224
            _ _ _ _   
         _ _ _ a _ _ _ 
        _ _ _ _ _ _ _ _ 
       _ a _ _ _ _ _ 1 _ 
      _ a 1 _ _ _ _ _ _ _ 
       _ _ 1 1 _ _ _ _ _   
      _ _ _ 2 1 _ _ _ _ b 
       _ _ _ _ _ _ _ _ a 
        _ _ _ _ _ _ _ _ 
         _ _ _ a _ _ _ 
            _ _ _ _   
            _ _ _ _   
         _ _ _ a _ _ _ 
        _ _ _ _ _ _ _ _ 
       _ a _ _ _ _ _ 1 _ 
      _ a 1 _ _ _ _ _ _ _ 
       _ _ 1 1 _ _ _ _ _   
      _ _ _ 2 1 _ _ _ _ b 
       _ _ _ _ _ _ _ _ b 
        _ _ _ _ _ _ _ a 
         _ _ _ a _ _ _ 
            _ _ _ _   
count of prune: 3537
            _ _ _ _   
         _ _ _ a _ _ _ 
        _ _ _ _ _ _ _ _ 
       _ a _ _ _ _ _ 1 _ 
      _ a 1 _ _ _ _ _ _ _ 
       _ _ 2 1 _ _ _ _ _   
      _ _ _ 2 1 _ _ _ _ b 
       _ _ _ _ _ _ _ _ b 
        1 _ _ _ _ _ _ a 
         _ _ _ a _ _ _ 
            _ _ _ _   
            _ _ _ _   
         _ _ _ a _ _ _ 
        _ _ _ _ _ _ _ _ 
       _ a _ _ _ _ _ 1 _ 
      _ a 1 _ _ _ _ _ _ _ 
       _ _ 2 1 _ _ _ _ _   
      _ _ _ 2 1 _ _ _ _ b 
       _ _ _ _ _ _ _ _ b 
        1 _ _ _ _ _ _ b 
         _ _ _ a _ _ a 
            _ _ _ _   
count of prune: 4269
            _ _ _ _   
         _ _ _ a _ _ _ 
        _ _ _ _ _ _ _ _ 
       _ a _ _ _ _ _ 1 _ 
      _ a 1 _ _ _ _ _ _ _ 
       _ _ 2 1 _ _ _ _ _   
      _ _ 1 2 1 _ _ _ _ b 
       _ _ _ _ _ _ _ _ b 
        2 _ _ _ _ _ _ b 
         _ _ _ a _ _ a 
            _ _ _ _   
            _ _ _ _   
         _ _ _ a _ _ _ 
        _ _ _ _ _ _ _ _ 
       _ a _ _ _ _ _ 1 _ 
      _ a 1 _ _ _ _ _ _ _ 
       _ _ 2 1 _ _ _ _ _   
      _ _ 1 2 1 _ _ _ _ b 
       _ _ _ _ _ _ _ _ b 
        2 _ _ _ _ _ _ b 
         _ _ _ a _ a b 
            _ _ _ _   
count of prune: 5375
            _ _ _ _   
         _ _ _ a _ _ _ 
        _ _ _ _ _ _ _ _ 
       _ a _ _ _ _ _ 1 _ 
      _ a 1 _ _ _ _ _ _ _ 
       _ _ 2 1 _ _ _ _ _   
      _ _ 2 2 1 _ _ _ _ b 
       _ 1 _ _ _ _ _ _ b 
        2 _ _ _ _ _ _ b 
         _ _ _ a _ a b 
            _ _ _ _   
            _ _ _ _   
         _ _ _ a _ _ _ 
        _ _ _ _ _ _ _ _ 
       _ a _ _ _ _ _ 1 _ 
      _ a 1 _ _ _ _ _ _ _ 
       _ _ 2 1 _ _ _ _ _   
      _ _ 2 2 1 _ _ _ _ b 
       _ 1 _ _ _ _ _ _ b 
        2 _ _ _ _ _ _ b 
         _ _ _ a _ b b 
            _ _ _ a   
count of prune: 8100
            _ _ _ _   
         _ _ _ a _ _ _ 
        _ _ _ _ _ _ _ _ 
       _ a _ _ _ _ _ 1 _ 
      _ a 1 _ _ _ _ _ _ _ 
       _ _ 2 1 _ _ _ _ _   
      _ _ 2 2 2 _ _ _ _ b 
       _ 1 _ _ _ _ _ _ b 
        2 _ _ _ _ _ _ b 
         _ _ _ a 1 b b 
            _ _ _ a   
            _ _ _ _   
         _ _ _ a _ _ _ 
        _ _ _ _ _ _ _ _ 
       _ a _ _ _ _ _ 1 _ 
      _ b 1 _ _ _ _ _ _ _ 
       _ _ 2 1 _ _ _ _ _   
      _ _ b 2 2 _ _ _ _ b 
       _ 1 a _ _ _ _ _ b 
        2 _ _ _ _ _ _ b 
         _ _ _ a 1 b b 
            _ _ _ a   
count of prune: 9886
            _ _ _ _   
         _ _ _ a _ _ _ 
        _ _ _ _ _ _ _ _ 
       _ a _ _ _ 1 _ 2 _ 
      _ b 1 _ _ _ _ _ _ _ 
       _ _ 2 1 _ _ _ _ _   
      _ _ b 2 2 _ _ _ _ b 
       _ 1 a _ _ _ _ _ b 
        2 _ _ _ _ _ _ b 
         _ _ _ a 1 b b 
            _ _ _ a   
            _ _ _ _   
         _ _ _ a _ _ _ 
        _ _ _ _ _ _ _ _ 
       _ a _ _ _ 1 _ 2 _ 
      _ b 1 _ _ _ _ _ _ _ 
       _ _ 2 1 _ _ _ _ _   
      _ _ b 2 2 _ _ _ _ b 
       _ 1 a _ _ _ _ _ b 
        2 _ _ _ _ _ _ b 
         _ _ _ a 1 b b 
            _ _ a b   
count of prune: 10575
            _ _ _ _   
         _ _ _ a _ _ _ 
        _ _ _ _ _ _ _ _ 
       _ a _ _ _ 1 _ 2 _ 
      _ b 1 _ _ _ _ _ _ _ 
       _ _ 2 1 _ _ _ _ _   
      _ _ b 2 2 _ _ _ _ b 
       _ 1 a _ _ _ _ _ b 
        2 _ _ _ _ 1 _ b 
         _ _ _ a 2 b b 
            _ _ a b   
            _ _ _ _   
         _ _ _ a _ _ _ 
        _ _ _ _ _ _ _ _ 
       _ a _ _ _ 1 _ 2 _ 
      _ b 1 _ _ _ _ _ _ _ 
       _ _ 2 1 _ _ _ _ _   
      _ _ b 2 2 _ _ _ _ b 
       _ 1 a _ _ _ _ _ b 
        2 _ _ _ _ 1 _ b 
         _ _ _ a 2 b b 
            _ a b b   
count of prune: 14080
            _ _ _ _   
         _ _ _ a _ _ _ 
        _ _ _ _ _ _ _ _ 
       _ a _ _ _ 1 _ 2 _ 
      _ b 1 _ _ _ _ _ _ _ 
       _ _ 2 1 _ _ _ _ _   
      _ _ b 2 2 _ _ _ _ b 
       _ 2 a _ _ _ _ _ b 
        2 _ _ _ _ 1 _ b 
         _ _ _ a 2 b b 
            1 a b b   
            _ _ _ _   
         _ _ _ a _ _ _ 
        _ _ _ _ _ _ _ _ 
       _ a _ _ _ 1 _ 2 _ 
      _ b 1 _ _ _ _ _ _ _ 
       _ _ 2 1 _ _ _ _ _   
      _ _ b 2 2 _ _ _ _ b 
       _ 2 a _ _ _ _ _ b 
        2 _ _ _ _ 1 _ b 
         _ _ a a 2 b b 
            1 b b b   
count of prune: 14715
            _ _ _ _   
         _ _ _ a _ _ _ 
        _ _ _ _ _ _ _ _ 
       _ a _ _ _ 1 _ 2 _ 
      _ b 1 _ _ _ _ _ _ _ 
       _ _ 2 1 _ _ _ _ _   
      _ _ b 2 2 _ _ _ _ b 
       _ 2 a _ _ _ _ _ b 
        2 1 _ _ _ 1 _ b 
         _ _ a a 2 b b 
            2 b b b   
            _ _ _ _   
         _ _ _ a _ _ _ 
        _ _ _ _ _ _ _ _ 
       _ a _ _ _ 1 _ 2 _ 
      _ b 1 _ _ _ _ _ _ _ 
       _ _ 2 1 _ _ _ _ _   
      _ _ b 2 2 _ _ _ _ b 
       _ 2 a _ _ _ _ _ b 
        2 1 a _ _ 1 _ b 
         _ _ b a 2 b b 
            2 b b b   
count of prune: 15512
            _ _ _ _   
         _ _ _ a _ _ _ 
        _ _ _ _ _ _ _ _ 
       _ a _ _ _ 2 _ 2 _ 
      _ b 1 _ _ _ _ _ _ _ 
       _ _ 2 1 1 _ _ _ _   
      _ _ b 2 2 _ _ _ _ b 
       _ 2 a _ _ _ _ _ b 
        2 1 a _ _ 1 _ b 
         _ _ b a 2 b b 
            2 b b b   
            _ _ _ _   
         _ _ _ a _ _ _ 
        _ _ _ _ _ _ _ _ 
       _ a _ _ _ 2 _ 2 _ 
      _ b 1 _ _ _ _ _ _ _ 
       _ _ 2 1 1 _ _ _ _   
      _ _ b 2 2 _ _ _ _ b 
       _ 2 a _ _ _ _ _ b 
        2 1 b a _ 1 _ b 
         _ _ b a 2 b b 
            2 b b b   
count of prune: 16109
            _ _ _ _   
         _ _ _ a _ _ _ 
        _ _ _ _ _ _ _ _ 
       _ a _ _ _ 2 _ 2 _ 
      _ b 1 _ _ _ _ _ _ _ 
       _ _ 2 1 1 _ _ _ _   
      _ _ b 2 2 _ _ _ _ b 
       _ 2 a _ _ _ 1 _ b 
        2 1 b a _ 2 _ b 
         _ _ b a 2 b b 
            2 b b b   
            _ _ _ _   
         _ _ _ a _ _ _ 
        _ _ _ _ _ _ _ _ 
       _ _ _ _ _ 2 _ 2 _ 
      _ b 1 _ _ _ _ _ _ _ 
       _ _ 2 1 1 _ _ _ _   
      _ _ _ 2 2 _ _ _ _ b 
       _ 2 _ a _ _ 1 _ b 
        2 1 _ a _ 2 _ b 
         _ _ _ a 2 b b 
            2 _ b b   
count of prune: 16719
            _ _ _ _   
         _ _ _ a _ _ _ 
        _ _ _ _ _ _ _ _ 
       _ _ _ _ _ 2 _ 2 _ 
      _ b 1 _ _ _ _ _ _ _ 
       _ _ 2 1 1 _ _ _ _   
      _ _ _ 2 2 _ _ _ _ b 
       _ 2 _ a _ _ 1 _ b 
        2 2 _ a _ 2 _ b 
         1 _ _ a 2 b b 
            2 _ b b   
            _ _ _ _   
         _ _ _ a _ _ _ 
        _ _ _ _ _ _ _ _ 
       _ _ _ _ _ 2 _ 2 _ 
      _ b 1 _ _ _ _ _ _ _ 
       _ _ 2 1 1 _ _ _ _   
      _ _ _ 2 2 _ _ _ _ b 
       _ 2 _ a _ _ 1 _ b 
        2 2 _ b _ b a b 
         1 _ _ a 2 b b 
            2 _ b b   
count of prune: 17394
            _ _ _ _   
         _ _ _ a _ _ _ 
        _ _ _ _ _ _ _ _ 
       _ _ _ _ _ 2 _ 2 _ 
      _ b 1 _ _ _ _ _ _ _ 
       _ _ 2 1 1 _ _ _ _   
      _ _ _ 2 2 _ _ _ _ b 
       _ 2 _ a _ _ 1 _ b 
        2 2 _ b _ b a b 
         2 _ 1 a 2 b b 
            2 _ b b   
            _ _ _ _   
         _ _ _ a _ _ _ 
        _ _ _ _ _ _ _ _ 
       _ _ _ _ _ 2 _ 2 _ 
      _ b 1 _ _ _ _ _ _ _ 
       _ _ 2 1 1 _ _ _ _   
      _ _ _ 2 2 _ _ _ _ b 
       _ 2 _ a _ _ 1 a b 
        2 2 _ b _ b b b 
         2 _ 1 a 2 b b 
            2 _ b b   
count of prune: 18342
            _ _ _ _   
         _ _ _ a _ _ _ 
        _ _ _ _ _ _ _ _ 
       _ _ _ _ _ 2 _ 2 _ 
      _ b 1 _ _ _ _ _ _ _ 
       _ _ 2 1 1 _ _ _ _   
      _ _ _ 2 2 _ _ _ _ b 
       _ 2 1 a _ _ 1 a b 
        2 2 _ b _ b b b 
         2 _ 2 a 2 b b 
            2 _ b b   
            _ _ _ _   
         _ _ _ a _ _ _ 
        _ _ _ _ _ _ _ _ 
       _ _ _ _ _ 2 _ 2 _ 
      _ b 1 _ _ _ _ _ _ _ 
       _ _ 2 1 1 _ _ _ _   
      _ _ _ 2 2 _ _ _ a b 
       _ 2 1 a _ _ 1 b b 
        2 2 _ b _ b b b 
         2 _ 2 a 2 b b 
            2 _ b b   
count of prune: 19004
            _ _ _ _   
         _ _ _ a _ _ _ 
        _ _ _ _ _ _ _ _ 
       _ _ _ _ _ 2 _ 2 _ 
      _ b 1 _ _ _ _ _ _ _ 
       _ _ 2 1 1 _ _ _ _   
      _ _ 1 2 2 _ _ _ a b 
       _ 2 2 a _ _ 1 b b 
        2 2 _ b _ b b b 
         2 _ 2 a 2 b b 
            2 _ b b   
            _ _ _ _   
         _ _ _ _ _ _ _ 
        _ _ _ _ _ _ _ _ 
       _ _ _ _ _ 2 _ 2 _ 
      _ b 1 _ _ _ _ _ _ _ 
       _ _ 2 1 1 _ _ _ _   
      _ _ 1 2 2 _ _ a _ b 
       _ 2 2 a _ _ 1 _ b 
        2 2 _ b _ b _ b 
         2 _ 2 a 2 _ b 
            2 _ b _   
count of prune: 20139
            _ _ _ _   
         1 _ _ _ _ _ _ 
        _ _ _ _ _ _ _ _ 
       _ _ _ _ _ 2 _ 2 _ 
      _ b 1 _ _ _ _ _ _ _ 
       _ _ 2 _ _ _ _ _ _   
      _ _ 1 _ 2 _ _ a _ b 
       _ 2 _ a _ _ 1 _ b 
        2 _ _ b _ b _ b 
         _ _ 2 a 2 _ b 
            2 _ b _   
            _ _ _ _   
         1 _ _ _ _ _ _ 
        _ _ _ _ _ _ _ _ 
       _ _ _ _ _ 2 _ 2 _ 
      _ b 1 _ _ _ _ _ _ _ 
       _ _ 2 _ _ _ _ _ _   
      _ _ 1 _ 2 _ _ a _ b 
       _ 2 _ a _ _ 1 _ b 
        2 _ _ b _ b _ b 
         _ _ 2 b b a b 
            2 _ b _   
count of prune: 21184
            _ _ _ _   
         1 _ _ _ _ _ _ 
        _ _ _ _ _ _ _ _ 
       _ _ _ _ _ 2 _ 2 _ 
      _ b 1 _ _ _ _ _ _ _ 
       _ _ 2 _ _ _ _ _ _   
      _ _ 2 _ 2 _ _ a _ b 
       _ 2 _ a _ _ 1 _ b 
        2 _ 1 b _ b _ b 
         _ _ 2 b b a b 
            2 _ b _   
            _ _ _ _   
         1 _ _ _ _ _ _ 
        _ _ _ _ _ _ _ _ 
       _ _ _ _ _ 2 _ 2 _ 
      _ b 1 _ _ _ _ _ _ _ 
       _ _ 2 _ _ _ _ _ _   
      _ _ 2 a b _ _ b _ b 
       _ 2 _ a _ _ 1 _ b 
        2 _ 1 b _ b _ b 
         _ _ 2 b b a b 
            2 _ b _   
count of prune: 21504
            _ _ _ _   
         1 _ _ _ _ _ _ 
        _ _ _ _ _ _ _ _ 
       _ _ _ _ _ 2 _ 2 _ 
      _ b 1 _ _ _ _ _ _ _ 
       _ _ 2 _ _ _ _ _ _   
      _ _ 2 a b _ _ b _ b 
       _ 2 _ a _ _ 1 _ b 
        2 _ 2 2 1 b _ b 
         _ _ 2 b b a b 
            2 _ b _   
            _ _ _ _   
         1 _ _ _ _ _ _ 
        _ _ _ _ _ _ _ _ 
       _ _ _ _ _ 2 _ 2 _ 
      _ b 1 _ _ _ _ _ _ _ 
       _ _ 2 _ _ _ _ _ _   
      _ a b b b _ _ b _ b 
       _ 2 _ a _ _ 1 _ b 
        2 _ 2 2 1 b _ b 
         _ _ 2 b b a b 
            2 _ b _   
count of prune: 22196
            _ _ _ _   
         2 _ _ _ _ _ _ 
        _ _ _ _ _ _ _ _ 
       _ _ 1 _ _ 2 _ 2 _ 
      _ b 1 _ _ _ _ _ _ _ 
       _ _ 2 _ _ _ _ _ _   
      _ a b b b _ _ b _ b 
       _ 2 _ a _ _ 1 _ b 
        2 _ 2 2 1 b _ b 
         _ _ 2 b b a b 
            2 _ b _   
            _ _ _ _   
         2 _ _ _ _ _ _ 
        _ _ _ _ _ _ _ _ 
       _ _ 1 _ _ 2 _ 2 _ 
      _ b 1 _ _ _ _ _ _ _ 
       _ _ 2 _ _ _ _ _ _   
      _ b b b b _ _ b _ b 
       _ b _ a _ _ 1 _ b 
        2 a 2 2 1 b _ b 
         _ _ 2 b b a b 
            2 _ b _   
count of prune: 22448
            _ _ _ _   
         2 _ _ _ _ _ _ 
        _ _ _ _ _ _ _ _ 
       _ _ 1 _ _ 2 _ 2 _ 
      _ b 2 _ _ _ _ _ _ _ 
       _ _ 2 _ _ _ _ _ _   
      _ 2 b b b _ _ b _ b 
       1 b _ a _ _ 1 _ b 
        2 a 2 2 1 b _ b 
         _ _ 2 b b a b 
            2 _ b _   
            _ _ _ _   
         2 _ _ _ _ _ _ 
        _ _ _ _ _ _ _ _ 
       _ _ 1 _ _ 2 _ 2 _ 
      _ b 2 _ _ _ _ _ _ _ 
       _ _ 2 _ _ _ _ _ _   
      _ 2 b b b _ _ b _ b 
       1 b a b _ _ 1 _ b 
        2 a 2 2 1 b _ b 
         _ _ 2 b b a b 
            2 _ b _   
count of prune: 22612
            _ _ _ _   
         2 _ _ _ _ _ _ 
        _ _ _ _ _ _ _ _ 
       _ _ 1 _ _ 2 _ 2 _ 
      _ b 2 _ _ _ _ _ _ _ 
       _ _ 2 _ _ _ _ _ _   
      _ 2 b b b _ _ b _ b 
       1 b a b _ _ 1 _ b 
        2 a 2 2 2 2 1 b 
         _ _ 2 b b a b 
            2 _ b _   
            _ _ _ _   
         2 _ _ _ _ _ _ 
        _ _ _ _ _ _ _ _ 
       _ _ 1 _ _ 2 _ 2 _ 
      _ b 2 _ _ _ _ _ _ _ 
       _ _ 2 _ _ _ _ _ _   
      _ 2 b b b _ _ b _ b 
       1 b b b _ _ 1 _ b 
        2 a b 2 2 2 1 b 
         _ _ b b b a b 
            2 a b _   
count of prune: 22651
            _ _ _ _   
         2 _ _ _ _ _ _ 
        _ _ _ _ _ _ _ _ 
       _ _ 1 _ _ 2 _ 2 _ 
      _ b 2 _ _ _ _ _ _ _ 
       _ _ 2 _ _ _ _ _ _   
      _ 2 b b b _ _ b _ b 
       2 2 2 2 1 _ 1 _ b 
        2 a b 2 2 2 1 b 
         _ _ b b b a b 
            2 a b _   
***********************************

-> You are player 2
-> You are alloted a time of 120s

***********************************

Player 1 played : P 5 1
P 5 1 True
Time remaining is: 120s
You played : P 1 2
P 1 2 True
Player 1 played : P 4 14
P 4 14 True
Time remaining is: 120s
You played : P 2 5
P 2 5 True
Player 1 played : P 4 6
P 4 6 True
Time remaining is: 120s
You played : P 4 22
P 4 22 True
Player 1 played : P 4 13
P 4 13 True
Time remaining is: 120s
You played : P 3 10
P 3 10 True
Player 1 played : P 4 18
P 4 18 True
Time remaining is: 120s
You played : P 2 6
P 2 6 True
Player 1 played : S 5 1 M 5 2
S 5 1 True
M 5 2 True
Time remaining is: 120s
You played : S 2 5 M 1 3
S 2 5 True
M 1 3 True
Player 1 played : S 5 2 M 5 3
S 5 2 True
M 5 3 True
Time remaining is: 116s
You played : S 2 6 M 5 12
S 2 6 True
M 5 12 True
Player 1 played : S 5 3 M 5 4
S 5 3 True
M 5 4 True
Time remaining is: 107s
You played : S 5 12 M 3 8
S 5 12 True
M 3 8 True
Player 1 played : S 5 4 M 4 4
S 5 4 True
M 4 4 True
Time remaining is: 104s
You played : S 3 8 M 4 10
S 3 8 True
M 4 10 True
Player 1 played : S 4 4 M 5 6
S 4 4 True
M 5 6 True
Time remaining is: 99s
You played : S 1 2 M 4 5
S 1 2 True
M 4 5 True
Player 1 played : S 4 13 M 3 7
S 4 13 True
M 3 7 True
Time remaining is: 83s
You played : S 4 22 M 2 10
S 4 22 True
M 2 10 True
Player 1 played : S 5 6 M 5 7
S 5 6 True
M 5 7 True
Time remaining is: 75s
You played : S 4 5 M 3 3
S 4 5 True
M 3 3 True
Player 1 played : S 5 7 M 5 8
S 5 7 True
M 5 8 True
Time remaining is: 72s
You played : S 4 10 M 5 9
S 4 10 True
M 5 9 True
Player 1 played : S 5 8 M 4 7
S 5 8 True
M 4 7 True
Time remaining is: 57s
You played : S 5 9 M 4 9
S 5 9 True
M 4 9 True
Player 1 played : S 4 7 M 3 6
S 4 7 True
M 3 6 True
Time remaining is: 54s
You played : S 2 10 M 0 0
S 2 10 True
M 0 0 True
Player 1 played : S 3 6 M 3 5
S 3 6 True
M 3 5 True
Time remaining is: 50s
You played : S 3 3 M 3 2
S 3 3 True
M 3 2 True
Player 1 played : S 3 7 M 2 4 RS 5 8 RE 3 8 X 4 14
S 3 7 True
M 2 4 True
RS 5 8 True
RE 3 8 True
X 4 14 True
Time remaining is: 48s
You played : S 4 9 M 5 11
S 4 9 True
M 5 11 True
Player 1 played : S 3 5 M 4 3
S 3 5 True
M 4 3 True
Time remaining is: 45s
You played : S 5 11 M 4 7
S 5 11 True
M 4 7 True
Player 1 played : S 4 3 M 4 2
S 4 3 True
M 4 2 True
Time remaining is: 43s
You played : S 4 7 M 3 7
S 4 7 True
M 3 7 True
Player 1 played : S 4 2 M 4 1
S 4 2 True
M 4 1 True
Time remaining is: 39s
You played : S 3 7 M 3 8
S 3 7 True
M 3 8 True
Player 1 played : S 4 1 M 3 1 RS 5 6 RE 4 1 X 4 18
S 4 1 True
M 3 1 True
RS 5 6 True
RE 4 1 True
X 4 18 True
Time remaining is: 35s
You played : S 1 3 M 5 19 RS 5 11 RE 1 3 X 0 0
S 1 3 True
M 5 19 True
RS 5 11 True
RE 1 3 True
X 0 0 True
Player 1 played : S 4 6 M 4 4
S 4 6 True
M 4 4 True
Time remaining is: 32s
You played : S 3 8 M 3 6
S 3 8 True
M 3 6 True
Player 1 played : S 3 1 M 2 5
S 3 1 True
M 2 5 True
Time remaining is: 29s
You played : S 3 6 M 3 4
S 3 6 True
M 3 4 True
Player 1 played : S 2 5 M 4 11
S 2 5 True
M 4 11 True
Time remaining is: 27s
You played : S 5 19 M 3 11
S 5 19 True
M 3 11 True
Player 1 played : S 4 11 M 4 9
S 4 11 True
M 4 9 True
Time remaining is: 25s
You played : S 3 10 M 5 13
S 3 10 True
M 5 13 True
Player 1 played : S 2 4 M 3 7
S 2 4 True
M 3 7 True
Time remaining is: 25s
You played : S 3 4 M 4 3
S 3 4 True
M 4 3 True
Player 1 played : S 3 7 M 5 8
S 3 7 True
M 5 8 True
Time remaining is: 24s
You played : S 5 13 M 2 3
S 5 13 True
M 2 3 True
Player 1 played : S 4 4 M 5 6 RS 5 4 RE 4 7 X 4 9
S 4 4 True
M 5 6 True
RS 5 4 True
RE 4 7 True
X 4 9 True
OTHER PLAYER WINS!
Your Score : 1.015
Opponent's Score : 9.01
