***********************************

-> You are player 1
-> You are alloted a time of 120s

***********************************

Time remaining is: 120s
You played : P 0 0
P 0 0 True
Player 2 played : P 1 0
P 1 0 True
Time remaining is: 120s
You played : P 1 4
P 1 4 True
Player 2 played : P 1 1
P 1 1 True
Time remaining is: 119s
You played : P 1 5
P 1 5 True
Player 2 played : P 1 2
P 1 2 True
Time remaining is: 119s
You played : P 1 3
P 1 3 True
Player 2 played : P 2 0
P 2 0 True
Time remaining is: 118s
You played : P 2 9
P 2 9 True
Player 2 played : P 2 1
P 2 1 True
Time remaining is: 118s
You played : S 1 4 M 2 7
S 1 4 True
M 2 7 True
Player 2 played : S 2 0 M 3 1
S 2 0 True
M 3 1 True
Time remaining is: 113s
You played : S 2 7 M 3 10
S 2 7 True
M 3 10 True
Player 2 played : S 3 1 M 4 2
S 3 1 True
M 4 2 True
Time remaining is: 108s
You played : S 1 5 M 2 11
S 1 5 True
M 2 11 True
Player 2 played : S 4 2 M 5 3
S 4 2 True
M 5 3 True
Time remaining is: 101s
You played : S 3 10 M 4 13
S 3 10 True
M 4 13 True
Player 2 played : S 5 3 M 5 1
S 5 3 True
M 5 1 True
Time remaining is: 95s
You played : S 4 13 M 3 9 RS 4 13 RE 1 5 X 2 9
S 4 13 True
M 3 9 True
RS 4 13 True
RE 1 5 True
X 2 9 True
Player 2 played : S 2 1 M 3 2
S 2 1 True
M 3 2 True
Time remaining is: 80s
You played : S 3 9 M 2 6
S 3 9 True
M 2 6 True
Player 2 played : S 5 1 M 4 1
S 5 1 True
M 4 1 True
Time remaining is: 75s
You played : S 2 6 M 2 5
S 2 6 True
M 2 5 True
Player 2 played : S 4 1 M 3 15
S 4 1 True
M 3 15 True
Time remaining is: 70s
You played : S 0 0 M 1 4
S 0 0 True
M 1 4 True
Player 2 played : S 1 1 M 2 2 RS 1 1 RE 5 1 X 3 2
S 1 1 True
M 2 2 True
RS 1 1 True
RE 5 1 True
X 3 2 True
Time remaining is: 59s
You played : S 2 11 M 2 10
S 2 11 True
M 2 10 True
Player 2 played : S 2 2 M 5 8
S 2 2 True
M 5 8 True
Time remaining is: 51s
You played : S 1 4 M 1 5
S 1 4 True
M 1 5 True
Player 2 played : S 5 8 M 2 1
S 5 8 True
M 2 1 True
Time remaining is: 47s
You played : S 2 10 M 2 9
S 2 10 True
M 2 9 True
Player 2 played : S 2 1 M 3 1
S 2 1 True
M 3 1 True
Time remaining is: 45s
You played : S 2 5 M 5 7
S 2 5 True
M 5 7 True
Player 2 played : S 3 1 M 1 1
S 3 1 True
M 1 1 True
Time remaining is: 41s
You played : S 5 7 M 3 0
S 5 7 True
M 3 0 True
Player 2 played : S 1 2 M 3 8
S 1 2 True
M 3 8 True
Time remaining is: 38s
You played : S 1 5 M 2 4
S 1 5 True
M 2 4 True
Player 2 played : S 3 8 M 2 7
S 3 8 True
M 2 7 True
Time remaining is: 37s
You played : S 3 0 M 4 1
S 3 0 True
M 4 1 True
Player 2 played : S 2 7 M 3 17
S 2 7 True
M 3 17 True
Time remaining is: 35s
You played : S 1 3 M 3 11
S 1 3 True
M 3 11 True
Player 2 played : S 3 17 M 4 23
S 3 17 True
M 4 23 True
Time remaining is: 33s
You played : S 3 11 M 4 15
S 3 11 True
M 4 15 True
Player 2 played : S 1 1 M 4 11
S 1 1 True
M 4 11 True
Time remaining is: 28s
You played : S 4 15 M 5 19
S 4 15 True
M 5 19 True
Player 2 played : S 4 11 M 5 14
S 4 11 True
M 5 14 True
Time remaining is: 27s
You played : S 5 19 M 4 16 RS 5 19 RE 1 3 X 4 1
S 5 19 True
M 4 16 True
RS 5 19 True
RE 1 3 True
X 4 1 True
Player 2 played : S 3 15 M 4 20
S 3 15 True
M 4 20 True
Time remaining is: 27s
You played : S 2 9 M 1 3
S 2 9 True
M 1 3 True
Player 2 played : S 4 23 M 3 2 RS 5 3 RE 2 11 X 3 2
S 4 23 True
M 3 2 True
RS 5 3 True
RE 2 11 True
X 3 2 True
Time remaining is: 26s
You played : S 1 3 M 2 3
S 1 3 True
M 2 3 True
Player 2 played : S 5 14 M 3 1
S 5 14 True
M 3 1 True
Time remaining is: 26s
You played : S 2 3 M 2 7
S 2 3 True
M 2 7 True
Player 2 played : S 4 20 M 5 26
S 4 20 True
M 5 26 True
Time remaining is: 26s
You played : S 2 4 M 3 10
S 2 4 True
M 3 10 True
Player 2 played : S 3 1 M 3 14 RS 0 0 RE 4 20 X 5 26
S 3 1 True
M 3 14 True
RS 0 0 True
RE 4 20 True
X 5 26 True
OTHER PLAYER WINS!
Your Score : 2.012
Opponent's Score : 8.009
