***********************************

-> You are player 1
-> You are alloted a time of 120s

***********************************

Time remaining is: 120s
You played : P 2 6
P 2 6 True
Player 2 played : P 1 3
P 1 3 True
Time remaining is: 120s
You played : P 5 21
P 5 21 True
Player 2 played : P 3 13
P 3 13 True
Time remaining is: 120s
You played : P 4 22
P 4 22 True
Player 2 played : P 3 16
P 3 16 True
Time remaining is: 120s
You played : P 5 23
P 5 23 True
Player 2 played : P 5 22
P 5 22 True
Time remaining is: 120s
You played : P 4 23
P 4 23 True
Player 2 played : P 3 17
P 3 17 True
Time remaining is: 120s
You played : S 5 21 M 4 17
S 5 21 True
M 4 17 True
Player 2 played : S 5 22 M 4 18
S 5 22 True
M 4 18 True
Time remaining is: 120s
You played : S 4 17 M 4 16
S 4 17 True
M 4 16 True
Player 2 played : S 4 18 M 3 14
S 4 18 True
M 3 14 True
Time remaining is: 120s
You played : S 4 16 M 5 19
S 4 16 True
M 5 19 True
Player 2 played : S 3 14 M 2 10
S 3 14 True
M 2 10 True
Time remaining is: 120s
You played : S 5 19 M 4 15
S 5 19 True
M 4 15 True
Player 2 played : S 2 10 M 2 11
S 2 10 True
M 2 11 True
Time remaining is: 120s
You played : S 4 15 M 5 18
S 4 15 True
M 5 18 True
Player 2 played : S 3 13 M 2 8
S 3 13 True
M 2 8 True
Time remaining is: 120s
You played : S 5 18 M 4 14
S 5 18 True
M 4 14 True
Player 2 played : S 2 8 M 2 7
S 2 8 True
M 2 7 True
Time remaining is: 120s
You played : S 4 14 M 2 9
S 4 14 True
M 2 9 True
Player 2 played : S 2 11 M 4 7 RS 5 22 RE 2 11 X 1 3
S 2 11 True
M 4 7 True
RS 5 22 True
RE 2 11 True
X 1 3 True
Time remaining is: 120s
You played : S 2 9 M 2 10
S 2 9 True
M 2 10 True
Player 2 played : S 3 17 M 1 4
S 3 17 True
M 1 4 True
Time remaining is: 120s
You played : S 4 23 M 2 11
S 4 23 True
M 2 11 True
Player 2 played : S 3 16 M 4 21
S 3 16 True
M 4 21 True
Time remaining is: 120s
You played : S 2 11 M 1 5
S 2 11 True
M 1 5 True
Player 2 played : S 1 4 M 3 12
S 1 4 True
M 3 12 True
Time remaining is: 120s
You played : S 2 10 M 5 22
S 2 10 True
M 5 22 True
Player 2 played : S 3 12 M 3 10
S 3 12 True
M 3 10 True
Time remaining is: 120s
You played : S 5 22 M 3 11
S 5 22 True
M 3 11 True
Player 2 played : S 4 7 M 3 6
S 4 7 True
M 3 6 True
Time remaining is: 120s
You played : S 5 23 M 5 24
S 5 23 True
M 5 24 True
Player 2 played : S 4 21 M 3 15
S 4 21 True
M 3 15 True
Time remaining is: 120s
You played : S 4 22 M 4 20
S 4 22 True
M 4 20 True
Player 2 played : S 3 6 M 0 0
S 3 6 True
M 0 0 True
Time remaining is: 120s
You played : S 2 6 M 1 3
S 2 6 True
M 1 3 True
Player 2 played : S 2 7 M 3 8
S 2 7 True
M 3 8 True
Time remaining is: 120s
You played : S 1 3 M 3 9
S 1 3 True
M 3 9 True
Player 2 played : S 3 15 M 5 27
S 3 15 True
M 5 27 True
Time remaining is: 120s
You played : S 3 11 M 5 28
S 3 11 True
M 5 28 True
Player 2 played : S 0 0 M 3 0
S 0 0 True
M 3 0 True
Time remaining is: 120s
You played : S 4 20 M 4 0
S 4 20 True
M 4 0 True
Player 2 played : S 3 10 M 4 13
S 3 10 True
M 4 13 True
Time remaining is: 120s
You played : S 5 24 M 2 5
S 5 24 True
M 2 5 True
Player 2 played : S 4 13 M 5 17
S 4 13 True
M 5 17 True
Time remaining is: 120s
You played : S 3 9 M 1 0 RS 4 16 RE 0 0 X 4 0
S 3 9 True
M 1 0 True
RS 4 16 True
RE 0 0 True
X 4 0 True
Player 2 played : S 3 8 M 3 7
S 3 8 True
M 3 7 True
Time remaining is: 120s
You played : S 1 5 M 5 16 RS 5 19 RE 1 3 X 5 16
S 1 5 True
M 5 16 True
RS 5 19 True
RE 1 3 True
X 5 16 True
Player 2 played : S 3 7 M 5 13
S 3 7 True
M 5 13 True
Time remaining is: 120s
You played : S 2 5 M 4 11
S 2 5 True
M 4 11 True
Player 2 played : S 5 17 M 5 19
S 5 17 True
M 5 19 True
Time remaining is: 120s
You played : S 1 0 M 5 9
S 1 0 True
M 5 9 True
Player 2 played : S 5 27 M 3 14
S 5 27 True
M 3 14 True
Time remaining is: 120s
You played : S 4 11 M 5 14
S 4 11 True
M 5 14 True
Player 2 played : S 5 13 M 3 11
S 5 13 True
M 3 11 True
Time remaining is: 120s
You played : S 5 9 M 4 12
S 5 9 True
M 4 12 True
Player 2 played : S 3 0 M 3 3
S 3 0 True
M 3 3 True
Time remaining is: 120s
You played : S 4 12 M 1 3
S 4 12 True
M 1 3 True
Player 2 played : S 3 11 M 2 8
S 3 11 True
M 2 8 True
Time remaining is: 120s
You played : S 1 3 M 1 4
S 1 3 True
M 1 4 True
Player 2 played : S 3 14 M 4 19
S 3 14 True
M 4 19 True
Time remaining is: 120s
You played : S 1 4 M 2 7
S 1 4 True
M 2 7 True
Player 2 played : S 4 19 M 4 9
S 4 19 True
M 4 9 True
Time remaining is: 120s
You played : S 5 28 M 3 1
S 5 28 True
M 3 1 True
Player 2 played : S 5 19 M 4 18
S 5 19 True
M 4 18 True
Time remaining is: 120s
You played : S 3 1 M 2 0
S 3 1 True
M 2 0 True
Player 2 played : S 4 9 M 5 16
S 4 9 True
M 5 16 True
Time remaining is: 120s
You played : S 5 14 M 1 2
S 5 14 True
M 1 2 True
Player 2 played : S 5 16 M 4 10
S 5 16 True
M 4 10 True
Time remaining is: 120s
You played : S 2 7 M 4 15
S 2 7 True
M 4 15 True
Player 2 played : S 4 10 M 2 4
S 4 10 True
M 2 4 True
Time remaining is: 120s
You played : S 4 15 M 4 16
S 4 15 True
M 4 16 True
INVALID MOVE ON THIS CLIENT
