{"action": "NORMAL", "meta": "", "data": "P 1 0"} Received from client 0
{"action": "NORMAL", "meta": "", "data": "P 3 5"} Received from client 1
{"action": "NORMAL", "meta": "", "data": "P 1 1"} Received from client 0
{"action": "NORMAL", "meta": "", "data": "P 4 11"} Received from client 1
{"action": "NORMAL", "meta": "", "data": "P 1 2"} Received from client 0
{"action": "NORMAL", "meta": "", "data": "P 3 4"} Received from client 1
{"action": "NORMAL", "meta": "", "data": "P 1 3"} Received from client 0
{"action": "NORMAL", "meta": "", "data": "P 5 9"} Received from client 1
{"action": "NORMAL", "meta": "", "data": "P 1 4"} Received from client 0
{"action": "NORMAL", "meta": "", "data": "P 5 23"} Received from client 1
{"action": "NORMAL", "meta": "", "data": "S 1 0 M 2 0"} Received from client 0
{"action": "NORMAL", "meta": "", "data": "S 3 4 M 2 1"} Received from client 1
{"action": "NORMAL", "meta": "", "data": "S 1 2 M 4 5"} Received from client 0
{"action": "NORMAL", "meta": "", "data": "S 3 5 M 4 6"} Received from client 1
{"action": "NORMAL", "meta": "", "data": "S 1 1 M 4 7"} Received from client 0
{"action": "NORMAL", "meta": "", "data": "S 4 6 M 2 4"} Received from client 1
{"action": "NORMAL", "meta": "", "data": "S 4 7 M 2 3"} Received from client 0
{"action": "NORMAL", "meta": "", "data": "S 2 4 M 5 7"} Received from client 1
{"action": "NORMAL", "meta": "", "data": "S 1 4 M 2 2"} Received from client 0
{"action": "NORMAL", "meta": "", "data": "S 4 11 M 4 8"} Received from client 1
{"action": "NORMAL", "meta": "", "data": "S 2 3 M 3 7"} Received from client 0
{"action": "NORMAL", "meta": "", "data": "S 4 8 M 0 0"} Received from client 1
{"action": "NORMAL", "meta": "", "data": "S 1 3 M 2 5"} Received from client 0
{"action": "NORMAL", "meta": "", "data": "S 2 1 M 3 1"} Received from client 1
{"action": "NORMAL", "meta": "", "data": "S 2 5 M 5 14"} Received from client 0
{"action": "NORMAL", "meta": "", "data": "S 3 1 M 4 2"} Received from client 1
{"action": "NORMAL", "meta": "", "data": "S 4 5 M 3 0"} Received from client 0
{"action": "NORMAL", "meta": "", "data": "S 5 7 M 5 6"} Received from client 1
{"action": "NORMAL", "meta": "", "data": "S 2 0 M 2 11"} Received from client 0
{"action": "NORMAL", "meta": "", "data": "S 5 6 M 2 7"} Received from client 1
{"action": "NORMAL", "meta": "", "data": "S 3 7 M 3 6"} Received from client 0
{"action": "NORMAL", "meta": "", "data": "S 0 0 M 2 8"} Received from client 1
{"action": "NORMAL", "meta": "", "data": "S 3 6 M 3 3"} Received from client 0
{"action": "NORMAL", "meta": "", "data": "S 2 7 M 4 13"} Received from client 1
{"action": "NORMAL", "meta": "", "data": "S 2 2 M 4 10"} Received from client 0
{"action": "NORMAL", "meta": "", "data": "S 5 9 M 5 8"} Received from client 1
{"action": "NORMAL", "meta": "", "data": "S 3 0 M 3 17"} Received from client 0
{"action": "NORMAL", "meta": "", "data": "S 2 8 M 3 12"} Received from client 1
{"action": "NORMAL", "meta": "", "data": "S 2 11 M 3 10"} Received from client 0
{"action": "NORMAL", "meta": "", "data": "S 4 2 M 2 10"} Received from client 1
{"action": "NORMAL", "meta": "", "data": "S 3 3 M 4 23"} Received from client 0
{"action": "NORMAL", "meta": "", "data": "S 2 10 M 2 9"} Received from client 1
{"action": "NORMAL", "meta": "", "data": "S 3 17 M 1 5"} Received from client 0
{"action": "NORMAL", "meta": "", "data": "S 5 8 M 4 22"} Received from client 1
{"action": "NORMAL", "meta": "", "data": "S 4 10 M 4 9"} Received from client 0
{"action": "NORMAL", "meta": "", "data": "S 4 13 M 3 8"} Received from client 1
{"action": "NORMAL", "meta": "", "data": "S 4 23 M 3 2"} Received from client 0
{"action": "NORMAL", "meta": "", "data": "S 3 8 M 4 1 RS 5 8 RE 2 1 X 5 23"} Received from client 1
{"action": "NORMAL", "meta": "", "data": "RS 2 11 RE 3 5 X 1 5 S 3 2 M 5 2 RS 4 23 RE 3 3 X 5 2"} Received from client 0
{"action": "NORMAL", "meta": "", "data": "S 3 12 M 1 1"} Received from client 1
{"action": "NORMAL", "meta": "", "data": "S 3 10 M 3 5"} Received from client 0
{"action": "NORMAL", "meta": "", "data": "S 2 9 M 3 14"} Received from client 1
{"action": "NORMAL", "meta": "", "data": "S 5 14 M 4 14"} Received from client 0
{"action": "NORMAL", "meta": "", "data": "S 3 14 M 4 19"} Received from client 1
{"action": "NORMAL", "meta": "", "data": "S 4 14 M 3 16"} Received from client 0
{"action": "NORMAL", "meta": "", "data": "S 1 1 M 1 0"} Received from client 1
{"action": "NORMAL", "meta": "", "data": "S 3 16 M 3 0"} Received from client 0
{"action": "NORMAL", "meta": "", "data": "S 1 0 M 2 6 RS 3 12 RE 1 1 X 4 22"} Received from client 1
{"action": "NORMAL", "meta": "", "data": "S 4 9 M 5 12"} Received from client 0
{"action": "NORMAL", "meta": "", "data": "S 4 19 M 1 4"} Received from client 1
{"action": "NORMAL", "meta": "", "data": "S 5 12 M 5 11"} Received from client 0
{"action": "NORMAL", "meta": "", "data": "S 1 4 M 5 16"} Received from client 1
{"action": "NORMAL", "meta": "", "data": "S 5 11 M 5 24"} Received from client 0
{"action": "NORMAL", "meta": "", "data": "S 2 6 M 5 18"} Received from client 1
{"action": "NORMAL", "meta": "", "data": "S 3 5 M 2 11"} Received from client 0
{"action": "FINISH", "meta": "Player 2 SCORE : 8.012 : Player 1 SCORE : 2.019", "data": "S 5 16 M 1 5 RS 4 14 RE 2 4 X 4 1"} Received from client 1
