***********************************

-> You are player 2
-> You are alloted a time of 120s

***********************************

Player 1 played : P 0 0
P 0 0 True
Time remaining is: 120s
You played : P 3 3
P 3 3 True
Player 1 played : P 2 1
P 2 1 True
Time remaining is: 120s
You played : P 3 0
P 3 0 True
Player 1 played : P 2 3
P 2 3 True
Time remaining is: 120s
You played : P 3 11
P 3 11 True
Player 1 played : P 2 5
P 2 5 True
Time remaining is: 120s
You played : P 4 19
P 4 19 True
Player 1 played : P 2 7
P 2 7 True
Time remaining is: 120s
You played : P 3 9
P 3 9 True
Player 1 played : S 2 1 M 3 2
S 2 1 True
M 3 2 True
Time remaining is: 120s
You played : S 3 3 M 4 3
S 3 3 True
M 4 3 True
Player 1 played : S 0 0 M 1 1
S 0 0 True
M 1 1 True
Time remaining is: 120s
You played : S 3 0 M 1 3
S 3 0 True
M 1 3 True
Player 1 played : S 1 1 M 2 2
S 1 1 True
M 2 2 True
Time remaining is: 120s
You played : S 4 3 M 5 3
S 4 3 True
M 5 3 True
Player 1 played : S 2 5 M 1 2
S 2 5 True
M 1 2 True
Time remaining is: 120s
You played : S 1 3 M 2 6
S 1 3 True
M 2 6 True
Player 1 played : S 3 2 M 4 5
S 3 2 True
M 4 5 True
Time remaining is: 120s
You played : S 5 3 M 3 4
S 5 3 True
M 3 4 True
Player 1 played : S 1 2 M 2 4
S 1 2 True
M 2 4 True
Time remaining is: 120s
You played : S 4 19 M 3 7
S 4 19 True
M 3 7 True
Player 1 played : S 4 5 M 3 1
S 4 5 True
M 3 1 True
Time remaining is: 120s
You played : S 3 4 M 5 6
S 3 4 True
M 5 6 True
Player 1 played : S 3 1 M 4 1
S 3 1 True
M 4 1 True
Time remaining is: 120s
You played : S 5 6 M 4 2
S 5 6 True
M 4 2 True
Player 1 played : S 4 1 M 4 0 RS 1 2 RE 4 1 X 2 3
S 4 1 True
M 4 0 True
RS 1 2 True
RE 4 1 True
X 2 3 True
Time remaining is: 120s
You played : S 2 6 M 3 10
S 2 6 True
M 3 10 True
Player 1 played : S 2 2 M 4 6
S 2 2 True
M 4 6 True
Time remaining is: 120s
You played : S 3 11 M 2 8
S 3 11 True
M 2 8 True
Player 1 played : S 4 6 M 5 8
S 4 6 True
M 5 8 True
Time remaining is: 120s
You played : S 3 7 M 1 4
S 3 7 True
M 1 4 True
Player 1 played : S 2 7 M 3 8
S 2 7 True
M 3 8 True
Time remaining is: 120s
You played : S 1 4 M 1 5
S 1 4 True
M 1 5 True
Player 1 played : S 2 4 M 3 5
S 2 4 True
M 3 5 True
Time remaining is: 120s
You played : S 3 9 M 1 0
S 3 9 True
M 1 0 True
Player 1 played : S 3 5 M 2 3
S 3 5 True
M 2 3 True
Time remaining is: 120s
You played : S 1 5 M 1 2
S 1 5 True
M 1 2 True
Player 1 played : S 5 8 M 5 7
S 5 8 True
M 5 7 True
Time remaining is: 120s
You played : S 1 2 M 3 6
S 1 2 True
M 3 6 True
Player 1 played : S 3 8 M 1 1
S 3 8 True
M 1 1 True
Time remaining is: 120s
You played : S 3 6 M 2 10
S 3 6 True
M 2 10 True
Player 1 played : S 5 7 M 3 1
S 5 7 True
M 3 1 True
Time remaining is: 120s
You played : S 3 10 M 4 11
S 3 10 True
M 4 11 True
Player 1 played : S 3 1 M 2 1
S 3 1 True
M 2 1 True
Time remaining is: 120s
You played : S 2 8 M 4 10
S 2 8 True
M 4 10 True
Player 1 played : S 1 1 M 3 12
S 1 1 True
M 3 12 True
Time remaining is: 120s
You played : S 4 11 M 5 14
S 4 11 True
M 5 14 True
Player 1 played : S 2 3 M 4 15
S 2 3 True
M 4 15 True
Time remaining is: 120s
You played : S 5 14 M 5 13
S 5 14 True
M 5 13 True
Player 1 played : S 2 1 M 2 0 RS 2 1 RE 5 8 X 4 0
S 2 1 True
M 2 0 True
RS 2 1 True
RE 5 8 True
X 4 0 True
Time remaining is: 120s
You played : S 2 10 M 4 14
S 2 10 True
M 4 14 True
Player 1 played : S 3 12 M 2 2
S 3 12 True
M 2 2 True
Time remaining is: 120s
You played : S 1 0 M 2 9
S 1 0 True
M 2 9 True
Player 1 played : S 2 2 M 4 4 RS 3 1 RE 5 7 X 4 15
S 2 2 True
M 4 4 True
RS 3 1 True
RE 5 7 True
X 4 15 True
OTHER PLAYER WINS!
Your Score : 0.019
Opponent's Score : 10.011
