INITIAL MOVE: centre
Init move: 5 5
Moved self move
Opponent move done
INITIAL MOVE: rhombus
Init move: 6 5
Moved self move
Opponent move done
INITIAL MOVE: rhombus
Init move: 7 5
Moved self move
Opponent move done
INITIAL MOVE: block
Init move: 5 3
Moved self move
Opponent move done
INITIAL MOVE: block
Init move: 4 3
Moved self move
Opponent move done
Starting ID
best move at distance 1 is 0
best move at distance 2 is 0
best move at distance 3 is 0
best move at distance 4 is 0
best move at distance 5 is 4
Best Move at: 4
Moved self move
Opponent move done
Starting ID
best move at distance 1 is 0
best move at distance 2 is 0
best move at distance 3 is 0
best move at distance 4 is 5
best move at distance 5 is 0
Best Move at: 0
Moved self move
Opponent move done
Starting ID
best move at distance 1 is 0
best move at distance 2 is 0
best move at distance 3 is 0
best move at distance 4 is 2
best move at distance 5 is 1
Best Move at: 1
Moved self move
Opponent move done
Starting ID
best move at distance 1 is 0
best move at distance 2 is 12
best move at distance 3 is 1
best move at distance 4 is 1
best move at distance 5 is 1
Best Move at: 1
Moved self move
Opponent move done
Starting ID
best move at distance 1 is 0
best move at distance 2 is 4
best move at distance 3 is 3
best move at distance 4 is 3
best move at distance 5 is 8
Best Move at: 8
Moved self move
Opponent move done
Starting ID
best move at distance 1 is 0
best move at distance 2 is 0
best move at distance 3 is 7
best move at distance 4 is 0
best move at distance 5 is 8
Best Move at: 8
Moved self move
Opponent move done
Starting ID
best move at distance 1 is 0
best move at distance 2 is 2
best move at distance 3 is 2
best move at distance 4 is 2
best move at distance 5 is 2
Best Move at: 2
Moved self move
Opponent move done
Starting ID
best move at distance 1 is 0
best move at distance 2 is 1
best move at distance 3 is 1
best move at distance 4 is 2
best move at distance 5 is 1
Best Move at: 1
Moved self move
Opponent move done
Starting ID
best move at distance 1 is 0
best move at distance 2 is 1
best move at distance 3 is 1
best move at distance 4 is 1
best move at distance 5 is 1
Best Move at: 1
Moved self move
Opponent move done
Starting ID
best move at distance 1 is 0
best move at distance 2 is 4
best move at distance 3 is 1
best move at distance 4 is 7
removing markers case, subproblem 1 
removing markers case, subproblem 1 
removing markers case, subproblem 1 
removing markers case, subproblem 1 
removing markers case, subproblem 1 
removing markers case, subproblem 1 
removing markers case, subproblem 1 
removing markers case, subproblem 1 
best move at distance 5 is 9
Best Move at: 9
Moved self move
Opponent move done
Starting ID
best move at distance 1 is 0
best move at distance 2 is 1
best move at distance 3 is 1
best move at distance 4 is 7
best move at distance 5 is 7
Best Move at: 7
Moved self move
Opponent move done
Starting ID
best move at distance 1 is 0
best move at distance 2 is 1
best move at distance 3 is 4
best move at distance 4 is 4
best move at distance 5 is 4
Best Move at: 4
Moved self move
Opponent move done
Starting ID
best move at distance 1 is 0
best move at distance 2 is 5
best move at distance 3 is 4
best move at distance 4 is 4
best move at distance 5 is 4
Best Move at: 4
Moved self move
Opponent move done
Starting ID
best move at distance 1 is 0
best move at distance 2 is 8
removing markers case, subproblem 1 
removing markers case, subproblem 1 
removing markers case, subproblem 1 
removing markers case, subproblem 1 
removing markers case, subproblem 1 
best move at distance 3 is 9
best move at distance 4 is 8
best move at distance 5 is 8
Best Move at: 8
Moved self move
Opponent move done
Starting ID
best move at distance 1 is 0
best move at distance 2 is 0
best move at distance 3 is 0
best move at distance 4 is 0
best move at distance 5 is 0
Best Move at: 0
Moved self move
Opponent move done
Starting ID
best move at distance 1 is 0
best move at distance 2 is 6
best move at distance 3 is 6
best move at distance 4 is 1
removing markers case, subproblem 1 
removing markers case, subproblem 1 
removing markers case, subproblem 1 
removing markers case, subproblem 1 
removing markers case, subproblem 1 
removing markers case, subproblem 1 
removing markers case, subproblem 1 
removing markers case, subproblem 1 
removing markers case, subproblem 1 
removing markers case, subproblem 1 
removing markers case, subproblem 1 
removing markers case, subproblem 1 
removing markers case, subproblem 1 
removing markers case, subproblem 1 
removing markers case, subproblem 1 
removing markers case, subproblem 1 
removing markers case, subproblem 1 
removing markers case, subproblem 1 
removing markers case, subproblem 1 
removing markers case, subproblem 1 
removing markers case, subproblem 1 
removing markers case, subproblem 1 
removing markers case, subproblem 1 
removing markers case, subproblem 1 
removing markers case, subproblem 1 
removing markers case, subproblem 1 
removing markers case, subproblem 1 
removing markers case, subproblem 1 
removing markers case, subproblem 1 
removing markers case, subproblem 1 
best move at distance 5 is 6
Best Move at: 6
Moved self move
Opponent move done
Starting ID
best move at distance 1 is 0
best move at distance 2 is 5
best move at distance 3 is 6
best move at distance 4 is 0
removing markers case, subproblem 1 
removing markers case, subproblem 1 
removing markers case, subproblem 1 
removing markers case, subproblem 1 
removing markers case, subproblem 1 
removing markers case, subproblem 1 
removing markers case, subproblem 1 
removing markers case, subproblem 1 
removing markers case, subproblem 1 
removing markers case, subproblem 1 
best move at distance 5 is 6
Best Move at: 6
Moved self move
Opponent move done
Starting ID
best move at distance 1 is 0
best move at distance 2 is 1
best move at distance 3 is 1
best move at distance 4 is 6
removing markers case, subproblem 1 
removing markers case, subproblem 1 
removing markers case, subproblem 1 
removing markers case, subproblem 1 
removing markers case, subproblem 1 
removing markers case, subproblem 1 
removing markers case, subproblem 1 
removing markers case, subproblem 1 
removing markers case, subproblem 1 
removing markers case, subproblem 1 
removing markers case, subproblem 1 
removing markers case, subproblem 1 
removing markers case, subproblem 1 
removing markers case, subproblem 1 
removing markers case, subproblem 1 
removing markers case, subproblem 1 
removing markers case, subproblem 1 
removing markers case, subproblem 1 
removing markers case, subproblem 1 
best move at distance 5 is 14
Best Move at: 14
Moved self move
Opponent move done
Starting ID
best move at distance 1 is 0
best move at distance 2 is 1
best move at distance 3 is 1
best move at distance 4 is 3
best move at distance 5 is 0
Best Move at: 0
Moved self move
Opponent move done
Starting ID
best move at distance 1 is 0
best move at distance 2 is 3
best move at distance 3 is 10
best move at distance 4 is 2
removing markers case, subproblem 1 
removing markers case, subproblem 1 
removing markers case, subproblem 1 
removing markers case, subproblem 1 
removing markers case, subproblem 1 
removing markers case, subproblem 1 
removing markers case, subproblem 1 
removing markers case, subproblem 1 
best move at distance 5 is 1
Best Move at: 1
Moved self move
Opponent move done
Starting ID
best move at distance 1 is 0
best move at distance 2 is 5
removing markers case, subproblem 1 
removing markers case, subproblem 1 
removing markers case, subproblem 1 
removing markers case, subproblem 1 
removing markers case, subproblem 1 
removing markers case, subproblem 1 
removing markers case, subproblem 1 
removing markers case, subproblem 1 
removing markers case, subproblem 1 
removing markers case, subproblem 1 
best move at distance 3 is 0
best move at distance 4 is 0
removing markers case, subproblem 1 
removing markers case, subproblem 1 
best move at distance 5 is 0
Best Move at: 0
Moved self move
Opponent move done
Starting ID
best move at distance 1 is 0
best move at distance 2 is 1
removing markers case, subproblem 1 
removing markers case, subproblem 1 
removing markers case, subproblem 1 
removing markers case, subproblem 1 
removing markers case, subproblem 1 
best move at distance 3 is 8
best move at distance 4 is 8
removing markers case, subproblem 1 
removing markers case, subproblem 1 
removing markers case, subproblem 1 
removing markers case, subproblem 1 
removing markers case, subproblem 1 
removing markers case, subproblem 1 
removing markers case, subproblem 1 
removing markers case, subproblem 1 
removing markers case, subproblem 1 
removing markers case, subproblem 1 
removing markers case, subproblem 1 
removing markers case, subproblem 1 
removing markers case, subproblem 1 
removing markers case, subproblem 1 
removing markers case, subproblem 1 
removing markers case, subproblem 1 
removing markers case, subproblem 1 
removing markers case, subproblem 1 
removing markers case, subproblem 1 
removing markers case, subproblem 1 
removing markers case, subproblem 1 
removing markers case, subproblem 1 
removing markers case, subproblem 1 
removing markers case, subproblem 1 
removing markers case, subproblem 1 
removing markers case, subproblem 1 
removing markers case, subproblem 1 
removing markers case, subproblem 1 
removing markers case, subproblem 1 
removing markers case, subproblem 1 
removing markers case, subproblem 1 
removing markers case, subproblem 1 
removing markers case, subproblem 1 
removing markers case, subproblem 1 
removing markers case, subproblem 1 
removing markers case, subproblem 1 
removing markers case, subproblem 1 
removing markers case, subproblem 1 
removing markers case, subproblem 1 
removing markers case, subproblem 1 
removing markers case, subproblem 1 
removing markers case, subproblem 1 
removing markers case, subproblem 1 
removing markers case, subproblem 1 
removing markers case, subproblem 1 
removing markers case, subproblem 1 
removing markers case, subproblem 1 
removing markers case, subproblem 1 
removing markers case, subproblem 1 
removing markers case, subproblem 1 
removing markers case, subproblem 1 
removing markers case, subproblem 1 
removing markers case, subproblem 1 
removing markers case, subproblem 1 
removing markers case, subproblem 1 
removing markers case, subproblem 1 
removing markers case, subproblem 1 
removing markers case, subproblem 1 
removing markers case, subproblem 1 
removing markers case, subproblem 1 
removing markers case, subproblem 1 
removing markers case, subproblem 1 
removing markers case, subproblem 1 
removing markers case, subproblem 1 
removing markers case, subproblem 1 
removing markers case, subproblem 1 
removing markers case, subproblem 1 
removing markers case, subproblem 1 
removing markers case, subproblem 1 
removing markers case, subproblem 1 
removing markers case, subproblem 1 
removing markers case, subproblem 1 
removing markers case, subproblem 1 
removing markers case, subproblem 1 
removing markers case, subproblem 1 
removing markers case, subproblem 1 
removing markers case, subproblem 1 
removing markers case, subproblem 1 
removing markers case, subproblem 1 
removing markers case, subproblem 1 
removing markers case, subproblem 1 
removing markers case, subproblem 1 
removing markers case, subproblem 1 
removing markers case, subproblem 1 
removing markers case, subproblem 1 
removing markers case, subproblem 1 
removing markers case, subproblem 1 
removing markers case, subproblem 1 
removing markers case, subproblem 1 
removing markers case, subproblem 1 
removing markers case, subproblem 1 
removing markers case, subproblem 1 
removing markers case, subproblem 1 
removing markers case, subproblem 1 
removing markers case, subproblem 1 
removing markers case, subproblem 1 
removing markers case, subproblem 1 
removing markers case, subproblem 1 
removing markers case, subproblem 1 
removing markers case, subproblem 1 
removing markers case, subproblem 1 
removing markers case, subproblem 1 
removing markers case, subproblem 1 
removing markers case, subproblem 1 
removing markers case, subproblem 1 
removing markers case, subproblem 1 
removing markers case, subproblem 1 
removing markers case, subproblem 1 
removing markers case, subproblem 1 
removing markers case, subproblem 1 
removing markers case, subproblem 1 
removing markers case, subproblem 1 
removing markers case, subproblem 1 
removing markers case, subproblem 1 
removing markers case, subproblem 1 
removing markers case, subproblem 1 
removing markers case, subproblem 1 
removing markers case, subproblem 1 
removing markers case, subproblem 1 
removing markers case, subproblem 1 
removing markers case, subproblem 1 
removing markers case, subproblem 1 
removing markers case, subproblem 1 
removing markers case, subproblem 1 
removing markers case, subproblem 1 
removing markers case, subproblem 1 
removing markers case, subproblem 1 
removing markers case, subproblem 1 
removing markers case, subproblem 1 
removing markers case, subproblem 1 
removing markers case, subproblem 1 
removing markers case, subproblem 1 
removing markers case, subproblem 1 
removing markers case, subproblem 1 
removing markers case, subproblem 1 
removing markers case, subproblem 1 
removing markers case, subproblem 1 
removing markers case, subproblem 1 
removing markers case, subproblem 1 
removing markers case, subproblem 1 
removing markers case, subproblem 1 
removing markers case, subproblem 1 
removing markers case, subproblem 1 
removing markers case, subproblem 1 
removing markers case, subproblem 1 
removing markers case, subproblem 1 
removing markers case, subproblem 1 
removing markers case, subproblem 1 
removing markers case, subproblem 1 
removing markers case, subproblem 1 
removing markers case, subproblem 1 
removing markers case, subproblem 1 
removing markers case, subproblem 1 
removing markers case, subproblem 1 
removing markers case, subproblem 1 
removing markers case, subproblem 1 
removing markers case, subproblem 1 
removing markers case, subproblem 1 
removing markers case, subproblem 1 
removing markers case, subproblem 1 
removing markers case, subproblem 1 
removing markers case, subproblem 1 
removing markers case, subproblem 1 
removing markers case, subproblem 1 
removing markers case, subproblem 1 
removing markers case, subproblem 1 
removing markers case, subproblem 1 
removing markers case, subproblem 1 
removing markers case, subproblem 1 
removing markers case, subproblem 1 
removing markers case, subproblem 1 
removing markers case, subproblem 1 
removing markers case, subproblem 1 
removing markers case, subproblem 1 
removing markers case, subproblem 1 
removing markers case, subproblem 1 
removing markers case, subproblem 1 
removing markers case, subproblem 1 
removing markers case, subproblem 1 
removing markers case, subproblem 1 
removing markers case, subproblem 1 
removing markers case, subproblem 1 
removing markers case, subproblem 1 
removing markers case, subproblem 1 
removing markers case, subproblem 1 
removing markers case, subproblem 1 
removing markers case, subproblem 1 
removing markers case, subproblem 1 
removing markers case, subproblem 1 
removing markers case, subproblem 1 
removing markers case, subproblem 1 
removing markers case, subproblem 1 
removing markers case, subproblem 1 
removing markers case, subproblem 1 
removing markers case, subproblem 1 
removing markers case, subproblem 1 
removing markers case, subproblem 1 
removing markers case, subproblem 1 
removing markers case, subproblem 1 
removing markers case, subproblem 1 
removing markers case, subproblem 1 
removing markers case, subproblem 1 
removing markers case, subproblem 1 
removing markers case, subproblem 1 
removing markers case, subproblem 1 
removing markers case, subproblem 1 
removing markers case, subproblem 1 
removing markers case, subproblem 1 
removing markers case, subproblem 1 
removing markers case, subproblem 1 
removing markers case, subproblem 1 
removing markers case, subproblem 1 
removing markers case, subproblem 1 
removing markers case, subproblem 1 
removing markers case, subproblem 1 
removing markers case, subproblem 1 
removing markers case, subproblem 1 
removing markers case, subproblem 1 
removing markers case, subproblem 1 
removing markers case, subproblem 1 
removing markers case, subproblem 1 
removing markers case, subproblem 1 
removing markers case, subproblem 1 
removing markers case, subproblem 1 
removing markers case, subproblem 1 
removing markers case, subproblem 1 
removing markers case, subproblem 1 
removing markers case, subproblem 1 
removing markers case, subproblem 1 
removing markers case, subproblem 1 
removing markers case, subproblem 1 
removing markers case, subproblem 1 
removing markers case, subproblem 1 
removing markers case, subproblem 1 
removing markers case, subproblem 1 
removing markers case, subproblem 1 
removing markers case, subproblem 1 
removing markers case, subproblem 1 
removing markers case, subproblem 1 
removing markers case, subproblem 1 
removing markers case, subproblem 1 
removing markers case, subproblem 1 
removing markers case, subproblem 1 
removing markers case, subproblem 1 
removing markers case, subproblem 1 
removing markers case, subproblem 1 
removing markers case, subproblem 1 
removing markers case, subproblem 1 
removing markers case, subproblem 1 
removing markers case, subproblem 1 
removing markers case, subproblem 1 
removing markers case, subproblem 1 
removing markers case, subproblem 1 
removing markers case, subproblem 1 
removing markers case, subproblem 1 
removing markers case, subproblem 1 
removing markers case, subproblem 1 
removing markers case, subproblem 1 
removing markers case, subproblem 1 
removing markers case, subproblem 1 
removing markers case, subproblem 1 
removing markers case, subproblem 1 
removing markers case, subproblem 1 
removing markers case, subproblem 1 
removing markers case, subproblem 1 
removing markers case, subproblem 1 
removing markers case, subproblem 1 
removing markers case, subproblem 1 
removing markers case, subproblem 1 
removing markers case, subproblem 1 
removing markers case, subproblem 1 
removing markers case, subproblem 1 
removing markers case, subproblem 1 
removing markers case, subproblem 1 
removing markers case, subproblem 1 
removing markers case, subproblem 1 
removing markers case, subproblem 1 
removing markers case, subproblem 1 
removing markers case, subproblem 1 
removing markers case, subproblem 1 
removing markers case, subproblem 1 
removing markers case, subproblem 1 
removing markers case, subproblem 1 
removing markers case, subproblem 1 
removing markers case, subproblem 1 
removing markers case, subproblem 1 
removing markers case, subproblem 1 
removing markers case, subproblem 1 
removing markers case, subproblem 1 
removing markers case, subproblem 1 
removing markers case, subproblem 1 
removing markers case, subproblem 1 
removing markers case, subproblem 1 
removing markers case, subproblem 1 
removing markers case, subproblem 1 
removing markers case, subproblem 1 
removing markers case, subproblem 1 
removing markers case, subproblem 1 
removing markers case, subproblem 1 
removing markers case, subproblem 1 
removing markers case, subproblem 1 
removing markers case, subproblem 1 
removing markers case, subproblem 1 
removing markers case, subproblem 1 
removing markers case, subproblem 1 
removing markers case, subproblem 1 
removing markers case, subproblem 1 
removing markers case, subproblem 1 
removing markers case, subproblem 1 
removing markers case, subproblem 1 
removing markers case, subproblem 1 
removing markers case, subproblem 1 
removing markers case, subproblem 1 
removing markers case, subproblem 1 
removing markers case, subproblem 1 
removing markers case, subproblem 1 
removing markers case, subproblem 1 
removing markers case, subproblem 1 
removing markers case, subproblem 1 
removing markers case, subproblem 1 
removing markers case, subproblem 1 
removing markers case, subproblem 1 
removing markers case, subproblem 1 
removing markers case, subproblem 1 
removing markers case, subproblem 1 
removing markers case, subproblem 1 
removing markers case, subproblem 1 
removing markers case, subproblem 1 
removing markers case, subproblem 1 
removing markers case, subproblem 1 
removing markers case, subproblem 1 
removing markers case, subproblem 1 
removing markers case, subproblem 1 
removing markers case, subproblem 1 
removing markers case, subproblem 1 
removing markers case, subproblem 1 
removing markers case, subproblem 1 
removing markers case, subproblem 1 
removing markers case, subproblem 1 
removing markers case, subproblem 1 
removing markers case, subproblem 1 
removing markers case, subproblem 1 
removing markers case, subproblem 1 
removing markers case, subproblem 1 
removing markers case, subproblem 1 
removing markers case, subproblem 1 
removing markers case, subproblem 1 
removing markers case, subproblem 1 
removing markers case, subproblem 1 
removing markers case, subproblem 1 
removing markers case, subproblem 1 
removing markers case, subproblem 1 
removing markers case, subproblem 1 
removing markers case, subproblem 1 
removing markers case, subproblem 1 
removing markers case, subproblem 1 
removing markers case, subproblem 1 
removing markers case, subproblem 1 
removing markers case, subproblem 1 
removing markers case, subproblem 1 
removing markers case, subproblem 1 
removing markers case, subproblem 1 
removing markers case, subproblem 1 
removing markers case, subproblem 1 
removing markers case, subproblem 1 
removing markers case, subproblem 1 
removing markers case, subproblem 1 
removing markers case, subproblem 1 
removing markers case, subproblem 1 
removing markers case, subproblem 1 
removing markers case, subproblem 1 
removing markers case, subproblem 1 
removing markers case, subproblem 1 
removing markers case, subproblem 1 
removing markers case, subproblem 1 
removing markers case, subproblem 1 
removing markers case, subproblem 1 
removing markers case, subproblem 1 
removing markers case, subproblem 1 
removing markers case, subproblem 1 
removing markers case, subproblem 1 
removing markers case, subproblem 1 
removing markers case, subproblem 1 
removing markers case, subproblem 1 
removing markers case, subproblem 1 
removing markers case, subproblem 1 
removing markers case, subproblem 1 
removing markers case, subproblem 1 
removing markers case, subproblem 1 
removing markers case, subproblem 1 
removing markers case, subproblem 1 
removing markers case, subproblem 1 
removing markers case, subproblem 1 
removing markers case, subproblem 1 
removing markers case, subproblem 1 
removing markers case, subproblem 1 
removing markers case, subproblem 1 
removing markers case, subproblem 1 
removing markers case, subproblem 1 
removing markers case, subproblem 1 
removing markers case, subproblem 1 
removing markers case, subproblem 1 
removing markers case, subproblem 1 
removing markers case, subproblem 1 
removing markers case, subproblem 1 
removing markers case, subproblem 1 
removing markers case, subproblem 1 
removing markers case, subproblem 1 
removing markers case, subproblem 1 
removing markers case, subproblem 1 
removing markers case, subproblem 1 
removing markers case, subproblem 1 
removing markers case, subproblem 1 
removing markers case, subproblem 1 
removing markers case, subproblem 1 
removing markers case, subproblem 1 
removing markers case, subproblem 1 
removing markers case, subproblem 1 
removing markers case, subproblem 1 
removing markers case, subproblem 1 
removing markers case, subproblem 1 
removing markers case, subproblem 1 
removing markers case, subproblem 1 
removing markers case, subproblem 1 
removing markers case, subproblem 1 
removing markers case, subproblem 1 
removing markers case, subproblem 1 
removing markers case, subproblem 1 
removing markers case, subproblem 1 
removing markers case, subproblem 1 
removing markers case, subproblem 1 
removing markers case, subproblem 1 
removing markers case, subproblem 1 
removing markers case, subproblem 1 
removing markers case, subproblem 1 
removing markers case, subproblem 1 
removing markers case, subproblem 1 
removing markers case, subproblem 1 
removing markers case, subproblem 1 
removing markers case, subproblem 1 
removing markers case, subproblem 1 
removing markers case, subproblem 1 
removing markers case, subproblem 1 
removing markers case, subproblem 1 
removing markers case, subproblem 1 
removing markers case, subproblem 1 
removing markers case, subproblem 1 
removing markers case, subproblem 1 
removing markers case, subproblem 1 
removing markers case, subproblem 1 
removing markers case, subproblem 1 
removing markers case, subproblem 1 
removing markers case, subproblem 1 
removing markers case, subproblem 1 
removing markers case, subproblem 1 
removing markers case, subproblem 1 
removing markers case, subproblem 1 
removing markers case, subproblem 1 
removing markers case, subproblem 1 
removing markers case, subproblem 1 
removing markers case, subproblem 1 
removing markers case, subproblem 1 
removing markers case, subproblem 1 
removing markers case, subproblem 1 
removing markers case, subproblem 1 
removing markers case, subproblem 1 
removing markers case, subproblem 1 
removing markers case, subproblem 1 
removing markers case, subproblem 1 
removing markers case, subproblem 1 
removing markers case, subproblem 1 
removing markers case, subproblem 1 
removing markers case, subproblem 1 
removing markers case, subproblem 1 
removing markers case, subproblem 1 
removing markers case, subproblem 1 
removing markers case, subproblem 1 
removing markers case, subproblem 1 
removing markers case, subproblem 1 
removing markers case, subproblem 1 
removing markers case, subproblem 1 
removing markers case, subproblem 1 
removing markers case, subproblem 1 
removing markers case, subproblem 1 
removing markers case, subproblem 1 
removing markers case, subproblem 1 
removing markers case, subproblem 1 
removing markers case, subproblem 1 
removing markers case, subproblem 1 
removing markers case, subproblem 1 
removing markers case, subproblem 1 
removing markers case, subproblem 1 
removing markers case, subproblem 1 
removing markers case, subproblem 1 
removing markers case, subproblem 1 
removing markers case, subproblem 1 
removing markers case, subproblem 1 
removing markers case, subproblem 1 
removing markers case, subproblem 1 
removing markers case, subproblem 1 
removing markers case, subproblem 1 
removing markers case, subproblem 1 
removing markers case, subproblem 1 
removing markers case, subproblem 1 
removing markers case, subproblem 1 
removing markers case, subproblem 1 
removing markers case, subproblem 1 
removing markers case, subproblem 1 
removing markers case, subproblem 1 
removing markers case, subproblem 1 
removing markers case, subproblem 1 
removing markers case, subproblem 1 
removing markers case, subproblem 1 
removing markers case, subproblem 1 
removing markers case, subproblem 1 
removing markers case, subproblem 1 
removing markers case, subproblem 1 
removing markers case, subproblem 1 
removing markers case, subproblem 1 
removing markers case, subproblem 1 
removing markers case, subproblem 1 
removing markers case, subproblem 1 
removing markers case, subproblem 1 
removing markers case, subproblem 1 
removing markers case, subproblem 1 
removing markers case, subproblem 1 
removing markers case, subproblem 1 
removing markers case, subproblem 1 
removing markers case, subproblem 1 
removing markers case, subproblem 1 
removing markers case, subproblem 1 
removing markers case, subproblem 1 
removing markers case, subproblem 1 
removing markers case, subproblem 1 
removing markers case, subproblem 1 
removing markers case, subproblem 1 
removing markers case, subproblem 1 
removing markers case, subproblem 1 
removing markers case, subproblem 1 
removing markers case, subproblem 1 
removing markers case, subproblem 1 
removing markers case, subproblem 1 
removing markers case, subproblem 1 
removing markers case, subproblem 1 
removing markers case, subproblem 1 
removing markers case, subproblem 1 
removing markers case, subproblem 1 
removing markers case, subproblem 1 
removing markers case, subproblem 1 
removing markers case, subproblem 1 
removing markers case, subproblem 1 
removing markers case, subproblem 1 
removing markers case, subproblem 1 
removing markers case, subproblem 1 
removing markers case, subproblem 1 
removing markers case, subproblem 1 
removing markers case, subproblem 1 
removing markers case, subproblem 1 
removing markers case, subproblem 1 
removing markers case, subproblem 1 
removing markers case, subproblem 1 
removing markers case, subproblem 1 
removing markers case, subproblem 1 
removing markers case, subproblem 1 
removing markers case, subproblem 1 
removing markers case, subproblem 1 
removing markers case, subproblem 1 
removing markers case, subproblem 1 
removing markers case, subproblem 1 
removing markers case, subproblem 1 
removing markers case, subproblem 1 
removing markers case, subproblem 1 
removing markers case, subproblem 1 
removing markers case, subproblem 1 
removing markers case, subproblem 1 
removing markers case, subproblem 1 
removing markers case, subproblem 1 
removing markers case, subproblem 1 
removing markers case, subproblem 1 
removing markers case, subproblem 1 
removing markers case, subproblem 1 
removing markers case, subproblem 1 
removing markers case, subproblem 1 
removing markers case, subproblem 1 
removing markers case, subproblem 1 
removing markers case, subproblem 1 
removing markers case, subproblem 1 
removing markers case, subproblem 1 
removing markers case, subproblem 1 
removing markers case, subproblem 1 
removing markers case, subproblem 1 
removing markers case, subproblem 1 
removing markers case, subproblem 1 
removing markers case, subproblem 1 
removing markers case, subproblem 1 
removing markers case, subproblem 1 
removing markers case, subproblem 1 
removing markers case, subproblem 1 
removing markers case, subproblem 1 
removing markers case, subproblem 1 
removing markers case, subproblem 1 
removing markers case, subproblem 1 
removing markers case, subproblem 1 
removing markers case, subproblem 1 
removing markers case, subproblem 1 
removing markers case, subproblem 1 
removing markers case, subproblem 1 
removing markers case, subproblem 1 
removing markers case, subproblem 1 
removing markers case, subproblem 1 
removing markers case, subproblem 1 
removing markers case, subproblem 1 
removing markers case, subproblem 1 
removing markers case, subproblem 1 
removing markers case, subproblem 1 
removing markers case, subproblem 1 
removing markers case, subproblem 1 
removing markers case, subproblem 1 
removing markers case, subproblem 1 
removing markers case, subproblem 1 
removing markers case, subproblem 1 
removing markers case, subproblem 1 
removing markers case, subproblem 1 
removing markers case, subproblem 1 
removing markers case, subproblem 1 
removing markers case, subproblem 1 
removing markers case, subproblem 1 
removing markers case, subproblem 1 
removing markers case, subproblem 1 
removing markers case, subproblem 1 
removing markers case, subproblem 1 
removing markers case, subproblem 1 
removing markers case, subproblem 1 
removing markers case, subproblem 1 
removing markers case, subproblem 1 
removing markers case, subproblem 1 
removing markers case, subproblem 1 
removing markers case, subproblem 1 
removing markers case, subproblem 1 
removing markers case, subproblem 1 
removing markers case, subproblem 1 
removing markers case, subproblem 1 
removing markers case, subproblem 1 
removing markers case, subproblem 1 
removing markers case, subproblem 1 
removing markers case, subproblem 1 
removing markers case, subproblem 1 
removing markers case, subproblem 1 
removing markers case, subproblem 1 
removing markers case, subproblem 1 
removing markers case, subproblem 1 
removing markers case, subproblem 1 
removing markers case, subproblem 1 
removing markers case, subproblem 1 
removing markers case, subproblem 1 
removing markers case, subproblem 1 
removing markers case, subproblem 1 
removing markers case, subproblem 1 
removing markers case, subproblem 1 
removing markers case, subproblem 1 
removing markers case, subproblem 1 
removing markers case, subproblem 1 
removing markers case, subproblem 1 
removing markers case, subproblem 1 
removing markers case, subproblem 1 
removing markers case, subproblem 1 
removing markers case, subproblem 1 
removing markers case, subproblem 1 
removing markers case, subproblem 1 
removing markers case, subproblem 1 
removing markers case, subproblem 1 
removing markers case, subproblem 1 
removing markers case, subproblem 1 
removing markers case, subproblem 1 
removing markers case, subproblem 1 
removing markers case, subproblem 1 
removing markers case, subproblem 1 
removing markers case, subproblem 1 
removing markers case, subproblem 1 
removing markers case, subproblem 1 
removing markers case, subproblem 1 
removing markers case, subproblem 1 
removing markers case, subproblem 1 
removing markers case, subproblem 1 
removing markers case, subproblem 1 
removing markers case, subproblem 1 
removing markers case, subproblem 1 
