0 
-4.03125 
4.03125 
-8.84375 
8.84375 
-10.4062 
10.4062 
-16.9062 
16.9062 
-60.9375 
60.9375 
-0.5 
0.5 
-193.75 
193.75 
lets see this one
            _ _ _ _   
        _ _ _ _ _ _ _ 
      _ _ _ _ _ _ _ _ 
    _ _ _ _ _ _ _ _ _ 
  _ _ _ _ _ _ _ _ _ _ 
  _ _ _ _ 2 _ _ _ _   
_ _ _ _ _ _ _ _ _ _   
_ _ _ _ _ _ _ _ _     
_ _ _ _ _ _ _ _       
_ _ _ _ _ _ _         
  _ _ _ _             
            _ _ _ _   
         _ _ _ _ _ _ _ 
        _ _ _ _ _ _ _ _ 
       _ _ _ _ _ _ _ _ _ 
      _ _ _ _ _ _ _ _ _ _ 
       _ _ _ _ 2 _ _ _ _   
      _ _ _ _ _ _ _ _ _ _   
       _ _ _ _ _ _ _ _ _     
        _ _ _ _ _ _ _ _       
         _ _ _ _ _ _ _         
            _ _ _ _             
starting iteration on above
I did P 2 5
He did P 1 0
lets see this one
            _ _ _ _   
        _ _ _ _ _ _ _ 
      _ _ _ _ _ _ _ _ 
    _ _ _ _ _ _ _ _ _ 
  _ _ _ _ 2 _ _ _ _ _ 
  _ _ _ _ 2 _ _ _ _   
_ _ _ _ _ _ 3 _ _ _   
_ _ _ _ _ _ _ _ _     
_ _ _ _ _ _ _ _       
_ _ _ _ _ _ _         
  _ _ _ _             
            _ _ _ _   
         _ _ _ _ _ _ _ 
        _ _ _ _ _ _ _ _ 
       _ _ _ _ _ _ _ _ _ 
      _ _ _ _ 2 _ _ _ _ _ 
       _ _ _ _ 2 _ _ _ _   
      _ _ _ _ _ _ 3 _ _ _   
       _ _ _ _ _ _ _ _ _     
        _ _ _ _ _ _ _ _       
         _ _ _ _ _ _ _         
            _ _ _ _             
starting iteration on above
I did P 1 2
He did P 1 1
lets see this one
            _ _ _ _   
        _ _ _ _ _ _ _ 
      _ _ _ _ _ _ _ _ 
    _ _ _ _ _ _ _ _ _ 
  _ _ _ _ 2 2 _ _ _ _ 
  _ _ _ _ 2 3 _ _ _   
_ _ _ _ _ _ 3 _ _ _   
_ _ _ _ _ _ _ _ _     
_ _ _ _ _ _ _ _       
_ _ _ _ _ _ _         
  _ _ _ _             
            _ _ _ _   
         _ _ _ _ _ _ _ 
        _ _ _ _ _ _ _ _ 
       _ _ _ _ _ _ _ _ _ 
      _ _ _ _ 2 2 _ _ _ _ 
       _ _ _ _ 2 3 _ _ _   
      _ _ _ _ _ _ 3 _ _ _   
       _ _ _ _ _ _ _ _ _     
        _ _ _ _ _ _ _ _       
         _ _ _ _ _ _ _         
            _ _ _ _             
starting iteration on above
I did P 2 4
He did P 1 3
lets see this one
            _ _ _ _   
        _ _ _ _ _ _ _ 
      _ _ _ _ _ _ _ _ 
    _ _ _ _ _ _ _ _ _ 
  _ _ _ _ 2 2 _ _ _ _ 
  _ _ _ _ 2 3 3 _ _   
_ _ _ _ _ 2 3 _ _ _   
_ _ _ _ _ _ _ _ _     
_ _ _ _ _ _ _ _       
_ _ _ _ _ _ _         
  _ _ _ _             
            _ _ _ _   
         _ _ _ _ _ _ _ 
        _ _ _ _ _ _ _ _ 
       _ _ _ _ _ _ _ _ _ 
      _ _ _ _ 2 2 _ _ _ _ 
       _ _ _ _ 2 3 3 _ _   
      _ _ _ _ _ 2 3 _ _ _   
       _ _ _ _ _ _ _ _ _     
        _ _ _ _ _ _ _ _       
         _ _ _ _ _ _ _         
            _ _ _ _             
starting iteration on above
I did P 2 6
He did P 1 4
lets see this one
            _ _ _ _   
        _ _ _ _ _ _ _ 
      _ _ _ _ _ _ _ _ 
    _ _ _ _ _ _ _ _ _ 
  _ _ _ _ 2 2 _ _ _ _ 
  _ _ _ _ 2 3 3 _ _   
_ _ _ _ 2 2 3 _ _ _   
_ _ _ _ _ 3 _ _ _     
_ _ _ _ _ _ _ _       
_ _ _ _ _ _ _         
  _ _ _ _             
            _ _ _ _   
         _ _ _ _ _ _ _ 
        _ _ _ _ _ _ _ _ 
       _ _ _ _ _ _ _ _ _ 
      _ _ _ _ 2 2 _ _ _ _ 
       _ _ _ _ 2 3 3 _ _   
      _ _ _ _ 2 2 3 _ _ _   
       _ _ _ _ _ 3 _ _ _     
        _ _ _ _ _ _ _ _       
         _ _ _ _ _ _ _         
            _ _ _ _             
starting iteration on above
I did P 2 7
He did S 1 4 M 3 14
lets see this one
            _ _ _ _   
        _ _ _ _ _ _ _ 
      _ _ _ _ _ _ _ _ 
    _ _ _ _ _ _ _ _ _ 
  _ _ _ _ 2 2 _ _ _ _ 
  _ _ _ _ 2 3 3 _ _   
_ _ 2 _ 4 2 3 _ _ _   
_ _ _ _ 3 3 _ _ _     
_ _ _ _ _ _ _ _       
_ _ _ _ _ _ _         
  _ _ _ _             
            _ _ _ _   
         _ _ _ _ _ _ _ 
        _ _ _ _ _ _ _ _ 
       _ _ _ _ _ _ _ _ _ 
      _ _ _ _ 2 2 _ _ _ _ 
       _ _ _ _ 2 3 3 _ _   
      _ _ 2 _ 4 2 3 _ _ _   
       _ _ _ _ 3 3 _ _ _     
        _ _ _ _ _ _ _ _       
         _ _ _ _ _ _ _         
            _ _ _ _             
starting iteration on above
I, player 2 did  S 2 5 M 4 11 which means 
            _ _ _ _   
        _ _ _ _ _ _ _ 
      _ _ _ _ _ _ _ _ 
    _ _ _ _ _ _ _ _ _ 
  _ _ _ _ 2 2 _ _ _ _ 
  _ _ _ _ 2 3 3 _ _   
_ _ 2 _ 4 2 5 _ _ _   
_ _ _ _ 3 3 _ _ _     
_ _ _ _ _ _ 3 _       
_ _ _ _ _ _ _         
  _ _ _ _             
            _ _ _ _   
         _ _ _ _ _ _ _ 
        _ _ _ _ _ _ _ _ 
       _ _ _ _ _ _ _ _ _ 
      _ _ _ _ 2 2 _ _ _ _ 
       _ _ _ _ 2 3 3 _ _   
      _ _ 2 _ 4 2 5 _ _ _   
       _ _ _ _ 3 3 _ _ _     
        _ _ _ _ _ _ 3 _       
         _ _ _ _ _ _ _         
            _ _ _ _             
He did S 1 1 M 2 1
lets see this one
            _ _ _ _   
        _ _ _ _ _ _ _ 
      _ _ _ _ _ _ _ _ 
    _ _ _ _ 2 _ _ _ _ 
  _ _ _ _ 2 4 _ _ _ _ 
  _ _ _ _ 2 3 3 _ _   
_ _ 2 _ 4 2 5 _ _ _   
_ _ _ _ 3 3 _ _ _     
_ _ _ _ _ _ 3 _       
_ _ _ _ _ _ _         
  _ _ _ _             
            _ _ _ _   
         _ _ _ _ _ _ _ 
        _ _ _ _ _ _ _ _ 
       _ _ _ _ 2 _ _ _ _ 
      _ _ _ _ 2 4 _ _ _ _ 
       _ _ _ _ 2 3 3 _ _   
      _ _ 2 _ 4 2 5 _ _ _   
       _ _ _ _ 3 3 _ _ _     
        _ _ _ _ _ _ 3 _       
         _ _ _ _ _ _ _         
            _ _ _ _             
starting iteration on above
I, player 2 did  S 2 4 M 4 2 which means 
            _ _ _ _   
        _ _ _ 3 _ _ _ 
      _ _ _ _ _ _ _ _ 
    _ _ _ _ 2 _ _ _ _ 
  _ _ _ _ 2 4 _ _ _ _ 
  _ _ _ _ 2 3 5 _ _   
_ _ 2 _ 4 2 5 _ _ _   
_ _ _ _ 3 3 _ _ _     
_ _ _ _ _ _ 3 _       
_ _ _ _ _ _ _         
  _ _ _ _             
            _ _ _ _   
         _ _ _ 3 _ _ _ 
        _ _ _ _ _ _ _ _ 
       _ _ _ _ 2 _ _ _ _ 
      _ _ _ _ 2 4 _ _ _ _ 
       _ _ _ _ 2 3 5 _ _   
      _ _ 2 _ 4 2 5 _ _ _   
       _ _ _ _ 3 3 _ _ _     
        _ _ _ _ _ _ 3 _       
         _ _ _ _ _ _ _         
            _ _ _ _             
He did S 1 0 M 2 11
lets see this one
            _ _ _ _   
        _ _ _ 3 _ _ _ 
      _ _ _ _ _ _ _ _ 
    _ _ _ _ 2 _ _ _ _ 
  _ _ _ 2 4 4 _ _ _ _ 
  _ _ _ _ 2 3 5 _ _   
_ _ 2 _ 4 2 5 _ _ _   
_ _ _ _ 3 3 _ _ _     
_ _ _ _ _ _ 3 _       
_ _ _ _ _ _ _         
  _ _ _ _             
            _ _ _ _   
         _ _ _ 3 _ _ _ 
        _ _ _ _ _ _ _ _ 
       _ _ _ _ 2 _ _ _ _ 
      _ _ _ 2 4 4 _ _ _ _ 
       _ _ _ _ 2 3 5 _ _   
      _ _ 2 _ 4 2 5 _ _ _   
       _ _ _ _ 3 3 _ _ _     
        _ _ _ _ _ _ 3 _       
         _ _ _ _ _ _ _         
            _ _ _ _             
starting iteration on above
I, player 2 did  S 2 6 M 4 14 which means 
            _ _ _ _   
        _ _ _ 3 _ _ _ 
      _ _ _ _ _ _ _ _ 
    _ _ _ _ 2 _ _ _ _ 
  _ _ _ 2 4 4 _ _ _ _ 
  _ _ _ _ 2 3 5 _ _   
_ _ 2 _ 4 2 5 _ _ _   
_ _ _ _ 3 5 _ _ _     
_ _ _ _ _ _ 3 _       
_ _ _ 3 _ _ _         
  _ _ _ _             
            _ _ _ _   
         _ _ _ 3 _ _ _ 
        _ _ _ _ _ _ _ _ 
       _ _ _ _ 2 _ _ _ _ 
      _ _ _ 2 4 4 _ _ _ _ 
       _ _ _ _ 2 3 5 _ _   
      _ _ 2 _ 4 2 5 _ _ _   
       _ _ _ _ 3 5 _ _ _     
        _ _ _ _ _ _ 3 _       
         _ _ _ 3 _ _ _         
            _ _ _ _             
He did S 1 3 M 3 7
lets see this one
            _ _ _ _   
        _ _ _ 3 _ _ _ 
      _ _ _ _ _ _ _ _ 
    _ _ _ _ 2 _ _ _ _ 
  _ _ _ 2 4 4 _ _ _ _ 
  _ _ _ _ 2 3 5 _ _   
_ _ 2 _ 4 4 4 2 _ _   
_ _ _ _ 3 5 _ _ _     
_ _ _ _ _ _ 3 _       
_ _ _ 3 _ _ _         
  _ _ _ _             
            _ _ _ _   
         _ _ _ 3 _ _ _ 
        _ _ _ _ _ _ _ _ 
       _ _ _ _ 2 _ _ _ _ 
      _ _ _ 2 4 4 _ _ _ _ 
       _ _ _ _ 2 3 5 _ _   
      _ _ 2 _ 4 4 4 2 _ _   
       _ _ _ _ 3 5 _ _ _     
        _ _ _ _ _ _ 3 _       
         _ _ _ 3 _ _ _         
            _ _ _ _             
starting iteration on above
I, player 2 did  S 1 2 M 3 8 which means 
            _ _ _ _   
        _ _ _ 3 _ _ _ 
      _ _ _ _ _ _ _ _ 
    _ _ _ _ 2 _ _ _ _ 
  _ _ _ 2 4 4 _ _ _ _ 
  _ _ _ _ 2 5 5 _ _   
_ _ 2 _ 4 4 5 2 _ _   
_ _ _ _ 3 5 3 _ _     
_ _ _ _ _ _ 3 _       
_ _ _ 3 _ _ _         
  _ _ _ _             
            _ _ _ _   
         _ _ _ 3 _ _ _ 
        _ _ _ _ _ _ _ _ 
       _ _ _ _ 2 _ _ _ _ 
      _ _ _ 2 4 4 _ _ _ _ 
       _ _ _ _ 2 5 5 _ _   
      _ _ 2 _ 4 4 5 2 _ _   
       _ _ _ _ 3 5 3 _ _     
        _ _ _ _ _ _ 3 _       
         _ _ _ 3 _ _ _         
            _ _ _ _             
He did S 0 0 M 3 9
lets see this one
            _ _ _ _   
        _ _ _ 3 _ _ _ 
      _ _ _ _ _ _ _ _ 
    _ _ _ _ 2 _ _ _ _ 
  _ _ _ 2 4 4 _ _ _ _ 
  _ _ _ _ 4 5 5 _ _   
_ _ 2 _ 4 5 5 2 _ _   
_ _ _ _ 3 4 3 _ _     
_ _ _ _ _ 2 3 _       
_ _ _ 3 _ _ _         
  _ _ _ _             
            _ _ _ _   
         _ _ _ 3 _ _ _ 
        _ _ _ _ _ _ _ _ 
       _ _ _ _ 2 _ _ _ _ 
      _ _ _ 2 4 4 _ _ _ _ 
       _ _ _ _ 4 5 5 _ _   
      _ _ 2 _ 4 5 5 2 _ _   
       _ _ _ _ 3 4 3 _ _     
        _ _ _ _ _ 2 3 _       
         _ _ _ 3 _ _ _         
            _ _ _ _             
starting iteration on above
I, player 2 did  S 2 7 M 3 10 which means 
            _ _ _ _   
        _ _ _ 3 _ _ _ 
      _ _ _ _ _ _ _ _ 
    _ _ _ _ 2 _ _ _ _ 
  _ _ _ 2 4 4 _ _ _ _ 
  _ _ _ _ 4 5 5 _ _   
_ _ 2 _ 4 5 5 2 _ _   
_ _ _ _ 5 4 3 _ _     
_ _ _ _ 3 2 3 _       
_ _ _ 3 _ _ _         
  _ _ _ _             
            _ _ _ _   
         _ _ _ 3 _ _ _ 
        _ _ _ _ _ _ _ _ 
       _ _ _ _ 2 _ _ _ _ 
      _ _ _ 2 4 4 _ _ _ _ 
       _ _ _ _ 4 5 5 _ _   
      _ _ 2 _ 4 5 5 2 _ _   
       _ _ _ _ 5 4 3 _ _     
        _ _ _ _ 3 2 3 _       
         _ _ _ 3 _ _ _         
            _ _ _ _             
He did S 2 1 M 3 4
lets see this one
            _ _ _ _   
        _ _ _ 3 _ _ _ 
      _ _ _ _ _ _ _ _ 
    _ _ _ _ 4 _ 2 _ _ 
  _ _ _ 2 4 4 _ _ _ _ 
  _ _ _ _ 4 5 5 _ _   
_ _ 2 _ 4 5 5 2 _ _   
_ _ _ _ 5 4 3 _ _     
_ _ _ _ 3 2 3 _       
_ _ _ 3 _ _ _         
  _ _ _ _             
            _ _ _ _   
         _ _ _ 3 _ _ _ 
        _ _ _ _ _ _ _ _ 
       _ _ _ _ 4 _ 2 _ _ 
      _ _ _ 2 4 4 _ _ _ _ 
       _ _ _ _ 4 5 5 _ _   
      _ _ 2 _ 4 5 5 2 _ _   
       _ _ _ _ 5 4 3 _ _     
        _ _ _ _ 3 2 3 _       
         _ _ _ 3 _ _ _         
            _ _ _ _             
starting iteration on above
I, player 2 did  S 4 14 M 2 9 which means 
            _ _ _ _   
        _ _ _ 3 _ _ _ 
      _ _ _ _ _ _ _ _ 
    _ _ _ _ 4 _ 2 _ _ 
  _ _ _ 2 4 4 _ _ _ _ 
  _ _ _ _ 4 5 5 _ _   
_ _ 2 3 4 5 5 2 _ _   
_ _ _ _ 5 4 3 _ _     
_ _ _ _ 3 2 3 _       
_ _ _ 5 _ _ _         
  _ _ _ _             
            _ _ _ _   
         _ _ _ 3 _ _ _ 
        _ _ _ _ _ _ _ _ 
       _ _ _ _ 4 _ 2 _ _ 
      _ _ _ 2 4 4 _ _ _ _ 
       _ _ _ _ 4 5 5 _ _   
      _ _ 2 3 4 5 5 2 _ _   
       _ _ _ _ 5 4 3 _ _     
        _ _ _ _ 3 2 3 _       
         _ _ _ 5 _ _ _         
            _ _ _ _             
He did S 3 9 M 4 13
lets see this one
            _ _ _ _   
        _ _ _ 3 _ _ _ 
      _ _ _ _ _ _ _ _ 
    _ _ _ _ 4 _ 2 _ _ 
  _ _ _ 2 4 4 _ _ _ _ 
  _ _ _ _ 4 5 5 _ _   
_ _ 2 3 4 5 5 2 _ _   
_ _ _ _ 5 4 3 _ _     
_ _ _ _ 3 4 3 _       
_ _ _ 5 2 _ _         
  _ _ _ _             
            _ _ _ _   
         _ _ _ 3 _ _ _ 
        _ _ _ _ _ _ _ _ 
       _ _ _ _ 4 _ 2 _ _ 
      _ _ _ 2 4 4 _ _ _ _ 
       _ _ _ _ 4 5 5 _ _   
      _ _ 2 3 4 5 5 2 _ _   
       _ _ _ _ 5 4 3 _ _     
        _ _ _ _ 3 4 3 _       
         _ _ _ 5 2 _ _         
            _ _ _ _             
starting iteration on above
I, player 2 did  S 3 8 M 2 8 which means 
            _ _ _ _   
        _ _ _ 3 _ _ _ 
      _ _ _ _ _ _ _ _ 
    _ _ _ _ 4 _ 2 _ _ 
  _ _ _ 2 4 4 _ _ _ _ 
  _ _ _ _ 4 5 5 _ _   
_ _ 2 3 4 5 5 2 _ _   
_ _ _ 3 4 5 5 _ _     
_ _ _ _ 3 4 3 _       
_ _ _ 5 2 _ _         
  _ _ _ _             
            _ _ _ _   
         _ _ _ 3 _ _ _ 
        _ _ _ _ _ _ _ _ 
       _ _ _ _ 4 _ 2 _ _ 
      _ _ _ 2 4 4 _ _ _ _ 
       _ _ _ _ 4 5 5 _ _   
      _ _ 2 3 4 5 5 2 _ _   
       _ _ _ 3 4 5 5 _ _     
        _ _ _ _ 3 4 3 _       
         _ _ _ 5 2 _ _         
            _ _ _ _             
He did S 3 4 M 3 11
lets see this one
            _ _ _ _   
        _ _ _ 3 _ _ _ 
      _ _ _ _ _ _ _ _ 
    _ _ _ _ 4 _ 4 _ _ 
  _ _ _ 2 4 4 _ _ _ _ 
  _ _ _ _ 4 4 5 _ _   
_ _ 2 3 4 4 5 2 _ _   
_ _ _ 3 5 5 5 _ _     
_ _ _ 2 3 4 3 _       
_ _ _ 5 2 _ _         
  _ _ _ _             
            _ _ _ _   
         _ _ _ 3 _ _ _ 
        _ _ _ _ _ _ _ _ 
       _ _ _ _ 4 _ 4 _ _ 
      _ _ _ 2 4 4 _ _ _ _ 
       _ _ _ _ 4 4 5 _ _   
      _ _ 2 3 4 4 5 2 _ _   
       _ _ _ 3 5 5 5 _ _     
        _ _ _ 2 3 4 3 _       
         _ _ _ 5 2 _ _         
            _ _ _ _             
starting iteration on above
I, player 2 did  S 3 10 M 1 5 RS 4 14 RE 2 4 X 4 11 which means 
            _ _ _ _   
        _ _ _ 3 _ _ _ 
      _ _ _ _ _ _ _ _ 
    _ _ _ _ 4 _ 4 _ _ 
  _ _ _ 2 4 4 _ _ _ _ 
  _ _ _ 3 4 4 _ _ _   
_ _ 2 3 5 4 _ 2 _ _   
_ _ _ 3 4 _ 5 _ _     
_ _ _ 2 _ 4 _ _       
_ _ _ _ 2 _ _         
  _ _ _ _             
            _ _ _ _   
         _ _ _ 3 _ _ _ 
        _ _ _ _ _ _ _ _ 
       _ _ _ _ 4 _ 4 _ _ 
      _ _ _ 2 4 4 _ _ _ _ 
       _ _ _ 3 4 4 _ _ _   
      _ _ 2 3 5 4 _ 2 _ _   
       _ _ _ 3 4 _ 5 _ _     
        _ _ _ 2 _ 4 _ _       
         _ _ _ _ 2 _ _         
            _ _ _ _             
He did S 3 7 M 2 2
lets see this one
            _ _ _ _   
        _ _ _ 3 _ _ _ 
      _ _ _ _ _ _ _ _ 
    _ _ _ _ 4 2 4 _ _ 
  _ _ _ 2 4 4 _ _ _ _ 
  _ _ _ 3 4 4 _ _ _   
_ _ 2 3 5 4 _ 4 _ _   
_ _ _ 3 4 _ 5 _ _     
_ _ _ 2 _ 4 _ _       
_ _ _ _ 2 _ _         
  _ _ _ _             
            _ _ _ _   
         _ _ _ 3 _ _ _ 
        _ _ _ _ _ _ _ _ 
       _ _ _ _ 4 2 4 _ _ 
      _ _ _ 2 4 4 _ _ _ _ 
       _ _ _ 3 4 4 _ _ _   
      _ _ 2 3 5 4 _ 4 _ _   
       _ _ _ 3 4 _ 5 _ _     
        _ _ _ 2 _ 4 _ _       
         _ _ _ _ 2 _ _         
            _ _ _ _             
starting iteration on above
I, player 2 did  S 2 9 M 2 5 which means 
            _ _ _ _   
        _ _ _ 3 _ _ _ 
      _ _ _ _ _ _ _ _ 
    _ _ _ _ 4 2 4 _ _ 
  _ _ _ 2 4 4 _ _ _ _ 
  _ _ _ 3 4 4 _ _ _   
_ _ 2 5 4 5 3 4 _ _   
_ _ _ 3 4 _ 5 _ _     
_ _ _ 2 _ 4 _ _       
_ _ _ _ 2 _ _         
  _ _ _ _             
            _ _ _ _   
         _ _ _ 3 _ _ _ 
        _ _ _ _ _ _ _ _ 
       _ _ _ _ 4 2 4 _ _ 
      _ _ _ 2 4 4 _ _ _ _ 
       _ _ _ 3 4 4 _ _ _   
      _ _ 2 5 4 5 3 4 _ _   
       _ _ _ 3 4 _ 5 _ _     
        _ _ _ 2 _ 4 _ _       
         _ _ _ _ 2 _ _         
            _ _ _ _             
He did S 2 11 M 3 1
lets see this one
            _ _ _ _   
        _ _ _ 3 _ _ _ 
      _ _ _ 2 _ _ _ _ 
    _ _ _ _ 4 2 4 _ _ 
  _ _ _ 4 4 4 _ _ _ _ 
  _ _ _ 3 4 4 _ _ _   
_ _ 2 5 4 5 3 4 _ _   
_ _ _ 3 4 _ 5 _ _     
_ _ _ 2 _ 4 _ _       
_ _ _ _ 2 _ _         
  _ _ _ _             
            _ _ _ _   
         _ _ _ 3 _ _ _ 
        _ _ _ 2 _ _ _ _ 
       _ _ _ _ 4 2 4 _ _ 
      _ _ _ 4 4 4 _ _ _ _ 
       _ _ _ 3 4 4 _ _ _   
      _ _ 2 5 4 5 3 4 _ _   
       _ _ _ 3 4 _ 5 _ _     
        _ _ _ 2 _ 4 _ _       
         _ _ _ _ 2 _ _         
            _ _ _ _             
starting iteration on above
I, player 2 did  S 1 5 M 3 2 which means 
            _ _ _ _   
        _ _ _ 3 _ _ _ 
      _ _ _ 2 3 _ _ _ 
    _ _ _ _ 5 2 4 _ _ 
  _ _ _ 4 5 4 _ _ _ _ 
  _ _ _ 5 4 4 _ _ _   
_ _ 2 5 4 5 3 4 _ _   
_ _ _ 3 4 _ 5 _ _     
_ _ _ 2 _ 4 _ _       
_ _ _ _ 2 _ _         
  _ _ _ _             
            _ _ _ _   
         _ _ _ 3 _ _ _ 
        _ _ _ 2 3 _ _ _ 
       _ _ _ _ 5 2 4 _ _ 
      _ _ _ 4 5 4 _ _ _ _ 
       _ _ _ 5 4 4 _ _ _   
      _ _ 2 5 4 5 3 4 _ _   
       _ _ _ 3 4 _ 5 _ _     
        _ _ _ 2 _ 4 _ _       
         _ _ _ _ 2 _ _         
            _ _ _ _             
He did S 4 13 M 3 10
lets see this one
            _ _ _ _   
        _ _ _ 3 _ _ _ 
      _ _ _ 2 3 _ _ _ 
    _ _ _ _ 5 2 4 _ _ 
  _ _ _ 4 5 4 _ _ _ _ 
  _ _ _ 5 4 4 _ _ _   
_ _ 2 5 4 5 3 4 _ _   
_ _ _ 3 4 _ 5 _ _     
_ _ _ 2 2 4 _ _       
_ _ _ _ 4 _ _         
  _ _ _ _             
            _ _ _ _   
         _ _ _ 3 _ _ _ 
        _ _ _ 2 3 _ _ _ 
       _ _ _ _ 5 2 4 _ _ 
      _ _ _ 4 5 4 _ _ _ _ 
       _ _ _ 5 4 4 _ _ _   
      _ _ 2 5 4 5 3 4 _ _   
       _ _ _ 3 4 _ 5 _ _     
        _ _ _ 2 2 4 _ _       
         _ _ _ _ 4 _ _         
            _ _ _ _             
starting iteration on above
I, player 2 did  S 3 2 M 4 3 RS 2 9 RE 3 2 X 2 8 which means 
            _ _ _ _   
        _ _ _ 3 3 _ _ 
      _ _ _ 2 _ _ _ _ 
    _ _ _ _ _ 2 4 _ _ 
  _ _ _ 4 _ 4 _ _ _ _ 
  _ _ _ _ 4 4 _ _ _   
_ _ 2 _ 4 5 3 4 _ _   
_ _ _ _ 4 _ 5 _ _     
_ _ _ 2 2 4 _ _       
_ _ _ _ 4 _ _         
  _ _ _ _             
            _ _ _ _   
         _ _ _ 3 3 _ _ 
        _ _ _ 2 _ _ _ _ 
       _ _ _ _ _ 2 4 _ _ 
      _ _ _ 4 _ 4 _ _ _ _ 
       _ _ _ _ 4 4 _ _ _   
      _ _ 2 _ 4 5 3 4 _ _   
       _ _ _ _ 4 _ 5 _ _     
        _ _ _ 2 2 4 _ _       
         _ _ _ _ 4 _ _         
            _ _ _ _             
He did S 3 10 M 2 6
lets see this one
            _ _ _ _   
        _ _ _ 3 3 _ _ 
      _ _ _ 2 _ _ _ _ 
    _ _ _ _ _ 2 4 _ _ 
  _ _ _ 4 _ 4 _ _ _ _ 
  _ _ _ _ 4 4 _ _ _   
_ _ 2 _ 4 5 3 4 _ _   
_ _ _ _ 4 2 5 _ _     
_ _ _ 2 4 4 _ _       
_ _ _ _ 4 _ _         
  _ _ _ _             
            _ _ _ _   
         _ _ _ 3 3 _ _ 
        _ _ _ 2 _ _ _ _ 
       _ _ _ _ _ 2 4 _ _ 
      _ _ _ 4 _ 4 _ _ _ _ 
       _ _ _ _ 4 4 _ _ _   
      _ _ 2 _ 4 5 3 4 _ _   
       _ _ _ _ 4 2 5 _ _     
        _ _ _ 2 4 4 _ _       
         _ _ _ _ 4 _ _         
            _ _ _ _             
starting iteration on above
I, player 2 did  S 4 3 M 1 5 which means 
            _ _ _ _   
        _ _ _ 3 5 _ _ 
      _ _ _ 2 _ _ _ _ 
    _ _ _ _ _ 2 4 _ _ 
  _ _ _ 4 _ 4 _ _ _ _ 
  _ _ _ 3 4 4 _ _ _   
_ _ 2 _ 4 5 3 4 _ _   
_ _ _ _ 4 2 5 _ _     
_ _ _ 2 4 4 _ _       
_ _ _ _ 4 _ _         
  _ _ _ _             
            _ _ _ _   
         _ _ _ 3 5 _ _ 
        _ _ _ 2 _ _ _ _ 
       _ _ _ _ _ 2 4 _ _ 
      _ _ _ 4 _ 4 _ _ _ _ 
       _ _ _ 3 4 4 _ _ _   
      _ _ 2 _ 4 5 3 4 _ _   
       _ _ _ _ 4 2 5 _ _     
        _ _ _ 2 4 4 _ _       
         _ _ _ _ 4 _ _         
            _ _ _ _             
He did S 2 2 M 2 8
lets see this one
            _ _ _ _   
        _ _ _ 3 5 _ _ 
      _ _ _ 2 _ _ _ _ 
    _ _ _ _ _ 4 4 _ _ 
  _ _ _ 4 _ 5 _ _ _ _ 
  _ _ _ 3 5 4 _ _ _   
_ _ 2 _ 5 5 3 4 _ _   
_ _ _ 2 4 2 5 _ _     
_ _ _ 2 4 4 _ _       
_ _ _ _ 4 _ _         
  _ _ _ _             
            _ _ _ _   
         _ _ _ 3 5 _ _ 
        _ _ _ 2 _ _ _ _ 
       _ _ _ _ _ 4 4 _ _ 
      _ _ _ 4 _ 5 _ _ _ _ 
       _ _ _ 3 5 4 _ _ _   
      _ _ 2 _ 5 5 3 4 _ _   
       _ _ _ 2 4 2 5 _ _     
        _ _ _ 2 4 4 _ _       
         _ _ _ _ 4 _ _         
            _ _ _ _             
starting iteration on above
I, player 2 did  S 4 2 M 3 2 which means 
            _ _ _ _   
        _ _ _ 5 5 _ _ 
      _ _ _ 2 3 _ _ _ 
    _ _ _ _ _ 4 4 _ _ 
  _ _ _ 4 _ 5 _ _ _ _ 
  _ _ _ 3 5 4 _ _ _   
_ _ 2 _ 5 5 3 4 _ _   
_ _ _ 2 4 2 5 _ _     
_ _ _ 2 4 4 _ _       
_ _ _ _ 4 _ _         
  _ _ _ _             
            _ _ _ _   
         _ _ _ 5 5 _ _ 
        _ _ _ 2 3 _ _ _ 
       _ _ _ _ _ 4 4 _ _ 
      _ _ _ 4 _ 5 _ _ _ _ 
       _ _ _ 3 5 4 _ _ _   
      _ _ 2 _ 5 5 3 4 _ _   
       _ _ _ 2 4 2 5 _ _     
        _ _ _ 2 4 4 _ _       
         _ _ _ _ 4 _ _         
            _ _ _ _             
He did S 3 11 M 5 17
lets see this one
            _ _ _ _   
        _ _ _ 5 5 _ _ 
      _ _ _ 2 3 _ _ _ 
    _ _ _ _ _ 4 4 _ _ 
  _ _ _ 4 _ 5 _ _ _ _ 
  _ _ _ 3 5 4 _ _ _   
_ _ 2 _ 5 5 3 4 _ _   
_ _ _ 2 4 2 5 _ _     
_ _ _ 4 4 4 _ _       
_ _ _ _ 4 _ _         
  _ _ 2 _             
            _ _ _ _   
         _ _ _ 5 5 _ _ 
        _ _ _ 2 3 _ _ _ 
       _ _ _ _ _ 4 4 _ _ 
      _ _ _ 4 _ 5 _ _ _ _ 
       _ _ _ 3 5 4 _ _ _   
      _ _ 2 _ 5 5 3 4 _ _   
       _ _ _ 2 4 2 5 _ _     
        _ _ _ 4 4 4 _ _       
         _ _ _ _ 4 _ _         
            _ _ 2 _             
starting iteration on above
I, player 2 did  S 1 5 M 5 16 which means 
            _ _ _ _   
        _ _ _ 5 5 _ _ 
      _ _ _ 2 3 _ _ _ 
    _ _ _ _ _ 4 4 _ _ 
  _ _ _ 4 _ 5 _ _ _ _ 
  _ _ _ 5 5 4 _ _ _   
_ _ 2 _ 4 5 3 4 _ _   
_ _ _ 2 5 2 5 _ _     
_ _ _ 4 5 4 _ _       
_ _ _ _ 5 _ _         
  _ _ 2 3             
            _ _ _ _   
         _ _ _ 5 5 _ _ 
        _ _ _ 2 3 _ _ _ 
       _ _ _ _ _ 4 4 _ _ 
      _ _ _ 4 _ 5 _ _ _ _ 
       _ _ _ 5 5 4 _ _ _   
      _ _ 2 _ 4 5 3 4 _ _   
       _ _ _ 2 5 2 5 _ _     
        _ _ _ 4 5 4 _ _       
         _ _ _ _ 5 _ _         
            _ _ 2 3             
He did S 2 6 M 4 14
lets see this one
            _ _ _ _   
        _ _ _ 5 5 _ _ 
      _ _ _ 2 3 _ _ _ 
    _ _ _ _ _ 4 4 _ _ 
  _ _ _ 4 _ 5 _ _ _ _ 
  _ _ _ 5 5 4 _ _ _   
_ _ 2 _ 4 5 3 4 _ _   
_ _ _ 2 5 4 5 _ _     
_ _ _ 4 4 4 _ _       
_ _ _ 2 5 _ _         
  _ _ 2 3             
            _ _ _ _   
         _ _ _ 5 5 _ _ 
        _ _ _ 2 3 _ _ _ 
       _ _ _ _ _ 4 4 _ _ 
      _ _ _ 4 _ 5 _ _ _ _ 
       _ _ _ 5 5 4 _ _ _   
      _ _ 2 _ 4 5 3 4 _ _   
       _ _ _ 2 5 4 5 _ _     
        _ _ _ 4 4 4 _ _       
         _ _ _ 2 5 _ _         
            _ _ 2 3             
starting iteration on above
I, player 2 did  S 3 2 M 2 3 which means 
            _ _ _ _   
        _ _ _ 5 5 _ _ 
      _ _ _ 2 5 _ _ _ 
    _ _ _ _ _ 5 4 _ _ 
  _ _ _ 4 _ 5 3 _ _ _ 
  _ _ _ 5 5 4 _ _ _   
_ _ 2 _ 4 5 3 4 _ _   
_ _ _ 2 5 4 5 _ _     
_ _ _ 4 4 4 _ _       
_ _ _ 2 5 _ _         
  _ _ 2 3             
            _ _ _ _   
         _ _ _ 5 5 _ _ 
        _ _ _ 2 5 _ _ _ 
       _ _ _ _ _ 5 4 _ _ 
      _ _ _ 4 _ 5 3 _ _ _ 
       _ _ _ 5 5 4 _ _ _   
      _ _ 2 _ 4 5 3 4 _ _   
       _ _ _ 2 5 4 5 _ _     
        _ _ _ 4 4 4 _ _       
         _ _ _ 2 5 _ _         
            _ _ 2 3             
He did S 3 1 M 3 3
lets see this one
            _ _ _ _   
        _ _ _ 5 5 _ _ 
      _ _ _ 4 4 2 _ _ 
    _ _ _ _ _ 5 4 _ _ 
  _ _ _ 4 _ 5 3 _ _ _ 
  _ _ _ 5 5 4 _ _ _   
_ _ 2 _ 4 5 3 4 _ _   
_ _ _ 2 5 4 5 _ _     
_ _ _ 4 4 4 _ _       
_ _ _ 2 5 _ _         
  _ _ 2 3             
            _ _ _ _   
         _ _ _ 5 5 _ _ 
        _ _ _ 4 4 2 _ _ 
       _ _ _ _ _ 5 4 _ _ 
      _ _ _ 4 _ 5 3 _ _ _ 
       _ _ _ 5 5 4 _ _ _   
      _ _ 2 _ 4 5 3 4 _ _   
       _ _ _ 2 5 4 5 _ _     
        _ _ _ 4 4 4 _ _       
         _ _ _ 2 5 _ _         
            _ _ 2 3             
starting iteration on above
I, player 2 did  S 5 16 M 4 11 which means 
            _ _ _ _   
        _ _ _ 5 5 _ _ 
      _ _ _ 4 4 2 _ _ 
    _ _ _ _ _ 5 4 _ _ 
  _ _ _ 4 _ 5 3 _ _ _ 
  _ _ _ 5 5 4 _ _ _   
_ _ 2 _ 4 5 3 4 _ _   
_ _ _ 2 5 4 5 _ _     
_ _ _ 4 4 4 3 _       
_ _ _ 2 5 _ _         
  _ _ 2 5             
            _ _ _ _   
         _ _ _ 5 5 _ _ 
        _ _ _ 4 4 2 _ _ 
       _ _ _ _ _ 5 4 _ _ 
      _ _ _ 4 _ 5 3 _ _ _ 
       _ _ _ 5 5 4 _ _ _   
      _ _ 2 _ 4 5 3 4 _ _   
       _ _ _ 2 5 4 5 _ _     
        _ _ _ 4 4 4 3 _       
         _ _ _ 2 5 _ _         
            _ _ 2 5             
He did S 2 8 M 4 10
lets see this one
            _ _ _ _   
        _ _ _ 5 5 _ _ 
      _ _ _ 4 4 2 _ _ 
    _ _ _ _ _ 5 4 _ _ 
  _ _ _ 4 _ 5 3 _ _ _ 
  _ _ _ 5 5 4 _ _ _   
_ _ 2 _ 4 5 3 4 _ _   
_ _ _ 4 4 5 4 2 _     
_ _ _ 4 4 4 3 _       
_ _ _ 2 5 _ _         
  _ _ 2 5             
            _ _ _ _   
         _ _ _ 5 5 _ _ 
        _ _ _ 4 4 2 _ _ 
       _ _ _ _ _ 5 4 _ _ 
      _ _ _ 4 _ 5 3 _ _ _ 
       _ _ _ 5 5 4 _ _ _   
      _ _ 2 _ 4 5 3 4 _ _   
       _ _ _ 4 4 5 4 2 _     
        _ _ _ 4 4 4 3 _       
         _ _ _ 2 5 _ _         
            _ _ 2 5             
starting iteration on above
I, player 2 did  S 2 5 M 4 9 which means 
            _ _ _ _   
        _ _ _ 5 5 _ _ 
      _ _ _ 4 4 2 _ _ 
    _ _ _ _ _ 5 4 _ _ 
  _ _ _ 4 _ 5 3 _ _ _ 
  _ _ _ 5 5 4 _ _ _   
_ _ 2 _ 4 5 5 5 3 _   
_ _ _ 4 4 5 4 2 _     
_ _ _ 4 4 4 3 _       
_ _ _ 2 5 _ _         
  _ _ 2 5             
            _ _ _ _   
         _ _ _ 5 5 _ _ 
        _ _ _ 4 4 2 _ _ 
       _ _ _ _ _ 5 4 _ _ 
      _ _ _ 4 _ 5 3 _ _ _ 
       _ _ _ 5 5 4 _ _ _   
      _ _ 2 _ 4 5 5 5 3 _   
       _ _ _ 4 4 5 4 2 _     
        _ _ _ 4 4 4 3 _       
         _ _ _ 2 5 _ _         
            _ _ 2 5             
He did S 3 14 M 2 9
lets see this one
            _ _ _ _   
        _ _ _ 5 5 _ _ 
      _ _ _ 4 4 2 _ _ 
    _ _ _ _ _ 5 4 _ _ 
  _ _ _ 4 _ 5 3 _ _ _ 
  _ _ _ 5 5 4 _ _ _   
_ _ 4 2 4 5 5 5 3 _   
_ _ _ 4 4 5 4 2 _     
_ _ _ 4 4 4 3 _       
_ _ _ 2 5 _ _         
  _ _ 2 5             
            _ _ _ _   
         _ _ _ 5 5 _ _ 
        _ _ _ 4 4 2 _ _ 
       _ _ _ _ _ 5 4 _ _ 
      _ _ _ 4 _ 5 3 _ _ _ 
       _ _ _ 5 5 4 _ _ _   
      _ _ 4 2 4 5 5 5 3 _   
       _ _ _ 4 4 5 4 2 _     
        _ _ _ 4 4 4 3 _       
         _ _ _ 2 5 _ _         
            _ _ 2 5             
starting iteration on above
I, player 2 did  S 2 3 M 4 15 which means 
            _ _ _ _   
        _ _ _ 5 5 _ _ 
      _ _ _ 4 4 2 _ _ 
    _ _ _ _ _ 5 4 _ _ 
  _ _ _ 4 _ 5 5 _ _ _ 
  _ _ _ 5 5 5 _ _ _   
_ _ 4 2 4 4 5 5 3 _   
_ _ _ 4 5 5 4 2 _     
_ _ _ 5 4 4 3 _       
_ _ 3 2 5 _ _         
  _ _ 2 5             
            _ _ _ _   
         _ _ _ 5 5 _ _ 
        _ _ _ 4 4 2 _ _ 
       _ _ _ _ _ 5 4 _ _ 
      _ _ _ 4 _ 5 5 _ _ _ 
       _ _ _ 5 5 5 _ _ _   
      _ _ 4 2 4 4 5 5 3 _   
       _ _ _ 4 5 5 4 2 _     
        _ _ _ 5 4 4 3 _       
         _ _ 3 2 5 _ _         
            _ _ 2 5             
He did S 4 14 M 2 4
lets see this one
            _ _ _ _   
        _ _ _ 5 5 _ _ 
      _ _ _ 4 4 2 _ _ 
    _ _ _ _ _ 5 4 _ _ 
  _ _ _ 4 _ 5 5 _ _ _ 
  _ _ _ 5 5 5 2 _ _   
_ _ 4 2 4 4 4 5 3 _   
_ _ _ 4 5 4 4 2 _     
_ _ _ 5 5 4 3 _       
_ _ 3 4 5 _ _         
  _ _ 2 5             
            _ _ _ _   
         _ _ _ 5 5 _ _ 
        _ _ _ 4 4 2 _ _ 
       _ _ _ _ _ 5 4 _ _ 
      _ _ _ 4 _ 5 5 _ _ _ 
       _ _ _ 5 5 5 2 _ _   
      _ _ 4 2 4 4 4 5 3 _   
       _ _ _ 4 5 4 4 2 _     
        _ _ _ 5 5 4 3 _       
         _ _ 3 4 5 _ _         
            _ _ 2 5             
starting iteration on above
I, player 2 did  S 4 11 M 2 1 which means 
            _ _ _ _   
        _ _ _ 5 5 _ _ 
      _ _ _ 4 4 2 _ _ 
    _ _ _ _ 3 5 4 _ _ 
  _ _ _ 4 _ 4 5 _ _ _ 
  _ _ _ 5 5 4 2 _ _   
_ _ 4 2 4 4 5 5 3 _   
_ _ _ 4 5 4 5 2 _     
_ _ _ 5 5 4 5 _       
_ _ 3 4 5 _ _         
  _ _ 2 5             
            _ _ _ _   
         _ _ _ 5 5 _ _ 
        _ _ _ 4 4 2 _ _ 
       _ _ _ _ 3 5 4 _ _ 
      _ _ _ 4 _ 4 5 _ _ _ 
       _ _ _ 5 5 4 2 _ _   
      _ _ 4 2 4 4 5 5 3 _   
       _ _ _ 4 5 4 5 2 _     
        _ _ _ 5 5 4 5 _       
         _ _ 3 4 5 _ _         
            _ _ 2 5             
He did S 2 4 M 5 18
lets see this one
            _ _ _ _   
        _ _ _ 5 5 _ _ 
      _ _ _ 4 4 2 _ _ 
    _ _ _ _ 3 5 4 _ _ 
  _ _ _ 4 _ 4 5 _ _ _ 
  _ _ _ 5 5 4 4 _ _   
_ _ 4 2 4 4 4 5 3 _   
_ _ _ 4 5 5 5 2 _     
_ _ _ 5 4 4 5 _       
_ _ 3 5 5 _ _         
  _ 2 2 5             
            _ _ _ _   
         _ _ _ 5 5 _ _ 
        _ _ _ 4 4 2 _ _ 
       _ _ _ _ 3 5 4 _ _ 
      _ _ _ 4 _ 4 5 _ _ _ 
       _ _ _ 5 5 4 4 _ _   
      _ _ 4 2 4 4 4 5 3 _   
       _ _ _ 4 5 5 5 2 _     
        _ _ _ 5 4 4 5 _       
         _ _ 3 5 5 _ _         
            _ 2 2 5             
starting iteration on above
I, player 2 did  S 2 1 M 5 14 which means 
            _ _ _ _   
        _ _ _ 5 5 _ _ 
      _ _ _ 4 4 2 _ _ 
    _ _ _ _ 5 5 4 _ _ 
  _ _ _ 4 _ 5 5 _ _ _ 
  _ _ _ 5 5 5 4 _ _   
_ _ 4 2 4 4 5 5 3 _   
_ _ _ 4 5 5 4 2 _     
_ _ _ 5 4 4 4 _       
_ _ 3 5 5 _ 3         
  _ 2 2 5             
            _ _ _ _   
         _ _ _ 5 5 _ _ 
        _ _ _ 4 4 2 _ _ 
       _ _ _ _ 5 5 4 _ _ 
      _ _ _ 4 _ 5 5 _ _ _ 
       _ _ _ 5 5 5 4 _ _   
      _ _ 4 2 4 4 5 5 3 _   
       _ _ _ 4 5 5 4 2 _     
        _ _ _ 5 4 4 4 _       
         _ _ 3 5 5 _ 3         
            _ 2 2 5             
He did S 3 3 M 3 5
lets see this one
            _ _ _ _   
        _ _ _ 5 5 _ _ 
      _ _ _ 4 4 4 _ _ 
    _ _ _ _ 5 5 5 _ _ 
  _ _ _ 4 _ 5 5 2 _ _ 
  _ _ _ 5 5 5 4 _ _   
_ _ 4 2 4 4 5 5 3 _   
_ _ _ 4 5 5 4 2 _     
_ _ _ 5 4 4 4 _       
_ _ 3 5 5 _ 3         
  _ 2 2 5             
            _ _ _ _   
         _ _ _ 5 5 _ _ 
        _ _ _ 4 4 4 _ _ 
       _ _ _ _ 5 5 5 _ _ 
      _ _ _ 4 _ 5 5 2 _ _ 
       _ _ _ 5 5 5 4 _ _   
      _ _ 4 2 4 4 5 5 3 _   
       _ _ _ 4 5 5 4 2 _     
        _ _ _ 5 4 4 4 _       
         _ _ 3 5 5 _ 3         
            _ 2 2 5             
starting iteration on above
I, player 2 did  S 4 15 M 3 12 which means 
            _ _ _ _   
        _ _ _ 5 5 _ _ 
      _ _ _ 4 4 4 _ _ 
    _ _ _ _ 5 5 5 _ _ 
  _ _ _ 4 _ 5 5 2 _ _ 
  _ _ _ 5 5 5 4 _ _   
_ _ 4 2 4 4 5 5 3 _   
_ _ _ 4 5 5 4 2 _     
_ _ 3 5 4 4 4 _       
_ _ 5 5 5 _ 3         
  _ 2 2 5             
            _ _ _ _   
         _ _ _ 5 5 _ _ 
        _ _ _ 4 4 4 _ _ 
       _ _ _ _ 5 5 5 _ _ 
      _ _ _ 4 _ 5 5 2 _ _ 
       _ _ _ 5 5 5 4 _ _   
      _ _ 4 2 4 4 5 5 3 _   
       _ _ _ 4 5 5 4 2 _     
        _ _ 3 5 4 4 4 _       
         _ _ 5 5 5 _ 3         
            _ 2 2 5             
He did S 3 5 M 1 0
lets see this one
            _ _ _ _   
        _ _ _ 5 5 _ _ 
      _ _ _ 4 4 4 _ _ 
    _ _ _ _ 5 5 5 _ _ 
  _ _ _ 4 2 4 4 4 _ _ 
  _ _ _ 5 5 5 4 _ _   
_ _ 4 2 4 4 5 5 3 _   
_ _ _ 4 5 5 4 2 _     
_ _ 3 5 4 4 4 _       
_ _ 5 5 5 _ 3         
  _ 2 2 5             
            _ _ _ _   
         _ _ _ 5 5 _ _ 
        _ _ _ 4 4 4 _ _ 
       _ _ _ _ 5 5 5 _ _ 
      _ _ _ 4 2 4 4 4 _ _ 
       _ _ _ 5 5 5 4 _ _   
      _ _ 4 2 4 4 5 5 3 _   
       _ _ _ 4 5 5 4 2 _     
        _ _ 3 5 4 4 4 _       
         _ _ 5 5 5 _ 3         
            _ 2 2 5             
starting iteration on above
I, player 2 did  S 3 12 M 4 4 which means 
            _ _ _ _   
        _ _ _ 5 5 3 _ 
      _ _ _ 4 4 5 _ _ 
    _ _ _ _ 5 4 5 _ _ 
  _ _ _ 4 2 5 4 4 _ _ 
  _ _ _ 5 4 5 4 _ _   
_ _ 4 2 5 4 5 5 3 _   
_ _ _ 5 5 5 4 2 _     
_ _ 5 5 4 4 4 _       
_ _ 5 5 5 _ 3         
  _ 2 2 5             
            _ _ _ _   
         _ _ _ 5 5 3 _ 
        _ _ _ 4 4 5 _ _ 
       _ _ _ _ 5 4 5 _ _ 
      _ _ _ 4 2 5 4 4 _ _ 
       _ _ _ 5 4 5 4 _ _   
      _ _ 4 2 5 4 5 5 3 _   
       _ _ _ 5 5 5 4 2 _     
        _ _ 5 5 4 4 4 _       
         _ _ 5 5 5 _ 3         
            _ 2 2 5             
He did S 5 18 M 3 13
lets see this one
            _ _ _ _   
        _ _ _ 5 5 3 _ 
      _ _ _ 4 4 5 _ _ 
    _ _ _ _ 5 4 5 _ _ 
  _ _ _ 4 2 5 4 4 _ _ 
  _ _ _ 5 4 5 4 _ _   
_ _ 4 2 5 4 5 5 3 _   
_ _ 2 5 5 5 4 2 _     
_ _ 4 5 4 4 4 _       
_ _ 4 5 5 _ 3         
  _ 4 2 5             
            _ _ _ _   
         _ _ _ 5 5 3 _ 
        _ _ _ 4 4 5 _ _ 
       _ _ _ _ 5 4 5 _ _ 
      _ _ _ 4 2 5 4 4 _ _ 
       _ _ _ 5 4 5 4 _ _   
      _ _ 4 2 5 4 5 5 3 _   
       _ _ 2 5 5 5 4 2 _     
        _ _ 4 5 4 4 4 _       
         _ _ 4 5 5 _ 3         
            _ 4 2 5             
starting iteration on above
I, player 2 did  S 4 4 M 4 5 which means 
            _ _ _ _   
        _ _ _ 5 5 5 _ 
      _ _ _ 4 4 5 3 _ 
    _ _ _ _ 5 4 5 _ _ 
  _ _ _ 4 2 5 4 4 _ _ 
  _ _ _ 5 4 5 4 _ _   
_ _ 4 2 5 4 5 5 3 _   
_ _ 2 5 5 5 4 2 _     
_ _ 4 5 4 4 4 _       
_ _ 4 5 5 _ 3         
  _ 4 2 5             
            _ _ _ _   
         _ _ _ 5 5 5 _ 
        _ _ _ 4 4 5 3 _ 
       _ _ _ _ 5 4 5 _ _ 
      _ _ _ 4 2 5 4 4 _ _ 
       _ _ _ 5 4 5 4 _ _   
      _ _ 4 2 5 4 5 5 3 _   
       _ _ 2 5 5 5 4 2 _     
        _ _ 4 5 4 4 4 _       
         _ _ 4 5 5 _ 3         
            _ 4 2 5             
He did S 1 0 M 5 4
lets see this one
            _ _ _ 2   
        _ _ _ 5 4 5 _ 
      _ _ _ 4 5 5 3 _ 
    _ _ _ _ 4 4 5 _ _ 
  _ _ _ 4 4 5 4 4 _ _ 
  _ _ _ 5 4 5 4 _ _   
_ _ 4 2 5 4 5 5 3 _   
_ _ 2 5 5 5 4 2 _     
_ _ 4 5 4 4 4 _       
_ _ 4 5 5 _ 3         
  _ 4 2 5             
            _ _ _ 2   
         _ _ _ 5 4 5 _ 
        _ _ _ 4 5 5 3 _ 
       _ _ _ _ 4 4 5 _ _ 
      _ _ _ 4 4 5 4 4 _ _ 
       _ _ _ 5 4 5 4 _ _   
      _ _ 4 2 5 4 5 5 3 _   
       _ _ 2 5 5 5 4 2 _     
        _ _ 4 5 4 4 4 _       
         _ _ 4 5 5 _ 3         
            _ 4 2 5             
starting iteration on above
I, player 2 did  S 4 9 M 5 3 which means 
            _ _ 3 2   
        _ _ _ 5 5 5 _ 
      _ _ _ 4 5 4 3 _ 
    _ _ _ _ 4 4 4 _ _ 
  _ _ _ 4 4 5 4 5 _ _ 
  _ _ _ 5 4 5 4 _ _   
_ _ 4 2 5 4 5 5 5 _   
_ _ 2 5 5 5 4 2 _     
_ _ 4 5 4 4 4 _       
_ _ 4 5 5 _ 3         
  _ 4 2 5             
            _ _ 3 2   
         _ _ _ 5 5 5 _ 
        _ _ _ 4 5 4 3 _ 
       _ _ _ _ 4 4 4 _ _ 
      _ _ _ 4 4 5 4 5 _ _ 
       _ _ _ 5 4 5 4 _ _   
      _ _ 4 2 5 4 5 5 5 _   
       _ _ 2 5 5 5 4 2 _     
        _ _ 4 5 4 4 4 _       
         _ _ 4 5 5 _ 3         
            _ 4 2 5             
He did S 3 13 M 5 21 RS 5 18 RE 3 14 X 4 10
lets see this one
            _ _ 3 2   
        _ _ _ 5 5 5 _ 
      _ _ _ 4 5 4 3 _ 
    _ _ _ _ 4 4 4 _ _ 
  _ _ _ 4 4 5 4 5 _ _ 
  _ _ _ 5 4 5 4 _ _   
_ _ _ 2 5 4 5 5 5 _   
_ _ _ 5 5 5 4 _ _     
_ _ _ 5 4 4 4 _       
2 _ _ 5 5 _ 3         
  _ _ 2 5             
            _ _ 3 2   
         _ _ _ 5 5 5 _ 
        _ _ _ 4 5 4 3 _ 
       _ _ _ _ 4 4 4 _ _ 
      _ _ _ 4 4 5 4 5 _ _ 
       _ _ _ 5 4 5 4 _ _   
      _ _ _ 2 5 4 5 5 5 _   
       _ _ _ 5 5 5 4 _ _     
        _ _ _ 5 4 4 4 _       
         2 _ _ 5 5 _ 3         
            _ _ 2 5             
starting iteration on above
I, player 2 did  S 4 5 M 4 15 RS 1 4 RE 4 9 X 5 14 which means 
            _ _ 3 2   
        _ _ _ 5 5 5 _ 
      _ _ _ 4 5 4 5 _ 
    _ _ _ _ 4 4 5 _ _ 
  _ _ _ 4 4 5 5 5 _ _ 
  _ _ _ 5 4 4 4 _ _   
_ _ _ 2 _ _ _ _ _ _   
_ _ _ 5 4 5 4 _ _     
_ _ _ 4 4 4 4 _       
2 _ 3 5 5 _ _         
  _ _ 2 5             
            _ _ 3 2   
         _ _ _ 5 5 5 _ 
        _ _ _ 4 5 4 5 _ 
       _ _ _ _ 4 4 5 _ _ 
      _ _ _ 4 4 5 5 5 _ _ 
       _ _ _ 5 4 4 4 _ _   
      _ _ _ 2 _ _ _ _ _ _   
       _ _ _ 5 4 5 4 _ _     
        _ _ _ 4 4 4 4 _       
         2 _ 3 5 5 _ _         
            _ _ 2 5             
