In make opp move
Out make opp move
In make opp move
Out make opp move
In make opp move
Out make opp move
In make opp move
Out make opp move
In make opp move
Out make opp move
For move 
4 11 3 11
VVV
2 1 3 1
VVV
3 11 3 16
VVV
_____In make opp move
Out make opp move
For move 
3 14 4 19
VVV
4 14 2 5
VVV
1 1 3 1
VVV
_____In make opp move
Out make opp move
For move 
3 15 4 20
VVV
4 14 4 12
VVV
1 1 3 1
VVV
_____In make opp move
Out make opp move
For move 
1 1 3 1
VVV
0 0 2 2
VVV
2 4 1 5
VVV
_____In make opp move
Out make opp move
For move 
3 11 1 3
VVV
4 14 2 8
VVV
2 4 5 18
VVV
_____In make opp move
Out make opp move
For move 
4 19 4 16
VVV
4 14 2 8
VVV
4 16 4 13
VVV
_____In make opp move
Out make opp move
For move 
4 20 4 21
VVV
4 14 2 8
VVV
4 16 4 13
VVV
_____In make opp move
Out make opp move
For move 
3 1 4 5
VVV
2 2 4 2
VVV
2 4 4 6
VVV
_____In make opp move
Out make opp move
For move 
4 21 4 22
VVV
2 3 2 11
VVV
4 22 3 4
VVV
_____In make opp move
Out make opp move
For move 
1 3 3 4
VVV
2 11 3 10
VVV
3 4 2 0
VVV
_____In make opp move
Out make opp move
For move 
2 4 1 5
VVV
2 11 4 18
VVV
1 5 4 3
VVV
2 6 2 0
VVV
_____In make opp move
Out make opp move
For move 
1 5 4 3
VVV
2 11 1 4
VVV
4 3 4 1
VVV
2 6 2 5
VVV
_____In make opp move
Out make opp move
For move 
3 4 1 2
VVV
3 7 5 2
VVV
1 2 3 6
VVV
2 6 2 5
VVV
_____In make opp move
Out make opp move
For move 
4 22 3 16
VVV
2 6 3 10
VVV
4 16 3 12
VVV
3 10 1 4
VVV
_____In make opp move
Out make opp move
For move 
4 16 3 12
VVV
2 6 2 8
VVV
4 5 4 4
VVV
2 8 2 9
VVV
_____In make opp move
Out make opp move
For move 
4 3 5 3
VVV
2 9 5 4
VVV
3 16 2 8
VVV
2 6 1 0
VVV
_____In make opp move
Out make opp move
For move 
3 16 2 8
VVV
4 15 5 19
VVV
5 3 2 11
VVV
2 6 1 0
VVV
_____In make opp move
Out make opp move
For move 
1 2 4 5
VVV
1 1 1 4
VVV
3 12 4 21
VVV
2 6 1 0
VVV
_____In make opp move
Out make opp move
For move 
5 3 2 11
VVV
1 4 5 24
VVV
4 5 4 4
VVV
2 6 1 3
VVV
_____In make opp move
Out make opp move
For move 
2 11 3 17
VVV
4 15 1 3
VVV
3 17 4 6
VVV
2 6 2 5
VVV
_____In make opp move
Out make opp move
For move 
4 5 1 3
VVV
5 2 3 7
VVV
3 17 1 4
VVV
2 6 2 5
VVV
_____In make opp move
Out make opp move
For move 
1 3 5 6
VVV
3 0 5 7
VVV
5 6 3 4
VVV
2 6 1 3
VVV
_____***********************************

-> You are player 1
-> You are alloted a time of 120s

***********************************

Time remaining is: 120s
You played : P 4 11
P 4 11 True
Player 2 played : P 0 0
P 0 0 True
Time remaining is: 120s
You played : P 2 4
P 2 4 True
Player 2 played : P 4 14
P 4 14 True
Time remaining is: 120s
You played : P 1 1
P 1 1 True
Player 2 played : P 3 7
P 3 7 True
Time remaining is: 120s
You played : P 3 14
P 3 14 True
Player 2 played : P 2 7
P 2 7 True
Time remaining is: 120s
You played : P 3 15
P 3 15 True
Player 2 played : P 2 1
P 2 1 True
Time remaining is: 120s
You played : S 4 11 M 3 11
S 4 11 True
M 3 11 True
Player 2 played : S 2 1 M 5 21
S 2 1 True
M 5 21 True
Time remaining is: 119s
You played : S 3 14 M 4 19
S 3 14 True
M 4 19 True
Player 2 played : S 5 21 M 1 0
S 5 21 True
M 1 0 True
Time remaining is: 118s
You played : S 3 15 M 4 20
S 3 15 True
M 4 20 True
Player 2 played : S 1 0 M 4 17
S 1 0 True
M 4 17 True
Time remaining is: 117s
You played : S 1 1 M 3 1
S 1 1 True
M 3 1 True
Player 2 played : S 2 7 M 2 3
S 2 7 True
M 2 3 True
Time remaining is: 116s
You played : S 3 11 M 1 3
S 3 11 True
M 1 3 True
Player 2 played : S 4 17 M 3 2
S 4 17 True
M 3 2 True
Time remaining is: 116s
You played : S 4 19 M 4 16
S 4 19 True
M 4 16 True
Player 2 played : S 3 2 M 3 3
S 3 2 True
M 3 3 True
Time remaining is: 116s
You played : S 4 20 M 4 21
S 4 20 True
M 4 21 True
Player 2 played : S 3 3 M 2 2
S 3 3 True
M 2 2 True
Time remaining is: 115s
You played : S 3 1 M 4 5
S 3 1 True
M 4 5 True
Player 2 played : S 2 2 M 4 2
S 2 2 True
M 4 2 True
Time remaining is: 115s
You played : S 4 21 M 4 22
S 4 21 True
M 4 22 True
Player 2 played : S 2 3 M 2 11
S 2 3 True
M 2 11 True
Time remaining is: 115s
You played : S 1 3 M 3 4
S 1 3 True
M 3 4 True
Player 2 played : S 0 0 M 2 6
S 0 0 True
M 2 6 True
Time remaining is: 114s
You played : S 2 4 M 1 5
S 2 4 True
M 1 5 True
Player 2 played : S 4 2 M 2 0
S 4 2 True
M 2 0 True
Time remaining is: 112s
You played : S 1 5 M 4 3
S 1 5 True
M 4 3 True
Player 2 played : S 2 11 M 3 5
S 2 11 True
M 3 5 True
Time remaining is: 110s
You played : S 3 4 M 1 2
S 3 4 True
M 1 2 True
Player 2 played : S 2 0 M 2 10
S 2 0 True
M 2 10 True
Time remaining is: 108s
You played : S 4 22 M 3 16
S 4 22 True
M 3 16 True
Player 2 played : S 4 14 M 4 15
S 4 14 True
M 4 15 True
Time remaining is: 103s
You played : S 4 16 M 3 12
S 4 16 True
M 3 12 True
Player 2 played : S 2 10 M 2 9
S 2 10 True
M 2 9 True
Time remaining is: 99s
You played : S 4 3 M 5 3
S 4 3 True
M 5 3 True
Player 2 played : S 2 9 M 5 4
S 2 9 True
M 5 4 True
Time remaining is: 98s
You played : S 3 16 M 2 8 RS 1 1 RE 4 21 X 4 5
S 3 16 True
M 2 8 True
RS 1 1 True
RE 4 21 True
X 4 5 True
Player 2 played : S 3 5 M 1 1
S 3 5 True
M 1 1 True
Time remaining is: 97s
You played : S 1 2 M 4 5
S 1 2 True
M 4 5 True
Player 2 played : S 1 1 M 1 4
S 1 1 True
M 1 4 True
Time remaining is: 96s
You played : S 5 3 M 2 11
S 5 3 True
M 2 11 True
Player 2 played : S 1 4 M 5 24 RS 4 19 RE 1 3 X 3 7
S 1 4 True
M 5 24 True
RS 4 19 True
RE 1 3 True
X 3 7 True
Time remaining is: 93s
You played : S 2 11 M 3 17 RS 4 2 RE 2 10 X 3 12
S 2 11 True
M 3 17 True
RS 4 2 True
RE 2 10 True
X 3 12 True
Player 2 played : S 5 4 M 5 2
S 5 4 True
M 5 2 True
Time remaining is: 92s
You played : S 4 5 M 1 3
S 4 5 True
M 1 3 True
Player 2 played : S 5 2 M 3 0
S 5 2 True
M 3 0 True
Time remaining is: 92s
You played : S 1 3 M 5 6 RS 2 3 RE 3 11 X 5 6
S 1 3 True
M 5 6 True
RS 2 3 True
RE 3 11 True
X 5 6 True
YOU WIN!
Your Score : 9.008
Opponent's Score : 1.015
