***********************************

-> You are player 2
-> You are alloted a time of 120s

***********************************

Player 1 played : P 4 11
P 4 11 True
Time remaining is: 120s
You played : P 0 0
P 0 0 True
Player 1 played : P 2 4
P 2 4 True
Time remaining is: 120s
You played : P 4 14
P 4 14 True
Player 1 played : P 1 1
P 1 1 True
Time remaining is: 120s
You played : P 3 7
P 3 7 True
Player 1 played : P 3 14
P 3 14 True
Time remaining is: 120s
You played : P 2 7
P 2 7 True
Player 1 played : P 3 15
P 3 15 True
Time remaining is: 120s
You played : P 2 1
P 2 1 True
Player 1 played : S 4 11 M 3 11
S 4 11 True
M 3 11 True
Time remaining is: 120s
You played : S 2 1 M 5 21
S 2 1 True
M 5 21 True
Player 1 played : S 3 14 M 4 19
S 3 14 True
M 4 19 True
Time remaining is: 120s
You played : S 5 21 M 1 0
S 5 21 True
M 1 0 True
Player 1 played : S 3 15 M 4 20
S 3 15 True
M 4 20 True
Time remaining is: 119s
You played : S 1 0 M 4 17
S 1 0 True
M 4 17 True
Player 1 played : S 1 1 M 3 1
S 1 1 True
M 3 1 True
Time remaining is: 119s
You played : S 2 7 M 2 3
S 2 7 True
M 2 3 True
Player 1 played : S 3 11 M 1 3
S 3 11 True
M 1 3 True
Time remaining is: 118s
You played : S 4 17 M 3 2
S 4 17 True
M 3 2 True
Player 1 played : S 4 19 M 4 16
S 4 19 True
M 4 16 True
Time remaining is: 118s
You played : S 3 2 M 3 3
S 3 2 True
M 3 3 True
Player 1 played : S 4 20 M 4 21
S 4 20 True
M 4 21 True
Time remaining is: 118s
You played : S 3 3 M 2 2
S 3 3 True
M 2 2 True
Player 1 played : S 3 1 M 4 5
S 3 1 True
M 4 5 True
Time remaining is: 113s
You played : S 2 2 M 4 2
S 2 2 True
M 4 2 True
Player 1 played : S 4 21 M 4 22
S 4 21 True
M 4 22 True
Time remaining is: 109s
You played : S 2 3 M 2 11
S 2 3 True
M 2 11 True
Player 1 played : S 1 3 M 3 4
S 1 3 True
M 3 4 True
Time remaining is: 107s
You played : S 0 0 M 2 6
S 0 0 True
M 2 6 True
Player 1 played : S 2 4 M 1 5
S 2 4 True
M 1 5 True
Time remaining is: 106s
You played : S 4 2 M 2 0
S 4 2 True
M 2 0 True
Player 1 played : S 1 5 M 4 3
S 1 5 True
M 4 3 True
Time remaining is: 104s
You played : S 2 11 M 3 5
S 2 11 True
M 3 5 True
Player 1 played : S 3 4 M 1 2
S 3 4 True
M 1 2 True
Time remaining is: 103s
You played : S 2 0 M 2 10
S 2 0 True
M 2 10 True
Player 1 played : S 4 22 M 3 16
S 4 22 True
M 3 16 True
Time remaining is: 99s
You played : S 4 14 M 4 15
S 4 14 True
M 4 15 True
Player 1 played : S 4 16 M 3 12
S 4 16 True
M 3 12 True
Time remaining is: 96s
You played : S 2 10 M 2 9
S 2 10 True
M 2 9 True
Player 1 played : S 4 3 M 5 3
S 4 3 True
M 5 3 True
Time remaining is: 92s
You played : S 2 9 M 5 4
S 2 9 True
M 5 4 True
Player 1 played : S 3 16 M 2 8 RS 1 1 RE 4 21 X 4 5
S 3 16 True
M 2 8 True
RS 1 1 True
RE 4 21 True
X 4 5 True
Time remaining is: 91s
You played : S 3 5 M 1 1
S 3 5 True
M 1 1 True
Player 1 played : S 1 2 M 4 5
S 1 2 True
M 4 5 True
Time remaining is: 89s
You played : S 1 1 M 1 4
S 1 1 True
M 1 4 True
Player 1 played : S 5 3 M 2 11
S 5 3 True
M 2 11 True
Time remaining is: 88s
You played : S 1 4 M 5 24 RS 4 19 RE 1 3 X 3 7
S 1 4 True
M 5 24 True
RS 4 19 True
RE 1 3 True
X 3 7 True
Player 1 played : S 2 11 M 3 17 RS 4 2 RE 2 10 X 3 12
S 2 11 True
M 3 17 True
RS 4 2 True
RE 2 10 True
X 3 12 True
Time remaining is: 85s
You played : S 5 4 M 5 2
S 5 4 True
M 5 2 True
Player 1 played : S 4 5 M 1 3
S 4 5 True
M 1 3 True
Time remaining is: 84s
You played : S 5 2 M 3 0
S 5 2 True
M 3 0 True
Player 1 played : S 1 3 M 5 6 RS 2 3 RE 3 11 X 5 6
S 1 3 True
M 5 6 True
RS 2 3 True
RE 3 11 True
X 5 6 True
OTHER PLAYER WINS!
Your Score : 1.015
Opponent's Score : 9.008
