{"action": "NORMAL", "meta": "", "data": "P 0 0"} Received from client 0
{"action": "NORMAL", "meta": "", "data": "P 1 2"} Received from client 1
{"action": "NORMAL", "meta": "", "data": "P 1 0"} Received from client 0
{"action": "NORMAL", "meta": "", "data": "P 1 5"} Received from client 1
{"action": "NORMAL", "meta": "", "data": "P 1 1"} Received from client 0
{"action": "NORMAL", "meta": "", "data": "P 1 3"} Received from client 1
{"action": "NORMAL", "meta": "", "data": "P 1 4"} Received from client 0
{"action": "NORMAL", "meta": "", "data": "P 2 4"} Received from client 1
{"action": "NORMAL", "meta": "", "data": "P 2 0"} Received from client 0
{"action": "NORMAL", "meta": "", "data": "P 2 10"} Received from client 1
{"action": "NORMAL", "meta": "", "data": "S 2 0 M 2 11"} Received from client 0
{"action": "NORMAL", "meta": "", "data": "S 2 10 M 3 16"} Received from client 1
{"action": "NORMAL", "meta": "", "data": "S 1 4 M 4 16"} Received from client 0
{"action": "NORMAL", "meta": "", "data": "S 1 5 M 2 7"} Received from client 1
{"action": "NORMAL", "meta": "", "data": "S 0 0 M 3 15"} Received from client 0
{"action": "NORMAL", "meta": "", "data": "S 3 16 M 2 9"} Received from client 1
{"action": "NORMAL", "meta": "", "data": "S 2 11 M 3 14"} Received from client 0
{"action": "NORMAL", "meta": "", "data": "S 2 7 M 3 17"} Received from client 1
{"action": "NORMAL", "meta": "", "data": "S 4 16 M 4 13"} Received from client 0
{"action": "NORMAL", "meta": "", "data": "S 3 17 M 2 1"} Received from client 1
{"action": "NORMAL", "meta": "", "data": "S 3 14 M 5 22"} Received from client 0
{"action": "NORMAL", "meta": "", "data": "S 2 4 M 3 10"} Received from client 1
{"action": "NORMAL", "meta": "", "data": "S 1 1 M 5 9"} Received from client 0
{"action": "NORMAL", "meta": "", "data": "S 2 1 M 2 2"} Received from client 1
{"action": "NORMAL", "meta": "", "data": "S 5 22 M 3 1"} Received from client 0
{"action": "NORMAL", "meta": "", "data": "S 2 2 M 2 8"} Received from client 1
{"action": "NORMAL", "meta": "", "data": "S 3 1 M 4 18"} Received from client 0
{"action": "NORMAL", "meta": "", "data": "RS 2 7 RE 3 17 X 1 2 S 2 8 M 1 4"} Received from client 1
{"action": "NORMAL", "meta": "", "data": "S 1 0 M 2 3"} Received from client 0
{"action": "NORMAL", "meta": "", "data": "S 1 4 M 3 17"} Received from client 1
{"action": "NORMAL", "meta": "", "data": "S 4 18 M 5 19"} Received from client 0
{"action": "NORMAL", "meta": "", "data": "S 2 9 M 4 19"} Received from client 1
{"action": "NORMAL", "meta": "", "data": "S 5 19 M 5 16"} Received from client 0
{"action": "NORMAL", "meta": "", "data": "S 1 3 M 1 2"} Received from client 1
{"action": "NORMAL", "meta": "", "data": "S 5 16 M 4 8"} Received from client 0
{"action": "NORMAL", "meta": "", "data": "S 4 19 M 4 20 RS 4 19 RE 1 3 X 3 10"} Received from client 1
{"action": "NORMAL", "meta": "", "data": "S 4 8 M 4 12"} Received from client 0
{"action": "NORMAL", "meta": "", "data": "S 4 20 M 4 17"} Received from client 1
{"action": "NORMAL", "meta": "", "data": "S 4 12 M 3 0"} Received from client 0
{"action": "NORMAL", "meta": "", "data": "S 3 17 M 1 4"} Received from client 1
{"action": "NORMAL", "meta": "", "data": "S 2 3 M 3 2"} Received from client 0
{"action": "FINISH", "meta": "Player 2 SCORE : 10.008 : Player 1 SCORE : 0.009", "data": "S 1 4 M 3 3 RS 2 8 RE 2 2 X 1 2"} Received from client 1
