***********************************

-> You are player 1
-> You are alloted a time of 120s

***********************************

Time remaining is: 120s
You played : P 0 0
P 0 0 True
Player 2 played : P 1 2
P 1 2 True
Time remaining is: 120s
You played : P 1 0
P 1 0 True
Player 2 played : P 1 5
P 1 5 True
Time remaining is: 120s
You played : P 1 1
P 1 1 True
Player 2 played : P 1 3
P 1 3 True
Time remaining is: 120s
You played : P 1 4
P 1 4 True
Player 2 played : P 2 4
P 2 4 True
Time remaining is: 120s
You played : P 2 0
P 2 0 True
Player 2 played : P 2 10
P 2 10 True
Time remaining is: 120s
You played : S 2 0 M 2 11
S 2 0 True
M 2 11 True
Player 2 played : S 2 10 M 3 16
S 2 10 True
M 3 16 True
Time remaining is: 120s
You played : S 1 4 M 4 16
S 1 4 True
M 4 16 True
Player 2 played : S 1 5 M 2 7
S 1 5 True
M 2 7 True
Time remaining is: 120s
You played : S 0 0 M 3 15
S 0 0 True
M 3 15 True
Player 2 played : S 3 16 M 2 9
S 3 16 True
M 2 9 True
Time remaining is: 120s
You played : S 2 11 M 3 14
S 2 11 True
M 3 14 True
Player 2 played : S 2 7 M 3 17
S 2 7 True
M 3 17 True
Time remaining is: 120s
You played : S 4 16 M 4 13
S 4 16 True
M 4 13 True
Player 2 played : S 3 17 M 2 1
S 3 17 True
M 2 1 True
Time remaining is: 120s
You played : S 3 14 M 5 22
S 3 14 True
M 5 22 True
Player 2 played : S 2 4 M 3 10
S 2 4 True
M 3 10 True
Time remaining is: 120s
You played : S 1 1 M 5 9
S 1 1 True
M 5 9 True
Player 2 played : S 2 1 M 2 2
S 2 1 True
M 2 2 True
Time remaining is: 120s
You played : S 5 22 M 3 1
S 5 22 True
M 3 1 True
Player 2 played : S 2 2 M 2 8
S 2 2 True
M 2 8 True
Time remaining is: 120s
You played : S 3 1 M 4 18
S 3 1 True
M 4 18 True
Player 2 played : RS 2 7 RE 3 17 X 1 2 S 2 8 M 1 4
RS 2 7 True
RE 3 17 True
X 1 2 True
S 2 8 True
M 1 4 True
Time remaining is: 120s
You played : S 1 0 M 2 3
S 1 0 True
M 2 3 True
Player 2 played : S 1 4 M 3 17
S 1 4 True
M 3 17 True
Time remaining is: 120s
You played : S 4 18 M 5 19
S 4 18 True
M 5 19 True
Player 2 played : S 2 9 M 4 19
S 2 9 True
M 4 19 True
Time remaining is: 120s
You played : S 5 19 M 5 16
S 5 19 True
M 5 16 True
Player 2 played : S 1 3 M 1 2
S 1 3 True
M 1 2 True
Time remaining is: 120s
You played : S 5 16 M 4 8
S 5 16 True
M 4 8 True
Player 2 played : S 4 19 M 4 20 RS 4 19 RE 1 3 X 3 10
S 4 19 True
M 4 20 True
RS 4 19 True
RE 1 3 True
X 3 10 True
Time remaining is: 120s
You played : S 4 8 M 4 12
S 4 8 True
M 4 12 True
Player 2 played : S 4 20 M 4 17
S 4 20 True
M 4 17 True
Time remaining is: 120s
You played : S 4 12 M 3 0
S 4 12 True
M 3 0 True
Player 2 played : S 3 17 M 1 4
S 3 17 True
M 1 4 True
Time remaining is: 120s
You played : S 2 3 M 3 2
S 2 3 True
M 3 2 True
Player 2 played : S 1 4 M 3 3 RS 2 8 RE 2 2 X 1 2
S 1 4 True
M 3 3 True
RS 2 8 True
RE 2 2 True
X 1 2 True
OTHER PLAYER WINS!
Your Score : 0.009
Opponent's Score : 10.008
