boardsizeHexagon is here for combined version :5
playernum:2
timeallowed:120

 num_markers:5

-----------removedRingsOpponent:4
-----------removedRingsmy:4
-----------removedRingsOpponent:3
-----------removedRingsmy:3
-----------removedRingsOpponent:2
-----------removedRingsmy:2
-----------removedRingsOpponent:1
-----------removedRingsmy:1
-----------removedRingsOpponent:0
-----------removedRingsmy:0
my--from_x:3 from_y:5 to_x:3 to_y:6
-----------removedRingsOpponent:0
-----------removedRingsmy:0
my--from_x:4 from_y:5 to_x:4 to_y:3
-----------removedRingsOpponent:0
-----------removedRingsmy:0
my--from_x:3 from_y:6 to_x:3 to_y:4
-----------removedRingsOpponent:0
-----------removedRingsmy:0
my--from_x:4 from_y:3 to_x:4 to_y:7
-----------removedRingsOpponent:0
-----------removedRingsmy:0
my--from_x:4 from_y:7 to_x:6 to_y:7
-----------removedRingsOpponent:0
-----------removedRingsmy:0
my--from_x:7 from_y:5 to_x:4 to_y:2
-----------removedRingsOpponent:0
-----------removedRingsmy:0
my--from_x:6 from_y:7 to_x:7 to_y:7
-----------removedRingsOpponent:0
-----------removedRingsmy:0
my--from_x:7 from_y:7 to_x:3 to_y:3
-----------removedRingsOpponent:0
-----------removedRingsmy:0
my--from_x:3 from_y:3 to_x:4 to_y:4
-----------removedRingsOpponent:0
-----------removedRingsmy:1
my--from_x:4 from_y:4 to_x:4 to_y:7
-----------removedRingsOpponent:0
-----------removedRingsmy:1
my--from_x:3 from_y:4 to_x:1 to_y:4
-----------removedRingsOpponent:0
-----------removedRingsmy:1
my--from_x:5 from_y:4 to_x:6 to_y:5
-----------removedRingsOpponent:0
-----------removedRingsmy:1
WORKING -------pushpam
my--from_x:1 from_y:4 to_x:1 to_y:5
-----------removedRingsOpponent:0
-----------removedRingsmy:2
my--from_x:1 from_y:5 to_x:1 to_y:2
-----------removedRingsOpponent:0
-----------removedRingsmy:2
my--from_x:4 from_y:7 to_x:4 to_y:4
-----------removedRingsOpponent:0
-----------removedRingsmy:2
WORKING -------pushpam
my--from_x:4 from_y:4 to_x:8 to_y:8
with /n
-----------removedRingsOpponent:0
-----------removedRingsmy:3
GAME OVER BRODAAA
***********************************

-> You are player 2
-> You are alloted a time of 120s

***********************************

Player 1 played : P 0 0
P 0 0 True
Time remaining is: 120s
You played : P 1 2
P 1 2 True
Player 1 played : P 1 0
P 1 0 True
Time remaining is: 120s
You played : P 1 5
P 1 5 True
Player 1 played : P 1 1
P 1 1 True
Time remaining is: 120s
You played : P 1 3
P 1 3 True
Player 1 played : P 1 4
P 1 4 True
Time remaining is: 120s
You played : P 2 4
P 2 4 True
Player 1 played : P 2 0
P 2 0 True
Time remaining is: 120s
You played : P 2 10
P 2 10 True
Player 1 played : S 2 0 M 2 11
S 2 0 True
M 2 11 True
Time remaining is: 120s
You played : S 2 10 M 3 16
S 2 10 True
M 3 16 True
Player 1 played : S 1 4 M 4 16
S 1 4 True
M 4 16 True
Time remaining is: 120s
You played : S 1 5 M 2 7
S 1 5 True
M 2 7 True
Player 1 played : S 0 0 M 3 15
S 0 0 True
M 3 15 True
Time remaining is: 120s
You played : S 3 16 M 2 9
S 3 16 True
M 2 9 True
Player 1 played : S 2 11 M 3 14
S 2 11 True
M 3 14 True
Time remaining is: 120s
You played : S 2 7 M 3 17
S 2 7 True
M 3 17 True
Player 1 played : S 4 16 M 4 13
S 4 16 True
M 4 13 True
Time remaining is: 120s
You played : S 3 17 M 2 1
S 3 17 True
M 2 1 True
Player 1 played : S 3 14 M 5 22
S 3 14 True
M 5 22 True
Time remaining is: 120s
You played : S 2 4 M 3 10
S 2 4 True
M 3 10 True
Player 1 played : S 1 1 M 5 9
S 1 1 True
M 5 9 True
Time remaining is: 118s
You played : S 2 1 M 2 2
S 2 1 True
M 2 2 True
Player 1 played : S 5 22 M 3 1
S 5 22 True
M 3 1 True
Time remaining is: 117s
You played : S 2 2 M 2 8
S 2 2 True
M 2 8 True
Player 1 played : S 3 1 M 4 18
S 3 1 True
M 4 18 True
Time remaining is: 116s
You played : RS 2 7 RE 3 17 X 1 2 S 2 8 M 1 4
RS 2 7 True
RE 3 17 True
X 1 2 True
S 2 8 True
M 1 4 True
Player 1 played : S 1 0 M 2 3
S 1 0 True
M 2 3 True
Time remaining is: 115s
You played : S 1 4 M 3 17
S 1 4 True
M 3 17 True
Player 1 played : S 4 18 M 5 19
S 4 18 True
M 5 19 True
Time remaining is: 114s
You played : S 2 9 M 4 19
S 2 9 True
M 4 19 True
Player 1 played : S 5 19 M 5 16
S 5 19 True
M 5 16 True
Time remaining is: 113s
You played : S 1 3 M 1 2
S 1 3 True
M 1 2 True
Player 1 played : S 5 16 M 4 8
S 5 16 True
M 4 8 True
Time remaining is: 113s
You played : S 4 19 M 4 20 RS 4 19 RE 1 3 X 3 10
S 4 19 True
M 4 20 True
RS 4 19 True
RE 1 3 True
X 3 10 True
Player 1 played : S 4 8 M 4 12
S 4 8 True
M 4 12 True
Time remaining is: 113s
You played : S 4 20 M 4 17
S 4 20 True
M 4 17 True
Player 1 played : S 4 12 M 3 0
S 4 12 True
M 3 0 True
Time remaining is: 112s
You played : S 3 17 M 1 4
S 3 17 True
M 1 4 True
Player 1 played : S 2 3 M 3 2
S 2 3 True
M 3 2 True
Time remaining is: 111s
You played : S 1 4 M 3 3 RS 2 8 RE 2 2 X 1 2
S 1 4 True
M 3 3 True
RS 2 8 True
RE 2 2 True
X 1 2 True
YOU WIN!
Your Score : 10.008
Opponent's Score : 0.009
