***********************************

-> You are player 1
-> You are alloted a time of 120s

***********************************

Time remaining is: 120s
You played : P 0 0
P 0 0 True
Player 2 played : P 2 9
P 2 9 True
Time remaining is: 120s
You played : P 2 1
P 2 1 True
Player 2 played : P 4 7
P 4 7 True
Time remaining is: 120s
You played : P 2 3
P 2 3 True
Player 2 played : P 1 1
P 1 1 True
Time remaining is: 120s
You played : P 2 5
P 2 5 True
Player 2 played : P 1 0
P 1 0 True
Time remaining is: 120s
You played : P 2 7
P 2 7 True
Player 2 played : P 4 3
P 4 3 True
Time remaining is: 120s
You played : S 2 3 M 3 5
S 2 3 True
M 3 5 True
Player 2 played : S 4 3 M 3 4
S 4 3 True
M 3 4 True
Time remaining is: 120s
You played : S 2 7 M 1 2
S 2 7 True
M 1 2 True
Player 2 played : S 2 9 M 1 3
S 2 9 True
M 1 3 True
Time remaining is: 120s
You played : S 0 0 M 1 4
S 0 0 True
M 1 4 True
Player 2 played : S 1 0 M 1 5
S 1 0 True
M 1 5 True
Time remaining is: 119s
You played : S 2 5 M 3 10
S 2 5 True
M 3 10 True
Player 2 played : S 3 4 M 3 3
S 3 4 True
M 3 3 True
Time remaining is: 117s
You played : S 3 10 M 2 6
S 3 10 True
M 2 6 True
Player 2 played : S 4 7 M 3 7
S 4 7 True
M 3 7 True
Time remaining is: 114s
You played : S 3 5 M 5 9
S 3 5 True
M 5 9 True
Player 2 played : S 3 7 M 2 4
S 3 7 True
M 2 4 True
Time remaining is: 113s
You played : S 2 1 M 5 4
S 2 1 True
M 5 4 True
Player 2 played : S 2 4 M 2 2
S 2 4 True
M 2 2 True
Time remaining is: 112s
You played : S 5 9 M 4 8
S 5 9 True
M 4 8 True
Player 2 played : S 1 3 M 3 11
S 1 3 True
M 3 11 True
Time remaining is: 111s
You played : S 2 6 M 2 0
S 2 6 True
M 2 0 True
Player 2 played : S 3 3 M 3 6
S 3 3 True
M 3 6 True
Time remaining is: 111s
You played : S 1 4 M 3 14
S 1 4 True
M 3 14 True
Player 2 played : S 3 11 M 2 10
S 3 11 True
M 2 10 True
Time remaining is: 110s
You played : S 2 0 M 3 17
S 2 0 True
M 3 17 True
Player 2 played : S 1 5 M 3 2
S 1 5 True
M 3 2 True
Time remaining is: 109s
You played : S 3 14 M 4 9
S 3 14 True
M 4 9 True
Player 2 played : S 2 2 M 4 6
S 2 2 True
M 4 6 True
Time remaining is: 106s
You played : S 3 17 M 4 13
S 3 17 True
M 4 13 True
Player 2 played : S 1 1 M 2 8
S 1 1 True
M 2 8 True
Time remaining is: 101s
You played : S 4 13 M 2 11
S 4 13 True
M 2 11 True
Player 2 played : S 3 6 M 5 8 RS 1 0 RE 4 7 X 2 8
S 3 6 True
M 5 8 True
RS 1 0 True
RE 4 7 True
X 2 8 True
Time remaining is: 97s
You played : S 2 11 M 1 1
S 2 11 True
M 1 1 True
Player 2 played : S 4 6 M 4 4
S 4 6 True
M 4 4 True
Time remaining is: 81s
You played : S 4 8 M 4 5
S 4 8 True
M 4 5 True
Player 2 played : S 2 10 M 2 8
S 2 10 True
M 2 8 True
Time remaining is: 80s
You played : S 1 2 M 3 8
S 1 2 True
M 3 8 True
Player 2 played : S 3 2 M 3 1
S 3 2 True
M 3 1 True
Time remaining is: 73s
You played : S 4 9 M 3 5
S 4 9 True
M 3 5 True
Player 2 played : S 2 8 M 3 16
S 2 8 True
M 3 16 True
Time remaining is: 68s
You played : S 3 5 M 5 3 RS 4 9 RE 3 3 X 5 4
S 3 5 True
M 5 3 True
RS 4 9 True
RE 3 3 True
X 5 4 True
Player 2 played : S 3 1 M 4 18 RS 3 14 RE 3 1 X 4 18
S 3 1 True
M 4 18 True
RS 3 14 True
RE 3 1 True
X 4 18 True
Time remaining is: 61s
You played : S 4 5 M 4 15 RS 2 9 RE 3 7 X 3 8
S 4 5 True
M 4 15 True
RS 2 9 True
RE 3 7 True
X 3 8 True
Player 2 played : S 4 4 M 4 7
S 4 4 True
M 4 7 True
Time remaining is: 60s
You played : S 1 1 M 3 3
S 1 1 True
M 3 3 True
Player 2 played : S 4 7 M 5 11 RS 4 8 RE 4 4 X 5 11
S 4 7 True
M 5 11 True
RS 4 8 True
RE 4 4 True
X 5 11 True
OTHER PLAYER WINS!
Your Score : 2.01
Opponent's Score : 8.007
