The5
WHY 

centre is 1
layer num 1		0  0  -1  -1  -1  -1  
layer num 2		-1  1  -1  3  -1  1  -1  1  -1  0  -1  -1  
layer num 3		-1  -1  -1  -1  -1  1  -1  -1  -1  -1  -1  -1  -1  -1  -1  -1  -1  -1  
layer num 4		-1  -1  -1  0  -1  -1  -1  0  -1  -1  -1  -1  -1  -1  -1  -1  -1  -1  -1  -1  -1  -1  -1  -1  
layer num 5		-1  -1  -1  -1  -1  -1  -1  -1  -1  -1  -1  -1  -1  -1  -1  -1  -1  -1  -1  -1  -1  -1  -1  -1  -1  -1  -1  -1  -1  -1  
my rings: 0
other rings: 1
Came here
5
2
WHY 

centre is 1
layer num 1		0  0  1  -1  -1  -1  
layer num 2		-1  1  -1  3  -1  1  -1  3  -1  0  -1  -1  
layer num 3		-1  -1  -1  -1  0  1  -1  -1  -1  -1  -1  -1  -1  -1  -1  -1  -1  -1  
layer num 4		-1  -1  -1  2  -1  -1  -1  0  -1  -1  -1  -1  -1  -1  -1  -1  -1  -1  -1  -1  -1  -1  -1  -1  
layer num 5		-1  -1  -1  -1  -1  -1  -1  -1  -1  -1  -1  -1  -1  -1  -1  -1  -1  -1  -1  -1  -1  -1  -1  -1  -1  -1  -1  -1  -1  -1  
my rings: 1
other rings: 2
Came here
5
4
WHY 

centre is 3
layer num 1		0  0  1  0  1  -1  
layer num 2		-1  1  -1  3  -1  1  -1  3  -1  2  -1  -1  
layer num 3		-1  -1  -1  -1  0  1  -1  -1  -1  -1  -1  -1  -1  -1  -1  -1  -1  -1  
layer num 4		-1  -1  -1  2  -1  -1  -1  0  -1  -1  -1  -1  -1  -1  -1  -1  -1  -1  -1  -1  -1  -1  -1  -1  
layer num 5		-1  -1  -1  -1  -1  -1  -1  -1  -1  -1  -1  -1  -1  -1  -1  -1  -1  -1  -1  -1  -1  -1  -1  -1  -1  -1  -1  -1  -1  -1  
my rings: 2
other rings: 3
Came here
6
7
WHY 

centre is 3
layer num 1		2  0  1  0  1  0  
layer num 2		-1  1  -1  3  -1  3  -1  3  -1  2  -1  -1  
layer num 3		-1  -1  -1  -1  0  1  -1  -1  -1  -1  1  -1  -1  -1  -1  -1  -1  -1  
layer num 4		-1  -1  -1  2  -1  -1  -1  0  -1  -1  -1  -1  -1  -1  -1  -1  -1  -1  -1  -1  -1  -1  -1  -1  
layer num 5		-1  -1  -1  -1  -1  -1  -1  -1  -1  -1  -1  -1  -1  -1  -1  -1  -1  -1  -1  -1  -1  -1  -1  -1  -1  -1  -1  -1  -1  -1  
my rings: 3
other rings: 4
Came here
6
10
WHY 

centre is 3
layer num 1		2  0  1  0  1  0  
layer num 2		-1  1  -1  3  -1  3  1  3  -1  2  -1  -1  
layer num 3		-1  -1  -1  0  2  1  -1  -1  -1  -1  3  -1  -1  -1  -1  -1  -1  -1  
layer num 4		-1  -1  -1  2  -1  -1  -1  0  -1  -1  -1  -1  -1  -1  -1  -1  -1  -1  -1  -1  -1  -1  -1  -1  
layer num 5		-1  -1  -1  -1  -1  -1  -1  -1  -1  -1  -1  -1  -1  -1  -1  -1  -1  -1  -1  -1  -1  -1  -1  -1  -1  -1  -1  -1  -1  -1  
my rings: 4
other rings: 5
Came here
6
13
WHY 

centre is 3
layer num 1		2  0  1  0  1  0  
layer num 2		-1  1  -1  3  -1  3  1  3  -1  2  -1  -1  
layer num 3		-1  -1  -1  0  2  3  -1  0  -1  -1  3  -1  -1  -1  -1  -1  -1  -1  
layer num 4		-1  -1  -1  2  -1  -1  -1  3  -1  -1  -1  -1  -1  -1  -1  -1  -1  -1  -1  -1  -1  -1  -1  -1  
layer num 5		-1  -1  -1  -1  -1  -1  -1  -1  -1  1  -1  -1  -1  -1  -1  -1  -1  -1  -1  -1  -1  -1  -1  -1  -1  -1  -1  -1  -1  -1  
my rings: 4
other rings: 7
Came here
6
16
WHY 

centre is 3
layer num 1		2  0  1  0  1  0  
layer num 2		-1  3  -1  3  0  3  1  3  -1  2  -1  -1  
layer num 3		-1  -1  -1  0  2  3  -1  2  -1  -1  3  -1  -1  -1  -1  -1  -1  -1  
layer num 4		-1  -1  -1  3  -1  -1  -1  3  -1  -1  -1  -1  -1  -1  -1  -1  -1  -1  -1  -1  -1  -1  -1  -1  
layer num 5		-1  -1  -1  -1  1  -1  -1  -1  -1  1  -1  -1  -1  -1  -1  -1  -1  -1  -1  -1  -1  -1  -1  -1  -1  -1  -1  -1  -1  -1  
my rings: 4
other rings: 9
Came here
6
19
WHY 

centre is 3
layer num 1		2  0  1  0  1  0  
layer num 2		-1  3  0  2  2  3  1  3  -1  2  -1  -1  
layer num 3		-1  -1  -1  0  2  3  -1  2  -1  -1  3  -1  -1  -1  -1  -1  -1  -1  
layer num 4		-1  -1  -1  3  -1  -1  -1  3  1  -1  -1  -1  -1  -1  -1  -1  -1  -1  -1  -1  -1  -1  -1  -1  
layer num 5		-1  -1  -1  -1  1  -1  -1  -1  -1  3  -1  -1  -1  -1  -1  -1  -1  -1  -1  -1  -1  -1  -1  -1  -1  -1  -1  -1  -1  -1  
my rings: 6
other rings: 9
Came here
6
22
WHY 

centre is 2
layer num 1		3  0  1  3  1  0  
layer num 2		1  3  0  2  2  3  3  2  -1  2  -1  -1  
layer num 3		-1  -1  -1  0  2  3  -1  2  -1  -1  3  0  -1  -1  -1  -1  -1  -1  
layer num 4		-1  -1  -1  3  -1  -1  -1  3  1  -1  -1  -1  -1  -1  -1  -1  -1  -1  -1  -1  -1  -1  -1  -1  
layer num 5		-1  -1  -1  -1  1  -1  -1  -1  -1  3  -1  -1  -1  -1  -1  -1  -1  -1  -1  -1  -1  -1  -1  -1  -1  -1  -1  -1  -1  -1  
my rings: 7
other rings: 10
Came here
6
25
WHY 

centre is 2
layer num 1		3  0  1  3  3  0  
layer num 2		1  3  0  2  2  3  3  2  -1  3  -1  -1  
layer num 3		-1  -1  -1  2  3  2  0  2  -1  -1  3  0  -1  -1  1  -1  -1  -1  
layer num 4		-1  -1  -1  3  -1  -1  -1  3  1  -1  -1  -1  -1  -1  -1  -1  -1  -1  -1  -1  -1  -1  -1  -1  
layer num 5		-1  -1  -1  -1  1  -1  -1  -1  -1  3  -1  -1  -1  -1  -1  -1  -1  -1  -1  -1  -1  -1  -1  -1  -1  -1  -1  -1  -1  -1  
my rings: 7
other rings: 12
Came here
5
27
WHY 

centre is 2
layer num 1		3  0  1  3  3  0  
layer num 2		3  3  0  2  2  3  3  2  -1  2  0  -1  
layer num 3		-1  -1  -1  2  3  2  0  2  -1  -1  3  2  -1  -1  1  -1  -1  1  
layer num 4		-1  -1  -1  3  -1  -1  -1  3  1  -1  -1  -1  -1  -1  -1  -1  -1  -1  -1  -1  -1  -1  -1  -1  
layer num 5		-1  -1  -1  -1  1  -1  -1  -1  -1  3  -1  -1  -1  -1  -1  -1  -1  -1  -1  -1  -1  -1  -1  -1  -1  -1  -1  -1  -1  -1  
my rings: 9
other rings: 12
Came here
6
30
WHY 

centre is 2
layer num 1		2  0  1  2  2  2  
layer num 2		3  2  0  2  2  2  3  2  -1  3  0  -1  
layer num 3		-1  -1  0  2  3  2  0  3  -1  -1  3  2  -1  -1  3  -1  -1  1  
layer num 4		-1  -1  -1  3  -1  -1  -1  3  1  1  -1  -1  -1  -1  -1  -1  -1  -1  -1  -1  -1  -1  -1  -1  
layer num 5		-1  -1  -1  -1  1  -1  -1  -1  -1  3  -1  -1  -1  -1  -1  -1  -1  -1  -1  -1  -1  -1  -1  -1  -1  -1  -1  -1  -1  -1  
my rings: 13
other rings: 10
Came here
6
33
WHY 

centre is 2
layer num 1		2  0  1  2  3  3  
layer num 2		3  2  2  2  2  2  3  3  -1  3  0  -1  
layer num 3		-1  -1  0  2  2  2  0  3  -1  -1  2  2  -1  -1  3  -1  -1  3  
layer num 4		-1  -1  -1  3  -1  -1  0  3  1  1  -1  -1  -1  1  -1  -1  -1  -1  -1  -1  -1  -1  -1  -1  
layer num 5		-1  -1  -1  -1  1  -1  -1  -1  -1  3  -1  -1  -1  -1  -1  -1  -1  -1  -1  -1  -1  -1  -1  -1  -1  -1  -1  -1  -1  -1  
my rings: 13
other rings: 12
Came here
6
36
WHY 

centre is 3
layer num 1		2  2  1  2  3  2  
layer num 2		3  2  2  2  2  2  3  2  0  3  0  1  
layer num 3		-1  -1  0  2  2  2  0  3  -1  -1  3  2  -1  -1  3  -1  -1  3  
layer num 4		-1  -1  -1  3  -1  -1  0  3  1  1  -1  -1  -1  3  -1  -1  -1  -1  -1  -1  -1  -1  -1  -1  
layer num 5		-1  -1  -1  -1  1  -1  -1  -1  -1  3  -1  -1  -1  -1  -1  -1  -1  -1  -1  -1  -1  -1  -1  -1  -1  -1  -1  -1  -1  -1  
my rings: 14
other rings: 13
Came here
6
39
WHY 

centre is 3
layer num 1		-1  1  1  2  3  2  
layer num 2		3  2  2  -1  2  2  3  2  -1  3  0  3  
layer num 3		-1  -1  0  2  2  -1  2  3  -1  -1  3  2  -1  -1  3  -1  -1  3  
layer num 4		-1  -1  -1  3  -1  -1  0  -1  1  1  -1  -1  -1  3  -1  -1  -1  -1  -1  -1  -1  -1  -1  -1  
layer num 5		-1  -1  -1  -1  1  -1  -1  -1  0  3  -1  -1  -1  -1  -1  -1  -1  -1  -1  -1  -1  -1  -1  -1  -1  -1  -1  -1  -1  -1  
my rings: 11
other rings: 13
Came here
6
42
WHY 

centre is 3
layer num 1		-1  1  1  2  3  2  
layer num 2		3  2  2  -1  2  2  3  2  -1  3  0  3  
layer num 3		-1  -1  0  2  2  -1  2  3  -1  -1  3  2  -1  -1  3  -1  -1  3  
layer num 4		-1  -1  -1  3  0  1  3  -1  3  1  -1  -1  -1  3  -1  -1  -1  -1  -1  -1  -1  -1  -1  -1  
layer num 5		-1  -1  -1  -1  1  -1  -1  -1  0  3  -1  -1  -1  -1  -1  -1  -1  -1  -1  -1  -1  -1  -1  -1  -1  -1  -1  -1  -1  -1  
my rings: 11
other rings: 15
Came here
6
45
WHY 

centre is 3
layer num 1		-1  1  3  2  3  2  
layer num 2		3  2  2  -1  2  3  3  2  0  2  2  3  
layer num 3		-1  -1  0  2  2  -1  2  3  1  -1  3  2  -1  -1  3  -1  -1  3  
layer num 4		-1  -1  -1  3  0  1  3  -1  3  1  -1  -1  -1  3  -1  -1  -1  -1  -1  -1  -1  -1  -1  -1  
layer num 5		-1  -1  -1  -1  1  -1  -1  -1  0  3  -1  -1  -1  -1  -1  -1  -1  -1  -1  -1  -1  -1  -1  -1  -1  -1  -1  -1  -1  -1  
my rings: 12
other rings: 16
Came here
6
48
WHY 

centre is 3
layer num 1		-1  1  3  2  3  2  
layer num 2		3  2  2  -1  2  3  3  2  0  2  2  3  
layer num 3		-1  0  2  2  2  1  3  3  1  -1  3  2  -1  -1  3  -1  -1  3  
layer num 4		-1  -1  -1  3  0  1  3  -1  3  3  -1  -1  -1  3  -1  -1  -1  -1  -1  -1  -1  -1  -1  -1  
layer num 5		-1  -1  -1  -1  1  -1  -1  -1  0  3  -1  -1  -1  -1  -1  -1  -1  -1  -1  -1  -1  -1  -1  -1  -1  -1  -1  -1  -1  -1  
my rings: 12
other rings: 18
Came here
6
51
WHY 

centre is 3
layer num 1		-1  1  3  2  3  2  
layer num 2		3  2  2  -1  2  3  3  2  2  3  3  3  
layer num 3		-1  0  2  -1  -1  -1  -1  3  1  -1  3  2  -1  -1  3  -1  0  3  
layer num 4		-1  -1  -1  2  0  1  3  -1  3  -1  -1  -1  -1  3  -1  -1  -1  -1  -1  -1  -1  -1  -1  -1  
layer num 5		-1  -1  -1  1  -1  -1  -1  -1  0  3  -1  -1  -1  -1  -1  -1  -1  -1  -1  -1  -1  -1  -1  -1  -1  -1  -1  -1  -1  -1  
my rings: 10
other rings: 17
Came here
6
54
WHY 

centre is 3
layer num 1		-1  1  2  -1  -1  2  
layer num 2		-1  2  2  -1  2  -1  3  3  2  -1  -1  -1  
layer num 3		-1  -1  2  -1  -1  -1  -1  -1  -1  -1  3  3  -1  -1  -1  -1  0  3  
layer num 4		-1  -1  -1  2  0  3  3  -1  3  -1  -1  -1  -1  3  -1  1  -1  -1  -1  -1  -1  -1  -1  -1  
layer num 5		-1  -1  -1  1  -1  -1  -1  -1  0  3  -1  -1  -1  -1  -1  -1  -1  -1  -1  -1  -1  -1  -1  -1  -1  -1  -1  -1  -1  -1  
my rings: 8
other rings: 11
Came here
7
58
WHY 

centre is 3
layer num 1		-1  3  2  -1  -1  2  
layer num 2		-1  2  3  -1  2  -1  3  3  2  -1  -1  -1  
layer num 3		-1  -1  2  1  -1  -1  -1  -1  -1  -1  3  3  -1  -1  -1  -1  0  3  
layer num 4		-1  -1  -1  2  2  2  2  0  3  -1  -1  -1  -1  3  -1  1  -1  -1  -1  -1  -1  -1  -1  -1  
layer num 5		-1  -1  -1  1  -1  -1  -1  -1  0  3  -1  -1  -1  -1  -1  -1  -1  -1  -1  -1  -1  -1  -1  -1  -1  -1  -1  -1  -1  -1  
my rings: 10
other rings: 11
Came here
8
63
***********************************

-> You are player 2
-> You are alloted a time of 120s

***********************************

Player 1 played : P 0 0
P 0 0 True
Time remaining is: 120s
You played : P 2 9
P 2 9 True
Player 1 played : P 2 1
P 2 1 True
Time remaining is: 120s
You played : P 4 7
P 4 7 True
Player 1 played : P 2 3
P 2 3 True
Time remaining is: 120s
You played : P 1 1
P 1 1 True
Player 1 played : P 2 5
P 2 5 True
Time remaining is: 120s
You played : P 1 0
P 1 0 True
Player 1 played : P 2 7
P 2 7 True
Time remaining is: 120s
You played : P 4 3
P 4 3 True
Player 1 played : S 2 3 M 3 5
S 2 3 True
M 3 5 True
Time remaining is: 120s
You played : S 4 3 M 3 4
S 4 3 True
M 3 4 True
Player 1 played : S 2 7 M 1 2
S 2 7 True
M 1 2 True
Time remaining is: 119s
You played : S 2 9 M 1 3
S 2 9 True
M 1 3 True
Player 1 played : S 0 0 M 1 4
S 0 0 True
M 1 4 True
Time remaining is: 119s
You played : S 1 0 M 1 5
S 1 0 True
M 1 5 True
Player 1 played : S 2 5 M 3 10
S 2 5 True
M 3 10 True
Time remaining is: 117s
You played : S 3 4 M 3 3
S 3 4 True
M 3 3 True
Player 1 played : S 3 10 M 2 6
S 3 10 True
M 2 6 True
Time remaining is: 115s
You played : S 4 7 M 3 7
S 4 7 True
M 3 7 True
Player 1 played : S 3 5 M 5 9
S 3 5 True
M 5 9 True
Time remaining is: 112s
You played : S 3 7 M 2 4
S 3 7 True
M 2 4 True
Player 1 played : S 2 1 M 5 4
S 2 1 True
M 5 4 True
Time remaining is: 111s
You played : S 2 4 M 2 2
S 2 4 True
M 2 2 True
Player 1 played : S 5 9 M 4 8
S 5 9 True
M 4 8 True
Time remaining is: 110s
You played : S 1 3 M 3 11
S 1 3 True
M 3 11 True
Player 1 played : S 2 6 M 2 0
S 2 6 True
M 2 0 True
Time remaining is: 108s
You played : S 3 3 M 3 6
S 3 3 True
M 3 6 True
Player 1 played : S 1 4 M 3 14
S 1 4 True
M 3 14 True
Time remaining is: 107s
You played : S 3 11 M 2 10
S 3 11 True
M 2 10 True
Player 1 played : S 2 0 M 3 17
S 2 0 True
M 3 17 True
Time remaining is: 107s
You played : S 1 5 M 3 2
S 1 5 True
M 3 2 True
Player 1 played : S 3 14 M 4 9
S 3 14 True
M 4 9 True
Time remaining is: 106s
You played : S 2 2 M 4 6
S 2 2 True
M 4 6 True
Player 1 played : S 3 17 M 4 13
S 3 17 True
M 4 13 True
Time remaining is: 105s
You played : S 1 1 M 2 8
S 1 1 True
M 2 8 True
Player 1 played : S 4 13 M 2 11
S 4 13 True
M 2 11 True
Time remaining is: 104s
You played : S 3 6 M 5 8 RS 1 0 RE 4 7 X 2 8
S 3 6 True
M 5 8 True
RS 1 0 True
RE 4 7 True
X 2 8 True
Player 1 played : S 2 11 M 1 1
S 2 11 True
M 1 1 True
Time remaining is: 102s
You played : S 4 6 M 4 4
S 4 6 True
M 4 4 True
Player 1 played : S 4 8 M 4 5
S 4 8 True
M 4 5 True
Time remaining is: 102s
You played : S 2 10 M 2 8
S 2 10 True
M 2 8 True
Player 1 played : S 1 2 M 3 8
S 1 2 True
M 3 8 True
Time remaining is: 101s
You played : S 3 2 M 3 1
S 3 2 True
M 3 1 True
Player 1 played : S 4 9 M 3 5
S 4 9 True
M 3 5 True
Time remaining is: 100s
You played : S 2 8 M 3 16
S 2 8 True
M 3 16 True
Player 1 played : S 3 5 M 5 3 RS 4 9 RE 3 3 X 5 4
S 3 5 True
M 5 3 True
RS 4 9 True
RE 3 3 True
X 5 4 True
Time remaining is: 100s
You played : S 3 1 M 4 18 RS 3 14 RE 3 1 X 4 18
S 3 1 True
M 4 18 True
RS 3 14 True
RE 3 1 True
X 4 18 True
Player 1 played : S 4 5 M 4 15 RS 2 9 RE 3 7 X 3 8
S 4 5 True
M 4 15 True
RS 2 9 True
RE 3 7 True
X 3 8 True
Time remaining is: 99s
You played : S 4 4 M 4 7
S 4 4 True
M 4 7 True
Player 1 played : S 1 1 M 3 3
S 1 1 True
M 3 3 True
Time remaining is: 98s
You played : S 4 7 M 5 11 RS 4 8 RE 4 4 X 5 11
S 4 7 True
M 5 11 True
RS 4 8 True
RE 4 4 True
X 5 11 True
YOU WIN!
Your Score : 8.007
Opponent's Score : 2.01
