P 2 3
P 2 1
P 1 1
P 1 0
P 2 11
S 1 0 M 0 0
S 1 1 M 2 2
S 2 11 M 3 1
S 2 2 M 3 2
S 3 1 M 4 1
S 3 2 M 3 3
S 3 3 M 4 5
S 4 5 M 5 7
S 5 7 M 5 6 RS 3 1 RE 5 7 X 5 6
S 2 1 M 4 17
S 4 17 M 3 10
S 2 3 M 3 16
S 3 16 M 4 21
S 4 1 M 5 6
S 5 6 M 3 11
S 3 11 M 4 15
S 4 15 M 5 18 RS 4 15 RE 1 2 X 5 18
S 3 10 M 2 7
***********************************

-> You are player 1
-> You are alloted a time of 120s

***********************************

Time remaining is: 120s
You played : P 5 1
P 5 1 True
Player 2 played : P 2 3
P 2 3 True
Time remaining is: 120s
You played : P 2 0
P 2 0 True
Player 2 played : P 2 1
P 2 1 True
Time remaining is: 120s
You played : P 1 4
P 1 4 True
Player 2 played : P 1 1
P 1 1 True
Time remaining is: 120s
You played : P 1 3
P 1 3 True
Player 2 played : P 1 0
P 1 0 True
Time remaining is: 120s
You played : P 1 5
P 1 5 True
Player 2 played : P 2 11
P 2 11 True
Time remaining is: 120s
You played : S 1 3 M 1 2
S 1 3 True
M 1 2 True
Player 2 played : S 1 0 M 0 0
S 1 0 True
M 0 0 True
Time remaining is: 120s
You played : S 1 5 M 2 10
S 1 5 True
M 2 10 True
Player 2 played : S 1 1 M 2 2
S 1 1 True
M 2 2 True
Time remaining is: 120s
You played : S 2 0 M 3 17
S 2 0 True
M 3 17 True
Player 2 played : S 2 11 M 3 1
S 2 11 True
M 3 1 True
Time remaining is: 120s
You played : S 3 17 M 3 0
S 3 17 True
M 3 0 True
Player 2 played : S 2 2 M 3 2
S 2 2 True
M 3 2 True
Time remaining is: 120s
You played : S 2 10 M 2 9
S 2 10 True
M 2 9 True
Player 2 played : S 3 1 M 4 1
S 3 1 True
M 4 1 True
Time remaining is: 120s
You played : S 5 1 M 4 0
S 5 1 True
M 4 0 True
Player 2 played : S 3 2 M 3 3
S 3 2 True
M 3 3 True
Time remaining is: 120s
You played : S 4 0 M 5 29
S 4 0 True
M 5 29 True
Player 2 played : S 3 3 M 4 5
S 3 3 True
M 4 5 True
Time remaining is: 120s
You played : S 2 9 M 3 13
S 2 9 True
M 3 13 True
Player 2 played : S 4 5 M 5 7
S 4 5 True
M 5 7 True
Time remaining is: 120s
You played : S 1 2 M 2 4
S 1 2 True
M 2 4 True
Player 2 played : S 5 7 M 5 6 RS 3 1 RE 5 7 X 5 6
S 5 7 True
M 5 6 True
RS 3 1 True
RE 5 7 True
X 5 6 True
Time remaining is: 120s
You played : S 3 13 M 2 7
S 3 13 True
M 2 7 True
Player 2 played : S 2 1 M 4 17
S 2 1 True
M 4 17 True
Time remaining is: 120s
You played : S 2 7 M 4 18
S 2 7 True
M 4 18 True
Player 2 played : S 4 17 M 3 10
S 4 17 True
M 3 10 True
Time remaining is: 120s
You played : S 3 0 M 3 1
S 3 0 True
M 3 1 True
Player 2 played : S 2 3 M 3 16
S 2 3 True
M 3 16 True
Time remaining is: 120s
You played : S 5 29 M 5 26
S 5 29 True
M 5 26 True
Player 2 played : S 3 16 M 4 21
S 3 16 True
M 4 21 True
Time remaining is: 120s
You played : S 1 4 M 3 12
S 1 4 True
M 3 12 True
Player 2 played : S 4 1 M 5 6
S 4 1 True
M 5 6 True
Time remaining is: 120s
You played : S 3 1 M 4 2
S 3 1 True
M 4 2 True
Player 2 played : S 5 6 M 3 11
S 5 6 True
M 3 11 True
Time remaining is: 120s
You played : S 5 26 M 4 20
S 5 26 True
M 4 20 True
Player 2 played : S 3 11 M 4 15
S 3 11 True
M 4 15 True
Time remaining is: 120s
You played : S 4 18 M 4 16
S 4 18 True
M 4 16 True
Player 2 played : S 4 15 M 5 18 RS 4 15 RE 1 2 X 5 18
S 4 15 True
M 5 18 True
RS 4 15 True
RE 1 2 True
X 5 18 True
Time remaining is: 120s
You played : S 2 4 M 2 6
S 2 4 True
M 2 6 True
Player 2 played : S 3 10 M 2 7
S 3 10 True
M 2 7 True
Time remaining is: 120s
You played : S 2 6 M 1 3
S 2 6 True
M 1 3 True
Player 2 played : S 2 7 M 5 23 RS 3 13 RE 2 1 X 5 23
S 2 7 True
M 5 23 True
RS 3 13 True
RE 2 1 True
X 5 23 True
OTHER PLAYER WINS!
Your Score : 0.015
Opponent's Score : 10.008
