In make opp move
Out make opp move
In make opp move
Out make opp move
In make opp move
Out make opp move
In make opp move
Out make opp move
In make opp move
Out make opp move
For move 
2 4 2 6
VVV
1 2 3 6
VVV
2 6 3 5
VVV
_____In make opp move
Out make opp move
For move 
4 11 4 10
VVV
2 5 3 7
VVV
4 10 4 9
VVV
_____In make opp move
Out make opp move
For move 
2 6 2 7
VVV
2 5 3 10
VVV
2 7 3 8
VVV
_____In make opp move
Out make opp move
For move 
4 10 3 7
VVV
2 5 3 5
VVV
3 7 2 3
VVV
_____In make opp move
Out make opp move
For move 
3 14 4 18
VVV
1 2 3 6
VVV
2 7 2 3
VVV
_____In make opp move
Out make opp move
For move 
2 7 2 8
VVV
1 2 3 6
VVV
2 8 3 16
VVV
_____In make opp move
Out make opp move
For move 
3 15 3 17
VVV
1 2 3 6
VVV
2 8 3 16
VVV
_____In make opp move
Out make opp move
For move 
3 17 2 1
VVV
2 11 4 23
VVV
1 1 3 16
VVV
_____In make opp move
Out make opp move
For move 
1 1 2 3
VVV
1 5 3 13
VVV
3 7 2 4
VVV
_____In make opp move
Segmentation fault (core dumped)
***********************************

-> You are player 1
-> You are alloted a time of 120s

***********************************

Time remaining is: 120s
You played : P 4 11
P 4 11 True
Player 2 played : P 0 0
P 0 0 True
Time remaining is: 120s
You played : P 2 4
P 2 4 True
Player 2 played : P 1 0
P 1 0 True
Time remaining is: 120s
You played : P 1 1
P 1 1 True
Player 2 played : P 1 2
P 1 2 True
Time remaining is: 120s
You played : P 3 14
P 3 14 True
Player 2 played : P 1 3
P 1 3 True
Time remaining is: 120s
You played : P 3 15
P 3 15 True
Player 2 played : P 1 4
P 1 4 True
Time remaining is: 120s
You played : S 2 4 M 2 6
S 2 4 True
M 2 6 True
Player 2 played : S 1 3 M 2 5
S 1 3 True
M 2 5 True
Time remaining is: 120s
You played : S 4 11 M 4 10
S 4 11 True
M 4 10 True
Player 2 played : S 1 4 M 2 9
S 1 4 True
M 2 9 True
Time remaining is: 119s
You played : S 2 6 M 2 7
S 2 6 True
M 2 7 True
Player 2 played : S 1 0 M 1 5
S 1 0 True
M 1 5 True
Time remaining is: 118s
You played : S 4 10 M 3 7
S 4 10 True
M 3 7 True
Player 2 played : S 2 9 M 2 10
S 2 9 True
M 2 10 True
Time remaining is: 118s
You played : S 3 14 M 4 18
S 3 14 True
M 4 18 True
Player 2 played : S 2 10 M 2 0
S 2 10 True
M 2 0 True
Time remaining is: 117s
You played : S 2 7 M 2 8
S 2 7 True
M 2 8 True
Player 2 played : S 2 0 M 2 11
S 2 0 True
M 2 11 True
Time remaining is: 117s
You played : S 3 15 M 3 17
S 3 15 True
M 3 17 True
Player 2 played : S 1 2 M 3 6
S 1 2 True
M 3 6 True
Time remaining is: 116s
You played : S 3 17 M 2 1
S 3 17 True
M 2 1 True
Player 2 played : S 0 0 M 3 0
S 0 0 True
M 3 0 True
Time remaining is: 116s
You played : S 1 1 M 2 3
S 1 1 True
M 2 3 True
Player 2 played : S 1 5 M 3 10 RS 2 4 RE 2 10 X 3 6
S 1 5 True
M 3 10 True
RS 2 4 True
RE 2 10 True
X 3 6 True
Time remaining is: 116s
ERROR : THIS CLIENT RAN OUT OF TIME!
