***********************************

-> You are player 1
-> You are alloted a time of 120s

***********************************

Time remaining is: 120s
You played : P 2 7
P 2 7 True
Player 2 played : P 0 0
P 0 0 True
Time remaining is: 120s
You played : P 1 1
P 1 1 True
Player 2 played : P 1 0
P 1 0 True
Time remaining is: 120s
You played : P 1 4
P 1 4 True
Player 2 played : P 1 2
P 1 2 True
Time remaining is: 120s
You played : P 2 1
P 2 1 True
Player 2 played : P 1 3
P 1 3 True
Time remaining is: 120s
You played : P 2 11
P 2 11 True
Player 2 played : P 1 5
P 1 5 True
Time remaining is: 120s
You played : S 2 7 M 3 10
S 2 7 True
M 3 10 True
Player 2 played : S 1 3 M 3 11
S 1 3 True
M 3 11 True
Time remaining is: 120s
You played : S 1 4 M 2 5
S 1 4 True
M 2 5 True
Player 2 played : S 0 0 M 2 8
S 0 0 True
M 2 8 True
Time remaining is: 120s
You played : S 1 1 M 2 3
S 1 1 True
M 2 3 True
Player 2 played : S 2 8 M 3 13
S 2 8 True
M 3 13 True
Time remaining is: 120s
You played : S 2 1 M 3 1
S 2 1 True
M 3 1 True
Player 2 played : S 3 13 M 4 18
S 3 13 True
M 4 18 True
Time remaining is: 120s
You played : S 2 11 M 3 17
S 2 11 True
M 3 17 True
Player 2 played : S 4 18 M 5 23
S 4 18 True
M 5 23 True
Time remaining is: 120s
You played : S 3 10 M 4 13
S 3 10 True
M 4 13 True
Player 2 played : S 5 23 M 5 21 RS 2 7 RE 5 23 X 3 11
S 5 23 True
M 5 21 True
RS 2 7 True
RE 5 23 True
X 3 11 True
Time remaining is: 120s
You played : S 2 5 M 3 8
S 2 5 True
M 3 8 True
Player 2 played : S 1 2 M 2 7
S 1 2 True
M 2 7 True
Time remaining is: 120s
You played : S 2 3 M 2 4
S 2 3 True
M 2 4 True
Player 2 played : S 2 7 M 3 11
S 2 7 True
M 3 11 True
Time remaining is: 120s
You played : S 3 8 M 2 8
S 3 8 True
M 2 8 True
Player 2 played : S 3 11 M 3 9
S 3 11 True
M 3 9 True
Time remaining is: 120s
You played : S 2 8 M 4 14
S 2 8 True
M 4 14 True
Player 2 played : S 3 9 M 2 6
S 3 9 True
M 2 6 True
Time remaining is: 120s
You played : S 3 1 M 4 1
S 3 1 True
M 4 1 True
Player 2 played : S 2 6 M 3 13
S 2 6 True
M 3 13 True
Time remaining is: 120s
You played : S 3 17 M 4 23
S 3 17 True
M 4 23 True
Player 2 played : S 1 0 M 3 16 RS 3 9 RE 1 0 X 5 21
S 1 0 True
M 3 16 True
RS 3 9 True
RE 1 0 True
X 5 21 True
Time remaining is: 120s
You played : S 2 4 M 0 0 RS 2 5 RE 3 1 X 4 14
S 2 4 True
M 0 0 True
RS 2 5 True
RE 3 1 True
X 4 14 True
Player 2 played : S 3 13 M 2 9
S 3 13 True
M 2 9 True
Time remaining is: 120s
You played : S 0 0 M 3 12
S 0 0 True
M 3 12 True
Player 2 played : S 1 5 M 1 0
S 1 5 True
M 1 0 True
Time remaining is: 120s
You played : S 3 12 M 3 14
S 3 12 True
M 3 14 True
Player 2 played : S 2 9 M 1 3 RS 3 10 RE 2 11 X 1 3
S 2 9 True
M 1 3 True
RS 3 10 True
RE 2 11 True
X 1 3 True
OTHER PLAYER WINS!
Your Score : 1.009
Opponent's Score : 9.001
