5
2 6
3 9
1 4
2 1
0.000143
4 10
0.000259
1 5
1 3
1 3
3 3
4 21
0.00041
4 9
1 1
4 5
2 9
0.000597
1 3
3 1
3 9
0.00173
1.49005
2.99732
4.37694
5.61833
6.53241
7.81505
9.37317
10.7417
11.6166
12.8205
15.1112
17.3955
18.8916
20.2898
21.5068
23.5399
24.9122
26.3563
27.1279
27.8072
28.5122
29.3457
29.7886
30.2323
30.6141
31.1239
31.7814
32.26
***********************************

-> You are player 1
-> You are alloted a time of 120s

***********************************

Time remaining is: 120s
You played : P 2 6
P 2 6 True
Player 2 played : P 0 0
P 0 0 True
Time remaining is: 119s
You played : P 4 10
P 4 10 True
Player 2 played : P 1 3
P 1 3 True
Time remaining is: 119s
You played : P 1 5
P 1 5 True
Player 2 played : P 1 1
P 1 1 True
Time remaining is: 119s
You played : P 4 9
P 4 9 True
Player 2 played : P 1 2
P 1 2 True
Time remaining is: 119s
You played : P 3 1
P 3 1 True
Player 2 played : P 2 10
P 2 10 True
Time remaining is: 119s
You played : S 4 9 M 3 6
S 4 9 True
M 3 6 True
Player 2 played : S 2 10 M 2 11
S 2 10 True
M 2 11 True
Time remaining is: 117s
You played : S 3 6 M 3 5
S 3 6 True
M 3 5 True
Player 2 played : S 2 11 M 2 0
S 2 11 True
M 2 0 True
Time remaining is: 116s
You played : S 3 5 M 3 4
S 3 5 True
M 3 4 True
Player 2 played : S 1 1 M 3 3
S 1 1 True
M 3 3 True
Time remaining is: 114s
You played : S 3 4 M 5 12
S 3 4 True
M 5 12 True
Player 2 played : S 1 3 M 5 11
S 1 3 True
M 5 11 True
Time remaining is: 113s
You played : S 5 12 M 5 13
S 5 12 True
M 5 13 True
Player 2 played : S 5 11 M 4 6
S 5 11 True
M 4 6 True
Time remaining is: 112s
You played : S 5 13 M 5 14
S 5 13 True
M 5 14 True
Player 2 played : S 1 2 M 4 8
S 1 2 True
M 4 8 True
Time remaining is: 111s
You played : S 1 5 M 4 13
S 1 5 True
M 4 13 True
Player 2 played : S 4 8 M 5 9
S 4 8 True
M 5 9 True
Time remaining is: 109s
You played : S 4 13 M 4 7
S 4 13 True
M 4 7 True
Player 2 played : S 0 0 M 1 0
S 0 0 True
M 1 0 True
Time remaining is: 108s
You played : S 4 7 M 5 8
S 4 7 True
M 5 8 True
Player 2 played : S 3 3 M 1 4
S 3 3 True
M 1 4 True
Time remaining is: 107s
You played : S 5 14 M 4 14
S 5 14 True
M 4 14 True
Player 2 played : S 2 0 M 3 14
S 2 0 True
M 3 14 True
Time remaining is: 106s
You played : S 4 14 M 3 16
S 4 14 True
M 3 16 True
Player 2 played : S 3 14 M 5 22
S 3 14 True
M 5 22 True
Time remaining is: 103s
You played : S 2 6 M 5 18
S 2 6 True
M 5 18 True
Player 2 played : S 1 4 M 2 8
S 1 4 True
M 2 8 True
Time remaining is: 101s
You played : S 3 16 M 3 17
S 3 16 True
M 3 17 True
Player 2 played : S 2 8 M 3 13
S 2 8 True
M 3 13 True
Time remaining is: 100s
You played : S 3 17 M 3 0
S 3 17 True
M 3 0 True
Player 2 played : S 4 6 M 5 7
S 4 6 True
M 5 7 True
Time remaining is: 98s
You played : S 5 8 M 3 7
S 5 8 True
M 3 7 True
Player 2 played : S 5 22 M 5 24
S 5 22 True
M 5 24 True
Time remaining is: 97s
You played : S 3 7 M 3 8
S 3 7 True
M 3 8 True
Player 2 played : S 5 24 M 4 23
S 5 24 True
M 4 23 True
Time remaining is: 95s
You played : S 3 8 M 3 9
S 3 8 True
M 3 9 True
Player 2 played : S 4 23 M 5 28
S 4 23 True
M 5 28 True
Time remaining is: 94s
You played : S 3 9 M 5 17 RS 4 13 RE 3 6 X 5 17
S 3 9 True
M 5 17 True
RS 4 13 True
RE 3 6 True
X 5 17 True
Player 2 played : S 5 28 M 5 29
S 5 28 True
M 5 29 True
Time remaining is: 92s
You played : S 3 1 M 4 2
S 3 1 True
M 4 2 True
Player 2 played : S 5 29 M 4 1
S 5 29 True
M 4 1 True
Time remaining is: 91s
You played : S 4 2 M 5 3
S 4 2 True
M 5 3 True
Player 2 played : S 3 13 M 4 18
S 3 13 True
M 4 18 True
Time remaining is: 91s
You played : S 5 3 M 4 3
S 5 3 True
M 4 3 True
Player 2 played : S 4 1 M 5 1
S 4 1 True
M 5 1 True
Time remaining is: 90s
You played : S 4 3 M 5 4
S 4 3 True
M 5 4 True
Player 2 played : S 5 1 M 5 2
S 5 1 True
M 5 2 True
Time remaining is: 89s
You played : S 5 4 M 3 2
S 5 4 True
M 3 2 True
Player 2 played : S 5 9 M 2 3
S 5 9 True
M 2 3 True
Time remaining is: 88s
You played : S 3 2 M 2 1
S 3 2 True
M 2 1 True
Player 2 played : S 5 2 M 2 2
S 5 2 True
M 2 2 True
Time remaining is: 88s
You played : S 2 1 M 2 5
S 2 1 True
M 2 5 True
Player 2 played : S 5 7 M 2 4
S 5 7 True
M 2 4 True
Time remaining is: 88s
You played : S 2 5 M 3 10
S 2 5 True
M 3 10 True
Player 2 played : S 4 18 M 2 7
S 4 18 True
M 2 7 True
Time remaining is: 87s
You played : S 5 18 M 3 15
S 5 18 True
M 3 15 True
Player 2 played : S 2 4 M 3 6
S 2 4 True
M 3 6 True
Time remaining is: 86s
You played : S 3 10 M 4 13
S 3 10 True
M 4 13 Tr32.7381
34.3386
36.2315
37.7728
38.784
40.152
41.5307
42.3818
42.719
43.4509
44.1252
44.6059
44.7377
ue
Player 2 played : S 3 6 M 3 9
S 3 6 True
M 3 9 True
Time remaining is: 86s
You played : S 4 13 M 5 17
S 4 13 True
M 5 17 True
Player 2 played : S 2 3 M 4 5 RS 3 6 RE 4 3 X 3 9
S 2 3 True
M 4 5 True
RS 3 6 True
RE 4 3 True
X 3 9 True
Time remaining is: 85s
You played : S 3 15 M 3 6
S 3 15 True
M 3 6 True
Player 2 played : S 1 0 M 2 9 RS 2 6 RE 2 0 X 4 5
S 1 0 True
M 2 9 True
RS 2 6 True
RE 2 0 True
X 4 5 True
Time remaining is: 84s
You played : S 3 0 M 2 0
S 3 0 True
M 2 0 True
Player 2 played : S 2 9 M 4 22
S 2 9 True
M 4 22 True
Time remaining is: 82s
You played : S 3 6 M 0 0
S 3 6 True
M 0 0 True
Player 2 played : S 2 7 M 3 8
S 2 7 True
M 3 8 True
Time remaining is: 80s
You played : S 0 0 M 4 20
S 0 0 True
M 4 20 True
Player 2 played : S 4 22 M 3 11
S 4 22 True
M 3 11 True
Time remaining is: 79s
You played : S 2 0 M 4 0
S 2 0 True
M 4 0 True
Player 2 played : S 3 8 M 5 23
S 3 8 True
M 5 23 True
Time remaining is: 78s
You played : S 4 0 M 4 3 RS 2 11 RE 5 3 X 4 20
S 4 0 True
M 4 3 True
RS 2 11 True
RE 5 3 True
X 4 20 True
Player 2 played : S 5 23 M 5 21
S 5 23 True
M 5 21 True
Time remaining is: 76s
You played : S 4 10 M 3 7
S 4 10 True
M 3 7 True
Player 2 played : S 3 11 M 3 9
S 3 11 True
M 3 9 True
Time remaining is: 76s
You played : S 3 7 M 1 3
S 3 7 True
M 1 3 True
Player 2 played : S 3 9 M 3 12
S 3 9 True
M 3 12 True
Time remaining is: 75s
You played : S 1 3 M 2 6
S 1 3 True
M 2 6 True
Player 2 played : S 3 12 M 4 21
S 3 12 True
M 4 21 True
Time remaining is: 74s
You played : S 4 3 M 3 4
S 4 3 True
M 3 4 True
Player 2 played : S 2 2 M 4 2
S 2 2 True
M 4 2 True
Time remaining is: 74s
You played : S 2 6 M 1 0
S 2 6 True
M 1 0 True
Player 2 played : S 4 2 M 4 4
S 4 2 True
M 4 4 True
Time remaining is: 73s
You played : S 1 0 M 4 17 RS 4 18 RE 2 6 X 4 17
S 1 0 True
M 4 17 True
RS 4 18 True
RE 2 6 True
X 4 17 True
YOU WIN!
Your Score : 8.026
Opponent's Score : 2.03
