***********************************

-> You are player 2
-> You are alloted a time of 120s

***********************************

Player 1 played : P 0 0
P 0 0 True
Time remaining is: 120s
You played : P 2 11
P 2 11 True
Player 1 played : P 1 0
P 1 0 True
Time remaining is: 120s
You played : P 2 5
P 2 5 True
Player 1 played : P 1 1
P 1 1 True
Time remaining is: 120s
You played : P 1 4
P 1 4 True
Player 1 played : P 1 2
P 1 2 True
Time remaining is: 120s
You played : P 4 3
P 4 3 True
Player 1 played : P 1 3
P 1 3 True
Time remaining is: 120s
You played : P 3 3
P 3 3 True
Player 1 played : S 1 2 M 4 8
S 1 2 True
M 4 8 True
Time remaining is: 120s
You played : S 1 4 M 2 7
S 1 4 True
M 2 7 True
Player 1 played : S 1 0 M 1 5
S 1 0 True
M 1 5 True
Time remaining is: 120s
You played : S 2 11 M 3 17
S 2 11 True
M 3 17 True
Player 1 played : S 0 0 M 2 8
S 0 0 True
M 2 8 True
Time remaining is: 120s
You played : S 3 17 M 4 23
S 3 17 True
M 4 23 True
Player 1 played : S 2 8 M 3 13
S 2 8 True
M 3 13 True
Time remaining is: 120s
You played : S 4 23 M 5 29
S 4 23 True
M 5 29 True
Player 1 played : S 1 5 M 2 10
S 1 5 True
M 2 10 True
Time remaining is: 120s
You played : S 5 29 M 4 0
S 5 29 True
M 4 0 True
Player 1 played : S 2 10 M 2 0
S 2 10 True
M 2 0 True
Time remaining is: 120s
You played : S 2 5 M 2 4
S 2 5 True
M 2 4 True
Player 1 played : S 3 13 M 3 15
S 3 13 True
M 3 15 True
Time remaining is: 120s
You played : S 4 3 M 2 9
S 4 3 True
M 2 9 True
Player 1 played : S 3 15 M 3 12
S 3 15 True
M 3 12 True
Time remaining is: 120s
You played : S 2 4 M 4 20
S 2 4 True
M 4 20 True
Player 1 played : S 1 1 M 2 1
S 1 1 True
M 2 1 True
Time remaining is: 120s
You played : S 4 20 M 4 16
S 4 20 True
M 4 16 True
Player 1 played : S 1 3 M 2 3
S 1 3 True
M 2 3 True
Time remaining is: 120s
You played : S 2 9 M 3 14
S 2 9 True
M 3 14 True
Player 1 played : S 2 0 M 2 6
S 2 0 True
M 2 6 True
Time remaining is: 119s
You played : S 2 7 M 4 18
S 2 7 True
M 4 18 True
Player 1 played : S 2 1 M 4 22
S 2 1 True
M 4 22 True
Time remaining is: 119s
You played : S 3 3 M 3 2
S 3 3 True
M 3 2 True
Player 1 played : S 4 22 M 3 11 RS 2 1 RE 3 13 X 4 8
S 4 22 True
M 3 11 True
RS 2 1 True
RE 3 13 True
X 4 8 True
Time remaining is: 119s
You played : S 3 14 M 3 7
S 3 14 True
M 3 7 True
Player 1 played : S 2 3 M 3 4
S 2 3 True
M 3 4 True
Time remaining is: 119s
You played : S 3 2 M 2 1
S 3 2 True
M 2 1 True
Player 1 played : S 3 11 M 2 9
S 3 11 True
M 2 9 True
Time remaining is: 119s
You played : S 2 1 M 3 8
S 2 1 True
M 3 8 True
Player 1 played : S 3 12 M 2 2
S 3 12 True
M 2 2 True
Time remaining is: 119s
You played : S 3 8 M 3 1
S 3 8 True
M 3 1 True
Player 1 played : S 2 6 M 3 13 RS 2 3 RE 3 11 X 2 2
S 2 6 True
M 3 13 True
RS 2 3 True
RE 3 11 True
X 2 2 True
Time remaining is: 119s
You played : S 3 1 M 3 0
S 3 1 True
M 3 0 True
Player 1 played : S 3 4 M 5 3
S 3 4 True
M 5 3 True
Time remaining is: 119s
You played : S 4 18 M 4 2
S 4 18 True
M 4 2 True
Player 1 played : S 2 9 M 3 16
S 2 9 True
M 3 16 True
Time remaining is: 119s
You played : S 4 16 M 2 2
S 4 16 True
M 2 2 True
Player 1 played : S 3 16 M 1 0 RS 2 8 RE 4 22 X 3 13
S 3 16 True
M 1 0 True
RS 2 8 True
RE 4 22 True
X 3 13 True
OTHER PLAYER WINS!
Your Score : 0.011
Opponent's Score : 10.013
