***********************************

-> You are player 2
-> You are alloted a time of 120s

***********************************

Player 1 played : P 0 0
P 0 0 True
Time remaining is: 120s
You played : P 2 5
P 2 5 True
Player 1 played : P 1 2
P 1 2 True
Time remaining is: 120s
You played : P 3 7
P 3 7 True
Player 1 played : P 2 6
P 2 6 True
Time remaining is: 120s
You played : P 1 4
P 1 4 True
Player 1 played : P 4 3
P 4 3 True
Time remaining is: 120s
You played : P 3 3
P 3 3 True
Player 1 played : P 4 5
P 4 5 True
Time remaining is: 120s
You played : P 4 6
P 4 6 True
Player 1 played : S 0 0 M 1 3
S 0 0 True
M 1 3 True
Time remaining is: 120s
You played : S 3 3 M 3 0
S 3 3 True
M 3 0 True
Player 1 played : S 2 6 M 3 9
S 2 6 True
M 3 9 True
Time remaining is: 118s
You played : S 2 5 M 3 10
S 2 5 True
M 3 10 True
Player 1 played : S 1 2 M 2 4
S 1 2 True
M 2 4 True
Time remaining is: 114s
You played : S 3 10 M 2 7
S 3 10 True
M 2 7 True
Player 1 played : S 3 9 M 3 11
S 3 9 True
M 3 11 True
Time remaining is: 106s
You played : S 3 7 M 4 13
S 3 7 True
M 4 13 True
Player 1 played : S 1 3 M 4 12
S 1 3 True
M 4 12 True
Time remaining is: 93s
You played : S 4 13 M 3 8
S 4 13 True
M 3 8 True
Player 1 played : S 3 11 M 4 11
S 3 11 True
M 4 11 True
Time remaining is: 87s
You played : S 1 4 M 4 9
S 1 4 True
M 4 9 True
Player 1 played : S 4 12 M 4 14
S 4 12 True
M 4 14 True
Time remaining is: 83s
You played : S 4 6 M 2 1
S 4 6 True
M 2 1 True
Player 1 played : S 4 3 M 3 4
S 4 3 True
M 3 4 True
Time remaining is: 68s
You played : S 3 8 M 1 1
S 3 8 True
M 1 1 True
Player 1 played : S 3 4 M 2 3
S 3 4 True
M 2 3 True
Time remaining is: 63s
You played : S 1 1 M 2 2
S 1 1 True
M 2 2 True
Player 1 played : S 4 5 M 4 7
S 4 5 True
M 4 7 True
Time remaining is: 56s
You played : S 2 1 M 2 9 RS 3 8 RE 2 1 X 2 2
S 2 1 True
M 2 9 True
RS 3 8 True
RE 2 1 True
X 2 2 True
Player 1 played : S 4 14 M 2 5
S 4 14 True
M 2 5 True
Time remaining is: 46s
You played : S 2 7 M 4 15
S 2 7 True
M 4 15 True
Player 1 played : S 2 3 M 1 2
S 2 3 True
M 1 2 True
Time remaining is: 38s
You played : S 4 15 M 5 19
S 4 15 True
M 5 19 True
Player 1 played : S 4 11 M 3 12
S 4 11 True
M 3 12 True
Time remaining is: 33s
You played : S 3 0 M 5 7
S 3 0 True
M 5 7 True
Player 1 played : S 2 5 M 5 18
S 2 5 True
M 5 18 True
Time remaining is: 28s
You played : S 2 9 M 3 2
S 2 9 True
M 3 2 True
Player 1 played : S 5 18 M 5 17
S 5 18 True
M 5 17 True
Time remaining is: 22s
You played : S 5 19 M 4 16
S 5 19 True
M 4 16 True
Player 1 played : S 5 17 M 2 8 RS 5 18 RE 2 5 X 3 12
S 5 17 True
M 2 8 True
RS 5 18 True
RE 2 5 True
X 3 12 True
Time remaining is: 5s
You played : RS 5 19 RE 1 3 X 5 7 S 3 2 M 3 1
RS 5 19 True
RE 1 3 True
X 5 7 True
S 3 2 True
M 3 1 True
Player 1 played : S 1 2 M 1 3
S 1 2 True
M 1 3 True
Time remaining is: 2s
You played : S 3 1 M 2 5 RS 3 0 RE 4 5 X 2 5
S 3 1 True
M 2 5 True
RS 3 0 True
RE 4 5 True
X 2 5 True
YOU WIN!
Your Score : 9.004
Opponent's Score : 1.01
