{"action": "NORMAL", "meta": "", "data": "P 0 0"} Received from client 0
{"action": "NORMAL", "meta": "", "data": "P 2 5"} Received from client 1
{"action": "NORMAL", "meta": "", "data": "P 1 2"} Received from client 0
{"action": "NORMAL", "meta": "", "data": "P 3 7"} Received from client 1
{"action": "NORMAL", "meta": "", "data": "P 2 6"} Received from client 0
{"action": "NORMAL", "meta": "", "data": "P 1 4"} Received from client 1
{"action": "NORMAL", "meta": "", "data": "P 4 3"} Received from client 0
{"action": "NORMAL", "meta": "", "data": "P 3 3"} Received from client 1
{"action": "NORMAL", "meta": "", "data": "P 4 5"} Received from client 0
{"action": "NORMAL", "meta": "", "data": "P 4 6"} Received from client 1
{"action": "NORMAL", "meta": "", "data": "S 0 0 M 1 3"} Received from client 0
{"action": "NORMAL", "meta": "", "data": "S 3 3 M 3 0"} Received from client 1
{"action": "NORMAL", "meta": "", "data": "S 2 6 M 3 9"} Received from client 0
{"action": "NORMAL", "meta": "", "data": "S 2 5 M 3 10"} Received from client 1
{"action": "NORMAL", "meta": "", "data": "S 1 2 M 2 4"} Received from client 0
{"action": "NORMAL", "meta": "", "data": "S 3 10 M 2 7"} Received from client 1
{"action": "NORMAL", "meta": "", "data": "S 3 9 M 3 11"} Received from client 0
{"action": "NORMAL", "meta": "", "data": "S 3 7 M 4 13"} Received from client 1
{"action": "NORMAL", "meta": "", "data": "S 1 3 M 4 12"} Received from client 0
{"action": "NORMAL", "meta": "", "data": "S 4 13 M 3 8"} Received from client 1
{"action": "NORMAL", "meta": "", "data": "S 3 11 M 4 11"} Received from client 0
{"action": "NORMAL", "meta": "", "data": "S 1 4 M 4 9"} Received from client 1
{"action": "NORMAL", "meta": "", "data": "S 4 12 M 4 14"} Received from client 0
{"action": "NORMAL", "meta": "", "data": "S 4 6 M 2 1"} Received from client 1
{"action": "NORMAL", "meta": "", "data": "S 4 3 M 3 4"} Received from client 0
{"action": "NORMAL", "meta": "", "data": "S 3 8 M 1 1"} Received from client 1
{"action": "NORMAL", "meta": "", "data": "S 3 4 M 2 3"} Received from client 0
{"action": "NORMAL", "meta": "", "data": "S 1 1 M 2 2"} Received from client 1
{"action": "NORMAL", "meta": "", "data": "S 4 5 M 4 7"} Received from client 0
{"action": "NORMAL", "meta": "", "data": "S 2 1 M 2 9 RS 3 8 RE 2 1 X 2 2"} Received from client 1
{"action": "NORMAL", "meta": "", "data": "S 4 14 M 2 5"} Received from client 0
{"action": "NORMAL", "meta": "", "data": "S 2 7 M 4 15"} Received from client 1
{"action": "NORMAL", "meta": "", "data": "S 2 3 M 1 2"} Received from client 0
{"action": "NORMAL", "meta": "", "data": "S 4 15 M 5 19"} Received from client 1
{"action": "NORMAL", "meta": "", "data": "S 4 11 M 3 12"} Received from client 0
{"action": "NORMAL", "meta": "", "data": "S 3 0 M 5 7"} Received from client 1
{"action": "NORMAL", "meta": "", "data": "S 2 5 M 5 18"} Received from client 0
{"action": "NORMAL", "meta": "", "data": "S 2 9 M 3 2"} Received from client 1
{"action": "NORMAL", "meta": "", "data": "S 5 18 M 5 17"} Received from client 0
{"action": "NORMAL", "meta": "", "data": "S 5 19 M 4 16"} Received from client 1
{"action": "NORMAL", "meta": "", "data": "S 5 17 M 2 8 RS 5 18 RE 2 5 X 3 12"} Received from client 0
{"action": "NORMAL", "meta": "", "data": "RS 5 19 RE 1 3 X 5 7 S 3 2 M 3 1"} Received from client 1
{"action": "NORMAL", "meta": "", "data": "S 1 2 M 1 3"} Received from client 0
{"action": "FINISH", "meta": "Player 2 SCORE : 9.004 : Player 1 SCORE : 1.01", "data": "S 3 1 M 2 5 RS 3 0 RE 4 5 X 2 5"} Received from client 1
