***********************************

-> You are player 2
-> You are alloted a time of 120s

***********************************

Player 1 played : P 1 1
P 1 1 True
Time remaining is: 120s
You played : P 0 0
P 0 0 True
Player 1 played : P 5 18
P 5 18 True
Time remaining is: 120s
You played : P 5 23
P 5 23 True
Player 1 played : P 2 7
P 2 7 True
Time remaining is: 120s
You played : P 3 17
P 3 17 True
Player 1 played : P 3 10
P 3 10 True
Time remaining is: 120s
You played : P 5 14
P 5 14 True
Player 1 played : P 1 2
P 1 2 True
Time remaining is: 120s
You played : P 4 13
P 4 13 True
Player 1 played : S 2 7 M 1 3
S 2 7 True
M 1 3 True
Time remaining is: 120s
You played : S 5 23 M 2 6
S 5 23 True
M 2 6 True
Player 1 played : S 1 2 M 2 5
S 1 2 True
M 2 5 True
Time remaining is: 120s
You played : S 0 0 M 2 4
S 0 0 True
M 2 4 True
Player 1 played : S 1 1 M 1 4
S 1 1 True
M 1 4 True
Time remaining is: 120s
You played : S 2 4 M 2 3
S 2 4 True
M 2 3 True
Player 1 played : S 1 4 M 2 8
S 1 4 True
M 2 8 True
Time remaining is: 120s
You played : S 2 3 M 1 0
S 2 3 True
M 1 0 True
Player 1 played : S 2 5 M 2 1
S 2 5 True
M 2 1 True
Time remaining is: 120s
You played : S 2 6 M 3 9
S 2 6 True
M 3 9 True
Player 1 played : S 2 8 M 3 12
S 2 8 True
M 3 12 True
Time remaining is: 120s
You played : S 1 0 M 3 5
S 1 0 True
M 3 5 True
Player 1 played : S 3 12 M 4 16
S 3 12 True
M 4 16 True
Time remaining is: 120s
You played : S 3 5 M 3 4
S 3 5 True
M 3 4 True
Player 1 played : S 4 16 M 4 18 RS 4 16 RE 0 0 X 5 18
S 4 16 True
M 4 18 True
RS 4 16 True
RE 0 0 True
X 5 18 True
Time remaining is: 120s
You played : S 3 4 M 3 3
S 3 4 True
M 3 3 True
Player 1 played : S 3 10 M 4 6
S 3 10 True
M 4 6 True
Time remaining is: 120s
You played : S 3 9 M 3 11
S 3 9 True
M 3 11 True
Player 1 played : S 1 3 M 3 7
S 1 3 True
M 3 7 True
Time remaining is: 120s
You played : S 3 11 M 4 5
S 3 11 True
M 4 5 True
Player 1 played : S 4 6 M 4 7 RS 2 6 RE 4 6 X 4 18
S 4 6 True
M 4 7 True
RS 2 6 True
RE 4 6 True
X 4 18 True
Time remaining is: 120s
You played : S 4 13 M 1 4 RS 3 11 RE 2 3 X 1 4
S 4 13 True
M 1 4 True
RS 3 11 True
RE 2 3 True
X 1 4 True
Player 1 played : S 4 7 M 2 3
S 4 7 True
M 2 3 True
Time remaining is: 120s
You played : S 3 3 M 3 5
S 3 3 True
M 3 5 True
Player 1 played : S 2 3 M 2 11
S 2 3 True
M 2 11 True
Time remaining is: 120s
You played : S 4 5 M 1 2
S 4 5 True
M 1 2 True
Player 1 played : S 3 7 M 2 2
S 3 7 True
M 2 2 True
Time remaining is: 120s
You played : S 1 2 M 5 6
S 1 2 True
M 5 6 True
Player 1 played : S 2 2 M 2 4
S 2 2 True
M 2 4 True
Time remaining is: 120s
You played : S 5 6 M 1 3
S 5 6 True
M 1 3 True
Player 1 played : S 2 4 M 3 2
S 2 4 True
M 3 2 True
Time remaining is: 120s
You played : S 3 5 M 2 5
S 3 5 True
M 2 5 True
Player 1 played : S 3 2 M 4 3
S 3 2 True
M 4 3 True
Time remaining is: 120s
You played : S 1 3 M 2 0
S 1 3 True
M 2 0 True
Player 1 played : S 4 3 M 3 6
S 4 3 True
M 3 6 True
Time remaining is: 120s
You played : S 2 5 M 4 6
S 2 5 True
M 4 6 True
Player 1 played : S 2 11 M 1 4
S 2 11 True
M 1 4 True
Time remaining is: 120s
You played : S 2 0 M 2 10
S 2 0 True
M 2 10 True
Player 1 played : S 1 4 M 4 4 RS 3 7 RE 3 2 X 4 4
S 1 4 True
M 4 4 True
RS 3 7 True
RE 3 2 True
X 4 4 True
OTHER PLAYER WINS!
Your Score : 1.014
Opponent's Score : 9.005
