### S 0 0 M 1 0  173.5 at depth 2 with time left 119.999
### S 4 6 M 4 5  159.5 at depth 2 with time left 117.717
### S 4 11 M 2 1  173 at depth 2 with time left 115.548
### S 4 13 M 5 14  195.5 at depth 2 with time left 113.603
### S 2 1 M 3 1  280 at depth 2 with time left 111.517
### S 4 5 M 4 7  369 at depth 2 with time left 110.028
### S 4 7 M 5 9  564.5 at depth 2 with time left 108.509
### S 3 1 M 4 1  364 at depth 2 with time left 107.362
### S 5 9 M 5 16  539.5 at depth 2 with time left 106.464
### S 5 14 M 4 14  379 at depth 2 with time left 105.7
### S 5 16 M 3 10  638.5 at depth 2 with time left 104.918
### S 3 10 M 1 5  646 at depth 2 with time left 104.007
### S 1 0 M 2 0  539.5 at depth 2 with time left 103.167
### S 4 1 M 5 1  559 at depth 2 with time left 102.557
### S 5 1 M 5 4  414 at depth 2 with time left 101.861
### S 5 4 M 5 11  340 at depth 2 with time left 100.754
### S 3 16 M 2 3 RS 5 1 RE 1 1 X 2 3  506 at depth 2 with time left 99.7915
### S 2 0 M 2 6  646 at depth 2 with time left 98.3533
### S 1 5 M 1 2  422 at depth 2 with time left 97.8346
### S 2 6 M 4 10  386 at depth 2 with time left 97.056
### S 4 14 M 2 5  118.5 at depth 2 with time left 96.2229
### S 2 5 M 3 7  -9090.5 at depth 2 with time left 95.3826
### S 3 7 M 3 6  -9495.5 at depth 2 with time left 94.4551
### S 4 10 M 2 4  -999900 at depth 2 with time left 93.9556
***********************************

-> You are player 1
-> You are alloted a time of 120s

***********************************

Time remaining is: 120s
You played : P 0 0
P 0 0 True
Player 2 played : P 4 12
P 4 12 True
Time remaining is: 120s
You played : P 4 13
P 4 13 True
Player 2 played : P 5 8
P 5 8 True
Time remaining is: 120s
You played : P 4 11
P 4 11 True
Player 2 played : P 1 1
P 1 1 True
Time remaining is: 120s
You played : P 4 6
P 4 6 True
Player 2 played : P 2 10
P 2 10 True
Time remaining is: 120s
You played : P 3 16
P 3 16 True
Player 2 played : P 5 18
P 5 18 True
Time remaining is: 120s
You played : S 0 0 M 1 0
S 0 0 True
M 1 0 True
Player 2 played : S 5 8 M 5 7
S 5 8 True
M 5 7 True
Time remaining is: 118s
You played : S 4 6 M 4 5
S 4 6 True
M 4 5 True
Player 2 played : S 1 1 M 1 4
S 1 1 True
M 1 4 True
Time remaining is: 116s
You played : S 4 11 M 2 1
S 4 11 True
M 2 1 True
Player 2 played : S 4 12 M 4 10
S 4 12 True
M 4 10 True
Time remaining is: 114s
You played : S 4 13 M 5 14
S 4 13 True
M 5 14 True
Player 2 played : S 4 10 M 3 8
S 4 10 True
M 3 8 True
Time remaining is: 112s
You played : S 2 1 M 3 1
S 2 1 True
M 3 1 True
Player 2 played : S 5 7 M 3 5
S 5 7 True
M 3 5 True
Time remaining is: 110s
You played : S 4 5 M 4 7
S 4 5 True
M 4 7 True
Player 2 played : S 1 4 M 1 3
S 1 4 True
M 1 3 True
Time remaining is: 109s
You played : S 4 7 M 5 9
S 4 7 True
M 5 9 True
Player 2 played : S 1 3 M 5 6
S 1 3 True
M 5 6 True
Time remaining is: 108s
You played : S 3 1 M 4 1
S 3 1 True
M 4 1 True
Player 2 played : S 5 6 M 4 4
S 5 6 True
M 4 4 True
Time remaining is: 107s
You played : S 5 9 M 5 16
S 5 9 True
M 5 16 True
Player 2 played : S 4 4 M 4 8
S 4 4 True
M 4 8 True
Time remaining is: 106s
You played : S 5 14 M 4 14
S 5 14 True
M 4 14 True
Player 2 played : S 3 5 M 2 3
S 3 5 True
M 2 3 True
Time remaining is: 105s
You played : S 5 16 M 3 10
S 5 16 True
M 3 10 True
Player 2 played : S 3 8 M 5 17
S 3 8 True
M 5 17 True
Time remaining is: 104s
You played : S 3 10 M 1 5
S 3 10 True
M 1 5 True
Player 2 played : S 2 3 M 2 2
S 2 3 True
M 2 2 True
Time remaining is: 103s
You played : S 1 0 M 2 0
S 1 0 True
M 2 0 True
Player 2 played : S 4 8 M 2 4
S 4 8 True
M 2 4 True
Time remaining is: 103s
You played : S 4 1 M 5 1
S 4 1 True
M 5 1 True
Player 2 played : S 2 2 M 2 8
S 2 2 True
M 2 8 True
Time remaining is: 102s
You played : S 5 1 M 5 4
S 5 1 True
M 5 4 True
Player 2 played : S 2 4 M 3 7
S 2 4 True
M 3 7 True
Time remaining is: 101s
You played : S 5 4 M 5 11
S 5 4 True
M 5 11 True
Player 2 played : S 3 7 M 5 13 RS 4 10 RE 2 2 X 2 10
S 3 7 True
M 5 13 True
RS 4 10 True
RE 2 2 True
X 2 10 True
Time remaining is: 100s
You played : S 3 16 M 2 3 RS 5 1 RE 1 1 X 2 3
S 3 16 True
M 2 3 True
RS 5 1 True
RE 1 1 True
X 2 3 True
Player 2 played : S 5 13 M 3 9
S 5 13 True
M 3 9 True
Time remaining is: 98s
You played : S 2 0 M 2 6
S 2 0 True
M 2 6 True
Player 2 played : S 3 9 M 3 11
S 3 9 True
M 3 11 True
Time remaining is: 98s
You played : S 1 5 M 1 2
S 1 5 True
M 1 2 True
Player 2 played : S 2 8 M 1 1
S 2 8 True
M 1 1 True
Time remaining is: 97s
You played : S 2 6 M 4 10
S 2 6 True
M 4 10 True
Player 2 played : S 1 1 M 2 11
S 1 1 True
M 2 11 True
Time remaining is: 96s
You played : S 4 14 M 2 5
S 4 14 True
M 2 5 True
Player 2 played : S 2 11 M 4 21
S 2 11 True
M 4 21 True
Time remaining is: 95s
You played : S 2 5 M 3 7
S 2 5 True
M 3 7 True
Player 2 played : S 5 18 M 2 4
S 5 18 True
M 2 4 True
Time remaining is: 94s
You played : S 3 7 M 3 6
S 3 7 True
M 3 6 True
Player 2 played : S 4 21 M 3 12 RS 4 21 RE 1 1 X 2 4
S 4 21 True
M 3 12 True
RS 4 21 True
RE 1 1 True
X 2 4 True
Time remaining is: 94s
You played : S 4 10 M 2 4
S 4 10 True
M 2 4 True
Player 2 played : S 3 11 M 4 15 RS 3 11 RE 5 13 X 5 17
S 3 11 True
M 4 15 True
RS 3 11 True
RE 5 13 True
X 5 17 True
OTHER PLAYER WINS!
Your Score : 1.016
Opponent's Score : 9.012
