1 5 120 5
In initial move
In initial move
In initial move
In initial move
In initial move
Branching factor = 14
Branching factor = 14
-1, -1; -2, -2
-1, 2 to -1, -2
Branching factor = 14
Branching factor = 14
0, -1; -2, -1
-1, -2 to -1, 0
Branching factor = 13
Branching factor = 13
-2, -1; 1, -1
-2, 0 to -2, 1
Branching factor = 12
Branching factor = 12
1, 0; -2, -3
1, 1 to 2, 1
Branching factor = 15
Branching factor = 15
Branching factor = 15
-2, -3; -3, -4
-1, 0 to -1, -3
Branching factor = 19
Branching factor = 19
0, 0; -3, 0
-1, -3 to -3, -3
Branching factor = 20
Branching factor = 20
-3, 0; -4, -1
Ring removed at index4
-3, -3 to -2, -2
Branching factor = 21
Branching factor = 21
0, 1; -1, 0
2, -1 to -1, -4
Branching factor = 22
-1, 0; -2, 0
2, 1 to 1, 0
Branching factor = 19
Branching factor = 19
1, -1; 3, -1
-1, -4 to -1, -5
3, -1; -3, -1
-1, -5 to 4, 0
-3, -4; -3, -2
4, 0 to 4, -1
-3, -2; -4, -3
-2, 0; -2, -4
0, 0 to -4, -4
-4, -3; -5, -4
Ring removed at index3
Branching factor = 13
Branching factor = 13
-2, -4; -2, -1
4, 1 to 3, 1
Branching factor = 14
Branching factor = 14
-2, -1; -1, 0
0, -2 to -3, -2
Branching factor = 13
Branching factor = 13
-5, -4; -4, -3
3, 1 to 3, 4
-4, -3; -1, -3
3, 4 to 0, 1
-1, -3; 1, -1
***********************************

-> You are player 1
-> You are alloted a time of 120s

***********************************

Time remaining is: 120s
You played : P 0 0
P 0 0 True
Player 2 played : P 1 1
P 1 1 True
Time remaining is: 120s
You played : P 1 0
P 1 0 True
Player 2 played : P 3 17
P 3 17 True
Time remaining is: 120s
You played : P 1 2
P 1 2 True
Player 2 played : P 2 6
P 2 6 True
Time remaining is: 120s
You played : P 1 3
P 1 3 True
Player 2 played : P 3 7
P 3 7 True
Time remaining is: 120s
You played : P 1 4
P 1 4 True
Player 2 played : P 2 10
P 2 10 True
Time remaining is: 120s
You played : S 1 4 M 2 8
S 1 4 True
M 2 8 True
Player 2 played : S 3 17 M 2 7
S 3 17 True
M 2 7 True
Time remaining is: 118s
You played : S 1 3 M 2 9
S 1 3 True
M 2 9 True
Player 2 played : S 2 7 M 1 5
S 2 7 True
M 1 5 True
Time remaining is: 116s
You played : S 2 9 M 2 5
S 2 9 True
M 2 5 True
Player 2 played : S 2 10 M 3 16
S 2 10 True
M 3 16 True
Time remaining is: 114s
You played : S 1 2 M 3 11
S 1 2 True
M 3 11 True
Player 2 played : S 1 1 M 2 3
S 1 1 True
M 2 3 True
Time remaining is: 112s
You played : S 3 11 M 4 15
S 3 11 True
M 4 15 True
Player 2 played : S 1 5 M 3 10
S 1 5 True
M 3 10 True
Time remaining is: 108s
You played : S 0 0 M 3 15
S 0 0 True
M 3 15 True
Player 2 played : S 3 10 M 3 12
S 3 10 True
M 3 12 True
Time remaining is: 107s
You played : S 3 15 M 4 19 RS 3 15 RE 1 2 X 2 8
S 3 15 True
M 4 19 True
RS 3 15 True
RE 1 2 True
X 2 8 True
Player 2 played : S 3 12 M 2 8
S 3 12 True
M 2 8 True
Time remaining is: 100s
You played : S 1 0 M 1 5
S 1 0 True
M 1 5 True
Player 2 played : S 3 7 M 4 13
S 3 7 True
M 4 13 True
Time remaining is: 92s
You played : S 1 5 M 2 10
S 1 5 True
M 2 10 True
Player 2 played : S 2 3 M 1 2
S 2 3 True
M 1 2 True
Time remaining is: 91s
You played : S 2 5 M 4 9
S 2 5 True
M 4 9 True
Player 2 played : S 4 13 M 5 16
S 4 13 True
M 5 16 True
Time remaining is: 89s
You played : S 4 9 M 3 14
S 4 9 True
M 3 14 True
Player 2 played : S 5 16 M 4 8
S 5 16 True
M 4 8 True
Time remaining is: 88s
You played : S 4 15 M 3 13
S 4 15 True
M 3 13 True
Player 2 played : S 4 8 M 5 11
S 4 8 True
M 5 11 True
Time remaining is: 86s
You played : S 3 13 M 4 17
S 3 13 True
M 4 17 True
Player 2 played : S 2 8 M 0 0 RS 5 16 RE 1 4 X 3 16
S 2 8 True
M 0 0 True
RS 5 16 True
RE 1 4 True
X 3 16 True
Time remaining is: 85s
You played : S 2 10 M 4 14
S 2 10 True
M 4 14 True
Player 2 played : S 0 0 M 4 16
S 0 0 True
M 4 16 True
Time remaining is: 84s
You played : S 4 17 M 5 21 RS 4 17 RE 1 0 X 3 14
S 4 17 True
M 5 21 True
RS 4 17 True
RE 1 0 True
X 3 14 True
Player 2 played : S 5 11 M 4 7 RS 1 3 RE 5 11 X 1 2
S 5 11 True
M 4 7 True
RS 1 3 True
RE 5 11 True
X 1 2 True
Time remaining is: 82s
You played : S 4 14 M 2 9
S 4 14 True
M 2 9 True
Player 2 played : S 4 7 M 3 5
S 4 7 True
M 3 5 True
Time remaining is: 79s
You played : S 2 9 M 1 5
S 2 9 True
M 1 5 True
Player 2 played : S 2 6 M 3 13
S 2 6 True
M 3 13 True
Time remaining is: 78s
You played : S 5 21 M 4 17
S 5 21 True
M 4 17 True
Player 2 played : S 3 5 M 4 3
S 3 5 True
M 4 3 True
Time remaining is: 76s
You played : S 4 17 M 3 10
S 4 17 True
M 3 10 True
Player 2 played : S 4 3 M 1 0
S 4 3 True
M 1 0 True
Time remaining is: 75s
You played : S 3 10 M 2 5
S 3 10 True
M 2 5 True
Player 2 played : S 1 0 M 2 11 RS 1 0 RE 4 7 X 2 11
S 1 0 True
M 2 11 True
RS 1 0 True
RE 4 7 True
X 2 11 True
OTHER PLAYER WINS!
Your Score : 2.011
Opponent's Score : 8.004
