-----------------------------------
P 0 0
                
            *     *
         *     *     *
      *     *     *     *
   *     *     *     *     *
      *     *     *     *      
   *     *     *     *     *
*     *     *     *     *     *
   *     *     *     *     *
*     *     *     *     *     *
   *     *     [0;33mO[0m     *     *
*     *     *     *     *     *
   *     *     *     *     *
*     *     *     *     *     *
   *     *     *     *     *
      *     *     *     *      
   *     *     *     *     *
      *     *     *     *
         *     *     *
            *     *
                
-----------------------------------
-----------------------------------
P 4 23
                
            *     *
         *     *     *
      *     [0;34mO[0m     *     *
   *     *     *     *     *
      *     *     *     *      
   *     *     *     *     *
*     *     *     *     *     *
   *     *     *     *     *
*     *     *     *     *     *
   *     *     [0;33mO[0m     *     *
*     *     *     *     *     *
   *     *     *     *     *
*     *     *     *     *     *
   *     *     *     *     *
      *     *     *     *      
   *     *     *     *     *
      *     *     *     *
         *     *     *
            *     *
                
-----------------------------------
-----------------------------------
P 1 5
                
            *     *
         *     *     *
      *     [0;34mO[0m     *     *
   *     *     *     *     *
      *     *     *     *      
   *     *     *     *     *
*     *     *     *     *     *
   *     *     *     *     *
*     *     [0;33mO[0m     *     *     *
   *     *     [0;33mO[0m     *     *
*     *     *     *     *     *
   *     *     *     *     *
*     *     *     *     *     *
   *     *     *     *     *
      *     *     *     *      
   *     *     *     *     *
      *     *     *     *
         *     *     *
            *     *
                
-----------------------------------
-----------------------------------
P 2 11
                
            *     *
         *     *     *
      *     [0;34mO[0m     *     *
   *     *     *     *     *
      *     *     *     *      
   *     *     *     *     *
*     *     [0;34mO[0m     *     *     *
   *     *     *     *     *
*     *     [0;33mO[0m     *     *     *
   *     *     [0;33mO[0m     *     *
*     *     *     *     *     *
   *     *     *     *     *
*     *     *     *     *     *
   *     *     *     *     *
      *     *     *     *      
   *     *     *     *     *
      *     *     *     *
         *     *     *
            *     *
                
-----------------------------------
-----------------------------------
P 1 1
                
            *     *
         *     *     *
      *     [0;34mO[0m     *     *
   *     *     *     *     *
      *     *     *     *      
   *     *     *     *     *
*     *     [0;34mO[0m     *     *     *
   *     *     *     *     *
*     *     [0;33mO[0m     [0;33mO[0m     *     *
   *     *     [0;33mO[0m     *     *
*     *     *     *     *     *
   *     *     *     *     *
*     *     *     *     *     *
   *     *     *     *     *
      *     *     *     *      
   *     *     *     *     *
      *     *     *     *
         *     *     *
            *     *
                
-----------------------------------
-----------------------------------
P 4 17
                
            *     *
         *     *     *
      *     [0;34mO[0m     *     *
   *     *     *     *     *
      *     *     *     *      
   *     *     *     *     *
*     *     [0;34mO[0m     *     *     *
   *     *     *     *     *
*     *     [0;33mO[0m     [0;33mO[0m     *     *
   *     *     [0;33mO[0m     *     *
*     *     *     *     *     *
   [0;34mO[0m     *     *     *     *
*     *     *     *     *     *
   *     *     *     *     *
      *     *     *     *      
   *     *     *     *     *
      *     *     *     *
         *     *     *
            *     *
                
-----------------------------------
-----------------------------------
P 1 3
                
            *     *
         *     *     *
      *     [0;34mO[0m     *     *
   *     *     *     *     *
      *     *     *     *      
   *     *     *     *     *
*     *     [0;34mO[0m     *     *     *
   *     *     *     *     *
*     *     [0;33mO[0m     [0;33mO[0m     *     *
   *     *     [0;33mO[0m     *     *
*     *     *     *     *     *
   [0;34mO[0m     *     [0;33mO[0m     *     *
*     *     *     *     *     *
   *     *     *     *     *
      *     *     *     *      
   *     *     *     *     *
      *     *     *     *
         *     *     *
            *     *
                
-----------------------------------
-----------------------------------
P 2 9
                
            *     *
         *     *     *
      *     [0;34mO[0m     *     *
   *     *     *     *     *
      *     *     *     *      
   *     *     *     *     *
*     *     [0;34mO[0m     *     *     *
   *     *     *     *     *
*     *     [0;33mO[0m     [0;33mO[0m     *     *
   *     [0;34mO[0m     [0;33mO[0m     *     *
*     *     *     *     *     *
   [0;34mO[0m     *     [0;33mO[0m     *     *
*     *     *     *     *     *
   *     *     *     *     *
      *     *     *     *      
   *     *     *     *     *
      *     *     *     *
         *     *     *
            *     *
                
-----------------------------------
-----------------------------------
P 1 2
                
            *     *
         *     *     *
      *     [0;34mO[0m     *     *
   *     *     *     *     *
      *     *     *     *      
   *     *     *     *     *
*     *     [0;34mO[0m     *     *     *
   *     *     *     *     *
*     *     [0;33mO[0m     [0;33mO[0m     *     *
   *     [0;34mO[0m     [0;33mO[0m     *     *
*     *     *     [0;33mO[0m     *     *
   [0;34mO[0m     *     [0;33mO[0m     *     *
*     *     *     *     *     *
   *     *     *     *     *
      *     *     *     *      
   *     *     *     *     *
      *     *     *     *
         *     *     *
            *     *
                
-----------------------------------
-----------------------------------
P 3 15
                
            *     *
         *     *     *
      *     [0;34mO[0m     *     *
   *     *     *     *     *
      *     *     *     *      
   *     *     *     *     *
*     [0;34mO[0m     [0;34mO[0m     *     *     *
   *     *     *     *     *
*     *     [0;33mO[0m     [0;33mO[0m     *     *
   *     [0;34mO[0m     [0;33mO[0m     *     *
*     *     *     [0;33mO[0m     *     *
   [0;34mO[0m     *     [0;33mO[0m     *     *
*     *     *     *     *     *
   *     *     *     *     *
      *     *     *     *      
   *     *     *     *     *
      *     *     *     *
         *     *     *
            *     *
                
-----------------------------------
-----------------------------------
S 1 5 M 1 0
                
            *     *
         *     *     *
      *     [0;34mO[0m     *     *
   *     *     *     *     *
      *     *     *     *      
   *     *     *     *     *
*     [0;34mO[0m     [0;34mO[0m     *     *     *
   *     *     [0;33mO[0m     *     *
*     *     [0;43m.[0m     [0;33mO[0m     *     *
   *     [0;34mO[0m     [0;33mO[0m     *     *
*     *     *     [0;33mO[0m     *     *
   [0;34mO[0m     *     [0;33mO[0m     *     *
*     *     *     *     *     *
   *     *     *     *     *
      *     *     *     *      
   *     *     *     *     *
      *     *     *     *
         *     *     *
            *     *
                
-----------------------------------
-----------------------------------
S 3 15 M 2 10
                
            *     *
         *     *     *
      *     [0;34mO[0m     *     *
   *     *     *     *     *
      *     *     *     *      
   *     *     *     *     *
*     [0;44m.[0m     [0;34mO[0m     *     *     *
   *     [0;34mO[0m     [0;33mO[0m     *     *
*     *     [0;43m.[0m     [0;33mO[0m     *     *
   *     [0;34mO[0m     [0;33mO[0m     *     *
*     *     *     [0;33mO[0m     *     *
   [0;34mO[0m     *     [0;33mO[0m     *     *
*     *     *     *     *     *
   *     *     *     *     *
      *     *     *     *      
   *     *     *     *     *
      *     *     *     *
         *     *     *
            *     *
                
-----------------------------------
-----------------------------------
S 1 3 M 1 4
                
            *     *
         *     *     *
      *     [0;34mO[0m     *     *
   *     *     *     *     *
      *     *     *     *      
   *     *     *     *     *
*     [0;44m.[0m     [0;34mO[0m     *     *     *
   *     [0;34mO[0m     [0;33mO[0m     *     *
*     *     [0;43m.[0m     [0;33mO[0m     *     *
   *     [0;34mO[0m     [0;33mO[0m     *     *
*     *     [0;33mO[0m     [0;33mO[0m     *     *
   [0;34mO[0m     *     [0;43m.[0m     *     *
*     *     *     *     *     *
   *     *     *     *     *
      *     *     *     *      
   *     *     *     *     *
      *     *     *     *
         *     *     *
            *     *
                
-----------------------------------
-----------------------------------
S 2 10 M 4 20
                
            *     *
         *     *     *
      *     [0;34mO[0m     *     *
   *     *     *     *     *
      *     *     *     *      
   [0;34mO[0m     *     *     *     *
*     [0;43m.[0m     [0;34mO[0m     *     *     *
   *     [0;44m.[0m     [0;33mO[0m     *     *
*     *     [0;43m.[0m     [0;33mO[0m     *     *
   *     [0;34mO[0m     [0;33mO[0m     *     *
*     *     [0;33mO[0m     [0;33mO[0m     *     *
   [0;34mO[0m     *     [0;43m.[0m     *     *
*     *     *     *     *     *
   *     *     *     *     *
      *     *     *     *      
   *     *     *     *     *
      *     *     *     *
         *     *     *
            *     *
                
-----------------------------------
-----------------------------------
S 1 2 M 2 7
                
            *     *
         *     *     *
      *     [0;34mO[0m     *     *
   *     *     *     *     *
      *     *     *     *      
   [0;34mO[0m     *     *     *     *
*     [0;43m.[0m     [0;34mO[0m     *     *     *
   *     [0;44m.[0m     [0;33mO[0m     *     *
*     *     [0;43m.[0m     [0;33mO[0m     *     *
   *     [0;34mO[0m     [0;33mO[0m     *     *
*     *     [0;33mO[0m     [0;43m.[0m     *     *
   [0;34mO[0m     *     [0;44m.[0m     *     *
*     *     [0;33mO[0m     *     *     *
   *     *     *     *     *
      *     *     *     *      
   *     *     *     *     *
      *     *     *     *
         *     *     *
            *     *
                
-----------------------------------
-----------------------------------
S 2 9 M 2 8
                
            *     *
         *     *     *
      *     [0;34mO[0m     *     *
   *     *     *     *     *
      *     *     *     *      
   [0;34mO[0m     *     *     *     *
*     [0;43m.[0m     [0;34mO[0m     *     *     *
   *     [0;44m.[0m     [0;33mO[0m     *     *
*     *     [0;43m.[0m     [0;33mO[0m     *     *
   *     [0;44m.[0m     [0;33mO[0m     *     *
*     *     [0;33mO[0m     [0;43m.[0m     *     *
   [0;34mO[0m     [0;34mO[0m     [0;44m.[0m     *     *
*     *     [0;33mO[0m     *     *     *
   *     *     *     *     *
      *     *     *     *      
   *     *     *     *     *
      *     *     *     *
         *     *     *
            *     *
                
-----------------------------------
-----------------------------------
S 1 4 M 3 14
                
            *     *
         *     *     *
      *     [0;34mO[0m     *     *
   *     *     *     *     *
      *     *     *     *      
   [0;34mO[0m     *     *     *     *
*     [0;43m.[0m     [0;34mO[0m     *     *     *
   *     [0;44m.[0m     [0;33mO[0m     *     *
*     [0;33mO[0m     [0;43m.[0m     [0;33mO[0m     *     *
   *     [0;43m.[0m     [0;33mO[0m     *     *
*     *     [0;43m.[0m     [0;43m.[0m     *     *
   [0;34mO[0m     [0;34mO[0m     [0;44m.[0m     *     *
*     *     [0;33mO[0m     *     *     *
   *     *     *     *     *
      *     *     *     *      
   *     *     *     *     *
      *     *     *     *
         *     *     *
            *     *
                
-----------------------------------
-----------------------------------
S 2 8 M 3 11
                
            *     *
         *     *     *
      *     [0;34mO[0m     *     *
   *     *     *     *     *
      *     *     *     *      
   [0;34mO[0m     *     *     *     *
*     [0;43m.[0m     [0;34mO[0m     *     *     *
   *     [0;44m.[0m     [0;33mO[0m     *     *
*     [0;33mO[0m     [0;43m.[0m     [0;33mO[0m     *     *
   *     [0;43m.[0m     [0;33mO[0m     *     *
*     *     [0;43m.[0m     [0;43m.[0m     *     *
   [0;34mO[0m     [0;44m.[0m     [0;44m.[0m     *     *
*     *     [0;33mO[0m     *     *     *
   *     [0;34mO[0m     *     *     *
      *     *     *     *      
   *     *     *     *     *
      *     *     *     *
         *     *     *
            *     *
                
-----------------------------------
-----------------------------------
S 3 14 M 4 18
                
            *     *
         *     *     *
      *     [0;34mO[0m     *     *
   *     *     *     *     *
      *     *     *     *      
   [0;34mO[0m     *     *     *     *
*     [0;43m.[0m     [0;34mO[0m     *     *     *
   *     [0;44m.[0m     [0;33mO[0m     *     *
*     [0;43m.[0m     [0;43m.[0m     [0;33mO[0m     *     *
   [0;33mO[0m     [0;43m.[0m     [0;33mO[0m     *     *
*     *     [0;43m.[0m     [0;43m.[0m     *     *
   [0;34mO[0m     [0;44m.[0m     [0;44m.[0m     *     *
*     *     [0;33mO[0m     *     *     *
   *     [0;34mO[0m     *     *     *
      *     *     *     *      
   *     *     *     *     *
      *     *     *     *
         *     *     *
            *     *
                
-----------------------------------
-----------------------------------
S 3 11 M 4 14
                
            *     *
         *     *     *
      *     [0;34mO[0m     *     *
   *     *     *     *     *
      *     *     *     *      
   [0;34mO[0m     *     *     *     *
*     [0;43m.[0m     [0;34mO[0m     *     *     *
   *     [0;44m.[0m     [0;33mO[0m     *     *
*     [0;43m.[0m     [0;43m.[0m     [0;33mO[0m     *     *
   [0;33mO[0m     [0;43m.[0m     [0;33mO[0m     *     *
*     *     [0;43m.[0m     [0;43m.[0m     *     *
   [0;34mO[0m     [0;44m.[0m     [0;44m.[0m     *     *
*     *     [0;33mO[0m     *     *     *
   *     [0;44m.[0m     *     *     *
      *     *     *     *      
   *     [0;34mO[0m     *     *     *
      *     *     *     *
         *     *     *
            *     *
                
-----------------------------------
-----------------------------------
S 0 0 M 2 6
                
            *     *
         *     *     *
      *     [0;34mO[0m     *     *
   *     *     *     *     *
      *     *     *     *      
   [0;34mO[0m     *     *     *     *
*     [0;43m.[0m     [0;34mO[0m     *     *     *
   *     [0;44m.[0m     [0;33mO[0m     *     *
*     [0;43m.[0m     [0;43m.[0m     [0;33mO[0m     *     *
   [0;33mO[0m     [0;43m.[0m     [0;43m.[0m     *     *
*     *     [0;43m.[0m     [0;43m.[0m     *     *
   [0;34mO[0m     [0;44m.[0m     [0;43m.[0m     *     *
*     *     [0;33mO[0m     *     *     *
   *     [0;44m.[0m     [0;33mO[0m     *     *
      *     *     *     *      
   *     [0;34mO[0m     *     *     *
      *     *     *     *
         *     *     *
            *     *
                
-----------------------------------
-----------------------------------
S 4 20 M 4 21
                
            *     *
         *     *     *
      *     [0;34mO[0m     *     *
   *     *     *     *     *
      [0;34mO[0m     *     *     *      
   [0;44m.[0m     *     *     *     *
*     [0;43m.[0m     [0;34mO[0m     *     *     *
   *     [0;44m.[0m     [0;33mO[0m     *     *
*     [0;43m.[0m     [0;43m.[0m     [0;33mO[0m     *     *
   [0;33mO[0m     [0;43m.[0m     [0;43m.[0m     *     *
*     *     [0;43m.[0m     [0;43m.[0m     *     *
   [0;34mO[0m     [0;44m.[0m     [0;43m.[0m     *     *
*     *     [0;33mO[0m     *     *     *
   *     [0;44m.[0m     [0;33mO[0m     *     *
      *     *     *     *      
   *     [0;34mO[0m     *     *     *
      *     *     *     *
         *     *     *
            *     *
                
-----------------------------------
-----------------------------------
S 2 7 M 3 10
                
            *     *
         *     *     *
      *     [0;34mO[0m     *     *
   *     *     *     *     *
      [0;34mO[0m     *     *     *      
   [0;44m.[0m     *     *     *     *
*     [0;43m.[0m     [0;34mO[0m     *     *     *
   *     [0;44m.[0m     [0;33mO[0m     *     *
*     [0;43m.[0m     [0;43m.[0m     [0;33mO[0m     *     *
   [0;33mO[0m     [0;43m.[0m     [0;43m.[0m     *     *
*     *     [0;43m.[0m     [0;43m.[0m     *     *
   [0;34mO[0m     [0;44m.[0m     [0;43m.[0m     *     *
*     *     [0;43m.[0m     *     *     *
   *     [0;44m.[0m     [0;33mO[0m     *     *
      *     [0;33mO[0m     *     *      
   *     [0;34mO[0m     *     *     *
      *     *     *     *
         *     *     *
            *     *
                
-----------------------------------
-----------------------------------
S 4 21 M 4 22
                
            *     *
         *     *     *
      *     [0;34mO[0m     *     *
   *     [0;34mO[0m     *     *     *
      [0;44m.[0m     *     *     *      
   [0;44m.[0m     *     *     *     *
*     [0;43m.[0m     [0;34mO[0m     *     *     *
   *     [0;44m.[0m     [0;33mO[0m     *     *
*     [0;43m.[0m     [0;43m.[0m     [0;33mO[0m     *     *
   [0;33mO[0m     [0;43m.[0m     [0;43m.[0m     *     *
*     *     [0;43m.[0m     [0;43m.[0m     *     *
   [0;34mO[0m     [0;44m.[0m     [0;43m.[0m     *     *
*     *     [0;43m.[0m     *     *     *
   *     [0;44m.[0m     [0;33mO[0m     *     *
      *     [0;33mO[0m     *     *      
   *     [0;34mO[0m     *     *     *
      *     *     *     *
         *     *     *
            *     *
                
-----------------------------------
-----------------------------------
S 1 0 M 2 1
                
            *     *
         *     *     *
      *     [0;34mO[0m     *     *
   *     [0;34mO[0m     *     *     *
      [0;44m.[0m     *     *     *      
   [0;44m.[0m     *     *     *     *
*     [0;43m.[0m     [0;34mO[0m     [0;33mO[0m     *     *
   *     [0;44m.[0m     [0;43m.[0m     *     *
*     [0;43m.[0m     [0;43m.[0m     [0;33mO[0m     *     *
   [0;33mO[0m     [0;43m.[0m     [0;43m.[0m     *     *
*     *     [0;43m.[0m     [0;43m.[0m     *     *
   [0;34mO[0m     [0;44m.[0m     [0;43m.[0m     *     *
*     *     [0;43m.[0m     *     *     *
   *     [0;44m.[0m     [0;33mO[0m     *     *
      *     [0;33mO[0m     *     *      
   *     [0;34mO[0m     *     *     *
      *     *     *     *
         *     *     *
            *     *
                
-----------------------------------
-----------------------------------
S 4 22 M 5 24
                
            *     *
         *     *     *
      *     [0;34mO[0m     *     *
   *     [0;44m.[0m     *     *     *
      [0;43m.[0m     *     *     *      
   [0;43m.[0m     *     *     *     *
[0;34mO[0m     [0;43m.[0m     [0;34mO[0m     [0;33mO[0m     *     *
   *     [0;44m.[0m     [0;43m.[0m     *     *
*     [0;43m.[0m     [0;43m.[0m     [0;33mO[0m     *     *
   [0;33mO[0m     [0;43m.[0m     [0;43m.[0m     *     *
*     *     [0;43m.[0m     [0;43m.[0m     *     *
   [0;34mO[0m     [0;44m.[0m     [0;43m.[0m     *     *
*     *     [0;43m.[0m     *     *     *
   *     [0;44m.[0m     [0;33mO[0m     *     *
      *     [0;33mO[0m     *     *      
   *     [0;34mO[0m     *     *     *
      *     *     *     *
         *     *     *
            *     *
                
-----------------------------------
-----------------------------------
S 2 6 M 2 5
                
            *     *
         *     *     *
      *     [0;34mO[0m     *     *
   *     [0;44m.[0m     *     *     *
      [0;43m.[0m     *     *     *      
   [0;43m.[0m     *     *     *     *
[0;34mO[0m     [0;43m.[0m     [0;34mO[0m     [0;33mO[0m     *     *
   *     [0;44m.[0m     [0;43m.[0m     *     *
*     [0;43m.[0m     [0;43m.[0m     [0;33mO[0m     *     *
   [0;33mO[0m     [0;43m.[0m     [0;43m.[0m     *     *
*     *     [0;43m.[0m     [0;43m.[0m     *     *
   [0;34mO[0m     [0;44m.[0m     [0;43m.[0m     *     *
*     *     [0;43m.[0m     [0;33mO[0m     *     *
   *     [0;44m.[0m     [0;43m.[0m     *     *
      *     [0;33mO[0m     *     *      
   *     [0;34mO[0m     *     *     *
      *     *     *     *
         *     *     *
            *     *
                
-----------------------------------
-----------------------------------
S 5 24 M 5 23
                
            *     *
         *     *     *
      *     [0;34mO[0m     *     *
   *     [0;44m.[0m     *     *     *
      [0;43m.[0m     *     *     *      
   [0;43m.[0m     *     *     *     *
[0;44m.[0m     [0;43m.[0m     [0;34mO[0m     [0;33mO[0m     *     *
   *     [0;44m.[0m     [0;43m.[0m     *     *
[0;34mO[0m     [0;43m.[0m     [0;43m.[0m     [0;33mO[0m     *     *
   [0;33mO[0m     [0;43m.[0m     [0;43m.[0m     *     *
*     *     [0;43m.[0m     [0;43m.[0m     *     *
   [0;34mO[0m     [0;44m.[0m     [0;43m.[0m     *     *
*     *     [0;43m.[0m     [0;33mO[0m     *     *
   *     [0;44m.[0m     [0;43m.[0m     *     *
      *     [0;33mO[0m     *     *      
   *     [0;34mO[0m     *     *     *
      *     *     *     *
         *     *     *
            *     *
                
-----------------------------------
-----------------------------------
S 2 5 M 3 8 RS 3 14 RE 2 5 X 4 18
                
            *     *
         *     *     *
      *     [0;34mO[0m     *     *
   *     [0;44m.[0m     *     *     *
      [0;43m.[0m     *     *     *      
   [0;43m.[0m     *     *     *     *
[0;44m.[0m     [0;43m.[0m     [0;34mO[0m     [0;33mO[0m     *     *
   *     [0;44m.[0m     [0;43m.[0m     *     *
[0;34mO[0m     *     [0;43m.[0m     [0;33mO[0m     *     *
   *     *     [0;43m.[0m     *     *
*     *     *     [0;43m.[0m     *     *
   [0;34mO[0m     [0;44m.[0m     *     *     *
*     *     [0;43m.[0m     *     *     *
   *     [0;44m.[0m     [0;43m.[0m     *     *
      *     [0;33mO[0m     [0;33mO[0m     *      
   *     [0;34mO[0m     *     *     *
      *     *     *     *
         *     *     *
            *     *
                
-----------------------------------
-----------------------------------
S 5 23 M 4 19
                
            *     *
         *     *     *
      *     [0;34mO[0m     *     *
   *     [0;44m.[0m     *     *     *
      [0;43m.[0m     *     *     *      
   [0;43m.[0m     *     *     *     *
[0;44m.[0m     [0;43m.[0m     [0;34mO[0m     [0;33mO[0m     *     *
   [0;34mO[0m     [0;44m.[0m     [0;43m.[0m     *     *
[0;44m.[0m     *     [0;43m.[0m     [0;33mO[0m     *     *
   *     *     [0;43m.[0m     *     *
*     *     *     [0;43m.[0m     *     *
   [0;34mO[0m     [0;44m.[0m     *     *     *
*     *     [0;43m.[0m     *     *     *
   *     [0;44m.[0m     [0;43m.[0m     *     *
      *     [0;33mO[0m     [0;33mO[0m     *      
   *     [0;34mO[0m     *     *     *
      *     *     *     *
         *     *     *
            *     *
                
-----------------------------------
-----------------------------------
S 3 8 M 4 11
                
            *     *
         *     *     *
      *     [0;34mO[0m     *     *
   *     [0;44m.[0m     *     *     *
      [0;43m.[0m     *     *     *      
   [0;43m.[0m     *     *     *     *
[0;44m.[0m     [0;43m.[0m     [0;34mO[0m     [0;33mO[0m     *     *
   [0;34mO[0m     [0;44m.[0m     [0;43m.[0m     *     *
[0;44m.[0m     *     [0;43m.[0m     [0;33mO[0m     *     *
   *     *     [0;43m.[0m     *     *
*     *     *     [0;43m.[0m     *     *
   [0;34mO[0m     [0;44m.[0m     *     *     *
*     *     [0;43m.[0m     *     *     *
   *     [0;44m.[0m     [0;43m.[0m     *     *
      *     [0;33mO[0m     [0;43m.[0m     *      
   *     [0;34mO[0m     *     *     *
      *     *     [0;33mO[0m     *
         *     *     *
            *     *
                
-----------------------------------
-----------------------------------
S 4 19 M 5 26
                
            *     *
         *     *     *
      *     [0;34mO[0m     *     *
   [0;34mO[0m     [0;44m.[0m     *     *     *
      [0;43m.[0m     *     *     *      
   [0;44m.[0m     *     *     *     *
[0;44m.[0m     [0;43m.[0m     [0;34mO[0m     [0;33mO[0m     *     *
   [0;44m.[0m     [0;44m.[0m     [0;43m.[0m     *     *
[0;44m.[0m     *     [0;43m.[0m     [0;33mO[0m     *     *
   *     *     [0;43m.[0m     *     *
*     *     *     [0;43m.[0m     *     *
   [0;34mO[0m     [0;44m.[0m     *     *     *
*     *     [0;43m.[0m     *     *     *
   *     [0;44m.[0m     [0;43m.[0m     *     *
      *     [0;33mO[0m     [0;43m.[0m     *      
   *     [0;34mO[0m     *     *     *
      *     *     [0;33mO[0m     *
         *     *     *
            *     *
                
-----------------------------------
-----------------------------------
S 2 1 M 3 2
                
            *     *
         *     *     *
      *     [0;34mO[0m     *     *
   [0;34mO[0m     [0;44m.[0m     *     *     *
      [0;43m.[0m     *     *     *      
   [0;44m.[0m     *     *     [0;33mO[0m     *
[0;44m.[0m     [0;43m.[0m     [0;34mO[0m     [0;43m.[0m     *     *
   [0;44m.[0m     [0;44m.[0m     [0;43m.[0m     *     *
[0;44m.[0m     *     [0;43m.[0m     [0;33mO[0m     *     *
   *     *     [0;43m.[0m     *     *
*     *     *     [0;43m.[0m     *     *
   [0;34mO[0m     [0;44m.[0m     *     *     *
*     *     [0;43m.[0m     *     *     *
   *     [0;44m.[0m     [0;43m.[0m     *     *
      *     [0;33mO[0m     [0;43m.[0m     *      
   *     [0;34mO[0m     *     *     *
      *     *     [0;33mO[0m     *
         *     *     *
            *     *
                
-----------------------------------
-----------------------------------
S 5 26 M 4 18
                
            *     *
         *     *     *
      *     [0;34mO[0m     *     *
   [0;44m.[0m     [0;44m.[0m     *     *     *
      [0;43m.[0m     *     *     *      
   [0;43m.[0m     *     *     [0;33mO[0m     *
[0;44m.[0m     [0;43m.[0m     [0;34mO[0m     [0;43m.[0m     *     *
   [0;43m.[0m     [0;44m.[0m     [0;43m.[0m     *     *
[0;44m.[0m     *     [0;43m.[0m     [0;33mO[0m     *     *
   [0;34mO[0m     *     [0;43m.[0m     *     *
*     *     *     [0;43m.[0m     *     *
   [0;34mO[0m     [0;44m.[0m     *     *     *
*     *     [0;43m.[0m     *     *     *
   *     [0;44m.[0m     [0;43m.[0m     *     *
      *     [0;33mO[0m     [0;43m.[0m     *      
   *     [0;34mO[0m     *     *     *
      *     *     [0;33mO[0m     *
         *     *     *
            *     *
                
-----------------------------------
-----------------------------------
S 3 2 M 4 3
                
            *     *
         *     *     *
      *     [0;34mO[0m     *     *
   [0;44m.[0m     [0;44m.[0m     *     *     *
      [0;43m.[0m     *     *     [0;33mO[0m      
   [0;43m.[0m     *     *     [0;43m.[0m     *
[0;44m.[0m     [0;43m.[0m     [0;34mO[0m     [0;43m.[0m     *     *
   [0;43m.[0m     [0;44m.[0m     [0;43m.[0m     *     *
[0;44m.[0m     *     [0;43m.[0m     [0;33mO[0m     *     *
   [0;34mO[0m     *     [0;43m.[0m     *     *
*     *     *     [0;43m.[0m     *     *
   [0;34mO[0m     [0;44m.[0m     *     *     *
*     *     [0;43m.[0m     *     *     *
   *     [0;44m.[0m     [0;43m.[0m     *     *
      *     [0;33mO[0m     [0;43m.[0m     *      
   *     [0;34mO[0m     *     *     *
      *     *     [0;33mO[0m     *
         *     *     *
            *     *
                
-----------------------------------
-----------------------------------
S 2 11 M 1 4
                
            *     *
         *     *     *
      *     [0;34mO[0m     *     *
   [0;44m.[0m     [0;44m.[0m     *     *     *
      [0;43m.[0m     *     *     [0;33mO[0m      
   [0;43m.[0m     *     *     [0;43m.[0m     *
[0;44m.[0m     [0;43m.[0m     [0;44m.[0m     [0;43m.[0m     *     *
   [0;43m.[0m     [0;44m.[0m     [0;43m.[0m     *     *
[0;44m.[0m     *     [0;44m.[0m     [0;33mO[0m     *     *
   [0;34mO[0m     *     [0;43m.[0m     *     *
*     *     [0;34mO[0m     [0;43m.[0m     *     *
   [0;34mO[0m     [0;44m.[0m     *     *     *
*     *     [0;43m.[0m     *     *     *
   *     [0;44m.[0m     [0;43m.[0m     *     *
      *     [0;33mO[0m     [0;43m.[0m     *      
   *     [0;34mO[0m     *     *     *
      *     *     [0;33mO[0m     *
         *     *     *
            *     *
                
-----------------------------------
-----------------------------------
S 4 3 M 5 4
                
            *     *
         *     *     *
      *     [0;34mO[0m     *     *
   [0;44m.[0m     [0;44m.[0m     *     *     [0;33mO[0m
      [0;43m.[0m     *     *     [0;43m.[0m      
   [0;43m.[0m     *     *     [0;43m.[0m     *
[0;44m.[0m     [0;43m.[0m     [0;44m.[0m     [0;43m.[0m     *     *
   [0;43m.[0m     [0;44m.[0m     [0;43m.[0m     *     *
[0;44m.[0m     *     [0;44m.[0m     [0;33mO[0m     *     *
   [0;34mO[0m     *     [0;43m.[0m     *     *
*     *     [0;34mO[0m     [0;43m.[0m     *     *
   [0;34mO[0m     [0;44m.[0m     *     *     *
*     *     [0;43m.[0m     *     *     *
   *     [0;44m.[0m     [0;43m.[0m     *     *
      *     [0;33mO[0m     [0;43m.[0m     *      
   *     [0;34mO[0m     *     *     *
      *     *     [0;33mO[0m     *
         *     *     *
            *     *
                
-----------------------------------
-----------------------------------
S 4 23 M 3 3
                
            *     *
         *     *     *
      *     [0;44m.[0m     *     *
   [0;44m.[0m     [0;44m.[0m     *     *     [0;33mO[0m
      [0;43m.[0m     *     *     [0;43m.[0m      
   [0;43m.[0m     *     *     [0;44m.[0m     *
[0;44m.[0m     [0;43m.[0m     [0;44m.[0m     [0;43m.[0m     [0;34mO[0m     *
   [0;43m.[0m     [0;44m.[0m     [0;43m.[0m     *     *
[0;44m.[0m     *     [0;44m.[0m     [0;33mO[0m     *     *
   [0;34mO[0m     *     [0;43m.[0m     *     *
*     *     [0;34mO[0m     [0;43m.[0m     *     *
   [0;34mO[0m     [0;44m.[0m     *     *     *
*     *     [0;43m.[0m     *     *     *
   *     [0;44m.[0m     [0;43m.[0m     *     *
      *     [0;33mO[0m     [0;43m.[0m     *      
   *     [0;34mO[0m     *     *     *
      *     *     [0;33mO[0m     *
         *     *     *
            *     *
                
-----------------------------------
-----------------------------------
S 1 1 M 2 2
                
            *     *
         *     *     *
      *     [0;44m.[0m     *     *
   [0;44m.[0m     [0;44m.[0m     *     *     [0;33mO[0m
      [0;43m.[0m     *     *     [0;43m.[0m      
   [0;43m.[0m     *     *     [0;44m.[0m     *
[0;44m.[0m     [0;43m.[0m     [0;44m.[0m     [0;43m.[0m     [0;34mO[0m     *
   [0;43m.[0m     [0;44m.[0m     [0;43m.[0m     [0;33mO[0m     *
[0;44m.[0m     *     [0;44m.[0m     [0;43m.[0m     *     *
   [0;34mO[0m     *     [0;43m.[0m     *     *
*     *     [0;34mO[0m     [0;43m.[0m     *     *
   [0;34mO[0m     [0;44m.[0m     *     *     *
*     *     [0;43m.[0m     *     *     *
   *     [0;44m.[0m     [0;43m.[0m     *     *
      *     [0;33mO[0m     [0;43m.[0m     *      
   *     [0;34mO[0m     *     *     *
      *     *     [0;33mO[0m     *
         *     *     *
            *     *
                
-----------------------------------
-----------------------------------
S 4 17 M 3 13
                
            *     *
         *     *     *
      *     [0;44m.[0m     *     *
   [0;44m.[0m     [0;44m.[0m     *     *     [0;33mO[0m
      [0;43m.[0m     *     *     [0;43m.[0m      
   [0;43m.[0m     *     *     [0;44m.[0m     *
[0;44m.[0m     [0;43m.[0m     [0;44m.[0m     [0;43m.[0m     [0;34mO[0m     *
   [0;43m.[0m     [0;44m.[0m     [0;43m.[0m     [0;33mO[0m     *
[0;44m.[0m     *     [0;44m.[0m     [0;43m.[0m     *     *
   [0;34mO[0m     *     [0;43m.[0m     *     *
*     [0;34mO[0m     [0;34mO[0m     [0;43m.[0m     *     *
   [0;44m.[0m     [0;44m.[0m     *     *     *
*     *     [0;43m.[0m     *     *     *
   *     [0;44m.[0m     [0;43m.[0m     *     *
      *     [0;33mO[0m     [0;43m.[0m     *      
   *     [0;34mO[0m     *     *     *
      *     *     [0;33mO[0m     *
         *     *     *
            *     *
                
-----------------------------------
-----------------------------------
S 2 2 M 4 2
                
            *     *
         *     *     *
      *     [0;44m.[0m     *     *
   [0;44m.[0m     [0;44m.[0m     *     [0;33mO[0m     [0;33mO[0m
      [0;43m.[0m     *     *     [0;43m.[0m      
   [0;43m.[0m     *     *     [0;43m.[0m     *
[0;44m.[0m     [0;43m.[0m     [0;44m.[0m     [0;43m.[0m     [0;34mO[0m     *
   [0;43m.[0m     [0;44m.[0m     [0;43m.[0m     [0;43m.[0m     *
[0;44m.[0m     *     [0;44m.[0m     [0;43m.[0m     *     *
   [0;34mO[0m     *     [0;43m.[0m     *     *
*     [0;34mO[0m     [0;34mO[0m     [0;43m.[0m     *     *
   [0;44m.[0m     [0;44m.[0m     *     *     *
*     *     [0;43m.[0m     *     *     *
   *     [0;44m.[0m     [0;43m.[0m     *     *
      *     [0;33mO[0m     [0;43m.[0m     *      
   *     [0;34mO[0m     *     *     *
      *     *     [0;33mO[0m     *
         *     *     *
            *     *
                
-----------------------------------
-----------------------------------
S 3 3 M 5 3
                
            *     *
         *     *     *
      *     [0;44m.[0m     *     [0;34mO[0m
   [0;44m.[0m     [0;44m.[0m     *     [0;33mO[0m     [0;33mO[0m
      [0;43m.[0m     *     *     [0;44m.[0m      
   [0;43m.[0m     *     *     [0;43m.[0m     *
[0;44m.[0m     [0;43m.[0m     [0;44m.[0m     [0;43m.[0m     [0;44m.[0m     *
   [0;43m.[0m     [0;44m.[0m     [0;43m.[0m     [0;43m.[0m     *
[0;44m.[0m     *     [0;44m.[0m     [0;43m.[0m     *     *
   [0;34mO[0m     *     [0;43m.[0m     *     *
*     [0;34mO[0m     [0;34mO[0m     [0;43m.[0m     *     *
   [0;44m.[0m     [0;44m.[0m     *     *     *
*     *     [0;43m.[0m     *     *     *
   *     [0;44m.[0m     [0;43m.[0m     *     *
      *     [0;33mO[0m     [0;43m.[0m     *      
   *     [0;34mO[0m     *     *     *
      *     *     [0;33mO[0m     *
         *     *     *
            *     *
                
-----------------------------------
-----------------------------------
S 4 2 M 4 4
                
            *     *
         *     *     *
      *     [0;44m.[0m     *     [0;34mO[0m
   [0;44m.[0m     [0;44m.[0m     *     [0;43m.[0m     [0;33mO[0m
      [0;43m.[0m     *     *     [0;43m.[0m      
   [0;43m.[0m     *     *     [0;43m.[0m     [0;33mO[0m
[0;44m.[0m     [0;43m.[0m     [0;44m.[0m     [0;43m.[0m     [0;44m.[0m     *
   [0;43m.[0m     [0;44m.[0m     [0;43m.[0m     [0;43m.[0m     *
[0;44m.[0m     *     [0;44m.[0m     [0;43m.[0m     *     *
   [0;34mO[0m     *     [0;43m.[0m     *     *
*     [0;34mO[0m     [0;34mO[0m     [0;43m.[0m     *     *
   [0;44m.[0m     [0;44m.[0m     *     *     *
*     *     [0;43m.[0m     *     *     *
   *     [0;44m.[0m     [0;43m.[0m     *     *
      *     [0;33mO[0m     [0;43m.[0m     *      
   *     [0;34mO[0m     *     *     *
      *     *     [0;33mO[0m     *
         *     *     *
            *     *
                
-----------------------------------
-----------------------------------
S 4 14 M 5 18
                
            *     *
         *     *     *
      *     [0;44m.[0m     *     [0;34mO[0m
   [0;44m.[0m     [0;44m.[0m     *     [0;43m.[0m     [0;33mO[0m
      [0;43m.[0m     *     *     [0;43m.[0m      
   [0;43m.[0m     *     *     [0;43m.[0m     [0;33mO[0m
[0;44m.[0m     [0;43m.[0m     [0;44m.[0m     [0;43m.[0m     [0;44m.[0m     *
   [0;43m.[0m     [0;44m.[0m     [0;43m.[0m     [0;43m.[0m     *
[0;44m.[0m     *     [0;44m.[0m     [0;43m.[0m     *     *
   [0;34mO[0m     *     [0;43m.[0m     *     *
*     [0;34mO[0m     [0;34mO[0m     [0;43m.[0m     *     *
   [0;44m.[0m     [0;44m.[0m     *     *     *
*     *     [0;43m.[0m     *     *     *
   *     [0;44m.[0m     [0;43m.[0m     *     *
      *     [0;33mO[0m     [0;43m.[0m     *      
   *     [0;44m.[0m     *     *     *
      [0;34mO[0m     *     [0;33mO[0m     *
         *     *     *
            *     *
                
-----------------------------------
-----------------------------------
S 4 4 M 4 6
                
            *     *
         *     *     *
      *     [0;44m.[0m     *     [0;34mO[0m
   [0;44m.[0m     [0;44m.[0m     *     [0;43m.[0m     [0;33mO[0m
      [0;43m.[0m     *     *     [0;43m.[0m      
   [0;43m.[0m     *     *     [0;43m.[0m     [0;43m.[0m
[0;44m.[0m     [0;43m.[0m     [0;44m.[0m     [0;43m.[0m     [0;44m.[0m     *
   [0;43m.[0m     [0;44m.[0m     [0;43m.[0m     [0;43m.[0m     *
[0;44m.[0m     *     [0;44m.[0m     [0;43m.[0m     *     *
   [0;34mO[0m     *     [0;43m.[0m     *     [0;33mO[0m
*     [0;34mO[0m     [0;34mO[0m     [0;43m.[0m     *     *
   [0;44m.[0m     [0;44m.[0m     *     *     *
*     *     [0;43m.[0m     *     *     *
   *     [0;44m.[0m     [0;43m.[0m     *     *
      *     [0;33mO[0m     [0;43m.[0m     *      
   *     [0;44m.[0m     *     *     *
      [0;34mO[0m     *     [0;33mO[0m     *
         *     *     *
            *     *
                
-----------------------------------
-----------------------------------
S 1 4 M 2 9
                
            *     *
         *     *     *
      *     [0;44m.[0m     *     [0;34mO[0m
   [0;44m.[0m     [0;44m.[0m     *     [0;43m.[0m     [0;33mO[0m
      [0;43m.[0m     *     *     [0;43m.[0m      
   [0;43m.[0m     *     *     [0;43m.[0m     [0;43m.[0m
[0;44m.[0m     [0;43m.[0m     [0;44m.[0m     [0;43m.[0m     [0;44m.[0m     *
   [0;43m.[0m     [0;44m.[0m     [0;43m.[0m     [0;43m.[0m     *
[0;44m.[0m     *     [0;44m.[0m     [0;43m.[0m     *     *
   [0;34mO[0m     [0;34mO[0m     [0;43m.[0m     *     [0;33mO[0m
*     [0;34mO[0m     [0;44m.[0m     [0;43m.[0m     *     *
   [0;44m.[0m     [0;44m.[0m     *     *     *
*     *     [0;43m.[0m     *     *     *
   *     [0;44m.[0m     [0;43m.[0m     *     *
      *     [0;33mO[0m     [0;43m.[0m     *      
   *     [0;44m.[0m     *     *     *
      [0;34mO[0m     *     [0;33mO[0m     *
         *     *     *
            *     *
                
-----------------------------------
-----------------------------------
S 5 4 M 4 5 RS 1 0 RE 5 4 X 4 11
                
            *     *
         *     *     *
      *     [0;44m.[0m     *     [0;34mO[0m
   [0;44m.[0m     [0;44m.[0m     *     [0;43m.[0m     *
      [0;43m.[0m     *     *     *      
   [0;43m.[0m     *     *     *     [0;44m.[0m
[0;44m.[0m     [0;43m.[0m     [0;44m.[0m     *     [0;44m.[0m     *
   [0;43m.[0m     [0;44m.[0m     *     [0;43m.[0m     [0;33mO[0m
[0;44m.[0m     *     [0;44m.[0m     [0;43m.[0m     *     *
   [0;34mO[0m     [0;34mO[0m     [0;43m.[0m     *     [0;33mO[0m
*     [0;34mO[0m     [0;44m.[0m     [0;43m.[0m     *     *
   [0;44m.[0m     [0;44m.[0m     *     *     *
*     *     [0;43m.[0m     *     *     *
   *     [0;44m.[0m     [0;43m.[0m     *     *
      *     [0;33mO[0m     [0;43m.[0m     *      
   *     [0;44m.[0m     *     *     *
      [0;34mO[0m     *     *     *
         *     *     *
            *     *
                
-----------------------------------
-----------------------------------
S 2 9 M 1 0 RS 4 14 RE 2 10 X 4 18
                
            *     *
         *     *     *
      *     [0;44m.[0m     *     [0;34mO[0m
   [0;44m.[0m     [0;44m.[0m     *     [0;43m.[0m     *
      [0;43m.[0m     *     *     *      
   [0;43m.[0m     *     *     *     [0;44m.[0m
[0;44m.[0m     [0;43m.[0m     [0;44m.[0m     *     [0;44m.[0m     *
   [0;43m.[0m     *     [0;34mO[0m     [0;43m.[0m     [0;33mO[0m
[0;44m.[0m     *     [0;43m.[0m     [0;43m.[0m     *     *
   *     *     [0;43m.[0m     *     [0;33mO[0m
*     [0;34mO[0m     [0;44m.[0m     [0;43m.[0m     *     *
   [0;44m.[0m     *     *     *     *
*     *     [0;43m.[0m     *     *     *
   *     *     [0;43m.[0m     *     *
      *     [0;33mO[0m     [0;43m.[0m     *      
   *     *     *     *     *
      [0;34mO[0m     *     *     *
         *     *     *
            *     *
                
-----------------------------------
-----------------------------------
S 3 10 M 3 12
                
            *     *
         *     *     *
      *     [0;44m.[0m     *     [0;34mO[0m
   [0;44m.[0m     [0;44m.[0m     *     [0;43m.[0m     *
      [0;43m.[0m     *     *     *      
   [0;43m.[0m     *     *     *     [0;44m.[0m
[0;44m.[0m     [0;43m.[0m     [0;44m.[0m     *     [0;44m.[0m     *
   [0;43m.[0m     *     [0;34mO[0m     [0;43m.[0m     [0;33mO[0m
[0;44m.[0m     *     [0;43m.[0m     [0;43m.[0m     *     *
   *     *     [0;43m.[0m     *     [0;33mO[0m
*     [0;34mO[0m     [0;44m.[0m     [0;43m.[0m     *     *
   [0;44m.[0m     *     *     *     *
*     [0;33mO[0m     [0;43m.[0m     *     *     *
   *     *     [0;43m.[0m     *     *
      *     [0;43m.[0m     [0;43m.[0m     *      
   *     *     *     *     *
      [0;34mO[0m     *     *     *
         *     *     *
            *     *
                
-----------------------------------
-----------------------------------
S 1 0 M 2 1
                
            *     *
         *     *     *
      *     [0;44m.[0m     *     [0;34mO[0m
   [0;44m.[0m     [0;44m.[0m     *     [0;43m.[0m     *
      [0;43m.[0m     *     *     *      
   [0;43m.[0m     *     *     *     [0;44m.[0m
[0;44m.[0m     [0;43m.[0m     [0;44m.[0m     [0;34mO[0m     [0;44m.[0m     *
   [0;43m.[0m     *     [0;44m.[0m     [0;43m.[0m     [0;33mO[0m
[0;44m.[0m     *     [0;43m.[0m     [0;43m.[0m     *     *
   *     *     [0;43m.[0m     *     [0;33mO[0m
*     [0;34mO[0m     [0;44m.[0m     [0;43m.[0m     *     *
   [0;44m.[0m     *     *     *     *
*     [0;33mO[0m     [0;43m.[0m     *     *     *
   *     *     [0;43m.[0m     *     *
      *     [0;43m.[0m     [0;43m.[0m     *      
   *     *     *     *     *
      [0;34mO[0m     *     *     *
         *     *     *
            *     *
                
-----------------------------------
-----------------------------------
S 4 6 M 2 5
                
            *     *
         *     *     *
      *     [0;44m.[0m     *     [0;34mO[0m
   [0;44m.[0m     [0;44m.[0m     *     [0;43m.[0m     *
      [0;43m.[0m     *     *     *      
   [0;43m.[0m     *     *     *     [0;44m.[0m
[0;44m.[0m     [0;43m.[0m     [0;44m.[0m     [0;34mO[0m     [0;44m.[0m     *
   [0;43m.[0m     *     [0;44m.[0m     [0;43m.[0m     [0;33mO[0m
[0;44m.[0m     *     [0;43m.[0m     [0;43m.[0m     *     *
   *     *     [0;43m.[0m     *     [0;43m.[0m
*     [0;34mO[0m     [0;44m.[0m     [0;43m.[0m     *     *
   [0;44m.[0m     *     *     *     *
*     [0;33mO[0m     [0;43m.[0m     [0;33mO[0m     *     *
   *     *     [0;43m.[0m     *     *
      *     [0;43m.[0m     [0;43m.[0m     *      
   *     *     *     *     *
      [0;34mO[0m     *     *     *
         *     *     *
            *     *
                
-----------------------------------
-----------------------------------
S 2 1 M 3 2
                
            *     *
         *     *     *
      *     [0;44m.[0m     *     [0;34mO[0m
   [0;44m.[0m     [0;44m.[0m     *     [0;43m.[0m     *
      [0;43m.[0m     *     *     *      
   [0;43m.[0m     *     *     [0;34mO[0m     [0;44m.[0m
[0;44m.[0m     [0;43m.[0m     [0;44m.[0m     [0;44m.[0m     [0;44m.[0m     *
   [0;43m.[0m     *     [0;44m.[0m     [0;43m.[0m     [0;33mO[0m
[0;44m.[0m     *     [0;43m.[0m     [0;43m.[0m     *     *
   *     *     [0;43m.[0m     *     [0;43m.[0m
*     [0;34mO[0m     [0;44m.[0m     [0;43m.[0m     *     *
   [0;44m.[0m     *     *     *     *
*     [0;33mO[0m     [0;43m.[0m     [0;33mO[0m     *     *
   *     *     [0;43m.[0m     *     *
      *     [0;43m.[0m     [0;43m.[0m     *      
   *     *     *     *     *
      [0;34mO[0m     *     *     *
         *     *     *
            *     *
                
-----------------------------------
-----------------------------------
S 2 5 M 4 14
                
            *     *
         *     *     *
      *     [0;44m.[0m     *     [0;34mO[0m
   [0;44m.[0m     [0;44m.[0m     *     [0;43m.[0m     *
      [0;43m.[0m     *     *     *      
   [0;43m.[0m     *     *     [0;34mO[0m     [0;44m.[0m
[0;44m.[0m     [0;43m.[0m     [0;44m.[0m     [0;44m.[0m     [0;44m.[0m     *
   [0;43m.[0m     *     [0;44m.[0m     [0;43m.[0m     [0;33mO[0m
[0;44m.[0m     *     [0;43m.[0m     [0;43m.[0m     *     *
   *     *     [0;43m.[0m     *     [0;43m.[0m
*     [0;34mO[0m     [0;44m.[0m     [0;43m.[0m     *     *
   [0;44m.[0m     *     *     *     *
*     [0;33mO[0m     [0;43m.[0m     [0;43m.[0m     *     *
   *     *     [0;44m.[0m     *     *
      *     [0;44m.[0m     [0;43m.[0m     *      
   *     [0;33mO[0m     *     *     *
      [0;34mO[0m     *     *     *
         *     *     *
            *     *
                
-----------------------------------
-----------------------------------
S 3 13 M 2 9
                
            *     *
         *     *     *
      *     [0;44m.[0m     *     [0;34mO[0m
   [0;44m.[0m     [0;44m.[0m     *     [0;43m.[0m     *
      [0;43m.[0m     *     *     *      
   [0;43m.[0m     *     *     [0;34mO[0m     [0;44m.[0m
[0;44m.[0m     [0;43m.[0m     [0;44m.[0m     [0;44m.[0m     [0;44m.[0m     *
   [0;43m.[0m     *     [0;44m.[0m     [0;43m.[0m     [0;33mO[0m
[0;44m.[0m     *     [0;43m.[0m     [0;43m.[0m     *     *
   *     [0;34mO[0m     [0;43m.[0m     *     [0;43m.[0m
*     [0;44m.[0m     [0;44m.[0m     [0;43m.[0m     *     *
   [0;44m.[0m     *     *     *     *
*     [0;33mO[0m     [0;43m.[0m     [0;43m.[0m     *     *
   *     *     [0;44m.[0m     *     *
      *     [0;44m.[0m     [0;43m.[0m     *      
   *     [0;33mO[0m     *     *     *
      [0;34mO[0m     *     *     *
         *     *     *
            *     *
                
-----------------------------------
-----------------------------------
S 4 5 M 2 3
                
            *     *
         *     *     *
      *     [0;44m.[0m     *     [0;34mO[0m
   [0;44m.[0m     [0;44m.[0m     *     [0;43m.[0m     *
      [0;43m.[0m     *     *     *      
   [0;43m.[0m     *     *     [0;34mO[0m     [0;44m.[0m
[0;44m.[0m     [0;43m.[0m     [0;44m.[0m     [0;44m.[0m     [0;44m.[0m     *
   [0;43m.[0m     *     [0;44m.[0m     [0;43m.[0m     [0;43m.[0m
[0;44m.[0m     *     [0;43m.[0m     [0;43m.[0m     *     *
   *     [0;34mO[0m     [0;43m.[0m     [0;33mO[0m     [0;43m.[0m
*     [0;44m.[0m     [0;44m.[0m     [0;43m.[0m     *     *
   [0;44m.[0m     *     *     *     *
*     [0;33mO[0m     [0;43m.[0m     [0;43m.[0m     *     *
   *     *     [0;44m.[0m     *     *
      *     [0;44m.[0m     [0;43m.[0m     *      
   *     [0;33mO[0m     *     *     *
      [0;34mO[0m     *     *     *
         *     *     *
            *     *
                
-----------------------------------
-----------------------------------
S 2 9 M 5 21
                
            *     *
         *     *     *
      *     [0;44m.[0m     *     [0;34mO[0m
   [0;44m.[0m     [0;44m.[0m     *     [0;43m.[0m     *
      [0;43m.[0m     *     *     *      
   [0;43m.[0m     *     *     [0;34mO[0m     [0;44m.[0m
[0;44m.[0m     [0;43m.[0m     [0;44m.[0m     [0;44m.[0m     [0;44m.[0m     *
   [0;43m.[0m     *     [0;44m.[0m     [0;43m.[0m     [0;43m.[0m
[0;44m.[0m     *     [0;43m.[0m     [0;43m.[0m     *     *
   *     [0;44m.[0m     [0;43m.[0m     [0;33mO[0m     [0;43m.[0m
*     [0;43m.[0m     [0;44m.[0m     [0;43m.[0m     *     *
   [0;43m.[0m     *     *     *     *
[0;34mO[0m     [0;33mO[0m     [0;43m.[0m     [0;43m.[0m     *     *
   *     *     [0;44m.[0m     *     *
      *     [0;44m.[0m     [0;43m.[0m     *      
   *     [0;33mO[0m     *     *     *
      [0;34mO[0m     *     *     *
         *     *     *
            *     *
                
-----------------------------------
-----------------------------------
S 3 12 M 3 14
                
            *     *
         *     *     *
      *     [0;44m.[0m     *     [0;34mO[0m
   [0;44m.[0m     [0;44m.[0m     *     [0;43m.[0m     *
      [0;43m.[0m     *     *     *      
   [0;43m.[0m     *     *     [0;34mO[0m     [0;44m.[0m
[0;44m.[0m     [0;43m.[0m     [0;44m.[0m     [0;44m.[0m     [0;44m.[0m     *
   [0;43m.[0m     *     [0;44m.[0m     [0;43m.[0m     [0;43m.[0m
[0;44m.[0m     [0;33mO[0m     [0;43m.[0m     [0;43m.[0m     *     *
   *     [0;44m.[0m     [0;43m.[0m     [0;33mO[0m     [0;43m.[0m
*     [0;44m.[0m     [0;44m.[0m     [0;43m.[0m     *     *
   [0;43m.[0m     *     *     *     *
[0;34mO[0m     [0;43m.[0m     [0;43m.[0m     [0;43m.[0m     *     *
   *     *     [0;44m.[0m     *     *
      *     [0;44m.[0m     [0;43m.[0m     *      
   *     [0;33mO[0m     *     *     *
      [0;34mO[0m     *     *     *
         *     *     *
            *     *
                
-----------------------------------
-----------------------------------
S 3 2 M 5 4
                
            *     *
         *     *     *
      *     [0;44m.[0m     *     [0;34mO[0m
   [0;44m.[0m     [0;44m.[0m     *     [0;43m.[0m     [0;34mO[0m
      [0;43m.[0m     *     *     *      
   [0;43m.[0m     *     *     [0;44m.[0m     [0;44m.[0m
[0;44m.[0m     [0;43m.[0m     [0;44m.[0m     [0;44m.[0m     [0;44m.[0m     *
   [0;43m.[0m     *     [0;44m.[0m     [0;43m.[0m     [0;43m.[0m
[0;44m.[0m     [0;33mO[0m     [0;43m.[0m     [0;43m.[0m     *     *
   *     [0;44m.[0m     [0;43m.[0m     [0;33mO[0m     [0;43m.[0m
*     [0;44m.[0m     [0;44m.[0m     [0;43m.[0m     *     *
   [0;43m.[0m     *     *     *     *
[0;34mO[0m     [0;43m.[0m     [0;43m.[0m     [0;43m.[0m     *     *
   *     *     [0;44m.[0m     *     *
      *     [0;44m.[0m     [0;43m.[0m     *      
   *     [0;33mO[0m     *     *     *
      [0;34mO[0m     *     *     *
         *     *     *
            *     *
                
-----------------------------------
-----------------------------------
S 3 14 M 1 3
                
            *     *
         *     *     *
      *     [0;44m.[0m     *     [0;34mO[0m
   [0;44m.[0m     [0;44m.[0m     *     [0;43m.[0m     [0;34mO[0m
      [0;43m.[0m     *     *     *      
   [0;43m.[0m     *     *     [0;44m.[0m     [0;44m.[0m
[0;44m.[0m     [0;43m.[0m     [0;44m.[0m     [0;44m.[0m     [0;44m.[0m     *
   [0;43m.[0m     *     [0;44m.[0m     [0;43m.[0m     [0;43m.[0m
[0;44m.[0m     [0;43m.[0m     [0;43m.[0m     [0;43m.[0m     *     *
   *     [0;43m.[0m     [0;43m.[0m     [0;33mO[0m     [0;43m.[0m
*     [0;44m.[0m     [0;43m.[0m     [0;43m.[0m     *     *
   [0;43m.[0m     *     [0;33mO[0m     *     *
[0;34mO[0m     [0;43m.[0m     [0;43m.[0m     [0;43m.[0m     *     *
   *     *     [0;44m.[0m     *     *
      *     [0;44m.[0m     [0;43m.[0m     *      
   *     [0;33mO[0m     *     *     *
      [0;34mO[0m     *     *     *
         *     *     *
            *     *
                
-----------------------------------
-----------------------------------
S 5 4 M 4 3
                
            *     *
         *     *     *
      *     [0;44m.[0m     *     [0;34mO[0m
   [0;44m.[0m     [0;44m.[0m     *     [0;43m.[0m     [0;44m.[0m
      [0;43m.[0m     *     *     [0;34mO[0m      
   [0;43m.[0m     *     *     [0;44m.[0m     [0;44m.[0m
[0;44m.[0m     [0;43m.[0m     [0;44m.[0m     [0;44m.[0m     [0;44m.[0m     *
   [0;43m.[0m     *     [0;44m.[0m     [0;43m.[0m     [0;43m.[0m
[0;44m.[0m     [0;43m.[0m     [0;43m.[0m     [0;43m.[0m     *     *
   *     [0;43m.[0m     [0;43m.[0m     [0;33mO[0m     [0;43m.[0m
*     [0;44m.[0m     [0;43m.[0m     [0;43m.[0m     *     *
   [0;43m.[0m     *     [0;33mO[0m     *     *
[0;34mO[0m     [0;43m.[0m     [0;43m.[0m     [0;43m.[0m     *     *
   *     *     [0;44m.[0m     *     *
      *     [0;44m.[0m     [0;43m.[0m     *      
   *     [0;33mO[0m     *     *     *
      [0;34mO[0m     *     *     *
         *     *     *
            *     *
                
-----------------------------------
-----------------------------------
S 1 3 M 2 0 RS 4 19 RE 1 3 X 2 3
                
            *     *
         *     *     *
      *     [0;44m.[0m     *     [0;34mO[0m
   [0;44m.[0m     [0;44m.[0m     *     [0;43m.[0m     [0;44m.[0m
      [0;43m.[0m     *     *     [0;34mO[0m      
   [0;43m.[0m     *     [0;33mO[0m     [0;44m.[0m     [0;44m.[0m
[0;44m.[0m     [0;43m.[0m     [0;44m.[0m     [0;44m.[0m     [0;44m.[0m     *
   *     *     [0;43m.[0m     [0;43m.[0m     [0;43m.[0m
[0;44m.[0m     *     [0;43m.[0m     [0;43m.[0m     *     *
   *     *     [0;44m.[0m     *     [0;43m.[0m
*     [0;44m.[0m     *     [0;43m.[0m     *     *
   [0;43m.[0m     *     *     *     *
[0;34mO[0m     [0;43m.[0m     [0;43m.[0m     [0;43m.[0m     *     *
   *     *     [0;44m.[0m     *     *
      *     [0;44m.[0m     [0;43m.[0m     *      
   *     [0;33mO[0m     *     *     *
      [0;34mO[0m     *     *     *
         *     *     *
            *     *
                
-----------------------------------
***********************************

-> You are player 1
-> You are alloted a time of 120s

***********************************

Time remaining is: 120s
You played : P 0 0
P 0 0 True
Player 2 played : P 4 23
P 4 23 True
Time remaining is: 120s
You played : P 1 5
P 1 5 True
Player 2 played : P 2 11
P 2 11 True
Time remaining is: 120s
You played : P 1 1
P 1 1 True
Player 2 played : P 4 17
P 4 17 True
Time remaining is: 120s
You played : P 1 3
P 1 3 True
Player 2 played : P 2 9
P 2 9 True
Time remaining is: 120s
You played : P 1 2
P 1 2 True
Player 2 played : P 3 15
P 3 15 True
Time remaining is: 120s
You played : S 1 5 M 1 0
S 1 5 True
M 1 0 True
Player 2 played : S 3 15 M 2 10
S 3 15 True
M 2 10 True
Time remaining is: 120s
You played : S 1 3 M 1 4
S 1 3 True
M 1 4 True
Player 2 played : S 2 10 M 4 20
S 2 10 True
M 4 20 True
Time remaining is: 120s
You played : S 1 2 M 2 7
S 1 2 True
M 2 7 True
Player 2 played : S 2 9 M 2 8
S 2 9 True
M 2 8 True
Time remaining is: 120s
You played : S 1 4 M 3 14
S 1 4 True
M 3 14 True
Player 2 played : S 2 8 M 3 11
S 2 8 True
M 3 11 True
Time remaining is: 119s
You played : S 3 14 M 4 18
S 3 14 True
M 4 18 True
Player 2 played : S 3 11 M 4 14
S 3 11 True
M 4 14 True
Time remaining is: 119s
You played : S 0 0 M 2 6
S 0 0 True
M 2 6 True
Player 2 played : S 4 20 M 4 21
S 4 20 True
M 4 21 True
Time remaining is: 119s
You played : S 2 7 M 3 10
S 2 7 True
M 3 10 True
Player 2 played : S 4 21 M 4 22
S 4 21 True
M 4 22 True
Time remaining is: 119s
You played : S 1 0 M 2 1
S 1 0 True
M 2 1 True
Player 2 played : S 4 22 M 5 24
S 4 22 True
M 5 24 True
Time remaining is: 119s
You played : S 2 6 M 2 5
S 2 6 True
M 2 5 True
Player 2 played : S 5 24 M 5 23
S 5 24 True
M 5 23 True
Time remaining is: 119s
You played : S 2 5 M 3 8 RS 3 14 RE 2 5 X 4 18
S 2 5 True
M 3 8 True
RS 3 14 True
RE 2 5 True
X 4 18 True
Player 2 played : S 5 23 M 4 19
S 5 23 True
M 4 19 True
Time remaining is: 119s
You played : S 3 8 M 4 11
S 3 8 True
M 4 11 True
Player 2 played : S 4 19 M 5 26
S 4 19 True
M 5 26 True
Time remaining is: 119s
You played : S 2 1 M 3 2
S 2 1 True
M 3 2 True
Player 2 played : S 5 26 M 4 18
S 5 26 True
M 4 18 True
Time remaining is: 119s
You played : S 3 2 M 4 3
S 3 2 True
M 4 3 True
Player 2 played : S 2 11 M 1 4
S 2 11 True
M 1 4 True
Time remaining is: 119s
You played : S 4 3 M 5 4
S 4 3 True
M 5 4 True
Player 2 played : S 4 23 M 3 3
S 4 23 True
M 3 3 True
Time remaining is: 119s
You played : S 1 1 M 2 2
S 1 1 True
M 2 2 True
Player 2 played : S 4 17 M 3 13
S 4 17 True
M 3 13 True
Time remaining is: 119s
You played : S 2 2 M 4 2
S 2 2 True
M 4 2 True
Player 2 played : S 3 3 M 5 3
S 3 3 True
M 5 3 True
Time remaining is: 119s
You played : S 4 2 M 4 4
S 4 2 True
M 4 4 True
Player 2 played : S 4 14 M 5 18
S 4 14 True
M 5 18 True
Time remaining is: 119s
You played : S 4 4 M 4 6
S 4 4 True
M 4 6 True
Player 2 played : S 1 4 M 2 9
S 1 4 True
M 2 9 True
Time remaining is: 119s
You played : S 5 4 M 4 5 RS 1 0 RE 5 4 X 4 11
S 5 4 True
M 4 5 True
RS 1 0 True
RE 5 4 True
X 4 11 True
Player 2 played : S 2 9 M 1 0 RS 4 14 RE 2 10 X 4 18
S 2 9 True
M 1 0 True
RS 4 14 True
RE 2 10 True
X 4 18 True
Time remaining is: 119s
You played : S 3 10 M 3 12
S 3 10 True
M 3 12 True
Player 2 played : S 1 0 M 2 1
S 1 0 True
M 2 1 True
Time remaining is: 118s
You played : S 4 6 M 2 5
S 4 6 True
M 2 5 True
Player 2 played : S 2 1 M 3 2
S 2 1 True
M 3 2 True
Time remaining is: 118s
You played : S 2 5 M 4 14
S 2 5 True
M 4 14 True
Player 2 played : S 3 13 M 2 9
S 3 13 True
M 2 9 True
Time remaining is: 118s
You played : S 4 5 M 2 3
S 4 5 True
M 2 3 True
Player 2 played : S 2 9 M 5 21
S 2 9 True
M 5 21 True
Time remaining is: 118s
You played : S 3 12 M 3 14
S 3 12 True
M 3 14 True
Player 2 played : S 3 2 M 5 4
S 3 2 True
M 5 4 True
Time remaining is: 118s
You played : S 3 14 M 1 3
S 3 14 True
M 1 3 True
Player 2 played : S 5 4 M 4 3
S 5 4 True
M 4 3 True
Time remaining is: 118s
You played : S 1 3 M 2 0 RS 4 19 RE 1 3 X 2 3
S 1 3 True
M 2 0 True
RS 4 19 True
RE 1 3 True
X 2 3 True
YOU WIN!
Your Score : 9.016
Opponent's Score : 1.015
