-----------------------------My Move P 5 14
  
            .     .              
         .     .     .           
      .     .     .     .        
   .     .     .     .     .     
      .     .     .     .        
   .     .     .     .     .     
.     .     .     .     .     .  
   .     .     .     .     .     
.     .     .     .     .     .  
   .     .     #     .     .     
.     .     .     .     .     .  
   .     .     .     .     .     
.     .     .     .     .     .  
   .     .     .     .     .     
      .     .     .     .        
   .     .     .     .     .     
      .     .     .     .        
         .     .     .           
            .     0              
-----------------------------Opp Move P 3 9
0:0 1:3 2:0 3:0 4:0 5:0 6:3 7:0 8:0 9:0 10:0 0:0 1:6 2:0 3:0 4:0 5:0 6:6 7:0 8:0 9:0 10:0   
            .     .              
         .     .     .           
      .     .     .     .        
   .     .     .     .     .     
      .     .     .     .        
   .     .     .     .     .     
.     .     .     .     .     .  
   .     .     .     .     .     
.     .     .     .     .     .  
   .     .     #     .     .     
.     .     .     .     .     .  
   .     .     .     .     .     
.     .     .     .     .     .  
   .     .     .     .     .     
      .     .     .     .        
   .     .     #     .     .     
      .     .     .     .        
         .     .     .           
            .     0              
-----------------------------My Move P 5 13
  
            .     .              
         .     .     .           
      .     .     .     .        
   .     .     .     .     .     
      .     .     .     .        
   .     .     .     .     .     
.     .     .     .     .     .  
   .     .     .     .     .     
.     .     .     .     .     .  
   .     .     #     .     .     
.     .     .     .     .     .  
   .     .     .     .     .     
.     .     .     .     .     .  
   .     .     .     .     .     
      .     .     .     .        
   .     .     #     .     .     
      .     .     .     .        
         .     .     0           
            .     0              
-----------------------------Opp Move P 3 8
0:0 1:5 2:1 3:0 4:0 5:0 6:5 7:1 8:0 9:0 10:0 0:0 1:8 2:1 3:0 4:0 5:0 6:8 7:1 8:0 9:0 10:0   
            .     .              
         .     .     .           
      .     .     .     .        
   .     .     .     .     .     
      .     .     .     .        
   .     .     .     .     .     
.     .     .     .     .     .  
   .     .     .     .     .     
.     .     .     .     .     .  
   .     .     #     .     .     
.     .     .     .     .     .  
   .     .     .     .     .     
.     .     .     .     .     .  
   .     .     .     .     .     
      .     .     #     .        
   .     .     #     .     .     
      .     .     .     .        
         .     .     0           
            .     0              
-----------------------------My Move P 5 12
  
            .     .              
         .     .     .           
      .     .     .     .        
   .     .     .     .     .     
      .     .     .     .        
   .     .     .     .     .     
.     .     .     .     .     .  
   .     .     .     .     .     
.     .     .     .     .     .  
   .     .     #     .     .     
.     .     .     .     .     .  
   .     .     .     .     .     
.     .     .     .     .     .  
   .     .     .     .     .     
      .     .     #     .        
   .     .     #     .     .     
      .     .     .     0        
         .     .     0           
            .     0              
-----------------------------Opp Move P 4 16
0:0 1:7 2:1 3:1 4:0 5:0 6:7 7:1 8:1 9:0 10:0 0:0 1:11 2:1 3:0 4:0 5:0 6:11 7:1 8:0 9:0 10:0   
            .     .              
         .     .     .           
      .     .     .     .        
   .     .     .     .     .     
      .     .     .     .        
   .     .     .     .     .     
.     .     .     .     .     .  
   .     .     .     .     .     
.     .     .     .     .     .  
   .     .     #     .     .     
.     .     .     .     .     .  
   .     .     .     .     .     
.     .     .     .     .     .  
   #     .     .     .     .     
      .     .     #     .        
   .     .     #     .     .     
      .     .     .     0        
         .     .     0           
            .     0              
-----------------------------My Move P 5 11
  
            .     .              
         .     .     .           
      .     .     .     .        
   .     .     .     .     .     
      .     .     .     .        
   .     .     .     .     .     
.     .     .     .     .     .  
   .     .     .     .     .     
.     .     .     .     .     .  
   .     .     #     .     .     
.     .     .     .     .     .  
   .     .     .     .     .     
.     .     .     .     .     .  
   #     .     .     .     .     
      .     .     #     .        
   .     .     #     .     0     
      .     .     .     0        
         .     .     0           
            .     0              
-----------------------------Opp Move P 4 20
0:0 1:9 2:1 3:1 4:1 5:0 6:9 7:1 8:1 9:1 10:0 0:0 1:14 2:1 3:0 4:0 5:0 6:14 7:1 8:0 9:0 10:0   
            .     .              
         .     .     .           
      .     .     .     .        
   .     .     .     .     .     
      .     .     .     .        
   #     .     .     .     .     
.     .     .     .     .     .  
   .     .     .     .     .     
.     .     .     .     .     .  
   .     .     #     .     .     
.     .     .     .     .     .  
   .     .     .     .     .     
.     .     .     .     .     .  
   #     .     .     .     .     
      .     .     #     .        
   .     .     #     .     0     
      .     .     .     0        
         .     .     0           
            .     0              
-----------------------------My Move P 5 16
  
            .     .              
         .     .     .           
      .     .     .     .        
   .     .     .     .     .     
      .     .     .     .        
   #     .     .     .     .     
.     .     .     .     .     .  
   .     .     .     .     .     
.     .     .     .     .     .  
   .     .     #     .     .     
.     .     .     .     .     .  
   .     .     .     .     .     
.     .     .     .     .     .  
   #     .     .     .     .     
      .     .     #     .        
   .     .     #     .     0     
      .     .     .     0        
         .     .     0           
            0     0              
-----------------------------Opp Move S 3 9 M 3 11
0:0 1:12 2:1 3:1 4:1 5:0 6:12 7:1 8:1 9:1 10:0 0:0 1:17 2:1 3:0 4:0 5:0 6:14 7:1 8:0 9:0 10:0   
            .     .              
         .     .     .           
      .     .     .     .        
   .     .     .     .     .     
      .     .     .     .        
   #     .     .     .     .     
.     .     .     .     .     .  
   .     .     .     .     .     
.     .     .     .     .     .  
   .     .     #     .     .     
.     .     .     .     .     .  
   .     .     .     .     .     
.     .     .     .     .     .  
   #     #     .     .     .     
      .     .     #     .        
   .     .     x     .     0     
      .     .     .     0        
         .     .     0           
            0     0              
-----------------------Eval=1040
my ring out0
opp ring out0
-----------------------------My Move S 5 11 M 3 7
  
            .     .              
         .     .     .           
      .     .     .     .        
   .     .     .     .     .     
      .     .     .     .        
   #     .     .     .     .     
.     .     .     .     .     .  
   .     .     .     .     .     
.     .     .     .     .     .  
   .     .     #     .     .     
.     .     .     .     .     .  
   .     .     .     .     .     
.     .     .     .     .     .  
   #     #     .     0     .     
      .     .     #     .        
   .     .     x     .     o     
      .     .     .     0        
         .     .     0           
            0     0              
-----------------------------Opp Move S 4 20 M 4 22
0:0 1:15 2:1 3:1 4:1 5:0 6:13 7:1 8:1 9:0 10:0 0:0 1:20 2:1 3:0 4:0 5:0 6:14 7:1 8:0 9:0 10:0   
            .     .              
         .     .     .           
      .     .     .     .        
   .     #     .     .     .     
      .     .     .     .        
   x     .     .     .     .     
.     .     .     .     .     .  
   .     .     .     .     .     
.     .     .     .     .     .  
   .     .     #     .     .     
.     .     .     .     .     .  
   .     .     .     .     .     
.     .     .     .     .     .  
   #     #     .     0     .     
      .     .     #     .        
   .     .     x     .     o     
      .     .     .     0        
         .     .     0           
            0     0              
-----------------------Eval=2022
my ring out0
opp ring out0
-----------------------------My Move S 5 12 M 4 9
  
            .     .              
         .     .     .           
      .     .     .     .        
   .     #     .     .     .     
      .     .     .     .        
   x     .     .     .     .     
.     .     .     .     .     .  
   .     .     .     .     .     
.     .     .     .     .     .  
   .     .     #     .     .     
.     .     .     .     .     .  
   .     .     .     .     .     
.     .     .     .     .     .  
   #     #     .     0     .     
      .     .     #     0        
   .     .     x     .     o     
      .     .     .     o        
         .     .     0           
            0     0              
-----------------------------Opp Move S 3 11 M 2 7
0:0 1:15 2:3 3:2 4:1 5:0 6:12 7:3 8:0 9:0 10:0 0:0 1:22 2:2 3:0 4:0 5:0 6:13 7:2 8:0 9:0 10:0   
            .     .              
         .     .     .           
      .     .     .     .        
   .     #     .     .     .     
      .     .     .     .        
   x     .     .     .     .     
.     .     .     .     .     .  
   .     .     .     .     .     
.     .     .     .     .     .  
   .     .     #     .     .     
.     .     .     .     .     .  
   .     .     .     .     .     
.     .     #     .     .     .  
   #     x     .     0     .     
      .     .     #     0        
   .     .     x     .     o     
      .     .     .     o        
         .     .     0           
            0     0              
-----------------------Eval=2098
my ring out0
opp ring out0
-----------------------------My Move S 5 13 M 3 10
  
            .     .              
         .     .     .           
      .     .     .     .        
   .     #     .     .     .     
      .     .     .     .        
   x     .     .     .     .     
.     .     .     .     .     .  
   .     .     .     .     .     
.     .     .     .     .     .  
   .     .     #     .     .     
.     .     .     .     .     .  
   .     .     .     .     .     
.     .     #     .     .     .  
   #     x     .     0     .     
      .     0     #     0        
   .     .     o     .     o     
      .     .     .     o        
         .     .     o           
            0     0              
-----------------------------Opp Move S 4 16 M 3 12
0:0 1:20 2:4 3:2 4:1 5:0 6:13 7:2 8:0 9:0 10:0 0:0 1:21 2:3 3:0 4:0 5:0 6:13 7:2 8:0 9:0 10:0   
            .     .              
         .     .     .           
      .     .     .     .        
   .     #     .     .     .     
      .     .     .     .        
   x     .     .     .     .     
.     .     .     .     .     .  
   .     .     .     .     .     
.     .     .     .     .     .  
   .     .     #     .     .     
.     .     .     .     .     .  
   .     .     .     .     .     
.     #     #     .     .     .  
   x     x     .     0     .     
      .     0     #     0        
   .     .     o     .     o     
      .     .     .     o        
         .     .     o           
            0     0              
-----------------------Eval=3087
my ring out0
opp ring out0
-----------------------------My Move S 3 7 M 2 5
  
            .     .              
         .     .     .           
      .     .     .     .        
   .     #     .     .     .     
      .     .     .     .        
   x     .     .     .     .     
.     .     .     .     .     .  
   .     .     .     .     .     
.     .     .     .     .     .  
   .     .     #     .     .     
.     .     .     .     .     .  
   .     .     .     .     .     
.     #     #     0     .     .  
   x     x     .     o     .     
      .     0     #     0        
   .     .     o     .     o     
      .     .     .     o        
         .     .     o           
            0     0              
-----------------------------Opp Move S 4 22 M 4 21
0:0 1:22 2:4 3:2 4:2 5:0 6:13 7:1 8:1 9:0 10:0 0:0 1:22 2:4 3:1 4:0 5:0 6:12 7:3 8:0 9:0 10:0   
            .     .              
         .     .     .           
      .     .     .     .        
   .     x     .     .     .     
      #     .     .     .        
   x     .     .     .     .     
.     .     .     .     .     .  
   .     .     .     .     .     
.     .     .     .     .     .  
   .     .     #     .     .     
.     .     .     .     .     .  
   .     .     .     .     .     
.     #     #     0     .     .  
   x     x     .     o     .     
      .     0     #     0        
   .     .     o     .     o     
      .     .     .     o        
         .     .     o           
            0     0              
-----------------------Eval=3136
my ring out0
opp ring out0
-----------------------------My Move S 4 9 M 4 10
  
            .     .              
         .     .     .           
      .     .     .     .        
   .     x     .     .     .     
      #     .     .     .        
   x     .     .     .     .     
.     .     .     .     .     .  
   .     .     .     .     .     
.     .     .     .     .     .  
   .     .     #     .     .     
.     .     .     .     .     .  
   .     .     .     .     .     
.     #     #     0     .     .  
   x     x     .     o     .     
      .     0     #     o        
   .     .     o     0     o     
      .     .     .     o        
         .     .     o           
            0     0              
-----------------------------Opp Move S 4 21 M 2 11
0:0 1:21 2:7 3:3 4:2 5:0 6:14 7:1 8:0 9:0 10:0 0:0 1:25 2:4 3:1 4:0 5:0 6:13 7:2 8:0 9:0 10:0   
            .     .              
         .     .     .           
      .     .     .     .        
   .     x     .     .     .     
      x     .     .     .        
   x     .     .     .     .     
.     .     #     .     .     .  
   .     .     .     .     .     
.     .     .     .     .     .  
   .     .     #     .     .     
.     .     .     .     .     .  
   .     .     .     .     .     
.     #     #     0     .     .  
   x     x     .     o     .     
      .     0     #     o        
   .     .     o     0     o     
      .     .     .     o        
         .     .     o           
            0     0              
-----------------------Eval=27595
my ring out0
opp ring out0
-----------------------------My Move S 2 5 M 1 3
  
            .     .              
         .     .     .           
      .     .     .     .        
   .     x     .     .     .     
      x     .     .     .        
   x     .     .     .     .     
.     .     #     .     .     .  
   .     .     .     .     .     
.     .     .     .     .     .  
   .     .     #     .     .     
.     .     .     .     .     .  
   .     .     0     .     .     
.     #     #     o     .     .  
   x     x     .     o     .     
      .     0     #     o        
   .     .     o     0     o     
      .     .     .     o        
         .     .     o           
            0     0              
-----------------------------Opp Move S 3 12 M 5 22
0:0 1:23 2:7 3:3 4:2 5:1 6:14 7:1 8:0 9:0 10:0 0:0 1:28 2:4 3:1 4:0 5:0 6:14 7:1 8:0 9:0 10:0   
            .     .              
         .     .     .           
      .     .     .     .        
   .     x     .     .     .     
      x     .     .     .        
   x     .     .     .     .     
.     .     #     .     .     .  
   .     .     .     .     .     
.     .     .     .     .     .  
   .     .     #     .     .     
#     .     .     .     .     .  
   .     .     0     .     .     
.     x     #     o     .     .  
   x     x     .     o     .     
      .     0     #     o        
   .     .     o     0     o     
      .     .     .     o        
         .     .     o           
            0     0              
-----------------------Eval=212556
my ring out0
opp ring out0
-----------------------------My Move S 1 3 M 5 24 RS 1 3 RE 5 11 X 5 16
  
            .     .              
         .     .     .           
      .     .     .     .        
   .     x     .     .     .     
      x     .     .     .        
   x     .     .     .     .     
0     .     #     .     .     .  
   .     .     .     .     .     
.     .     .     .     .     .  
   .     .     #     .     .     
#     .     .     .     .     .  
   .     .     .     .     .     
.     x     #     .     .     .  
   x     x     .     .     .     
      .     0     #     .        
   .     .     o     0     .     
      .     .     .     o        
         .     .     o           
            .     0              
-----------------------------Opp Move S 5 22 M 4 17
0:0 1:16 2:4 3:1 4:0 5:0 6:11 7:1 8:0 9:0 10:0 0:0 1:28 2:5 3:2 4:1 5:0 6:12 7:3 8:0 9:0 10:0   
            .     .              
         .     .     .           
      .     .     .     .        
   .     x     .     .     .     
      x     .     .     .        
   x     .     .     .     .     
0     .     #     .     .     .  
   .     .     .     .     .     
.     .     .     .     .     .  
   .     .     #     .     .     
x     .     .     .     .     .  
   #     .     .     .     .     
.     x     #     .     .     .  
   x     x     .     .     .     
      .     0     #     .        
   .     .     o     0     .     
      .     .     .     o        
         .     .     o           
            .     0              
-----------------------Eval=200487
my ring out1
opp ring out0
-----------------------------My Move S 4 10 M 4 11
  
            .     .              
         .     .     .           
      .     .     .     .        
   .     x     .     .     .     
      x     .     .     .        
   x     .     .     .     .     
0     .     #     .     .     .  
   .     .     .     .     .     
.     .     .     .     .     .  
   .     .     #     .     .     
x     .     .     .     .     .  
   #     .     .     .     .     
.     x     #     .     .     .  
   x     x     .     .     .     
      .     0     #     .        
   .     .     o     o     .     
      .     .     0     o        
         .     .     o           
            .     0              
-----------------------------Opp Move S 4 17 M 4 18
0:0 1:15 2:6 3:2 4:1 5:0 6:10 7:1 8:1 9:0 10:0 0:0 1:29 2:6 3:3 4:1 5:0 6:12 7:2 8:1 9:0 10:0   
            .     .              
         .     .     .           
      .     .     .     .        
   .     x     .     .     .     
      x     .     .     .        
   x     .     .     .     .     
0     .     #     .     .     .  
   .     .     .     .     .     
.     .     .     .     .     .  
   #     .     #     .     .     
x     .     .     .     .     .  
   x     .     .     .     .     
.     x     #     .     .     .  
   x     x     .     .     .     
      .     0     #     .        
   .     .     o     o     .     
      .     .     0     o        
         .     .     o           
            .     0              
-----------------------Eval=212491
my ring out1
opp ring out0
-----------------------------My Move S 5 14 M 4 14
  
            .     .              
         .     .     .           
      .     .     .     .        
   .     x     .     .     .     
      x     .     .     .        
   x     .     .     .     .     
0     .     #     .     .     .  
   .     .     .     .     .     
.     .     .     .     .     .  
   #     .     #     .     .     
x     .     .     .     .     .  
   x     .     .     .     .     
.     x     #     .     .     .  
   x     x     .     .     .     
      .     0     #     .        
   .     0     o     o     .     
      .     .     0     o        
         .     .     o           
            .     o              
-----------------------------Opp Move S 4 18 M 3 14
0:0 1:17 2:7 3:2 4:1 5:0 6:9 7:2 8:1 9:0 10:0 0:0 1:31 2:6 3:4 4:1 5:0 6:13 7:1 8:1 9:0 10:0   
            .     .              
         .     .     .           
      .     .     .     .        
   .     x     .     .     .     
      x     .     .     .        
   x     .     .     .     .     
0     .     #     .     .     .  
   .     .     .     .     .     
.     #     .     .     .     .  
   x     .     #     .     .     
x     .     .     .     .     .  
   x     .     .     .     .     
.     x     #     .     .     .  
   x     x     .     .     .     
      .     0     #     .        
   .     0     o     o     .     
      .     .     0     o        
         .     .     o           
            .     o              
-----------------------Eval=225534
my ring out1
opp ring out0
-----------------------------My Move S 5 24 M 4 19
  
            .     .              
         .     .     .           
      .     .     .     .        
   .     x     .     .     .     
      x     .     .     .        
   x     .     .     .     .     
o     .     #     .     .     .  
   0     .     .     .     .     
.     #     .     .     .     .  
   x     .     #     .     .     
x     .     .     .     .     .  
   x     .     .     .     .     
.     x     #     .     .     .  
   x     x     .     .     .     
      .     0     #     .        
   .     0     o     o     .     
      .     .     0     o        
         .     .     o           
            .     o              
-----------------------------Opp Move S 3 14 M 3 13
0:0 1:19 2:8 3:2 4:1 5:0 6:8 7:3 8:1 9:0 10:0 0:0 1:30 2:9 3:5 4:1 5:0 6:11 7:4 8:0 9:0 10:0   
            .     .              
         .     .     .           
      .     .     .     .        
   .     x     .     .     .     
      x     .     .     .        
   x     .     .     .     .     
o     .     #     .     .     .  
   0     .     .     .     .     
.     x     .     .     .     .  
   x     .     #     .     .     
x     #     .     .     .     .  
   x     .     .     .     .     
.     x     #     .     .     .  
   x     x     .     .     .     
      .     0     #     .        
   .     0     o     o     .     
      .     .     0     o        
         .     .     o           
            .     o              
-----------------------Eval=226016
my ring out1
opp ring out0
-----------------------------My Move S 4 14 M 2 8
  
            .     .              
         .     .     .           
      .     .     .     .        
   .     x     .     .     .     
      x     .     .     .        
   x     .     .     .     .     
o     .     #     .     .     .  
   0     .     .     .     .     
.     x     .     .     .     .  
   x     .     #     .     .     
x     #     .     .     .     .  
   x     0     .     .     .     
.     x     #     .     .     .  
   x     o     .     .     .     
      .     0     #     .        
   .     o     o     o     .     
      .     .     0     o        
         .     .     o           
            .     o              
-----------------------------Opp Move S 2 7 M 4 15
0:0 1:22 2:8 3:2 4:1 5:0 6:8 7:3 8:1 9:0 10:0 0:0 1:30 2:10 3:6 4:2 5:0 6:11 7:3 8:1 9:0 10:0   
            .     .              
         .     .     .           
      .     .     .     .        
   .     x     .     .     .     
      x     .     .     .        
   x     .     .     .     .     
o     .     #     .     .     .  
   0     .     .     .     .     
.     x     .     .     .     .  
   x     .     #     .     .     
x     #     .     .     .     .  
   x     0     .     .     .     
.     x     x     .     .     .  
   x     x     .     .     .     
      #     0     #     .        
   .     o     o     o     .     
      .     .     0     o        
         .     .     o           
            .     o              
-----------------------Eval=224950
my ring out1
opp ring out0
-----------------------------My Move S 2 8 M 5 17
  
            .     .              
         .     .     .           
      .     .     .     .        
   .     x     .     .     .     
      x     .     .     .        
   x     .     .     .     .     
o     .     #     .     .     .  
   0     .     .     .     .     
.     x     .     .     .     .  
   x     .     #     .     .     
x     #     .     .     .     .  
   x     o     .     .     .     
.     x     x     .     .     .  
   x     o     .     .     .     
      #     0     #     .        
   .     x     o     o     .     
      .     .     0     o        
         0     .     o           
            .     o              
-----------------------------Opp Move S 4 15 M 1 3
0:0 1:24 2:9 3:2 4:1 5:0 6:9 7:2 8:1 9:0 10:0 0:0 1:31 2:12 3:6 4:2 5:0 6:11 7:3 8:1 9:0 10:0   
            .     .              
         .     .     .           
      .     .     .     .        
   .     x     .     .     .     
      x     .     .     .        
   x     .     .     .     .     
o     .     #     .     .     .  
   0     .     .     .     .     
.     x     .     .     .     .  
   x     .     #     .     .     
x     #     .     .     .     .  
   x     o     #     .     .     
.     x     o     .     .     .  
   x     x     .     .     .     
      x     0     #     .        
   .     x     o     o     .     
      .     .     0     o        
         0     .     o           
            .     o              
-----------------------Eval=223528
my ring out1
opp ring out0
-----------------------------My Move S 4 19 M 5 19
  
            .     .              
         .     .     .           
      .     .     .     .        
   .     x     .     .     .     
      x     .     .     .        
   x     .     .     .     .     
o     .     #     .     .     .  
   o     .     .     .     .     
.     x     .     .     .     .  
   o     .     #     .     .     
x     #     .     .     .     .  
   o     o     #     .     .     
.     x     o     .     .     .  
   o     x     .     .     .     
      x     0     #     .        
   0     x     o     o     .     
      .     .     0     o        
         0     .     o           
            .     o              
-----------------------------Opp Move S 3 13 M 5 23
0:0 1:31 2:10 3:3 4:1 5:0 6:10 7:1 8:1 9:0 10:0 0:0 1:33 2:10 3:4 4:1 5:0 6:13 7:2 8:0 9:0 10:0   
            .     .              
         .     .     .           
      .     .     .     .        
   .     x     .     .     .     
      x     .     .     .        
   x     .     .     .     .     
o     .     #     .     .     .  
   o     .     .     .     .     
#     x     .     .     .     .  
   x     .     #     .     .     
x     x     .     .     .     .  
   o     o     #     .     .     
.     x     o     .     .     .  
   o     x     .     .     .     
      x     0     #     .        
   0     x     o     o     .     
      .     .     0     o        
         0     .     o           
            .     o              
-----------------------Eval=199943
my ring out1
opp ring out0
-----------------------------My Move S 5 17 M 2 9
  
            .     .              
         .     .     .           
      .     .     .     .        
   .     x     .     .     .     
      x     .     .     .        
   x     .     .     .     .     
o     .     #     .     .     .  
   o     .     .     .     .     
#     x     .     .     .     .  
   x     0     #     .     .     
x     x     .     .     .     .  
   o     x     #     .     .     
.     x     o     .     .     .  
   o     o     .     .     .     
      x     0     #     .        
   0     o     o     o     .     
      .     .     0     o        
         o     .     o           
            .     o              
-----------------------------Opp Move S 0 0 M 2 4
0:0 1:33 2:12 3:4 4:1 5:1 6:8 7:3 8:0 9:1 10:0 0:0 1:35 2:7 3:4 4:2 5:0 6:14 7:1 8:0 9:0 10:0   
            .     .              
         .     .     .           
      .     .     .     .        
   .     x     .     .     .     
      x     .     .     .        
   x     .     .     .     .     
o     .     #     .     .     .  
   o     .     .     .     .     
#     x     .     .     .     .  
   x     0     x     .     .     
x     x     .     .     .     .  
   o     x     #     #     .     
.     x     o     .     .     .  
   o     o     .     .     .     
      x     0     #     .        
   0     o     o     o     .     
      .     .     0     o        
         o     .     o           
            .     o              
-----------------------Eval=460812
my ring out1
opp ring out0
-----------------------------My Move S 3 10 M 5 18
  
            .     .              
         .     .     .           
      .     .     .     .        
   .     x     .     .     .     
      x     .     .     .        
   x     .     .     .     .     
o     .     #     .     .     .  
   o     .     .     .     .     
#     x     .     .     .     .  
   x     0     x     .     .     
x     x     .     .     .     .  
   o     x     #     #     .     
.     x     o     .     .     .  
   o     o     .     .     .     
      x     o     #     .        
   0     x     o     o     .     
      0     .     0     o        
         o     .     o           
            .     o              
-----------------------------Opp Move S 5 23 M 3 15
0:0 1:32 2:10 3:4 4:1 5:1 6:9 7:2 8:0 9:1 10:0 0:0 1:35 2:12 3:6 4:2 5:2 6:12 7:1 8:1 9:0 10:1   
            .     .              
         .     .     .           
      .     .     .     .        
   .     x     .     .     .     
      x     .     .     .        
   x     .     .     .     .     
o     #     #     .     .     .  
   x     .     .     .     .     
x     x     .     .     .     .  
   x     0     x     .     .     
x     x     .     .     .     .  
   o     x     #     #     .     
.     x     o     .     .     .  
   o     o     .     .     .     
      x     o     #     .        
   0     x     o     o     .     
      0     .     0     o        
         o     .     o           
            .     o              
-----------------------Eval=301052
my ring out1
opp ring out0
-----------------------------My Move S 4 11 M 5 16 RS 3 11 RE 5 13 X 2 9
  
            .     .              
         .     .     .           
      .     .     .     .        
   .     x     .     .     .     
      x     .     .     .        
   x     .     .     .     .     
o     #     #     .     .     .  
   x     .     .     .     .     
x     x     .     .     .     .  
   x     .     x     .     .     
x     x     .     .     .     .  
   o     x     #     #     .     
.     x     o     .     .     .  
   o     .     .     .     .     
      x     .     #     .        
   0     x     .     o     .     
      0     .     .     o        
         o     .     .           
            0     o              
-----------------------------Opp Move S 3 15 M 4 1 RS 4 15 RE 3 15 X 3 8
0:0 1:27 2:3 3:2 4:1 5:0 6:7 7:1 8:0 9:1 10:0 0:0 1:33 2:7 3:2 4:0 5:0 6:12 7:0 8:0 9:0 10:0   
            .     .              
         .     .     .           
      .     .     #     .        
   .     x     .     .     .     
      x     .     .     .        
   x     .     .     .     .     
o     .     #     .     .     .  
   x     .     .     .     .     
x     .     .     .     .     .  
   x     .     x     .     .     
x     .     .     .     .     .  
   o     x     #     #     .     
.     .     o     .     .     .  
   o     .     .     .     .     
      .     .     .     .        
   0     x     .     o     .     
      0     .     .     o        
         o     .     .           
            0     o              
-----------------------Eval=301564
my ring out2
opp ring out1
-----------------------------My Move S 5 16 M 4 11
  
            .     .              
         .     .     .           
      .     .     #     .        
   .     x     .     .     .     
      x     .     .     .        
   x     .     .     .     .     
o     .     #     .     .     .  
   x     .     .     .     .     
x     .     .     .     .     .  
   x     .     x     .     .     
x     .     .     .     .     .  
   o     x     #     #     .     
.     .     o     .     .     .  
   o     .     .     .     .     
      .     .     .     .        
   0     x     .     o     .     
      0     .     0     o        
         o     .     .           
            o     o              
-----------------------------Opp Move S 2 4 M 3 7
0:0 1:28 2:5 3:2 4:1 5:0 6:7 7:2 8:0 9:0 10:0 0:0 1:35 2:8 3:2 4:0 5:0 6:12 7:0 8:0 9:0 10:0   
            .     .              
         .     .     .           
      .     .     #     .        
   .     x     .     .     .     
      x     .     .     .        
   x     .     .     .     .     
o     .     #     .     .     .  
   x     .     .     .     .     
x     .     .     .     .     .  
   x     .     x     .     .     
x     .     .     .     .     .  
   o     x     #     x     .     
.     .     o     .     .     .  
   o     .     .     #     .     
      .     .     .     .        
   0     x     .     o     .     
      0     .     0     o        
         o     .     .           
            o     o              
-----------------------Eval=301604
my ring out2
opp ring out1
-----------------------------My Move S 5 19 M 5 26
  
            .     .              
         .     .     .           
      .     .     #     .        
   0     x     .     .     .     
      x     .     .     .        
   o     .     .     .     .     
o     .     #     .     .     .  
   o     .     .     .     .     
x     .     .     .     .     .  
   o     .     x     .     .     
x     .     .     .     .     .  
   x     x     #     x     .     
.     .     o     .     .     .  
   x     .     .     #     .     
      .     .     .     .        
   o     x     .     o     .     
      0     .     0     o        
         o     .     .           
            o     o              
-----------------------------Opp Move S 3 7 M 5 13
0:0 1:30 2:5 3:2 4:2 5:0 6:6 7:2 8:0 9:1 10:0 0:0 1:40 2:6 3:1 4:1 5:0 6:12 7:0 8:0 9:0 10:0   
            .     .              
         .     .     .           
      .     .     #     .        
   0     x     .     .     .     
      x     .     .     .        
   o     .     .     .     .     
o     .     #     .     .     .  
   o     .     .     .     .     
x     .     .     .     .     .  
   o     .     x     .     .     
x     .     .     .     .     .  
   x     x     #     x     .     
.     .     o     .     .     .  
   x     .     .     x     .     
      .     .     .     .        
   o     x     .     x     .     
      0     .     0     o        
         o     .     #           
            o     o              
-----------------------Eval=302082
my ring out2
opp ring out1
-----------------------------My Move S 5 26 M 3 16
  
            .     .              
         .     .     .           
      .     .     #     .        
   o     x     .     .     .     
      o     .     .     .        
   o     0     .     .     .     
o     .     #     .     .     .  
   o     .     .     .     .     
x     .     .     .     .     .  
   o     .     x     .     .     
x     .     .     .     .     .  
   x     x     #     x     .     
.     .     o     .     .     .  
   x     .     .     x     .     
      .     .     .     .        
   o     x     .     x     .     
      0     .     0     o        
         o     .     #           
            o     o              
-----------------------------Opp Move S 5 13 M 5 11
0:0 1:30 2:6 3:4 4:2 5:0 6:6 7:2 8:1 9:0 10:0 0:0 1:41 2:7 3:2 4:1 5:0 6:11 7:0 8:1 9:0 10:0   
            .     .              
         .     .     .           
      .     .     #     .        
   o     x     .     .     .     
      o     .     .     .        
   o     0     .     .     .     
o     .     #     .     .     .  
   o     .     .     .     .     
x     .     .     .     .     .  
   o     .     x     .     .     
x     .     .     .     .     .  
   x     x     #     x     .     
.     .     o     .     .     .  
   x     .     .     x     .     
      .     .     .     .        
   o     x     .     x     #     
      0     .     0     x        
         o     .     x           
            o     o              
-----------------------Eval=1287456
my ring out2
opp ring out1
-----------------------------My Move S 3 16 M 2 9
  
            .     .              
         .     .     .           
      .     .     #     .        
   o     x     .     .     .     
      o     .     .     .        
   o     o     .     .     .     
o     .     #     .     .     .  
   o     .     .     .     .     
x     .     .     .     .     .  
   o     0     x     .     .     
x     .     .     .     .     .  
   x     x     #     x     .     
.     .     o     .     .     .  
   x     .     .     x     .     
      .     .     .     .        
   o     x     .     x     #     
      0     .     0     x        
         o     .     x           
            o     o              
-----------------------------Opp Move S 5 11 M 4 7
0:0 1:33 2:6 3:4 4:2 5:0 6:7 7:2 8:0 9:0 10:0 0:0 1:44 2:7 3:2 4:1 5:0 6:12 7:0 8:0 9:0 10:0   
            .     .              
         .     .     .           
      .     .     #     .        
   o     x     .     .     .     
      o     .     .     .        
   o     o     .     .     .     
o     .     #     .     .     .  
   o     .     .     .     .     
x     .     .     .     .     .  
   o     0     x     .     .     
x     .     .     .     .     .  
   x     x     #     x     #     
.     .     o     .     .     .  
   x     .     .     x     .     
      .     .     .     .        
   o     x     .     x     x     
      0     .     0     x        
         o     .     x           
            o     o              
-----------------------Eval=1300917
my ring out2
opp ring out1
-----------------------------My Move S 4 11 M 4 9
  
            .     .              
         .     .     .           
      .     .     #     .        
   o     x     .     .     .     
      o     .     .     .        
   o     o     .     .     .     
o     .     #     .     .     .  
   o     .     .     .     .     
x     .     .     .     .     .  
   o     0     x     .     .     
x     .     .     .     .     .  
   x     x     #     x     #     
.     .     o     .     .     .  
   x     .     .     x     .     
      .     .     .     0        
   o     x     .     o     x     
      0     .     o     x        
         o     .     x           
            o     o              
-----------------------------Opp Move S 1 3 M 3 11
0:0 1:34 2:7 3:5 4:2 5:0 6:7 7:1 8:1 9:0 10:0 0:0 1:45 2:9 3:3 4:0 5:0 6:11 7:1 8:0 9:0 10:0   
            .     .              
         .     .     .           
      .     .     #     .        
   o     x     .     .     .     
      o     .     .     .        
   o     o     .     .     .     
o     .     #     .     .     .  
   o     .     .     .     .     
x     .     .     .     .     .  
   o     0     x     .     .     
x     .     .     .     .     .  
   x     x     x     x     #     
.     .     x     .     .     .  
   x     #     .     x     .     
      .     .     .     0        
   o     x     .     o     x     
      0     .     o     x        
         o     .     x           
            o     o              
-----------------------Eval=1300917
my ring out2
opp ring out1
-----------------------------My Move S 2 9 M 5 21 RS 4 17 RE 5 26 X 5 21
  
            .     .              
         .     .     .           
      .     .     #     .        
   .     x     .     .     .     
      o     .     .     .        
   .     o     .     .     .     
o     .     #     .     .     .  
   .     .     .     .     .     
x     .     .     .     .     .  
   .     o     x     .     .     
x     .     .     .     .     .  
   .     x     x     x     #     
.     .     x     .     .     .  
   x     #     .     x     .     
      .     .     .     0        
   o     x     .     o     x     
      0     .     o     x        
         o     .     x           
            o     o              
***********************************

-> You are player 2
-> You are alloted a time of 120s

***********************************

Player 1 played : P 0 0
P 0 0 True
Time remaining is: 120s
You played : P 5 14
P 5 14 True
Player 1 played : P 3 9
P 3 9 True
Time remaining is: 120s
You played : P 5 13
P 5 13 True
Player 1 played : P 3 8
P 3 8 True
Time remaining is: 120s
You played : P 5 12
P 5 12 True
Player 1 played : P 4 16
P 4 16 True
Time remaining is: 120s
You played : P 5 11
P 5 11 True
Player 1 played : P 4 20
P 4 20 True
Time remaining is: 120s
You played : P 5 16
P 5 16 True
Player 1 played : S 3 9 M 3 11
S 3 9 True
M 3 11 True
Time remaining is: 120s
You played : S 5 11 M 3 7
S 5 11 True
M 3 7 True
Player 1 played : S 4 20 M 4 22
S 4 20 True
M 4 22 True
Time remaining is: 120s
You played : S 5 12 M 4 9
S 5 12 True
M 4 9 True
Player 1 played : S 3 11 M 2 7
S 3 11 True
M 2 7 True
Time remaining is: 120s
You played : S 5 13 M 3 10
S 5 13 True
M 3 10 True
Player 1 played : S 4 16 M 3 12
S 4 16 True
M 3 12 True
Time remaining is: 120s
You played : S 3 7 M 2 5
S 3 7 True
M 2 5 True
Player 1 played : S 4 22 M 4 21
S 4 22 True
M 4 21 True
Time remaining is: 119s
You played : S 4 9 M 4 10
S 4 9 True
M 4 10 True
Player 1 played : S 4 21 M 2 11
S 4 21 True
M 2 11 True
Time remaining is: 119s
You played : S 2 5 M 1 3
S 2 5 True
M 1 3 True
Player 1 played : S 3 12 M 5 22
S 3 12 True
M 5 22 True
Time remaining is: 119s
You played : S 1 3 M 5 24 RS 1 3 RE 5 11 X 5 16
S 1 3 True
M 5 24 True
RS 1 3 True
RE 5 11 True
X 5 16 True
Player 1 played : S 5 22 M 4 17
S 5 22 True
M 4 17 True
Time remaining is: 119s
You played : S 4 10 M 4 11
S 4 10 True
M 4 11 True
Player 1 played : S 4 17 M 4 18
S 4 17 True
M 4 18 True
Time remaining is: 119s
You played : S 5 14 M 4 14
S 5 14 True
M 4 14 True
Player 1 played : S 4 18 M 3 14
S 4 18 True
M 3 14 True
Time remaining is: 118s
You played : S 5 24 M 4 19
S 5 24 True
M 4 19 True
Player 1 played : S 3 14 M 3 13
S 3 14 True
M 3 13 True
Time remaining is: 118s
You played : S 4 14 M 2 8
S 4 14 True
M 2 8 True
Player 1 played : S 2 7 M 4 15
S 2 7 True
M 4 15 True
Time remaining is: 118s
You played : S 2 8 M 5 17
S 2 8 True
M 5 17 True
Player 1 played : S 4 15 M 1 3
S 4 15 True
M 1 3 True
Time remaining is: 118s
You played : S 4 19 M 5 19
S 4 19 True
M 5 19 True
Player 1 played : S 3 13 M 5 23
S 3 13 True
M 5 23 True
Time remaining is: 118s
You played : S 5 17 M 2 9
S 5 17 True
M 2 9 True
Player 1 played : S 0 0 M 2 4
S 0 0 True
M 2 4 True
Time remaining is: 118s
You played : S 3 10 M 5 18
S 3 10 True
M 5 18 True
Player 1 played : S 5 23 M 3 15
S 5 23 True
M 3 15 True
Time remaining is: 118s
You played : S 4 11 M 5 16 RS 3 11 RE 5 13 X 2 9
S 4 11 True
M 5 16 True
RS 3 11 True
RE 5 13 True
X 2 9 True
Player 1 played : S 3 15 M 4 1 RS 4 15 RE 3 15 X 3 8
S 3 15 True
M 4 1 True
RS 4 15 True
RE 3 15 True
X 3 8 True
Time remaining is: 118s
You played : S 5 16 M 4 11
S 5 16 True
M 4 11 True
Player 1 played : S 2 4 M 3 7
S 2 4 True
M 3 7 True
Time remaining is: 117s
You played : S 5 19 M 5 26
S 5 19 True
M 5 26 True
Player 1 played : S 3 7 M 5 13
S 3 7 True
M 5 13 True
Time remaining is: 117s
You played : S 5 26 M 3 16
S 5 26 True
M 3 16 True
Player 1 played : S 5 13 M 5 11
S 5 13 True
M 5 11 True
Time remaining is: 117s
You played : S 3 16 M 2 9
S 3 16 True
M 2 9 True
Player 1 played : S 5 11 M 4 7
S 5 11 True
M 4 7 True
Time remaining is: 117s
You played : S 4 11 M 4 9
S 4 11 True
M 4 9 True
Player 1 played : S 1 3 M 3 11
S 1 3 True
M 3 11 True
Time remaining is: 117s
You played : S 2 9 M 5 21 RS 4 17 RE 5 26 X 5 21
S 2 9 True
M 5 21 True
RS 4 17 True
RE 5 26 True
X 5 21 True
YOU WIN!
Your Score : 9.01
Opponent's Score : 1.014
