***********************************

-> You are player 1
-> You are alloted a time of 120s

***********************************

Time remaining is: 120s
You played : P 0 0
P 0 0 True
Player 2 played : P 5 6
P 5 6 True
Time remaining is: 120s
You played : P 1 0
P 1 0 True
Player 2 played : P 1 2
P 1 2 True
Time remaining is: 120s
You played : P 1 1
P 1 1 True
Player 2 played : P 1 5
P 1 5 True
Time remaining is: 120s
You played : P 1 3
P 1 3 True
Player 2 played : P 1 4
P 1 4 True
Time remaining is: 120s
You played : P 2 0
P 2 0 True
Player 2 played : P 2 5
P 2 5 True
Time remaining is: 120s
You played : S 1 0 M 2 1
S 1 0 True
M 2 1 True
Player 2 played : S 2 5 M 5 18
S 2 5 True
M 5 18 True
Time remaining is: 120s
You played : S 2 1 M 3 2
S 2 1 True
M 3 2 True
Player 2 played : S 1 5 M 3 17
S 1 5 True
M 3 17 True
Time remaining is: 120s
You played : S 0 0 M 2 10
S 0 0 True
M 2 10 True
Player 2 played : S 1 4 M 2 11
S 1 4 True
M 2 11 True
Time remaining is: 120s
You played : S 2 10 M 3 14
S 2 10 True
M 3 14 True
Player 2 played : S 2 11 M 5 26
S 2 11 True
M 5 26 True
Time remaining is: 119s
You played : S 3 14 M 3 15
S 3 14 True
M 3 15 True
Player 2 played : S 3 17 M 4 22
S 3 17 True
M 4 22 True
Time remaining is: 119s
You played : S 3 2 M 4 23
S 3 2 True
M 4 23 True
Player 2 played : S 4 22 M 2 9
S 4 22 True
M 2 9 True
Time remaining is: 118s
You played : S 4 23 M 2 7 RS 4 23 RE 1 4 X 3 15
S 4 23 True
M 2 7 True
RS 4 23 True
RE 1 4 True
X 3 15 True
Player 2 played : S 1 2 M 1 5
S 1 2 True
M 1 5 True
Time remaining is: 117s
You played : S 1 1 M 3 8
S 1 1 True
M 3 8 True
Player 2 played : S 5 26 M 2 3
S 5 26 True
M 2 3 True
Time remaining is: 115s
You played : S 2 7 M 1 4
S 2 7 True
M 1 4 True
Player 2 played : S 2 9 M 3 11
S 2 9 True
M 3 11 True
Time remaining is: 115s
You played : S 1 4 M 2 8
S 1 4 True
M 2 8 True
Player 2 played : S 5 18 M 3 15
S 5 18 True
M 3 15 True
Time remaining is: 114s
You played : S 2 8 M 2 2
S 2 8 True
M 2 2 True
Player 2 played : S 1 5 M 2 4
S 1 5 True
M 2 4 True
Time remaining is: 114s
You played : S 1 3 M 4 19 RS 2 5 RE 3 14 X 2 2
S 1 3 True
M 4 19 True
RS 2 5 True
RE 3 14 True
X 2 2 True
Player 2 played : S 2 4 M 2 6 RS 2 10 RE 2 4 X 3 11
S 2 4 True
M 2 6 True
RS 2 10 True
RE 2 4 True
X 3 11 True
Time remaining is: 108s
You played : S 3 8 M 2 5
S 3 8 True
M 2 5 True
Player 2 played : S 5 6 M 4 4
S 5 6 True
M 4 4 True
Time remaining is: 106s
You played : S 2 5 M 1 2
S 2 5 True
M 1 2 True
Player 2 played : S 4 4 M 0 0
S 4 4 True
M 0 0 True
Time remaining is: 105s
You played : S 2 0 M 2 2
S 2 0 True
M 2 2 True
Player 2 played : S 2 6 M 4 10
S 2 6 True
M 4 10 True
Time remaining is: 104s
You played : S 1 2 M 3 1
S 1 2 True
M 3 1 True
Player 2 played : S 0 0 M 2 4
S 0 0 True
M 2 4 True
Time remaining is: 104s
You played : S 4 19 M 4 20
S 4 19 True
M 4 20 True
Player 2 played : S 2 4 M 3 7
S 2 4 True
M 3 7 True
Time remaining is: 104s
You played : S 4 20 M 4 21
S 4 20 True
M 4 21 True
Player 2 played : S 3 7 M 1 3
S 3 7 True
M 1 3 True
Time remaining is: 103s
You played : S 3 1 M 4 2
S 3 1 True
M 4 2 True
Player 2 played : S 2 3 M 3 5
S 2 3 True
M 3 5 True
Time remaining is: 103s
You played : S 4 2 M 4 1
S 4 2 True
M 4 1 True
Player 2 played : S 1 3 M 3 11
S 1 3 True
M 3 11 True
Time remaining is: 103s
You played : S 4 1 M 5 1
S 4 1 True
M 5 1 True
Player 2 played : S 3 15 M 5 2
S 3 15 True
M 5 2 True
Time remaining is: 103s
You played : S 5 1 M 4 0
S 5 1 True
M 4 0 True
Player 2 played : S 3 5 M 4 3
S 3 5 True
M 4 3 True
Time remaining is: 102s
You played : S 4 0 M 3 9
S 4 0 True
M 3 9 True
Player 2 played : S 4 3 M 1 5
S 4 3 True
M 1 5 True
Time remaining is: 102s
You played : S 2 2 M 3 17
S 2 2 True
M 3 17 True
Player 2 played : S 4 10 M 3 13
S 4 10 True
M 3 13 True
Time remaining is: 101s
You played : S 3 17 M 5 27 RS 2 2 RE 4 22 X 3 9
S 3 17 True
M 5 27 True
RS 2 2 True
RE 4 22 True
X 3 9 True
YOU WIN!
Your Score : 9.011
Opponent's Score : 1.018
