***********************************

-> You are player 2
-> You are alloted a time of 120s

***********************************

Player 1 played : P 1 5
P 1 5 True
Time remaining is: 120s
You played : P 3 7
P 3 7 True
Player 1 played : P 5 23
P 5 23 True
Time remaining is: 118s
You played : P 3 3
P 3 3 True
Player 1 played : P 4 21
P 4 21 True
Time remaining is: 118s
You played : P 4 19
P 4 19 True
Player 1 played : P 4 23
P 4 23 True
Time remaining is: 118s
You played : P 3 2
P 3 2 True
Player 1 played : P 3 13
P 3 13 True
Time remaining is: 118s
You played : P 3 5
P 3 5 True
Player 1 played : S 5 23 M 5 21
S 5 23 True
M 5 21 True
Time remaining is: 118s
You played : S 3 2 M 4 2
S 3 2 True
M 4 2 True
Player 1 played : S 5 21 M 5 22
S 5 21 True
M 5 22 True
Time remaining is: 113s
You played : S 4 2 M 5 2
S 4 2 True
M 5 2 True
Player 1 played : S 5 22 M 5 3
S 5 22 True
M 5 3 True
Time remaining is: 108s
You played : S 5 2 M 2 2
S 5 2 True
M 2 2 True
Player 1 played : S 5 3 M 3 1
S 5 3 True
M 3 1 True
Time remaining is: 104s
You played : S 3 7 M 4 9
S 3 7 True
M 4 9 True
Player 1 played : S 3 1 M 3 0
S 3 1 True
M 3 0 True
Time remaining is: 100s
You played : S 4 9 M 5 11
S 4 9 True
M 5 11 True
Player 1 played : S 3 0 M 3 15
S 3 0 True
M 3 15 True
Time remaining is: 96s
You played : S 2 2 M 4 10
S 2 2 True
M 4 10 True
Player 1 played : S 1 5 M 2 4
S 1 5 True
M 2 4 True
Time remaining is: 92s
You played : S 4 10 M 4 11
S 4 10 True
M 4 11 True
Player 1 played : S 3 13 M 5 12
S 3 13 True
M 5 12 True
Time remaining is: 89s
You played : S 3 3 M 4 4
S 3 3 True
M 4 4 True
Player 1 played : S 2 4 M 2 5
S 2 4 True
M 2 5 True
Time remaining is: 86s
You played : S 4 4 M 4 3
S 4 4 True
M 4 3 True
Player 1 played : S 5 12 M 3 6
S 5 12 True
M 3 6 True
Time remaining is: 82s
You played : S 4 11 M 4 8
S 4 11 True
M 4 8 True
Player 1 played : S 2 5 M 5 14
S 2 5 True
M 5 14 True
Time remaining is: 79s
You played : S 3 5 M 2 6
S 3 5 True
M 2 6 True
Player 1 played : S 3 6 M 3 4
S 3 6 True
M 3 4 True
Time remaining is: 77s
You played : S 5 11 M 1 3
S 5 11 True
M 1 3 True
Player 1 played : S 3 4 M 1 2 RS 5 12 RE 3 4 X 3 15
S 3 4 True
M 1 2 True
RS 5 12 True
RE 3 4 True
X 3 15 True
Time remaining is: 74s
You played : S 4 3 M 4 1
S 4 3 True
M 4 1 True
Player 1 played : S 1 2 M 2 1
S 1 2 True
M 2 1 True
Time remaining is: 71s
You played : S 1 3 M 2 3
S 1 3 True
M 2 3 True
Player 1 played : S 4 23 M 3 17
S 4 23 True
M 3 17 True
Time remaining is: 68s
You played : S 2 3 M 2 7 RS 4 10 RE 2 2 X 4 1
S 2 3 True
M 2 7 True
RS 4 10 True
RE 2 2 True
X 4 1 True
Player 1 played : S 3 17 M 3 15
S 3 17 True
M 3 15 True
Time remaining is: 64s
You played : S 2 7 M 2 3
S 2 7 True
M 2 3 True
Player 1 played : S 2 1 M 3 8
S 2 1 True
M 3 8 True
Time remaining is: 61s
You played : S 2 3 M 5 6
S 2 3 True
M 5 6 True
Player 1 played : S 4 21 M 3 5
S 4 21 True
M 3 5 True
Time remaining is: 58s
You played : S 5 6 M 3 11
S 5 6 True
M 3 11 True
Player 1 played : S 3 8 M 1 1
S 3 8 True
M 1 1 True
Time remaining is: 56s
You played : S 4 19 M 3 7
S 4 19 True
M 3 7 True
Player 1 played : S 1 1 M 0 0
S 1 1 True
M 0 0 True
Time remaining is: 53s
You played : S 3 11 M 3 4
S 3 11 True
M 3 4 True
Player 1 played : S 0 0 M 2 4
S 0 0 True
M 2 4 True
Time remaining is: 50s
You played : S 3 4 M 2 0
S 3 4 True
M 2 0 True
Player 1 played : S 3 5 M 5 12
S 3 5 True
M 5 12 True
Time remaining is: 48s
You played : S 2 0 M 4 0
S 2 0 True
M 4 0 True
Player 1 played : S 3 15 M 4 1
S 3 15 True
M 4 1 True
Time remaining is: 46s
You played : S 4 0 M 4 22
S 4 0 True
M 4 22 True
Player 1 played : S 4 1 M 5 29
S 4 1 True
M 5 29 True
Time remaining is: 44s
You played : S 2 6 M 1 0
S 2 6 True
M 1 0 True
Player 1 played : S 2 4 M 3 10 RS 4 11 RE 1 1 X 3 10
S 2 4 True
M 3 10 True
RS 4 11 True
RE 1 1 True
X 3 10 True
Time remaining is: 42s
You played : S 1 0 M 5 4
S 1 0 True
M 5 4 True
Player 1 played : S 5 29 M 2 11
S 5 29 True
M 2 11 True
Time remaining is: 39s
You played : S 5 4 M 2 9
S 5 4 True
M 2 9 True
ERROR : INVALID MOVE BY PLAYER 1 : Player 1 SCORE : 2.022 : Player 2 SCORE : 8.016 ,ON OTHER CLIENT
