***********************************

-> You are player 1
-> You are alloted a time of 120s

***********************************

Time remaining is: 120s
You played : P 0 0
P 0 0 True
Player 2 played : P 1 0
P 1 0 True
Time remaining is: 120s
You played : P 1 1
P 1 1 True
Player 2 played : P 1 2
P 1 2 True
Time remaining is: 120s
You played : P 2 11
P 2 11 True
Player 2 played : P 1 3
P 1 3 True
Time remaining is: 120s
You played : P 3 7
P 3 7 True
Player 2 played : P 1 4
P 1 4 True
Time remaining is: 120s
You played : P 2 10
P 2 10 True
Player 2 played : P 1 5
P 1 5 True
Time remaining is: 120s
You played : S 1 1 M 4 4
S 1 1 True
M 4 4 True
Player 2 played : S 1 3 M 3 11
S 1 3 True
M 3 11 True
Time remaining is: 120s
You played : S 3 7 M 4 9
S 3 7 True
M 4 9 True
Player 2 played : S 1 2 M 2 3
S 1 2 True
M 2 3 True
Time remaining is: 119s
You played : S 4 9 M 3 6
S 4 9 True
M 3 6 True
Player 2 played : S 2 3 M 4 10
S 2 3 True
M 4 10 True
Time remaining is: 118s
You played : S 0 0 M 2 4
S 0 0 True
M 2 4 True
Player 2 played : S 1 4 M 2 2
S 1 4 True
M 2 2 True
Time remaining is: 117s
You played : S 3 6 M 3 3
S 3 6 True
M 3 3 True
Player 2 played : S 1 5 M 3 13
S 1 5 True
M 3 13 True
Time remaining is: 116s
You played : S 4 4 M 4 7
S 4 4 True
M 4 7 True
Player 2 played : S 4 10 M 5 13
S 4 10 True
M 5 13 True
Time remaining is: 115s
You played : S 4 7 M 3 5
S 4 7 True
M 3 5 True
Player 2 played : S 5 13 M 3 10
S 5 13 True
M 3 10 True
Time remaining is: 113s
You played : S 3 5 M 3 4
S 3 5 True
M 3 4 True
Player 2 played : S 3 10 M 2 7
S 3 10 True
M 2 7 True
Time remaining is: 112s
You played : S 3 4 M 4 6
S 3 4 True
M 4 6 True
Player 2 played : S 1 0 M 5 9
S 1 0 True
M 5 9 True
Time remaining is: 111s
You played : S 4 6 M 4 5
S 4 6 True
M 4 5 True
Player 2 played : S 2 2 M 2 1
S 2 2 True
M 2 1 True
Time remaining is: 110s
You played : S 2 4 M 2 5
S 2 4 True
M 2 5 True
Player 2 played : S 3 13 M 2 9
S 3 13 True
M 2 9 True
Time remaining is: 110s
You played : S 2 10 M 4 8
S 2 10 True
M 4 8 True
Player 2 played : S 2 9 M 2 8
S 2 9 True
M 2 8 True
Time remaining is: 109s
You played : S 3 3 M 5 12
S 3 3 True
M 5 12 True
Player 2 played : S 2 8 M 3 16
S 2 8 True
M 3 16 True
Time remaining is: 93s
You played : S 4 8 M 4 11
S 4 8 True
M 4 11 True
Player 2 played : S 2 7 M 3 8
S 2 7 True
M 3 8 True
Time remaining is: 86s
You played : S 2 11 M 4 13
S 2 11 True
M 4 13 True
Player 2 played : S 2 1 M 3 17
S 2 1 True
M 3 17 True
Time remaining is: 86s
You played : S 2 5 M 3 1
S 2 5 True
M 3 1 True
Player 2 played : S 3 16 M 5 28
S 3 16 True
M 5 28 True
Time remaining is: 82s
You played : S 4 11 M 4 12
S 4 11 True
M 4 12 True
Player 2 played : S 3 17 M 5 8
S 3 17 True
M 5 8 True
Time remaining is: 81s
You played : RS 4 9 RE 3 3 X 4 13 S 4 12 M 5 21
RS 4 9 True
RE 3 3 True
X 4 13 True
S 4 12 True
M 5 21 True
Player 2 played : S 3 11 M 4 22 RS 2 1 RE 3 13 X 5 9
S 3 11 True
M 4 22 True
RS 2 1 True
RE 3 13 True
X 5 9 True
Time remaining is: 80s
You played : S 5 21 M 2 9
S 5 21 True
M 2 9 True
Player 2 played : S 5 8 M 3 4
S 5 8 True
M 3 4 True
Time remaining is: 79s
You played : S 5 12 M 3 6
S 5 12 True
M 3 6 True
Player 2 played : S 4 22 M 4 21
S 4 22 True
M 4 21 True
Time remaining is: 73s
You played : S 2 9 M 1 0
S 2 9 True
M 1 0 True
Player 2 played : S 5 28 M 4 14
S 5 28 True
M 4 14 True
Time remaining is: 68s
You played : S 1 0 M 2 6 RS 3 11 RE 2 3 X 4 5
S 1 0 True
M 2 6 True
RS 3 11 True
RE 2 3 True
X 4 5 True
Player 2 played : S 4 21 M 4 23 RS 4 22 RE 2 8 X 4 23
S 4 21 True
M 4 23 True
RS 4 22 True
RE 2 8 True
X 4 23 True
Time remaining is: 58s
You played : S 3 6 M 4 9
S 3 6 True
M 4 9 True
Player 2 played : S 3 8 M 5 14
S 3 8 True
M 5 14 True
Time remaining is: 55s
You played : S 3 1 M 4 5
S 3 1 True
M 4 5 True
Player 2 played : S 5 14 M 5 11
S 5 14 True
M 5 11 True
Time remaining is: 55s
You played : S 2 6 M 3 9
S 2 6 True
M 3 9 True
Player 2 played : S 3 4 M 1 2
S 3 4 True
M 1 2 True
Time remaining is: 52s
You played : S 3 9 M 1 3
S 3 9 True
M 1 3 True
Player 2 played : S 1 2 M 2 3
S 1 2 True
M 2 3 True
Time remaining is: 51s
You played : S 4 9 M 5 16
S 4 9 True
M 5 16 True
Player 2 played : S 2 3 M 3 2 RS 2 2 RE 4 10 X 5 11
S 2 3 True
M 3 2 True
RS 2 2 True
RE 4 10 True
X 5 11 True
OTHER PLAYER WINS!
Your Score : 2.015
Opponent's Score : 8.014
