Started the contest
2 5 120
5
Player is initialized! Now perform any move
Initial board configuration

Neighbours explored 213955
Neighbours explored 370168
Neighbours explored 277411
Neighbours explored 220493
Neighbours explored 1380202
Neighbours explored 3494528
Neighbours explored 437616
Neighbours explored 982353
Neighbours explored 1622913
Neighbours explored 629023
Neighbours explored 597214
Neighbours explored 306948
Neighbours explored 406903
Neighbours explored 422015
Neighbours explored 181363
Neighbours explored 2254896
Neighbours explored 2490874
Neighbours explored 6013655
Neighbours explored 275302
Neighbours explored 77658
Neighbours explored 32004
***********************************

-> You are player 2
-> You are alloted a time of 120s

***********************************

Player 1 played : P 0 0
P 0 0 True
Time remaining is: 120s
You played : P 1 0
P 1 0 True
Player 1 played : P 1 1
P 1 1 True
Time remaining is: 120s
You played : P 1 2
P 1 2 True
Player 1 played : P 1 3
P 1 3 True
Time remaining is: 120s
You played : P 1 4
P 1 4 True
Player 1 played : P 1 5
P 1 5 True
Time remaining is: 120s
You played : P 2 0
P 2 0 True
Player 1 played : P 2 1
P 2 1 True
Time remaining is: 120s
You played : P 2 2
P 2 2 True
Player 1 played : S 1 3 M 5 19
S 1 3 True
M 5 19 True
Time remaining is: 120s
You played : S 2 0 M 4 0
S 2 0 True
M 4 0 True
Player 1 played : S 0 0 M 2 6
S 0 0 True
M 2 6 True
Time remaining is: 120s
You played : S 4 0 M 4 2
S 4 0 True
M 4 2 True
Player 1 played : S 5 19 M 5 26
S 5 19 True
M 5 26 True
Time remaining is: 119s
You played : S 4 2 M 2 11
S 4 2 True
M 2 11 True
Player 1 played : S 5 26 M 4 20
S 5 26 True
M 4 20 True
Time remaining is: 118s
You played : S 1 4 M 3 14
S 1 4 True
M 3 14 True
Player 1 played : S 4 20 M 2 10
S 4 20 True
M 2 10 True
Time remaining is: 118s
You played : S 2 11 M 3 1
S 2 11 True
M 3 1 True
Player 1 played : S 1 5 M 2 7
S 1 5 True
M 2 7 True
Time remaining is: 115s
You played : S 1 2 M 2 3
S 1 2 True
M 2 3 True
Player 1 played : S 2 7 M 2 8
S 2 7 True
M 2 8 True
Time remaining is: 108s
You played : S 3 14 M 2 5
S 3 14 True
M 2 5 True
Player 1 played : S 2 10 M 3 15
S 2 10 True
M 3 15 True
Time remaining is: 106s
You played : S 1 0 M 2 9
S 1 0 True
M 2 9 True
Player 1 played : S 1 1 M 3 16
S 1 1 True
M 3 16 True
Time remaining is: 104s
You played : S 2 5 M 2 4
S 2 5 True
M 2 4 True
Player 1 played : S 3 16 M 4 21
S 3 16 True
M 4 21 True
Time remaining is: 101s
You played : S 2 9 M 4 22
S 2 9 True
M 4 22 True
Player 1 played : S 2 1 M 3 13
S 2 1 True
M 3 13 True
Time remaining is: 99s
You played : S 2 3 M 3 11
S 2 3 True
M 3 11 True
Player 1 played : S 4 21 M 5 27
S 4 21 True
M 5 27 True
Time remaining is: 98s
You played : S 4 22 M 5 24
S 4 22 True
M 5 24 True
Player 1 played : S 2 6 M 3 8
S 2 6 True
M 3 8 True
Time remaining is: 97s
You played : S 2 2 M 3 17
S 2 2 True
M 3 17 True
Player 1 played : S 5 27 M 5 29
S 5 27 True
M 5 29 True
Time remaining is: 96s
You played : S 3 17 M 4 23
S 3 17 True
M 4 23 True
Player 1 played : S 5 29 M 5 28
S 5 29 True
M 5 28 True
Time remaining is: 94s
You played : S 4 23 M 3 0 RS 4 20 RE 4 0 X 5 24
S 4 23 True
M 3 0 True
RS 4 20 True
RE 4 0 True
X 5 24 True
Player 1 played : S 3 13 M 4 17
S 3 13 True
M 4 17 True
Time remaining is: 94s
You played : S 3 1 M 3 2
S 3 1 True
M 3 2 True
Player 1 played : S 3 15 M 3 12
S 3 15 True
M 3 12 True
Time remaining is: 88s
You played : S 3 2 M 4 3
S 3 2 True
M 4 3 True
Player 1 played : S 2 8 M 4 22 RS 3 15 RE 1 2 X 4 17
S 2 8 True
M 4 22 True
RS 3 15 True
RE 1 2 True
X 4 17 True
Time remaining is: 81s
You played : S 2 4 M 1 5 RS 2 4 RE 4 2 X 4 3
S 2 4 True
M 1 5 True
RS 2 4 True
RE 4 2 True
X 4 3 True
Player 1 played : S 3 8 M 4 18
S 3 8 True
M 4 18 True
Time remaining is: 68s
You played : S 3 11 M 2 10
S 3 11 True
M 2 10 True
Player 1 played : S 4 18 M 4 17
S 4 18 True
M 4 17 True
Time remaining is: 67s
You played : S 1 5 M 0 0
S 1 5 True
M 0 0 True
Player 1 played : S 3 12 M 3 15
S 3 12 True
M 3 15 True
Time remaining is: 67s
You played : S 2 10 M 4 14 RS 2 1 RE 3 13 X 4 14
S 2 10 True
M 4 14 True
RS 2 1 True
RE 3 13 True
X 4 14 True
YOU WIN!
Your Score : 9.009
Opponent's Score : 1.013
