***********************************

-> You are player 1
-> You are alloted a time of 120s

***********************************

Time remaining is: 120s
You played : P 0 0
P 0 0 True
Player 2 played : P 1 0
P 1 0 True
Time remaining is: 120s
You played : P 2 8
P 2 8 True
Player 2 played : P 1 1
P 1 1 True
Time remaining is: 120s
You played : P 2 6
P 2 6 True
Player 2 played : P 1 2
P 1 2 True
Time remaining is: 120s
You played : P 4 5
P 4 5 True
Player 2 played : P 1 3
P 1 3 True
Time remaining is: 120s
You played : P 4 3
P 4 3 True
Player 2 played : P 1 4
P 1 4 True
Time remaining is: 120s
You played : S 2 8 M 2 9
S 2 8 True
M 2 9 True
Player 2 played : S 1 3 M 2 7
S 1 3 True
M 2 7 True
Time remaining is: 120s
You played : S 2 9 M 3 11
S 2 9 True
M 3 11 True
Player 2 played : S 1 1 M 2 2
S 1 1 True
M 2 2 True
Time remaining is: 120s
You played : S 3 11 M 4 14
S 3 11 True
M 4 14 True
Player 2 played : S 1 2 M 2 5
S 1 2 True
M 2 5 True
Time remaining is: 120s
You played : S 4 14 M 2 10
S 4 14 True
M 2 10 True
Player 2 played : S 2 5 M 2 4
S 2 5 True
M 2 4 True
Time remaining is: 120s
You played : S 4 5 M 2 3
S 4 5 True
M 2 3 True
Player 2 played : S 2 2 M 2 1
S 2 2 True
M 2 1 True
Time remaining is: 120s
You played : S 0 0 M 3 3
S 0 0 True
M 3 3 True
Player 2 played : S 2 1 M 3 4
S 2 1 True
M 3 4 True
Time remaining is: 120s
You played : S 3 3 M 3 2
S 3 3 True
M 3 2 True
Player 2 played : S 1 4 M 4 4
S 1 4 True
M 4 4 True
Time remaining is: 120s
You played : S 3 2 M 5 7
S 3 2 True
M 5 7 True
Player 2 played : S 3 4 M 2 0
S 3 4 True
M 2 0 True
Time remaining is: 120s
You played : S 4 3 M 5 3
S 4 3 True
M 5 3 True
Player 2 played : S 1 0 M 5 4
S 1 0 True
M 5 4 True
Time remaining is: 120s
You played : S 2 6 M 3 8
S 2 6 True
M 3 8 True
Player 2 played : S 2 0 M 3 1
S 2 0 True
M 3 1 True
Time remaining is: 120s
You played : S 5 7 M 4 6
S 5 7 True
M 4 6 True
Player 2 played : S 3 1 M 4 1 RS 2 5 RE 3 1 X 5 4
S 3 1 True
M 4 1 True
RS 2 5 True
RE 3 1 True
X 5 4 True
Time remaining is: 120s
You played : S 2 3 M 1 2
S 2 3 True
M 1 2 True
Player 2 played : S 2 4 M 3 10 RS 2 6 RE 2 0 X 4 1
S 2 4 True
M 3 10 True
RS 2 6 True
RE 2 0 True
X 4 1 True
Time remaining is: 119s
You played : S 4 6 M 2 1
S 4 6 True
M 2 1 True
Player 2 played : S 4 4 M 1 1
S 4 4 True
M 1 1 True
Time remaining is: 119s
You played : S 2 1 M 5 4
S 2 1 True
M 5 4 True
Player 2 played : S 3 10 M 5 18
S 3 10 True
M 5 18 True
Time remaining is: 119s
You played : S 1 2 M 3 6
S 1 2 True
M 3 6 True
Player 2 played : S 5 18 M 5 17
S 5 18 True
M 5 17 True
Time remaining is: 119s
You played : S 2 10 M 4 22
S 2 10 True
M 4 22 True
Player 2 played : S 5 17 M 5 19
S 5 17 True
M 5 19 True
Time remaining is: 119s
You played : S 3 6 M 3 5
S 3 6 True
M 3 5 True
Player 2 played : S 1 1 M 3 12 RS 5 17 RE 2 9 X 2 7
S 1 1 True
M 3 12 True
RS 5 17 True
RE 2 9 True
X 2 7 True
OTHER PLAYER WINS!
Your Score : 0.013
Opponent's Score : 10.006
