***********************************

-> You are player 2
-> You are alloted a time of 120s

***********************************

Player 1 played : P 2 1
P 2 1 True
Time remaining is: 120s
You played : P 0 0
P 0 0 True
Player 1 played : P 2 3
P 2 3 True
Time remaining is: 120s
You played : P 1 0
P 1 0 True
Player 1 played : P 3 14
P 3 14 True
Time remaining is: 120s
You played : P 1 1
P 1 1 True
Player 1 played : P 3 10
P 3 10 True
Time remaining is: 120s
You played : P 1 2
P 1 2 True
Player 1 played : P 2 8
P 2 8 True
Time remaining is: 120s
You played : P 1 3
P 1 3 True
Player 1 played : S 3 14 M 2 0
S 3 14 True
M 2 0 True
Time remaining is: 120s
You played : S 0 0 M 1 5
S 0 0 True
M 1 5 True
Player 1 played : S 3 10 M 2 4
S 3 10 True
M 2 4 True
Time remaining is: 118s
You played : S 1 5 M 2 11
S 1 5 True
M 2 11 True
Player 1 played : S 2 8 M 2 6
S 2 8 True
M 2 6 True
Time remaining is: 116s
You played : S 3 10 M 3 9
S 3 10 False
INVALID MOVE ON THIS CLIENT
