{"action": "NORMAL", "meta": "", "data": "P 2 0"} Received from client 0
{"action": "NORMAL", "meta": "", "data": "P 1 0"} Received from client 1
{"action": "NORMAL", "meta": "", "data": "P 1 5"} Received from client 0
{"action": "NORMAL", "meta": "", "data": "P 1 2"} Received from client 1
{"action": "NORMAL", "meta": "", "data": "P 2 8"} Received from client 0
{"action": "NORMAL", "meta": "", "data": "P 1 4"} Received from client 1
{"action": "NORMAL", "meta": "", "data": "P 2 3"} Received from client 0
{"action": "NORMAL", "meta": "", "data": "P 2 10"} Received from client 1
{"action": "NORMAL", "meta": "", "data": "P 2 5"} Received from client 0
{"action": "NORMAL", "meta": "", "data": "P 3 4"} Received from client 1
{"action": "NORMAL", "meta": "", "data": "S 2 0 M 3 0"} Received from client 0
{"action": "NORMAL", "meta": "", "data": "S 3 4 M 2 2"} Received from client 1
{"action": "NORMAL", "meta": "", "data": "S 3 0 M 4 0"} Received from client 0
{"action": "NORMAL", "meta": "", "data": "S 2 2 M 3 17"} Received from client 1
{"action": "NORMAL", "meta": "", "data": "S 4 0 M 4 22"} Received from client 0
{"action": "NORMAL", "meta": "", "data": "S 1 4 M 4 13"} Received from client 1
{"action": "NORMAL", "meta": "", "data": "S 1 5 M 2 7"} Received from client 0
{"action": "NORMAL", "meta": "", "data": "S 1 0 M 2 9"} Received from client 1
{"action": "NORMAL", "meta": "", "data": "S 2 3 M 3 2"} Received from client 0
{"action": "NORMAL", "meta": "", "data": "S 2 10 M 2 11"} Received from client 1
{"action": "NORMAL", "meta": "", "data": "S 4 22 M 3 16"} Received from client 0
{"action": "NORMAL", "meta": "", "data": "S 3 17 M 4 1"} Received from client 1
{"action": "NORMAL", "meta": "", "data": "S 2 8 M 0 0"} Received from client 0
{"action": "NORMAL", "meta": "", "data": "S 1 2 M 1 3"} Received from client 1
{"action": "NORMAL", "meta": "", "data": "S 3 2 M 4 23"} Received from client 0
{"action": "NORMAL", "meta": "", "data": "S 4 13 M 3 7"} Received from client 1
{"action": "NORMAL", "meta": "", "data": "S 2 5 M 2 4"} Received from client 0
{"action": "NORMAL", "meta": "", "data": "S 3 7 M 4 10"} Received from client 1
{"action": "NORMAL", "meta": "", "data": "S 0 0 M 3 15"} Received from client 0
{"action": "NORMAL", "meta": "", "data": "S 2 11 M 3 14"} Received from client 1
{"action": "NORMAL", "meta": "", "data": "S 2 7 M 3 13"} Received from client 0
{"action": "NORMAL", "meta": "", "data": "S 3 14 M 4 18"} Received from client 1
{"action": "NORMAL", "meta": "", "data": "S 4 23 M 3 10"} Received from client 0
{"action": "NORMAL", "meta": "", "data": "S 4 1 M 5 29"} Received from client 1
{"action": "NORMAL", "meta": "", "data": "S 3 15 M 4 19"} Received from client 0
{"action": "NORMAL", "meta": "", "data": "S 4 18 M 3 1"} Received from client 1
{"action": "NORMAL", "meta": "", "data": "S 3 16 M 5 28"} Received from client 0
{"action": "NORMAL", "meta": "", "data": "S 3 1 M 3 3"} Received from client 1
{"action": "NORMAL", "meta": "", "data": "S 4 19 M 4 17 RS 4 19 RE 3 0 X 3 10"} Received from client 0
{"action": "NORMAL", "meta": "", "data": "S 3 3 M 1 1"} Received from client 1
{"action": "NORMAL", "meta": "", "data": "S 5 28 M 3 16"} Received from client 0
{"action": "NORMAL", "meta": "", "data": "S 5 29 M 3 17"} Received from client 1
{"action": "NORMAL", "meta": "", "data": "S 2 4 M 3 15"} Received from client 0
{"action": "NORMAL", "meta": "", "data": "S 1 1 M 3 5"} Received from client 1
{"action": "NORMAL", "meta": "", "data": "S 3 13 M 2 6"} Received from client 0
{"action": "NORMAL", "meta": "", "data": "S 2 9 M 3 11"} Received from client 1
{"action": "NORMAL", "meta": "", "data": "S 3 16 M 5 26"} Received from client 0
{"action": "NORMAL", "meta": "", "data": "S 3 17 M 2 1"} Received from client 1
{"action": "NORMAL", "meta": "", "data": "S 3 15 M 3 0"} Received from client 0
{"action": "NORMAL", "meta": "", "data": "RS 3 16 RE 2 3 X 4 10 S 3 11 M 3 10"} Received from client 1
{"action": "NORMAL", "meta": "", "data": "S 5 26 M 2 11"} Received from client 0
{"action": "NORMAL", "meta": "", "data": "S 2 1 M 5 27"} Received from client 1
{"action": "NORMAL", "meta": "", "data": "S 2 11 M 1 1"} Received from client 0
{"action": "NORMAL", "meta": "", "data": "S 1 3 M 2 3"} Received from client 1
{"action": "NORMAL", "meta": "", "data": "S 3 0 M 3 16 RS 2 7 RE 3 17 X 3 16"} Received from client 0
{"action": "NORMAL", "meta": "", "data": "S 5 27 M 3 12"} Received from client 1
{"action": "NORMAL", "meta": "", "data": "S 2 6 M 1 0"} Received from client 0
{"action": "NORMAL", "meta": "", "data": "S 3 5 M 5 9"} Received from client 1
{"action": "NORMAL", "meta": "", "data": "S 1 1 M 5 1"} Received from client 0
{"action": "NORMAL", "meta": "", "data": "S 2 3 M 2 7"} Received from client 1
{"action": "KILLPROC", "meta": "INVALID MOVE BY PLAYER 1 : Player 1 SCORE : 7.009 : Player 2 SCORE : 3.021", "data": ""} Received from client 0
