-----------------------------------
P 0 0
                
            *     *
         *     *     *
      *     *     *     *
   *     *     *     *     *
      *     *     *     *      
   *     *     *     *     *
*     *     *     *     *     *
   *     *     *     *     *
*     *     *     *     *     *
   *     *     [0;33mO[0m     *     *
*     *     *     *     *     *
   *     *     *     *     *
*     *     *     *     *     *
   *     *     *     *     *
      *     *     *     *      
   *     *     *     *     *
      *     *     *     *
         *     *     *
            *     *
                
-----------------------------------
-----------------------------------
P 1 1
                
            *     *
         *     *     *
      *     *     *     *
   *     *     *     *     *
      *     *     *     *      
   *     *     *     *     *
*     *     *     *     *     *
   *     *     *     *     *
*     *     *     [0;34mO[0m     *     *
   *     *     [0;33mO[0m     *     *
*     *     *     *     *     *
   *     *     *     *     *
*     *     *     *     *     *
   *     *     *     *     *
      *     *     *     *      
   *     *     *     *     *
      *     *     *     *
         *     *     *
            *     *
                
-----------------------------------
-----------------------------------
P 1 2
                
            *     *
         *     *     *
      *     *     *     *
   *     *     *     *     *
      *     *     *     *      
   *     *     *     *     *
*     *     *     *     *     *
   *     *     *     *     *
*     *     *     [0;34mO[0m     *     *
   *     *     [0;33mO[0m     *     *
*     *     *     [0;33mO[0m     *     *
   *     *     *     *     *
*     *     *     *     *     *
   *     *     *     *     *
      *     *     *     *      
   *     *     *     *     *
      *     *     *     *
         *     *     *
            *     *
                
-----------------------------------
-----------------------------------
P 1 5
                
            *     *
         *     *     *
      *     *     *     *
   *     *     *     *     *
      *     *     *     *      
   *     *     *     *     *
*     *     *     *     *     *
   *     *     *     *     *
*     *     [0;34mO[0m     [0;34mO[0m     *     *
   *     *     [0;33mO[0m     *     *
*     *     *     [0;33mO[0m     *     *
   *     *     *     *     *
*     *     *     *     *     *
   *     *     *     *     *
      *     *     *     *      
   *     *     *     *     *
      *     *     *     *
         *     *     *
            *     *
                
-----------------------------------
-----------------------------------
P 1 0
                
            *     *
         *     *     *
      *     *     *     *
   *     *     *     *     *
      *     *     *     *      
   *     *     *     *     *
*     *     *     *     *     *
   *     *     [0;33mO[0m     *     *
*     *     [0;34mO[0m     [0;34mO[0m     *     *
   *     *     [0;33mO[0m     *     *
*     *     *     [0;33mO[0m     *     *
   *     *     *     *     *
*     *     *     *     *     *
   *     *     *     *     *
      *     *     *     *      
   *     *     *     *     *
      *     *     *     *
         *     *     *
            *     *
                
-----------------------------------
-----------------------------------
P 1 3
                
            *     *
         *     *     *
      *     *     *     *
   *     *     *     *     *
      *     *     *     *      
   *     *     *     *     *
*     *     *     *     *     *
   *     *     [0;33mO[0m     *     *
*     *     [0;34mO[0m     [0;34mO[0m     *     *
   *     *     [0;33mO[0m     *     *
*     *     *     [0;33mO[0m     *     *
   *     *     [0;34mO[0m     *     *
*     *     *     *     *     *
   *     *     *     *     *
      *     *     *     *      
   *     *     *     *     *
      *     *     *     *
         *     *     *
            *     *
                
-----------------------------------
-----------------------------------
P 1 4
                
            *     *
         *     *     *
      *     *     *     *
   *     *     *     *     *
      *     *     *     *      
   *     *     *     *     *
*     *     *     *     *     *
   *     *     [0;33mO[0m     *     *
*     *     [0;34mO[0m     [0;34mO[0m     *     *
   *     *     [0;33mO[0m     *     *
*     *     [0;33mO[0m     [0;33mO[0m     *     *
   *     *     [0;34mO[0m     *     *
*     *     *     *     *     *
   *     *     *     *     *
      *     *     *     *      
   *     *     *     *     *
      *     *     *     *
         *     *     *
            *     *
                
-----------------------------------
-----------------------------------
P 2 5
                
            *     *
         *     *     *
      *     *     *     *
   *     *     *     *     *
      *     *     *     *      
   *     *     *     *     *
*     *     *     *     *     *
   *     *     [0;33mO[0m     *     *
*     *     [0;34mO[0m     [0;34mO[0m     *     *
   *     *     [0;33mO[0m     *     *
*     *     [0;33mO[0m     [0;33mO[0m     *     *
   *     *     [0;34mO[0m     *     *
*     *     *     [0;34mO[0m     *     *
   *     *     *     *     *
      *     *     *     *      
   *     *     *     *     *
      *     *     *     *
         *     *     *
            *     *
                
-----------------------------------
-----------------------------------
P 2 2
                
            *     *
         *     *     *
      *     *     *     *
   *     *     *     *     *
      *     *     *     *      
   *     *     *     *     *
*     *     *     *     *     *
   *     *     [0;33mO[0m     [0;33mO[0m     *
*     *     [0;34mO[0m     [0;34mO[0m     *     *
   *     *     [0;33mO[0m     *     *
*     *     [0;33mO[0m     [0;33mO[0m     *     *
   *     *     [0;34mO[0m     *     *
*     *     *     [0;34mO[0m     *     *
   *     *     *     *     *
      *     *     *     *      
   *     *     *     *     *
      *     *     *     *
         *     *     *
            *     *
                
-----------------------------------
-----------------------------------
P 2 4
                
            *     *
         *     *     *
      *     *     *     *
   *     *     *     *     *
      *     *     *     *      
   *     *     *     *     *
*     *     *     *     *     *
   *     *     [0;33mO[0m     [0;33mO[0m     *
*     *     [0;34mO[0m     [0;34mO[0m     *     *
   *     *     [0;33mO[0m     *     *
*     *     [0;33mO[0m     [0;33mO[0m     *     *
   *     *     [0;34mO[0m     [0;34mO[0m     *
*     *     *     [0;34mO[0m     *     *
   *     *     *     *     *
      *     *     *     *      
   *     *     *     *     *
      *     *     *     *
         *     *     *
            *     *
                
-----------------------------------
-----------------------------------
S 2 2 M 2 3
                
            *     *
         *     *     *
      *     *     *     *
   *     *     *     *     *
      *     *     *     *      
   *     *     *     *     *
*     *     *     *     *     *
   *     *     [0;33mO[0m     [0;43m.[0m     *
*     *     [0;34mO[0m     [0;34mO[0m     *     *
   *     *     [0;33mO[0m     [0;33mO[0m     *
*     *     [0;33mO[0m     [0;33mO[0m     *     *
   *     *     [0;34mO[0m     [0;34mO[0m     *
*     *     *     [0;34mO[0m     *     *
   *     *     *     *     *
      *     *     *     *      
   *     *     *     *     *
      *     *     *     *
         *     *     *
            *     *
                
-----------------------------------
-----------------------------------
S 2 5 M 3 8
                
            *     *
         *     *     *
      *     *     *     *
   *     *     *     *     *
      *     *     *     *      
   *     *     *     *     *
*     *     *     *     *     *
   *     *     [0;33mO[0m     [0;43m.[0m     *
*     *     [0;34mO[0m     [0;34mO[0m     *     *
   *     *     [0;33mO[0m     [0;33mO[0m     *
*     *     [0;33mO[0m     [0;33mO[0m     *     *
   *     *     [0;34mO[0m     [0;34mO[0m     *
*     *     *     [0;44m.[0m     *     *
   *     *     *     *     *
      *     *     [0;34mO[0m     *      
   *     *     *     *     *
      *     *     *     *
         *     *     *
            *     *
                
-----------------------------------
-----------------------------------
S 1 0 M 3 2
                
            *     *
         *     *     *
      *     *     *     *
   *     *     *     *     *
      *     *     *     *      
   *     *     *     [0;33mO[0m     *
*     *     *     *     *     *
   *     *     [0;43m.[0m     [0;43m.[0m     *
*     *     [0;34mO[0m     [0;34mO[0m     *     *
   *     *     [0;33mO[0m     [0;33mO[0m     *
*     *     [0;33mO[0m     [0;33mO[0m     *     *
   *     *     [0;34mO[0m     [0;34mO[0m     *
*     *     *     [0;44m.[0m     *     *
   *     *     *     *     *
      *     *     [0;34mO[0m     *      
   *     *     *     *     *
      *     *     *     *
         *     *     *
            *     *
                
-----------------------------------
-----------------------------------
S 1 5 M 2 1
                
            *     *
         *     *     *
      *     *     *     *
   *     *     *     *     *
      *     *     *     *      
   *     *     *     [0;33mO[0m     *
*     *     *     [0;34mO[0m     *     *
   *     *     [0;44m.[0m     [0;43m.[0m     *
*     *     [0;44m.[0m     [0;34mO[0m     *     *
   *     *     [0;33mO[0m     [0;33mO[0m     *
*     *     [0;33mO[0m     [0;33mO[0m     *     *
   *     *     [0;34mO[0m     [0;34mO[0m     *
*     *     *     [0;44m.[0m     *     *
   *     *     *     *     *
      *     *     [0;34mO[0m     *      
   *     *     *     *     *
      *     *     *     *
         *     *     *
            *     *
                
-----------------------------------
-----------------------------------
S 2 3 M 3 4
                
            *     *
         *     *     *
      *     *     *     *
   *     *     *     *     *
      *     *     *     *      
   *     *     *     [0;33mO[0m     *
*     *     *     [0;34mO[0m     *     *
   *     *     [0;44m.[0m     [0;43m.[0m     *
*     *     [0;44m.[0m     [0;34mO[0m     [0;33mO[0m     *
   *     *     [0;33mO[0m     [0;43m.[0m     *
*     *     [0;33mO[0m     [0;33mO[0m     *     *
   *     *     [0;34mO[0m     [0;34mO[0m     *
*     *     *     [0;44m.[0m     *     *
   *     *     *     *     *
      *     *     [0;34mO[0m     *      
   *     *     *     *     *
      *     *     *     *
         *     *     *
            *     *
                
-----------------------------------
-----------------------------------
S 1 1 M 3 5
                
            *     *
         *     *     *
      *     *     *     *
   *     *     *     *     *
      *     *     *     *      
   *     *     *     [0;33mO[0m     *
*     *     *     [0;34mO[0m     *     *
   *     *     [0;44m.[0m     [0;43m.[0m     *
*     *     [0;44m.[0m     [0;44m.[0m     [0;33mO[0m     *
   *     *     [0;33mO[0m     [0;44m.[0m     *
*     *     [0;33mO[0m     [0;33mO[0m     [0;34mO[0m     *
   *     *     [0;34mO[0m     [0;34mO[0m     *
*     *     *     [0;44m.[0m     *     *
   *     *     *     *     *
      *     *     [0;34mO[0m     *      
   *     *     *     *     *
      *     *     *     *
         *     *     *
            *     *
                
-----------------------------------
-----------------------------------
S 0 0 M 3 3
                
            *     *
         *     *     *
      *     *     *     *
   *     *     *     *     *
      *     *     *     *      
   *     *     *     [0;33mO[0m     *
*     *     *     [0;34mO[0m     [0;33mO[0m     *
   *     *     [0;44m.[0m     [0;44m.[0m     *
*     *     [0;44m.[0m     [0;43m.[0m     [0;33mO[0m     *
   *     *     [0;43m.[0m     [0;44m.[0m     *
*     *     [0;33mO[0m     [0;33mO[0m     [0;34mO[0m     *
   *     *     [0;34mO[0m     [0;34mO[0m     *
*     *     *     [0;44m.[0m     *     *
   *     *     *     *     *
      *     *     [0;34mO[0m     *      
   *     *     *     *     *
      *     *     *     *
         *     *     *
            *     *
                
-----------------------------------
-----------------------------------
S 3 5 M 5 12
                
            *     *
         *     *     *
      *     *     *     *
   *     *     *     *     *
      *     *     *     *      
   *     *     *     [0;33mO[0m     *
*     *     *     [0;34mO[0m     [0;33mO[0m     *
   *     *     [0;44m.[0m     [0;44m.[0m     *
*     *     [0;44m.[0m     [0;43m.[0m     [0;33mO[0m     *
   *     *     [0;43m.[0m     [0;44m.[0m     *
*     *     [0;33mO[0m     [0;33mO[0m     [0;44m.[0m     *
   *     *     [0;34mO[0m     [0;34mO[0m     *
*     *     *     [0;44m.[0m     *     *
   *     *     *     *     *
      *     *     [0;34mO[0m     *      
   *     *     *     *     *
      *     *     *     [0;34mO[0m
         *     *     *
            *     *
                
-----------------------------------
-----------------------------------
S 3 4 M 3 6
                
            *     *
         *     *     *
      *     *     *     *
   *     *     *     *     *
      *     *     *     *      
   *     *     *     [0;33mO[0m     *
*     *     *     [0;34mO[0m     [0;33mO[0m     *
   *     *     [0;44m.[0m     [0;44m.[0m     *
*     *     [0;44m.[0m     [0;43m.[0m     [0;43m.[0m     *
   *     *     [0;43m.[0m     [0;44m.[0m     *
*     *     [0;33mO[0m     [0;33mO[0m     [0;43m.[0m     *
   *     *     [0;34mO[0m     [0;34mO[0m     *
*     *     *     [0;44m.[0m     [0;33mO[0m     *
   *     *     *     *     *
      *     *     [0;34mO[0m     *      
   *     *     *     *     *
      *     *     *     [0;34mO[0m
         *     *     *
            *     *
                
-----------------------------------
-----------------------------------
S 1 3 M 3 7
                
            *     *
         *     *     *
      *     *     *     *
   *     *     *     *     *
      *     *     *     *      
   *     *     *     [0;33mO[0m     *
*     *     *     [0;34mO[0m     [0;33mO[0m     *
   *     *     [0;44m.[0m     [0;44m.[0m     *
*     *     [0;44m.[0m     [0;43m.[0m     [0;43m.[0m     *
   *     *     [0;43m.[0m     [0;44m.[0m     *
*     *     [0;33mO[0m     [0;33mO[0m     [0;43m.[0m     *
   *     *     [0;44m.[0m     [0;34mO[0m     *
*     *     *     [0;43m.[0m     [0;33mO[0m     *
   *     *     *     [0;34mO[0m     *
      *     *     [0;34mO[0m     *      
   *     *     *     *     *
      *     *     *     [0;34mO[0m
         *     *     *
            *     *
                
-----------------------------------
-----------------------------------
S 1 4 M 2 9
                
            *     *
         *     *     *
      *     *     *     *
   *     *     *     *     *
      *     *     *     *      
   *     *     *     [0;33mO[0m     *
*     *     *     [0;34mO[0m     [0;33mO[0m     *
   *     *     [0;44m.[0m     [0;44m.[0m     *
*     *     [0;44m.[0m     [0;43m.[0m     [0;43m.[0m     *
   *     [0;33mO[0m     [0;43m.[0m     [0;44m.[0m     *
*     *     [0;43m.[0m     [0;33mO[0m     [0;43m.[0m     *
   *     *     [0;44m.[0m     [0;34mO[0m     *
*     *     *     [0;43m.[0m     [0;33mO[0m     *
   *     *     *     [0;34mO[0m     *
      *     *     [0;34mO[0m     *      
   *     *     *     *     *
      *     *     *     [0;34mO[0m
         *     *     *
            *     *
                
-----------------------------------
-----------------------------------
S 3 7 M 4 10
                
            *     *
         *     *     *
      *     *     *     *
   *     *     *     *     *
      *     *     *     *      
   *     *     *     [0;33mO[0m     *
*     *     *     [0;34mO[0m     [0;33mO[0m     *
   *     *     [0;44m.[0m     [0;44m.[0m     *
*     *     [0;44m.[0m     [0;43m.[0m     [0;43m.[0m     *
   *     [0;33mO[0m     [0;43m.[0m     [0;44m.[0m     *
*     *     [0;43m.[0m     [0;33mO[0m     [0;43m.[0m     *
   *     *     [0;44m.[0m     [0;34mO[0m     *
*     *     *     [0;43m.[0m     [0;33mO[0m     *
   *     *     *     [0;44m.[0m     *
      *     *     [0;34mO[0m     *      
   *     *     *     [0;34mO[0m     *
      *     *     *     [0;34mO[0m
         *     *     *
            *     *
                
-----------------------------------
-----------------------------------
S 1 2 M 4 5
                
            *     *
         *     *     *
      *     *     *     *
   *     *     *     *     *
      *     *     *     *      
   *     *     *     [0;33mO[0m     *
*     *     *     [0;34mO[0m     [0;33mO[0m     *
   *     *     [0;44m.[0m     [0;44m.[0m     [0;33mO[0m
*     *     [0;44m.[0m     [0;43m.[0m     [0;44m.[0m     *
   *     [0;33mO[0m     [0;43m.[0m     [0;43m.[0m     *
*     *     [0;43m.[0m     [0;43m.[0m     [0;43m.[0m     *
   *     *     [0;44m.[0m     [0;34mO[0m     *
*     *     *     [0;43m.[0m     [0;33mO[0m     *
   *     *     *     [0;44m.[0m     *
      *     *     [0;34mO[0m     *      
   *     *     *     [0;34mO[0m     *
      *     *     *     [0;34mO[0m
         *     *     *
            *     *
                
-----------------------------------
-----------------------------------
S 5 12 M 4 9
                
            *     *
         *     *     *
      *     *     *     *
   *     *     *     *     *
      *     *     *     *      
   *     *     *     [0;33mO[0m     *
*     *     *     [0;34mO[0m     [0;33mO[0m     *
   *     *     [0;44m.[0m     [0;44m.[0m     [0;33mO[0m
*     *     [0;44m.[0m     [0;43m.[0m     [0;44m.[0m     *
   *     [0;33mO[0m     [0;43m.[0m     [0;43m.[0m     *
*     *     [0;43m.[0m     [0;43m.[0m     [0;43m.[0m     *
   *     *     [0;44m.[0m     [0;34mO[0m     *
*     *     *     [0;43m.[0m     [0;33mO[0m     *
   *     *     *     [0;44m.[0m     *
      *     *     [0;34mO[0m     [0;34mO[0m      
   *     *     *     [0;34mO[0m     *
      *     *     *     [0;44m.[0m
         *     *     *
            *     *
                
-----------------------------------
-----------------------------------
S 2 9 M 2 10
                
            *     *
         *     *     *
      *     *     *     *
   *     *     *     *     *
      *     *     *     *      
   *     *     *     [0;33mO[0m     *
*     *     *     [0;34mO[0m     [0;33mO[0m     *
   *     [0;33mO[0m     [0;44m.[0m     [0;44m.[0m     [0;33mO[0m
*     *     [0;44m.[0m     [0;43m.[0m     [0;44m.[0m     *
   *     [0;43m.[0m     [0;43m.[0m     [0;43m.[0m     *
*     *     [0;43m.[0m     [0;43m.[0m     [0;43m.[0m     *
   *     *     [0;44m.[0m     [0;34mO[0m     *
*     *     *     [0;43m.[0m     [0;33mO[0m     *
   *     *     *     [0;44m.[0m     *
      *     *     [0;34mO[0m     [0;34mO[0m      
   *     *     *     [0;34mO[0m     *
      *     *     *     [0;44m.[0m
         *     *     *
            *     *
                
-----------------------------------
-----------------------------------
S 3 8 M 3 13
                
            *     *
         *     *     *
      *     *     *     *
   *     *     *     *     *
      *     *     *     *      
   *     *     *     [0;33mO[0m     *
*     *     *     [0;34mO[0m     [0;33mO[0m     *
   *     [0;33mO[0m     [0;44m.[0m     [0;44m.[0m     [0;33mO[0m
*     *     [0;44m.[0m     [0;43m.[0m     [0;44m.[0m     *
   *     [0;43m.[0m     [0;43m.[0m     [0;43m.[0m     *
*     [0;34mO[0m     [0;43m.[0m     [0;43m.[0m     [0;43m.[0m     *
   *     *     [0;44m.[0m     [0;34mO[0m     *
*     *     *     [0;43m.[0m     [0;33mO[0m     *
   *     *     *     [0;44m.[0m     *
      *     *     [0;44m.[0m     [0;34mO[0m      
   *     *     *     [0;34mO[0m     *
      *     *     *     [0;44m.[0m
         *     *     *
            *     *
                
-----------------------------------
-----------------------------------
S 3 3 M 2 8
                
            *     *
         *     *     *
      *     *     *     *
   *     *     *     *     *
      *     *     *     *      
   *     *     *     [0;33mO[0m     *
*     *     *     [0;34mO[0m     [0;43m.[0m     *
   *     [0;33mO[0m     [0;44m.[0m     [0;43m.[0m     [0;33mO[0m
*     *     [0;44m.[0m     [0;44m.[0m     [0;44m.[0m     *
   *     [0;43m.[0m     [0;44m.[0m     [0;43m.[0m     *
*     [0;34mO[0m     [0;44m.[0m     [0;43m.[0m     [0;43m.[0m     *
   *     [0;33mO[0m     [0;44m.[0m     [0;34mO[0m     *
*     *     *     [0;43m.[0m     [0;33mO[0m     *
   *     *     *     [0;44m.[0m     *
      *     *     [0;44m.[0m     [0;34mO[0m      
   *     *     *     [0;34mO[0m     *
      *     *     *     [0;44m.[0m
         *     *     *
            *     *
                
-----------------------------------
-----------------------------------
S 2 1 M 4 11
                
            *     *
         *     *     *
      *     *     *     *
   *     *     *     *     *
      *     *     *     *      
   *     *     *     [0;33mO[0m     *
*     *     *     [0;44m.[0m     [0;43m.[0m     *
   *     [0;33mO[0m     [0;44m.[0m     [0;43m.[0m     [0;33mO[0m
*     *     [0;44m.[0m     [0;43m.[0m     [0;44m.[0m     *
   *     [0;43m.[0m     [0;44m.[0m     [0;43m.[0m     *
*     [0;34mO[0m     [0;44m.[0m     [0;44m.[0m     [0;43m.[0m     *
   *     [0;33mO[0m     [0;44m.[0m     [0;34mO[0m     *
*     *     *     [0;44m.[0m     [0;33mO[0m     *
   *     *     *     [0;44m.[0m     *
      *     *     [0;43m.[0m     [0;34mO[0m      
   *     *     *     [0;34mO[0m     *
      *     *     [0;34mO[0m     [0;44m.[0m
         *     *     *
            *     *
                
-----------------------------------
-----------------------------------
S 4 5 M 2 7
                
            *     *
         *     *     *
      *     *     *     *
   *     *     *     *     *
      *     *     *     *      
   *     *     *     [0;33mO[0m     *
*     *     *     [0;44m.[0m     [0;43m.[0m     *
   *     [0;33mO[0m     [0;44m.[0m     [0;43m.[0m     [0;43m.[0m
*     *     [0;44m.[0m     [0;43m.[0m     [0;43m.[0m     *
   *     [0;43m.[0m     [0;44m.[0m     [0;44m.[0m     *
*     [0;34mO[0m     [0;44m.[0m     [0;43m.[0m     [0;43m.[0m     *
   *     [0;33mO[0m     [0;43m.[0m     [0;34mO[0m     *
*     *     [0;33mO[0m     [0;44m.[0m     [0;33mO[0m     *
   *     *     *     [0;44m.[0m     *
      *     *     [0;43m.[0m     [0;34mO[0m      
   *     *     *     [0;34mO[0m     *
      *     *     [0;34mO[0m     [0;44m.[0m
         *     *     *
            *     *
                
-----------------------------------
-----------------------------------
S 4 9 M 3 14
                
            *     *
         *     *     *
      *     *     *     *
   *     *     *     *     *
      *     *     *     *      
   *     *     *     [0;33mO[0m     *
*     *     *     [0;44m.[0m     [0;43m.[0m     *
   *     [0;33mO[0m     [0;44m.[0m     [0;43m.[0m     [0;43m.[0m
*     [0;34mO[0m     [0;44m.[0m     [0;43m.[0m     [0;43m.[0m     *
   *     [0;44m.[0m     [0;44m.[0m     [0;44m.[0m     *
*     [0;34mO[0m     [0;43m.[0m     [0;43m.[0m     [0;43m.[0m     *
   *     [0;33mO[0m     [0;44m.[0m     [0;34mO[0m     *
*     *     [0;33mO[0m     [0;43m.[0m     [0;33mO[0m     *
   *     *     *     [0;43m.[0m     *
      *     *     [0;43m.[0m     [0;44m.[0m      
   *     *     *     [0;34mO[0m     *
      *     *     [0;34mO[0m     [0;44m.[0m
         *     *     *
            *     *
                
-----------------------------------
-----------------------------------
S 3 6 M 3 9
                
            *     *
         *     *     *
      *     *     *     *
   *     *     *     *     *
      *     *     *     *      
   *     *     *     [0;33mO[0m     *
*     *     *     [0;44m.[0m     [0;43m.[0m     *
   *     [0;33mO[0m     [0;44m.[0m     [0;43m.[0m     [0;43m.[0m
*     [0;34mO[0m     [0;44m.[0m     [0;43m.[0m     [0;43m.[0m     *
   *     [0;44m.[0m     [0;44m.[0m     [0;44m.[0m     *
*     [0;34mO[0m     [0;43m.[0m     [0;43m.[0m     [0;43m.[0m     *
   *     [0;33mO[0m     [0;44m.[0m     [0;34mO[0m     *
*     *     [0;33mO[0m     [0;43m.[0m     [0;43m.[0m     *
   *     *     *     [0;44m.[0m     *
      *     *     [0;44m.[0m     [0;44m.[0m      
   *     *     [0;33mO[0m     [0;34mO[0m     *
      *     *     [0;34mO[0m     [0;44m.[0m
         *     *     *
            *     *
                
-----------------------------------
-----------------------------------
S 4 10 M 2 6
                
            *     *
         *     *     *
      *     *     *     *
   *     *     *     *     *
      *     *     *     *      
   *     *     *     [0;33mO[0m     *
*     *     *     [0;44m.[0m     [0;43m.[0m     *
   *     [0;33mO[0m     [0;44m.[0m     [0;43m.[0m     [0;43m.[0m
*     [0;34mO[0m     [0;44m.[0m     [0;43m.[0m     [0;43m.[0m     *
   *     [0;44m.[0m     [0;44m.[0m     [0;44m.[0m     *
*     [0;34mO[0m     [0;43m.[0m     [0;43m.[0m     [0;43m.[0m     *
   *     [0;33mO[0m     [0;44m.[0m     [0;34mO[0m     *
*     *     [0;33mO[0m     [0;43m.[0m     [0;43m.[0m     *
   *     *     [0;34mO[0m     [0;44m.[0m     *
      *     *     [0;43m.[0m     [0;44m.[0m      
   *     *     [0;33mO[0m     [0;44m.[0m     *
      *     *     [0;34mO[0m     [0;44m.[0m
         *     *     *
            *     *
                
-----------------------------------
-----------------------------------
S 3 2 M 3 1
                
            *     *
         *     *     *
      *     *     *     *
   *     *     *     *     *
      *     *     [0;33mO[0m     *      
   *     *     *     [0;43m.[0m     *
*     *     *     [0;44m.[0m     [0;43m.[0m     *
   *     [0;33mO[0m     [0;44m.[0m     [0;43m.[0m     [0;43m.[0m
*     [0;34mO[0m     [0;44m.[0m     [0;43m.[0m     [0;43m.[0m     *
   *     [0;44m.[0m     [0;44m.[0m     [0;44m.[0m     *
*     [0;34mO[0m     [0;43m.[0m     [0;43m.[0m     [0;43m.[0m     *
   *     [0;33mO[0m     [0;44m.[0m     [0;34mO[0m     *
*     *     [0;33mO[0m     [0;43m.[0m     [0;43m.[0m     *
   *     *     [0;34mO[0m     [0;44m.[0m     *
      *     *     [0;43m.[0m     [0;44m.[0m      
   *     *     [0;33mO[0m     [0;44m.[0m     *
      *     *     [0;34mO[0m     [0;44m.[0m
         *     *     *
            *     *
                
-----------------------------------
-----------------------------------
S 2 4 M 4 8
                
            *     *
         *     *     *
      *     *     *     *
   *     *     *     *     *
      *     *     [0;33mO[0m     *      
   *     *     *     [0;43m.[0m     *
*     *     *     [0;44m.[0m     [0;43m.[0m     *
   *     [0;33mO[0m     [0;44m.[0m     [0;43m.[0m     [0;43m.[0m
*     [0;34mO[0m     [0;44m.[0m     [0;43m.[0m     [0;43m.[0m     *
   *     [0;44m.[0m     [0;44m.[0m     [0;44m.[0m     *
*     [0;34mO[0m     [0;43m.[0m     [0;43m.[0m     [0;43m.[0m     *
   *     [0;33mO[0m     [0;44m.[0m     [0;44m.[0m     *
*     *     [0;33mO[0m     [0;43m.[0m     [0;44m.[0m     *
   *     *     [0;34mO[0m     [0;44m.[0m     [0;34mO[0m
      *     *     [0;43m.[0m     [0;44m.[0m      
   *     *     [0;33mO[0m     [0;44m.[0m     *
      *     *     [0;34mO[0m     [0;44m.[0m
         *     *     *
            *     *
                
-----------------------------------
-----------------------------------
S 3 9 M 4 7
                
            *     *
         *     *     *
      *     *     *     *
   *     *     *     *     *
      *     *     [0;33mO[0m     *      
   *     *     *     [0;43m.[0m     *
*     *     *     [0;44m.[0m     [0;43m.[0m     *
   *     [0;33mO[0m     [0;44m.[0m     [0;43m.[0m     [0;43m.[0m
*     [0;34mO[0m     [0;44m.[0m     [0;43m.[0m     [0;43m.[0m     *
   *     [0;44m.[0m     [0;44m.[0m     [0;44m.[0m     *
*     [0;34mO[0m     [0;43m.[0m     [0;43m.[0m     [0;43m.[0m     *
   *     [0;33mO[0m     [0;44m.[0m     [0;44m.[0m     [0;33mO[0m
*     *     [0;33mO[0m     [0;43m.[0m     [0;43m.[0m     *
   *     *     [0;34mO[0m     [0;43m.[0m     [0;34mO[0m
      *     *     [0;44m.[0m     [0;44m.[0m      
   *     *     [0;43m.[0m     [0;44m.[0m     *
      *     *     [0;34mO[0m     [0;44m.[0m
         *     *     *
            *     *
                
-----------------------------------
-----------------------------------
S 3 13 M 3 12 RS 3 13 RE 2 1 X 3 12
                
            *     *
         *     *     *
      *     *     *     *
   *     *     *     *     *
      *     *     [0;33mO[0m     *      
   *     *     *     [0;43m.[0m     *
*     *     *     *     [0;43m.[0m     *
   *     [0;33mO[0m     *     [0;43m.[0m     [0;43m.[0m
*     [0;34mO[0m     *     [0;43m.[0m     [0;43m.[0m     *
   *     *     [0;44m.[0m     [0;44m.[0m     *
*     *     [0;43m.[0m     [0;43m.[0m     [0;43m.[0m     *
   *     [0;33mO[0m     [0;44m.[0m     [0;44m.[0m     [0;33mO[0m
*     *     [0;33mO[0m     [0;43m.[0m     [0;43m.[0m     *
   *     *     [0;34mO[0m     [0;43m.[0m     [0;34mO[0m
      *     *     [0;44m.[0m     [0;44m.[0m      
   *     *     [0;43m.[0m     [0;44m.[0m     *
      *     *     [0;34mO[0m     [0;44m.[0m
         *     *     *
            *     *
                
-----------------------------------
-----------------------------------
S 3 1 M 2 1
                
            *     *
         *     *     *
      *     *     *     *
   *     *     *     *     *
      *     *     [0;43m.[0m     *      
   *     *     *     [0;43m.[0m     *
*     *     *     [0;33mO[0m     [0;43m.[0m     *
   *     [0;33mO[0m     *     [0;43m.[0m     [0;43m.[0m
*     [0;34mO[0m     *     [0;43m.[0m     [0;43m.[0m     *
   *     *     [0;44m.[0m     [0;44m.[0m     *
*     *     [0;43m.[0m     [0;43m.[0m     [0;43m.[0m     *
   *     [0;33mO[0m     [0;44m.[0m     [0;44m.[0m     [0;33mO[0m
*     *     [0;33mO[0m     [0;43m.[0m     [0;43m.[0m     *
   *     *     [0;34mO[0m     [0;43m.[0m     [0;34mO[0m
      *     *     [0;44m.[0m     [0;44m.[0m      
   *     *     [0;43m.[0m     [0;44m.[0m     *
      *     *     [0;34mO[0m     [0;44m.[0m
         *     *     *
            *     *
                
-----------------------------------
-----------------------------------
S 2 6 M 4 12
                
            *     *
         *     *     *
      *     *     *     *
   *     *     *     *     *
      *     *     [0;43m.[0m     *      
   *     *     *     [0;43m.[0m     *
*     *     *     [0;33mO[0m     [0;43m.[0m     *
   *     [0;33mO[0m     *     [0;43m.[0m     [0;43m.[0m
*     [0;34mO[0m     *     [0;43m.[0m     [0;43m.[0m     *
   *     *     [0;44m.[0m     [0;44m.[0m     *
*     *     [0;43m.[0m     [0;43m.[0m     [0;43m.[0m     *
   *     [0;33mO[0m     [0;44m.[0m     [0;44m.[0m     [0;33mO[0m
*     *     [0;33mO[0m     [0;43m.[0m     [0;43m.[0m     *
   *     *     [0;44m.[0m     [0;43m.[0m     [0;34mO[0m
      *     *     [0;44m.[0m     [0;44m.[0m      
   *     *     [0;44m.[0m     [0;44m.[0m     *
      *     *     [0;34mO[0m     [0;44m.[0m
         *     [0;34mO[0m     *
            *     *
                
-----------------------------------
-----------------------------------
S 4 7 M 4 13
                
            *     *
         *     *     *
      *     *     *     *
   *     *     *     *     *
      *     *     [0;43m.[0m     *      
   *     *     *     [0;43m.[0m     *
*     *     *     [0;33mO[0m     [0;43m.[0m     *
   *     [0;33mO[0m     *     [0;43m.[0m     [0;43m.[0m
*     [0;34mO[0m     *     [0;43m.[0m     [0;43m.[0m     *
   *     *     [0;44m.[0m     [0;44m.[0m     *
*     *     [0;43m.[0m     [0;43m.[0m     [0;43m.[0m     *
   *     [0;33mO[0m     [0;44m.[0m     [0;44m.[0m     [0;43m.[0m
*     *     [0;33mO[0m     [0;43m.[0m     [0;44m.[0m     *
   *     *     [0;44m.[0m     [0;44m.[0m     [0;34mO[0m
      *     *     [0;43m.[0m     [0;44m.[0m      
   *     *     [0;43m.[0m     [0;44m.[0m     *
      *     [0;33mO[0m     [0;34mO[0m     [0;44m.[0m
         *     [0;34mO[0m     *
            *     *
                
-----------------------------------
-----------------------------------
S 4 11 M 5 13
                
            *     *
         *     *     *
      *     *     *     *
   *     *     *     *     *
      *     *     [0;43m.[0m     *      
   *     *     *     [0;43m.[0m     *
*     *     *     [0;33mO[0m     [0;43m.[0m     *
   *     [0;33mO[0m     *     [0;43m.[0m     [0;43m.[0m
*     [0;34mO[0m     *     [0;43m.[0m     [0;43m.[0m     *
   *     *     [0;44m.[0m     [0;44m.[0m     *
*     *     [0;43m.[0m     [0;43m.[0m     [0;43m.[0m     *
   *     [0;33mO[0m     [0;44m.[0m     [0;44m.[0m     [0;43m.[0m
*     *     [0;33mO[0m     [0;43m.[0m     [0;44m.[0m     *
   *     *     [0;44m.[0m     [0;44m.[0m     [0;34mO[0m
      *     *     [0;43m.[0m     [0;44m.[0m      
   *     *     [0;43m.[0m     [0;44m.[0m     *
      *     [0;33mO[0m     [0;44m.[0m     [0;44m.[0m
         *     [0;34mO[0m     [0;34mO[0m
            *     *
                
-----------------------------------
-----------------------------------
S 2 1 M 1 5 RS 3 8 RE 2 1 X 2 8
                
            *     *
         *     *     *
      *     *     *     *
   *     *     *     *     *
      *     *     [0;43m.[0m     *      
   *     *     *     [0;43m.[0m     *
*     *     *     *     [0;43m.[0m     *
   *     [0;33mO[0m     *     [0;43m.[0m     [0;43m.[0m
*     [0;34mO[0m     [0;33mO[0m     *     [0;43m.[0m     *
   *     *     [0;44m.[0m     [0;44m.[0m     *
*     *     [0;43m.[0m     *     [0;43m.[0m     *
   *     *     [0;44m.[0m     [0;44m.[0m     [0;43m.[0m
*     *     [0;33mO[0m     *     [0;44m.[0m     *
   *     *     [0;44m.[0m     [0;44m.[0m     [0;34mO[0m
      *     *     *     [0;44m.[0m      
   *     *     [0;43m.[0m     [0;44m.[0m     *
      *     [0;33mO[0m     [0;44m.[0m     [0;44m.[0m
         *     [0;34mO[0m     [0;34mO[0m
            *     *
                
-----------------------------------
-----------------------------------
S 5 13 M 3 10 RS 5 13 RE 2 3 X 4 8
                
            *     *
         *     *     *
      *     *     *     *
   *     *     *     *     *
      *     *     [0;43m.[0m     *      
   *     *     *     [0;43m.[0m     *
*     *     *     *     [0;43m.[0m     *
   *     [0;33mO[0m     *     [0;43m.[0m     [0;43m.[0m
*     [0;34mO[0m     [0;33mO[0m     *     [0;43m.[0m     *
   *     *     [0;44m.[0m     *     *
*     *     [0;43m.[0m     *     [0;43m.[0m     *
   *     *     [0;44m.[0m     *     [0;43m.[0m
*     *     [0;33mO[0m     *     [0;44m.[0m     *
   *     *     [0;44m.[0m     *     *
      *     [0;34mO[0m     *     [0;44m.[0m      
   *     *     [0;44m.[0m     *     *
      *     [0;33mO[0m     [0;43m.[0m     [0;44m.[0m
         *     [0;34mO[0m     *
            *     *
                
-----------------------------------
-----------------------------------
S 2 7 M 3 8
                
            *     *
         *     *     *
      *     *     *     *
   *     *     *     *     *
      *     *     [0;43m.[0m     *      
   *     *     *     [0;43m.[0m     *
*     *     *     *     [0;43m.[0m     *
   *     [0;33mO[0m     *     [0;43m.[0m     [0;43m.[0m
*     [0;34mO[0m     [0;33mO[0m     *     [0;43m.[0m     *
   *     *     [0;44m.[0m     *     *
*     *     [0;43m.[0m     *     [0;43m.[0m     *
   *     *     [0;44m.[0m     *     [0;43m.[0m
*     *     [0;43m.[0m     *     [0;44m.[0m     *
   *     *     [0;43m.[0m     *     *
      *     [0;34mO[0m     [0;33mO[0m     [0;44m.[0m      
   *     *     [0;44m.[0m     *     *
      *     [0;33mO[0m     [0;43m.[0m     [0;44m.[0m
         *     [0;34mO[0m     *
            *     *
                
-----------------------------------
-----------------------------------
S 4 12 M 4 10
                
            *     *
         *     *     *
      *     *     *     *
   *     *     *     *     *
      *     *     [0;43m.[0m     *      
   *     *     *     [0;43m.[0m     *
*     *     *     *     [0;43m.[0m     *
   *     [0;33mO[0m     *     [0;43m.[0m     [0;43m.[0m
*     [0;34mO[0m     [0;33mO[0m     *     [0;43m.[0m     *
   *     *     [0;44m.[0m     *     *
*     *     [0;43m.[0m     *     [0;43m.[0m     *
   *     *     [0;44m.[0m     *     [0;43m.[0m
*     *     [0;43m.[0m     *     [0;44m.[0m     *
   *     *     [0;43m.[0m     *     *
      *     [0;34mO[0m     [0;33mO[0m     [0;44m.[0m      
   *     *     [0;44m.[0m     [0;34mO[0m     *
      *     [0;33mO[0m     [0;44m.[0m     [0;44m.[0m
         *     [0;44m.[0m     *
            *     *
                
-----------------------------------
-----------------------------------
S 1 5 M 1 2
                
            *     *
         *     *     *
      *     *     *     *
   *     *     *     *     *
      *     *     [0;43m.[0m     *      
   *     *     *     [0;43m.[0m     *
*     *     *     *     [0;43m.[0m     *
   *     [0;33mO[0m     *     [0;43m.[0m     [0;43m.[0m
*     [0;34mO[0m     [0;43m.[0m     *     [0;43m.[0m     *
   *     *     [0;43m.[0m     *     *
*     *     [0;43m.[0m     [0;33mO[0m     [0;43m.[0m     *
   *     *     [0;44m.[0m     *     [0;43m.[0m
*     *     [0;43m.[0m     *     [0;44m.[0m     *
   *     *     [0;43m.[0m     *     *
      *     [0;34mO[0m     [0;33mO[0m     [0;44m.[0m      
   *     *     [0;44m.[0m     [0;34mO[0m     *
      *     [0;33mO[0m     [0;44m.[0m     [0;44m.[0m
         *     [0;44m.[0m     *
            *     *
                
-----------------------------------
-----------------------------------
S 3 14 M 3 12
                
            *     *
         *     *     *
      *     *     *     *
   *     *     *     *     *
      *     *     [0;43m.[0m     *      
   *     *     *     [0;43m.[0m     *
*     *     *     *     [0;43m.[0m     *
   *     [0;33mO[0m     *     [0;43m.[0m     [0;43m.[0m
*     [0;44m.[0m     [0;43m.[0m     *     [0;43m.[0m     *
   *     *     [0;43m.[0m     *     *
*     *     [0;43m.[0m     [0;33mO[0m     [0;43m.[0m     *
   *     *     [0;44m.[0m     *     [0;43m.[0m
*     [0;34mO[0m     [0;43m.[0m     *     [0;44m.[0m     *
   *     *     [0;43m.[0m     *     *
      *     [0;34mO[0m     [0;33mO[0m     [0;44m.[0m      
   *     *     [0;44m.[0m     [0;34mO[0m     *
      *     [0;33mO[0m     [0;44m.[0m     [0;44m.[0m
         *     [0;44m.[0m     *
            *     *
                
-----------------------------------
-----------------------------------
S 1 2 M 1 1
                
            *     *
         *     *     *
      *     *     *     *
   *     *     *     *     *
      *     *     [0;43m.[0m     *      
   *     *     *     [0;43m.[0m     *
*     *     *     *     [0;43m.[0m     *
   *     [0;33mO[0m     *     [0;43m.[0m     [0;43m.[0m
*     [0;44m.[0m     [0;43m.[0m     [0;33mO[0m     [0;43m.[0m     *
   *     *     [0;43m.[0m     *     *
*     *     [0;43m.[0m     [0;43m.[0m     [0;43m.[0m     *
   *     *     [0;44m.[0m     *     [0;43m.[0m
*     [0;34mO[0m     [0;43m.[0m     *     [0;44m.[0m     *
   *     *     [0;43m.[0m     *     *
      *     [0;34mO[0m     [0;33mO[0m     [0;44m.[0m      
   *     *     [0;44m.[0m     [0;34mO[0m     *
      *     [0;33mO[0m     [0;44m.[0m     [0;44m.[0m
         *     [0;44m.[0m     *
            *     *
                
-----------------------------------
-----------------------------------
S 4 10 M 4 2
                
            *     *
         *     *     *
      *     *     *     *
   *     *     *     [0;34mO[0m     *
      *     *     [0;43m.[0m     *      
   *     *     *     [0;44m.[0m     *
*     *     *     *     [0;43m.[0m     *
   *     [0;33mO[0m     *     [0;44m.[0m     [0;43m.[0m
*     [0;44m.[0m     [0;43m.[0m     [0;33mO[0m     [0;43m.[0m     *
   *     *     [0;43m.[0m     *     *
*     *     [0;43m.[0m     [0;43m.[0m     [0;43m.[0m     *
   *     *     [0;44m.[0m     *     [0;43m.[0m
*     [0;34mO[0m     [0;43m.[0m     *     [0;44m.[0m     *
   *     *     [0;43m.[0m     *     *
      *     [0;34mO[0m     [0;33mO[0m     [0;44m.[0m      
   *     *     [0;44m.[0m     [0;44m.[0m     *
      *     [0;33mO[0m     [0;44m.[0m     [0;44m.[0m
         *     [0;44m.[0m     *
            *     *
                
-----------------------------------
-----------------------------------
S 2 10 M 2 11
                
            *     *
         *     *     *
      *     *     *     *
   *     *     *     [0;34mO[0m     *
      *     *     [0;43m.[0m     *      
   *     *     *     [0;44m.[0m     *
*     *     [0;33mO[0m     *     [0;43m.[0m     *
   *     [0;43m.[0m     *     [0;44m.[0m     [0;43m.[0m
*     [0;44m.[0m     [0;43m.[0m     [0;33mO[0m     [0;43m.[0m     *
   *     *     [0;43m.[0m     *     *
*     *     [0;43m.[0m     [0;43m.[0m     [0;43m.[0m     *
   *     *     [0;44m.[0m     *     [0;43m.[0m
*     [0;34mO[0m     [0;43m.[0m     *     [0;44m.[0m     *
   *     *     [0;43m.[0m     *     *
      *     [0;34mO[0m     [0;33mO[0m     [0;44m.[0m      
   *     *     [0;44m.[0m     [0;44m.[0m     *
      *     [0;33mO[0m     [0;44m.[0m     [0;44m.[0m
         *     [0;44m.[0m     *
            *     *
                
-----------------------------------
-----------------------------------
S 3 12 M 3 15
                
            *     *
         *     *     *
      *     *     *     *
   *     *     *     [0;34mO[0m     *
      *     *     [0;43m.[0m     *      
   *     *     *     [0;44m.[0m     *
*     [0;34mO[0m     [0;33mO[0m     *     [0;43m.[0m     *
   *     [0;43m.[0m     *     [0;44m.[0m     [0;43m.[0m
*     [0;43m.[0m     [0;43m.[0m     [0;33mO[0m     [0;43m.[0m     *
   *     *     [0;43m.[0m     *     *
*     *     [0;43m.[0m     [0;43m.[0m     [0;43m.[0m     *
   *     *     [0;44m.[0m     *     [0;43m.[0m
*     [0;44m.[0m     [0;43m.[0m     *     [0;44m.[0m     *
   *     *     [0;43m.[0m     *     *
      *     [0;34mO[0m     [0;33mO[0m     [0;44m.[0m      
   *     *     [0;44m.[0m     [0;44m.[0m     *
      *     [0;33mO[0m     [0;44m.[0m     [0;44m.[0m
         *     [0;44m.[0m     *
            *     *
                
-----------------------------------
-----------------------------------
S 1 1 M 2 5
                
            *     *
         *     *     *
      *     *     *     *
   *     *     *     [0;34mO[0m     *
      *     *     [0;43m.[0m     *      
   *     *     *     [0;44m.[0m     *
*     [0;34mO[0m     [0;33mO[0m     *     [0;43m.[0m     *
   *     [0;43m.[0m     *     [0;44m.[0m     [0;43m.[0m
*     [0;43m.[0m     [0;43m.[0m     [0;43m.[0m     [0;43m.[0m     *
   *     *     [0;43m.[0m     *     *
*     *     [0;43m.[0m     [0;44m.[0m     [0;43m.[0m     *
   *     *     [0;44m.[0m     *     [0;43m.[0m
*     [0;44m.[0m     [0;43m.[0m     [0;33mO[0m     [0;44m.[0m     *
   *     *     [0;43m.[0m     *     *
      *     [0;34mO[0m     [0;33mO[0m     [0;44m.[0m      
   *     *     [0;44m.[0m     [0;44m.[0m     *
      *     [0;33mO[0m     [0;44m.[0m     [0;44m.[0m
         *     [0;44m.[0m     *
            *     *
                
-----------------------------------
-----------------------------------
S 3 10 M 3 11
                
            *     *
         *     *     *
      *     *     *     *
   *     *     *     [0;34mO[0m     *
      *     *     [0;43m.[0m     *      
   *     *     *     [0;44m.[0m     *
*     [0;34mO[0m     [0;33mO[0m     *     [0;43m.[0m     *
   *     [0;43m.[0m     *     [0;44m.[0m     [0;43m.[0m
*     [0;43m.[0m     [0;43m.[0m     [0;43m.[0m     [0;43m.[0m     *
   *     *     [0;43m.[0m     *     *
*     *     [0;43m.[0m     [0;44m.[0m     [0;43m.[0m     *
   *     *     [0;44m.[0m     *     [0;43m.[0m
*     [0;44m.[0m     [0;43m.[0m     [0;33mO[0m     [0;44m.[0m     *
   *     [0;34mO[0m     [0;43m.[0m     *     *
      *     [0;44m.[0m     [0;33mO[0m     [0;44m.[0m      
   *     *     [0;44m.[0m     [0;44m.[0m     *
      *     [0;33mO[0m     [0;44m.[0m     [0;44m.[0m
         *     [0;44m.[0m     *
            *     *
                
-----------------------------------
-----------------------------------
S 3 8 M 5 14
                
            *     *
         *     *     *
      *     *     *     *
   *     *     *     [0;34mO[0m     *
      *     *     [0;43m.[0m     *      
   *     *     *     [0;44m.[0m     *
*     [0;34mO[0m     [0;33mO[0m     *     [0;43m.[0m     *
   *     [0;43m.[0m     *     [0;44m.[0m     [0;43m.[0m
*     [0;43m.[0m     [0;43m.[0m     [0;43m.[0m     [0;43m.[0m     *
   *     *     [0;43m.[0m     *     *
*     *     [0;43m.[0m     [0;44m.[0m     [0;43m.[0m     *
   *     *     [0;44m.[0m     *     [0;43m.[0m
*     [0;44m.[0m     [0;43m.[0m     [0;33mO[0m     [0;44m.[0m     *
   *     [0;34mO[0m     [0;43m.[0m     *     *
      *     [0;44m.[0m     [0;43m.[0m     [0;44m.[0m      
   *     *     [0;44m.[0m     [0;44m.[0m     *
      *     [0;33mO[0m     [0;43m.[0m     [0;44m.[0m
         *     [0;44m.[0m     *
            *     [0;33mO[0m
                
-----------------------------------
-----------------------------------
S 3 11 M 2 8
                
            *     *
         *     *     *
      *     *     *     *
   *     *     *     [0;34mO[0m     *
      *     *     [0;43m.[0m     *      
   *     *     *     [0;44m.[0m     *
*     [0;34mO[0m     [0;33mO[0m     *     [0;43m.[0m     *
   *     [0;43m.[0m     *     [0;44m.[0m     [0;43m.[0m
*     [0;43m.[0m     [0;43m.[0m     [0;43m.[0m     [0;43m.[0m     *
   *     *     [0;43m.[0m     *     *
*     *     [0;43m.[0m     [0;44m.[0m     [0;43m.[0m     *
   *     [0;34mO[0m     [0;44m.[0m     *     [0;43m.[0m
*     [0;44m.[0m     [0;43m.[0m     [0;33mO[0m     [0;44m.[0m     *
   *     [0;44m.[0m     [0;43m.[0m     *     *
      *     [0;44m.[0m     [0;43m.[0m     [0;44m.[0m      
   *     *     [0;44m.[0m     [0;44m.[0m     *
      *     [0;33mO[0m     [0;43m.[0m     [0;44m.[0m
         *     [0;44m.[0m     *
            *     [0;33mO[0m
                
-----------------------------------
-----------------------------------
S 2 5 M 2 9
                
            *     *
         *     *     *
      *     *     *     *
   *     *     *     [0;34mO[0m     *
      *     *     [0;43m.[0m     *      
   *     *     *     [0;44m.[0m     *
*     [0;34mO[0m     [0;33mO[0m     *     [0;43m.[0m     *
   *     [0;43m.[0m     *     [0;44m.[0m     [0;43m.[0m
*     [0;43m.[0m     [0;43m.[0m     [0;43m.[0m     [0;43m.[0m     *
   *     [0;33mO[0m     [0;43m.[0m     *     *
*     *     [0;44m.[0m     [0;44m.[0m     [0;43m.[0m     *
   *     [0;34mO[0m     [0;43m.[0m     *     [0;43m.[0m
*     [0;44m.[0m     [0;43m.[0m     [0;43m.[0m     [0;44m.[0m     *
   *     [0;44m.[0m     [0;43m.[0m     *     *
      *     [0;44m.[0m     [0;43m.[0m     [0;44m.[0m      
   *     *     [0;44m.[0m     [0;44m.[0m     *
      *     [0;33mO[0m     [0;43m.[0m     [0;44m.[0m
         *     [0;44m.[0m     *
            *     [0;33mO[0m
                
-----------------------------------
-----------------------------------
S 4 2 M 5 6
                
            *     *
         *     *     *
      *     *     *     *
   *     *     *     [0;44m.[0m     *
      *     *     [0;43m.[0m     *      
   *     *     *     [0;44m.[0m     *
*     [0;34mO[0m     [0;33mO[0m     *     [0;43m.[0m     [0;34mO[0m
   *     [0;43m.[0m     *     [0;44m.[0m     [0;43m.[0m
*     [0;43m.[0m     [0;43m.[0m     [0;43m.[0m     [0;43m.[0m     *
   *     [0;33mO[0m     [0;43m.[0m     *     *
*     *     [0;44m.[0m     [0;44m.[0m     [0;43m.[0m     *
   *     [0;34mO[0m     [0;43m.[0m     *     [0;43m.[0m
*     [0;44m.[0m     [0;43m.[0m     [0;43m.[0m     [0;44m.[0m     *
   *     [0;44m.[0m     [0;43m.[0m     *     *
      *     [0;44m.[0m     [0;43m.[0m     [0;44m.[0m      
   *     *     [0;44m.[0m     [0;44m.[0m     *
      *     [0;33mO[0m     [0;43m.[0m     [0;44m.[0m
         *     [0;44m.[0m     *
            *     [0;33mO[0m
                
-----------------------------------
-----------------------------------
S 5 14 M 5 13
                
            *     *
         *     *     *
      *     *     *     *
   *     *     *     [0;44m.[0m     *
      *     *     [0;43m.[0m     *      
   *     *     *     [0;44m.[0m     *
*     [0;34mO[0m     [0;33mO[0m     *     [0;43m.[0m     [0;34mO[0m
   *     [0;43m.[0m     *     [0;44m.[0m     [0;43m.[0m
*     [0;43m.[0m     [0;43m.[0m     [0;43m.[0m     [0;43m.[0m     *
   *     [0;33mO[0m     [0;43m.[0m     *     *
*     *     [0;44m.[0m     [0;44m.[0m     [0;43m.[0m     *
   *     [0;34mO[0m     [0;43m.[0m     *     [0;43m.[0m
*     [0;44m.[0m     [0;43m.[0m     [0;43m.[0m     [0;44m.[0m     *
   *     [0;44m.[0m     [0;43m.[0m     *     *
      *     [0;44m.[0m     [0;43m.[0m     [0;44m.[0m      
   *     *     [0;44m.[0m     [0;44m.[0m     *
      *     [0;33mO[0m     [0;43m.[0m     [0;44m.[0m
         *     [0;44m.[0m     [0;33mO[0m
            *     [0;43m.[0m
                
-----------------------------------
-----------------------------------
S 5 6 M 2 3
                
            *     *
         *     *     *
      *     *     *     *
   *     *     *     [0;44m.[0m     *
      *     *     [0;43m.[0m     *      
   *     *     *     [0;44m.[0m     *
*     [0;34mO[0m     [0;33mO[0m     *     [0;43m.[0m     [0;44m.[0m
   *     [0;43m.[0m     *     [0;44m.[0m     [0;44m.[0m
*     [0;43m.[0m     [0;43m.[0m     [0;43m.[0m     [0;44m.[0m     *
   *     [0;33mO[0m     [0;43m.[0m     [0;34mO[0m     *
*     *     [0;44m.[0m     [0;44m.[0m     [0;43m.[0m     *
   *     [0;34mO[0m     [0;43m.[0m     *     [0;43m.[0m
*     [0;44m.[0m     [0;43m.[0m     [0;43m.[0m     [0;44m.[0m     *
   *     [0;44m.[0m     [0;43m.[0m     *     *
      *     [0;44m.[0m     [0;43m.[0m     [0;44m.[0m      
   *     *     [0;44m.[0m     [0;44m.[0m     *
      *     [0;33mO[0m     [0;43m.[0m     [0;44m.[0m
         *     [0;44m.[0m     [0;33mO[0m
            *     [0;43m.[0m
                
-----------------------------------
-----------------------------------
S 2 11 M 5 3
                
            *     *
         *     *     *
      *     *     *     [0;33mO[0m
   *     *     *     [0;43m.[0m     *
      *     *     [0;44m.[0m     *      
   *     *     *     [0;44m.[0m     *
*     [0;34mO[0m     [0;43m.[0m     *     [0;43m.[0m     [0;44m.[0m
   *     [0;43m.[0m     *     [0;44m.[0m     [0;44m.[0m
*     [0;43m.[0m     [0;43m.[0m     [0;43m.[0m     [0;44m.[0m     *
   *     [0;33mO[0m     [0;43m.[0m     [0;34mO[0m     *
*     *     [0;44m.[0m     [0;44m.[0m     [0;43m.[0m     *
   *     [0;34mO[0m     [0;43m.[0m     *     [0;43m.[0m
*     [0;44m.[0m     [0;43m.[0m     [0;43m.[0m     [0;44m.[0m     *
   *     [0;44m.[0m     [0;43m.[0m     *     *
      *     [0;44m.[0m     [0;43m.[0m     [0;44m.[0m      
   *     *     [0;44m.[0m     [0;44m.[0m     *
      *     [0;33mO[0m     [0;43m.[0m     [0;44m.[0m
         *     [0;44m.[0m     [0;33mO[0m
            *     [0;43m.[0m
                
-----------------------------------
***********************************

-> You are player 1
-> You are alloted a time of 120s

***********************************

Time remaining is: 120s
You played : P 0 0
P 0 0 True
Player 2 played : P 1 1
P 1 1 True
Time remaining is: 120s
You played : P 1 2
P 1 2 True
Player 2 played : P 1 5
P 1 5 True
Time remaining is: 120s
You played : P 1 0
P 1 0 True
Player 2 played : P 1 3
P 1 3 True
Time remaining is: 120s
You played : P 1 4
P 1 4 True
Player 2 played : P 2 5
P 2 5 True
Time remaining is: 120s
You played : P 2 2
P 2 2 True
Player 2 played : P 2 4
P 2 4 True
Time remaining is: 120s
You played : S 2 2 M 2 3
S 2 2 True
M 2 3 True
Player 2 played : S 2 5 M 3 8
S 2 5 True
M 3 8 True
Time remaining is: 120s
You played : S 1 0 M 3 2
S 1 0 True
M 3 2 True
Player 2 played : S 1 5 M 2 1
S 1 5 True
M 2 1 True
Time remaining is: 120s
You played : S 2 3 M 3 4
S 2 3 True
M 3 4 True
Player 2 played : S 1 1 M 3 5
S 1 1 True
M 3 5 True
Time remaining is: 119s
You played : S 0 0 M 3 3
S 0 0 True
M 3 3 True
Player 2 played : S 3 5 M 5 12
S 3 5 True
M 5 12 True
Time remaining is: 119s
You played : S 3 4 M 3 6
S 3 4 True
M 3 6 True
Player 2 played : S 1 3 M 3 7
S 1 3 True
M 3 7 True
Time remaining is: 119s
You played : S 1 4 M 2 9
S 1 4 True
M 2 9 True
Player 2 played : S 3 7 M 4 10
S 3 7 True
M 4 10 True
Time remaining is: 119s
You played : S 1 2 M 4 5
S 1 2 True
M 4 5 True
Player 2 played : S 5 12 M 4 9
S 5 12 True
M 4 9 True
Time remaining is: 119s
You played : S 2 9 M 2 10
S 2 9 True
M 2 10 True
Player 2 played : S 3 8 M 3 13
S 3 8 True
M 3 13 True
Time remaining is: 119s
You played : S 3 3 M 2 8
S 3 3 True
M 2 8 True
Player 2 played : S 2 1 M 4 11
S 2 1 True
M 4 11 True
Time remaining is: 119s
You played : S 4 5 M 2 7
S 4 5 True
M 2 7 True
Player 2 played : S 4 9 M 3 14
S 4 9 True
M 3 14 True
Time remaining is: 119s
You played : S 3 6 M 3 9
S 3 6 True
M 3 9 True
Player 2 played : S 4 10 M 2 6
S 4 10 True
M 2 6 True
Time remaining is: 119s
You played : S 3 2 M 3 1
S 3 2 True
M 3 1 True
Player 2 played : S 2 4 M 4 8
S 2 4 True
M 4 8 True
Time remaining is: 119s
You played : S 3 9 M 4 7
S 3 9 True
M 4 7 True
Player 2 played : S 3 13 M 3 12 RS 3 13 RE 2 1 X 3 12
S 3 13 True
M 3 12 True
RS 3 13 True
RE 2 1 True
X 3 12 True
Time remaining is: 119s
You played : S 3 1 M 2 1
S 3 1 True
M 2 1 True
Player 2 played : S 2 6 M 4 12
S 2 6 True
M 4 12 True
Time remaining is: 119s
You played : S 4 7 M 4 13
S 4 7 True
M 4 13 True
Player 2 played : S 4 11 M 5 13
S 4 11 True
M 5 13 True
Time remaining is: 118s
You played : S 2 1 M 1 5 RS 3 8 RE 2 1 X 2 8
S 2 1 True
M 1 5 True
RS 3 8 True
RE 2 1 True
X 2 8 True
Player 2 played : S 5 13 M 3 10 RS 5 13 RE 2 3 X 4 8
S 5 13 True
M 3 10 True
RS 5 13 True
RE 2 3 True
X 4 8 True
Time remaining is: 118s
You played : S 2 7 M 3 8
S 2 7 True
M 3 8 True
Player 2 played : S 4 12 M 4 10
S 4 12 True
M 4 10 True
Time remaining is: 118s
You played : S 1 5 M 1 2
S 1 5 True
M 1 2 True
Player 2 played : S 3 14 M 3 12
S 3 14 True
M 3 12 True
Time remaining is: 118s
You played : S 1 2 M 1 1
S 1 2 True
M 1 1 True
Player 2 played : S 4 10 M 4 2
S 4 10 True
M 4 2 True
Time remaining is: 118s
You played : S 2 10 M 2 11
S 2 10 True
M 2 11 True
Player 2 played : S 3 12 M 3 15
S 3 12 True
M 3 15 True
Time remaining is: 118s
You played : S 1 1 M 2 5
S 1 1 True
M 2 5 True
Player 2 played : S 3 10 M 3 11
S 3 10 True
M 3 11 True
Time remaining is: 118s
You played : S 3 8 M 5 14
S 3 8 True
M 5 14 True
Player 2 played : S 3 11 M 2 8
S 3 11 True
M 2 8 True
Time remaining is: 118s
You played : S 2 5 M 2 9
S 2 5 True
M 2 9 True
Player 2 played : S 4 2 M 5 6
S 4 2 True
M 5 6 True
Time remaining is: 118s
You played : S 5 14 M 5 13
S 5 14 True
M 5 13 True
Player 2 played : S 5 6 M 2 3
S 5 6 True
M 2 3 True
Time remaining is: 118s
You played : S 2 11 M 5 3
S 2 11 True
M 5 3 True
Player 2 played : S 2 3 M 5 9 RS 5 12 RE 3 4 X 2 8
S 2 3 True
M 5 9 True
RS 5 12 True
RE 3 4 True
X 2 8 True
OTHER PLAYER WINS!
Your Score : 1.015
Opponent's Score : 9.015
