line read
1 5 120 5
5 5 120
5 - 5  -- 5
move :: P 5 5
move :: P 6 5
move :: P 6 6
move :: P 4 5
move :: P 5 3
completing move
return move :: S 5 3 M 4 3  value:: 2
time is :1.0308move :: S 5 3 M 4 3
completing move
return move :: S 6 5 M 6 3  value:: -5
time is :1.99479move :: S 6 5 M 6 3
completing move
return move :: S 6 3 M 6 4  value:: 21
time is :2.75224move :: S 6 3 M 6 4
completing move
return move :: S 6 4 M 4 2  value:: 780
time is :3.55119move :: S 6 4 M 4 2
completing move
return move :: S 4 5 M 0 1  value:: 1744
time is :4.63037move :: S 4 5 M 0 1
completing move
return move :: S 4 3 M 3 3  value:: 1633
time is :6.11963move :: S 4 3 M 3 3
completing move
return move :: S 0 1 M 6 1  value:: 1648
time is :8.12603move :: S 0 1 M 6 1
completing move
return move :: S 3 3 M 2 3  value:: 3397
time is :9.00755move :: S 3 3 M 2 3
completing move
return move :: S 6 6 M 7 6  value:: 3280
time is :9.82726move :: S 6 6 M 7 6
completing move
return move :: S 5 5 M 3 5  value:: 4242
time is :10.5346move :: S 5 5 M 3 5
completing move
return move :: S 2 3 M 2 4  value:: 5387
time is :12.4228move :: S 2 3 M 2 4
completing move
return move :: S 4 2 M 4 0  value:: 289
time is :16.3089move :: S 4 2 M 4 0
completing move
return move :: S 3 5 M 9 5  value:: 717367
time is :19.1768move :: S 3 5 M 9 5
completing move
return move :: S 9 5 M 2 5  value:: -31380
time is :19.7036move :: S 9 5 M 2 5
completing move
return move :: S 4 0 M 4 1  value:: -49811
time is :20.7356move :: S 4 0 M 4 1
completing move
return move :: S 4 1 M 9 6  value:: 633
time is :22.4199move :: S 4 1 M 9 6
completing move
return move :: S 7 6 M 10 9  value:: 1128
time is :28.2536move :: S 7 6 M 10 9
completing move
return move :: S 9 6 M 9 7  value:: 717295
time is :33.2129move :: S 9 6 M 9 7
completing move
return move :: S 9 7 M 9 4  value:: -3736550
time is :38.5508move :: S 9 7 M 9 4
completing move
return move :: S 2 4 M 6 8  value:: -10238074
time is :40.6009move :: S 2 4 M 6 8
completing move
return move :: S 6 8 M 5 8 RS 2 4 RE 6 8 X 5 8   value:: -10290636
time is :43.3249move :: S 6 8 M 5 8 RS 2 4 RE 6 8 X 5 8 
completing move
return move :: S 2 5 M 2 1  value:: -13918895
time is :43.8951move :: S 2 5 M 2 1
completing move
depth shift 6
depth shift 7
depth shift 7
depth shift 6
depth shift 6
depth shift 6
depth shift 6
depth shift 6
depth shift 6
depth shift 6
depth shift 6
depth shift 6
depth shift 6
depth shift 6
depth shift 6
depth shift 6
depth shift 6
depth shift 6
depth shift 6
depth shift 6
depth shift 6
depth shift 6
depth shift 6
depth shift 6
depth shift 6
depth shift 6
depth shift 6
depth shift 6
depth shift 6
depth shift 6
depth shift 6
depth shift 6
depth shift 6
depth shift 6
depth shift 6
depth shift 6
depth shift 6
depth shift 6
depth shift 6
depth shift 6
depth shift 6
depth shift 6
depth shift 6
depth shift 6
depth shift 6
depth shift 6
depth shift 6
depth shift 6
depth shift 6
depth shift 6
depth shift 6
depth shift 6
depth shift 6
depth shift 6
depth shift 6
depth shift 6
depth shift 6
depth shift 6
depth shift 6
depth shift 6
depth shift 6
depth shift 6
depth shift 6
depth shift 6
depth shift 6
depth shift 6
depth shift 6
depth shift 6
depth shift 6
depth shift 6
depth shift 6
depth shift 6
depth shift 6
return move :: S 6 1 M 3 1  value:: -20587633
time is :46.4854move :: S 6 1 M 3 1
completing move
depth shift 6
depth shift 6
depth shift 7
depth shift 6
depth shift 6
depth shift 6
depth shift 6
depth shift 6
depth shift 6
depth shift 6
depth shift 6
depth shift 6
depth shift 6
depth shift 6
depth shift 6
depth shift 6
depth shift 6
depth shift 6
depth shift 6
depth shift 6
depth shift 6
depth shift 6
depth shift 7
depth shift 6
depth shift 6
depth shift 6
depth shift 6
depth shift 7
depth shift 6
depth shift 6
depth shift 6
depth shift 6
depth shift 6
depth shift 6
depth shift 6
depth shift 6
depth shift 6
depth shift 6
depth shift 6
depth shift 6
depth shift 6
depth shift 6
depth shift 6
depth shift 6
depth shift 6
depth shift 6
depth shift 7
depth shift 7
depth shift 7
depth shift 7
depth shift 6
depth shift 6
depth shift 6
depth shift 6
depth shift 7
depth shift 7
depth shift 7
depth shift 6
depth shift 7
depth shift 7
depth shift 6
depth shift 7
depth shift 7
depth shift 6
depth shift 7
depth shift 7
depth shift 6
depth shift 7
depth shift 7
depth shift 6
depth shift 7
depth shift 7
depth shift 6
depth shift 7
depth shift 7
depth shift 7
depth shift 6
depth shift 7
depth shift 7
depth shift 7
depth shift 7
return move :: S 10 9 M 3 2  value:: -20874326
time is :48.9006move :: S 10 9 M 3 2
completing move
depth shift 6
depth shift 7
depth shift 7
depth shift 6
depth shift 6
depth shift 7
depth shift 6
depth shift 7
depth shift 6
depth shift 7
depth shift 6
depth shift 7
depth shift 6
depth shift 7
depth shift 6
depth shift 7
depth shift 6
depth shift 7
depth shift 6
depth shift 7
depth shift 6
depth shift 7
depth shift 6
depth shift 7
depth shift 6
depth shift 7
depth shift 6
depth shift 7
depth shift 6
depth shift 7
depth shift 6
depth shift 7
depth shift 7
depth shift 6
depth shift 7
depth shift 7
depth shift 6
depth shift 7
depth shift 7
depth shift 7
depth shift 6
depth shift 6
depth shift 6
depth shift 6
depth shift 6
return move :: S 9 4 M 7 4  value:: -20876090
time is :49.5552move :: S 9 4 M 7 4
completing move
depth shift 6
depth shift 6
depth shift 7
return move :: S 7 4 M 7 6  value:: -20874467
time is :50.2946move :: S 7 4 M 7 6
completing move
depth shift 6
depth shift 7
depth shift 7
depth shift 6
depth shift 6
depth shift 6
depth shift 6
depth shift 6
depth shift 6
depth shift 6
depth shift 6
depth shift 6
depth shift 6
depth shift 6
depth shift 6
depth shift 6
depth shift 6
depth shift 6
depth shift 6
depth shift 6
depth shift 6
depth shift 6
depth shift 6
depth shift 6
depth shift 6
depth shift 6
depth shift 6
depth shift 6
depth shift 6
depth shift 6
depth shift 6
depth shift 6
depth shift 6
depth shift 6
depth shift 6
depth shift 6
depth shift 6
depth shift 6
depth shift 7
depth shift 6
depth shift 6
depth shift 6
depth shift 6
depth shift 6
depth shift 6
depth shift 6
depth shift 6
depth shift 6
depth shift 6
depth shift 6
depth shift 6
depth shift 6
depth shift 6
depth shift 6
depth shift 6
depth shift 6
depth shift 6
depth shift 6
depth shift 7
depth shift 6
depth shift 6
depth shift 6
depth shift 6
depth shift 6
depth shift 6
depth shift 6
depth shift 6
depth shift 6
depth shift 6
depth shift 6
depth shift 6
depth shift 6
depth shift 6
depth shift 6
depth shift 6
depth shift 6
depth shift 6
depth shift 6
depth shift 6
depth shift 6
depth shift 6
depth shift 6
depth shift 6
depth shift 6
depth shift 6
depth shift 6
depth shift 6
depth shift 6
depth shift 6
depth shift 6
depth shift 6
depth shift 6
depth shift 6
depth shift 6
depth shift 6
depth shift 6
depth shift 6
depth shift 6
depth shift 6
depth shift 6
depth shift 6
depth shift 6
depth shift 6
depth shift 6
depth shift 6
depth shift 6
depth shift 6
depth shift 6
depth shift 6
depth shift 6
depth shift 6
depth shift 6
depth shift 6
depth shift 6
depth shift 6
depth shift 6
depth shift 7
depth shift 6
depth shift 7
depth shift 6
depth shift 7
depth shift 6
return move :: S 2 1 M 1 0  value:: -20873404
time is :52.7146move :: S 2 1 M 1 0
***********************************

-> You are player 1
-> You are alloted a time of 120s

***********************************

Time remaining is: 120s
You played : P 0 0
P 0 0 True
Player 2 played : P 1 0
P 1 0 True
Time remaining is: 120s
You played : P 1 1
P 1 1 True
Player 2 played : P 1 3
P 1 3 True
Time remaining is: 120s
You played : P 1 2
P 1 2 True
Player 2 played : P 1 5
P 1 5 True
Time remaining is: 120s
You played : P 1 4
P 1 4 True
Player 2 played : P 2 4
P 2 4 True
Time remaining is: 120s
You played : P 2 0
P 2 0 True
Player 2 played : P 2 6
P 2 6 True
Time remaining is: 120s
You played : S 2 0 M 2 11
S 2 0 True
M 2 11 True
Player 2 played : S 1 0 M 3 0
S 1 0 True
M 3 0 True
Time remaining is: 119s
You played : S 1 1 M 3 1
S 1 1 True
M 3 1 True
Player 2 played : S 3 0 M 4 0
S 3 0 True
M 4 0 True
Time remaining is: 118s
You played : S 3 1 M 2 1
S 3 1 True
M 2 1 True
Player 2 played : S 4 0 M 4 1
S 4 0 True
M 4 1 True
Time remaining is: 118s
You played : S 2 1 M 3 17
S 2 1 True
M 3 17 True
Player 2 played : S 4 1 M 5 2
S 4 1 True
M 5 2 True
Time remaining is: 117s
You played : S 1 4 M 5 24
S 1 4 True
M 5 24 True
Player 2 played : S 5 2 M 4 2
S 5 2 True
M 4 2 True
Time remaining is: 116s
You played : S 2 11 M 2 10
S 2 11 True
M 2 10 True
Player 2 played : S 4 2 M 3 2
S 4 2 True
M 3 2 True
Time remaining is: 114s
You played : S 5 24 M 5 1
S 5 24 True
M 5 1 True
Player 2 played : S 3 2 M 2 2
S 3 2 True
M 2 2 True
Time remaining is: 112s
You played : S 2 10 M 3 14
S 2 10 True
M 3 14 True
Player 2 played : S 1 5 M 3 15
S 1 5 True
M 3 15 True
Time remaining is: 111s
You played : S 1 2 M 2 3
S 1 2 True
M 2 3 True
Player 2 played : S 1 3 M 2 9
S 1 3 True
M 2 9 True
Time remaining is: 110s
You played : S 0 0 M 2 8
S 0 0 True
M 2 8 True
Player 2 played : S 2 2 M 3 4
S 2 2 True
M 3 4 True
Time remaining is: 110s
You played : S 3 14 M 3 13
S 3 14 True
M 3 13 True
Player 2 played : S 3 4 M 3 3
S 3 4 True
M 3 3 True
Time remaining is: 108s
You played : S 3 17 M 5 29
S 3 17 True
M 5 29 True
Player 2 played : S 3 3 M 4 3
S 3 3 True
M 4 3 True
Time remaining is: 104s
You played : S 2 8 M 4 4
S 2 8 True
M 4 4 True
Player 2 played : S 2 9 M 4 19
S 2 9 True
M 4 19 True
Time remaining is: 101s
You played : S 4 4 M 3 12
S 4 4 True
M 3 12 True
Player 2 played : S 2 6 M 2 7
S 2 6 True
M 2 7 True
Time remaining is: 100s
You played : S 5 29 M 4 23
S 5 29 True
M 4 23 True
Player 2 played : S 3 15 M 3 16
S 3 15 True
M 3 16 True
Time remaining is: 99s
You played : S 4 23 M 4 5
S 4 23 True
M 4 5 True
Player 2 played : S 4 19 M 4 18
S 4 19 True
M 4 18 True
Time remaining is: 98s
You played : S 2 3 M 5 9
S 2 3 True
M 5 9 True
Player 2 played : S 2 4 M 2 5
S 2 4 True
M 2 5 True
Time remaining is: 92s
You played : S 4 5 M 4 6
S 4 5 True
M 4 6 True
Player 2 played : S 2 7 M 5 6
S 2 7 True
M 5 6 True
Time remaining is: 87s
You played : S 4 6 M 5 4
S 4 6 True
M 5 4 True
Player 2 played : S 5 6 M 5 7
S 5 6 True
M 5 7 True
Time remaining is: 81s
You played : S 3 13 M 3 8
S 3 13 True
M 3 8 True
Player 2 played : S 5 7 M 5 28 RS 2 4 RE 4 2 X 3 16
S 5 7 True
M 5 28 True
RS 2 4 True
RE 4 2 True
X 3 16 True
Time remaining is: 79s
You played : S 3 8 M 3 9 RS 3 13 RE 3 8 X 3 9
S 3 8 True
M 3 9 True
RS 3 13 True
RE 3 8 True
X 3 9 True
Player 2 played : S 4 18 M 2 8
S 4 18 True
M 2 8 True
Time remaining is: 77s
You played : S 3 12 M 4 21
S 3 12 True
M 4 21 True
Player 2 played : S 2 8 M 2 2
S 2 8 True
M 2 2 True
Time remaining is: 76s
You played : S 5 1 M 4 22
S 5 1 True
M 4 22 True
Player 2 played : S 5 28 M 3 2
S 5 28 True
M 3 2 True
Time remaining is: 73s
You played : S 5 9 M 3 16
S 5 9 True
M 3 16 True
Player 2 played : S 3 2 M 3 13 RS 3 1 RE 5 7 X 4 3
S 3 2 True
M 3 13 True
RS 3 1 True
RE 5 7 True
X 4 3 True
Time remaining is: 71s
You played : S 5 4 M 3 2
S 5 4 True
M 3 2 True
Player 2 played : S 2 2 M 5 8
S 2 2 True
M 5 8 True
Time remaining is: 70s
You played : S 3 2 M 2 3
S 3 2 True
M 2 3 True
Player 2 played : S 5 8 M 5 7
S 5 8 True
M 5 7 True
Time remaining is: 69s
You played : S 4 21 M 5 26
S 4 21 True
M 5 26 True
Player 2 played : S 5 7 M 3 3
completing move
depth shift 6
depth shift 6
depth shift 6
depth shift 7
depth shift 7
depth shift 6
depth shift 7
depth shift 7
depth shift 6
depth shift 7
depth shift 6
depth shift 7
depth shift 6
depth shift 6
depth shift 6
depth shift 6
depth shift 7
depth shift 7
depth shift 6
depth shift 6
depth shift 6
depth shift 6
depth shift 6
depth shift 6
depth shift 6
depth shift 6
depth shift 6
depth shift 6
depth shift 6
depth shift 6
depth shift 6
depth shift 6
depth shift 6
depth shift 6
depth shift 6
depth shift 6
depth shift 6
depth shift 6
depth shift 6
depth shift 6
depth shift 6
depth shift 6
depth shift 6
depth shift 7
depth shift 6
depth shift 7
depth shift 6
depth shift 6
depth shift 6
depth shift 6
depth shift 6
depth shift 6
depth shift 6
depth shift 6
depth shift 6
depth shift 6
depth shift 6
depth shift 6
depth shift 6
depth shift 6
depth shift 6
depth shift 6
depth shift 6
depth shift 6
depth shift 6
depth shift 6
depth shift 6
depth shift 6
depth shift 6
depth shift 6
depth shift 6
depth shift 6
depth shift 7
depth shift 7
depth shift 7
depth shift 6
depth shift 7
depth shift 6
depth shift 7
depth shift 6
depth shift 7
depth shift 6
depth shift 7
depth shift 7
depth shift 7
depth shift 7
depth shift 6
depth shift 7
depth shift 7
depth shift 7
depth shift 7
depth shift 6
depth shift 6
depth shift 7
depth shift 7
depth shift 7
depth shift 7
depth shift 6
depth shift 7
depth shift 7
depth shift 7
depth shift 7
depth shift 6
depth shift 6
depth shift 7
depth shift 6
depth shift 7
depth shift 6
depth shift 7
depth shift 7
depth shift 7
depth shift 7
depth shift 7
depth shift 7
depth shift 7
depth shift 7
depth shift 7
depth shift 7
depth shift 7
depth shift 7
depth shift 7
depth shift 7
depth shift 7
depth shift 6
depth shift 7
depth shift 7
depth shift 7
depth shift 7
depth shift 7
depth shift 7
depth shift 7
depth shift 7
depth shift 7
depth shift 7
depth shift 7
depth shift 7
depth shift 7
depth shift 7
depth shift 7
depth shift 7
depth shift 6
depth shift 6
depth shift 6
return move :: S 7 6 M 9 6  value:: -23982426
time is :54.1656move :: S 7 6 M 9 6
completing move
depth shift 6
depth shift 7
depth shift 6
depth shift 6
depth shift 6
depth shift 6
depth shift 6
depth shift 6
depth shift 6
depth shift 6
depth shift 6
depth shift 6
depth shift 6
depth shift 6
depth shift 6
depth shift 6
depth shift 6
depth shift 6
depth shift 6
depth shift 6
depth shift 6
depth shift 6
depth shift 6
depth shift 7
depth shift 6
depth shift 6
depth shift 7
depth shift 7
depth shift 7
depth shift 7
depth shift 7
depth shift 7
depth shift 7
depth shift 7
depth shift 7
depth shift 7
depth shift 7
depth shift 7
depth shift 7
depth shift 7
depth shift 7
depth shift 7
depth shift 7
depth shift 7
depth shift 7
depth shift 7
depth shift 7
depth shift 7
depth shift 7
depth shift 7
depth shift 7
depth shift 7
depth shift 7
depth shift 7
depth shift 7
depth shift 7
depth shift 7
depth shift 7
depth shift 7
depth shift 7
depth shift 7
depth shift 7
depth shift 7
depth shift 7
depth shift 7
depth shift 7
depth shift 7
depth shift 7
depth shift 7
depth shift 7
depth shift 7
depth shift 7
depth shift 7
depth shift 7
depth shift 6
depth shift 7
depth shift 7
depth shift 7
depth shift 7
depth shift 7
depth shift 7
depth shift 6
depth shift 6
depth shift 7
depth shift 7
depth shift 7
depth shift 7
depth shift 7
depth shift 7
depth shift 7
depth shift 7
depth shift 7
depth shift 7
depth shift 7
depth shift 7
depth shift 7
depth shift 6
depth shift 7
depth shift 7
depth shift 7
depth shift 7
depth shift 6
depth shift 7
depth shift 6
depth shift 7
depth shift 7
depth shift 7
depth shift 7
depth shift 6
depth shift 7
depth shift 7
depth shift 6
depth shift 7
depth shift 7
depth shift 7
depth shift 7
depth shift 7
depth shift 7
depth shift 7
depth shift 7
depth shift 7
depth shift 7
depth shift 7
depth shift 7
depth shift 7
depth shift 7
depth shift 7
depth shift 6
depth shift 7
depth shift 7
depth shift 7
depth shift 7
depth shift 7
depth shift 7
depth shift 7
depth shift 7
depth shift 7
depth shift 7
depth shift 7
depth shift 7
depth shift 7
depth shift 7
depth shift 7
depth shift 7
depth shift 7
depth shift 7
depth shift 7
depth shift 7
depth shift 7
depth shift 7
depth shift 7
depth shift 6
depth shift 6
depth shift 7
depth shift 6
depth shift 6
depth shift 6
depth shift 6
depth shift 6
depth shift 6
depth shift 6
depth shift 6
depth shift 6
depth shift 6
depth shift 6
depth shift 6
depth shift 6
depth shift 6
depth shift 6
depth shift 6
depth shift 6
depth shift 6
depth shift 6
depth shift 6
depth shift 6
depth shift 6
depth shift 6
depth shift 6
depth shift 6
depth shift 6
depth shift 6
depth shift 7
depth shift 6
depth shift 7
depth shift 7
depth shift 7
depth shift 7
depth shift 7
depth shift 7
depth shift 7
depth shift 7
depth shift 7
depth shift 7
depth shift 7
depth shift 7
depth shift 7
depth shift 7
depth shift 7
depth shift 7
depth shift 7
depth shift 7
depth shift 7
depth shift 7
depth shift 7
depth shift 7
depth shift 7
depth shift 7
depth shift 7
depth shift 7
depth shift 7
depth shift 7
depth shift 7
depth shift 7
depth shift 7
depth shift 7
depth shift 7
depth shift 7
depth shift 7
depth shift 7
depth shift 7
depth shift 7
depth shift 7
depth shift 7
depth shift 7
depth shift 7
depth shift 7
depth shift 7
depth shift 7
depth shift 7
depth shift 7
depth shift 7
depth shift 7
depth shift 6
depth shift 7
depth shift 7
depth shift 7
depth shift 6
depth shift 7
depth shift 7
depth shift 7
depth shift 6
depth shift 6
depth shift 7
depth shift 6
depth shift 7
depth shift 6
depth shift 7
depth shift 6
depth shift 7
depth shift 6
depth shift 6
depth shift 6
depth shift 6
depth shift 6
depth shift 6
depth shift 6
depth shift 6
depth shift 6
depth shift 6
depth shift 6
depth shift 7
depth shift 7
depth shift 7
depth shift 7
depth shift 6
depth shift 7
depth shift 7
depth shift 7
depth shift 7
depth shift 6
depth shift 7
depth shift 7
depth shift 7
depth shift 7
depth shift 6
depth shift 7
depth shift 7
depth shift 7
depth shift 7
depth shift 6
depth shift 7
depth shift 7
depth shift 7
depth shift 7
depth shift 6
depth shift 6
depth shift 7
depth shift 7
depth shift 7
depth shift 7
depth shift 6
depth shift 7
depth shift 7
depth shift 7
depth shift 7
depth shift 6
depth shift 7
depth shift 7
depth shift 7
depth shift 7
depth shift 6
depth shift 7
depth shift 7
depth shift 7
depth shift 7
depth shift 6
depth shift 7
depth shift 7
depth shift 7
depth shift 7
depth shift 6
depth shift 7
depth shift 6
depth shift 6
depth shift 7
depth shift 7
depth shift 7
depth shift 7
depth shift 6
depth shift 7
depth shift 7
depth shift 7
depth shift 7
depth shift 6
depth shift 7
depth shift 7
depth shift 7
depth shift 7
depth shift 6
depth shift 7
depth shift 7
depth shift 7
depth shift 7
depth shift 6
depth shift 6
depth shift 6
depth shift 6
depth shift 6
depth shift 6
depth shift 6
depth shift 6
depth shift 6
depth shift 6
depth shift 6
depth shift 7
depth shift 6
depth shift 7
depth shift 6
depth shift 7
depth shift 6
depth shift 7
depth shift 6
depth shift 7
depth shift 6
depth shift 6
depth shift 7
depth shift 6
depth shift 7
depth shift 6
depth shift 7
depth shift 6
depth shift 7
depth shift 6
depth shift 7
depth shift 6
depth shift 7
depth shift 7
depth shift 7
depth shift 7
depth shift 6
depth shift 6
depth shift 6
depth shift 7
depth shift 7
depth shift 7
depth shift 7
depth shift 6
depth shift 7
depth shift 7
depth shift 7
depth shift 7
depth shift 6
depth shift 7
depth shift 7
depth shift 7
depth shift 7
depth shift 6
depth shift 7
depth shift 7
depth shift 7
depth shift 7
depth shift 6
depth shift 6
depth shift 6
depth shift 6
depth shift 6
depth shift 6
depth shift 6
depth shift 6
depth shift 6
depth shift 6
depth shift 6
depth shift 7
depth shift 6
depth shift 7
depth shift 6
depth shift 7
depth shift 6
depth shift 7
depth shift 6
depth shift 7
depth shift 6
depth shift 6
depth shift 7
depth shift 6
depth shift 7
depth shift 6
depth shift 7
depth shift 6
depth shift 7
depth shift 6
depth shift 7
depth shift 6
depth shift 7
depth shift 7
depth shift 7
depth shift 7
depth shift 6
depth shift 6
depth shift 7
depth shift 6
depth shift 6
depth shift 6
depth shift 6
depth shift 6
depth shift 6
depth shift 6
depth shift 6
depth shift 6
depth shift 6
depth shift 6
depth shift 6
depth shift 6
depth shift 6
depth shift 6
depth shift 6
depth shift 6
depth shift 6
depth shift 6
depth shift 6
depth shift 6
depth shift 6
depth shift 6
depth shift 6
depth shift 6
depth shift 6
depth shift 6
depth shift 6
depth shift 6
depth shift 6
depth shift 6
depth shift 6
depth shift 6
depth shift 6
depth shift 6
depth shift 6
depth shift 6
depth shift 6
depth shift 6
depth shift 6
depth shift 6
depth shift 6
depth shift 6
depth shift 6
depth shift 6
depth shift 6
depth shift 6
depth shift 6
depth shift 6
depth shift 6
depth shift 6
depth shift 6
depth shift 6
depth shift 6
depth shift 6
depth shift 7
depth shift 7
depth shift 7
depth shift 7
depth shift 7
depth shift 7
depth shift 7
depth shift 7
depth shift 7
depth shift 7
depth shift 7
depth shift 7
depth shift 7
depth shift 7
depth shift 7
depth shift 7
depth shift 7
depth shift 7
depth shift 7
depth shift 7
depth shift 7
depth shift 7
depth shift 7
depth shift 7
depth shift 7
depth shift 7
depth shift 7
depth shift 7
depth shift 7
depth shift 7
depth shift 7
depth shift 7
depth shift 7
depth shift 7
depth shift 7
depth shift 7
depth shift 7
depth shift 7
depth shift 7
depth shift 7
depth shift 7
depth shift 7
depth shift 7
depth shift 7
depth shift 7
depth shift 7
depth shift 7
depth shift 7
depth shift 7
depth shift 7
depth shift 7
depth shift 7
depth shift 7
depth shift 7
depth shift 7
depth shift 7
depth shift 7
depth shift 7
depth shift 7
depth shift 7
depth shift 7
depth shift 7
depth shift 7
depth shift 7
depth shift 7
depth shift 7
depth shift 7
depth shift 7
depth shift 7
depth shift 7
depth shift 7
depth shift 7
depth shift 7
depth shift 7
depth shift 7
depth shift 7
depth shift 7
depth shift 7
depth shift 7
depth shift 7
depth shift 6
depth shift 6
depth shift 7
depth shift 7
depth shift 7
depth shift 7
depth shift 6
depth shift 7
depth shift 6
depth shift 6
depth shift 6
depth shift 6
depth shift 6
depth shift 7
depth shift 7
depth shift 7
depth shift 7
depth shift 6
depth shift 6
depth shift 6
depth shift 6
depth shift 6
depth shift 6
depth shift 6
depth shift 6
depth shift 6
depth shift 6
depth shift 6
depth shift 6
depth shift 6
depth shift 6
depth shift 6
depth shift 6
depth shift 6
depth shift 6
depth shift 6
depth shift 6
depth shift 6
depth shift 6
depth shift 6
depth shift 6
depth shift 6
depth shift 6
depth shift 6
depth shift 6
depth shift 6
depth shift 6
depth shift 7
depth shift 7
depth shift 7
depth shift 7
depth shift 6
depth shift 6
depth shift 6
depth shift 6
depth shift 6
depth shift 6
depth shift 6
depth shift 6
depth shift 6
depth shift 6
depth shift 6
depth shift 6
depth shift 6
depth shift 6
depth shift 6
depth shift 6
depth shift 6
depth shift 6
depth shift 6
depth shift 6
depth shift 7
depth shift 6
depth shift 6
depth shift 6
depth shift 6
depth shift 6
depth shift 6
depth shift 7
depth shift 7
depth shift 7
depth shift 7
return move :: S 3 2 M 3 6  value:: -20983649
time is :57.3409move :: S 3 2 M 3 6
completing move
depth shift 6
depth shift 6
depth shift 6
depth shift 6
return move :: S 9 6 M 6 3  value:: -100000000
time is :57.586move :: S 9 6 M 6 3
completing move
return move :: S 1 0 M 1 1  value:: -100000000
time is :57.6168move :: S 1 0 M 1 1
completing move
return move :: S 3 6 M 1 6  value:: -100000000
time is :57.6523move :: S 3 6 M 1 6
completing move
return move :: S 3 1 M 3 7  value:: -100000000
time is :57.6874move :: S 3 1 M 3 7
completing move
return move :: S 1 6 M 1 4  value:: -100000000
time is :57.7483move :: S 1 6 M 1 4
completing move
return move :: S 3 7 M 5 9  value:: -100000000
time is :57.7849move :: S 3 7 M 5 9
completing move
depth shift 6
depth shift 6
depth shift 6
depth shift 6
return move :: S 1 4 M 0 3  value:: -100000000
time is :57.8139move :: S 1 4 M 0 3
completing move
return move :: S 5 9 M 4 9  value:: -100000000
time is :57.8427move :: S 5 9 M 4 9
completing move
depth shift 6
return move :: S 1 1 M 1 5  value:: -100000000
time is :57.8904move :: S 1 1 M 1 5
S 5 7 True
M 3 3 True
Time remaining is: 67s
You played : S 2 3 M 4 5
S 2 3 True
M 4 5 True
Player 2 played : S 3 3 M 3 5
S 3 3 True
M 3 5 True
Time remaining is: 66s
You played : S 3 16 M 3 11
S 3 16 True
M 3 11 True
Player 2 played : S 3 5 M 2 4
S 3 5 True
M 2 4 True
Time remaining is: 62s
You played : S 4 5 M 3 1
S 4 5 True
M 3 1 True
Player 2 played : S 3 13 M 5 27
S 3 13 True
M 5 27 True
Time remaining is: 62s
You played : S 5 26 M 4 20
S 5 26 True
M 4 20 True
Player 2 played : S 2 5 M 3 8
S 2 5 True
M 3 8 True
Time remaining is: 62s
You played : S 3 11 M 5 19
S 3 11 True
M 5 19 True
Player 2 played : S 3 8 M 4 11
S 3 8 True
M 4 11 True
Time remaining is: 62s
You played : S 4 22 M 4 14
S 4 22 True
M 4 14 True
Player 2 played : S 4 11 M 5 14
S 4 11 True
M 5 14 True
Time remaining is: 62s
You played : S 5 19 M 4 17
S 5 19 True
M 4 17 True
Player 2 played : S 5 27 M 4 15
S 5 27 True
M 4 15 True
Time remaining is: 62s
You played : S 4 14 M 4 12
S 4 14 True
M 4 12 True
Player 2 played : S 4 15 M 4 13
S 4 15 True
M 4 13 True
Time remaining is: 62s
You played : S 4 17 M 5 22
S 4 17 True
M 5 22 True
Player 2 played : S 4 13 M 3 10
S 4 13 True
M 3 10 True
Time remaining is: 62s
You played : S 4 12 M 5 16
S 4 12 True
M 5 16 True
Player 2 played : S 3 10 M 3 9
S 3 10 True
M 3 9 True
Time remaining is: 62s
You played : S 4 20 M 4 16
S 4 20 True
M 4 16 True
Player 2 played : S 3 9 M 2 6 RS 4 17 RE 3 9 X 2 4
S 3 9 True
M 2 6 True
RS 4 17 True
RE 3 9 True
X 2 4 True
OTHER PLAYER WINS!
Your Score : 1.027
Opponent's Score : 9.029
