2 5 120 5
Move P 0 0
1 P 0 0
In initial move
In initial move
In initial move
In initial move
In initial move
5, 1 to 5, 3
Branching factor = 14
Branching factor = 14
1, 2; 2, 2
5, 3 to 5, 2
Branching factor = 16
Branching factor = 16
2, 2; 3, 3
5, 2 to 2, -1
Branching factor = 18
Branching factor = 18
0, 2; -1, 2
2, -1 to 2, 3
Branching factor = 18
Branching factor = 18
-1, 2; -2, 2
-1, 0 to -1, 3
Branching factor = 19
Branching factor = 19
3, 3; 4, 3
-1, 3 to -1, 4
Branching factor = 20
Branching factor = 20
-2, 2; 0, 4
1, 1 to 1, 3
Branching factor = 19
Branching factor = 19
0, 1; 2, 1
-1, 4 to -2, 3
Branching factor = 18
Branching factor = 18
0, 4; 0, 3
1, 3 to -1, 1
0, 3; -2, 1
2, 3 to -2, -1
Branching factor = 17
Branching factor = 17
4, 3; 4, 4
0, 0 to -2, 0
Branching factor = 16
Branching factor = 16
4, 4; 3, 4
0, -1 to 0, -2
-1, -1; 1, -1
-2, -1 to -3, -2
Branching factor = 19
Branching factor = 19
1, -1; 3, -1
-3, -2 to -4, -3
3, -1; 2, -2
Ring removed at index4
-2, 3 to -3, 2
2, 1; 2, 4
Branching factor = 19
Branching factor = 19
1, 0; -1, 0
-1, 1 to 3, 1
Branching factor = 19
Branching factor = 19
-2, 1; 0, 1
3, 1 to 4, 1
Branching factor = 17
Branching factor = 17
Branching factor = 17
Branching factor = 17
Branching factor = 17
0, 1; 1, 2
Ring removed at index3
Branching factor = 16
Branching factor = 16
Branching factor = 16
-1, 0; 0, 1
-2, 0 to 0, 2
Branching factor = 16
Branching factor = 16
0, 1; 1, 2
3, 2 to 0, -1
Branching factor = 16
Branching factor = 16
2, -2; 1, -3
0, -1 to -3, -1
Branching factor = 16
Branching factor = 16
1, 2; 4, 2
4, 5 to 3, 4
Branching factor = 12
Branching factor = 12
Branching factor = 12
Branching factor = 12
Branching factor = 12
4, 2; 3, 1
***********************************

-> You are player 2
-> You are alloted a time of 120s

***********************************

Player 1 played : P 0 0
P 0 0 True
Time remaining is: 120s
You played : P 1 0
P 1 0 True
Player 1 played : P 1 1
P 1 1 True
Time remaining is: 120s
You played : P 1 2
P 1 2 True
Player 1 played : P 1 3
P 1 3 True
Time remaining is: 120s
You played : P 1 4
P 1 4 True
Player 1 played : P 1 5
P 1 5 True
Time remaining is: 120s
You played : P 2 0
P 2 0 True
Player 1 played : P 5 9
P 5 9 True
Time remaining is: 120s
You played : P 2 1
P 2 1 True
Player 1 played : S 5 9 M 5 7
S 5 9 True
M 5 7 True
Time remaining is: 120s
You played : S 2 1 M 2 2
S 2 1 True
M 2 2 True
Player 1 played : S 5 7 M 5 8
S 5 7 True
M 5 8 True
Time remaining is: 118s
You played : S 2 2 M 3 3
S 2 2 True
M 3 3 True
Player 1 played : S 5 8 M 3 7
S 5 8 True
M 3 7 True
Time remaining is: 117s
You played : S 2 0 M 3 17
S 2 0 True
M 3 17 True
Player 1 played : S 3 7 M 3 2
S 3 7 True
M 3 2 True
Time remaining is: 115s
You played : S 3 17 M 4 22
S 3 17 True
M 4 22 True
Player 1 played : S 1 5 M 4 23
S 1 5 True
M 4 23 True
Time remaining is: 112s
You played : S 3 3 M 4 5
S 3 3 True
M 4 5 True
Player 1 played : S 4 23 M 5 29
S 4 23 True
M 5 29 True
Time remaining is: 107s
You played : S 4 22 M 4 0
S 4 22 True
M 4 0 True
Player 1 played : S 1 1 M 3 1
S 1 1 True
M 3 1 True
Time remaining is: 102s
You played : S 1 0 M 2 3
S 1 0 True
M 2 3 True
Player 1 played : S 5 29 M 5 28
S 5 29 True
M 5 28 True
Time remaining is: 97s
You played : S 4 0 M 3 0
S 4 0 True
M 3 0 True
Player 1 played : S 3 1 M 2 11
S 3 1 True
M 2 11 True
Time remaining is: 96s
You played : S 3 0 M 3 16
S 3 0 True
M 3 16 True
Player 1 played : S 3 2 M 2 9
S 3 2 True
M 2 9 True
Time remaining is: 93s
You played : S 4 5 M 4 4
S 4 5 True
M 4 4 True
Player 1 played : S 0 0 M 2 10
S 0 0 True
M 2 10 True
Time remaining is: 91s
You played : S 4 4 M 4 3
S 4 4 True
M 4 3 True
Player 1 played : S 1 3 M 2 6
S 1 3 True
M 2 6 True
Time remaining is: 89s
You played : S 1 4 M 2 5
S 1 4 True
M 2 5 True
Player 1 played : S 2 9 M 3 13
S 2 9 True
M 3 13 True
Time remaining is: 85s
You played : S 2 5 M 4 9
S 2 5 True
M 4 9 True
Player 1 played : S 3 13 M 4 17
S 3 13 True
M 4 17 True
Time remaining is: 82s
You played : S 4 9 M 4 10 RS 1 4 RE 4 9 X 4 3
S 4 9 True
M 4 10 True
RS 1 4 True
RE 4 9 True
X 4 3 True
Player 1 played : S 5 28 M 5 27
S 5 28 True
M 5 27 True
Time remaining is: 80s
You played : S 2 3 M 4 2
S 2 3 True
M 4 2 True
Player 1 played : S 5 27 M 3 4 RS 3 13 RE 2 1 X 2 6
S 5 27 True
M 3 4 True
RS 3 13 True
RE 2 1 True
X 2 6 True
Time remaining is: 78s
You played : S 1 2 M 1 5
S 1 2 True
M 1 5 True
Player 1 played : S 2 11 M 3 5
S 2 11 True
M 3 5 True
Time remaining is: 76s
You played : S 3 16 M 1 0
S 3 16 True
M 1 0 True
Player 1 played : S 3 5 M 4 7
S 3 5 True
M 4 7 True
Time remaining is: 74s
You played : S 1 0 M 2 1 RS 0 0 RE 4 0 X 2 1
S 1 0 True
M 2 1 True
RS 0 0 True
RE 4 0 True
X 2 1 True
Player 1 played : S 4 7 M 5 4 RS 1 1 RE 5 9 X 4 17
S 4 7 True
M 5 4 True
RS 1 1 True
RE 5 9 True
X 4 17 True
Time remaining is: 71s
You played : S 1 5 M 1 0
S 1 5 True
M 1 0 True
Player 1 played : S 2 10 M 2 0
S 2 10 True
M 2 0 True
Time remaining is: 68s
You played : S 1 0 M 2 1
S 1 0 True
M 2 1 True
Player 1 played : S 3 4 M 1 3
S 3 4 True
M 1 3 True
Time remaining is: 66s
You played : S 4 10 M 4 11
S 4 10 True
M 4 11 True
Player 1 played : S 1 3 M 3 14
S 1 3 True
M 3 14 True
Time remaining is: 64s
You played : S 2 1 M 4 6
S 2 1 True
M 4 6 True
Player 1 played : S 5 4 M 4 3
S 5 4 True
M 4 3 True
Time remaining is: 63s
You played : S 4 6 M 3 5
S 4 6 True
M 3 5 True
Player 1 played : S 4 3 M 2 9 RS 1 5 RE 4 3 X 2 9
S 4 3 True
M 2 9 True
RS 1 5 True
RE 4 3 True
X 2 9 True
OTHER PLAYER WINS!
Your Score : 2.007
Opponent's Score : 8.015
