***********************************

-> You are player 2
-> You are alloted a time of 120s

***********************************

Player 1 played : P 0 0
P 0 0 True
Time remaining is: 120s
You played : P 2 5
P 2 5 True
Player 1 played : P 1 0
P 1 0 True
Time remaining is: 120s
You played : P 1 2
P 1 2 True
Player 1 played : P 1 1
P 1 1 True
Time remaining is: 120s
You played : P 2 4
P 2 4 True
Player 1 played : P 1 3
P 1 3 True
Time remaining is: 120s
You played : P 2 6
P 2 6 True
Player 1 played : P 1 4
P 1 4 True
Time remaining is: 120s
You played : P 2 7
P 2 7 True
Player 1 played : S 1 4 M 3 14
S 1 4 True
M 3 14 True
Time remaining is: 120s
You played : S 2 5 M 4 11
S 2 5 True
M 4 11 True
Player 1 played : S 1 1 M 2 1
S 1 1 True
M 2 1 True
Time remaining is: 118s
You played : S 2 4 M 4 2
S 2 4 True
M 4 2 True
Player 1 played : S 1 0 M 2 11
S 1 0 True
M 2 11 True
Time remaining is: 110s
You played : S 2 6 M 4 14
S 2 6 True
M 4 14 True
Player 1 played : S 1 3 M 3 7
S 1 3 True
M 3 7 True
Time remaining is: 101s
You played : S 1 2 M 3 8
S 1 2 True
M 3 8 True
Player 1 played : S 0 0 M 3 9
S 0 0 True
M 3 9 True
Time remaining is: 90s
You played : S 2 7 M 3 10
S 2 7 True
M 3 10 True
Player 1 played : S 2 1 M 3 4
S 2 1 True
M 3 4 True
Time remaining is: 71s
You played : S 4 14 M 2 9
S 4 14 True
M 2 9 True
Player 1 played : S 3 9 M 4 13
S 3 9 True
M 4 13 True
Time remaining is: 62s
You played : S 3 8 M 2 8
S 3 8 True
M 2 8 True
Player 1 played : S 3 4 M 3 11
S 3 4 True
M 3 11 True
Time remaining is: 59s
You played : S 3 10 M 1 5 RS 4 14 RE 2 4 X 4 11
S 3 10 True
M 1 5 True
RS 4 14 True
RE 2 4 True
X 4 11 True
Player 1 played : S 3 7 M 2 2
S 3 7 True
M 2 2 True
Time remaining is: 52s
You played : S 2 9 M 2 5
S 2 9 True
M 2 5 True
Player 1 played : S 2 11 M 3 1
S 2 11 True
M 3 1 True
Time remaining is: 49s
You played : S 1 5 M 3 2
S 1 5 True
M 3 2 True
Player 1 played : S 4 13 M 3 10
S 4 13 True
M 3 10 True
Time remaining is: 47s
You played : S 3 2 M 4 3 RS 2 9 RE 3 2 X 2 8
S 3 2 True
M 4 3 True
RS 2 9 True
RE 3 2 True
X 2 8 True
Player 1 played : S 3 10 M 2 6
S 3 10 True
M 2 6 True
Time remaining is: 43s
You played : S 4 3 M 1 5
S 4 3 True
M 1 5 True
Player 1 played : S 2 2 M 2 8
S 2 2 True
M 2 8 True
Time remaining is: 35s
You played : S 4 2 M 3 2
S 4 2 True
M 3 2 True
Player 1 played : S 3 11 M 5 17
S 3 11 True
M 5 17 True
Time remaining is: 31s
You played : S 1 5 M 5 16
S 1 5 True
M 5 16 True
Player 1 played : S 2 6 M 4 14
S 2 6 True
M 4 14 True
Time remaining is: 28s
You played : S 3 2 M 2 3
S 3 2 True
M 2 3 True
Player 1 played : S 3 1 M 3 3
S 3 1 True
M 3 3 True
Time remaining is: 24s
You played : S 5 16 M 4 11
S 5 16 True
M 4 11 True
Player 1 played : S 2 8 M 4 10
S 2 8 True
M 4 10 True
Time remaining is: 21s
You played : S 2 5 M 4 9
S 2 5 True
M 4 9 True
Player 1 played : S 3 14 M 2 9
S 3 14 True
M 2 9 True
Time remaining is: 19s
You played : S 2 3 M 4 15
S 2 3 True
M 4 15 True
Player 1 played : S 4 14 M 2 4
S 4 14 True
M 2 4 True
Time remaining is: 18s
You played : S 4 11 M 2 1
S 4 11 True
M 2 1 True
Player 1 played : S 2 4 M 5 18
S 2 4 True
M 5 18 True
Time remaining is: 15s
You played : S 2 1 M 5 14
S 2 1 True
M 5 14 True
Player 1 played : S 3 3 M 3 5
S 3 3 True
M 3 5 True
Time remaining is: 13s
You played : S 4 15 M 3 12
S 4 15 True
M 3 12 True
Player 1 played : S 3 5 M 1 0
S 3 5 True
M 1 0 True
Time remaining is: 12s
You played : S 3 12 M 4 4
S 3 12 True
M 4 4 True
Player 1 played : S 5 18 M 3 13
S 5 18 True
M 3 13 True
Time remaining is: 10s
You played : S 4 4 M 4 5
S 4 4 True
M 4 5 True
Player 1 played : S 1 0 M 5 4
S 1 0 True
M 5 4 True
Time remaining is: 9s
You played : S 4 9 M 5 3
S 4 9 True
M 5 3 True
Player 1 played : S 3 13 M 5 21 RS 5 18 RE 3 14 X 4 10
S 3 13 True
M 5 21 True
RS 5 18 True
RE 3 14 True
X 4 10 True
Time remaining is: 9s
You played : S 4 5 M 4 15 RS 1 4 RE 4 9 X 5 14
S 4 5 True
M 4 15 True
RS 1 4 True
RE 4 9 True
X 5 14 True
YOU WIN!
Your Score : 9.015
Opponent's Score : 1.015
