***********************************

-> You are player 2
-> You are alloted a time of 120s

***********************************

Player 1 played : P 0 0
P 0 0 True
Time remaining is: 120s
You played : P 5 4
P 5 4 True
Player 1 played : P 1 0
P 1 0 True
Time remaining is: 120s
You played : P 5 1
P 5 1 True
Player 1 played : P 1 1
P 1 1 True
Time remaining is: 120s
You played : P 2 4
P 2 4 True
Player 1 played : P 1 2
P 1 2 True
Time remaining is: 120s
You played : P 5 14
P 5 14 True
Player 1 played : P 1 3
P 1 3 True
Time remaining is: 120s
You played : P 4 20
P 4 20 True
Player 1 played : S 1 3 M 5 19
S 1 3 True
M 5 19 True
Time remaining is: 120s
You played : S 5 4 M 4 3
S 5 4 True
M 4 3 True
Player 1 played : S 1 2 M 2 3
S 1 2 True
M 2 3 True
Time remaining is: 117s
You played : S 4 3 M 4 4
S 4 3 True
M 4 4 True
Player 1 played : S 5 19 M 5 16
S 5 19 True
M 5 16 True
Time remaining is: 114s
You played : S 4 4 M 5 6
S 4 4 True
M 5 6 True
Player 1 played : S 2 3 M 3 4
S 2 3 True
M 3 4 True
Time remaining is: 111s
ERROR : THIS CLIENT RAN OUT OF TIME!
