Started the contest
1 5 120
5
Player is initialized! Now perform any move
Initial board configuration

Neighbours explored 14734
Neighbours explored 29813
Neighbours explored 18827
Neighbours explored 16911
Neighbours explored 856431
Neighbours explored 963769
Neighbours explored 294634
Neighbours explored 1387560
Neighbours explored 435915
Neighbours explored 23634375
Neighbours explored 10217549
Neighbours explored 2079159
***********************************

-> You are player 1
-> You are alloted a time of 120s

***********************************

Time remaining is: 120s
You played : P 0 0
P 0 0 True
Player 2 played : P 2 3
P 2 3 True
Time remaining is: 120s
You played : P 1 0
P 1 0 True
Player 2 played : P 2 1
P 2 1 True
Time remaining is: 120s
You played : P 1 1
P 1 1 True
Player 2 played : P 2 11
P 2 11 True
Time remaining is: 120s
You played : P 1 2
P 1 2 True
Player 2 played : P 1 3
P 1 3 True
Time remaining is: 120s
You played : P 1 4
P 1 4 True
Player 2 played : P 2 5
P 2 5 True
Time remaining is: 120s
You played : S 0 0 M 1 5
S 0 0 True
M 1 5 True
Player 2 played : S 2 5 M 3 8
S 2 5 True
M 3 8 True
Time remaining is: 120s
You played : S 1 1 M 2 2
S 1 1 True
M 2 2 True
Player 2 played : S 3 8 M 4 11
S 3 8 True
M 4 11 True
Time remaining is: 120s
You played : S 1 5 M 2 9
S 1 5 True
M 2 9 True
Player 2 played : S 4 11 M 5 14
S 4 11 True
M 5 14 True
Time remaining is: 120s
You played : S 2 9 M 2 8
S 2 9 True
M 2 8 True
Player 2 played : S 5 14 M 4 13
S 5 14 True
M 4 13 True
Time remaining is: 120s
You played : S 2 8 M 2 10
S 2 8 True
M 2 10 True
Player 2 played : S 4 13 M 3 10
S 4 13 True
M 3 10 True
Time remaining is: 118s
You played : S 1 2 M 2 4
S 1 2 True
M 2 4 True
Player 2 played : S 2 3 M 3 5
S 2 3 True
M 3 5 True
Time remaining is: 116s
You played : S 2 4 M 2 6
S 2 4 True
M 2 6 True
Player 2 played : S 1 3 M 3 4
S 1 3 True
M 3 4 True
Time remaining is: 115s
You played : S 2 2 M 3 3
S 2 2 True
M 3 3 True
Player 2 played : S 3 5 M 4 9
S 3 5 True
M 4 9 True
Time remaining is: 111s
You played : S 1 4 M 3 7 RS 2 2 RE 2 8 X 2 10
S 1 4 True
M 3 7 True
RS 2 2 True
RE 2 8 True
X 2 10 True
Player 2 played : RS 5 14 RE 1 2 X 4 9 S 3 10 M 3 9
RS 5 14 True
RE 1 2 True
X 4 9 True
S 3 10 True
M 3 9 True
Time remaining is: 110s
You played : S 3 3 M 0 0
S 3 3 True
M 0 0 True
Player 2 played : S 3 4 M 1 2
S 3 4 True
M 1 2 True
Time remaining is: 58s
You played : S 2 6 M 2 7
S 2 6 True
M 2 7 True
Player 2 played : S 2 1 M 2 2
S 2 1 True
M 2 2 True
Time remaining is: 38s
You played : S 3 7 M 1 4
S 3 7 True
M 1 4 True
