***********************************

-> You are player 2
-> You are alloted a time of 120s

***********************************

Player 1 played : P 0 0
P 0 0 True
Time remaining is: 120s
You played : P 1 0
P 1 0 True
Player 1 played : P 2 6
P 2 6 True
Time remaining is: 120s
You played : P 1 1
P 1 1 True
Player 1 played : P 2 2
P 2 2 True
Time remaining is: 120s
You played : P 1 2
P 1 2 True
Player 1 played : P 3 11
P 3 11 True
Time remaining is: 120s
You played : P 1 3
P 1 3 True
Player 1 played : P 2 3
P 2 3 True
Time remaining is: 120s
You played : P 1 4
P 1 4 True
Player 1 played : S 3 11 M 4 14
S 3 11 True
M 4 14 True
Time remaining is: 120s
ERROR : THIS CLIENT RAN OUT OF TIME!
