2 5 120 5
Move P 1 0
1 P 1 0
In initial move
In initial move
In initial move
In initial move
In initial move
0, 2 to -4, -2
Branching factor = 10
Branching factor = 10
1, 0; 2, 1
2, 2 to 1, 2
Branching factor = 11
Branching factor = 11
2, 1; 2, 3
1, 2 to 3, 2
Branching factor = 14
Branching factor = 14
-1, 0; -1, 1
3, 2 to 5, 2
1, 1; 1, 3
5, 2 to 4, 2
Branching factor = 16
Branching factor = 16
1, 3; 1, 4
0, 1 to 3, 1
Branching factor = 22
Branching factor = 22
1, 4; 0, 3
4, 2 to -1, 2
Branching factor = 16
Branching factor = 16
Branching factor = 16
2, 3; -2, -1
3, 1 to 3, 3
Branching factor = 17
Branching factor = 17
Branching factor = 17
-1, 1; 4, 1
Ring removed at index4
3, 3 to 4, 3
Branching factor = 16
Branching factor = 16
Branching factor = 16
-2, -1; 1, 2
-1, -1 to -3, -1
Branching factor = 16
Branching factor = 16
1, 2; 1, 1
-1, 2 to -1, -2
Branching factor = 16
Branching factor = 16
0, 0; -2, 0
-4, -2 to -2, -2
Branching factor = 17
Branching factor = 17
Branching factor = 17
0, 3; -2, 1
4, 3 to 5, 4
Branching factor = 15
Branching factor = 15
Branching factor = 15
Branching factor = 15
0, -1; 1, 0
Ring removed at index3
5, 4 to 3, 4
Branching factor = 14
Branching factor = 14
-2, 1; 0, 1
Branching factor = 14
Branching factor = 14
0, 1; -1, 1
2, 0 to -1, 0
Branching factor = 10
Branching factor = 10
Branching factor = 10
Branching factor = 10
1, 1; 1, 3
Branching factor = 13
Branching factor = 13
-2, 0; -2, -3
-3, -1 to -1, -1
Branching factor = 17
Branching factor = 17
-1, 1; 0, 2
-1, 0 to 1, 2
Branching factor = 14
Branching factor = 14
Branching factor = 14
0, 2; 0, 0
-1, -1 to -1, 2
Branching factor = 17
Branching factor = 17
0, 0; 1, 0
-1, 2 to -1, -2
Branching factor = 15
Branching factor = 15
1, 3; 2, 4
1, 2 to 1, 4
Branching factor = 15
Branching factor = 15
2, 4; 3, 4
-1, -2 to -3, -2
Branching factor = 15
Branching factor = 15
-2, -3; -3, -3
-3, -2 to -4, -3
-3, -3; 2, 2
Ring removed at index2
***********************************

-> You are player 2
-> You are alloted a time of 120s

***********************************

Player 1 played : P 1 0
P 1 0 True
Time remaining is: 120s
You played : P 0 0
P 0 0 True
Player 1 played : P 2 4
P 2 4 True
Time remaining is: 120s
You played : P 1 1
P 1 1 True
Player 1 played : P 2 0
P 2 0 True
Time remaining is: 120s
You played : P 1 2
P 1 2 True
Player 1 played : P 2 2
P 2 2 True
Time remaining is: 120s
You played : P 1 3
P 1 3 True
Player 1 played : P 1 4
P 1 4 True
Time remaining is: 120s
You played : P 1 5
P 1 5 True
Player 1 played : S 2 0 M 4 18
S 2 0 True
M 4 18 True
Time remaining is: 120s
You played : S 1 2 M 2 3
S 1 2 True
M 2 3 True
Player 1 played : S 2 2 M 2 1
S 2 2 True
M 2 1 True
Time remaining is: 117s
You played : S 2 3 M 3 2
S 2 3 True
M 3 2 True
Player 1 played : S 2 1 M 3 4
S 2 1 True
M 3 4 True
Time remaining is: 116s
You played : S 1 5 M 2 11
S 1 5 True
M 2 11 True
Player 1 played : S 3 4 M 5 8
S 3 4 True
M 5 8 True
Time remaining is: 113s
You played : S 1 1 M 3 1
S 1 1 True
M 3 1 True
Player 1 played : S 5 8 M 4 6
S 5 8 True
M 4 6 True
Time remaining is: 112s
You played : S 3 1 M 4 1
S 3 1 True
M 4 1 True
Player 1 played : S 1 0 M 3 5
S 1 0 True
M 3 5 True
Time remaining is: 109s
You played : S 4 1 M 3 0
S 4 1 True
M 3 0 True
Player 1 played : S 4 6 M 3 17
S 4 6 True
M 3 17 True
Time remaining is: 107s
You played : S 3 2 M 2 9
S 3 2 True
M 2 9 True
Player 1 played : S 3 5 M 3 3
S 3 5 True
M 3 3 True
Time remaining is: 102s
You played : S 2 11 M 4 7 RS 1 2 RE 4 1 X 4 7
S 2 11 True
M 4 7 True
RS 1 2 True
RE 4 1 True
X 4 7 True
Player 1 played : S 3 3 M 4 5
S 3 3 True
M 4 5 True
Time remaining is: 96s
You played : S 2 9 M 2 1
S 2 9 True
M 2 1 True
Player 1 played : S 1 4 M 3 14
S 1 4 True
M 3 14 True
Time remaining is: 92s
You played : S 2 1 M 1 1
S 2 1 True
M 1 1 True
Player 1 played : S 3 17 M 2 7
S 3 17 True
M 2 7 True
Time remaining is: 91s
You played : S 0 0 M 2 10
S 0 0 True
M 2 10 True
Player 1 played : S 4 18 M 2 8
S 4 18 True
M 2 8 True
Time remaining is: 90s
You played : S 3 0 M 3 16
S 3 0 True
M 3 16 True
Player 1 played : S 4 5 M 5 6
S 4 5 True
M 5 6 True
Time remaining is: 89s
You played : S 1 3 M 1 2 RS 1 3 RE 3 0 X 1 2
S 1 3 True
M 1 2 True
RS 1 3 True
RE 3 0 True
X 1 2 True
Player 1 played : S 5 6 M 4 3
S 5 6 True
M 4 3 True
Time remaining is: 85s
You played : S 3 16 M 1 0
S 3 16 True
M 1 0 True
Player 1 played : S 2 7 M 4 23 RS 2 7 RE 3 17 X 4 3
S 2 7 True
M 4 23 True
RS 2 7 True
RE 3 17 True
X 4 3 True
Time remaining is: 84s
You played : S 1 0 M 2 11
S 1 0 True
M 2 11 True
Player 1 played : S 2 4 M 1 5
S 2 4 True
M 1 5 True
Time remaining is: 81s
You played : S 1 1 M 3 1
S 1 1 True
M 3 1 True
Player 1 played : S 2 8 M 4 4 RS 2 1 RE 5 8 X 4 4
S 2 8 True
M 4 4 True
RS 2 1 True
RE 5 8 True
X 4 4 True
Time remaining is: 80s
You played : S 2 10 M 3 11
S 2 10 True
M 3 11 True
Player 1 played : S 3 14 M 1 4
S 3 14 True
M 1 4 True
Time remaining is: 79s
You played : S 2 11 M 2 0
S 2 11 True
M 2 0 True
Player 1 played : S 1 5 M 2 1
S 1 5 True
M 2 1 True
Time remaining is: 74s
You played : S 2 0 M 0 0
S 2 0 True
M 0 0 True
Player 1 played : S 1 4 M 3 17
S 1 4 True
M 3 17 True
Time remaining is: 73s
You played : S 0 0 M 1 2
S 0 0 True
M 1 2 True
Player 1 played : S 3 17 M 2 7
S 3 17 True
M 2 7 True
Time remaining is: 72s
You played : S 3 1 M 4 2
S 3 1 True
M 4 2 True
Player 1 played : S 2 1 M 4 1
S 2 1 True
M 4 1 True
Time remaining is: 70s
You played : S 4 2 M 4 3
S 4 2 True
M 4 3 True
Player 1 played : S 2 7 M 3 13
S 2 7 True
M 3 13 True
Time remaining is: 69s
You played : S 3 11 M 3 12
S 3 11 True
M 3 12 True
Player 1 played : S 3 13 M 4 17
S 3 13 True
M 4 17 True
Time remaining is: 66s
You played : S 3 12 M 2 2 RS 3 16 RE 2 3 X 4 3
S 3 12 True
M 2 2 True
RS 3 16 True
RE 2 3 True
X 4 3 True
YOU WIN!
Your Score : 8.009
Opponent's Score : 2.014
