-----------------------------My Move P 5 24
  
            .     .              
         .     #     .           
      .     .     .     .        
   .     .     .     .     .     
      .     .     .     .        
   .     .     .     .     .     
0     .     .     .     .     .  
   .     .     .     .     .     
.     .     .     .     .     .  
   .     .     .     .     .     
.     .     .     .     .     .  
   .     .     .     .     .     
.     .     .     .     .     .  
   .     .     .     .     .     
      .     .     .     .        
   .     .     .     .     .     
      .     .     .     .        
         .     .     .           
            .     .              
-----------------------------Opp Move P 4 3
0:0 1:3 2:0 3:0 4:0 5:0 6:3 7:0 8:0 9:0 10:0 0:0 1:6 2:0 3:0 4:0 5:0 6:6 7:0 8:0 9:0 10:0   
            .     .              
         .     #     .           
      .     .     .     .        
   .     .     .     .     .     
      .     .     .     #        
   .     .     .     .     .     
0     .     .     .     .     .  
   .     .     .     .     .     
.     .     .     .     .     .  
   .     .     .     .     .     
.     .     .     .     .     .  
   .     .     .     .     .     
.     .     .     .     .     .  
   .     .     .     .     .     
      .     .     .     .        
   .     .     .     .     .     
      .     .     .     .        
         .     .     .           
            .     .              
-----------------------------My Move P 5 23
  
            .     .              
         .     #     .           
      .     .     .     .        
   .     .     .     .     .     
      .     .     .     #        
   .     .     .     .     .     
0     .     .     .     .     .  
   .     .     .     .     .     
0     .     .     .     .     .  
   .     .     .     .     .     
.     .     .     .     .     .  
   .     .     .     .     .     
.     .     .     .     .     .  
   .     .     .     .     .     
      .     .     .     .        
   .     .     .     .     .     
      .     .     .     .        
         .     .     .           
            .     .              
-----------------------------Opp Move P 4 1
0:0 1:5 2:1 3:0 4:0 5:0 6:5 7:1 8:0 9:0 10:0 0:0 1:8 2:1 3:0 4:0 5:0 6:8 7:1 8:0 9:0 10:0   
            .     .              
         .     #     .           
      .     .     #     .        
   .     .     .     .     .     
      .     .     .     #        
   .     .     .     .     .     
0     .     .     .     .     .  
   .     .     .     .     .     
0     .     .     .     .     .  
   .     .     .     .     .     
.     .     .     .     .     .  
   .     .     .     .     .     
.     .     .     .     .     .  
   .     .     .     .     .     
      .     .     .     .        
   .     .     .     .     .     
      .     .     .     .        
         .     .     .           
            .     .              
-----------------------------My Move P 5 22
  
            .     .              
         .     #     .           
      .     .     #     .        
   .     .     .     .     .     
      .     .     .     #        
   .     .     .     .     .     
0     .     .     .     .     .  
   .     .     .     .     .     
0     .     .     .     .     .  
   .     .     .     .     .     
0     .     .     .     .     .  
   .     .     .     .     .     
.     .     .     .     .     .  
   .     .     .     .     .     
      .     .     .     .        
   .     .     .     .     .     
      .     .     .     .        
         .     .     .           
            .     .              
-----------------------------Opp Move P 4 4
0:0 1:7 2:1 3:1 4:0 5:0 6:7 7:1 8:1 9:0 10:0 0:0 1:10 2:2 3:0 4:0 5:0 6:10 7:2 8:0 9:0 10:0   
            .     .              
         .     #     .           
      .     .     #     .        
   .     .     .     .     .     
      .     .     .     #        
   .     .     .     .     #     
0     .     .     .     .     .  
   .     .     .     .     .     
0     .     .     .     .     .  
   .     .     .     .     .     
0     .     .     .     .     .  
   .     .     .     .     .     
.     .     .     .     .     .  
   .     .     .     .     .     
      .     .     .     .        
   .     .     .     .     .     
      .     .     .     .        
         .     .     .           
            .     .              
-----------------------------My Move P 5 21
  
            .     .              
         .     #     .           
      .     .     #     .        
   .     .     .     .     .     
      .     .     .     #        
   .     .     .     .     #     
0     .     .     .     .     .  
   .     .     .     .     .     
0     .     .     .     .     .  
   .     .     .     .     .     
0     .     .     .     .     .  
   .     .     .     .     .     
0     .     .     .     .     .  
   .     .     .     .     .     
      .     .     .     .        
   .     .     .     .     .     
      .     .     .     .        
         .     .     .           
            .     .              
-----------------------------Opp Move P 4 2
0:0 1:9 2:1 3:1 4:1 5:0 6:9 7:1 8:1 9:1 10:0 0:0 1:11 2:1 3:1 4:1 5:1 6:11 7:1 8:1 9:1 10:1   
            .     .              
         .     #     .           
      .     .     #     .        
   .     .     .     #     .     
      .     .     .     #        
   .     .     .     .     #     
0     .     .     .     .     .  
   .     .     .     .     .     
0     .     .     .     .     .  
   .     .     .     .     .     
0     .     .     .     .     .  
   .     .     .     .     .     
0     .     .     .     .     .  
   .     .     .     .     .     
      .     .     .     .        
   .     .     .     .     .     
      .     .     .     .        
         .     .     .           
            .     .              
-----------------------------My Move P 5 26
  
            .     .              
         .     #     .           
      .     .     #     .        
   0     .     .     #     .     
      .     .     .     #        
   .     .     .     .     #     
0     .     .     .     .     .  
   .     .     .     .     .     
0     .     .     .     .     .  
   .     .     .     .     .     
0     .     .     .     .     .  
   .     .     .     .     .     
0     .     .     .     .     .  
   .     .     .     .     .     
      .     .     .     .        
   .     .     .     .     .     
      .     .     .     .        
         .     .     .           
            .     .              
-----------------------------Opp Move S 4 2 M 3 1
0:0 1:12 2:1 3:1 4:1 5:0 6:12 7:1 8:1 9:1 10:0 0:0 1:12 2:3 3:1 4:1 5:1 6:11 7:2 8:0 9:1 10:1   
            .     .              
         .     #     .           
      .     .     #     .        
   0     .     .     x     .     
      .     .     #     #        
   .     .     .     .     #     
0     .     .     .     .     .  
   .     .     .     .     .     
0     .     .     .     .     .  
   .     .     .     .     .     
0     .     .     .     .     .  
   .     .     .     .     .     
0     .     .     .     .     .  
   .     .     .     .     .     
      .     .     .     .        
   .     .     .     .     .     
      .     .     .     .        
         .     .     .           
            .     .              
-----------------------Eval=-12030
my ring out0
opp ring out0
-----------------------------My Move S 5 21 M 3 2
  
            .     .              
         .     #     .           
      .     .     #     .        
   0     .     .     x     .     
      .     .     #     #        
   .     .     .     0     #     
0     .     .     .     .     .  
   .     .     .     .     .     
0     .     .     .     .     .  
   .     .     .     .     .     
0     .     .     .     .     .  
   .     .     .     .     .     
o     .     .     .     .     .  
   .     .     .     .     .     
      .     .     .     .        
   .     .     .     .     .     
      .     .     .     .        
         .     .     .           
            .     .              
-----------------------------Opp Move S 4 1 M 3 0
0:0 1:15 2:1 3:1 4:1 5:0 6:12 7:1 8:1 9:1 10:0 0:0 1:12 2:6 3:1 4:1 5:1 6:11 7:2 8:0 9:1 10:1   
            .     .              
         .     #     .           
      .     .     x     .        
   0     .     #     x     .     
      .     .     #     #        
   .     .     .     0     #     
0     .     .     .     .     .  
   .     .     .     .     .     
0     .     .     .     .     .  
   .     .     .     .     .     
0     .     .     .     .     .  
   .     .     .     .     .     
o     .     .     .     .     .  
   .     .     .     .     .     
      .     .     .     .        
   .     .     .     .     .     
      .     .     .     .        
         .     .     .           
            .     .              
-----------------------Eval=996
my ring out0
opp ring out0
-----------------------------My Move S 5 24 M 4 19
  
            .     .              
         .     #     .           
      .     .     x     .        
   0     .     #     x     .     
      .     .     #     #        
   .     .     .     0     #     
o     .     .     .     .     .  
   0     .     .     .     .     
0     .     .     .     .     .  
   .     .     .     .     .     
0     .     .     .     .     .  
   .     .     .     .     .     
o     .     .     .     .     .  
   .     .     .     .     .     
      .     .     .     .        
   .     .     .     .     .     
      .     .     .     .        
         .     .     .           
            .     .              
-----------------------------Opp Move S 4 0 M 4 23
0:0 1:16 2:3 3:1 4:1 5:0 6:11 7:3 8:1 9:0 10:0 0:0 1:13 2:7 3:2 4:1 5:1 6:11 7:1 8:1 9:1 10:1   
            .     .              
         .     x     .           
      .     #     x     .        
   0     .     #     x     .     
      .     .     #     #        
   .     .     .     0     #     
o     .     .     .     .     .  
   0     .     .     .     .     
0     .     .     .     .     .  
   .     .     .     .     .     
0     .     .     .     .     .  
   .     .     .     .     .     
o     .     .     .     .     .  
   .     .     .     .     .     
      .     .     .     .        
   .     .     .     .     .     
      .     .     .     .        
         .     .     .           
            .     .              
-----------------------Eval=951
my ring out0
opp ring out0
-----------------------------My Move S 5 26 M 5 28
  
            .     .              
         0     x     .           
      .     #     x     .        
   o     .     #     x     .     
      .     .     #     #        
   .     .     .     0     #     
o     .     .     .     .     .  
   0     .     .     .     .     
0     .     .     .     .     .  
   .     .     .     .     .     
0     .     .     .     .     .  
   .     .     .     .     .     
o     .     .     .     .     .  
   .     .     .     .     .     
      .     .     .     .        
   .     .     .     .     .     
      .     .     .     .        
         .     .     .           
            .     .              
-----------------------------Opp Move S 4 3 M 5 4
0:0 1:19 2:3 3:1 4:1 5:0 6:11 7:3 8:1 9:0 10:0 0:0 1:14 2:9 3:2 4:1 5:1 6:10 7:3 8:1 9:0 10:1   
            .     .              
         0     x     .           
      .     #     x     .        
   o     .     #     x     #     
      .     .     #     x        
   .     .     .     0     #     
o     .     .     .     .     .  
   0     .     .     .     .     
0     .     .     .     .     .  
   .     .     .     .     .     
0     .     .     .     .     .  
   .     .     .     .     .     
o     .     .     .     .     .  
   .     .     .     .     .     
      .     .     .     .        
   .     .     .     .     .     
      .     .     .     .        
         .     .     .           
            .     .              
-----------------------Eval=-12520
my ring out0
opp ring out0
-----------------------------My Move S 3 2 M 5 2
  
            .     .              
         0     x     0           
      .     #     x     .        
   o     .     #     o     #     
      .     .     #     x        
   .     .     .     o     #     
o     .     .     .     .     .  
   0     .     .     .     .     
0     .     .     .     .     .  
   .     .     .     .     .     
0     .     .     .     .     .  
   .     .     .     .     .     
o     .     .     .     .     .  
   .     .     .     .     .     
      .     .     .     .        
   .     .     .     .     .     
      .     .     .     .        
         .     .     .           
            .     .              
-----------------------------Opp Move S 3 1 M 5 3
0:0 1:22 2:3 3:1 4:1 5:0 6:11 7:3 8:1 9:0 10:0 0:0 1:14 2:11 3:3 4:1 5:1 6:8 7:5 8:1 9:0 10:1   
            .     .              
         0     x     0           
      .     #     x     #        
   o     .     #     x     #     
      .     .     x     x        
   .     .     .     o     #     
o     .     .     .     .     .  
   0     .     .     .     .     
0     .     .     .     .     .  
   .     .     .     .     .     
0     .     .     .     .     .  
   .     .     .     .     .     
o     .     .     .     .     .  
   .     .     .     .     .     
      .     .     .     .        
   .     .     .     .     .     
      .     .     .     .        
         .     .     .           
            .     .              
-----------------------Eval=-12561
my ring out0
opp ring out0
-----------------------------My Move S 5 2 M 2 2
  
            .     .              
         0     x     o           
      .     #     x     #        
   o     .     #     o     #     
      .     .     x     x        
   .     .     .     x     #     
o     .     .     .     .     .  
   0     .     .     0     .     
0     .     .     .     .     .  
   .     .     .     .     .     
0     .     .     .     .     .  
   .     .     .     .     .     
o     .     .     .     .     .  
   .     .     .     .     .     
      .     .     .     .        
   .     .     .     .     .     
      .     .     .     .        
         .     .     .           
            .     .              
-----------------------------Opp Move S 5 3 M 2 0
0:0 1:25 2:3 3:1 4:1 5:0 6:11 7:3 8:1 9:0 10:0 0:0 1:17 2:11 3:3 4:1 5:1 6:9 7:4 8:1 9:0 10:1   
            .     .              
         0     x     o           
      .     #     x     x        
   o     .     #     x     #     
      .     .     o     x        
   .     .     #     x     #     
o     .     .     .     .     .  
   0     .     .     0     .     
0     .     .     .     .     .  
   .     .     .     .     .     
0     .     .     .     .     .  
   .     .     .     .     .     
o     .     .     .     .     .  
   .     .     .     .     .     
      .     .     .     .        
   .     .     .     .     .     
      .     .     .     .        
         .     .     .           
            .     .              
-----------------------Eval=-197884
my ring out0
opp ring out0
-----------------------------My Move S 4 19 M 4 20
  
            .     .              
         0     x     o           
      .     #     x     x        
   o     .     #     x     #     
      .     .     o     x        
   0     .     #     x     #     
o     .     .     .     .     .  
   o     .     .     0     .     
0     .     .     .     .     .  
   .     .     .     .     .     
0     .     .     .     .     .  
   .     .     .     .     .     
o     .     .     .     .     .  
   .     .     .     .     .     
      .     .     .     .        
   .     .     .     .     .     
      .     .     .     .        
         .     .     .           
            .     .              
-----------------------------Opp Move S 4 4 M 4 5 RS 4 0 RE 4 4 X 4 23
0:0 1:25 2:5 3:2 4:1 5:0 6:11 7:3 8:1 9:0 10:0 0:0 1:16 2:2 3:0 4:0 5:0 6:10 7:2 8:0 9:0 10:0   
            .     .              
         0     .     o           
      .     .     .     x        
   o     .     #     .     #     
      .     .     o     .        
   0     .     #     x     .     
o     .     .     .     .     .  
   o     .     .     0     #     
0     .     .     .     .     .  
   .     .     .     .     .     
0     .     .     .     .     .  
   .     .     .     .     .     
o     .     .     .     .     .  
   .     .     .     .     .     
      .     .     .     .        
   .     .     .     .     .     
      .     .     .     .        
         .     .     .           
            .     .              
-----------------------Eval=-174459
my ring out0
opp ring out1
-----------------------------My Move S 5 23 M 4 18
  
            .     .              
         0     .     o           
      .     .     .     x        
   o     .     #     .     #     
      .     .     o     .        
   0     .     #     x     .     
o     .     .     .     .     .  
   o     .     .     0     #     
o     .     .     .     .     .  
   0     .     .     .     .     
0     .     .     .     .     .  
   .     .     .     .     .     
o     .     .     .     .     .  
   .     .     .     .     .     
      .     .     .     .        
   .     .     .     .     .     
      .     .     .     .        
         .     .     .           
            .     .              
-----------------------------Opp Move S 2 0 M 4 2
0:0 1:22 2:7 3:2 4:2 5:0 6:10 7:4 8:1 9:0 10:0 0:0 1:16 2:5 3:2 4:1 5:0 6:8 7:3 8:1 9:0 10:0   
            .     .              
         0     .     o           
      .     .     .     x        
   o     .     #     #     #     
      .     .     x     .        
   0     .     x     x     .     
o     .     .     .     .     .  
   o     .     .     0     #     
o     .     .     .     .     .  
   0     .     .     .     .     
0     .     .     .     .     .  
   .     .     .     .     .     
o     .     .     .     .     .  
   .     .     .     .     .     
      .     .     .     .        
   .     .     .     .     .     
      .     .     .     .        
         .     .     .           
            .     .              
-----------------------Eval=-174406
my ring out0
opp ring out1
-----------------------------My Move S 4 18 M 4 17
  
            .     .              
         0     .     o           
      .     .     .     x        
   o     .     #     #     #     
      .     .     x     .        
   0     .     x     x     .     
o     .     .     .     .     .  
   o     .     .     0     #     
o     .     .     .     .     .  
   o     .     .     .     .     
0     .     .     .     .     .  
   0     .     .     .     .     
o     .     .     .     .     .  
   .     .     .     .     .     
      .     .     .     .        
   .     .     .     .     .     
      .     .     .     .        
         .     .     .           
            .     .              
-----------------------------Opp Move S 4 2 M 4 3
0:0 1:22 2:9 3:2 4:2 5:1 6:10 7:4 8:0 9:1 10:0 0:0 1:15 2:8 3:3 4:1 5:0 6:7 7:4 8:1 9:0 10:0   
            .     .              
         0     .     o           
      .     .     .     x        
   o     .     #     x     #     
      .     .     x     #        
   0     .     x     x     .     
o     .     .     .     .     .  
   o     .     .     0     #     
o     .     .     .     .     .  
   o     .     .     .     .     
0     .     .     .     .     .  
   0     .     .     .     .     
o     .     .     .     .     .  
   .     .     .     .     .     
      .     .     .     .        
   .     .     .     .     .     
      .     .     .     .        
         .     .     .           
            .     .              
-----------------------Eval=-25617
my ring out0
opp ring out1
-----------------------------My Move S 4 17 M 4 16
  
            .     .              
         0     .     o           
      .     .     .     x        
   o     .     #     x     #     
      .     .     x     #        
   0     .     x     x     .     
o     .     .     .     .     .  
   o     .     .     0     #     
o     .     .     .     .     .  
   o     .     .     .     .     
0     .     .     .     .     .  
   o     .     .     .     .     
o     .     .     .     .     .  
   0     .     .     .     .     
      .     .     .     .        
   .     .     .     .     .     
      .     .     .     .        
         .     .     .           
            .     .              
-----------------------------Opp Move S 4 5 M 3 3
0:0 1:23 2:10 3:2 4:2 5:2 6:11 7:3 8:0 9:0 10:1 0:0 1:15 2:8 3:4 4:2 5:1 6:5 7:5 8:1 9:1 10:0   
            .     .              
         0     .     o           
      .     .     .     x        
   o     .     #     x     #     
      .     .     x     #        
   0     .     x     x     .     
o     .     .     .     #     .  
   o     .     .     0     x     
o     .     .     .     .     .  
   o     .     .     .     .     
0     .     .     .     .     .  
   o     .     .     .     .     
o     .     .     .     .     .  
   0     .     .     .     .     
      .     .     .     .        
   .     .     .     .     .     
      .     .     .     .        
         .     .     .           
            .     .              
-----------------------Eval=-642
my ring out0
opp ring out1
-----------------------------My Move S 4 20 M 1 2 RS 4 17 RE 5 26 X 5 28
  
            .     .              
         .     .     o           
      .     .     .     x        
   .     .     #     x     #     
      .     .     x     #        
   .     .     x     x     .     
o     .     .     .     #     .  
   .     .     .     0     x     
o     .     .     .     .     .  
   .     .     .     .     .     
0     .     .     0     .     .  
   .     .     .     .     .     
o     .     .     .     .     .  
   0     .     .     .     .     
      .     .     .     .        
   .     .     .     .     .     
      .     .     .     .        
         .     .     .           
            .     .              
-----------------------------Opp Move S 3 0 M 4 1
0:0 1:20 2:2 3:1 4:1 5:0 6:10 7:2 8:0 9:0 10:0 0:0 1:15 2:10 3:5 4:2 5:1 6:4 7:5 8:2 9:1 10:0   
            .     .              
         .     .     o           
      .     .     #     x        
   .     .     x     x     #     
      .     .     x     #        
   .     .     x     x     .     
o     .     .     .     #     .  
   .     .     .     0     x     
o     .     .     .     .     .  
   .     .     .     .     .     
0     .     .     0     .     .  
   .     .     .     .     .     
o     .     .     .     .     .  
   0     .     .     .     .     
      .     .     .     .        
   .     .     .     .     .     
      .     .     .     .        
         .     .     .           
            .     .              
-----------------------Eval=-298460
my ring out1
opp ring out1
-----------------------------My Move S 4 16 M 4 14
  
            .     .              
         .     .     o           
      .     .     #     x        
   .     .     x     x     #     
      .     .     x     #        
   .     .     x     x     .     
o     .     .     .     #     .  
   .     .     .     0     x     
o     .     .     .     .     .  
   .     .     .     .     .     
0     .     .     0     .     .  
   .     .     .     .     .     
o     .     .     .     .     .  
   o     .     .     .     .     
      .     .     .     .        
   .     0     .     .     .     
      .     .     .     .        
         .     .     .           
            .     .              
-----------------------------Opp Move S 3 3 M 3 4 RS 3 0 RE 4 5 X 4 3
0:0 1:23 2:2 3:1 4:1 5:0 6:11 7:1 8:0 9:0 10:0 0:0 1:15 2:3 3:0 4:0 5:0 6:8 7:1 8:0 9:0 10:0   
            .     .              
         .     .     o           
      .     .     #     x        
   .     .     .     x     #     
      .     .     .     .        
   .     .     x     .     .     
o     .     .     .     .     .  
   .     .     .     0     .     
o     .     .     .     #     .  
   .     .     .     .     .     
0     .     .     0     .     .  
   .     .     .     .     .     
o     .     .     .     .     .  
   o     .     .     .     .     
      .     .     .     .        
   .     0     .     .     .     
      .     .     .     .        
         .     .     .           
            .     .              
-----------------------Eval=-286478
my ring out1
opp ring out2
-----------------------------My Move S 1 2 M 4 15
  
            .     .              
         .     .     o           
      .     .     #     x        
   .     .     .     x     #     
      .     .     .     .        
   .     .     x     .     .     
o     .     .     .     .     .  
   .     .     .     0     .     
o     .     .     .     #     .  
   .     .     .     .     .     
0     .     .     o     .     .  
   .     .     .     .     .     
o     .     .     .     .     .  
   o     .     .     .     .     
      0     .     .     .        
   .     0     .     .     .     
      .     .     .     .        
         .     .     .           
            .     .              
-----------------------------Opp Move S 4 1 M 3 0
0:0 1:24 2:2 3:2 4:2 5:0 6:9 7:1 8:1 9:1 10:0 0:0 1:16 2:5 3:0 4:0 5:0 6:7 7:2 8:0 9:0 10:0   
            .     .              
         .     .     o           
      .     .     x     x        
   .     .     #     x     #     
      .     .     .     .        
   .     .     x     .     .     
o     .     .     .     .     .  
   .     .     .     0     .     
o     .     .     .     #     .  
   .     .     .     .     .     
0     .     .     o     .     .  
   .     .     .     .     .     
o     .     .     .     .     .  
   o     .     .     .     .     
      0     .     .     .        
   .     0     .     .     .     
      .     .     .     .        
         .     .     .           
            .     .              
-----------------------Eval=-261489
my ring out1
opp ring out2
-----------------------------My Move S 4 14 M 4 13
  
            .     .              
         .     .     o           
      .     .     x     x        
   .     .     #     x     #     
      .     .     .     .        
   .     .     x     .     .     
o     .     .     .     .     .  
   .     .     .     0     .     
o     .     .     .     #     .  
   .     .     .     .     .     
0     .     .     o     .     .  
   .     .     .     .     .     
o     .     .     .     .     .  
   o     .     .     .     .     
      0     .     .     .        
   .     o     .     .     .     
      .     0     .     .        
         .     .     .           
            .     .              
-----------------------------Opp Move S 3 0 M 3 1
0:0 1:26 2:2 3:2 4:2 5:1 6:9 7:1 8:1 9:0 10:1 0:0 1:15 2:7 3:1 4:1 5:0 6:6 7:3 8:0 9:0 10:0   
            .     .              
         .     .     o           
      .     .     x     x        
   .     .     x     x     #     
      .     .     #     .        
   .     .     x     .     .     
o     .     .     .     .     .  
   .     .     .     0     .     
o     .     .     .     #     .  
   .     .     .     .     .     
0     .     .     o     .     .  
   .     .     .     .     .     
o     .     .     .     .     .  
   o     .     .     .     .     
      0     .     .     .        
   .     o     .     .     .     
      .     0     .     .        
         .     .     .           
            .     .              
-----------------------Eval=-1035
my ring out1
opp ring out2
-----------------------------My Move S 4 15 M 1 3
  
            .     .              
         .     .     o           
      .     .     x     x        
   .     .     x     x     #     
      .     .     #     .        
   .     .     x     .     .     
o     .     .     .     .     .  
   .     .     .     0     .     
o     .     .     .     #     .  
   .     .     .     .     .     
0     .     .     o     .     .  
   .     .     0     .     .     
o     .     .     .     .     .  
   o     .     .     .     .     
      o     .     .     .        
   .     o     .     .     .     
      .     0     .     .        
         .     .     .           
            .     .              
-----------------------------Opp Move S 3 1 M 2 5
0:0 1:26 2:2 3:2 4:2 5:1 6:10 7:1 8:0 9:0 10:1 0:0 1:20 2:8 3:1 4:1 5:0 6:8 7:1 8:0 9:0 10:0   
            .     .              
         .     .     o           
      .     .     x     x        
   .     .     x     x     #     
      .     .     x     .        
   .     .     x     .     .     
o     .     .     .     .     .  
   .     .     .     0     .     
o     .     .     .     #     .  
   .     .     .     .     .     
0     .     .     x     .     .  
   .     .     0     .     .     
o     .     .     #     .     .  
   o     .     .     .     .     
      o     .     .     .        
   .     o     .     .     .     
      .     0     .     .        
         .     .     .           
            .     .              
-----------------------Eval=8
my ring out1
opp ring out2
-----------------------------My Move S 4 13 M 4 23 RS 5 21 RE 4 13 X 2 2
  
            .     .              
         .     .     o           
      .     0     x     x        
   .     .     x     x     #     
      .     .     x     .        
   .     .     x     .     .     
o     .     .     .     .     .  
   .     .     .     .     .     
o     .     .     .     #     .  
   .     .     .     .     .     
0     .     .     x     .     .  
   .     .     0     .     .     
.     .     .     #     .     .  
   .     .     .     .     .     
      .     .     .     .        
   .     .     .     .     .     
      .     .     .     .        
         .     .     .           
            .     .              
-----------------------------Opp Move S 5 4 M 3 2
0:0 1:16 2:1 3:1 4:0 5:0 6:9 7:0 8:0 9:0 10:0 0:0 1:21 2:9 3:2 4:1 5:0 6:8 7:0 8:1 9:0 10:0   
            .     .              
         .     .     o           
      .     0     x     x        
   .     .     x     x     x     
      .     .     x     .        
   .     .     x     #     .     
o     .     .     .     .     .  
   .     .     .     .     .     
o     .     .     .     #     .  
   .     .     .     .     .     
0     .     .     x     .     .  
   .     .     0     .     .     
.     .     .     #     .     .  
   .     .     .     .     .     
      .     .     .     .        
   .     .     .     .     .     
      .     .     .     .        
         .     .     .           
            .     .              
-----------------------Eval=940
my ring out2
opp ring out2
-----------------------------My Move S 5 22 M 5 21
  
            .     .              
         .     .     o           
      .     0     x     x        
   .     .     x     x     x     
      .     .     x     .        
   .     .     x     #     .     
o     .     .     .     .     .  
   .     .     .     .     .     
o     .     .     .     #     .  
   .     .     .     .     .     
o     .     .     x     .     .  
   .     .     0     .     .     
0     .     .     #     .     .  
   .     .     .     .     .     
      .     .     .     .        
   .     .     .     .     .     
      .     .     .     .        
         .     .     .           
            .     .              
-----------------------------Opp Move S 3 2 M 3 3
0:0 1:18 2:1 3:1 4:1 5:0 6:9 7:0 8:0 9:0 10:0 0:0 1:22 2:10 3:2 4:2 5:0 6:7 7:1 8:0 9:1 10:0   
            .     .              
         .     .     o           
      .     0     x     x        
   .     .     x     x     x     
      .     .     x     .        
   .     .     x     x     .     
o     .     .     .     #     .  
   .     .     .     .     .     
o     .     .     .     #     .  
   .     .     .     .     .     
o     .     .     x     .     .  
   .     .     0     .     .     
0     .     .     #     .     .  
   .     .     .     .     .     
      .     .     .     .        
   .     .     .     .     .     
      .     .     .     .        
         .     .     .           
            .     .              
-----------------------Eval=2080
my ring out2
opp ring out2
-----------------------------My Move S 5 21 M 4 3
  
            .     .              
         .     .     o           
      .     0     x     x        
   .     .     x     x     x     
      .     .     x     0        
   .     .     x     o     .     
o     .     .     .     #     .  
   .     .     .     .     .     
o     .     .     .     #     .  
   .     .     .     .     .     
o     .     .     x     .     .  
   .     .     0     .     .     
o     .     .     #     .     .  
   .     .     .     .     .     
      .     .     .     .        
   .     .     .     .     .     
      .     .     .     .        
         .     .     .           
            .     .              
-----------------------------Opp Move S 3 3 M 4 5
0:0 1:23 2:2 3:1 4:1 5:0 6:8 7:1 8:0 9:0 10:0 0:0 1:23 2:11 3:1 4:1 5:0 6:7 7:2 8:0 9:0 10:0   
            .     .              
         .     .     o           
      .     0     x     x        
   .     .     x     x     x     
      .     .     x     0        
   .     .     x     o     .     
o     .     .     .     x     .  
   .     .     .     .     #     
o     .     .     .     #     .  
   .     .     .     .     .     
o     .     .     x     .     .  
   .     .     0     .     .     
o     .     .     #     .     .  
   .     .     .     .     .     
      .     .     .     .        
   .     .     .     .     .     
      .     .     .     .        
         .     .     .           
            .     .              
-----------------------Eval=26579
my ring out2
opp ring out2
-----------------------------My Move S 4 3 M 4 0
  
            .     .              
         .     0     o           
      .     0     o     x        
   .     .     x     o     x     
      .     .     x     o        
   .     .     x     o     .     
o     .     .     .     x     .  
   .     .     .     .     #     
o     .     .     .     #     .  
   .     .     .     .     .     
o     .     .     x     .     .  
   .     .     0     .     .     
o     .     .     #     .     .  
   .     .     .     .     .     
      .     .     .     .        
   .     .     .     .     .     
      .     .     .     .        
         .     .     .           
            .     .              
-----------------------------Opp Move S 3 4 M 2 1
0:0 1:25 2:6 3:3 4:2 5:0 6:8 7:1 8:0 9:0 10:0 0:0 1:23 2:10 3:0 4:0 5:0 6:6 7:3 8:0 9:0 10:0   
            .     .              
         .     0     o           
      .     0     o     x        
   .     .     x     o     x     
      .     .     x     o        
   .     .     x     o     .     
o     .     .     #     x     .  
   .     .     .     .     #     
o     .     .     .     x     .  
   .     .     .     .     .     
o     .     .     x     .     .  
   .     .     0     .     .     
o     .     .     #     .     .  
   .     .     .     .     .     
      .     .     .     .        
   .     .     .     .     .     
      .     .     .     .        
         .     .     .           
            .     .              
-----------------------Eval=27132
my ring out2
opp ring out2
-----------------------------My Move S 4 0 M 1 0
  
            .     .              
         .     o     o           
      .     0     o     x        
   .     .     o     o     x     
      .     .     x     o        
   .     .     o     o     .     
o     .     .     #     x     .  
   .     .     0     .     #     
o     .     .     .     x     .  
   .     .     .     .     .     
o     .     .     x     .     .  
   .     .     0     .     .     
o     .     .     #     .     .  
   .     .     .     .     .     
      .     .     .     .        
   .     .     .     .     .     
      .     .     .     .        
         .     .     .           
            .     .              
-----------------------------Opp Move S 2 1 M 3 17
0:0 1:28 2:8 3:4 4:2 5:0 6:9 7:0 8:0 9:0 10:0 0:0 1:24 2:8 3:1 4:0 5:0 6:7 7:2 8:0 9:0 10:0   
            .     .              
         .     o     o           
      .     0     o     x        
   .     .     o     o     x     
      .     #     x     o        
   .     .     x     o     .     
o     .     .     x     x     .  
   .     .     0     .     #     
o     .     .     .     x     .  
   .     .     .     .     .     
o     .     .     x     .     .  
   .     .     0     .     .     
o     .     .     #     .     .  
   .     .     .     .     .     
      .     .     .     .        
   .     .     .     .     .     
      .     .     .     .        
         .     .     .           
            .     .              
-----------------------Eval=27128
my ring out2
opp ring out2
-----------------------------My Move S 1 0 M 2 3
  
            .     .              
         .     o     o           
      .     0     o     x        
   .     .     o     o     x     
      .     #     x     o        
   .     .     x     o     .     
o     .     .     x     x     .  
   .     .     o     .     #     
o     .     .     .     x     .  
   .     .     .     0     .     
o     .     .     x     .     .  
   .     .     0     .     .     
o     .     .     #     .     .  
   .     .     .     .     .     
      .     .     .     .        
   .     .     .     .     .     
      .     .     .     .        
         .     .     .           
            .     .              
-----------------------------Opp Move S 2 5 M 4 6
0:0 1:31 2:8 3:4 4:2 5:0 6:9 7:0 8:0 9:0 10:0 0:0 1:25 2:10 3:1 4:0 5:0 6:5 7:4 8:0 9:0 10:0   
            .     .              
         .     o     o           
      .     0     o     x        
   .     .     o     o     x     
      .     #     x     o        
   .     .     x     o     .     
o     .     .     x     x     .  
   .     .     o     .     #     
o     .     .     .     x     .  
   .     .     .     0     #     
o     .     .     x     .     .  
   .     .     0     .     .     
o     .     .     x     .     .  
   .     .     .     .     .     
      .     .     .     .        
   .     .     .     .     .     
      .     .     .     .        
         .     .     .           
            .     .              
-----------------------Eval=999994
my ring out2
opp ring out2
-----------------------------My Move S 2 3 M 2 2
  
            .     .              
         .     o     o           
      .     0     o     x        
   .     .     o     o     x     
      .     #     x     o        
   .     .     x     o     .     
o     .     .     x     x     .  
   .     .     o     0     #     
o     .     .     .     x     .  
   .     .     .     o     #     
o     .     .     x     .     .  
   .     .     0     .     .     
o     .     .     x     .     .  
   .     .     .     .     .     
      .     .     .     .        
   .     .     .     .     .     
      .     .     .     .        
         .     .     .           
            .     .              
-----------------------------Opp Move S 4 6 M 3 5
0:0 1:32 2:8 3:4 4:3 5:1 6:8 7:1 8:0 9:0 10:0 0:0 1:26 2:11 3:2 4:0 5:0 6:6 7:3 8:0 9:0 10:0   
            .     .              
         .     o     o           
      .     0     o     x        
   .     .     o     o     x     
      .     #     x     o        
   .     .     x     o     .     
o     .     .     x     x     .  
   .     .     o     0     #     
o     .     .     .     x     .  
   .     .     .     o     x     
o     .     .     x     #     .  
   .     .     0     .     .     
o     .     .     x     .     .  
   .     .     .     .     .     
      .     .     .     .        
   .     .     .     .     .     
      .     .     .     .        
         .     .     .           
            .     .              
-----------------------Eval=1001034
my ring out2
opp ring out2
-----------------------------My Move S 2 2 M 5 8 RS 2 3 RE 5 2 X 1 3
  
            .     .              
         .     o     .           
      .     0     o     x        
   .     .     o     .     x     
      .     #     x     o        
   .     .     x     .     .     
o     .     .     x     x     .  
   .     .     o     .     #     
o     .     .     .     o     .  
   .     .     .     .     o     
o     .     .     x     #     0  
   .     .     .     .     .     
o     .     .     x     .     .  
   .     .     .     .     .     
      .     .     .     .        
   .     .     .     .     .     
      .     .     .     .        
         .     .     .           
            .     .              
***********************************

-> You are player 2
-> You are alloted a time of 120s

***********************************

Player 1 played : P 4 0
P 4 0 True
Time remaining is: 120s
You played : P 5 24
P 5 24 True
Player 1 played : P 4 3
P 4 3 True
Time remaining is: 120s
You played : P 5 23
P 5 23 True
Player 1 played : P 4 1
P 4 1 True
Time remaining is: 120s
You played : P 5 22
P 5 22 True
Player 1 played : P 4 4
P 4 4 True
Time remaining is: 120s
You played : P 5 21
P 5 21 True
Player 1 played : P 4 2
P 4 2 True
Time remaining is: 120s
You played : P 5 26
P 5 26 True
Player 1 played : S 4 2 M 3 1
S 4 2 True
M 3 1 True
Time remaining is: 120s
You played : S 5 21 M 3 2
S 5 21 True
M 3 2 True
Player 1 played : S 4 1 M 3 0
S 4 1 True
M 3 0 True
Time remaining is: 120s
You played : S 5 24 M 4 19
S 5 24 True
M 4 19 True
Player 1 played : S 4 0 M 4 23
S 4 0 True
M 4 23 True
Time remaining is: 120s
You played : S 5 26 M 5 28
S 5 26 True
M 5 28 True
Player 1 played : S 4 3 M 5 4
S 4 3 True
M 5 4 True
Time remaining is: 119s
You played : S 3 2 M 5 2
S 3 2 True
M 5 2 True
Player 1 played : S 3 1 M 5 3
S 3 1 True
M 5 3 True
Time remaining is: 118s
You played : S 5 2 M 2 2
S 5 2 True
M 2 2 True
Player 1 played : S 5 3 M 2 0
S 5 3 True
M 2 0 True
Time remaining is: 118s
You played : S 4 19 M 4 20
S 4 19 True
M 4 20 True
Player 1 played : S 4 4 M 4 5 RS 4 0 RE 4 4 X 4 23
S 4 4 True
M 4 5 True
RS 4 0 True
RE 4 4 True
X 4 23 True
Time remaining is: 118s
You played : S 5 23 M 4 18
S 5 23 True
M 4 18 True
Player 1 played : S 2 0 M 4 2
S 2 0 True
M 4 2 True
Time remaining is: 118s
You played : S 4 18 M 4 17
S 4 18 True
M 4 17 True
Player 1 played : S 4 2 M 4 3
S 4 2 True
M 4 3 True
Time remaining is: 118s
You played : S 4 17 M 4 16
S 4 17 True
M 4 16 True
Player 1 played : S 4 5 M 3 3
S 4 5 True
M 3 3 True
Time remaining is: 117s
You played : S 4 20 M 1 2 RS 4 17 RE 5 26 X 5 28
S 4 20 True
M 1 2 True
RS 4 17 True
RE 5 26 True
X 5 28 True
Player 1 played : S 3 0 M 4 1
S 3 0 True
M 4 1 True
Time remaining is: 117s
You played : S 4 16 M 4 14
S 4 16 True
M 4 14 True
Player 1 played : S 3 3 M 3 4 RS 3 0 RE 4 5 X 4 3
S 3 3 True
M 3 4 True
RS 3 0 True
RE 4 5 True
X 4 3 True
Time remaining is: 117s
You played : S 1 2 M 4 15
S 1 2 True
M 4 15 True
Player 1 played : S 4 1 M 3 0
S 4 1 True
M 3 0 True
Time remaining is: 117s
You played : S 4 14 M 4 13
S 4 14 True
M 4 13 True
Player 1 played : S 3 0 M 3 1
S 3 0 True
M 3 1 True
Time remaining is: 116s
You played : S 4 15 M 1 3
S 4 15 True
M 1 3 True
Player 1 played : S 3 1 M 2 5
S 3 1 True
M 2 5 True
Time remaining is: 116s
You played : S 4 13 M 4 23 RS 5 21 RE 4 13 X 2 2
S 4 13 True
M 4 23 True
RS 5 21 True
RE 4 13 True
X 2 2 True
Player 1 played : S 5 4 M 3 2
S 5 4 True
M 3 2 True
Time remaining is: 116s
You played : S 5 22 M 5 21
S 5 22 True
M 5 21 True
Player 1 played : S 3 2 M 3 3
S 3 2 True
M 3 3 True
Time remaining is: 116s
You played : S 5 21 M 4 3
S 5 21 True
M 4 3 True
Player 1 played : S 3 3 M 4 5
S 3 3 True
M 4 5 True
Time remaining is: 116s
You played : S 4 3 M 4 0
S 4 3 True
M 4 0 True
Player 1 played : S 3 4 M 2 1
S 3 4 True
M 2 1 True
Time remaining is: 115s
You played : S 4 0 M 1 0
S 4 0 True
M 1 0 True
Player 1 played : S 2 1 M 3 17
S 2 1 True
M 3 17 True
Time remaining is: 115s
You played : S 1 0 M 2 3
S 1 0 True
M 2 3 True
Player 1 played : S 2 5 M 4 6
S 2 5 True
M 4 6 True
Time remaining is: 115s
You played : S 2 3 M 2 2
S 2 3 True
M 2 2 True
Player 1 played : S 4 6 M 3 5
S 4 6 True
M 3 5 True
Time remaining is: 115s
You played : S 2 2 M 5 8 RS 2 3 RE 5 2 X 1 3
S 2 2 True
M 5 8 True
RS 2 3 True
RE 5 2 True
X 1 3 True
YOU WIN!
Your Score : 8.011
Opponent's Score : 2.008
