boardsizeHexagon is here for combined version :5
playernum:1
timeallowed:120

 num_markers:5

-----------removedRingsOpponent:4
-----------removedRingsmy:3
-----------removedRingsOpponent:3
-----------removedRingsmy:2
-----------removedRingsOpponent:2
-----------removedRingsmy:1
-----------removedRingsOpponent:1
-----------removedRingsmy:0
my--from_x:3 from_y:5 to_x:3 to_y:6
-----------removedRingsOpponent:0
-----------removedRingsmy:0
my--from_x:3 from_y:6 to_x:3 to_y:7
-----------removedRingsOpponent:0
-----------removedRingsmy:0
my--from_x:3 from_y:7 to_x:6 to_y:7
-----------removedRingsOpponent:0
-----------removedRingsmy:0
my--from_x:5 from_y:5 to_x:5 to_y:3
-----------removedRingsOpponent:0
-----------removedRingsmy:0
my--from_x:4 from_y:5 to_x:4 to_y:7
-----------removedRingsOpponent:0
-----------removedRingsmy:0
my--from_x:4 from_y:7 to_x:2 to_y:5
-----------removedRingsOpponent:0
-----------removedRingsmy:0
my--from_x:7 from_y:5 to_x:7 to_y:9
-----------removedRingsOpponent:0
-----------removedRingsmy:0
my--from_x:7 from_y:9 to_x:1 to_y:3
-----------removedRingsOpponent:0
-----------removedRingsmy:0
my--from_x:6 from_y:7 to_x:6 to_y:9
-----------removedRingsOpponent:0
-----------removedRingsmy:0
my--from_x:2 from_y:5 to_x:1 to_y:4
-----------removedRingsOpponent:0
-----------removedRingsmy:0
WORKING -------pushpam
my--from_x:6 from_y:5 to_x:1 to_y:5
-----------removedRingsOpponent:0
-----------removedRingsmy:1
my--from_x:1 from_y:3 to_x:4 to_y:6
-----------removedRingsOpponent:0
-----------removedRingsmy:1
my--from_x:4 from_y:6 to_x:4 to_y:3
-----------removedRingsOpponent:0
-----------removedRingsmy:1
WORKING -------pushpam
my--from_x:4 from_y:3 to_x:7 to_y:6
-----------removedRingsOpponent:0
-----------removedRingsmy:2
my--from_x:1 from_y:4 to_x:4 to_y:7
-----------removedRingsOpponent:0
-----------removedRingsmy:2
my--from_x:1 from_y:5 to_x:1 to_y:6
-----------removedRingsOpponent:0
-----------removedRingsmy:2
my--from_x:1 from_y:6 to_x:4 to_y:9
-----------removedRingsOpponent:0
-----------removedRingsmy:2
my--from_x:4 from_y:7 to_x:5 to_y:8
-----------removedRingsOpponent:0
-----------removedRingsmy:2
my--from_x:5 from_y:8 to_x:8 to_y:8
-----------removedRingsOpponent:0
-----------removedRingsmy:2
my--from_x:4 from_y:9 to_x:6 to_y:9
-----------removedRingsOpponent:0
-----------removedRingsmy:2
my--from_x:6 from_y:9 to_x:6 to_y:3
-----------removedRingsOpponent:0
-----------removedRingsmy:2
my--from_x:6 from_y:3 to_x:0 to_y:3
-----------removedRingsOpponent:0
-----------removedRingsmy:2
my--from_x:7 from_y:6 to_x:9 to_y:6
-----------removedRingsOpponent:0
-----------removedRingsmy:2
my--from_x:9 from_y:6 to_x:10 to_y:6
-----------removedRingsOpponent:1
-----------removedRingsmy:2
WORKING -------pushpam
my--from_x:10 from_y:6 to_x:10 to_y:7
with /n
-----------removedRingsOpponent:1
-----------removedRingsmy:3
GAME OVER BRODAAA
***********************************

-> You are player 1
-> You are alloted a time of 120s

***********************************

Time remaining is: 120s
You played : P 0 0
P 0 0 True
Player 2 played : P 1 0
P 1 0 True
Time remaining is: 120s
You played : P 1 2
P 1 2 True
Player 2 played : P 1 1
P 1 1 True
Time remaining is: 120s
You played : P 1 5
P 1 5 True
Player 2 played : P 1 3
P 1 3 True
Time remaining is: 120s
You played : P 2 4
P 2 4 True
Player 2 played : P 1 4
P 1 4 True
Time remaining is: 120s
You played : P 2 10
P 2 10 True
Player 2 played : P 2 0
P 2 0 True
Time remaining is: 120s
You played : S 2 10 M 3 16
S 2 10 True
M 3 16 True
Player 2 played : S 2 0 M 2 11
S 2 0 True
M 2 11 True
Time remaining is: 120s
You played : S 3 16 M 4 22
S 3 16 True
M 4 22 True
Player 2 played : S 1 4 M 4 16
S 1 4 True
M 4 16 True
Time remaining is: 120s
You played : S 4 22 M 2 1
S 4 22 True
M 2 1 True
Player 2 played : S 1 3 M 2 9
S 1 3 True
M 2 9 True
Time remaining is: 120s
You played : S 0 0 M 2 6
S 0 0 True
M 2 6 True
Player 2 played : S 2 11 M 3 14
S 2 11 True
M 3 14 True
Time remaining is: 120s
You played : S 1 5 M 3 17
S 1 5 True
M 3 17 True
Player 2 played : S 3 14 M 3 1
S 3 14 True
M 3 1 True
Time remaining is: 120s
You played : S 3 17 M 3 15
S 3 17 True
M 3 15 True
Player 2 played : S 3 1 M 5 28
S 3 1 True
M 5 28 True
Time remaining is: 118s
You played : S 2 4 M 4 2
S 2 4 True
M 4 2 True
Player 2 played : S 1 1 M 2 8
S 1 1 True
M 2 8 True
Time remaining is: 114s
You played : S 4 2 M 4 18
S 4 2 True
M 4 18 True
Player 2 played : S 5 28 M 3 2
S 5 28 True
M 3 2 True
Time remaining is: 114s
You played : S 2 1 M 4 1
S 2 1 True
M 4 1 True
Player 2 played : S 3 2 M 3 7
S 3 2 True
M 3 7 True
Time remaining is: 112s
You played : S 3 15 M 4 19
S 3 15 True
M 4 19 True
Player 2 played : S 3 7 M 5 17
S 3 7 True
M 5 17 True
Time remaining is: 111s
You played : S 1 2 M 4 20 RS 3 14 RE 3 1 X 2 6
S 1 2 True
M 4 20 True
RS 3 14 True
RE 3 1 True
X 2 6 True
Player 2 played : S 2 8 M 3 12
S 2 8 True
M 3 12 True
Time remaining is: 111s
You played : S 4 18 M 2 11
S 4 18 True
M 2 11 True
Player 2 played : S 2 9 M 3 13
S 2 9 True
M 3 13 True
Time remaining is: 110s
You played : S 2 11 M 2 7
S 2 11 True
M 2 7 True
Player 2 played : S 5 17 M 5 16
S 5 17 True
M 5 16 True
Time remaining is: 110s
You played : S 2 7 M 2 3 RS 2 7 RE 3 17 X 4 1
S 2 7 True
M 2 3 True
RS 2 7 True
RE 3 17 True
X 4 1 True
Player 2 played : S 5 16 M 5 18
S 5 16 True
M 5 18 True
Time remaining is: 110s
You played : S 4 19 M 3 17
S 4 19 True
M 3 17 True
Player 2 played : S 5 18 M 3 5
S 5 18 True
M 3 5 True
Time remaining is: 110s
You played : S 4 20 M 5 26
S 4 20 True
M 5 26 True
Player 2 played : S 3 5 M 2 5
S 3 5 True
M 2 5 True
Time remaining is: 109s
You played : S 5 26 M 5 29
S 5 26 True
M 5 29 True
Player 2 played : S 2 5 M 4 9
S 2 5 True
M 4 9 True
Time remaining is: 108s
You played : S 3 17 M 3 0
S 3 17 True
M 3 0 True
Player 2 played : S 3 13 M 4 21
S 3 13 True
M 4 21 True
Time remaining is: 107s
You played : S 3 0 M 3 3
S 3 0 True
M 3 3 True
Player 2 played : S 4 9 M 4 12
S 4 9 True
M 4 12 True
Time remaining is: 106s
You played : S 5 29 M 4 1
S 5 29 True
M 4 1 True
Player 2 played : S 4 21 M 2 11
S 4 21 True
M 2 11 True
Time remaining is: 106s
You played : S 4 1 M 3 8
S 4 1 True
M 3 8 True
Player 2 played : S 1 0 M 1 5
S 1 0 True
M 1 5 True
Time remaining is: 105s
You played : S 3 8 M 5 23
S 3 8 True
M 5 23 True
Player 2 played : S 1 5 M 4 13
S 1 5 True
M 4 13 True
Time remaining is: 105s
You played : S 2 3 M 4 7
S 2 3 True
M 4 7 True
Player 2 played : S 3 12 M 3 14 RS 2 1 RE 3 13 X 4 12
S 3 12 True
M 3 14 True
RS 2 1 True
RE 3 13 True
X 4 12 True
Time remaining is: 104s
You played : S 4 7 M 5 9
S 4 7 True
M 5 9 True
Player 2 played : S 4 16 M 5 19
S 4 16 True
M 5 19 True
Time remaining is: 104s
You played : S 5 9 M 5 8 RS 1 1 RE 5 9 X 3 3
S 5 9 True
M 5 8 True
RS 1 1 True
RE 5 9 True
X 3 3 True
YOU WIN!
Your Score : 9.018
Opponent's Score : 1.011
