***********************************

-> You are player 1
-> You are alloted a time of 120s

***********************************

Time remaining is: 120s
You played : P 0 0
P 0 0 True
Player 2 played : P 3 15
P 3 15 True
Time remaining is: 120s
You played : P 1 0
P 1 0 True
Player 2 played : P 4 4
P 4 4 True
Time remaining is: 120s
You played : P 1 1
P 1 1 True
Player 2 played : P 5 7
P 5 7 True
Time remaining is: 120s
You played : P 1 2
P 1 2 True
Player 2 played : P 4 14
P 4 14 True
Time remaining is: 120s
You played : P 1 3
P 1 3 True
Player 2 played : P 2 11
P 2 11 True
Time remaining is: 120s
You played : S 0 0 M 1 5
S 0 0 True
M 1 5 True
Player 2 played : S 4 14 M 5 17
S 4 14 True
M 5 17 True
Time remaining is: 120s
You played : S 1 0 M 2 0
S 1 0 True
M 2 0 True
Player 2 played : S 5 17 M 4 13
S 5 17 True
M 4 13 True
Time remaining is: 119s
You played : S 1 3 M 4 12
S 1 3 True
M 4 12 True
Player 2 played : S 3 15 M 5 18
S 3 15 True
M 5 18 True
Time remaining is: 115s
You played : S 1 5 M 4 20
S 1 5 True
M 4 20 True
Player 2 played : S 5 18 M 4 21
S 5 18 True
M 4 21 True
Time remaining is: 114s
You played : S 1 2 M 2 4
S 1 2 True
M 2 4 True
Player 2 played : S 4 21 M 4 22
S 4 21 True
M 4 22 True
Time remaining is: 112s
You played : S 2 4 M 2 5
S 2 4 True
M 2 5 True
Player 2 played : S 2 11 M 2 10
S 2 11 True
M 2 10 True
Time remaining is: 111s
You played : S 2 0 M 3 17 RS 3 0 RE 1 3 X 4 12
S 2 0 True
M 3 17 True
RS 3 0 False
INVALID MOVE ON THIS CLIENT
