***********************************

-> You are player 2
-> You are alloted a time of 120s

***********************************

Player 1 played : P 0 0
P 0 0 True
Time remaining is: 120s
You played : P 3 15
P 3 15 True
Player 1 played : P 1 0
P 1 0 True
Time remaining is: 120s
You played : P 4 4
P 4 4 True
Player 1 played : P 1 1
P 1 1 True
Time remaining is: 120s
You played : P 5 7
P 5 7 True
Player 1 played : P 1 2
P 1 2 True
Time remaining is: 120s
You played : P 4 14
P 4 14 True
Player 1 played : P 1 3
P 1 3 True
Time remaining is: 120s
You played : P 2 11
P 2 11 True
Player 1 played : S 0 0 M 1 5
S 0 0 True
M 1 5 True
Time remaining is: 120s
You played : S 4 14 M 5 17
S 4 14 True
M 5 17 True
Player 1 played : S 1 0 M 2 0
S 1 0 True
M 2 0 True
Time remaining is: 120s
You played : S 5 17 M 4 13
S 5 17 True
M 4 13 True
Player 1 played : S 1 3 M 4 12
S 1 3 True
M 4 12 True
Time remaining is: 120s
You played : S 3 15 M 5 18
S 3 15 True
M 5 18 True
Player 1 played : S 1 5 M 4 20
S 1 5 True
M 4 20 True
Time remaining is: 120s
You played : S 5 18 M 4 21
S 5 18 True
M 4 21 True
Player 1 played : S 1 2 M 2 4
S 1 2 True
M 2 4 True
Time remaining is: 120s
You played : S 4 21 M 4 22
S 4 21 True
M 4 22 True
Player 1 played : S 2 4 M 2 5
S 2 4 True
M 2 5 True
Time remaining is: 120s
You played : S 2 11 M 2 10
S 2 11 True
M 2 10 True
ERROR : INVALID MOVE BY PLAYER 1 : Player 1 SCORE : 0.007 : Player 2 SCORE : 10.006 ,ON OTHER CLIENT
