***********************************

-> You are player 1
-> You are alloted a time of 120s

***********************************

Time remaining is: 120s
You played : P 2 3
P 2 3 True
Player 2 played : P 0 0
P 0 0 True
Time remaining is: 120s
You played : P 2 1
P 2 1 True
Player 2 played : P 1 0
P 1 0 True
Time remaining is: 120s
You played : P 1 1
P 1 1 True
Player 2 played : P 1 3
P 1 3 True
Time remaining is: 120s
You played : P 2 11
P 2 11 True
Player 2 played : P 1 5
P 1 5 True
Time remaining is: 120s
You played : P 1 2
P 1 2 True
Player 2 played : P 1 4
P 1 4 True
Time remaining is: 120s
You played : S 2 3 M 2 4
S 2 3 True
M 2 4 True
Player 2 played : S 1 0 M 2 0
S 1 0 True
M 2 0 True
Time remaining is: 117s
You played : S 2 4 M 3 7
S 2 4 True
M 3 7 True
Player 2 played : S 1 3 M 2 5
S 1 3 True
M 2 5 True
Time remaining is: 114s
You played : S 3 7 M 4 10
S 3 7 True
M 4 10 True
Player 2 played : S 2 5 M 4 9
S 2 5 True
M 4 9 True
Time remaining is: 112s
You played : S 1 1 M 2 2
S 1 1 True
M 2 2 True
Player 2 played : S 4 9 M 4 8
S 4 9 True
M 4 8 True
Time remaining is: 108s
You played : S 1 2 M 2 7
S 1 2 True
M 2 7 True
Player 2 played : S 0 0 M 2 6
S 0 0 True
M 2 6 True
Time remaining is: 105s
You played : S 2 1 M 3 8
S 2 1 True
M 3 8 True
Player 2 played : S 2 6 M 3 5
S 2 6 True
M 3 5 True
Time remaining is: 101s
You played : S 3 8 M 3 1
S 3 8 True
M 3 1 True
Player 2 played : S 1 4 M 2 8
S 1 4 True
M 2 8 True
Time remaining is: 97s
You played : S 2 7 M 3 10
S 2 7 True
M 3 10 True
Player 2 played : S 3 5 M 3 4
S 3 5 True
M 3 4 True
Time remaining is: 93s
You played : S 4 10 M 4 11
S 4 10 True
M 4 11 True
Player 2 played : S 3 4 M 3 11
S 3 4 True
M 3 11 True
Time remaining is: 88s
You played : S 4 11 M 3 9
S 4 11 True
M 3 9 True
Player 2 played : S 2 8 M 3 12
S 2 8 True
M 3 12 True
Time remaining is: 84s
You played : S 3 1 M 3 2
S 3 1 True
M 3 2 True
Player 2 played : S 2 0 M 4 2
S 2 0 True
M 4 2 True
Time remaining is: 80s
ERROR : THIS CLIENT RAN OUT OF TIME!
