***********************************

-> You are player 2
-> You are alloted a time of 120s

***********************************

Player 1 played : P 0 0
P 0 0 True
Time remaining is: 120s
You played : P 1 0
P 1 0 True
Player 1 played : P 5 21
P 5 21 True
Time remaining is: 120s
You played : P 1 1
P 1 1 True
Player 1 played : P 4 16
P 4 16 True
Time remaining is: 120s
You played : P 1 2
P 1 2 True
Player 1 played : P 2 11
P 2 11 True
Time remaining is: 120s
You played : P 1 3
P 1 3 True
Player 1 played : P 2 3
P 2 3 True
Time remaining is: 120s
You played : P 1 4
P 1 4 True
Player 1 played : S 5 21 M 5 22
S 5 21 True
M 5 22 True
Time remaining is: 120s
You played : S 1 0 M 2 0
S 1 0 True
M 2 0 True
Player 1 played : S 4 16 M 4 17
S 4 16 True
M 4 17 True
Time remaining is: 119s
You played : S 1 1 M 2 1
S 1 1 True
M 2 1 True
Player 1 played : S 4 17 M 3 13
S 4 17 True
M 3 13 True
Time remaining is: 118s
You played : S 2 1 M 3 2
S 2 1 True
M 3 2 True
Player 1 played : S 3 13 M 2 9
S 3 13 True
M 2 9 True
Time remaining is: 117s
You played : S 2 11 M 1 5
S 2 11 False
INVALID MOVE ON THIS CLIENT
