***********************************

-> You are player 1
-> You are alloted a time of 120s

***********************************

Time remaining is: 120s
You played : P 0 0
P 0 0 True
Player 2 played : P 5 21
P 5 21 True
Time remaining is: 120s
You played : P 1 3
P 1 3 True
Player 2 played : P 4 16
P 4 16 True
Time remaining is: 120s
You played : P 1 0
P 1 0 True
Player 2 played : P 2 11
P 2 11 True
Time remaining is: 120s
You played : P 1 5
P 1 5 True
Player 2 played : P 2 3
P 2 3 True
Time remaining is: 120s
You played : P 1 2
P 1 2 True
Player 2 played : P 4 20
P 4 20 True
Time remaining is: 120s
You played : S 1 5 M 2 7
S 1 5 True
M 2 7 True
Player 2 played : S 5 21 M 5 22
S 5 21 True
M 5 22 True
Time remaining is: 120s
You played : S 1 0 M 4 0
S 1 0 True
M 4 0 True
Player 2 played : S 5 22 M 5 23
S 5 22 True
M 5 23 True
Time remaining is: 120s
You played : S 1 3 M 4 12
S 1 3 True
M 4 12 True
Player 2 played : S 5 23 M 5 24
S 5 23 True
M 5 24 True
Time remaining is: 119s
You played : S 1 2 M 4 8
S 1 2 True
M 4 8 True
Player 2 played : S 5 24 M 2 5
S 5 24 True
M 2 5 True
Time remaining is: 119s
You played : S 2 7 M 1 4
S 2 7 True
M 1 4 True
Player 2 played : S 4 16 M 4 17
S 4 16 True
M 4 17 True
Time remaining is: 117s
You played : S 0 0 M 2 6
S 0 0 True
M 2 6 True
Player 2 played : S 4 17 M 3 13
S 4 17 True
M 3 13 True
Time remaining is: 115s
You played : S 1 4 M 4 19
S 1 4 True
M 4 19 True
Player 2 played : S 2 3 M 3 11
S 2 3 True
M 3 11 True
Time remaining is: 114s
You played : S 4 8 M 2 10
S 4 8 True
M 2 10 True
Player 2 played : S 3 11 M 2 9
S 3 11 True
M 2 9 True
Time remaining is: 113s
You played : S 2 6 M 2 8
S 2 6 True
M 2 8 True
Player 2 played : S 3 13 M 4 18
S 3 13 True
M 4 18 True
Time remaining is: 113s
You played : S 4 19 M 3 14
S 4 19 True
M 3 14 True
Player 2 played : S 2 5 M 1 1
S 2 5 True
M 1 1 True
Time remaining is: 112s
You played : S 2 8 M 4 14
S 2 8 True
M 4 14 True
Player 2 played : S 2 9 M 3 7 RS 5 21 RE 1 5 X 4 20
S 2 9 True
M 3 7 True
RS 5 21 True
RE 1 5 True
X 4 20 True
Time remaining is: 112s
You played : S 2 10 M 2 4
S 2 10 True
M 2 4 True
Player 2 played : S 2 11 M 3 10
S 2 11 True
M 3 10 True
Time remaining is: 105s
You played : S 4 0 M 4 20
S 4 0 True
M 4 20 True
Player 2 played : S 4 18 M 3 13
S 4 18 True
M 3 13 True
Time remaining is: 101s
You played : S 4 20 M 5 1
S 4 20 True
M 5 1 True
Player 2 played : S 3 10 M 3 9
S 3 10 True
M 3 9 True
Time remaining is: 97s
You played : S 3 14 M 2 0
S 3 14 True
M 2 0 True
Player 2 played : S 3 7 M 2 9
S 3 7 True
M 2 9 True
Time remaining is: 95s
You played : S 2 4 M 3 6
S 2 4 True
M 3 6 True
Player 2 played : S 3 13 M 3 15
S 3 13 True
M 3 15 True
Time remaining is: 92s
You played : S 3 6 M 3 8 RS 0 0 RE 4 8 X 5 1
S 3 6 True
M 3 8 True
RS 0 0 True
RE 4 8 True
X 5 1 True
Player 2 played : S 2 9 M 2 1 RS 3 14 RE 2 5 X 3 9
S 2 9 True
M 2 1 True
RS 3 14 True
RE 2 5 True
X 3 9 True
Time remaining is: 86s
You played : S 2 0 M 0 0
S 2 0 True
M 0 0 True
Player 2 played : S 3 15 M 3 14
S 3 15 True
M 3 14 True
Time remaining is: 86s
You played : S 0 0 M 1 4
S 0 0 True
M 1 4 True
Player 2 played : S 3 14 M 4 21
S 3 14 True
M 4 21 True
Time remaining is: 84s
You played : S 4 12 M 5 16
S 4 12 True
M 5 16 True
Player 2 played : S 1 1 M 3 16 RS 5 22 RE 2 11 X 3 16
S 1 1 True
M 3 16 True
RS 5 22 True
RE 2 11 True
X 3 16 True
OTHER PLAYER WINS!
Your Score : 1.01
Opponent's Score : 9.01
