***********************************

-> You are player 2
-> You are alloted a time of 120s

***********************************

Player 1 played : P 0 0
P 0 0 True
Time remaining is: 120s
You played : P 3 6
P 3 6 True
Player 1 played : P 1 0
P 1 0 True
Time remaining is: 120s
You played : P 3 9
P 3 9 True
Player 1 played : P 1 1
P 1 1 True
Time remaining is: 120s
You played : P 5 11
P 5 11 True
Player 1 played : P 1 2
P 1 2 True
Time remaining is: 120s
You played : P 4 20
P 4 20 True
Player 1 played : P 1 3
P 1 3 True
Time remaining is: 120s
You played : P 1 5
P 1 5 True
Player 1 played : S 0 0 M 1 4
S 0 0 True
M 1 4 True
Time remaining is: 120s
You played : S 3 9 M 4 12
S 3 9 True
M 4 12 True
Player 1 played : S 1 1 M 2 2
S 1 1 True
M 2 2 True
Time remaining is: 120s
You played : S 4 12 M 5 16
S 4 12 True
M 5 16 True
Player 1 played : S 1 4 M 2 7
S 1 4 True
M 2 7 True
Time remaining is: 120s
You played : S 5 16 M 4 13
S 5 16 True
M 4 13 True
Player 1 played : S 2 2 M 3 3
S 2 2 True
M 3 3 True
Time remaining is: 120s
You played : S 4 13 M 3 10
S 4 13 True
M 3 10 True
Player 1 played : S 1 3 M 2 9
S 1 3 True
M 2 9 True
Time remaining is: 120s
You played : S 3 10 M 5 18
S 3 10 True
M 5 18 True
Player 1 played : S 1 2 M 2 4
S 1 2 True
M 2 4 True
Time remaining is: 120s
You played : S 5 18 M 4 14
S 5 18 True
M 4 14 True
ERROR : INVALID MOVE BY PLAYER 1 : Player 1 SCORE : 0.006 : Player 2 SCORE : 10.007 ,ON OTHER CLIENT
