***********************************

-> You are player 1
-> You are alloted a time of 120s

***********************************

Time remaining is: 120s
You played : P 0 0
P 0 0 True
Player 2 played : P 5 29
P 5 29 True
Time remaining is: 120s
You played : P 1 4
P 1 4 True
Player 2 played : P 5 28
P 5 28 True
Time remaining is: 119s
You played : P 1 5
P 1 5 True
Player 2 played : P 5 27
P 5 27 True
Time remaining is: 118s
You played : P 1 3
P 1 3 True
Player 2 played : P 5 26
P 5 26 True
Time remaining is: 118s
You played : P 2 8
P 2 8 True
Player 2 played : P 5 1
P 5 1 True
Time remaining is: 117s
You played : S 0 0 M 1 0
S 0 0 True
M 1 0 True
Player 2 played : S 5 29 M 3 17
S 5 29 True
M 3 17 True
Time remaining is: 110s
You played : S 1 0 M 1 1
S 1 0 True
M 1 1 True
Player 2 played : S 3 17 M 2 11
S 3 17 True
M 2 11 True
Time remaining is: 96s
You played : S 1 4 M 2 9
S 1 4 True
M 2 9 True
Player 2 played : S 5 27 M 3 13
S 5 27 True
M 3 13 True
Time remaining is: 79s
You played : S 1 3 M 2 6
S 1 3 True
M 2 6 True
Player 2 played : S 5 26 M 5 19
S 5 26 True
M 5 19 True
Time remaining is: 68s
You played : S 2 8 M 2 7
S 2 8 True
M 2 7 True
Player 2 played : S 5 19 M 5 18
S 5 19 True
M 5 18 True
Time remaining is: 60s
You played : S 2 7 M 3 10
S 2 7 True
M 3 10 True
Player 2 played : S 5 28 M 4 5
S 5 28 True
M 4 5 True
Time remaining is: 53s
You played : S 3 10 M 3 11
S 3 10 True
M 3 11 True
Player 2 played : S 5 1 M 4 23
S 5 1 True
M 4 23 True
Time remaining is: 42s
You played : S 2 9 M 2 10
S 2 9 True
M 2 10 True
Player 2 played : S 4 23 M 4 21
S 4 23 True
M 4 21 True
Time remaining is: 35s
You played : S 2 10 M 3 14
S 2 10 True
M 3 14 True
Player 2 played : S 4 21 M 4 0
S 4 21 True
M 4 0 True
Time remaining is: 27s
You played : S 1 1 M 1 2
S 1 1 True
M 1 2 True
Player 2 played : S 4 0 M 4 22
S 4 0 True
M 4 22 True
Time remaining is: 27s
You played : S 3 11 M 4 14
S 3 11 True
M 4 14 True
Player 2 played : S 4 22 M 3 16 RS 4 21 RE 5 1 X 3 13
S 4 22 True
M 3 16 True
RS 4 21 True
RE 5 1 True
X 3 13 True
Time remaining is: 27s
You played : S 1 2 M 2 3
S 1 2 True
M 2 3 True
Player 2 played : S 4 5 M 3 3
S 4 5 True
M 3 3 True
Time remaining is: 26s
You played : S 3 14 M 3 12
S 3 14 True
M 3 12 True
Player 2 played : S 3 16 M 4 21
S 3 16 True
M 4 21 True
Time remaining is: 25s
You played : S 3 12 M 4 15 RS 3 12 RE 1 1 X 2 3
S 3 12 True
M 4 15 True
RS 3 12 True
RE 1 1 True
X 2 3 True
Player 2 played : S 4 21 M 4 22
S 4 21 True
M 4 22 True
Time remaining is: 23s
You played : S 4 15 M 3 12 RS 4 15 RE 1 2 X 3 12
S 4 15 True
M 3 12 True
RS 4 15 True
RE 1 2 True
X 3 12 True
Player 2 played : S 2 11 M 1 1 RS 5 26 RE 1 0 X 5 18
S 2 11 True
M 1 1 True
RS 5 26 True
RE 1 0 True
X 5 18 True
Time remaining is: 23s
You played : S 1 5 M 2 11
S 1 5 True
M 2 11 True
Player 2 played : S 4 22 M 3 16
S 4 22 True
M 3 16 True
Time remaining is: 22s
You played : S 2 6 M 2 8
S 2 6 True
M 2 8 True
Player 2 played : S 1 1 M 0 0
S 1 1 True
M 0 0 True
Time remaining is: 22s
You played : S 4 14 M 5 18
S 4 14 True
M 5 18 True
Player 2 played : S 3 3 M 2 2
S 3 3 True
M 2 2 True
Time remaining is: 22s
You played : S 2 11 M 1 0
S 2 11 True
M 1 0 True
Player 2 played : S 2 2 M 2 0
S 2 2 True
M 2 0 True
Time remaining is: 22s
You played : S 1 0 M 3 2
S 1 0 True
M 3 2 True
Player 2 played : S 2 0 M 2 1
S 2 0 True
M 2 1 True
Time remaining is: 22s
You played : S 5 18 M 3 13
S 5 18 True
M 3 13 True
Player 2 played : S 0 0 M 3 15
S 0 0 True
M 3 15 True
Time remaining is: 22s
You played : S 2 8 M 2 7
S 2 8 True
M 2 7 True
Player 2 played : S 2 1 M 1 2 RS 4 22 RE 2 2 X 3 16
S 2 1 True
M 1 2 True
RS 4 22 True
RE 2 2 True
X 3 16 True
OTHER PLAYER WINS!
Your Score : 2.01
Opponent's Score : 8.009
