120
***********************************

-> You are player 1
-> You are alloted a time of 120s

***********************************

Time remaining is: 120s
You played : P 0 0
P 0 0 True
Player 2 played : P 1 0
P 1 0 True
Time remaining is: 120s
You played : P 5 21
P 5 21 True
Player 2 played : P 1 3
P 1 3 True
Time remaining is: 120s
You played : P 4 16
P 4 16 True
Player 2 played : P 1 2
P 1 2 True
Time remaining is: 120s
You played : P 2 11
P 2 11 True
Player 2 played : P 5 6
P 5 6 True
Time remaining is: 120s
You played : P 2 3
P 2 3 True
Player 2 played : P 5 4
P 5 4 True
Time remaining is: 120s
You played : S 5 21 M 5 22
S 5 21 True
M 5 22 True
Player 2 played : S 1 3 M 1 4
S 1 3 True
M 1 4 True
Time remaining is: 120s
You played : S 5 22 M 5 23
S 5 22 True
M 5 23 True
Player 2 played : S 1 4 M 2 7
S 1 4 True
M 2 7 True
Time remaining is: 119s
You played : S 5 23 M 5 24
S 5 23 True
M 5 24 True
Player 2 played : S 1 2 M 2 5
S 1 2 True
M 2 5 True
Time remaining is: 119s
You played : S 5 24 M 4 19
S 5 24 True
M 4 19 True
Player 2 played : S 5 6 M 5 8
S 5 6 True
M 5 8 True
Time remaining is: 118s
You played : S 4 19 M 3 14
S 4 19 True
M 3 14 True
Player 2 played : S 1 0 M 1 5
S 1 0 True
M 1 5 True
Time remaining is: 118s
You played : S 3 14 M 2 9
S 3 14 True
M 2 9 True
Player 2 played : S 2 7 M 3 11
S 2 7 True
M 3 11 True
Time remaining is: 107s
You played : S 0 0 M 2 8
S 0 0 True
M 2 8 True
Player 2 played : S 3 11 M 4 15
S 3 11 True
M 4 15 True
Time remaining is: 87s
You played : S 2 8 M 2 6
S 2 8 True
M 2 6 True
Player 2 played : S 1 5 M 3 10
S 1 5 True
M 3 10 True
Time remaining is: 83s
You played : S 2 6 M 3 13
S 2 6 True
M 3 13 True
Player 2 played : S 5 4 M 2 1
S 5 4 True
M 2 1 True
Time remaining is: 80s
You played : S 4 16 M 1 1
S 4 16 True
M 1 1 True
Player 2 played : S 4 15 M 4 14
S 4 15 True
M 4 14 True
Time remaining is: 77s
You played : S 3 13 M 4 18
S 3 13 True
M 4 18 True
Player 2 played : S 2 5 M 2 4
S 2 5 True
M 2 4 True
Time remaining is: 72s
You played : S 4 18 M 4 17 RS 4 18 RE 2 6 X 4 17
S 4 18 True
M 4 17 True
RS 4 18 True
RE 2 6 True
X 4 17 True
Player 2 played : S 3 10 M 2 7
S 3 10 True
M 2 7 True
Time remaining is: 68s
You played : S 2 9 M 3 7
S 2 9 True
M 3 7 True
Player 2 played : S 4 14 M 2 8
S 4 14 True
M 2 8 True
Time remaining is: 65s
You played : S 3 7 M 3 9
S 3 7 True
M 3 9 True
Player 2 played : S 5 8 M 3 8
S 5 8 True
M 3 8 True
Time remaining is: 62s
You played : S 3 9 M 2 6
S 3 9 True
M 2 6 True
Player 2 played : S 3 8 M 4 11
S 3 8 True
M 4 11 True
Time remaining is: 61s
You played : S 2 11 M 2 10
S 2 11 True
M 2 10 True
Player 2 played : S 4 11 M 3 12
S 4 11 True
M 3 12 True
Time remaining is: 59s
You played : S 1 1 M 2 2
S 1 1 True
M 2 2 True
Player 2 played : S 3 12 M 3 15
S 3 12 True
M 3 15 True
Time remaining is: 57s
You played : S 2 6 M 4 12
S 2 6 True
M 4 12 True
Player 2 played : S 2 8 M 4 18
S 2 8 True
M 4 18 True
Time remaining is: 53s
You played : S 4 12 M 4 13
S 4 12 True
M 4 13 True
Player 2 played : S 2 1 M 5 14 RS 3 12 RE 1 1 X 2 4
S 2 1 True
M 5 14 True
RS 3 12 True
RE 1 1 True
X 2 4 True
Time remaining is: 51s
You played : S 2 2 M 3 2
S 2 2 True
M 3 2 True
Player 2 played : S 4 18 M 4 20
S 4 18 True
M 4 20 True
Time remaining is: 51s
You played : S 3 2 M 3 13
S 3 2 True
M 3 13 True
Player 2 played : S 5 14 M 5 13
S 5 14 True
M 5 13 True
Time remaining is: 50s
You played : S 3 13 M 3 12
S 3 13 True
M 3 12 True
Player 2 played : S 2 7 M 2 8
S 2 7 True
M 2 8 True
Time remaining is: 49s
You played : S 4 13 M 1 4
S 4 13 True
M 1 4 True
Player 2 played : S 3 15 M 3 16
S 3 15 True
M 3 16 True
Time remaining is: 47s
You played : S 2 3 M 2 4
S 2 3 True
M 2 4 True
Player 2 played : S 3 16 M 1 1
S 3 16 True
M 1 1 True
Time remaining is: 45s
You played : S 2 4 M 4 10 RS 3 7 RE 3 2 X 3 12
S 2 4 True
M 4 10 True
RS 3 7 True
RE 3 2 True
X 3 12 True
Player 2 played : S 1 1 M 2 3
S 1 1 True
M 2 3 True
Time remaining is: 44s
You played : S 1 4 M 2 2
S 1 4 True
M 2 2 True
Player 2 played : S 2 3 M 5 19
S 2 3 True
M 5 19 True
Time remaining is: 43s
You played : S 4 10 M 5 9
S 4 10 True
M 5 9 True
Player 2 played : S 5 13 M 3 12 RS 3 11 RE 2 3 X 4 20
S 5 13 True
M 3 12 True
RS 3 11 True
RE 2 3 True
X 4 20 True
Time remaining is: 43s
You played : S 5 9 M 4 21
S 5 9 True
M 4 21 True
Player 2 played : S 5 19 M 4 17
S 5 19 True
M 4 17 True
Time remaining is: 43s
You played : S 2 2 M 3 2
S 2 2 True
M 3 2 True
Player 2 played : S 3 12 M 5 18
S 3 12 True
M 5 18 True
Time remaining is: 42s
You played : S 2 10 M 4 22
S 2 10 True
M 4 22 True
Player 2 played : S 4 17 M 3 11 RS 5 19 RE 4 19 X 3 11
S 4 17 True
M 3 11 True
RS 5 19 True
RE 4 19 True
X 3 11 True
OTHER PLAYER WINS!
Your Score : 2.02
Opponent's Score : 8.015
