conversion:0 -3
player_id:2
5
Get other player's move
PLY COUNTER:1 MAX_LIMIT:0.9
p:0

 us_time_left:120
move received:P 1 2
PLY COUNTER:2 MAX_LIMIT:0.9
p:0
p:1

 us_time_left:120
move received:P 2 4
PLY COUNTER:3 MAX_LIMIT:0.9
p:0
p:1
p:2
p:3

 us_time_left:120
move received:P 2 6
PLY COUNTER:4 MAX_LIMIT:0.9
p:0
p:1
p:2
p:3
p:4

 us_time_left:120
move received:P 2 7
PLY COUNTER:5 MAX_LIMIT:0.9
p:0
p:1
p:2
p:3
p:4
p:5

 us_time_left:120
move received:S 2 4 M 4 6
PLY COUNTER:6 MAX_LIMIT:0.9
MAX_DEPTH ALLOWED:8
ID DEPTH: 1 underway:best action score: 0
time spent:0.001536
prune_counter:0
MAX_DEPTH ALLOWED:8
ID DEPTH: 2 underway:best action score: -13
time spent:0.027051
prune_counter:38
MAX_DEPTH ALLOWED:8
ID DEPTH: 3 underway:best action score: 26
time spent:0.183462
prune_counter:166
MAX_DEPTH ALLOWED:8
ID DEPTH: 4 underway:best action score: -40
time spent:3.63483
prune_counter:5892

DECISION TIME:3.63485s prune counter:5892

time remaining: 116


 us_time_left:120
move received:S 2 6 M 4 10
PLY COUNTER:7 MAX_LIMIT:0.9
MAX_DEPTH ALLOWED:8
ID DEPTH: 1 underway:best action score: 38
time spent:0.001877
prune_counter:0
MAX_DEPTH ALLOWED:8
ID DEPTH: 2 underway:best action score: -1
time spent:0.025209
prune_counter:40
MAX_DEPTH ALLOWED:8
ID DEPTH: 3 underway:best action score: 41
time spent:0.147973
prune_counter:155
MAX_DEPTH ALLOWED:8
ID DEPTH: 4 underway:best action score: -26
time spent:3.73218
prune_counter:5668

DECISION TIME:3.7322s prune counter:5668

time remaining: 112


 us_time_left:120
move received:S 4 6 M 3 5
PLY COUNTER:8 MAX_LIMIT:0.9
MAX_DEPTH ALLOWED:8
ID DEPTH: 1 underway:best action score: 38
time spent:0.001647
prune_counter:0
MAX_DEPTH ALLOWED:8
ID DEPTH: 2 underway:best action score: -13
time spent:0.021885
prune_counter:38
MAX_DEPTH ALLOWED:8
ID DEPTH: 3 underway:best action score: 53
time spent:0.369628
prune_counter:353
MAX_DEPTH ALLOWED:8
ID DEPTH: 4 underway:best action score: -52
time spent:1.88002
prune_counter:3030

DECISION TIME:1.88004s prune counter:3030

time remaining: 110


 us_time_left:120
move received:S 1 2 M 2 1
PLY COUNTER:9 MAX_LIMIT:0.9
MAX_DEPTH ALLOWED:8
ID DEPTH: 1 underway:best action score: 51
time spent:0.001585
prune_counter:0
MAX_DEPTH ALLOWED:8
ID DEPTH: 2 underway:best action score: -49
time spent:0.029762
prune_counter:40
MAX_DEPTH ALLOWED:8
ID DEPTH: 3 underway:best action score: 77
time spent:0.184273
prune_counter:134
MAX_DEPTH ALLOWED:8
ID DEPTH: 4 underway:best action score: -78
time spent:2.56563
prune_counter:4422

DECISION TIME:2.56565s prune counter:4422

time remaining: 107


 us_time_left:120
move received:S 2 1 M 4 3
PLY COUNTER:10 MAX_LIMIT:0.9
MAX_DEPTH ALLOWED:8
ID DEPTH: 1 underway:best action score: 512
time spent:0.00125
prune_counter:0
MAX_DEPTH ALLOWED:8
ID DEPTH: 2 underway:best action score: 76
time spent:0.021991
prune_counter:45
MAX_DEPTH ALLOWED:8
ID DEPTH: 3 underway:best action score: 498
time spent:0.203601
prune_counter:181
MAX_DEPTH ALLOWED:8
ID DEPTH: 4 underway:best action score: 28
time spent:1.76123
prune_counter:3230

DECISION TIME:1.76124s prune counter:3230

time remaining: 105


 us_time_left:120
move received:S 4 10 M 3 7
PLY COUNTER:11 MAX_LIMIT:0.9
MAX_DEPTH ALLOWED:8
ID DEPTH: 1 underway:best action score: 551
time spent:0.002243
prune_counter:0
MAX_DEPTH ALLOWED:8
ID DEPTH: 2 underway:best action score: 292
time spent:0.024604
prune_counter:37
MAX_DEPTH ALLOWED:8
ID DEPTH: 3 underway:best action score: 498
time spent:0.14095
prune_counter:142
MAX_DEPTH ALLOWED:8
ID DEPTH: 4 underway:best action score: 23
time spent:4.31626
prune_counter:6585

DECISION TIME:4.31628s prune counter:6585

time remaining: 100


 us_time_left:120
move received:S 2 7 M 2 11
PLY COUNTER:12 MAX_LIMIT:0.9
MAX_DEPTH ALLOWED:8
ID DEPTH: 1 underway:best action score: 406
time spent:0.001947
prune_counter:0
MAX_DEPTH ALLOWED:8
ID DEPTH: 2 underway:best action score: -81
time spent:0.026153
prune_counter:36
MAX_DEPTH ALLOWED:8
ID DEPTH: 3 underway:best action score: 10
time spent:0.364849
prune_counter:384
MAX_DEPTH ALLOWED:8
ID DEPTH: 4 underway:best action score: -236
time spent:2.14646
prune_counter:2711

DECISION TIME:2.14647s prune counter:2711

time remaining: 97


 us_time_left:120
move received:S 2 11 M 3 1
PLY COUNTER:13 MAX_LIMIT:0.9
MAX_DEPTH ALLOWED:8
ID DEPTH: 1 underway:best action score: -43
time spent:0.001247
prune_counter:0
MAX_DEPTH ALLOWED:8
ID DEPTH: 2 underway:best action score: -236
time spent:0.021721
prune_counter:36
MAX_DEPTH ALLOWED:8
ID DEPTH: 3 underway:best action score: 522
time spent:0.138596
prune_counter:142
MAX_DEPTH ALLOWED:8
ID DEPTH: 4 underway:best action score: -195
time spent:3.02608
prune_counter:4678

DECISION TIME:3.0261s prune counter:4678

time remaining: 93


 us_time_left:120
move received:S 3 1 M 4 1
PLY COUNTER:14 MAX_LIMIT:0.9
MAX_DEPTH ALLOWED:8
ID DEPTH: 1 underway:best action score: -29
time spent:0.001431
prune_counter:0
MAX_DEPTH ALLOWED:8
ID DEPTH: 2 underway:best action score: -565
time spent:0.032899
prune_counter:32
MAX_DEPTH ALLOWED:8
ID DEPTH: 3 underway:best action score: 112
time spent:0.181323
prune_counter:186
MAX_DEPTH ALLOWED:8
ID DEPTH: 4 underway:best action score: -130
time spent:1.18432
prune_counter:1896

DECISION TIME:1.18433s prune counter:1896

time remaining: 91


 us_time_left:120
move received:S 3 7 M 3 8
PLY COUNTER:15 MAX_LIMIT:0.75
MAX_DEPTH ALLOWED:8
ID DEPTH: 1 underway:best action score: 422
time spent:0.001009
prune_counter:0
MAX_DEPTH ALLOWED:8
ID DEPTH: 2 underway:best action score: -130
time spent:0.015255
prune_counter:23
MAX_DEPTH ALLOWED:8
ID DEPTH: 3 underway:best action score: 457
time spent:0.10524
prune_counter:131
MAX_DEPTH ALLOWED:8
ID DEPTH: 4 underway:best action score: -60
time spent:1.04175
prune_counter:1512

DECISION TIME:1.04177s prune counter:1512

time remaining: 89


 us_time_left:120
move received:S 3 8 M 3 6
PLY COUNTER:16 MAX_LIMIT:0.75
MAX_DEPTH ALLOWED:8
ID DEPTH: 1 underway:best action score: 91
time spent:0.000988
prune_counter:0
MAX_DEPTH ALLOWED:8
ID DEPTH: 2 underway:best action score: -2
time spent:0.014041
prune_counter:22
MAX_DEPTH ALLOWED:8
ID DEPTH: 3 underway:best action score: 904
time spent:0.055024
prune_counter:68
MAX_DEPTH ALLOWED:8
ID DEPTH: 4 underway:best action score: -39
time spent:0.724179
prune_counter:1421
MAX_DEPTH ALLOWED:8
ID DEPTH: 5 underway:best action score: 589
time spent:8.51498
prune_counter:13572

DECISION TIME:8.515s prune counter:13572

time remaining: 80


 us_time_left:120
move received:S 3 6 M 3 9
PLY COUNTER:17 MAX_LIMIT:0.75
MAX_DEPTH ALLOWED:8
ID DEPTH: 1 underway:best action score: 590
time spent:0.00112
prune_counter:0
MAX_DEPTH ALLOWED:8
ID DEPTH: 2 underway:best action score: 25
time spent:0.017695
prune_counter:21
MAX_DEPTH ALLOWED:8
ID DEPTH: 3 underway:best action score: 553
time spent:0.177692
prune_counter:275
MAX_DEPTH ALLOWED:8
ID DEPTH: 4 underway:best action score: 206
time spent:1.07067
prune_counter:1802

DECISION TIME:1.07069s prune counter:1802

time remaining: 78


 us_time_left:120
move received:S 0 0 M 4 8
PLY COUNTER:18 MAX_LIMIT:0.75
MAX_DEPTH ALLOWED:8
ID DEPTH: 1 underway:best action score: 529
time spent:0.001173
prune_counter:0
MAX_DEPTH ALLOWED:8
ID DEPTH: 2 underway:best action score: 128
time spent:0.01946
prune_counter:20
MAX_DEPTH ALLOWED:8
ID DEPTH: 3 underway:best action score: 1353
time spent:0.065089
prune_counter:83
MAX_DEPTH ALLOWED:8
ID DEPTH: 4 underway:best action score: 210
time spent:0.750051
prune_counter:1283
MAX_DEPTH ALLOWED:8
ID DEPTH: 5 underway:best action score: 1116
time spent:7.28971
prune_counter:11359

DECISION TIME:7.28973s prune counter:11359

time remaining: 70


 us_time_left:120
move received:S 4 3 M 3 2
PLY COUNTER:19 MAX_LIMIT:0.75
MAX_DEPTH ALLOWED:8
ID DEPTH: 1 underway:best action score: 529
time spent:0.001209
prune_counter:0
MAX_DEPTH ALLOWED:8
ID DEPTH: 2 underway:best action score: 37
time spent:0.024383
prune_counter:18
MAX_DEPTH ALLOWED:8
ID DEPTH: 3 underway:best action score: 3623
time spent:0.090237
prune_counter:118
MAX_DEPTH ALLOWED:8
ID DEPTH: 4 underway:best action score: 100
time spent:0.624257
prune_counter:905
MAX_DEPTH ALLOWED:8
ID DEPTH: 5 underway:best action score: 955
time spent:2.69091
prune_counter:3802

DECISION TIME:2.69093s prune counter:3802

time remaining: 67


 us_time_left:120
move received:S 3 9 M 5 22
PLY COUNTER:20 MAX_LIMIT:0.75
MAX_DEPTH ALLOWED:8
ID DEPTH: 1 underway:best action score: 956
time spent:0.000767
prune_counter:0
MAX_DEPTH ALLOWED:8
ID DEPTH: 2 underway:best action score: 100
time spent:0.01213
prune_counter:15
MAX_DEPTH ALLOWED:8
ID DEPTH: 3 underway:best action score: 955
time spent:0.042195
prune_counter:72
MAX_DEPTH ALLOWED:8
ID DEPTH: 4 underway:best action score: 150
time spent:0.4429
prune_counter:759
MAX_DEPTH ALLOWED:8
ID DEPTH: 5 underway:best action score: 4919
time spent:2.94317
prune_counter:4353

DECISION TIME:2.94319s prune counter:4353

time remaining: 64


 us_time_left:120
move received:S 3 2 M 4 5
PLY COUNTER:21 MAX_LIMIT:0.75
MAX_DEPTH ALLOWED:8
ID DEPTH: 1 underway:best action score: 855
time spent:0.000659
prune_counter:0
MAX_DEPTH ALLOWED:8
ID DEPTH: 2 underway:best action score: -131
time spent:0.012302
prune_counter:14
MAX_DEPTH ALLOWED:8
ID DEPTH: 3 underway:best action score: 4922
time spent:0.064568
prune_counter:94
MAX_DEPTH ALLOWED:8
ID DEPTH: 4 underway:best action score: 37
time spent:0.560772
prune_counter:910
MAX_DEPTH ALLOWED:8
ID DEPTH: 5 underway:best action score: 4396
time spent:2.9947
prune_counter:3875

DECISION TIME:2.99471s prune counter:3875

time remaining: 61


 us_time_left:120
move received:S 4 5 M 5 4
PLY COUNTER:22 MAX_LIMIT:0.75
MAX_DEPTH ALLOWED:8
ID DEPTH: 1 underway:best action score: 4783
time spent:0.001043
prune_counter:0
MAX_DEPTH ALLOWED:8
ID DEPTH: 2 underway:best action score: 141
time spent:0.018476
prune_counter:16
MAX_DEPTH ALLOWED:8
ID DEPTH: 3 underway:best action score: 4679
time spent:0.067059
prune_counter:78
MAX_DEPTH ALLOWED:8
ID DEPTH: 4 underway:best action score: 4144
time spent:0.321624
prune_counter:632
MAX_DEPTH ALLOWED:8
ID DEPTH: 5 underway:best action score: 5073
time spent:1.73697
prune_counter:2641

DECISION TIME:1.73699s prune counter:2641

time remaining: 59


 us_time_left:120
move received:S 4 1 M 3 17
PLY COUNTER:23 MAX_LIMIT:0.75
MAX_DEPTH ALLOWED:8
ID DEPTH: 1 underway:best action score: 5090
time spent:0.001101
prune_counter:0
MAX_DEPTH ALLOWED:8
ID DEPTH: 2 underway:best action score: 204
time spent:0.014984
prune_counter:20
MAX_DEPTH ALLOWED:8
ID DEPTH: 3 underway:best action score: 5177
time spent:0.062433
prune_counter:79
MAX_DEPTH ALLOWED:8
ID DEPTH: 4 underway:best action score: 4194
time spent:0.329989
prune_counter:621
MAX_DEPTH ALLOWED:8
ID DEPTH: 5 underway:best action score: 5418
time spent:2.06363
prune_counter:3143

DECISION TIME:2.06366s prune counter:3143

time remaining: 56


 us_time_left:120
move received:S 5 22 M 2 10
PLY COUNTER:24 MAX_LIMIT:0.75
MAX_DEPTH ALLOWED:8
ID DEPTH: 1 underway:best action score: 5177
time spent:0.000858
prune_counter:0
MAX_DEPTH ALLOWED:8
ID DEPTH: 2 underway:best action score: 4780
time spent:0.013219
prune_counter:20
MAX_DEPTH ALLOWED:8
ID DEPTH: 3 underway:best action score: 5547
time spent:0.042845
prune_counter:48
MAX_DEPTH ALLOWED:8
ID DEPTH: 4 underway:best action score: 4678
time spent:0.590955
prune_counter:872
MAX_DEPTH ALLOWED:8
ID DEPTH: 5 underway:best action score: 5466
time spent:3.40026
prune_counter:5158

DECISION TIME:3.40027s prune counter:5158

time remaining: 52


 us_time_left:120
move received:S 2 10 M 3 15
PLY COUNTER:25 MAX_LIMIT:0.75
MAX_DEPTH ALLOWED:8
ID DEPTH: 1 underway:best action score: 5624
time spent:0.001584
prune_counter:0
MAX_DEPTH ALLOWED:8
ID DEPTH: 2 underway:best action score: 5227
time spent:0.015207
prune_counter:26
MAX_DEPTH ALLOWED:8
ID DEPTH: 3 underway:best action score: 6086
time spent:0.059229
prune_counter:66
MAX_DEPTH ALLOWED:8
ID DEPTH: 4 underway:best action score: 5073
time spent:0.896822
prune_counter:1526
MAX_DEPTH ALLOWED:8
ID DEPTH: 5 underway:best action score: 5968
time spent:4.13539
prune_counter:5529

DECISION TIME:4.13541s prune counter:5529

time remaining: 47


 us_time_left:120
move received:S 3 17 M 4 13
PLY COUNTER:26 MAX_LIMIT:0.75
MAX_DEPTH ALLOWED:8
ID DEPTH: 1 underway:best action score: 5524
time spent:0.001085
prune_counter:0
MAX_DEPTH ALLOWED:8
ID DEPTH: 2 underway:best action score: 599
time spent:0.029027
prune_counter:27
MAX_DEPTH ALLOWED:8
ID DEPTH: 3 underway:best action score: 6087
time spent:0.069886
prune_counter:74
MAX_DEPTH ALLOWED:8
ID DEPTH: 4 underway:best action score: 652
time spent:0.541813
prune_counter:1021
MAX_DEPTH ALLOWED:8
ID DEPTH: 5 underway:best action score: 5751
time spent:2.55287
prune_counter:3082

DECISION TIME:2.55288s prune counter:3082

time remaining: 44


 us_time_left:120
***********************************

-> You are player 2
-> You are alloted a time of 120s

***********************************

Player 1 played : P 0 0
P 0 0 True
Time remaining is: 120s
You played : P 1 0
P 1 0 True
Player 1 played : P 1 2
P 1 2 True
Time remaining is: 120s
You played : P 1 1
P 1 1 True
Player 1 played : P 2 4
P 2 4 True
Time remaining is: 120s
You played : P 1 3
P 1 3 True
Player 1 played : P 2 6
P 2 6 True
Time remaining is: 120s
You played : P 1 4
P 1 4 True
Player 1 played : P 2 7
P 2 7 True
Time remaining is: 120s
You played : P 1 5
P 1 5 True
Player 1 played : S 2 4 M 4 6
S 2 4 True
M 4 6 True
Time remaining is: 120s
You played : S 1 3 M 2 5
S 1 3 True
M 2 5 True
Player 1 played : S 2 6 M 4 10
S 2 6 True
M 4 10 True
Time remaining is: 117s
You played : S 1 1 M 2 3
S 1 1 True
M 2 3 True
Player 1 played : S 4 6 M 3 5
S 4 6 True
M 3 5 True
Time remaining is: 113s
You played : S 1 4 M 2 8
S 1 4 True
M 2 8 True
Player 1 played : S 1 2 M 2 1
S 1 2 True
M 2 1 True
Time remaining is: 111s
You played : S 2 8 M 3 12
S 2 8 True
M 3 12 True
Player 1 played : S 2 1 M 4 3
S 2 1 True
M 4 3 True
Time remaining is: 109s
You played : S 3 12 M 4 16
S 3 12 True
M 4 16 True
Player 1 played : S 4 10 M 3 7
S 4 10 True
M 3 7 True
Time remaining is: 107s
You played : S 1 5 M 2 9
S 1 5 True
M 2 9 True
Player 1 played : S 2 7 M 2 11
S 2 7 True
M 2 11 True
Time remaining is: 102s
You played : S 2 9 M 3 14
S 2 9 True
M 3 14 True
Player 1 played : S 2 11 M 3 1
S 2 11 True
M 3 1 True
Time remaining is: 100s
You played : S 3 14 M 2 0
S 3 14 True
M 2 0 True
Player 1 played : S 3 1 M 4 1
S 3 1 True
M 4 1 True
Time remaining is: 97s
You played : S 2 0 M 2 2
S 2 0 True
M 2 2 True
Player 1 played : S 3 7 M 3 8
S 3 7 True
M 3 8 True
Time remaining is: 96s
You played : S 2 2 M 5 8
S 2 2 True
M 5 8 True
Player 1 played : S 3 8 M 3 6
S 3 8 True
M 3 6 True
Time remaining is: 95s
You played : S 2 3 M 3 11
S 2 3 True
M 3 11 True
Player 1 played : S 3 6 M 3 9
S 3 6 True
M 3 9 True
Time remaining is: 86s
You played : S 3 11 M 4 17
S 3 11 True
M 4 17 True
Player 1 played : S 0 0 M 4 8
S 0 0 True
M 4 8 True
Time remaining is: 85s
You played : S 4 17 M 3 13
S 4 17 True
M 3 13 True
Player 1 played : S 4 3 M 3 2
S 4 3 True
M 3 2 True
Time remaining is: 78s
You played : S 4 16 M 3 3
S 4 16 True
M 3 3 True
Player 1 played : S 3 9 M 5 22
S 3 9 True
M 5 22 True
Time remaining is: 75s
You played : S 3 3 M 3 4
S 3 3 True
M 3 4 True
Player 1 played : S 3 2 M 4 5
S 3 2 True
M 4 5 True
Time remaining is: 72s
You played : S 3 4 M 5 3
S 3 4 True
M 5 3 True
Player 1 played : S 4 5 M 5 4
S 4 5 True
M 5 4 True
Time remaining is: 69s
You played : S 5 3 M 4 2
S 5 3 True
M 4 2 True
Player 1 played : S 4 1 M 3 17
S 4 1 True
M 3 17 True
Time remaining is: 67s
You played : S 2 5 M 3 10
S 2 5 True
M 3 10 True
Player 1 played : S 5 22 M 2 10
S 5 22 True
M 2 10 True
Time remaining is: 65s
You played : S 3 13 M 4 15
S 3 13 True
M 4 15 True
Player 1 played : S 2 10 M 3 15
S 2 10 True
M 3 15 True
Time remaining is: 62s
You played : S 3 10 M 4 14
S 3 10 True
M 4 14 True
Player 1 played : S 3 17 M 4 13
S 3 17 True
M 4 13 True
Time remaining is: 58s
You played : S 4 2 M 4 18
S 4 2 True
M 4 18 True
