5
3 0
0 0
3 15
0 0
4 15
1 4
1 0
3 11
0.000175
3 11
0.000281
4 7
0 0
0 0
2 11
3 11
0 0
4 8
1 0
2 11
4 10
0.000473
2 8
4 20
4 7
0 0
3 6
2 8
2 3
4 10
0.000639
3 15
1 0
3 3
0.027549
1.26972
2.71065
4.345
5.87122
7.59045
8.86582
10.5602
12.2794
13.1849
15.7352
17.1273
18.0277
19.1309
20.6664
22.0219
23.5264
25.1023
26.496
27.6427
28.8539
29.5345
31.2456
32.3062
34.896
***********************************

-> You are player 2
-> You are alloted a time of 120s

***********************************

Player 1 played : P 0 0
P 0 0 True
Time remaining is: 120s
You played : P 3 15
P 3 15 True
Player 1 played : P 1 5
P 1 5 True
Time remaining is: 117s
You played : P 3 11
P 3 11 True
Player 1 played : P 1 2
P 1 2 True
Time remaining is: 117s
You played : P 4 7
P 4 7 True
Player 1 played : P 3 16
P 3 16 True
Time remaining is: 117s
You played : P 3 6
P 3 6 True
Player 1 played : P 2 10
P 2 10 True
Time remaining is: 117s
You played : P 3 3
P 3 3 True
Player 1 played : S 0 0 M 3 9
S 0 0 True
M 3 9 True
Time remaining is: 117s
You played : S 4 7 M 1 0
S 4 7 True
M 1 0 True
Player 1 played : S 2 10 M 5 22
S 2 10 True
M 5 22 True
Time remaining is: 116s
You played : S 3 6 M 5 8
S 3 6 True
M 5 8 True
Player 1 played : S 3 9 M 3 7
S 3 9 True
M 3 7 True
Time remaining is: 114s
You played : S 5 8 M 5 7
S 5 8 True
M 5 7 True
Player 1 played : S 5 22 M 3 12
S 5 22 True
M 3 12 True
Time remaining is: 113s
You played : S 5 7 M 4 6
S 5 7 True
M 4 6 True
Player 1 played : S 3 7 M 2 3
S 3 7 True
M 2 3 True
Time remaining is: 111s
You played : S 4 6 M 3 5
S 4 6 True
M 3 5 True
Player 1 played : S 2 3 M 3 4
S 2 3 True
M 3 4 True
Time remaining is: 109s
You played : S 3 5 M 2 4
S 3 5 True
M 2 4 True
Player 1 played : S 3 12 M 1 1
S 3 12 True
M 1 1 True
Time remaining is: 108s
You played : S 2 4 M 4 8
S 2 4 True
M 4 8 True
Player 1 played : S 1 1 M 5 9
S 1 1 True
M 5 9 True
Time remaining is: 106s
You played : S 4 8 M 4 5
S 4 8 True
M 4 5 True
Player 1 played : S 5 9 M 5 6
S 5 9 True
M 5 6 True
Time remaining is: 105s
You played : S 4 5 M 4 4
S 4 5 True
M 4 4 True
Player 1 played : S 1 2 M 3 8
S 1 2 True
M 3 8 True
Time remaining is: 104s
You played : S 4 4 M 5 11
S 4 4 True
M 5 11 True
Player 1 played : S 3 8 M 4 10
S 3 8 True
M 4 10 True
Time remaining is: 101s
You played : S 5 11 M 5 12
S 5 11 True
M 5 12 True
Player 1 played : S 4 10 M 2 2
S 4 10 True
M 2 2 True
Time remaining is: 100s
You played : S 5 12 M 5 13
S 5 12 True
M 5 13 True
Player 1 played : S 2 2 M 1 4 RS 4 8 RE 0 0 X 3 16
S 2 2 True
M 1 4 True
RS 4 8 True
RE 0 0 True
X 3 16 True
Time remaining is: 99s
You played : S 5 13 M 5 14
S 5 13 True
M 5 14 True
Player 1 played : S 5 6 M 4 3
S 5 6 True
M 4 3 True
Time remaining is: 98s
You played : S 5 14 M 4 11
S 5 14 True
M 4 11 True
Player 1 played : S 4 3 M 5 4
S 4 3 True
M 5 4 True
Time remaining is: 96s
You played : S 4 11 M 4 9
S 4 11 True
M 4 9 True
Player 1 played : S 5 4 M 4 8
S 5 4 True
M 4 8 True
Time remaining is: 95s
You played : S 4 9 M 4 12
S 4 9 True
M 4 12 True
Player 1 played : S 4 8 M 3 6
S 4 8 True
M 3 6 True
Time remaining is: 93s
You played : S 4 12 M 5 16
S 4 12 True
M 5 16 True
Player 1 played : S 1 4 M 2 5
S 1 4 True
M 2 5 True
Time remaining is: 92s
You played : S 3 11 M 1 2
S 3 11 True
M 1 2 True
Player 1 played : S 2 5 M 2 4
S 2 5 True
M 2 4 True
Time remaining is: 90s
You played : S 1 0 M 3 2
S 1 0 True
M 3 2 True
Player 1 played : S 3 6 M 4 13
S 3 6 True
M 4 13 True
Time remaining is: 89s
You played : S 1 2 M 0 0
S 1 2 True
M 0 0 True
Player 1 played : S 3 4 M 1 3
S 3 4 True
M 1 3 True
Time remaining is: 88s
You played : S 0 0 M 2 8
S 0 0 True
M 2 8 True
Player 1 played : S 1 3 M 2 9
S 1 3 True
M 2 9 True
Time remaining is: 87s
You played : S 2 8 M 4 16
S 2 8 True
M 4 16 True
Player 1 played : S 2 9 M 4 14 RS 3 7 RE 2 9 X 4 14
S 2 9 True
M 4 14 True
RS 3 7 True
RE 2 9 True
X 4 14 True
Time remaining is: 85s
You played : S 4 16 M 1 4
S 4 16 True
M 1 4 True
Player 1 played : S 2 4 M 2 5
S 2 4 True
M 2 5 True
Time remaining is: 84s
You played : S 1 4 M 1 3
S 1 4 True
M 1 3 True
Player 1 played : S 2 5 M 3 7 RS 2 5 RE 5 7 X 4 13
S 2 5 True
M 3 7 True
RS 2 5 True
RE 5 7 True
X 4 13 True
OTHER PLAYER WINS!
Your Score : 0.017
Opponent's Score : 10.017
