***********************************

-> You are player 1
-> You are alloted a time of 120s

***********************************

Time remaining is: 120s
You played : P 5 19
P 5 19 True
Player 2 played : P 0 0
P 0 0 True
Time remaining is: 120s
You played : P 5 6
P 5 6 True
Player 2 played : P 4 17
P 4 17 True
Time remaining is: 120s
You played : P 5 4
P 5 4 True
Player 2 played : P 4 16
P 4 16 True
Time remaining is: 120s
You played : P 1 3
P 1 3 True
Player 2 played : P 1 4
P 1 4 True
Time remaining is: 120s
You played : P 1 2
P 1 2 True
Player 2 played : P 4 1
P 4 1 True
Time remaining is: 120s
You played : S 1 2 M 4 11
S 1 2 True
M 4 11 True
Player 2 played : S 0 0 M 1 0
S 0 0 True
M 1 0 True
Time remaining is: 120s
You played : S 1 3 M 2 5
S 1 3 True
M 2 5 True
Player 2 played : S 1 0 M 2 1
S 1 0 True
M 2 1 True
Time remaining is: 119s
You played : S 4 11 M 4 12
S 4 11 True
M 4 12 True
Player 2 played : S 4 17 M 3 9
S 4 17 True
M 3 9 True
Time remaining is: 119s
You played : S 4 12 M 5 14
S 4 12 True
M 5 14 True
Player 2 played : S 2 1 M 3 2
S 2 1 True
M 3 2 True
Time remaining is: 119s
You played : S 2 5 M 2 6
S 2 5 True
M 2 6 True
Player 2 played : S 3 9 M 5 13
S 3 9 True
M 5 13 True
Time remaining is: 118s
You played : S 5 14 M 3 8
S 5 14 True
M 3 8 True
Player 2 played : S 5 13 M 3 10
S 5 13 True
M 3 10 True
Time remaining is: 117s
You played : S 3 8 M 4 10
S 3 8 True
M 4 10 True
Player 2 played : S 3 10 M 5 16
S 3 10 True
M 5 16 True
Time remaining is: 116s
You played : S 4 10 M 4 9
S 4 10 True
M 4 9 True
Player 2 played : S 3 2 M 4 3
S 3 2 True
M 4 3 True
Time remaining is: 116s
You played : S 2 6 M 2 0
S 2 6 True
M 2 0 True
Player 2 played : S 1 4 M 1 1
S 1 4 True
M 1 1 True
Time remaining is: 115s
You played : S 4 9 M 2 9
S 4 9 True
M 2 9 True
Player 2 played : S 1 1 M 2 11
S 1 1 True
M 2 11 True
Time remaining is: 114s
You played : S 2 0 M 2 2
S 2 0 True
M 2 2 True
Player 2 played : S 4 16 M 2 8
S 4 16 True
M 2 8 True
Time remaining is: 114s
You played : S 5 19 M 2 7
S 5 19 True
M 2 7 True
Player 2 played : S 2 11 M 3 1
S 2 11 True
M 3 1 True
Time remaining is: 103s
You played : S 2 2 M 2 3
S 2 2 True
M 2 3 True
Player 2 played : S 4 1 M 3 16
S 4 1 True
M 3 16 True
Time remaining is: 98s
You played : S 2 3 M 2 4
S 2 3 True
M 2 4 True
Player 2 played : S 4 3 M 1 5
S 4 3 True
M 1 5 True
Time remaining is: 95s
You played : S 5 6 M 4 2
S 5 6 True
M 4 2 True
Player 2 played : S 1 5 M 2 10
S 1 5 True
M 2 10 True
Time remaining is: 92s
You played : S 2 4 M 3 7
S 2 4 True
M 3 7 True
Player 2 played : S 3 16 M 3 5
S 3 16 True
M 3 5 True
Time remaining is: 86s
You played : S 2 9 M 3 14
S 2 9 True
M 3 14 True
Player 2 played : S 5 16 M 4 8
S 5 16 True
M 4 8 True
Time remaining is: 82s
You played : S 3 7 M 3 6
S 3 7 True
M 3 6 True
Player 2 played : S 3 1 M 3 3
S 3 1 True
M 3 3 True
Time remaining is: 76s
You played : S 5 4 M 3 13
S 5 4 True
M 3 13 True
Player 2 played : S 3 5 M 4 21
S 3 5 True
M 4 21 True
Time remaining is: 73s
You played : RS 3 7 RE 3 2 X 4 2 S 3 13 M 4 18
RS 3 7 True
RE 3 2 True
X 4 2 True
S 3 13 True
M 4 18 True
Player 2 played : S 4 8 M 4 7
S 4 8 True
M 4 7 True
Time remaining is: 60s
You played : S 4 18 M 5 22
S 4 18 True
M 5 22 True
Player 2 played : S 2 8 M 5 23
S 2 8 True
M 5 23 True
Time remaining is: 58s
You played : S 2 7 M 4 13
S 2 7 True
M 4 13 True
Player 2 played : S 5 23 M 5 12
S 5 23 True
M 5 12 True
Time remaining is: 56s
You played : S 5 22 M 5 24
S 5 22 True
M 5 24 True
Player 2 played : S 3 3 M 3 12
S 3 3 True
M 3 12 True
Time remaining is: 54s
You played : S 3 6 M 2 4
S 3 6 True
M 2 4 True
Player 2 played : S 4 7 M 3 7
S 4 7 True
M 3 7 True
Time remaining is: 53s
You played : S 2 4 M 4 14
S 2 4 True
M 4 14 True
Player 2 played : S 5 12 M 5 11
S 5 12 True
M 5 11 True
Time remaining is: 53s
You played : S 4 14 M 3 11
S 4 14 True
M 3 11 True
Player 2 played : S 3 12 M 2 2
S 3 12 True
M 2 2 True
Time remaining is: 52s
You played : S 4 13 M 3 17 RS 5 23 RE 2 7 X 3 14 RS 4 14 RE 2 4 X 5 24
S 4 13 True
M 3 17 True
RS 5 23 True
RE 2 7 True
X 3 14 True
RS 4 14 True
RE 2 4 True
X 5 24 True
YOU WIN!
Your Score : 10.014
Opponent's Score : 0.024
