***********************************

-> You are player 1
-> You are alloted a time of 120s

***********************************

Time remaining is: 120s
You played : P 0 0
P 0 0 True
Player 2 played : P 2 1
P 2 1 True
Time remaining is: 120s
You played : P 1 3
P 1 3 True
Player 2 played : P 2 11
P 2 11 True
Time remaining is: 120s
You played : P 3 16
P 3 16 True
Player 2 played : P 2 8
P 2 8 True
Time remaining is: 120s
You played : P 1 5
P 1 5 True
Player 2 played : P 2 4
P 2 4 True
Time remaining is: 120s
You played : P 3 8
P 3 8 True
Player 2 played : P 3 3
P 3 3 True
Time remaining is: 120s
You played : S 1 3 M 1 2
S 1 3 True
M 1 2 True
Player 2 played : S 3 3 M 4 4
S 3 3 True
M 4 4 True
Time remaining is: 118s
You played : S 3 16 M 2 10
S 3 16 True
M 2 10 True
Player 2 played : S 4 4 M 5 11
S 4 4 True
M 5 11 True
Time remaining is: 117s
You played : S 3 8 M 2 5
S 3 8 True
M 2 5 True
Player 2 played : S 5 11 M 3 7
S 5 11 True
M 3 7 True
Time remaining is: 116s
You played : S 1 2 M 2 3
S 1 2 True
M 2 3 True
Player 2 played : S 2 11 M 4 21
S 2 11 True
M 4 21 True
Time remaining is: 115s
You played : S 2 10 M 2 9
S 2 10 True
M 2 9 True
Player 2 played : S 2 1 M 3 17
S 2 1 True
M 3 17 True
Time remaining is: 114s
You played : S 1 5 M 1 4
S 1 5 True
M 1 4 True
Player 2 played : S 3 7 M 4 9
S 3 7 True
M 4 9 True
Time remaining is: 113s
You played : S 2 5 M 2 6
S 2 5 True
M 2 6 True
Player 2 played : S 4 9 M 3 4
S 4 9 True
M 3 4 True
Time remaining is: 113s
You played : S 1 4 M 2 7
S 1 4 True
M 2 7 True
Player 2 played : S 3 17 M 2 0
S 3 17 True
M 2 0 True
Time remaining is: 112s
You played : S 2 7 M 3 10
S 2 7 True
M 3 10 True
Player 2 played : S 2 8 M 3 11
S 2 8 True
M 3 11 True
Time remaining is: 112s
You played : S 3 10 M 4 13
S 3 10 True
M 4 13 True
Player 2 played : S 3 11 M 3 9
S 3 11 True
M 3 9 True
Time remaining is: 111s
You played : S 2 9 M 4 14
S 2 9 True
M 4 14 True
Player 2 played : S 2 0 M 4 2
S 2 0 True
M 4 2 True
Time remaining is: 110s
You played : S 4 14 M 5 17 RS 4 14 RE 2 10 X 4 13
S 4 14 True
M 5 17 True
RS 4 14 True
RE 2 10 True
X 4 13 True
Player 2 played : S 3 9 M 4 11
S 3 9 True
M 4 11 True
Time remaining is: 109s
You played : S 5 17 M 3 6
S 5 17 True
M 3 6 True
Player 2 played : S 4 11 M 1 1
S 4 11 True
M 1 1 True
Time remaining is: 109s
You played : S 2 6 M 4 14
S 2 6 True
M 4 14 True
Player 2 played : S 2 4 M 4 10
S 2 4 True
M 4 10 True
Time remaining is: 109s
You played : S 3 6 M 4 13
S 3 6 True
M 4 13 True
Player 2 played : S 1 1 M 1 0 RS 2 1 RE 3 8 X 4 21
S 1 1 True
M 1 0 True
RS 2 1 True
RE 3 8 True
X 4 21 True
Time remaining is: 108s
You played : S 4 13 M 3 8 RS 1 5 RE 4 13 X 4 14
S 4 13 True
M 3 8 True
RS 1 5 True
RE 4 13 True
X 4 14 True
Player 2 played : S 4 2 M 4 1
S 4 2 True
M 4 1 True
Time remaining is: 106s
You played : S 3 8 M 1 2
S 3 8 True
M 1 2 True
Player 2 played : S 3 4 M 5 8
S 3 4 True
M 5 8 True
Time remaining is: 105s
You played : S 2 3 M 4 5
S 2 3 True
M 4 5 True
Player 2 played : S 5 8 M 4 13
S 5 8 True
M 4 13 True
Time remaining is: 104s
You played : S 4 5 M 4 8
S 4 5 True
M 4 8 True
Player 2 played : S 4 13 M 4 15 RS 3 6 RE 4 13 X 4 1
S 4 13 True
M 4 15 True
RS 3 6 True
RE 4 13 True
X 4 1 True
Time remaining is: 103s
You played : S 1 2 M 1 1 RS 4 5 RE 1 3 X 0 0
S 1 2 True
M 1 1 True
RS 4 5 True
RE 1 3 True
X 0 0 True
YOU WIN!
Your Score : 8.002
Opponent's Score : 2.012
