***********************************

-> You are player 2
-> You are alloted a time of 120s

***********************************

Player 1 played : P 0 0
P 0 0 True
Time remaining is: 120s
You played : P 1 2
P 1 2 True
Player 1 played : P 1 0
P 1 0 True
Time remaining is: 120s
You played : P 3 16
P 3 16 True
Player 1 played : P 1 1
P 1 1 True
Time remaining is: 120s
You played : P 2 6
P 2 6 True
Player 1 played : P 1 3
P 1 3 True
Time remaining is: 120s
You played : P 3 7
P 3 7 True
Player 1 played : P 5 9
P 5 9 True
Time remaining is: 120s
You played : P 5 16
P 5 16 True
Player 1 played : S 1 0 M 2 0
S 1 0 True
M 2 0 True
Time remaining is: 120s
You played : S 3 7 M 3 8
S 3 7 True
M 3 8 True
Player 1 played : S 0 0 M 1 5
S 0 0 True
M 1 5 True
Time remaining is: 120s
You played : S 3 8 M 3 9
S 3 8 True
M 3 9 True
Player 1 played : S 5 9 M 4 9
S 5 9 True
M 4 9 True
Time remaining is: 120s
You played : S 3 9 M 4 13
S 3 9 True
M 4 13 True
Player 1 played : S 4 9 M 2 5
S 4 9 True
M 2 5 True
Time remaining is: 120s
You played : S 4 13 M 5 21
S 4 13 True
M 5 21 True
Player 1 played : S 2 0 M 3 0
S 2 0 True
M 3 0 True
Time remaining is: 119s
You played : S 5 21 M 5 22
S 5 21 True
M 5 22 True
Player 1 played : S 1 5 M 2 9
S 1 5 True
M 2 9 True
Time remaining is: 116s
You played : S 5 16 M 4 10
S 5 16 True
M 4 10 True
Player 1 played : S 2 5 M 2 4
S 2 5 True
M 2 4 True
Time remaining is: 112s
You played : S 4 10 M 4 8
S 4 10 True
M 4 8 True
Player 1 played : S 3 0 M 3 1
S 3 0 True
M 3 1 True
Time remaining is: 111s
You played : S 1 2 M 2 10
S 1 2 True
M 2 10 True
Player 1 played : S 1 1 M 1 4
S 1 1 True
M 1 4 True
Time remaining is: 111s
You played : S 3 16 M 2 3
S 3 16 True
M 2 3 True
Player 1 played : S 3 1 M 4 2
S 3 1 True
M 4 2 True
Time remaining is: 110s
You played : S 4 8 M 5 11
S 4 8 True
M 5 11 True
Player 1 played : S 4 2 M 5 3
S 4 2 True
M 5 3 True
Time remaining is: 108s
You played : S 2 6 M 4 12
S 2 6 True
M 4 12 True
Player 1 played : S 5 3 M 5 12
S 5 3 True
M 5 12 True
Time remaining is: 107s
You played : S 4 12 M 4 11
S 4 12 True
M 4 11 True
Player 1 played : S 1 4 M 2 11
S 1 4 True
M 2 11 True
Time remaining is: 106s
You played : S 2 3 M 5 2
S 2 3 True
M 5 2 True
Player 1 played : S 1 3 M 3 4 RS 1 4 RE 4 9 X 2 9
S 1 3 True
M 3 4 True
RS 1 4 True
RE 4 9 True
X 2 9 True
Time remaining is: 105s
You played : S 5 22 M 3 12
S 5 22 True
M 3 12 True
Player 1 played : S 3 4 M 4 9
S 3 4 True
M 4 9 True
Time remaining is: 104s
You played : S 4 11 M 2 5
S 4 11 True
M 2 5 True
Player 1 played : S 2 4 M 3 6
S 2 4 True
M 3 6 True
Time remaining is: 104s
You played : S 2 5 M 2 1
S 2 5 True
M 2 1 True
Player 1 played : S 3 6 M 3 5
S 3 6 True
M 3 5 True
Time remaining is: 103s
You played : S 2 1 M 4 1
S 2 1 True
M 4 1 True
Player 1 played : S 2 11 M 1 4
S 2 11 True
M 1 4 True
Time remaining is: 102s
You played : S 5 2 M 3 2
S 5 2 True
M 3 2 True
Player 1 played : S 3 5 M 4 7
S 3 5 True
M 4 7 True
Time remaining is: 101s
You played : S 4 1 M 3 17
S 4 1 True
M 3 17 True
Player 1 played : S 5 12 M 5 14
S 5 12 True
M 5 14 True
Time remaining is: 100s
You played : S 3 17 M 5 27 RS 3 16 RE 5 2 X 3 12
S 3 17 True
M 5 27 True
RS 3 16 True
RE 5 2 True
X 3 12 True
Player 1 played : S 4 9 M 3 7 RS 5 12 RE 3 4 X 4 7
S 4 9 True
M 3 7 True
RS 5 12 True
RE 3 4 True
X 4 7 True
Time remaining is: 99s
You played : S 3 2 M 5 2
S 3 2 True
M 5 2 True
Player 1 played : S 5 14 M 4 1
S 5 14 True
M 4 1 True
Time remaining is: 98s
You played : S 5 27 M 2 2
S 5 27 True
M 2 2 True
Player 1 played : S 3 7 M 5 17 RS 5 14 RE 1 2 X 4 1
S 3 7 True
M 5 17 True
RS 5 14 True
RE 1 2 True
X 4 1 True
OTHER PLAYER WINS!
Your Score : 1.016
Opponent's Score : 9.009
