init complete: 
boardsize: 5
            _ _ _ _   
         _ _ _ _ _ _ _ 
        _ _ _ _ _ _ _ _ 
       _ _ _ _ _ _ _ _ _ 
      _ _ _ _ _ _ _ _ _ _ 
       _ _ _ _ _ _ _ _ _   
      _ _ _ _ _ _ _ _ _ _ 
       _ _ _ _ _ _ _ _ _ 
        _ _ _ _ _ _ _ _ 
         _ _ _ _ _ _ _ 
            _ _ _ _   
            _ _ _ _   
         _ _ _ _ _ _ _ 
        _ _ _ _ _ _ _ _ 
       _ _ _ _ _ _ _ _ _ 
      _ _ _ _ _ _ _ _ _ _ 
       _ _ _ _ 1 _ _ _ _   
      _ _ _ _ _ _ _ _ _ _ 
       _ _ _ _ _ _ _ _ _ 
        _ _ _ _ _ _ _ _ 
         _ _ _ _ _ _ _ 
            _ _ _ _   
            _ _ _ _   
         _ _ _ _ _ _ _ 
        _ _ _ _ _ _ _ _ 
       _ _ _ _ _ _ _ _ _ 
      _ _ _ _ _ _ _ _ _ _ 
       _ _ _ _ 1 _ _ _ _   
      _ _ _ _ _ a _ _ _ _ 
       _ _ _ _ _ _ _ _ _ 
        _ _ _ _ _ _ _ _ 
         _ _ _ _ _ _ _ 
            _ _ _ _   
count of prune: 0

            _ _ _ _   
         _ _ _ _ _ _ _ 
        _ _ _ _ _ _ _ _ 
       _ _ _ _ _ _ _ _ _ 
      _ _ _ _ 1 _ _ _ _ _ 
       _ _ _ _ 1 _ _ _ _   
      _ _ _ _ _ a _ _ _ _ 
       _ _ _ _ _ _ _ _ _ 
        _ _ _ _ _ _ _ _ 
         _ _ _ _ _ _ _ 
            _ _ _ _   
            _ _ _ _   
         _ _ _ _ _ _ _ 
        _ _ _ _ _ _ _ _ 
       _ _ _ _ _ _ _ _ _ 
      _ _ _ _ 1 _ _ _ _ _ 
       _ _ _ a 1 _ _ _ _   
      _ _ _ _ _ a _ _ _ _ 
       _ _ _ _ _ _ _ _ _ 
        _ _ _ _ _ _ _ _ 
         _ _ _ _ _ _ _ 
            _ _ _ _   
count of prune: 0

            _ _ _ _   
         _ _ _ _ _ _ _ 
        _ _ _ _ _ _ _ _ 
       _ _ _ _ _ _ _ _ _ 
      _ _ _ _ 1 _ _ _ _ _ 
       _ _ _ a 1 _ _ _ _   
      _ _ _ _ 1 a _ _ _ _ 
       _ _ _ _ _ _ _ _ _ 
        _ _ _ _ _ _ _ _ 
         _ _ _ _ _ _ _ 
            _ _ _ _   
            _ _ _ _   
         _ _ _ _ _ _ _ 
        _ _ _ _ _ _ _ _ 
       _ _ _ _ _ _ _ _ _ 
      _ _ _ _ 1 _ _ _ _ _ 
       _ _ _ a 1 a _ _ _   
      _ _ _ _ 1 a _ _ _ _ 
       _ _ _ _ _ _ _ _ _ 
        _ _ _ _ _ _ _ _ 
         _ _ _ _ _ _ _ 
            _ _ _ _   
count of prune: 0

            _ _ _ _   
         _ _ _ _ _ _ _ 
        _ _ _ _ _ _ _ _ 
       _ _ _ _ _ _ _ _ _ 
      _ _ _ _ 1 _ _ _ _ _ 
       _ _ _ a 1 a _ _ _   
      _ _ _ _ 1 a _ _ _ _ 
       _ _ _ _ 1 _ _ _ _ 
        _ _ _ _ _ _ _ _ 
         _ _ _ _ _ _ _ 
            _ _ _ _   
            _ _ _ _   
         _ _ _ _ _ _ _ 
        _ _ _ _ _ _ _ _ 
       _ _ _ _ _ _ _ _ _ 
      _ _ _ _ 1 a _ _ _ _ 
       _ _ _ a 1 a _ _ _   
      _ _ _ _ 1 a _ _ _ _ 
       _ _ _ _ 1 _ _ _ _ 
        _ _ _ _ _ _ _ _ 
         _ _ _ _ _ _ _ 
            _ _ _ _   
count of prune: 0

            _ _ _ _   
         _ _ _ _ _ _ _ 
        _ _ _ _ _ _ _ _ 
       _ _ _ _ _ _ _ _ _ 
      _ _ _ _ 1 a _ _ _ _ 
       _ _ _ a 1 a _ _ _   
      _ _ _ _ 1 a 1 _ _ _ 
       _ _ _ _ 1 _ _ _ _ 
        _ _ _ _ _ _ _ _ 
         _ _ _ _ _ _ _ 
            _ _ _ _   
            _ _ _ _   
         _ _ _ _ _ _ _ 
        _ _ _ _ _ _ _ _ 
       _ _ _ _ _ _ _ _ _ 
      _ _ _ _ 1 a _ _ _ _ 
       _ _ _ a 1 a _ _ _   
      _ _ _ _ 1 a 1 _ _ _ 
       _ _ _ _ 1 a _ _ _ 
        _ _ _ _ _ _ _ _ 
         _ _ _ _ _ _ _ 
            _ _ _ _   
count of prune: 0

            _ _ _ _   
         _ _ _ _ _ _ _ 
        _ _ _ _ _ _ _ _ 
       _ _ _ _ _ _ _ _ _ 
      _ _ _ _ 1 a _ _ _ _ 
       _ _ _ a 1 a _ _ _   
      _ _ _ _ 1 a 1 _ _ _ 
       _ _ 1 _ 2 a _ _ _ 
        _ _ _ _ _ _ _ _ 
         _ _ _ _ _ _ _ 
            _ _ _ _   
            _ _ _ _   
         _ _ _ _ _ _ _ 
        _ _ _ _ _ _ _ _ 
       _ _ _ _ _ _ _ _ _ 
      _ _ _ _ 1 a _ _ _ _ 
       _ _ _ a 1 a _ _ _   
      _ _ _ _ 1 a 1 _ _ _ 
       _ _ 1 _ 2 b _ _ _ 
        _ _ _ _ a _ _ _ 
         _ _ _ _ _ _ _ 
            _ _ _ _   
count of prune: 436

            _ _ _ _   
         _ _ _ _ _ _ _ 
        _ _ _ _ _ _ _ 1 
       _ _ _ _ _ _ _ _ _ 
      _ _ _ _ 1 a _ _ _ _ 
       _ _ _ a 1 a _ _ _   
      _ _ _ _ 1 a 2 _ _ _ 
       _ _ 1 _ 2 b _ _ _ 
        _ _ _ _ a _ _ _ 
         _ _ _ _ _ _ _ 
            _ _ _ _   
            _ _ _ _   
         _ _ _ _ _ _ _ 
        _ _ _ _ _ _ _ 1 
       _ _ _ _ _ _ _ _ _ 
      _ _ _ _ 1 a _ _ _ _ 
       _ _ _ a 1 a _ _ _   
      _ _ _ _ 1 a 2 _ _ _ 
       _ _ 1 _ 2 b _ _ _ 
        _ _ _ _ b _ _ _ 
         _ _ _ _ a _ _ 
            _ _ _ _   
count of prune: 903

            _ _ _ _   
         _ _ _ _ _ _ _ 
        _ _ _ _ _ _ _ 2 
       _ _ _ _ _ _ _ _ _ 
      _ _ _ _ 1 a _ _ _ _ 
       _ _ _ a 1 a _ _ _   
      _ _ _ _ 1 a b _ _ _ 
       _ _ 1 _ 2 2 _ _ _ 
        _ _ _ _ 2 _ _ _ 
         _ _ _ 1 a _ _ 
            _ _ _ _   
            _ _ _ _   
         _ _ _ _ _ _ _ 
        _ a _ _ _ _ _ 2 
       _ _ _ _ _ _ _ _ _ 
      _ _ _ _ 1 a _ _ _ _ 
       _ _ _ b 1 a _ _ _   
      _ _ _ _ 1 a b _ _ _ 
       _ _ 1 _ 2 2 _ _ _ 
        _ _ _ _ 2 _ _ _ 
         _ _ _ 1 a _ _ 
            _ _ _ _   
count of prune: 1279

            _ _ _ _   
         _ _ _ _ _ _ _ 
        _ a _ _ _ _ _ 2 
       _ _ _ _ _ _ _ _ _ 
      _ _ _ 1 1 a _ _ _ _ 
       _ _ _ 2 1 a _ _ _   
      _ _ _ _ 2 a b _ _ _ 
       _ _ 1 _ 2 2 _ _ _ 
        _ _ _ _ 2 _ _ _ 
         _ _ _ 1 a _ _ 
            _ _ _ _   
            _ _ _ _   
         _ _ _ _ _ _ _ 
        _ a _ _ _ _ _ 2 
       _ _ _ _ _ _ _ _ _ 
      _ _ _ 1 1 a _ _ _ _ 
       _ _ _ 2 1 a _ _ _   
      _ _ _ _ 2 b b _ _ _ 
       _ _ 1 _ b 2 _ _ _ 
        _ _ _ a 2 _ _ _ 
         _ _ _ 1 a _ _ 
            _ _ _ _   
count of prune: 1569

            _ _ _ _   
         _ _ _ _ _ _ _ 
        _ a _ _ _ _ _ 2 
       _ _ _ _ _ _ _ _ _ 
      _ _ _ 1 1 a _ _ _ _ 
       _ _ _ 2 1 a _ _ _   
      _ _ _ _ 2 b b _ _ _ 
       _ _ 2 _ 2 b 1 _ _ 
        _ _ _ a 2 _ _ _ 
         _ _ _ 1 a _ _ 
            _ _ _ _   
            _ _ _ _   
         _ _ _ _ _ _ _ 
        _ a _ _ _ _ _ 2 
       _ _ _ _ _ _ _ _ _ 
      _ _ _ 1 1 a _ _ _ _ 
       _ _ _ 2 1 a _ _ _   
      _ _ _ _ 2 b b _ _ _ 
       _ _ 2 _ 2 b 1 _ _ 
        _ _ _ b b a _ _ 
         _ _ _ 1 a _ _ 
            _ _ _ _   
count of prune: 2014

            _ _ _ _   
         _ _ _ _ _ _ _ 
        _ a _ _ _ _ _ 2 
       _ _ 1 _ _ _ _ _ _ 
      _ _ _ 2 1 a _ _ _ _ 
       _ _ _ 2 1 a _ _ _   
      _ _ _ _ 2 b b _ _ _ 
       _ _ 2 _ 2 b 1 _ _ 
        _ _ _ b b a _ _ 
         _ _ _ 1 a _ _ 
            _ _ _ _   
            _ _ _ _   
         _ _ _ _ _ _ _ 
        _ a _ _ _ _ _ 2 
       _ _ 1 _ _ _ _ _ _ 
      _ _ _ 2 1 a _ _ _ _ 
       _ _ _ 2 1 b _ _ _   
      _ _ _ _ 2 2 b _ _ _ 
       _ _ 2 _ b b 1 _ _ 
        _ _ _ 2 b a _ _ 
         _ _ a 1 a _ _ 
            _ _ _ _   
count of prune: 2440

            _ _ _ _   
         _ _ _ _ _ _ _ 
        _ a _ _ _ _ _ 2 
       _ _ 2 _ _ _ _ _ _ 
      _ _ _ 2 1 a _ _ _ _ 
       _ _ _ 2 1 b _ _ _   
      _ _ _ _ 2 2 b _ _ _ 
       1 _ 2 _ b b 1 _ _ 
        _ _ _ 2 b a _ _ 
         _ _ a 1 a _ _ 
            _ _ _ _   
            _ _ _ _   
         _ _ _ _ _ _ _ 
        _ a _ _ _ _ _ 2 
       _ _ 2 _ _ _ _ _ _ 
      _ _ _ 2 1 a _ _ _ _ 
       _ _ _ 2 1 b _ _ _   
      _ _ _ _ 2 2 b _ _ _ 
       1 _ 2 _ b b 1 _ _ 
        _ _ _ 2 b b _ a 
         _ _ a 1 a _ _ 
            _ _ _ _   
count of prune: 2799

            _ _ _ _   
         _ _ _ _ _ _ _ 
        _ a _ _ _ _ _ 2 
       _ _ _ _ _ _ _ _ _ 
      _ _ _ _ 1 a _ _ _ _ 
       _ _ _ _ _ b _ _ _   
      _ _ _ _ _ 2 b _ _ _ 
       1 _ 2 1 _ 2 2 _ _ 
        _ _ _ 2 b b _ a 
         _ _ a 1 a _ _ 
            _ _ _ _   
            _ _ _ _   
         _ _ _ _ _ _ _ 
        _ a _ _ _ _ _ 2 
       _ _ _ _ _ _ _ _ _ 
      _ _ _ _ 1 a _ _ _ _ 
       _ _ _ _ _ b _ _ _   
      _ _ _ _ _ 2 b _ _ _ 
       1 _ 2 1 a 2 2 _ _ 
        _ _ _ 2 2 b _ a 
         _ _ a 1 b _ _ 
            _ _ _ _   
count of prune: 3259

            _ _ _ _   
         _ _ _ _ _ _ _ 
        _ a _ _ _ _ _ 2 
       _ _ _ _ _ _ _ _ _ 
      _ _ _ _ 1 a _ _ _ _ 
       _ _ _ _ _ b _ _ _   
      _ _ _ _ _ 2 b _ _ _ 
       2 1 2 1 a 2 2 _ _ 
        _ _ _ 2 2 b _ a 
         _ _ a 1 b _ _ 
            _ _ _ _   
            _ _ _ _   
         _ _ _ _ _ _ _ 
        _ a _ _ _ _ _ 2 
       _ _ _ _ _ _ _ _ _ 
      _ _ _ _ 1 a a _ _ _ 
       _ _ _ _ _ 2 _ _ _   
      _ _ _ _ _ b b _ _ _ 
       2 1 2 1 b 2 2 _ _ 
        _ _ _ 2 2 b _ a 
         _ _ a 1 b _ _ 
            _ _ _ _   
count of prune: 3994

            _ _ _ _   
         _ _ _ _ _ _ _ 
        _ a _ _ _ _ _ 2 
       _ _ _ _ _ _ _ _ _ 
      _ _ _ _ 1 a a _ _ _ 
       _ _ _ _ _ 2 _ _ _   
      _ _ _ _ 1 b b _ _ _ 
       2 1 2 2 b 2 2 _ _ 
        _ _ _ 2 2 b _ a 
         _ _ a 1 b _ _ 
            _ _ _ _   
            _ _ _ _   
         _ _ _ _ _ _ _ 
        _ a _ _ _ _ _ 2 
       _ _ _ _ _ _ _ _ _ 
      _ _ _ _ 1 a a _ _ _ 
       _ _ _ _ _ 2 _ _ _   
      _ _ a _ 1 b b _ _ _ 
       2 1 b 2 b 2 2 _ _ 
        _ _ _ 2 2 b _ a 
         _ _ b 1 b _ _ 
            _ _ _ _   
count of prune: 4580

            _ _ _ _   
         _ _ _ _ _ _ _ 
        _ a _ _ _ _ _ 2 
       _ _ _ _ _ _ _ _ _ 
      _ _ _ _ 1 a a _ _ _ 
       _ _ _ _ _ 2 _ _ _   
      _ _ a _ 2 b b _ _ _ 
       2 1 b 2 2 2 2 _ _ 
        _ _ _ 2 b b _ a 
         _ _ b 1 2 _ _ 
            _ _ _ 1   
            _ _ _ _   
         _ _ _ _ _ _ _ 
        _ b _ _ _ _ _ 2 
       _ _ _ _ _ _ _ _ _ 
      _ _ _ _ 1 a a _ _ _ 
       _ _ _ a _ 2 _ _ _   
      _ _ a _ 2 b b _ _ _ 
       2 1 b 2 2 2 2 _ _ 
        _ _ _ 2 b b _ a 
         _ _ b 1 2 _ _ 
            _ _ _ 1   
count of prune: 4964

            _ _ _ _   
         _ _ _ _ _ _ _ 
        _ b _ _ _ _ _ 2 
       _ _ _ _ _ _ _ _ _ 
      _ _ _ _ 1 a a _ _ _ 
       _ _ _ a _ 2 _ _ _   
      _ _ a _ 2 b b _ _ _ 
       2 1 b 2 2 2 2 _ _ 
        _ _ _ 2 b b _ a 
         _ _ b 1 2 _ _ 
            1 _ _ 2   
            _ _ _ _   
         _ _ _ _ _ _ _ 
        _ b _ _ _ _ _ 2 
       _ _ _ _ _ _ _ _ _ 
      _ _ _ _ 1 a a _ _ _ 
       _ _ _ a _ 2 a _ _   
      _ _ a _ 2 b b _ _ _ 
       2 1 b 2 2 2 2 _ _ 
        _ _ _ 2 b b _ b 
         _ _ b 1 2 _ _ 
            1 _ _ 2   
count of prune: 5369

            _ _ _ _   
         _ _ _ _ _ _ _ 
        _ b _ _ _ _ _ 2 
       _ _ _ _ _ _ _ _ _ 
      _ _ _ _ 1 a a _ _ _ 
       _ _ _ a _ 2 a _ _   
      _ _ a _ 2 b b _ _ _ 
       2 2 b 2 2 2 2 _ _ 
        _ 1 _ 2 b b _ b 
         _ _ b 1 2 _ _ 
            1 _ _ 2   
            _ _ _ _   
         _ _ _ _ _ _ _ 
        _ b _ _ _ _ _ 2 
       _ _ _ _ _ _ _ _ _ 
      _ _ _ _ 1 b a _ _ _ 
       _ _ _ a _ 2 a _ _   
      _ _ a _ b b b _ _ _ 
       2 2 b b 2 2 2 _ _ 
        _ 1 a 2 b b _ b 
         _ _ b 1 2 _ _ 
            1 _ _ 2   
count of prune: 5614

            _ _ _ _   
         _ _ _ _ _ _ _ 
        _ b _ _ _ _ _ 2 
       _ _ _ _ _ _ _ _ _ 
      _ _ _ _ 1 b a _ _ _ 
       _ _ _ a _ 2 a _ _   
      _ _ a _ b b b _ _ _ 
       2 2 b b 2 2 2 _ _ 
        _ 1 a 2 b b _ b 
         _ 1 2 2 2 _ _ 
            1 _ _ 2   
            _ _ _ _   
         _ _ _ _ _ _ _ 
        _ b _ _ _ _ _ 2 
       _ _ _ _ _ _ _ _ _ 
      _ _ _ _ 1 b a _ _ _ 
       _ _ _ b a 2 a _ _   
      _ _ a _ b b b _ _ _ 
       2 2 b b 2 2 2 _ _ 
        _ 1 a 2 b b _ b 
         _ 1 2 2 2 _ _ 
            1 _ _ 2   
count of prune: 5817

            _ _ _ _   
         _ _ _ _ _ _ _ 
        _ b _ _ _ _ _ 2 
       _ _ _ _ _ _ _ _ _ 
      _ _ _ _ 1 b a _ _ _ 
       _ _ _ b a 2 a _ _   
      _ _ a 1 b b b _ _ _ 
       2 2 2 b 2 2 2 _ _ 
        _ 2 a 2 b b _ b 
         _ 1 2 2 2 _ _ 
            1 _ _ 2   
            _ _ _ _   
         _ _ _ _ _ _ _ 
        _ b _ _ _ _ _ 2 
       _ _ _ _ _ _ _ _ _ 
      _ _ _ _ 1 b a _ _ _ 
       _ _ _ b a 2 a _ _   
      _ _ a 1 b b b _ _ _ 
       2 2 2 b 2 2 2 _ _ 
        _ 2 b b 2 2 a b 
         _ 1 2 2 2 _ _ 
            1 _ _ 2   
count of prune: 6064

            _ _ _ _   
         _ _ _ _ _ _ _ 
        _ b _ _ _ _ _ 2 
       _ _ _ _ _ _ _ _ _ 
      _ _ _ _ _ b a _ _ _ 
       _ _ _ b a 2 a _ _   
      _ _ a 2 _ 2 2 1 _ _ 
       2 2 2 b _ 2 2 _ _ 
        _ 2 b b _ 2 a b 
         _ 1 2 2 _ _ _ 
            1 _ _ _   
            _ _ _ _   
         _ _ _ _ _ _ _ 
        _ b _ _ _ _ _ 2 
       _ _ _ _ _ _ _ _ _ 
      _ _ _ _ a 2 b _ _ _ 
       _ _ _ b a 2 a _ _   
      _ _ a 2 _ 2 2 1 _ _ 
       2 2 2 b _ 2 2 _ _ 
        _ 2 b b _ 2 a b 
         _ 1 2 2 _ _ _ 
            1 _ _ _   
count of prune: 6276

            _ _ _ _   
         _ _ _ _ _ _ _ 
        _ b _ _ _ _ _ 2 
       _ _ _ _ _ _ _ _ _ 
      _ _ _ _ a 2 b _ _ _ 
       _ _ _ b a 2 a _ _   
      _ _ a 2 _ 2 2 1 _ _ 
       2 2 2 b _ 2 2 _ _ 
        _ 2 b b _ 2 a b 
         _ 1 2 2 _ _ _ 
            2 1 _ _   
            _ _ _ _   
         _ _ _ _ _ _ _ 
        _ b _ _ _ _ _ 2 
       _ _ _ _ a _ _ _ _ 
      _ _ _ _ a _ b _ _ _ 
       _ _ _ b a _ a _ _   
      _ _ _ 2 _ 2 _ 1 _ _ 
       2 2 2 b _ 2 _ _ _ 
        _ 2 b b _ 2 _ b 
         _ 1 2 2 _ _ _ 
            2 1 _ _   
count of prune: 6477

            _ _ _ _   
         _ _ _ _ _ _ _ 
        _ b _ _ _ _ _ 2 
       _ _ _ _ a _ _ _ _ 
      _ _ _ _ a _ b _ _ _ 
       _ _ _ b a _ a _ _   
      _ _ _ 2 _ 2 _ 1 _ _ 
       2 2 2 b _ 2 _ _ _ 
        _ 2 b b 1 2 _ b 
         _ 1 2 b _ _ _ 
            2 2 _ _   
            _ _ _ _   
         _ _ _ _ _ _ _ 
        _ b _ _ _ _ _ 2 
       _ _ _ _ a a _ _ _ 
      _ _ _ _ a _ 2 _ _ _ 
       _ _ _ b a _ b _ _   
      _ _ _ 2 _ 2 _ 1 _ _ 
       2 2 2 b _ 2 _ _ _ 
        _ 2 b b 1 2 _ b 
         _ 1 2 b _ _ _ 
            2 2 _ _   
count of prune: 6629

            _ _ _ _   
         _ _ _ _ _ _ _ 
        _ b _ _ _ _ _ 2 
       _ _ _ _ a a _ _ _ 
      _ _ _ _ a _ 2 _ _ _ 
       _ _ _ b a _ b _ _   
      _ _ _ 2 _ 2 _ 1 _ _ 
       2 2 2 b _ 2 _ _ _ 
        1 b 2 2 2 2 _ b 
         _ 1 2 b _ _ _ 
            2 2 _ _   
            _ _ _ _   
         _ _ _ _ _ _ _ 
        _ b _ _ _ _ _ 2 
       _ _ _ _ a a _ _ _ 
      _ _ _ _ a _ 2 _ _ _ 
       _ _ _ b b _ b _ _   
      _ _ _ 2 _ b _ 1 _ _ 
       2 2 2 b _ b _ _ _ 
        1 b 2 2 2 b _ b 
         _ 1 2 b _ a _ 
            2 2 _ _   
count of prune: 6725

            _ _ _ _   
         _ _ _ _ _ _ _ 
        _ b _ _ _ _ _ 2 
       _ _ _ _ a a _ _ _ 
      _ _ _ _ a _ 2 _ _ _ 
       _ _ _ b b _ b _ _   
      _ _ _ 2 _ b _ 2 _ _ 
       2 2 2 b _ b _ _ _ 
        1 b 2 2 2 2 _ b 
         _ 1 2 b 1 a _ 
            2 2 _ _   
            _ _ _ _   
         _ _ _ _ _ _ _ 
        _ b _ _ _ _ _ 2 
       _ _ _ _ a b _ _ _ 
      _ _ _ _ a _ 2 _ _ _ 
       _ _ _ b 2 _ b _ _   
      _ _ _ 2 a b _ 2 _ _ 
       2 2 2 b _ b _ _ _ 
        1 b 2 2 2 2 _ b 
         _ 1 2 b 1 a _ 
            2 2 _ _   
count of prune: 6742

            _ _ _ _   
         _ _ _ _ _ _ _ 
        _ b _ _ _ _ _ 2 
       _ _ _ _ a b _ _ _ 
      _ _ _ _ a _ 2 _ _ _ 
       _ _ _ b 2 _ b _ _   
      _ 1 _ 2 a b _ 2 _ _ 
       2 b 2 b _ b _ _ _ 
        1 _ _ _ _ _ _ b 
         _ 2 2 b _ a _ 
            2 2 _ _   
***********************************

-> You are player 1
-> You are alloted a time of 120s

***********************************

Time remaining is: 120s
You played : P 0 0
P 0 0 True
Player 2 played : P 1 1
P 1 1 True
Time remaining is: 120s
You played : P 1 4
P 1 4 True
Player 2 played : P 1 3
P 1 3 True
Time remaining is: 120s
You played : P 1 2
P 1 2 True
Player 2 played : P 1 0
P 1 0 True
Time remaining is: 120s
You played : P 2 3
P 2 3 True
Player 2 played : P 1 5
P 1 5 True
Time remaining is: 120s
You played : P 2 1
P 2 1 True
Player 2 played : P 2 2
P 2 2 True
Time remaining is: 120s
You played : S 2 3 M 3 7
S 2 3 True
M 3 7 True
Player 2 played : S 2 2 M 3 4
S 2 2 True
M 3 4 True
Time remaining is: 120s
You played : S 2 1 M 5 27
S 2 1 True
M 5 27 True
Player 2 played : S 3 4 M 4 5
S 3 4 True
M 4 5 True
Time remaining is: 119s
You played : S 5 27 M 4 6
S 5 27 True
M 4 6 True
Player 2 played : S 1 3 M 4 15
S 1 3 True
M 4 15 True
Time remaining is: 118s
You played : S 1 2 M 2 7
S 1 2 True
M 2 7 True
Player 2 played : S 1 1 M 3 5
S 1 1 True
M 3 5 True
Time remaining is: 117s
You played : S 3 7 M 3 2
S 3 7 True
M 3 2 True
Player 2 played : S 3 5 M 3 3
S 3 5 True
M 3 3 True
Time remaining is: 116s
You played : S 2 7 M 3 11
S 2 7 True
M 3 11 True
Player 2 played : S 1 0 M 4 7
S 1 0 True
M 4 7 True
Time remaining is: 114s
You played : S 3 11 M 5 13
S 3 11 True
M 5 13 True
Player 2 played : S 3 3 M 5 3
S 3 3 True
M 5 3 True
Time remaining is: 112s
You played : S 3 2 M 2 4 RS 3 11 RE 2 3 X 0 0
S 3 2 True
M 2 4 True
RS 3 11 True
RE 2 3 True
X 0 0 True
Player 2 played : S 4 5 M 2 3
S 4 5 True
M 2 3 True
Time remaining is: 110s
You played : S 5 13 M 4 10
S 5 13 True
M 4 10 True
Player 2 played : S 2 3 M 2 11
S 2 3 True
M 2 11 True
Time remaining is: 108s
You played : S 2 4 M 1 2
S 2 4 True
M 1 2 True
Player 2 played : S 4 7 M 3 8
S 4 7 True
M 3 8 True
Time remaining is: 105s
You played : S 1 2 M 5 6
S 1 2 True
M 5 6 True
Player 2 played : S 4 15 M 1 3
S 4 15 True
M 1 3 True
Time remaining is: 103s
You played : S 5 6 M 5 9
S 5 6 True
M 5 9 True
Player 2 played : S 5 3 M 2 0
S 5 3 True
M 2 0 True
Time remaining is: 101s
You played : S 4 10 M 4 9
S 4 10 True
M 4 9 True
Player 2 played : S 1 5 M 3 6
S 1 5 True
M 3 6 True
Time remaining is: 99s
You played : S 4 6 M 4 8
S 4 6 True
M 4 8 True
Player 2 played : S 1 3 M 0 0
S 1 3 True
M 0 0 True
Time remaining is: 98s
You played : S 4 9 M 2 5
S 4 9 True
M 2 5 True
Player 2 played : S 3 6 M 4 3
S 3 6 True
M 4 3 True
Time remaining is: 97s
You played : S 2 5 M 3 1 RS 1 2 RE 5 6 X 1 4
S 2 5 True
M 3 1 True
RS 1 2 True
RE 5 6 True
X 1 4 True
Player 2 played : S 2 11 M 1 4
S 2 11 True
M 1 4 True
Time remaining is: 96s
You played : S 5 9 M 5 8
S 5 9 True
M 5 8 True
Player 2 played : S 4 3 M 2 9 RS 1 5 RE 4 3 X 3 8
S 4 3 True
M 2 9 True
RS 1 5 True
RE 4 3 True
X 3 8 True
Time remaining is: 95s
You played : S 5 8 M 3 4
S 5 8 True
M 3 4 True
Player 2 played : S 2 0 M 2 10
S 2 0 True
M 2 10 True
Time remaining is: 94s
You played : S 3 4 M 5 12
S 3 4 True
M 5 12 True
Player 2 played : S 0 0 M 4 4
S 0 0 True
M 4 4 True
Time remaining is: 94s
You played : S 3 1 M 4 5
S 3 1 True
M 4 5 True
Player 2 played : S 2 10 M 1 2
S 2 10 True
M 1 2 True
Time remaining is: 93s
You played : S 4 8 M 4 11 RS 4 9 RE 3 3 X 4 5
S 4 8 True
M 4 11 True
RS 4 9 True
RE 3 3 True
X 4 5 True
YOU WIN!
Your Score : 9.011
Opponent's Score : 1.01
