***********************************

-> You are player 1
-> You are alloted a time of 120s

***********************************

Time remaining is: 120s
You played : P 2 1
P 2 1 True
Player 2 played : P 0 0
P 0 0 True
Time remaining is: 120s
You played : P 2 3
P 2 3 True
Player 2 played : P 5 21
P 5 21 True
Time remaining is: 120s
You played : P 3 14
P 3 14 True
Player 2 played : P 4 16
P 4 16 True
Time remaining is: 120s
You played : P 3 10
P 3 10 True
Player 2 played : P 2 11
P 2 11 True
Time remaining is: 120s
You played : P 2 8
P 2 8 True
Player 2 played : P 4 20
P 4 20 True
Time remaining is: 120s
You played : S 3 10 M 1 5
S 3 10 True
M 1 5 True
Player 2 played : S 5 21 M 5 22
S 5 21 True
M 5 22 True
Time remaining is: 120s
You played : S 2 3 M 2 7
S 2 3 True
M 2 7 True
Player 2 played : S 5 22 M 3 9
S 5 22 True
M 3 9 True
Time remaining is: 120s
You played : S 3 14 M 4 18
S 3 14 True
M 4 18 True
Player 2 played : S 4 16 M 4 17
S 4 16 True
M 4 17 True
Time remaining is: 120s
You played : S 1 5 M 3 13
S 1 5 True
M 3 13 True
Player 2 played : S 2 11 M 3 5
S 2 11 True
M 3 5 True
Time remaining is: 120s
You played : S 2 1 M 2 0
S 2 1 True
M 2 0 True
Player 2 played : S 3 5 M 3 4
S 3 5 True
M 3 4 True
Time remaining is: 118s
You played : S 2 7 M 2 6
S 2 7 True
M 2 6 True
Player 2 played : S 3 4 M 2 2
S 3 4 True
M 2 2 True
Time remaining is: 117s
You played : S 2 8 M 3 12
S 2 8 True
M 3 12 True
Player 2 played : S 0 0 M 1 0
S 0 0 True
M 1 0 True
Time remaining is: 115s
You played : S 4 18 M 4 19
S 4 18 True
M 4 19 True
Player 2 played : S 1 0 M 1 1
S 1 0 True
M 1 1 True
Time remaining is: 113s
You played : S 2 0 M 1 3
S 2 0 True
M 1 3 True
Player 2 played : S 2 2 M 3 17
S 2 2 True
M 3 17 True
Time remaining is: 112s
You played : S 1 3 M 4 5
S 1 3 True
M 4 5 True
Player 2 played : S 1 1 M 1 2
S 1 1 True
M 1 2 True
Time remaining is: 111s
You played : S 3 13 M 2 9
S 3 13 True
M 2 9 True
Player 2 played : S 1 2 M 3 11
S 1 2 True
M 3 11 True
Time remaining is: 110s
You played : S 2 6 M 2 5
S 2 6 True
M 2 5 True
Player 2 played : S 3 11 M 4 15
S 3 11 True
M 4 15 True
Time remaining is: 106s
You played : S 2 5 M 3 1
S 2 5 True
M 3 1 True
Player 2 played : S 4 20 M 2 4
S 4 20 True
M 2 4 True
Time remaining is: 91s
You played : S 2 9 M 3 7
S 2 9 True
M 3 7 True
Player 2 played : S 2 4 M 3 2
S 2 4 True
M 3 2 True
Time remaining is: 79s
You played : S 3 1 M 3 0
S 3 1 True
M 3 0 True
Player 2 played : S 3 2 M 4 2
S 3 2 True
M 4 2 True
Time remaining is: 57s
You played : S 4 5 M 4 8
S 4 5 True
M 4 8 True
Player 2 played : S 4 2 M 2 10
S 4 2 True
M 2 10 True
Time remaining is: 52s
You played : S 3 7 M 5 2
S 3 7 True
M 5 2 True
Player 2 played : S 3 17 M 3 16
S 3 17 True
M 3 16 True
Time remaining is: 16s
You played : S 4 8 M 5 16
S 4 8 True
M 5 16 True
Player 2 played : S 4 17 M 4 3
S 4 17 True
M 4 3 True
Time remaining is: 16s
You played : S 5 16 M 1 4
S 5 16 True
M 1 4 True
Player 2 played : S 4 15 M 5 6
S 4 15 True
M 5 6 True
Time remaining is: 16s
You played : S 5 2 M 4 10
S 5 2 True
M 4 10 True
Player 2 played : S 3 16 M 4 7
S 3 16 True
M 4 7 True
Time remaining is: 15s
You played : S 1 4 M 4 9
S 1 4 True
M 4 9 True
Player 2 played : S 4 7 M 3 8
S 4 7 True
M 3 8 True
Time remaining is: 15s
You played : S 4 19 M 5 19
S 4 19 True
M 5 19 True
Player 2 played : S 5 6 M 5 8
S 5 6 True
M 5 8 True
Time remaining is: 15s
You played : S 5 19 M 5 18
S 5 19 True
M 5 18 True
Player 2 played : S 2 10 M 3 15
S 2 10 True
M 3 15 True
Time remaining is: 15s
You played : S 4 9 M 5 12
S 4 9 True
M 5 12 True
Player 2 played : S 3 15 M 5 23
S 3 15 True
M 5 23 True
Time remaining is: 15s
You played : S 5 18 M 4 14
S 5 18 True
M 4 14 True
Player 2 played : S 3 8 M 4 1 RS 1 2 RE 5 6 X 4 1
S 3 8 True
M 4 1 True
RS 1 2 True
RE 5 6 True
X 4 1 True
Time remaining is: 15s
You played : S 4 10 M 2 3
S 4 10 True
M 2 3 True
Player 2 played : S 5 23 M 5 24 RS 5 23 RE 3 17 X 5 8
S 5 23 True
M 5 24 True
RS 5 23 True
RE 3 17 True
X 5 8 True
Time remaining is: 14s
You played : S 2 3 M 3 16 RS 4 10 RE 2 2 X 3 16
S 2 3 True
M 3 16 True
RS 4 10 True
RE 2 2 True
X 3 16 True
Player 2 played : S 5 24 M 5 23
S 5 24 True
M 5 23 True
Time remaining is: 14s
You played : S 3 12 M 3 15
S 3 12 True
M 3 15 True
Player 2 played : S 5 23 M 4 19
S 5 23 True
M 4 19 True
Time remaining is: 14s
You played : S 3 15 M 1 2 RS 4 16 RE 0 0 X 3 0
S 3 15 True
M 1 2 True
RS 4 16 True
RE 0 0 True
X 3 0 True
Player 2 played : S 4 19 M 4 16
S 4 19 True
M 4 16 True
Time remaining is: 14s
You played : S 5 12 M 2 8
S 5 12 True
M 2 8 True
Player 2 played : S 4 3 M 3 4
S 4 3 True
M 3 4 True
Time remaining is: 14s
You played : S 2 8 M 1 4
S 2 8 True
M 1 4 True
Player 2 played : S 3 9 M 0 0
S 3 9 True
M 0 0 True
Time remaining is: 14s
You played : RS 4 18 RE 2 6 X 1 2
RS 4 18 True
RE 2 6 True
X 1 2 True
YOU WIN!
Your Score : 8.018
Opponent's Score : 2.019
