***********************************

-> You are player 2
-> You are alloted a time of 120s

***********************************

Player 1 played : P 0 0
P 0 0 True
Time remaining is: 120s
You played : P 1 0
P 1 0 True
Player 1 played : P 1 1
P 1 1 True
Time remaining is: 120s
You played : P 1 2
P 1 2 True
Player 1 played : P 1 3
P 1 3 True
Time remaining is: 120s
You played : P 1 5
P 1 5 True
Player 1 played : P 1 4
P 1 4 True
Time remaining is: 120s
You played : P 2 0
P 2 0 True
Player 1 played : P 2 1
P 2 1 True
Time remaining is: 120s
You played : P 2 2
P 2 2 True
Player 1 played : S 1 1 M 2 3
S 1 1 True
M 2 3 True
Time remaining is: 120s
You played : S 1 0 M 2 11
S 1 0 True
M 2 11 True
Player 1 played : S 1 3 M 2 5
S 1 3 True
M 2 5 True
Time remaining is: 120s
You played : S 2 11 M 3 16
S 2 11 True
M 3 16 True
Player 1 played : S 2 5 M 3 8
S 2 5 True
M 3 8 True
Time remaining is: 120s
You played : S 3 16 M 4 21
S 3 16 True
M 4 21 True
Player 1 played : S 1 4 M 2 8
S 1 4 True
M 2 8 True
Time remaining is: 120s
You played : S 1 2 M 2 7
S 1 2 True
M 2 7 True
Player 1 played : S 2 3 M 3 4
S 2 3 True
M 3 4 True
Time remaining is: 120s
You played : S 2 2 M 2 4
S 2 2 True
M 2 4 True
