***********************************

-> You are player 2
-> You are alloted a time of 120s

***********************************

Player 1 played : P 0 0
P 0 0 True
Time remaining is: 120s
You played : P 2 1
P 2 1 True
Player 1 played : P 1 2
P 1 2 True
Time remaining is: 119s
You played : P 1 3
P 1 3 True
Player 1 played : P 1 5
P 1 5 True
Time remaining is: 117s
You played : P 4 21
P 4 21 True
Player 1 played : P 1 0
P 1 0 True
Time remaining is: 116s
You played : P 1 1
P 1 1 True
Player 1 played : P 2 4
P 2 4 True
Time remaining is: 114s
You played : P 4 18
P 4 18 True
Player 1 played : S 1 5 M 2 11
S 1 5 True
M 2 11 True
Time remaining is: 114s
You played : S 1 3 M 2 6
S 1 3 True
M 2 6 True
Player 1 played : S 1 2 M 2 7
S 1 2 True
M 2 7 True
Time remaining is: 113s
You played : S 2 1 M 2 0
S 2 1 True
M 2 0 True
Player 1 played : S 1 0 M 3 2
S 1 0 True
M 3 2 True
Time remaining is: 113s
You played : S 1 1 M 3 1
S 1 1 True
M 3 1 True
Player 1 played : S 0 0 M 2 2
S 0 0 True
M 2 2 True
Time remaining is: 113s
You played : S 2 6 M 3 8
S 2 6 True
M 3 8 True
Player 1 played : S 2 4 M 3 10
S 2 4 True
M 3 10 True
Time remaining is: 112s
You played : S 2 0 M 3 9 RS 2 6 RE 2 0 X 3 1
S 2 0 True
M 3 9 True
RS 2 6 True
RE 2 0 True
X 3 1 True
Player 1 played : S 3 10 M 2 5
S 3 10 True
M 2 5 True
Time remaining is: 111s
You played : S 3 9 M 0 0
S 3 9 True
M 0 0 True
Player 1 played : S 3 2 M 1 0
S 3 2 True
M 1 0 True
Time remaining is: 110s
You played : S 4 18 M 3 13
S 4 18 True
M 3 13 True
Player 1 played : S 2 7 M 2 6
S 2 7 True
M 2 6 True
Time remaining is: 109s
You played : S 0 0 M 1 4
S 0 0 True
M 1 4 True
Player 1 played : S 2 6 M 4 12
S 2 6 True
M 4 12 True
Time remaining is: 109s
You played : S 1 4 M 4 13
S 1 4 True
M 4 13 True
Player 1 played : S 2 2 M 2 8
S 2 2 True
M 2 8 True
Time remaining is: 109s
You played : S 3 13 M 3 15
S 3 13 True
M 3 15 True
Player 1 played : S 2 8 M 2 10
S 2 8 True
M 2 10 True
Time remaining is: 107s
You played : S 4 13 M 4 15
S 4 13 True
M 4 15 True
Player 1 played : S 2 10 M 3 16 RS 2 10 RE 2 4 X 2 11
S 2 10 True
M 3 16 True
RS 2 10 True
RE 2 4 True
X 2 11 True
Time remaining is: 107s
You played : S 4 15 M 4 16
S 4 15 True
M 4 16 True
Player 1 played : S 1 0 M 0 0
S 1 0 True
M 0 0 True
Time remaining is: 107s
You played : S 3 15 M 4 19
S 3 15 True
M 4 19 True
Player 1 played : S 0 0 M 1 5
S 0 0 True
M 1 5 True
Time remaining is: 107s
You played : S 4 19 M 1 3
S 4 19 True
M 1 3 True
Player 1 played : S 1 5 M 5 16 RS 4 13 RE 1 5 X 2 5
S 1 5 True
M 5 16 True
RS 4 13 True
RE 1 5 True
X 2 5 True
Time remaining is: 106s
You played : S 3 8 M 2 7
S 3 8 True
M 2 7 True
Player 1 played : S 4 12 M 4 10
S 4 12 True
M 4 10 True
Time remaining is: 106s
You played : S 2 7 M 5 23
S 2 7 True
M 5 23 True
Player 1 played : S 5 16 M 1 4
S 5 16 True
M 1 4 True
Time remaining is: 106s
You played : S 1 3 M 3 11
S 1 3 True
M 3 11 True
Player 1 played : S 1 4 M 2 5
S 1 4 True
M 2 5 True
Time remaining is: 106s
You played : S 3 11 M 1 2
S 3 11 True
M 1 2 True
Player 1 played : S 2 5 M 3 10
S 2 5 True
M 3 10 True
Time remaining is: 106s
You played : S 4 16 M 4 14
S 4 16 True
M 4 14 True
Player 1 played : S 3 16 M 4 1
S 3 16 True
M 4 1 True
Time remaining is: 106s
You played : S 5 23 M 5 21
S 5 23 True
M 5 21 True
Player 1 played : S 4 10 M 3 7
S 4 10 True
M 3 7 True
Time remaining is: 106s
You played : S 5 21 M 2 9
S 5 21 True
M 2 9 True
Player 1 played : S 4 1 M 4 3
S 4 1 True
M 4 3 True
Time remaining is: 106s
You played : S 2 9 M 3 14
S 2 9 True
M 3 14 True
Player 1 played : S 4 3 M 5 4
S 4 3 True
M 5 4 True
Time remaining is: 105s
You played : S 1 2 M 3 1
S 1 2 True
M 3 1 True
Player 1 played : S 5 4 M 4 5
S 5 4 True
M 4 5 True
Time remaining is: 105s
You played : S 4 14 M 5 14
S 4 14 True
M 5 14 True
Player 1 played : S 4 5 M 5 19 RS 3 9 RE 1 0 X 3 10
S 4 5 True
M 5 19 True
RS 3 9 True
RE 1 0 True
X 3 10 True
OTHER PLAYER WINS!
Your Score : 1.014
Opponent's Score : 9.015
