init complete: 
boardsize: 5
            _ _ _ _   
         _ _ _ _ _ _ _ 
        _ _ _ _ _ _ _ _ 
       _ _ _ _ _ _ _ _ _ 
      _ _ _ _ _ _ _ _ _ _ 
       _ _ _ _ _ _ _ _ _   
      _ _ _ _ _ _ _ _ _ _ 
       _ _ _ _ _ _ _ _ _ 
        _ _ _ _ _ _ _ _ 
         _ _ _ _ _ _ _ 
            _ _ _ _   
            _ _ _ _   
         _ _ _ _ _ _ _ 
        _ _ _ _ _ _ _ _ 
       _ _ _ _ _ _ _ _ _ 
      _ _ _ _ _ _ _ _ _ _ 
       _ _ _ _ 1 _ _ _ _   
      _ _ _ _ _ _ _ _ _ _ 
       _ _ _ _ _ _ _ _ _ 
        _ _ _ _ _ _ _ _ 
         _ _ _ _ _ _ _ 
            _ _ _ _   
            _ _ _ _   
         _ _ _ _ _ _ _ 
        _ _ _ _ _ a _ _ 
       _ _ _ _ _ _ _ _ _ 
      _ _ _ _ _ _ _ _ _ _ 
       _ _ _ _ 1 _ _ _ _   
      _ _ _ _ _ _ _ _ _ _ 
       _ _ _ _ _ _ _ _ _ 
        _ _ _ _ _ _ _ _ 
         _ _ _ _ _ _ _ 
            _ _ _ _   
count of prune: 0

            _ _ _ _   
         _ _ _ _ _ _ _ 
        _ _ _ _ _ a _ _ 
       _ _ _ _ _ _ _ _ _ 
      _ _ _ _ _ 1 _ _ _ _ 
       _ _ _ _ 1 _ _ _ _   
      _ _ _ _ _ _ _ _ _ _ 
       _ _ _ _ _ _ _ _ _ 
        _ _ _ _ _ _ _ _ 
         _ _ _ _ _ _ _ 
            _ _ _ _   
            _ _ _ _   
         _ _ _ _ _ _ _ 
        _ _ _ _ _ a _ _ 
       _ _ a _ _ _ _ _ _ 
      _ _ _ _ _ 1 _ _ _ _ 
       _ _ _ _ 1 _ _ _ _   
      _ _ _ _ _ _ _ _ _ _ 
       _ _ _ _ _ _ _ _ _ 
        _ _ _ _ _ _ _ _ 
         _ _ _ _ _ _ _ 
            _ _ _ _   
count of prune: 0

            _ _ _ _   
         _ _ _ _ _ _ _ 
        _ _ _ _ _ a _ _ 
       _ _ a _ _ _ _ _ _ 
      _ _ _ _ _ 1 _ _ _ _ 
       _ _ _ _ 1 _ _ _ _   
      _ _ _ _ 1 _ _ _ _ _ 
       _ _ _ _ _ _ _ _ _ 
        _ _ _ _ _ _ _ _ 
         _ _ _ _ _ _ _ 
            _ _ _ _   
            _ _ _ _   
         _ _ _ _ _ _ _ 
        _ _ _ _ _ a _ _ 
       _ _ a _ _ _ _ _ _ 
      _ _ _ _ _ 1 _ _ _ _ 
       _ _ _ _ 1 _ _ _ _   
      _ _ _ _ 1 _ _ _ _ _ 
       _ _ _ _ _ _ _ _ _ 
        _ _ _ _ _ _ _ _ 
         _ _ a _ _ _ _ 
            _ _ _ _   
count of prune: 0

            _ _ _ _   
         _ _ _ _ _ _ _ 
        _ _ _ _ _ a _ _ 
       _ _ a _ _ _ 1 _ _ 
      _ _ _ _ _ 1 _ _ _ _ 
       _ _ _ _ 1 _ _ _ _   
      _ _ _ _ 1 _ _ _ _ _ 
       _ _ _ _ _ _ _ _ _ 
        _ _ _ _ _ _ _ _ 
         _ _ a _ _ _ _ 
            _ _ _ _   
            _ _ _ _   
         _ _ _ _ _ _ _ 
        _ _ _ _ _ a _ _ 
       _ _ a _ _ _ 1 _ _ 
      _ _ _ _ _ 1 _ _ _ _ 
       _ _ _ _ 1 _ _ _ _   
      _ _ _ _ 1 _ _ _ _ _ 
       _ _ _ _ _ _ _ _ _ 
        _ _ a _ _ _ _ _ 
         _ _ a _ _ _ _ 
            _ _ _ _   
count of prune: 0

            _ _ _ _   
         _ _ _ _ _ _ _ 
        _ _ _ _ _ a _ _ 
       _ _ a _ _ 1 1 _ _ 
      _ _ _ _ _ 1 _ _ _ _ 
       _ _ _ _ 1 _ _ _ _   
      _ _ _ _ 1 _ _ _ _ _ 
       _ _ _ _ _ _ _ _ _ 
        _ _ a _ _ _ _ _ 
         _ _ a _ _ _ _ 
            _ _ _ _   
            _ _ _ _   
         _ _ _ _ _ _ _ 
        _ _ _ _ _ a _ _ 
       _ _ a _ _ 1 1 _ _ 
      _ _ _ _ _ 1 _ _ _ _ 
       _ _ _ _ 1 _ _ _ _   
      _ _ _ _ 1 _ _ _ _ _ 
       _ _ _ _ _ _ _ _ _ 
        _ _ a _ _ a _ _ 
         _ _ a _ _ _ _ 
            _ _ _ _   
count of prune: 0

            _ _ _ _   
         _ _ _ _ _ _ _ 
        _ _ _ _ _ a _ _ 
       _ _ a _ _ 1 1 _ _ 
      _ _ _ _ _ 1 _ _ _ _ 
       _ 1 _ _ 2 _ _ _ _   
      _ _ _ _ 1 _ _ _ _ _ 
       _ _ _ _ _ _ _ _ _ 
        _ _ a _ _ a _ _ 
         _ _ a _ _ _ _ 
            _ _ _ _   
            _ _ _ _   
         _ _ _ _ _ _ _ 
        _ _ _ _ _ a _ _ 
       _ _ a _ _ 1 1 _ _ 
      _ _ _ _ _ 1 _ _ _ _ 
       _ 1 _ _ 2 a _ _ _   
      _ _ _ _ 1 _ _ _ _ _ 
       _ _ _ _ _ _ _ _ _ 
        _ _ a _ _ a _ _ 
         _ _ b _ _ _ _ 
            _ _ _ _   
count of prune: 533

            _ 1 _ _   
         _ _ _ _ _ _ _ 
        _ _ _ _ _ a _ _ 
       _ _ a _ _ 2 1 _ _ 
      _ _ _ _ _ 1 _ _ _ _ 
       _ 1 _ _ 2 a _ _ _   
      _ _ _ _ 1 _ _ _ _ _ 
       _ _ _ _ _ _ _ _ _ 
        _ _ a _ _ a _ _ 
         _ _ b _ _ _ _ 
            _ _ _ _   
            _ 1 _ _   
         _ _ _ _ _ _ _ 
        _ _ _ _ _ a _ _ 
       _ _ a _ _ 2 1 _ _ 
      _ _ _ _ _ 1 _ _ _ _ 
       _ 1 _ _ 2 a _ _ _   
      _ _ _ _ 1 _ _ _ _ _ 
       _ _ _ _ _ _ _ _ _ 
        _ _ b _ _ a _ _ 
         _ _ 2 _ _ _ _ 
            _ a _ _   
count of prune: 1153

            _ 1 _ _   
         _ _ _ _ _ _ _ 
        _ _ _ _ _ a _ _ 
       _ _ a _ _ 2 1 _ _ 
      _ _ _ _ _ 1 _ _ _ _ 
       _ 2 _ _ 2 a _ _ _   
      _ _ _ _ 1 _ _ _ _ _ 
       _ _ 1 _ _ _ _ _ _ 
        _ _ b _ _ a _ _ 
         _ _ 2 _ _ _ _ 
            _ a _ _   
            _ 1 _ _   
         _ _ _ _ _ _ _ 
        _ _ _ _ _ a _ _ 
       _ _ a _ _ 2 1 _ _ 
      _ _ _ _ _ 1 _ _ _ _ 
       _ 2 _ _ 2 a _ _ _   
      _ _ _ _ 1 _ _ _ _ _ 
       _ _ 1 _ _ _ _ _ _ 
        _ _ b _ _ a _ _ 
         _ _ 2 _ _ _ _ 
            _ b a _   
count of prune: 1763

            _ 2 _ _   
         _ _ _ _ _ _ _ 
        _ _ 1 _ _ a _ _ 
       _ _ a _ _ 2 1 _ _ 
      _ _ _ _ _ 1 _ _ _ _ 
       _ 2 _ _ 2 a _ _ _   
      _ _ _ _ 1 _ _ _ _ _ 
       _ _ 1 _ _ _ _ _ _ 
        _ _ b _ _ a _ _ 
         _ _ 2 _ _ _ _ 
            _ b a _   
            _ 2 _ _   
         _ _ _ _ _ _ _ 
        _ _ 1 _ _ a _ _ 
       _ _ a _ _ 2 1 _ _ 
      _ _ _ _ _ 1 _ _ _ _ 
       _ 2 _ _ 2 a _ _ _   
      _ _ _ _ 1 _ _ _ _ _ 
       _ _ 1 _ _ _ _ _ _ 
        _ _ b _ _ a _ _ 
         _ _ 2 a _ _ _ 
            _ b b _   
count of prune: 2476

            _ 2 _ _   
         _ _ _ _ _ _ _ 
        _ _ 1 _ _ a _ _ 
       _ _ a _ _ 2 1 _ _ 
      _ _ _ _ _ 1 _ _ _ _ 
       _ 2 _ _ 2 a _ _ _   
      _ _ _ _ 1 _ _ _ _ _ 
       _ _ 2 _ 1 _ _ _ _ 
        _ _ b _ _ a _ _ 
         _ _ 2 a _ _ _ 
            _ b b _   
            _ 2 _ _   
         _ _ _ _ _ _ _ 
        _ _ 1 _ _ a _ _ 
       _ _ a _ _ 2 1 _ _ 
      _ _ _ _ _ 1 _ _ _ _ 
       _ 2 _ _ 2 a _ _ _   
      _ _ _ _ 1 _ _ _ _ _ 
       _ _ 2 _ 1 _ _ _ _ 
        _ _ b a _ a _ _ 
         _ _ 2 b _ _ _ 
            _ b b _   
count of prune: 3176

            _ 2 _ _   
         _ _ _ _ _ _ _ 
        _ _ 1 _ _ a _ _ 
       _ _ a _ _ 2 1 _ _ 
      _ _ _ _ _ 1 _ _ _ _ 
       _ 2 _ _ 2 a _ _ _   
      _ _ _ _ 1 _ _ _ _ _ 
       _ _ 2 _ 2 _ _ _ _ 
        _ _ b a 1 a _ _ 
         _ _ 2 b _ _ _ 
            _ b b _   
            _ 2 _ _   
         _ _ _ _ _ _ _ 
        _ _ 1 _ _ a _ _ 
       _ _ a _ _ 2 1 _ _ 
      _ _ _ _ _ 1 _ _ _ _ 
       _ 2 _ _ 2 a _ _ _   
      _ _ _ _ 1 _ _ _ _ _ 
       _ _ 2 a 2 _ _ _ _ 
        _ _ b b 1 a _ _ 
         _ _ 2 b _ _ _ 
            _ b b _   
count of prune: 4195

            _ 2 _ _   
         _ _ _ _ _ _ _ 
        _ _ 2 _ _ a _ _ 
       _ _ a _ _ 2 1 _ _ 
      _ _ _ _ _ 1 _ _ _ _ 
       _ 2 _ _ b a _ _ _   
      _ _ _ _ 1 1 _ _ _ _ 
       _ _ 2 a 2 _ _ _ _ 
        _ _ b b 1 a _ _ 
         _ _ 2 b _ _ _ 
            _ b b _   
            _ 2 _ _   
         _ _ _ _ _ _ _ 
        _ _ 2 _ _ a _ _ 
       _ _ a _ _ 2 1 _ _ 
      _ _ _ _ _ 1 _ _ _ _ 
       _ 2 _ _ b a _ _ _   
      _ _ _ _ 1 1 _ _ _ _ 
       _ _ 2 b 2 _ _ _ _ 
        _ _ 2 b 1 a _ _ 
         _ a 2 b _ _ _ 
            _ b b _   
count of prune: 4601

            _ 2 _ _   
         _ _ _ _ _ _ _ 
        _ _ 2 _ _ a _ _ 
       _ _ a _ _ 2 1 _ _ 
      _ _ _ _ _ 1 _ _ _ _ 
       _ 2 _ _ b a _ _ _   
      _ _ _ _ 1 2 _ _ _ _ 
       _ _ 2 b b _ _ _ _ 
        _ _ 2 2 1 a _ _ 
         _ a b b _ _ _ 
            1 b b _   
            _ 2 _ _   
         _ _ _ _ _ _ _ 
        _ _ 2 _ _ a _ _ 
       _ _ a _ _ 2 1 _ _ 
      _ _ _ _ _ 1 _ _ _ _ 
       _ 2 _ _ b a _ _ _   
      _ _ _ _ 1 2 _ _ _ _ 
       _ _ 2 b b _ _ _ _ 
        _ _ 2 2 1 a _ _ 
         _ b 2 2 a _ _ 
            1 b b _   
count of prune: 4861

            _ 2 _ _   
         _ _ _ _ _ _ _ 
        _ _ 2 _ _ a _ _ 
       _ _ a _ _ 2 1 _ _ 
      _ _ _ _ _ 1 _ _ _ _ 
       _ 2 _ _ b a _ _ _   
      _ _ _ _ 1 2 _ _ _ _ 
       _ _ 2 b b _ _ _ _ 
        _ _ 2 2 1 a _ _ 
         _ b 2 2 a _ _ 
            2 2 2 1   
            _ 2 _ _   
         _ _ _ _ _ _ _ 
        _ _ 2 _ _ a _ _ 
       _ _ a _ _ 2 1 _ _ 
      _ _ _ _ _ 1 _ _ _ _ 
       _ 2 _ _ b a _ _ _   
      _ _ _ _ 1 2 _ _ _ _ 
       _ _ 2 b b _ _ _ _ 
        _ _ 2 2 1 a _ _ 
         _ b 2 2 b a _ 
            2 2 2 1   
count of prune: 5183

            _ 2 _ _   
         _ _ _ _ _ _ _ 
        _ _ 2 _ _ a _ _ 
       _ _ a _ _ 2 1 _ _ 
      _ _ _ _ _ 1 _ _ _ _ 
       _ 2 _ _ b a _ _ _   
      _ _ 1 _ 2 2 _ _ _ _ 
       _ _ 2 b b _ _ _ _ 
        _ _ 2 2 1 a _ _ 
         _ b 2 2 b a _ 
            2 2 2 1   
            _ 2 _ _   
         _ _ _ _ _ _ _ 
        _ _ 2 _ _ a _ _ 
       _ _ a _ _ 2 1 _ _ 
      _ _ _ _ _ 1 _ _ _ _ 
       _ 2 _ _ b a _ _ _   
      _ _ 1 _ 2 2 _ _ _ _ 
       _ _ 2 b b _ _ _ _ 
        _ _ 2 2 1 a _ _ 
         a 2 b b 2 b _ 
            2 2 2 1   
count of prune: 5540

            _ 2 _ _   
         _ _ _ _ _ _ _ 
        _ _ 2 _ _ a _ _ 
       _ _ a _ _ 2 1 _ _ 
      _ _ _ _ _ 1 _ _ _ _ 
       _ 2 _ _ b a _ _ _   
      _ _ 2 _ 2 2 _ _ _ _ 
       _ 1 2 b b _ _ _ _ 
        _ _ 2 2 1 a _ _ 
         a 2 b b 2 b _ 
            2 2 2 1   
            _ 2 _ _   
         _ _ _ _ _ _ _ 
        _ _ 2 _ _ a _ _ 
       _ _ a _ _ 2 1 _ _ 
      _ _ _ _ _ 1 _ _ _ _ 
       _ 2 _ _ b a _ _ _   
      _ _ 2 _ 2 2 _ _ _ _ 
       _ 1 2 b b _ _ _ _ 
        a _ 2 2 1 a _ _ 
         b 2 b b 2 b _ 
            2 2 2 1   
count of prune: 5812

            _ 2 _ _   
         _ _ _ _ _ _ _ 
        _ _ 2 _ _ a _ _ 
       _ _ a _ _ 2 1 _ _ 
      _ _ _ _ _ 1 _ _ _ _ 
       _ 2 _ _ b a _ _ _   
      _ _ 2 _ 2 2 _ _ _ _ 
       _ 2 b 2 2 1 _ _ _ 
        a _ 2 2 1 a _ _ 
         b 2 b b 2 b _ 
            2 2 2 1   
            _ 2 _ _   
         _ _ _ _ _ _ _ 
        _ _ 2 _ _ a _ _ 
       _ _ a _ _ 2 1 _ _ 
      _ _ _ _ _ 1 _ _ _ _ 
       _ 2 _ _ b a _ _ _   
      _ _ 2 _ 2 2 _ _ _ _ 
       a 2 b 2 2 1 _ _ _ 
        b _ 2 2 1 a _ _ 
         b 2 b b 2 b _ 
            2 2 2 1   
count of prune: 6799

            _ 2 _ _   
         _ _ _ _ _ _ _ 
        _ _ 2 _ _ a _ _ 
       _ _ a _ _ 2 _ _ _ 
      _ _ _ _ 1 1 _ _ _ _ 
       _ 2 _ _ _ a _ _ _   
      _ _ 2 _ _ b _ _ _ _ 
       a 2 b _ 2 2 _ _ _ 
        b _ _ 2 1 a _ _ 
         b _ b b 2 b _ 
            2 2 2 1   
            _ 2 _ _   
         _ _ _ _ _ _ _ 
        _ _ 2 _ _ a _ _ 
       _ _ a _ _ 2 _ _ _ 
      _ _ _ _ 1 1 _ _ _ _ 
       _ 2 _ _ _ a _ _ _   
      a _ 2 _ _ b _ _ _ _ 
       b 2 b _ 2 2 _ _ _ 
        b _ _ 2 1 a _ _ 
         b _ b b 2 b _ 
            2 2 2 1   
count of prune: 6976

            _ 2 _ _   
         _ _ _ _ _ _ _ 
        _ _ 2 _ _ a _ _ 
       _ _ a _ _ 2 _ _ _ 
      _ _ _ _ 1 1 _ _ _ _ 
       _ 2 _ _ _ a _ _ _   
      a _ 2 _ _ b _ _ _ _ 
       b 2 b _ 2 2 _ _ _ 
        b _ _ 2 1 a 1 _ 
         b _ b b 2 2 _ 
            2 2 2 2   
            _ 2 _ _   
         _ _ _ _ _ _ _ 
        _ _ 2 _ _ a _ _ 
       _ _ a _ _ 2 _ _ _ 
      _ _ _ _ 1 1 _ _ _ _ 
       _ 2 _ _ _ a _ _ _   
      b a 2 _ _ b _ _ _ _ 
       b 2 b _ 2 2 _ _ _ 
        b _ _ 2 1 a 1 _ 
         b _ b b 2 2 _ 
            2 2 2 2   
count of prune: 7507

            _ 2 _ _   
         _ _ _ _ _ _ _ 
        _ _ 2 _ _ a _ _ 
       _ _ a _ _ 2 _ _ _ 
      _ _ _ _ 1 1 _ _ _ _ 
       _ 2 _ _ _ a _ _ _   
      b a 2 _ _ b _ _ _ _ 
       b 2 b _ 2 2 _ _ _ 
        b _ _ 2 1 a 2 _ 
         b _ b b 2 2 1 
            2 2 2 2   
            _ 2 _ _   
         _ _ _ _ _ _ _ 
        _ _ 2 _ _ a _ _ 
       _ _ a _ _ 2 _ _ _ 
      _ _ _ _ 1 1 _ _ _ _ 
       _ 2 _ _ _ a _ _ _   
      b b 2 _ _ b _ _ _ _ 
       b b b _ 2 2 _ _ _ 
        b a _ 2 1 a 2 _ 
         b _ b b 2 2 1 
            2 2 2 2   
count of prune: 7706

            _ 2 _ _   
         _ _ _ _ _ _ _ 
        _ _ 2 _ _ a _ _ 
       _ _ a _ _ 2 _ _ _ 
      _ _ _ _ 1 1 _ _ _ _ 
       _ 2 _ _ _ a _ _ _   
      b b 2 _ _ b _ _ _ _ 
       b b b _ 2 2 _ _ _ 
        b a _ 2 1 a 2 _ 
         b 1 2 2 b b 2 
            2 2 2 2   
            _ 2 _ _   
         _ _ _ _ _ _ _ 
        _ _ 2 _ _ a _ _ 
       _ _ a _ _ 2 _ _ _ 
      _ _ _ _ 1 1 _ _ _ _ 
       a 2 _ _ _ a _ _ _   
      b 2 2 _ _ b _ _ _ _ 
       b 2 b _ 2 2 _ _ _ 
        b b _ 2 1 a 2 _ 
         b 1 2 2 b b 2 
            2 2 2 2   
count of prune: 8282

            _ 2 _ _   
         _ _ _ _ _ _ _ 
        _ _ 2 _ _ a _ _ 
       _ _ a _ _ 2 _ _ _ 
      _ _ _ _ 1 1 _ _ _ _ 
       a 2 _ _ _ a _ _ _   
      b 2 2 _ _ b _ _ _ _ 
       b 2 b _ 2 2 _ _ _ 
        b b 1 2 1 a 2 _ 
         b 2 2 2 b b 2 
            2 2 2 2   
            _ 2 _ _   
         _ _ _ _ _ _ _ 
        _ _ 2 _ _ a _ _ 
       _ _ a _ _ 2 _ _ _ 
      a _ _ _ 1 1 _ _ _ _ 
       b 2 _ _ _ a _ _ _   
      b 2 2 _ _ b _ _ _ _ 
       b 2 b _ 2 2 _ _ _ 
        b b 1 2 1 a 2 _ 
         b 2 2 2 b b 2 
            2 2 2 2   
count of prune: 8534

            _ 2 _ _   
         _ _ _ _ _ _ _ 
        _ _ 2 _ _ a _ _ 
       _ _ a _ _ 2 _ _ _ 
      a _ _ _ 2 1 _ _ _ _ 
       b 2 _ _ _ a _ _ _   
      b 2 2 1 _ b _ _ _ _ 
       b 2 b _ 2 2 _ _ _ 
        b b 1 2 1 a 2 _ 
         b 2 2 2 b b 2 
            2 2 2 2   
            _ 2 _ _   
         _ _ _ _ _ _ _ 
        _ _ 2 _ _ a _ _ 
       _ _ b _ _ 2 _ _ _ 
      a _ _ _ 2 1 _ _ _ _ 
       b 2 _ _ _ a _ _ _   
      b 2 2 1 a b _ _ _ _ 
       b 2 b _ 2 2 _ _ _ 
        b b 1 2 1 a 2 _ 
         b 2 2 2 b b 2 
            2 2 2 2   
count of prune: 8732

            _ 2 _ _   
         _ _ _ _ _ _ _ 
        _ _ 2 _ _ a _ _ 
       _ _ b _ _ 2 _ _ _ 
      a _ _ _ 2 1 _ _ _ _ 
       b 2 _ _ _ a _ _ _   
      b 2 2 2 a b _ _ _ _ 
       b 2 b 1 2 2 _ _ _ 
        b b 1 2 1 a 2 _ 
         b 2 2 2 b b 2 
            2 2 2 2   
            _ 2 _ _   
         _ _ _ _ _ _ _ 
        _ _ 2 _ _ a _ _ 
       _ _ b _ _ 2 _ _ _ 
      a _ _ _ 2 1 _ _ _ _ 
       b 2 _ _ _ b _ _ _   
      b 2 2 2 a b _ _ _ _ 
       b 2 b 1 2 2 a _ _ 
        b b 1 2 1 a 2 _ 
         b 2 2 2 b b 2 
            2 2 2 2   
count of prune: 8823

            _ 2 _ _   
         _ _ _ _ _ _ _ 
        _ _ 2 _ _ a _ _ 
       _ _ b _ _ 2 _ _ _ 
      a 1 _ _ 2 1 _ _ _ _ 
       b b _ _ _ b _ _ _   
      b 2 b 2 a b _ _ _ _ 
       b 2 2 1 2 2 a _ _ 
        b b 2 2 1 a 2 _ 
         b 2 2 2 b b 2 
            2 2 2 2   
            _ 2 _ _   
         _ _ _ _ _ _ _ 
        _ _ 2 _ _ a _ _ 
       _ _ b _ _ 2 _ _ _ 
      a 1 _ _ 2 1 _ _ _ _ 
       b b _ _ a b _ _ _   
      b 2 b 2 b b _ _ _ _ 
       b 2 2 1 2 2 a _ _ 
        b b 2 2 1 a 2 _ 
         b 2 2 2 b b 2 
            2 2 2 2   
count of prune: 8981

            _ 2 _ _   
         _ _ _ _ _ _ _ 
        _ _ 2 _ _ a _ _ 
       _ _ b _ _ 2 _ _ _ 
      a 1 _ _ 2 1 _ _ _ _ 
       b b _ 1 a b _ _ _   
      b 2 b 2 2 b _ _ _ _ 
       b 2 2 1 b 2 a _ _ 
        b b 2 2 2 a 2 _ 
         b 2 2 2 b b 2 
            2 2 2 2   
            _ 2 _ _   
         _ _ _ _ _ _ _ 
        _ _ 2 _ _ a _ _ 
       _ _ b a _ 2 _ _ _ 
      a 1 _ _ b 1 _ _ _ _ 
       b b _ 1 b b _ _ _   
      b 2 b 2 2 b _ _ _ _ 
       b 2 2 1 b 2 a _ _ 
        b b 2 2 2 a 2 _ 
         b 2 2 2 b b 2 
            2 2 2 2   
count of prune: 9169

            _ 2 _ _   
         _ _ _ _ _ _ _ 
        _ _ 2 _ _ a _ _ 
       _ _ b a 1 2 _ _ _ 
      a 1 _ _ 2 1 _ _ _ _ 
       b b _ 2 b b _ _ _   
      b 2 b 2 2 b _ _ _ _ 
       b 2 2 1 b 2 a _ _ 
        b b 2 2 2 a 2 _ 
         b 2 2 2 b b 2 
            2 2 2 2   
            _ 2 _ _   
         _ a _ _ _ _ _ 
        _ _ b _ _ a _ _ 
       _ _ b b 1 2 _ _ _ 
      a 1 _ _ 2 1 _ _ _ _ 
       b b _ 2 b b _ _ _   
      b 2 b 2 2 b _ _ _ _ 
       b 2 2 1 b 2 a _ _ 
        b b 2 2 2 a 2 _ 
         b 2 2 2 b b 2 
            2 2 2 2   
count of prune: 9566

            _ 2 _ _   
         _ a _ _ _ _ _ 
        _ _ b _ _ a _ _ 
       _ _ 2 2 _ 2 _ _ _ 
      a 1 _ _ _ 1 _ _ _ _ 
       b b _ _ b b _ _ _   
      b 2 b _ 2 b _ _ _ _ 
       b 2 _ 1 b 2 a _ _ 
        b b 2 2 2 a 2 _ 
         b 2 2 2 b b 2 
            2 2 2 2   
            _ 2 _ _   
         _ b _ _ _ _ _ 
        _ _ 2 _ _ a _ _ 
       _ _ 2 b _ 2 _ _ _ 
      a 1 _ _ a 1 _ _ _ _ 
       b b _ _ b b _ _ _   
      b 2 b _ 2 b _ _ _ _ 
       b 2 _ 1 b 2 a _ _ 
        b b 2 2 2 a 2 _ 
         b 2 2 2 b b 2 
            2 2 2 2   
count of prune: 9727

            _ 2 _ _   
         _ b _ _ _ _ _ 
        _ _ 2 _ _ a _ _ 
       _ _ 2 b _ 2 _ _ _ 
      a 1 _ _ a 1 _ _ _ _ 
       b b _ _ b b _ _ _   
      b 2 b 1 2 b _ _ _ _ 
       b 2 _ 2 b 2 a _ _ 
        b b 2 2 2 a 2 _ 
         b 2 2 2 b b 2 
            2 2 2 2   
            _ 2 _ _   
         _ b _ _ _ _ _ 
        _ _ 2 _ _ a _ _ 
       _ _ 2 b _ 2 _ _ _ 
      a 1 _ _ b 1 _ _ _ _ 
       b b _ a b b _ _ _   
      b 2 b 1 2 b _ _ _ _ 
       b 2 _ 2 b 2 a _ _ 
        b b 2 2 2 a 2 _ 
         b 2 2 2 b b 2 
            2 2 2 2   
count of prune: 9789

            _ 2 _ _   
         _ b _ _ _ _ _ 
        _ _ 2 _ _ a _ _ 
       _ _ 2 b _ 2 _ _ _ 
      a _ _ _ b 1 _ _ _ _ 
       b b _ a b b _ _ _   
      b 2 b _ 2 b _ _ _ _ 
       b 2 1 _ b 2 a _ _ 
        b b 2 _ 2 a 2 _ 
         b 2 2 _ b b 2 
            2 2 _ 2   
***********************************

-> You are player 1
-> You are alloted a time of 120s

***********************************

Time remaining is: 120s
You played : P 0 0
P 0 0 True
Player 2 played : P 3 15
P 3 15 True
Time remaining is: 120s
You played : P 1 5
P 1 5 True
Player 2 played : P 3 11
P 3 11 True
Time remaining is: 120s
You played : P 1 2
P 1 2 True
Player 2 played : P 4 7
P 4 7 True
Time remaining is: 120s
You played : P 3 16
P 3 16 True
Player 2 played : P 3 6
P 3 6 True
Time remaining is: 120s
You played : P 2 10
P 2 10 True
Player 2 played : P 3 3
P 3 3 True
Time remaining is: 120s
You played : S 0 0 M 3 9
S 0 0 True
M 3 9 True
Player 2 played : S 4 7 M 1 0
S 4 7 True
M 1 0 True
Time remaining is: 120s
You played : S 2 10 M 5 22
S 2 10 True
M 5 22 True
Player 2 played : S 3 6 M 5 8
S 3 6 True
M 5 8 True
Time remaining is: 119s
You played : S 3 9 M 3 7
S 3 9 True
M 3 7 True
Player 2 played : S 5 8 M 5 7
S 5 8 True
M 5 7 True
Time remaining is: 116s
You played : S 5 22 M 3 12
S 5 22 True
M 3 12 True
Player 2 played : S 5 7 M 4 6
S 5 7 True
M 4 6 True
Time remaining is: 114s
You played : S 3 7 M 2 3
S 3 7 True
M 2 3 True
Player 2 played : S 4 6 M 3 5
S 4 6 True
M 3 5 True
Time remaining is: 111s
You played : S 2 3 M 3 4
S 2 3 True
M 3 4 True
Player 2 played : S 3 5 M 2 4
S 3 5 True
M 2 4 True
Time remaining is: 109s
You played : S 3 12 M 1 1
S 3 12 True
M 1 1 True
Player 2 played : S 2 4 M 4 8
S 2 4 True
M 4 8 True
Time remaining is: 105s
You played : S 1 1 M 5 9
S 1 1 True
M 5 9 True
Player 2 played : S 4 8 M 4 5
S 4 8 True
M 4 5 True
Time remaining is: 103s
You played : S 5 9 M 5 6
S 5 9 True
M 5 6 True
Player 2 played : S 4 5 M 4 4
S 4 5 True
M 4 4 True
Time remaining is: 102s
You played : S 1 2 M 3 8
S 1 2 True
M 3 8 True
Player 2 played : S 4 4 M 5 11
S 4 4 True
M 5 11 True
Time remaining is: 101s
You played : S 3 8 M 4 10
S 3 8 True
M 4 10 True
Player 2 played : S 5 11 M 5 12
S 5 11 True
M 5 12 True
Time remaining is: 100s
You played : S 4 10 M 2 2
S 4 10 True
M 2 2 True
Player 2 played : S 5 12 M 5 13
S 5 12 True
M 5 13 True
Time remaining is: 98s
You played : S 2 2 M 1 4 RS 4 8 RE 0 0 X 3 16
S 2 2 True
M 1 4 True
RS 4 8 True
RE 0 0 True
X 3 16 True
Player 2 played : S 5 13 M 5 14
S 5 13 True
M 5 14 True
Time remaining is: 94s
You played : S 5 6 M 4 3
S 5 6 True
M 4 3 True
Player 2 played : S 5 14 M 4 11
S 5 14 True
M 4 11 True
Time remaining is: 94s
You played : S 4 3 M 5 4
S 4 3 True
M 5 4 True
Player 2 played : S 4 11 M 4 9
S 4 11 True
M 4 9 True
Time remaining is: 91s
You played : S 5 4 M 4 8
S 5 4 True
M 4 8 True
Player 2 played : S 4 9 M 4 12
S 4 9 True
M 4 12 True
Time remaining is: 89s
You played : S 4 8 M 3 6
S 4 8 True
M 3 6 True
Player 2 played : S 4 12 M 5 16
S 4 12 True
M 5 16 True
Time remaining is: 86s
You played : S 1 4 M 2 5
S 1 4 True
M 2 5 True
Player 2 played : S 3 11 M 1 2
S 3 11 True
M 1 2 True
Time remaining is: 84s
You played : S 2 5 M 2 4
S 2 5 True
M 2 4 True
Player 2 played : S 1 0 M 3 2
S 1 0 True
M 3 2 True
Time remaining is: 83s
You played : S 3 6 M 4 13
S 3 6 True
M 4 13 True
Player 2 played : S 1 2 M 0 0
S 1 2 True
M 0 0 True
Time remaining is: 83s
You played : S 3 4 M 1 3
S 3 4 True
M 1 3 True
Player 2 played : S 0 0 M 2 8
S 0 0 True
M 2 8 True
Time remaining is: 82s
You played : S 1 3 M 2 9
S 1 3 True
M 2 9 True
Player 2 played : S 2 8 M 4 16
S 2 8 True
M 4 16 True
Time remaining is: 81s
You played : S 2 9 M 4 14 RS 3 7 RE 2 9 X 4 14
S 2 9 True
M 4 14 True
RS 3 7 True
RE 2 9 True
X 4 14 True
Player 2 played : S 4 16 M 1 4
S 4 16 True
M 1 4 True
Time remaining is: 79s
You played : S 2 4 M 2 5
S 2 4 True
M 2 5 True
Player 2 played : S 1 4 M 1 3
S 1 4 True
M 1 3 True
Time remaining is: 78s
You played : S 2 5 M 3 7 RS 2 5 RE 5 7 X 4 13
S 2 5 True
M 3 7 True
RS 2 5 True
RE 5 7 True
X 4 13 True
YOU WIN!
Your Score : 10.017
Opponent's Score : 0.017
