***********************************

-> You are player 2
-> You are alloted a time of 120s

***********************************

Player 1 played : P 1 0
P 1 0 True
Time remaining is: 120s
You played : P 0 0
P 0 0 True
Player 1 played : P 2 5
P 2 5 True
Time remaining is: 120s
You played : P 3 16
P 3 16 True
Player 1 played : P 2 7
P 2 7 True
Time remaining is: 120s
You played : P 1 1
P 1 1 True
Player 1 played : P 2 10
P 2 10 True
Time remaining is: 120s
You played : P 1 5
P 1 5 True
Player 1 played : P 2 2
P 2 2 True
Time remaining is: 120s
You played : P 1 3
P 1 3 True
Player 1 played : S 2 10 M 4 18
S 2 10 True
M 4 18 True
Time remaining is: 120s
You played : S 0 0 M 2 8
S 0 0 True
M 2 8 True
Player 1 played : S 4 18 M 3 14
S 4 18 True
M 3 14 True
Time remaining is: 119s
You played : S 3 16 M 2 11
S 3 16 True
M 2 11 True
Player 1 played : S 2 2 M 3 3
S 2 2 True
M 3 3 True
Time remaining is: 117s
You played : S 2 8 M 2 9
S 2 8 True
M 2 9 True
Player 1 played : S 2 7 M 3 13
S 2 7 True
M 3 13 True
Time remaining is: 116s
You played : S 2 9 M 1 4
S 2 9 True
M 1 4 True
Player 1 played : S 1 0 M 3 0
S 1 0 True
M 3 0 True
Time remaining is: 115s
You played : S 1 4 M 3 10
S 1 4 True
M 3 10 True
Player 1 played : S 3 0 M 3 15
S 3 0 True
M 3 15 True
Time remaining is: 114s
You played : S 3 10 M 2 6
S 3 10 True
M 2 6 True
Player 1 played : S 2 5 M 4 11
S 2 5 True
M 4 11 True
Time remaining is: 114s
You played : S 2 11 M 4 23
S 2 11 True
M 4 23 True
Player 1 played : S 4 11 M 3 11
S 4 11 True
M 3 11 True
Time remaining is: 113s
You played : S 4 23 M 3 1
S 4 23 True
M 3 1 True
Player 1 played : S 3 15 M 4 20
S 3 15 True
M 4 20 True
Time remaining is: 112s
You played : S 3 1 M 3 2
S 3 1 True
M 3 2 True
Player 1 played : S 4 20 M 4 0
S 4 20 True
M 4 0 True
Time remaining is: 112s
You played : S 1 5 M 2 1
S 1 5 True
M 2 1 True
Player 1 played : S 3 14 M 2 0
S 3 14 True
M 2 0 True
Time remaining is: 111s
You played : S 3 2 M 2 3
S 3 2 True
M 2 3 True
Player 1 played : S 4 0 M 4 1
S 4 0 True
M 4 1 True
Time remaining is: 111s
You played : S 2 1 M 3 4 RS 3 2 RE 2 9 X 2 3
S 2 1 True
M 3 4 True
RS 3 2 True
RE 2 9 True
X 2 3 True
Player 1 played : S 4 1 M 3 17
S 4 1 True
M 3 17 True
Time remaining is: 111s
You played : S 1 1 M 5 1
S 1 1 True
M 5 1 True
Player 1 played : S 3 17 M 5 29
S 3 17 True
M 5 29 True
Time remaining is: 110s
You played : S 1 3 M 1 2
S 1 3 True
M 1 2 True
Player 1 played : S 3 3 M 3 12
S 3 3 True
M 3 12 True
Time remaining is: 110s
You played : S 1 2 M 2 1
S 1 2 True
M 2 1 True
Player 1 played : S 3 11 M 2 3
S 3 11 True
M 2 3 True
Time remaining is: 109s
You played : S 2 6 M 1 0
S 2 6 True
M 1 0 True
Player 1 played : S 3 13 M 3 8
S 3 13 True
M 3 8 True
Time remaining is: 109s
You played : S 1 0 M 4 21
S 1 0 True
M 4 21 True
Player 1 played : S 5 29 M 1 5
S 5 29 True
M 1 5 True
Time remaining is: 109s
You played : S 5 1 M 4 22
S 5 1 True
M 4 22 True
Player 1 played : S 2 3 M 3 2
S 2 3 True
M 3 2 True
Time remaining is: 109s
You played : S 4 21 M 5 24
S 4 21 True
M 5 24 True
Player 1 played : S 3 12 M 5 27
S 3 12 True
M 5 27 True
Time remaining is: 108s
You played : S 5 24 M 2 9
S 5 24 True
M 2 9 True
Player 1 played : S 3 8 M 5 23
S 3 8 True
M 5 23 True
Time remaining is: 108s
You played : S 3 4 M 4 15
S 3 4 True
M 4 15 True
Player 1 played : S 5 23 M 4 10
S 5 23 True
M 4 10 True
Time remaining is: 108s
You played : S 4 15 M 4 5
S 4 15 True
M 4 5 True
Player 1 played : S 2 0 M 3 9 RS 3 0 RE 1 3 X 3 2
S 2 0 True
M 3 9 True
RS 3 0 True
RE 1 3 True
X 3 2 True
Time remaining is: 108s
You played : S 2 9 M 4 14 RS 3 8 RE 3 13 X 4 14
S 2 9 True
M 4 14 True
RS 3 8 True
RE 3 13 True
X 4 14 True
Player 1 played : S 1 5 M 1 0
S 1 5 True
M 1 0 True
Time remaining is: 106s
You played : S 2 1 M 2 0
S 2 1 True
M 2 0 True
Player 1 played : S 1 0 M 3 5
S 1 0 True
M 3 5 True
Time remaining is: 96s
You played : S 4 22 M 5 28
S 4 22 True
M 5 28 True
Player 1 played : S 3 9 M 1 3
S 3 9 True
M 1 3 True
Time remaining is: 89s
You played : S 5 28 M 3 0 RS 5 28 RE 2 9 X 3 0
S 5 28 True
M 3 0 True
RS 5 28 True
RE 2 9 True
X 3 0 True
YOU WIN!
Your Score : 9.011
Opponent's Score : 1.021
