Started the contest
1 5 120
5
Player is initialized! Now perform any move
Initial board configuration

Neighbours explored 113897
Neighbours explored 136223
Neighbours explored 160380
Neighbours explored 77745
Neighbours explored 1195313
Neighbours explored 468550
Neighbours explored 424165
Neighbours explored 1313092
Neighbours explored 4099359
Neighbours explored 7805927
Neighbours explored 12194174
Neighbours explored 19243536
***********************************

-> You are player 1
-> You are alloted a time of 120s

***********************************

Time remaining is: 120s
You played : P 0 0
P 0 0 True
Player 2 played : P 1 0
P 1 0 True
Time remaining is: 120s
You played : P 1 1
P 1 1 True
Player 2 played : P 1 2
P 1 2 True
Time remaining is: 120s
You played : P 1 3
P 1 3 True
Player 2 played : P 1 4
P 1 4 True
Time remaining is: 120s
You played : P 1 5
P 1 5 True
Player 2 played : P 2 0
P 2 0 True
Time remaining is: 120s
You played : P 2 1
P 2 1 True
Player 2 played : P 2 2
P 2 2 True
Time remaining is: 120s
You played : S 1 3 M 2 6
S 1 3 True
M 2 6 True
Player 2 played : S 2 0 M 5 22
S 2 0 True
M 5 22 True
Time remaining is: 120s
You played : S 2 6 M 2 7
S 2 6 True
M 2 7 True
Player 2 played : S 5 22 M 5 24
S 5 22 True
M 5 24 True
Time remaining is: 120s
You played : S 1 5 M 3 13
S 1 5 True
M 3 13 True
Player 2 played : S 5 24 M 5 23
S 5 24 True
M 5 23 True
Time remaining is: 119s
You played : S 3 13 M 2 8
S 3 13 True
M 2 8 True
Player 2 played : S 1 0 M 3 0
S 1 0 True
M 3 0 True
Time remaining is: 119s
You played : S 1 1 M 2 11
S 1 1 True
M 2 11 True
Player 2 played : S 1 4 M 2 5
S 1 4 True
M 2 5 True
Time remaining is: 117s
You played : S 2 8 M 2 9
S 2 8 True
M 2 9 True
Player 2 played : S 5 23 M 3 16
S 5 23 True
M 3 16 True
Time remaining is: 115s
You played : S 2 9 M 3 11
S 2 9 True
M 3 11 True
Player 2 played : S 3 16 M 3 15
S 3 16 True
M 3 15 True
Time remaining is: 114s
You played : S 2 1 M 3 17 RS 2 1 RE 3 13 X 3 11
S 2 1 True
M 3 17 True
RS 2 1 True
RE 3 13 True
X 3 11 True
Player 2 played : S 2 5 M 3 10
S 2 5 True
M 3 10 True
Time remaining is: 112s
You played : S 0 0 M 3 12
S 0 0 True
M 3 12 True
Player 2 played : S 1 2 M 1 5
S 1 2 True
M 1 5 True
Time remaining is: 102s
You played : S 2 7 M 2 3
S 2 7 True
M 2 3 True
Player 2 played : S 3 10 M 4 11
S 3 10 True
M 4 11 True
Time remaining is: 85s
You played : S 3 17 M 2 1
S 3 17 True
M 2 1 True
Player 2 played : S 1 5 M 4 13
S 1 5 True
M 4 13 True
Time remaining is: 59s
You played : S 3 12 M 3 11
S 3 12 True
M 3 11 True
Player 2 played : S 3 0 M 5 7
S 3 0 True
M 5 7 True
Time remaining is: 17s
ERROR : THIS CLIENT RAN OUT OF TIME!
