***********************************

-> You are player 1
-> You are alloted a time of 120s

***********************************

Time remaining is: 120s
You played : P 0 0
P 0 0 True
Player 2 played : P 2 0
P 2 0 True
Time remaining is: 120s
You played : P 1 4
P 1 4 True
Player 2 played : P 1 5
P 1 5 True
Time remaining is: 120s
You played : P 2 6
P 2 6 True
Player 2 played : P 2 8
P 2 8 True
Time remaining is: 120s
You played : P 2 11
P 2 11 True
Player 2 played : P 2 3
P 2 3 True
Time remaining is: 120s
You played : P 1 1
P 1 1 True
Player 2 played : P 2 5
P 2 5 True
Time remaining is: 120s
You played : S 1 4 M 1 3
S 1 4 True
M 1 3 True
Player 2 played : S 2 0 M 1 0
S 2 0 True
M 1 0 True
Time remaining is: 119s
You played : S 0 0 M 1 2
S 0 0 True
M 1 2 True
Player 2 played : S 2 8 M 3 13
S 2 8 True
M 3 13 True
Time remaining is: 118s
You played : S 1 1 M 2 2
S 1 1 True
M 2 2 True
Player 2 played : S 2 3 M 5 13
S 2 3 True
M 5 13 True
Time remaining is: 118s
You played : S 2 6 M 3 9
S 2 6 True
M 3 9 True
Player 2 played : S 2 5 M 3 10
S 2 5 True
M 3 10 True
Time remaining is: 117s
You played : S 1 3 M 3 7
S 1 3 True
M 3 7 True
Player 2 played : S 1 5 M 2 7
S 1 5 True
M 2 7 True
Time remaining is: 116s
You played : S 2 2 M 3 12
S 2 2 True
M 3 12 True
Player 2 played : S 2 7 M 3 11
S 2 7 True
M 3 11 True
Time remaining is: 115s
You played : S 3 12 M 4 16
S 3 12 True
M 4 16 True
Player 2 played : S 3 11 M 2 9
S 3 11 True
M 2 9 True
Time remaining is: 115s
You played : S 3 7 M 4 9
S 3 7 True
M 4 9 True
Player 2 played : S 3 13 M 4 18
S 3 13 True
M 4 18 True
Time remaining is: 113s
You played : S 4 9 M 3 3 RS 4 9 RE 1 4 X 4 16
S 4 9 True
M 3 3 True
RS 4 9 True
RE 1 4 True
X 4 16 True
Player 2 played : S 4 18 M 2 10 RS 4 18 RE 2 6 X 1 0
S 4 18 True
M 2 10 True
RS 4 18 True
RE 2 6 True
X 1 0 True
Time remaining is: 111s
You played : S 1 2 M 2 1
S 1 2 True
M 2 1 True
Player 2 played : S 2 9 M 4 19
S 2 9 True
M 4 19 True
Time remaining is: 111s
You played : S 2 11 M 3 1
S 2 11 True
M 3 1 True
Player 2 played : S 4 19 M 4 1
S 4 19 True
M 4 1 True
Time remaining is: 110s
You played : S 3 3 M 5 3
S 3 3 True
M 5 3 True
Player 2 played : S 2 10 M 2 8
S 2 10 True
M 2 8 True
Time remaining is: 109s
You played : S 5 3 M 4 2
S 5 3 True
M 4 2 True
Player 2 played : S 2 8 M 2 6
S 2 8 True
M 2 6 True
Time remaining is: 108s
You played : S 3 1 M 3 2
S 3 1 True
M 3 2 True
Player 2 played : S 3 10 M 3 17
S 3 10 True
M 3 17 True
Time remaining is: 107s
You played : S 4 2 M 4 4
S 4 2 True
M 4 4 True
Player 2 played : S 4 1 M 4 3
S 4 1 True
M 4 3 True
Time remaining is: 104s
You played : S 3 2 M 3 0
S 3 2 True
M 3 0 True
Player 2 played : S 4 3 M 4 0
S 4 3 True
M 4 0 True
Time remaining is: 103s
You played : S 2 1 M 3 4
S 2 1 True
M 3 4 True
Player 2 played : S 2 6 M 1 3
S 2 6 True
M 1 3 True
Time remaining is: 101s
You played : S 3 4 M 4 6
S 3 4 True
M 4 6 True
Player 2 played : S 1 3 M 4 5
S 1 3 True
M 4 5 True
Time remaining is: 99s
You played : S 3 9 M 1 0
S 3 9 True
M 1 0 True
Player 2 played : S 5 13 M 5 2
S 5 13 True
M 5 2 True
Time remaining is: 98s
You played : S 4 4 M 5 6 RS 4 4 RE 0 0 X 5 6
S 4 4 True
M 5 6 True
RS 4 4 True
RE 0 0 True
X 5 6 True
Player 2 played : S 3 17 M 2 2 RS 2 10 RE 4 2 X 4 5
S 3 17 True
M 2 2 True
RS 2 10 True
RE 4 2 True
X 4 5 True
Time remaining is: 97s
You played : S 1 0 M 5 4 RS 4 3 RE 1 5 X 5 4
S 1 0 True
M 5 4 True
RS 4 3 True
RE 1 5 True
X 5 4 True
YOU WIN!
Your Score : 8.007
Opponent's Score : 2.009
