My MOVE: P 1 4 
My MOVE: P 1 5 
My MOVE: P 2 8 
My MOVE: P 2 7 
My MOVE: P 2 9 
My MOVE: S 1 5 M 2 10 
My MOVE: S 2 8 M 3 11 
My MOVE: S 3 11 M 3 10 
My MOVE: S 3 10 M 2 6 
My MOVE: S 2 6 M 3 5 
My MOVE: S 3 5 M 4 9 
My MOVE: S 2 7 M 4 13 
My MOVE: S 4 13 M 3 9 
My MOVE: S 3 9 M 5 13 
My MOVE: S 5 13 M 5 12 RS 3 11 RE 5 13 X 1 4 
My MOVE: S 4 9 M 4 11 
My MOVE: S 2 10 M 3 16 
My MOVE: S 2 9 M 3 11 
My MOVE: S 3 16 M 2 3 
My MOVE: S 5 12 M 2 7 
My MOVE: S 2 7 M 3 13 
My MOVE: S 2 3 M 4 7 
My MOVE: S 3 11 M 1 3 
My MOVE: S 4 7 M 4 5 RS 1 0 RE 4 7 X 4 5 
My MOVE: S 4 11 M 4 17 
My MOVE: S 3 13 M 1 5 
My MOVE: S 1 5 M 4 8 RS 4 13 RE 1 5 X 1 3 
***********************************

-> You are player 2
-> You are alloted a time of 120s

***********************************

Player 1 played : P 0 0
P 0 0 True
Time remaining is: 120s
You played : P 1 4
P 1 4 True
Player 1 played : P 1 0
P 1 0 True
Time remaining is: 120s
You played : P 1 5
P 1 5 True
Player 1 played : P 1 1
P 1 1 True
Time remaining is: 119s
You played : P 2 8
P 2 8 True
Player 1 played : P 1 2
P 1 2 True
Time remaining is: 119s
You played : P 2 7
P 2 7 True
Player 1 played : P 1 3
P 1 3 True
Time remaining is: 118s
You played : P 2 9
P 2 9 True
Player 1 played : S 1 2 M 3 6
S 1 2 True
M 3 6 True
Time remaining is: 118s
You played : S 1 5 M 2 10
S 1 5 True
M 2 10 True
Player 1 played : S 3 6 M 2 4
S 3 6 True
M 2 4 True
Time remaining is: 115s
You played : S 2 8 M 3 11
S 2 8 True
M 3 11 True
Player 1 played : S 2 4 M 2 5
S 2 4 True
M 2 5 True
Time remaining is: 111s
You played : S 3 11 M 3 10
S 3 11 True
M 3 10 True
Player 1 played : S 1 1 M 2 3
S 1 1 True
M 2 3 True
Time remaining is: 105s
You played : S 3 10 M 2 6
S 3 10 True
M 2 6 True
Player 1 played : S 2 5 M 4 11
S 2 5 True
M 4 11 True
Time remaining is: 101s
You played : S 2 6 M 3 5
S 2 6 True
M 3 5 True
Player 1 played : S 2 3 M 3 7
S 2 3 True
M 3 7 True
Time remaining is: 96s
You played : S 3 5 M 4 9
S 3 5 True
M 4 9 True
Player 1 played : S 4 11 M 3 12
S 4 11 True
M 3 12 True
Time remaining is: 91s
You played : S 2 7 M 4 13
S 2 7 True
M 4 13 True
Player 1 played : S 1 3 M 4 15
S 1 3 True
M 4 15 True
Time remaining is: 88s
You played : S 4 13 M 3 9
S 4 13 True
M 3 9 True
Player 1 played : S 1 0 M 4 3
S 1 0 True
M 4 3 True
Time remaining is: 82s
You played : S 3 9 M 5 13
S 3 9 True
M 5 13 True
Player 1 played : S 4 3 M 3 4
S 4 3 True
M 3 4 True
Time remaining is: 79s
You played : S 5 13 M 5 12 RS 3 11 RE 5 13 X 1 4
S 5 13 True
M 5 12 True
RS 3 11 True
RE 5 13 True
X 1 4 True
Player 1 played : S 3 4 M 4 6 RS 3 4 RE 2 7 X 4 15
S 3 4 True
M 4 6 True
RS 3 4 True
RE 2 7 True
X 4 15 True
Time remaining is: 65s
You played : S 4 9 M 4 11
S 4 9 True
M 4 11 True
Player 1 played : S 0 0 M 1 2
S 0 0 True
M 1 2 True
Time remaining is: 62s
You played : S 2 10 M 3 16
S 2 10 True
M 3 16 True
Player 1 played : S 3 12 M 1 4
S 3 12 True
M 1 4 True
Time remaining is: 59s
You played : S 2 9 M 3 11
S 2 9 True
M 3 11 True
Player 1 played : S 4 6 M 3 10
S 4 6 True
M 3 10 True
Time remaining is: 51s
You played : S 3 16 M 2 3
S 3 16 True
M 2 3 True
Player 1 played : S 1 4 M 4 16
S 1 4 True
M 4 16 True
Time remaining is: 46s
You played : S 5 12 M 2 7
S 5 12 True
M 2 7 True
Player 1 played : S 4 16 M 5 21
S 4 16 True
M 5 21 True
Time remaining is: 44s
You played : S 2 7 M 3 13
S 2 7 True
M 3 13 True
Player 1 played : S 3 10 M 2 11
S 3 10 True
M 2 11 True
Time remaining is: 42s
You played : S 2 3 M 4 7
S 2 3 True
M 4 7 True
Player 1 played : S 2 11 M 3 14
S 2 11 True
M 3 14 True
Time remaining is: 39s
You played : S 3 11 M 1 3
S 3 11 True
M 1 3 True
Player 1 played : S 1 2 M 4 8 RS 2 4 RE 2 10 X 4 8
S 1 2 True
M 4 8 True
RS 2 4 True
RE 2 10 True
X 4 8 True
Time remaining is: 37s
You played : S 4 7 M 4 5 RS 1 0 RE 4 7 X 4 5
S 4 7 True
M 4 5 True
RS 1 0 True
RE 4 7 True
X 4 5 True
Player 1 played : S 3 14 M 2 10
S 3 14 True
M 2 10 True
Time remaining is: 35s
You played : S 4 11 M 4 17
S 4 11 True
M 4 17 True
Player 1 played : S 2 10 M 4 14
S 2 10 True
M 4 14 True
Time remaining is: 34s
You played : S 3 13 M 1 5
S 3 13 True
M 1 5 True
Player 1 played : S 3 7 M 5 11
S 3 7 True
M 5 11 True
Time remaining is: 33s
You played : S 1 5 M 4 8 RS 4 13 RE 1 5 X 1 3
S 1 5 True
M 4 8 True
RS 4 13 True
RE 1 5 True
X 1 3 True
YOU WIN!
Your Score : 8.009
Opponent's Score : 2.01
