conversion:0 -3
player_id:1
5
PLY COUNTER:1 MAX_LIMIT:0.9
PLY COUNTER:2 MAX_LIMIT:0.9
p:0
PLY COUNTER:3 MAX_LIMIT:0.9
p:0
p:1
PLY COUNTER:4 MAX_LIMIT:0.9
p:0
p:1
p:2
PLY COUNTER:5 MAX_LIMIT:0.9
p:0
p:1
p:2
p:3
PLY COUNTER:6 MAX_LIMIT:0.9
MAX_DEPTH ALLOWED:8
ID DEPTH: 1 underway:best action score: 1
time spent:0.001282
prune_counter:0
MAX_DEPTH ALLOWED:8
ID DEPTH: 2 underway:best action score: 0
time spent:0.019805
prune_counter:36
MAX_DEPTH ALLOWED:8
ID DEPTH: 3 underway:best action score: 13
time spent:0.078486
prune_counter:67
MAX_DEPTH ALLOWED:8
ID DEPTH: 4 underway:best action score: 0
time spent:1.00759
prune_counter:1643

DECISION TIME:1.00761s prune counter:1643

time remaining: 118

PLY COUNTER:7 MAX_LIMIT:0.9
MAX_DEPTH ALLOWED:8
ID DEPTH: 1 underway:best action score: 13
time spent:0.001591
prune_counter:0
MAX_DEPTH ALLOWED:8
ID DEPTH: 2 underway:best action score: 0
time spent:0.024431
prune_counter:42
MAX_DEPTH ALLOWED:8
ID DEPTH: 3 underway:best action score: 40
time spent:0.213329
prune_counter:193
MAX_DEPTH ALLOWED:8
ID DEPTH: 4 underway:best action score: 0
time spent:1.72561
prune_counter:3240

DECISION TIME:1.72563s prune counter:3240

time remaining: 116

PLY COUNTER:8 MAX_LIMIT:0.9
MAX_DEPTH ALLOWED:8
ID DEPTH: 1 underway:best action score: 52
time spent:0.001406
prune_counter:0
MAX_DEPTH ALLOWED:8
ID DEPTH: 2 underway:best action score: 27
time spent:0.031534
prune_counter:43
MAX_DEPTH ALLOWED:8
ID DEPTH: 3 underway:best action score: 52
time spent:0.143318
prune_counter:104
MAX_DEPTH ALLOWED:8
ID DEPTH: 4 underway:best action score: 0
time spent:1.84694
prune_counter:3212

DECISION TIME:1.84696s prune counter:3212

time remaining: 114

PLY COUNTER:9 MAX_LIMIT:0.9
MAX_DEPTH ALLOWED:8
ID DEPTH: 1 underway:best action score: 64
time spent:0.001154
prune_counter:0
MAX_DEPTH ALLOWED:8
ID DEPTH: 2 underway:best action score: 12
time spent:0.026308
prune_counter:31
MAX_DEPTH ALLOWED:8
ID DEPTH: 3 underway:best action score: 369
time spent:0.076612
prune_counter:90
MAX_DEPTH ALLOWED:8
ID DEPTH: 4 underway:best action score: -343
time spent:1.09477
prune_counter:2090

DECISION TIME:1.09478s prune counter:2090

time remaining: 112

PLY COUNTER:10 MAX_LIMIT:0.9
MAX_DEPTH ALLOWED:8
ID DEPTH: 1 underway:best action score: 408
time spent:0.001106
prune_counter:0
MAX_DEPTH ALLOWED:8
ID DEPTH: 2 underway:best action score: 24
time spent:0.022524
prune_counter:26
MAX_DEPTH ALLOWED:8
ID DEPTH: 3 underway:best action score: 381
time spent:0.076599
prune_counter:80
MAX_DEPTH ALLOWED:8
ID DEPTH: 4 underway:best action score: -116
time spent:1.63417
prune_counter:2586

DECISION TIME:1.63418s prune counter:2586

time remaining: 110

PLY COUNTER:11 MAX_LIMIT:0.9
MAX_DEPTH ALLOWED:8
ID DEPTH: 1 underway:best action score: 23
time spent:0.000837
prune_counter:0
MAX_DEPTH ALLOWED:8
ID DEPTH: 2 underway:best action score: -14
time spent:0.023891
prune_counter:31
MAX_DEPTH ALLOWED:8
ID DEPTH: 3 underway:best action score: 74
time spent:0.101351
prune_counter:124
MAX_DEPTH ALLOWED:8
ID DEPTH: 4 underway:best action score: -49
time spent:0.927051
prune_counter:1669
MAX_DEPTH ALLOWED:8
ID DEPTH: 5 underway:best action score: 330
time spent:5.89732
prune_counter:8294

DECISION TIME:5.89734s prune counter:8294

time remaining: 104

PLY COUNTER:12 MAX_LIMIT:0.9
MAX_DEPTH ALLOWED:8
ID DEPTH: 1 underway:best action score: 74
time spent:0.001248
prune_counter:0
MAX_DEPTH ALLOWED:8
ID DEPTH: 2 underway:best action score: 22
time spent:0.017207
prune_counter:28
MAX_DEPTH ALLOWED:8
ID DEPTH: 3 underway:best action score: 379
time spent:0.063685
prune_counter:62
MAX_DEPTH ALLOWED:8
ID DEPTH: 4 underway:best action score: -68
time spent:1.76351
prune_counter:2814

DECISION TIME:1.76353s prune counter:2814

time remaining: 102

PLY COUNTER:13 MAX_LIMIT:0.9
MAX_DEPTH ALLOWED:8
ID DEPTH: 1 underway:best action score: 37
time spent:0.001136
prune_counter:0
MAX_DEPTH ALLOWED:8
ID DEPTH: 2 underway:best action score: 341
time spent:0.017367
prune_counter:30
MAX_DEPTH ALLOWED:8
ID DEPTH: 3 underway:best action score: 485
time spent:0.097212
prune_counter:114
MAX_DEPTH ALLOWED:8
ID DEPTH: 4 underway:best action score: 37
time spent:1.05506
prune_counter:2075

DECISION TIME:1.05508s prune counter:2075

time remaining: 100

PLY COUNTER:14 MAX_LIMIT:0.9
MAX_DEPTH ALLOWED:8
ID DEPTH: 1 underway:best action score: 485
time spent:0.001058
prune_counter:0
MAX_DEPTH ALLOWED:8
ID DEPTH: 2 underway:best action score: 37
time spent:0.015968
prune_counter:30
MAX_DEPTH ALLOWED:8
ID DEPTH: 3 underway:best action score: 751
time spent:0.08299
prune_counter:87
MAX_DEPTH ALLOWED:8
ID DEPTH: 4 underway:best action score: -14
time spent:1.05155
prune_counter:1867

DECISION TIME:1.05156s prune counter:1867

time remaining: 98

PLY COUNTER:15 MAX_LIMIT:0.75
MAX_DEPTH ALLOWED:8
ID DEPTH: 1 underway:best action score: 485
time spent:0.00195
prune_counter:0
MAX_DEPTH ALLOWED:8
ID DEPTH: 2 underway:best action score: -514
time spent:0.02711
prune_counter:26
MAX_DEPTH ALLOWED:8
ID DEPTH: 3 underway:best action score: -15
time spent:0.131343
prune_counter:124
MAX_DEPTH ALLOWED:8
ID DEPTH: 4 underway:best action score: -55
time spent:0.695926
prune_counter:1193
MAX_DEPTH ALLOWED:8
ID DEPTH: 5 underway:best action score: 11
time spent:3.47929
prune_counter:4105

DECISION TIME:3.4793s prune counter:4105

time remaining: 94

PLY COUNTER:16 MAX_LIMIT:0.75
MAX_DEPTH ALLOWED:8
ID DEPTH: 1 underway:best action score: -15
time spent:0.003399
prune_counter:0
MAX_DEPTH ALLOWED:8
ID DEPTH: 2 underway:best action score: -55
time spent:0.043954
prune_counter:71
MAX_DEPTH ALLOWED:8
ID DEPTH: 3 underway:best action score: 11
time spent:0.417542
prune_counter:385
MAX_DEPTH ALLOWED:8
ID DEPTH: 4 underway:best action score: -41
time spent:1.62478
prune_counter:3056

DECISION TIME:1.6248s prune counter:3056

time remaining: 92

PLY COUNTER:17 MAX_LIMIT:0.75
MAX_DEPTH ALLOWED:8
ID DEPTH: 1 underway:best action score: 35
time spent:0.002319
prune_counter:0
MAX_DEPTH ALLOWED:8
ID DEPTH: 2 underway:best action score: 22
time spent:0.021016
prune_counter:34
MAX_DEPTH ALLOWED:8
ID DEPTH: 3 underway:best action score: 88
time spent:0.072307
prune_counter:70
MAX_DEPTH ALLOWED:8
ID DEPTH: 4 underway:best action score: 4922
time spent:0.663255
prune_counter:1288
MAX_DEPTH ALLOWED:8
ID DEPTH: 5 underway:best action score: 545
time spent:4.56671
prune_counter:5937

DECISION TIME:4.56672s prune counter:5937

time remaining: 87

PLY COUNTER:18 MAX_LIMIT:0.75
MAX_DEPTH ALLOWED:8
ID DEPTH: 1 underway:best action score: 86
time spent:0.001559
prune_counter:0
MAX_DEPTH ALLOWED:8
ID DEPTH: 2 underway:best action score: -30
time spent:0.023541
prune_counter:38
MAX_DEPTH ALLOWED:8
ID DEPTH: 3 underway:best action score: 944
time spent:0.097313
prune_counter:99
MAX_DEPTH ALLOWED:8
ID DEPTH: 4 underway:best action score: 113
time spent:0.71349
prune_counter:1551
MAX_DEPTH ALLOWED:8
ID DEPTH: 5 underway:best action score: 944
time spent:5.60857
prune_counter:7706

DECISION TIME:5.60858s prune counter:7706

time remaining: 81

PLY COUNTER:19 MAX_LIMIT:0.75
MAX_DEPTH ALLOWED:8
ID DEPTH: 1 underway:best action score: 23
time spent:0.0013
prune_counter:0
MAX_DEPTH ALLOWED:8
ID DEPTH: 2 underway:best action score: -146
time spent:0.018985
prune_counter:32
MAX_DEPTH ALLOWED:8
ID DEPTH: 3 underway:best action score: 881
time spent:0.139422
prune_counter:204
MAX_DEPTH ALLOWED:8
ID DEPTH: 4 underway:best action score: -15
time spent:1.13091
prune_counter:1584

DECISION TIME:1.13092s prune counter:1584

time remaining: 79

PLY COUNTER:20 MAX_LIMIT:0.75
MAX_DEPTH ALLOWED:8
ID DEPTH: 1 underway:best action score: 4500
time spent:0.000948
prune_counter:0
MAX_DEPTH ALLOWED:8
ID DEPTH: 2 underway:best action score: -14
time spent:0.0153
prune_counter:21
MAX_DEPTH ALLOWED:8
ID DEPTH: 3 underway:best action score: 292
time spent:0.070769
prune_counter:95
MAX_DEPTH ALLOWED:8
ID DEPTH: 4 underway:best action score: -2
time spent:0.403986
prune_counter:790
MAX_DEPTH ALLOWED:8
ID DEPTH: 5 underway:best action score: 432
time spent:3.47585
prune_counter:6987

DECISION TIME:3.47587s prune counter:6987

time remaining: 75

PLY COUNTER:21 MAX_LIMIT:0.75
MAX_DEPTH ALLOWED:8
ID DEPTH: 1 underway:best action score: 802
time spent:0.000969
prune_counter:0
MAX_DEPTH ALLOWED:8
ID DEPTH: 2 underway:best action score: -55
time spent:0.011559
prune_counter:21
MAX_DEPTH ALLOWED:8
ID DEPTH: 3 underway:best action score: 432
time spent:0.038869
prune_counter:41
MAX_DEPTH ALLOWED:8
ID DEPTH: 4 underway:best action score: 3961
time spent:0.34853
prune_counter:634
MAX_DEPTH ALLOWED:8
ID DEPTH: 5 underway:best action score: 458
time spent:4.29619
prune_counter:8886

DECISION TIME:4.29621s prune counter:8886

time remaining: 70

PLY COUNTER:22 MAX_LIMIT:0.75
MAX_DEPTH ALLOWED:8
ID DEPTH: 1 underway:best action score: 316
time spent:0.000957
prune_counter:0
MAX_DEPTH ALLOWED:8
ID DEPTH: 2 underway:best action score: -973
time spent:0.017635
prune_counter:17
MAX_DEPTH ALLOWED:8
ID DEPTH: 3 underway:best action score: -39
time spent:0.069421
prune_counter:118
MAX_DEPTH ALLOWED:8
ID DEPTH: 4 underway:best action score: -514
time spent:0.401258
prune_counter:722
MAX_DEPTH ALLOWED:8
ID DEPTH: 5 underway:best action score: -42
time spent:1.87932
prune_counter:3575

DECISION TIME:1.87933s prune counter:3575

time remaining: 68

PLY COUNTER:23 MAX_LIMIT:0.75
MAX_DEPTH ALLOWED:8
ID DEPTH: 1 underway:best action score: 4063
time spent:0.001102
prune_counter:0
MAX_DEPTH ALLOWED:8
ID DEPTH: 2 underway:best action score: -502
time spent:0.022668
prune_counter:24
MAX_DEPTH ALLOWED:8
ID DEPTH: 3 underway:best action score: -42
time spent:0.145401
prune_counter:198
MAX_DEPTH ALLOWED:8
ID DEPTH: 4 underway:best action score: -130
time spent:0.50034
prune_counter:928
MAX_DEPTH ALLOWED:8
ID DEPTH: 5 underway:best action score: -25
time spent:1.22105
prune_counter:1716

DECISION TIME:1.22107s prune counter:1716

time remaining: 66

PLY COUNTER:24 MAX_LIMIT:0.75
MAX_DEPTH ALLOWED:8
ID DEPTH: 1 underway:best action score: 4346
time spent:0.001478
prune_counter:0
MAX_DEPTH ALLOWED:8
ID DEPTH: 2 underway:best action score: -219
time spent:0.01614
prune_counter:21
MAX_DEPTH ALLOWED:8
ID DEPTH: 3 underway:best action score: -129
time spent:0.046495
prune_counter:57
MAX_DEPTH ALLOWED:8
ID DEPTH: 4 underway:best action score: -536
time spent:0.400202
prune_counter:808
MAX_DEPTH ALLOWED:8
ID DEPTH: 5 underway:best action score: -180
time spent:1.83721
prune_counter:4215

DECISION TIME:1.83723s prune counter:4215

time remaining: 64

PLY COUNTER:25 MAX_LIMIT:0.75
MAX_DEPTH ALLOWED:8
ID DEPTH: 1 underway:best action score: -129
time spent:0.000954
prune_counter:0
MAX_DEPTH ALLOWED:8
ID DEPTH: 2 underway:best action score: -536
time spent:0.01252
prune_counter:20
MAX_DEPTH ALLOWED:8
ID DEPTH: 3 underway:best action score: -180
time spent:0.037226
prune_counter:68
MAX_DEPTH ALLOWED:8
ID DEPTH: 4 underway:best action score: -574
time spent:0.251831
prune_counter:541
MAX_DEPTH ALLOWED:8
ID DEPTH: 5 underway:best action score: -23
time spent:1.12982
prune_counter:2607

DECISION TIME:1.12983s prune counter:2607

time remaining: 62

PLY COUNTER:26 MAX_LIMIT:0.75
MAX_DEPTH ALLOWED:8
ID DEPTH: 1 underway:best action score: -329
time spent:0.001188
prune_counter:0
MAX_DEPTH ALLOWED:8
ID DEPTH: 2 underway:best action score: -434
time spent:0.011658
prune_counter:20
MAX_DEPTH ALLOWED:8
ID DEPTH: 3 underway:best action score: 4938
time spent:0.03225
prune_counter:55
MAX_DEPTH ALLOWED:8
ID DEPTH: 4 underway:best action score: -446
time spent:0.185558
prune_counter:463
MAX_DEPTH ALLOWED:8
ID DEPTH: 5 underway:best action score: -103
time spent:0.680213
prune_counter:1514
MAX_DEPTH ALLOWED:8
ID DEPTH: 6 underway:best action score: -1010
time spent:5.64144
prune_counter:14376

DECISION TIME:5.64145s prune counter:14376

time remaining: 56

PLY COUNTER:27 MAX_LIMIT:0.75
MAX_DEPTH ALLOWED:8
ID DEPTH: 1 underway:best action score: 92
time spent:0.000954
prune_counter:0
MAX_DEPTH ALLOWED:8
ID DEPTH: 2 underway:best action score: -446
time spent:0.019231
prune_counter:17
MAX_DEPTH ALLOWED:8
ID DEPTH: 3 underway:best action score: -52
time spent:0.039614
prune_counter:43
MAX_DEPTH ALLOWED:8
ID DEPTH: 4 underway:best action score: -896
time spent:0.091185
prune_counter:66
MAX_DEPTH ALLOWED:8
ID DEPTH: 5 underway:best action score: -104897
time spent:0.248254
prune_counter:648
MAX_DEPTH ALLOWED:8
ID DEPTH: 6 underway:best action score: -104924
time spent:0.792987
prune_counter:1273
MAX_DEPTH ALLOWED:8
ID DEPTH: 7 underway:best action score: -104936
time spent:5.20958
prune_counter:15673

DECISION TIME:5.20959s prune counter:15673

time remaining: 50

***********************************

-> You are player 1
-> You are alloted a time of 120s

***********************************

Time remaining is: 120s
You played : P 0 0
P 0 0 True
Player 2 played : P 1 4
P 1 4 True
Time remaining is: 120s
You played : P 1 0
P 1 0 True
Player 2 played : P 1 5
P 1 5 True
Time remaining is: 120s
You played : P 1 1
P 1 1 True
Player 2 played : P 2 8
P 2 8 True
Time remaining is: 120s
You played : P 1 2
P 1 2 True
Player 2 played : P 2 7
P 2 7 True
Time remaining is: 120s
You played : P 1 3
P 1 3 True
Player 2 played : P 2 9
P 2 9 True
Time remaining is: 120s
You played : S 1 2 M 3 6
S 1 2 True
M 3 6 True
Player 2 played : S 1 5 M 2 10
S 1 5 True
M 2 10 True
Time remaining is: 119s
You played : S 3 6 M 2 4
S 3 6 True
M 2 4 True
Player 2 played : S 2 8 M 3 11
S 2 8 True
M 3 11 True
Time remaining is: 118s
You played : S 2 4 M 2 5
S 2 4 True
M 2 5 True
Player 2 played : S 3 11 M 3 10
S 3 11 True
M 3 10 True
Time remaining is: 116s
You played : S 1 1 M 2 3
S 1 1 True
M 2 3 True
Player 2 played : S 3 10 M 2 6
S 3 10 True
M 2 6 True
Time remaining is: 115s
You played : S 2 5 M 4 11
S 2 5 True
M 4 11 True
Player 2 played : S 2 6 M 3 5
S 2 6 True
M 3 5 True
Time remaining is: 113s
You played : S 2 3 M 3 7
S 2 3 True
M 3 7 True
Player 2 played : S 3 5 M 4 9
S 3 5 True
M 4 9 True
Time remaining is: 107s
You played : S 4 11 M 3 12
S 4 11 True
M 3 12 True
Player 2 played : S 2 7 M 4 13
S 2 7 True
M 4 13 True
Time remaining is: 105s
You played : S 1 3 M 4 15
S 1 3 True
M 4 15 True
Player 2 played : S 4 13 M 3 9
S 4 13 True
M 3 9 True
Time remaining is: 104s
You played : S 1 0 M 4 3
S 1 0 True
M 4 3 True
Player 2 played : S 3 9 M 5 13
S 3 9 True
M 5 13 True
Time remaining is: 103s
You played : S 4 3 M 3 4
S 4 3 True
M 3 4 True
Player 2 played : S 5 13 M 5 12 RS 3 11 RE 5 13 X 1 4
S 5 13 True
M 5 12 True
RS 3 11 True
RE 5 13 True
X 1 4 True
Time remaining is: 100s
You played : S 3 4 M 4 6 RS 3 4 RE 2 7 X 4 15
S 3 4 True
M 4 6 True
RS 3 4 True
RE 2 7 True
X 4 15 True
Player 2 played : S 4 9 M 4 11
S 4 9 True
M 4 11 True
Time remaining is: 98s
You played : S 0 0 M 1 2
S 0 0 True
M 1 2 True
Player 2 played : S 2 10 M 3 16
S 2 10 True
M 3 16 True
Time remaining is: 93s
You played : S 3 12 M 1 4
S 3 12 True
M 1 4 True
Player 2 played : S 2 9 M 3 11
S 2 9 True
M 3 11 True
Time remaining is: 88s
You played : S 4 6 M 3 10
S 4 6 True
M 3 10 True
Player 2 played : S 3 16 M 2 3
S 3 16 True
M 2 3 True
Time remaining is: 87s
You played : S 1 4 M 4 16
S 1 4 True
M 4 16 True
Player 2 played : S 5 12 M 2 7
S 5 12 True
M 2 7 True
Time remaining is: 83s
You played : S 4 16 M 5 21
S 4 16 True
M 5 21 True
Player 2 played : S 2 7 M 3 13
S 2 7 True
M 3 13 True
Time remaining is: 79s
You played : S 3 10 M 2 11
S 3 10 True
M 2 11 True
Player 2 played : S 2 3 M 4 7
S 2 3 True
M 4 7 True
Time remaining is: 77s
You played : S 2 11 M 3 14
S 2 11 True
M 3 14 True
Player 2 played : S 3 11 M 1 3
S 3 11 True
M 1 3 True
Time remaining is: 76s
You played : S 1 2 M 4 8 RS 2 4 RE 2 10 X 4 8
S 1 2 True
M 4 8 True
RS 2 4 True
RE 2 10 True
X 4 8 True
Player 2 played : S 4 7 M 4 5 RS 1 0 RE 4 7 X 4 5
S 4 7 True
M 4 5 True
RS 1 0 True
RE 4 7 True
X 4 5 True
Time remaining is: 74s
You played : S 3 14 M 2 10
S 3 14 True
M 2 10 True
Player 2 played : S 4 11 M 4 17
S 4 11 True
M 4 17 True
Time remaining is: 73s
You played : S 2 10 M 4 14
S 2 10 True
M 4 14 True
Player 2 played : S 3 13 M 1 5
S 3 13 True
M 1 5 True
Time remaining is: 67s
You played : S 3 7 M 5 11
S 3 7 True
M 5 11 True
Player 2 played : S 1 5 M 4 8 RS 4 13 RE 1 5 X 1 3
S 1 5 True
M 4 8 True
RS 4 13 True
RE 1 5 True
X 1 3 True
OTHER PLAYER WINS!
Your Score : 2.01
Opponent's Score : 8.009
