{"action": "NORMAL", "meta": "", "data": "P 0 0"} Received from client 0
{"action": "NORMAL", "meta": "", "data": "P 5 12"} Received from client 1
{"action": "NORMAL", "meta": "", "data": "P 2 7"} Received from client 0
{"action": "NORMAL", "meta": "", "data": "P 1 0"} Received from client 1
{"action": "NORMAL", "meta": "", "data": "P 1 1"} Received from client 0
{"action": "NORMAL", "meta": "", "data": "P 3 15"} Received from client 1
{"action": "NORMAL", "meta": "", "data": "P 2 11"} Received from client 0
{"action": "NORMAL", "meta": "", "data": "P 3 14"} Received from client 1
{"action": "NORMAL", "meta": "", "data": "P 2 5"} Received from client 0
{"action": "NORMAL", "meta": "", "data": "P 4 17"} Received from client 1
{"action": "NORMAL", "meta": "", "data": "S 2 7 M 3 8"} Received from client 0
{"action": "NORMAL", "meta": "", "data": "S 3 15 M 2 10"} Received from client 1
{"action": "NORMAL", "meta": "", "data": "S 1 1 M 1 2"} Received from client 0
{"action": "NORMAL", "meta": "", "data": "S 2 10 M 1 5"} Received from client 1
{"action": "NORMAL", "meta": "", "data": "S 3 8 M 3 6"} Received from client 0
{"action": "NORMAL", "meta": "", "data": "S 5 12 M 2 6"} Received from client 1
{"action": "NORMAL", "meta": "", "data": "S 2 5 M 2 4"} Received from client 0
{"action": "NORMAL", "meta": "", "data": "S 4 17 M 4 20"} Received from client 1
{"action": "NORMAL", "meta": "", "data": "S 2 11 M 3 16"} Received from client 0
{"action": "NORMAL", "meta": "", "data": "S 1 5 M 3 17"} Received from client 1
{"action": "NORMAL", "meta": "", "data": "S 3 16 M 2 9"} Received from client 0
{"action": "NORMAL", "meta": "", "data": "S 3 17 M 4 19"} Received from client 1
{"action": "NORMAL", "meta": "", "data": "S 2 9 M 1 4"} Received from client 0
{"action": "NORMAL", "meta": "", "data": "S 4 20 M 4 23"} Received from client 1
{"action": "NORMAL", "meta": "", "data": "S 3 6 M 3 4"} Received from client 0
{"action": "NORMAL", "meta": "", "data": "S 4 23 M 5 29"} Received from client 1
{"action": "NORMAL", "meta": "", "data": "S 3 4 M 4 22"} Received from client 0
{"action": "NORMAL", "meta": "", "data": "S 5 29 M 5 28"} Received from client 1
{"action": "NORMAL", "meta": "", "data": "S 1 2 M 1 3"} Received from client 0
{"action": "NORMAL", "meta": "", "data": "S 4 19 M 3 0 RS 1 5 RE 5 29 X 5 28"} Received from client 1
{"action": "NORMAL", "meta": "", "data": "S 1 4 M 1 5"} Received from client 0
{"action": "NORMAL", "meta": "", "data": "S 3 0 M 3 17"} Received from client 1
{"action": "NORMAL", "meta": "", "data": "S 1 5 M 2 11"} Received from client 0
{"action": "NORMAL", "meta": "", "data": "S 1 0 M 3 13"} Received from client 1
{"action": "NORMAL", "meta": "", "data": "S 0 0 M 2 0"} Received from client 0
{"action": "NORMAL", "meta": "", "data": "S 3 13 M 3 12"} Received from client 1
{"action": "NORMAL", "meta": "", "data": "S 2 4 M 2 2"} Received from client 0
{"action": "NORMAL", "meta": "", "data": "S 3 12 M 4 15"} Received from client 1
{"action": "NORMAL", "meta": "", "data": "S 1 3 M 3 11"} Received from client 0
{"action": "NORMAL", "meta": "", "data": "S 3 14 M 3 7"} Received from client 1
{"action": "NORMAL", "meta": "", "data": "S 3 11 M 5 22"} Received from client 0
{"action": "NORMAL", "meta": "", "data": "S 2 6 M 2 8"} Received from client 1
{"action": "NORMAL", "meta": "", "data": "S 2 2 M 2 3"} Received from client 0
{"action": "NORMAL", "meta": "", "data": "S 2 8 M 4 16"} Received from client 1
{"action": "NORMAL", "meta": "", "data": "S 2 11 M 3 10 RS 3 6 RE 1 5 X 5 22"} Received from client 0
{"action": "NORMAL", "meta": "", "data": "RS 3 13 RE 3 8 X 4 16 S 3 17 M 1 5"} Received from client 1
{"action": "NORMAL", "meta": "", "data": "S 2 3 M 2 4"} Received from client 0
{"action": "NORMAL", "meta": "", "data": "S 1 5 M 2 1"} Received from client 1
{"action": "NORMAL", "meta": "", "data": "S 4 22 M 5 28"} Received from client 0
{"action": "NORMAL", "meta": "", "data": "S 4 15 M 2 7"} Received from client 1
{"action": "NORMAL", "meta": "", "data": "S 2 4 M 1 2"} Received from client 0
{"action": "NORMAL", "meta": "", "data": "S 3 7 M 5 24"} Received from client 1
{"action": "NORMAL", "meta": "", "data": "S 2 0 M 5 27"} Received from client 0
{"action": "NORMAL", "meta": "", "data": "S 2 1 M 3 2"} Received from client 1
{"action": "NORMAL", "meta": "", "data": "S 5 28 M 2 8"} Received from client 0
{"action": "NORMAL", "meta": "", "data": "S 5 24 M 4 9"} Received from client 1
{"action": "NORMAL", "meta": "", "data": "S 1 2 M 3 1 RS 2 2 RE 4 22 X 3 1"} Received from client 0
{"action": "FINISH", "meta": "Player 2 SCORE : 8.018 : Player 1 SCORE : 2.005", "data": "S 3 2 M 4 10 RS 3 16 RE 2 3 X 4 9"} Received from client 1
