The5
WHY 

centre is 1
layer num 1		0  1  -1  -1  -1  -1  
layer num 2		-1  -1  -1  -1  -1  1  -1  3  -1  -1  -1  1  
layer num 3		-1  -1  -1  -1  -1  -1  -1  -1  1  -1  -1  -1  -1  -1  0  0  -1  -1  
layer num 4		-1  -1  -1  -1  -1  -1  -1  -1  -1  -1  -1  -1  -1  -1  -1  -1  -1  0  -1  -1  -1  -1  -1  -1  
layer num 5		-1  -1  -1  -1  -1  -1  -1  -1  -1  -1  -1  -1  0  -1  -1  -1  -1  -1  -1  -1  -1  -1  -1  -1  -1  -1  -1  -1  -1  -1  
my rings: 0
other rings: 1
Came here
5
2
WHY 

centre is 1
layer num 1		0  3  1  -1  -1  -1  
layer num 2		-1  -1  -1  -1  -1  1  -1  3  -1  -1  0  1  
layer num 3		-1  -1  -1  -1  -1  -1  -1  -1  1  -1  -1  -1  -1  -1  0  2  -1  -1  
layer num 4		-1  -1  -1  -1  -1  -1  -1  -1  -1  -1  -1  -1  -1  -1  -1  -1  -1  0  -1  -1  -1  -1  -1  -1  
layer num 5		-1  -1  -1  -1  -1  -1  -1  -1  -1  -1  -1  -1  0  -1  -1  -1  -1  -1  -1  -1  -1  -1  -1  -1  -1  -1  -1  -1  -1  -1  
my rings: 1
other rings: 2
Came here
5
4
WHY 

centre is 1
layer num 1		0  3  1  -1  -1  0  
layer num 2		-1  -1  -1  -1  -1  1  -1  3  -1  -1  2  1  
layer num 3		-1  -1  -1  -1  -1  -1  1  -1  3  -1  -1  -1  -1  -1  0  2  -1  -1  
layer num 4		-1  -1  -1  -1  -1  -1  -1  -1  -1  -1  -1  -1  -1  -1  -1  -1  -1  0  -1  -1  -1  -1  -1  -1  
layer num 5		-1  -1  -1  -1  -1  -1  -1  -1  -1  -1  -1  -1  0  -1  -1  -1  -1  -1  -1  -1  -1  -1  -1  -1  -1  -1  -1  -1  -1  -1  
my rings: 2
other rings: 3
Came here
5
6
WHY 

centre is 1
layer num 1		0  3  1  -1  -1  0  
layer num 2		-1  -1  -1  -1  1  3  0  3  -1  -1  2  1  
layer num 3		-1  -1  -1  -1  -1  -1  1  -1  2  -1  -1  -1  -1  -1  0  2  -1  -1  
layer num 4		-1  -1  -1  -1  -1  -1  -1  -1  -1  -1  -1  -1  -1  -1  -1  -1  -1  0  -1  -1  -1  -1  -1  -1  
layer num 5		-1  -1  -1  -1  -1  -1  -1  -1  -1  -1  -1  -1  2  -1  -1  -1  -1  -1  -1  -1  -1  -1  -1  -1  -1  -1  -1  -1  -1  -1  
my rings: 4
other rings: 3
Came here
6
9
WHY 

centre is 1
layer num 1		0  3  1  -1  -1  0  
layer num 2		-1  -1  -1  -1  1  3  0  3  -1  -1  2  3  
layer num 3		-1  -1  -1  -1  -1  -1  1  -1  2  -1  -1  -1  -1  -1  0  2  1  -1  
layer num 4		-1  -1  -1  -1  -1  -1  -1  -1  -1  -1  -1  -1  -1  -1  -1  -1  -1  2  -1  -1  0  -1  -1  -1  
layer num 5		-1  -1  -1  -1  -1  -1  -1  -1  -1  -1  -1  -1  2  -1  -1  -1  -1  -1  -1  -1  -1  -1  -1  -1  -1  -1  -1  -1  -1  -1  
my rings: 5
other rings: 4
Came here
6
12
WHY 

centre is 1
layer num 1		0  3  1  -1  -1  2  
layer num 2		-1  -1  -1  -1  1  3  0  3  -1  1  3  2  
layer num 3		-1  -1  -1  -1  -1  -1  1  -1  2  -1  -1  -1  -1  -1  0  2  3  0  
layer num 4		-1  -1  -1  -1  -1  -1  -1  -1  -1  -1  -1  -1  -1  -1  -1  -1  -1  2  -1  -1  0  -1  -1  -1  
layer num 5		-1  -1  -1  -1  -1  -1  -1  -1  -1  -1  -1  -1  2  -1  -1  -1  -1  -1  -1  -1  -1  -1  -1  -1  -1  -1  -1  -1  -1  -1  
my rings: 6
other rings: 5
Came here
5
14
WHY 

centre is 1
layer num 1		0  3  1  -1  1  2  
layer num 2		-1  -1  -1  -1  1  3  0  3  -1  3  3  2  
layer num 3		-1  -1  -1  -1  -1  -1  1  -1  2  -1  -1  -1  -1  -1  0  3  2  2  
layer num 4		-1  -1  -1  -1  -1  -1  -1  -1  -1  -1  -1  -1  -1  -1  -1  -1  -1  2  -1  0  0  -1  -1  -1  
layer num 5		-1  -1  -1  -1  -1  -1  -1  -1  -1  -1  -1  -1  2  -1  -1  -1  -1  -1  -1  -1  -1  -1  -1  -1  -1  -1  -1  -1  -1  -1  
my rings: 7
other rings: 6
Came here
6
17
WHY 

centre is 1
layer num 1		0  3  1  -1  1  2  
layer num 2		-1  -1  -1  -1  1  3  0  3  -1  3  3  2  
layer num 3		-1  -1  -1  -1  1  -1  3  -1  2  -1  -1  -1  -1  -1  0  3  2  2  
layer num 4		-1  -1  -1  -1  -1  -1  -1  -1  -1  -1  -1  -1  -1  -1  -1  -1  -1  2  -1  0  2  -1  -1  0  
layer num 5		-1  -1  -1  -1  -1  -1  -1  -1  -1  -1  -1  -1  2  -1  -1  -1  -1  -1  -1  -1  -1  -1  -1  -1  -1  -1  -1  -1  -1  -1  
my rings: 8
other rings: 7
Came here
6
20
WHY 

centre is 1
layer num 1		0  3  1  -1  1  2  
layer num 2		-1  -1  -1  -1  1  3  0  3  -1  3  3  2  
layer num 3		-1  -1  -1  -1  3  -1  3  -1  2  -1  -1  -1  -1  -1  0  3  2  3  
layer num 4		-1  -1  -1  -1  -1  -1  -1  -1  -1  -1  -1  -1  -1  -1  -1  -1  -1  2  -1  0  2  -1  1  2  
layer num 5		-1  -1  -1  -1  -1  -1  -1  -1  -1  -1  -1  -1  2  -1  -1  -1  -1  -1  -1  -1  -1  -1  -1  -1  -1  -1  -1  -1  -1  0  
my rings: 8
other rings: 9
Came here
6
23
WHY 

centre is 1
layer num 1		0  3  3  1  1  2  
layer num 2		-1  -1  -1  -1  1  3  0  3  -1  3  3  2  
layer num 3		-1  -1  -1  -1  3  -1  3  -1  2  -1  -1  -1  -1  -1  0  3  2  3  
layer num 4		-1  -1  -1  -1  -1  -1  -1  -1  -1  -1  -1  -1  -1  -1  -1  -1  -1  2  -1  0  2  -1  1  2  
layer num 5		-1  -1  -1  -1  -1  -1  -1  -1  -1  -1  -1  -1  2  -1  -1  -1  -1  -1  -1  -1  -1  -1  -1  -1  -1  -1  -1  -1  0  2  
my rings: 9
other rings: 10
Came here
6
26
WHY 

centre is 1
layer num 1		0  3  3  1  3  1  
layer num 2		-1  -1  -1  -1  1  3  0  3  -1  3  3  -1  
layer num 3		0  -1  -1  -1  3  -1  3  -1  2  -1  -1  -1  -1  -1  0  2  3  -1  
layer num 4		-1  -1  -1  -1  -1  -1  -1  -1  -1  -1  -1  -1  -1  -1  -1  -1  -1  2  -1  2  2  -1  1  -1  
layer num 5		-1  -1  -1  -1  -1  -1  -1  -1  -1  -1  -1  -1  2  -1  -1  -1  -1  -1  -1  -1  -1  -1  -1  -1  -1  -1  -1  -1  -1  -1  
my rings: 6
other rings: 10
Came here
6
29
WHY 

centre is 1
layer num 1		0  3  3  1  3  3  
layer num 2		-1  -1  -1  -1  1  3  0  3  -1  3  3  1  
layer num 3		2  -1  -1  -1  3  -1  3  -1  2  -1  -1  -1  -1  -1  0  2  3  0  
layer num 4		-1  -1  -1  -1  -1  -1  -1  -1  -1  -1  -1  -1  -1  -1  -1  -1  -1  2  -1  2  2  -1  1  -1  
layer num 5		-1  -1  -1  -1  -1  -1  -1  -1  -1  -1  -1  -1  2  -1  -1  -1  -1  -1  -1  -1  -1  -1  -1  -1  -1  -1  -1  -1  -1  -1  
my rings: 7
other rings: 11
Came here
6
32
WHY 

centre is 3
layer num 1		3  3  3  1  3  2  
layer num 2		1  -1  -1  -1  1  3  0  3  -1  2  3  1  
layer num 3		2  -1  -1  -1  3  -1  3  -1  2  -1  -1  -1  -1  0  0  2  3  0  
layer num 4		-1  -1  -1  -1  -1  -1  -1  -1  -1  -1  -1  -1  -1  -1  -1  -1  -1  2  -1  2  2  -1  1  -1  
layer num 5		-1  -1  -1  -1  -1  -1  -1  -1  -1  -1  -1  -1  2  -1  -1  -1  -1  -1  -1  -1  -1  -1  -1  -1  -1  -1  -1  -1  -1  -1  
my rings: 9
other rings: 11
Came here
6
35
WHY 

centre is 3
layer num 1		3  3  3  1  3  2  
layer num 2		1  -1  1  -1  3  3  0  3  -1  2  3  1  
layer num 3		2  -1  -1  -1  3  -1  3  -1  2  -1  -1  -1  0  2  0  2  3  0  
layer num 4		-1  -1  -1  -1  -1  -1  -1  -1  -1  -1  -1  -1  -1  -1  -1  -1  -1  2  -1  2  2  -1  1  -1  
layer num 5		-1  -1  -1  -1  -1  -1  -1  -1  -1  -1  -1  -1  2  -1  -1  -1  -1  -1  -1  -1  -1  -1  -1  -1  -1  -1  -1  -1  -1  -1  
my rings: 10
other rings: 12
Came here
6
38
WHY 

centre is 3
layer num 1		3  3  3  3  3  2  
layer num 2		1  -1  1  -1  3  3  0  2  -1  2  3  1  
layer num 3		2  -1  -1  -1  3  -1  3  -1  2  -1  -1  1  2  2  0  2  3  0  
layer num 4		-1  -1  -1  -1  -1  -1  -1  -1  -1  -1  -1  -1  -1  -1  -1  0  -1  2  -1  2  2  -1  1  -1  
layer num 5		-1  -1  -1  -1  -1  -1  -1  -1  -1  -1  -1  -1  2  -1  -1  -1  -1  -1  -1  -1  -1  -1  -1  -1  -1  -1  -1  -1  -1  -1  
my rings: 12
other rings: 12
Came here
5
40
WHY 

centre is 3
layer num 1		3  3  3  2  2  2  
layer num 2		1  -1  1  -1  3  2  0  2  -1  3  3  1  
layer num 3		2  -1  -1  -1  3  -1  3  0  2  -1  -1  3  3  2  2  2  3  0  
layer num 4		-1  -1  -1  -1  -1  -1  -1  -1  -1  -1  -1  -1  -1  -1  -1  0  -1  3  -1  2  2  -1  1  -1  
layer num 5		-1  -1  -1  -1  -1  -1  -1  -1  -1  -1  -1  -1  2  -1  -1  -1  -1  -1  -1  -1  -1  -1  1  -1  -1  -1  -1  -1  -1  -1  
my rings: 13
other rings: 13
Came here
6
43
WHY 

centre is 3
layer num 1		3  3  3  2  2  2  
layer num 2		1  -1  3  1  3  2  2  3  0  3  3  1  
layer num 3		2  -1  -1  -1  3  -1  3  0  2  -1  -1  3  3  2  2  2  3  0  
layer num 4		-1  -1  -1  -1  -1  -1  -1  -1  -1  -1  -1  -1  -1  -1  -1  0  -1  3  -1  2  2  -1  1  -1  
layer num 5		-1  -1  -1  -1  -1  -1  -1  -1  -1  -1  -1  -1  2  -1  -1  -1  -1  -1  -1  -1  -1  -1  1  -1  -1  -1  -1  -1  -1  -1  
my rings: 13
other rings: 15
Came here
5
45
WHY 

centre is -1
layer num 1		3  3  -1  2  3  -1  
layer num 2		1  -1  3  1  -1  2  2  2  2  3  3  3  
layer num 3		2  -1  -1  -1  3  -1  -1  0  2  -1  1  3  2  2  2  2  3  0  
layer num 4		-1  -1  -1  -1  -1  -1  -1  -1  -1  -1  -1  -1  -1  -1  -1  0  0  3  -1  2  2  -1  1  -1  
layer num 5		-1  -1  -1  -1  -1  -1  -1  -1  -1  -1  -1  -1  2  -1  -1  -1  -1  -1  -1  -1  -1  -1  -1  -1  -1  -1  -1  -1  -1  -1  
my rings: 14
other rings: 11
There was already a row of 5 markers
Present here
Also here
Also here
Also here
Also here
WHY 

centre is -1
layer num 1		3  3  -1  2  3  0  
layer num 2		1  -1  3  3  1  2  -1  -1  -1  3  3  2  
layer num 3		2  -1  -1  -1  3  -1  -1  0  -1  -1  1  3  2  -1  2  2  3  2  
layer num 4		-1  -1  -1  -1  -1  -1  -1  -1  -1  -1  -1  -1  -1  -1  -1  0  -1  3  -1  2  2  -1  1  -1  
layer num 5		-1  -1  -1  -1  -1  -1  -1  -1  -1  -1  -1  -1  2  -1  -1  -1  -1  -1  -1  -1  -1  -1  -1  -1  -1  -1  -1  -1  -1  -1  
my rings: 11
other rings: 11
Came here
6
48
WHY 

centre is -1
layer num 1		2  3  -1  2  3  2  
layer num 2		1  0  3  3  1  2  -1  -1  -1  3  3  2  
layer num 3		2  -1  -1  -1  3  -1  -1  0  -1  -1  1  3  2  -1  2  2  3  2  
layer num 4		-1  -1  -1  -1  -1  -1  -1  -1  -1  -1  -1  -1  -1  -1  -1  0  -1  3  -1  2  2  -1  3  -1  
layer num 5		-1  -1  -1  -1  -1  -1  -1  -1  -1  -1  -1  -1  2  -1  -1  -1  -1  -1  -1  -1  -1  -1  -1  -1  -1  -1  -1  -1  1  -1  
my rings: 13
other rings: 11
Came here
6
51
WHY 

centre is -1
layer num 1		2  3  1  2  3  2  
layer num 2		1  0  3  3  3  2  -1  0  -1  3  3  2  
layer num 3		2  -1  -1  -1  3  -1  -1  0  -1  -1  1  2  2  -1  2  2  3  2  
layer num 4		-1  -1  -1  -1  -1  -1  -1  -1  -1  -1  -1  -1  -1  -1  -1  2  -1  3  -1  2  2  -1  3  -1  
layer num 5		-1  -1  -1  -1  -1  -1  -1  -1  -1  -1  -1  -1  2  -1  -1  -1  -1  -1  -1  -1  -1  -1  -1  -1  -1  -1  -1  -1  1  -1  
my rings: 15
other rings: 11
Came here
6
54
WHY 

centre is -1
layer num 1		2  3  1  3  2  2  
layer num 2		3  0  3  3  3  3  -1  0  -1  2  3  2  
layer num 3		2  -1  -1  -1  3  -1  -1  2  -1  -1  1  2  2  -1  3  2  3  3  
layer num 4		-1  -1  -1  -1  -1  -1  -1  -1  -1  -1  -1  -1  -1  -1  -1  2  -1  3  -1  3  2  -1  2  -1  
layer num 5		-1  -1  -1  -1  -1  -1  -1  -1  -1  -1  -1  -1  2  -1  -1  -1  -1  -1  -1  -1  -1  -1  -1  -1  0  -1  -1  1  1  -1  
my rings: 14
other rings: 14
Came here
6
57
WHY 

centre is -1
layer num 1		2  3  1  3  2  2  
layer num 2		3  2  3  3  3  3  -1  0  1  3  2  2  
layer num 3		2  -1  0  -1  3  -1  -1  2  -1  -1  1  2  2  -1  3  2  2  3  
layer num 4		-1  -1  -1  -1  -1  -1  -1  -1  -1  -1  -1  -1  -1  -1  -1  2  -1  3  -1  3  2  -1  3  -1  
layer num 5		-1  -1  -1  -1  -1  -1  -1  -1  -1  -1  -1  -1  2  -1  -1  -1  -1  -1  -1  -1  -1  -1  -1  -1  0  -1  -1  1  3  -1  
my rings: 15
other rings: 15
Came here
8
62
WHY 

centre is -1
layer num 1		2  2  3  2  3  2  
layer num 2		-1  -1  -1  3  3  2  -1  0  1  2  2  2  
layer num 3		2  -1  0  -1  3  -1  -1  3  -1  -1  1  2  2  -1  2  2  2  -1  
layer num 4		-1  -1  -1  -1  -1  -1  -1  -1  -1  0  -1  -1  -1  -1  -1  2  -1  3  -1  2  2  -1  -1  -1  
layer num 5		-1  -1  -1  -1  -1  -1  -1  -1  -1  -1  -1  -1  2  -1  -1  -1  -1  -1  -1  -1  -1  -1  -1  -1  2  -1  -1  1  3  -1  
my rings: 19
other rings: 8
Came here
8
67
***********************************

-> You are player 2
-> You are alloted a time of 120s

***********************************

Player 1 played : P 0 0
P 0 0 True
Time remaining is: 120s
You played : P 5 12
P 5 12 True
Player 1 played : P 2 7
P 2 7 True
Time remaining is: 120s
You played : P 1 0
P 1 0 True
Player 1 played : P 1 1
P 1 1 True
Time remaining is: 120s
You played : P 3 15
P 3 15 True
Player 1 played : P 2 11
P 2 11 True
Time remaining is: 120s
You played : P 3 14
P 3 14 True
Player 1 played : P 2 5
P 2 5 True
Time remaining is: 120s
You played : P 4 17
P 4 17 True
Player 1 played : S 2 7 M 3 8
S 2 7 True
M 3 8 True
Time remaining is: 120s
You played : S 3 15 M 2 10
S 3 15 True
M 2 10 True
Player 1 played : S 1 1 M 1 2
S 1 1 True
M 1 2 True
Time remaining is: 120s
You played : S 2 10 M 1 5
S 2 10 True
M 1 5 True
Player 1 played : S 3 8 M 3 6
S 3 8 True
M 3 6 True
Time remaining is: 119s
You played : S 5 12 M 2 6
S 5 12 True
M 2 6 True
Player 1 played : S 2 5 M 2 4
S 2 5 True
M 2 4 True
Time remaining is: 119s
You played : S 4 17 M 4 20
S 4 17 True
M 4 20 True
Player 1 played : S 2 11 M 3 16
S 2 11 True
M 3 16 True
Time remaining is: 114s
You played : S 1 5 M 3 17
S 1 5 True
M 3 17 True
Player 1 played : S 3 16 M 2 9
S 3 16 True
M 2 9 True
Time remaining is: 112s
You played : S 3 17 M 4 19
S 3 17 True
M 4 19 True
Player 1 played : S 2 9 M 1 4
S 2 9 True
M 1 4 True
Time remaining is: 112s
You played : S 4 20 M 4 23
S 4 20 True
M 4 23 True
Player 1 played : S 3 6 M 3 4
S 3 6 True
M 3 4 True
Time remaining is: 110s
You played : S 4 23 M 5 29
S 4 23 True
M 5 29 True
Player 1 played : S 3 4 M 4 22
S 3 4 True
M 4 22 True
Time remaining is: 109s
You played : S 5 29 M 5 28
S 5 29 True
M 5 28 True
Player 1 played : S 1 2 M 1 3
S 1 2 True
M 1 3 True
Time remaining is: 106s
You played : S 4 19 M 3 0 RS 1 5 RE 5 29 X 5 28
S 4 19 True
M 3 0 True
RS 1 5 True
RE 5 29 True
X 5 28 True
Player 1 played : S 1 4 M 1 5
S 1 4 True
M 1 5 True
Time remaining is: 105s
You played : S 3 0 M 3 17
S 3 0 True
M 3 17 True
Player 1 played : S 1 5 M 2 11
S 1 5 True
M 2 11 True
Time remaining is: 104s
You played : S 1 0 M 3 13
S 1 0 True
M 3 13 True
Player 1 played : S 0 0 M 2 0
S 0 0 True
M 2 0 True
Time remaining is: 103s
You played : S 3 13 M 3 12
S 3 13 True
M 3 12 True
Player 1 played : S 2 4 M 2 2
S 2 4 True
M 2 2 True
Time remaining is: 102s
You played : S 3 12 M 4 15
S 3 12 True
M 4 15 True
Player 1 played : S 1 3 M 3 11
S 1 3 True
M 3 11 True
Time remaining is: 100s
You played : S 3 14 M 3 7
S 3 14 True
M 3 7 True
Player 1 played : S 3 11 M 5 22
S 3 11 True
M 5 22 True
Time remaining is: 99s
You played : S 2 6 M 2 8
S 2 6 True
M 2 8 True
Player 1 played : S 2 2 M 2 3
S 2 2 True
M 2 3 True
Time remaining is: 98s
You played : S 2 8 M 4 16
S 2 8 True
M 4 16 True
Player 1 played : S 2 11 M 3 10 RS 3 6 RE 1 5 X 5 22
S 2 11 True
M 3 10 True
RS 3 6 True
RE 1 5 True
X 5 22 True
Time remaining is: 98s
You played : RS 3 13 RE 3 8 X 4 16 S 3 17 M 1 5
RS 3 13 True
RE 3 8 True
X 4 16 True
S 3 17 True
M 1 5 True
Player 1 played : S 2 3 M 2 4
S 2 3 True
M 2 4 True
Time remaining is: 98s
You played : S 1 5 M 2 1
S 1 5 True
M 2 1 True
Player 1 played : S 4 22 M 5 28
S 4 22 True
M 5 28 True
Time remaining is: 97s
You played : S 4 15 M 2 7
S 4 15 True
M 2 7 True
Player 1 played : S 2 4 M 1 2
S 2 4 True
M 1 2 True
Time remaining is: 96s
You played : S 3 7 M 5 24
S 3 7 True
M 5 24 True
Player 1 played : S 2 0 M 5 27
S 2 0 True
M 5 27 True
Time remaining is: 95s
You played : S 2 1 M 3 2
S 2 1 True
M 3 2 True
Player 1 played : S 5 28 M 2 8
S 5 28 True
M 2 8 True
Time remaining is: 95s
You played : S 5 24 M 4 9
S 5 24 True
M 4 9 True
Player 1 played : S 1 2 M 3 1 RS 2 2 RE 4 22 X 3 1
S 1 2 True
M 3 1 True
RS 2 2 True
RE 4 22 True
X 3 1 True
Time remaining is: 93s
You played : S 3 2 M 4 10 RS 3 16 RE 2 3 X 4 9
S 3 2 True
M 4 10 True
RS 3 16 True
RE 2 3 True
X 4 9 True
YOU WIN!
Your Score : 8.018
Opponent's Score : 2.005
