Segmentation fault (core dumped)
***********************************

-> You are player 2
-> You are alloted a time of 120s

***********************************

Player 1 played : P 0 0
P 0 0 True
Time remaining is: 120s
You played : P 1 0
P 1 0 True
Player 1 played : P 1 3
P 1 3 True
Time remaining is: 120s
You played : P 1 1
P 1 1 True
Player 1 played : P 1 2
P 1 2 True
Time remaining is: 120s
You played : P 1 4
P 1 4 True
Player 1 played : P 1 5
P 1 5 True
Time remaining is: 120s
You played : P 2 0
P 2 0 True
Player 1 played : P 2 4
P 2 4 True
Time remaining is: 120s
You played : P 2 1
P 2 1 True
Player 1 played : S 1 2 M 4 11
S 1 2 True
M 4 11 True
Time remaining is: 120s
You played : S 1 1 M 2 5
S 1 1 True
M 2 5 True
Player 1 played : S 2 4 M 3 7
S 2 4 True
M 3 7 True
Time remaining is: 120s
You played : S 1 0 M 2 11
S 1 0 True
M 2 11 True
Player 1 played : S 1 3 M 2 3
S 1 3 True
M 2 3 True
Time remaining is: 120s
You played : S 2 5 M 3 5
S 2 5 True
M 3 5 True
Player 1 played : S 3 7 M 3 8
S 3 7 True
M 3 8 True
Time remaining is: 120s
You played : S 3 5 M 3 4
S 3 5 True
M 3 4 True
Player 1 played : S 0 0 M 2 2
S 0 0 True
M 2 2 True
Time remaining is: 120s
You played : S 2 0 M 2 6
S 2 0 True
M 2 6 True
Player 1 played : S 2 3 M 4 7
S 2 3 True
M 4 7 True
Time remaining is: 120s
You played : S 3 4 M 3 6
S 3 4 True
M 3 6 True
Player 1 played : S 3 8 M 3 9
S 3 8 True
M 3 9 True
Time remaining is: 119s
You played : S 2 11 M 3 17
S 2 11 True
M 3 17 True
Player 1 played : S 2 2 M 4 6
S 2 2 True
M 4 6 True
Time remaining is: 119s
You played : S 3 17 M 4 23
S 3 17 True
M 4 23 True
Player 1 played : S 4 7 M 5 11
S 4 7 True
M 5 11 True
Time remaining is: 118s
ERROR : THIS CLIENT RAN OUT OF TIME!
