@@@@ This is ME @@@@
1 5 120 5
***********************************

-> You are player 1
-> You are alloted a time of 120s

***********************************

Time remaining is: 120s
You played : P 3 11
P 3 11 True
Player 2 played : P 2 3
P 2 3 True
Time remaining is: 120s
You played : P 3 13
P 3 13 True
Player 2 played : P 2 1
P 2 1 True
Time remaining is: 120s
You played : P 0 0
P 0 0 True
Player 2 played : P 1 1
P 1 1 True
Time remaining is: 120s
You played : P 1 2
P 1 2 True
Player 2 played : P 1 0
P 1 0 True
Time remaining is: 120s
You played : P 2 4
P 2 4 True
Player 2 played : P 2 11
P 2 11 True
Time remaining is: 120s
You played : S 3 11 M 2 8
S 3 11 True
M 2 8 True
Player 2 played : S 2 11 M 2 7
S 2 11 True
M 2 7 True
Time remaining is: 120s
You played : S 2 8 M 2 9
S 2 8 True
M 2 9 True
Player 2 played : S 2 7 M 4 15
S 2 7 True
M 4 15 True
Time remaining is: 120s
You played : S 2 9 M 4 14
S 2 9 True
M 4 14 True
Player 2 played : S 4 15 M 1 3
S 4 15 True
M 1 3 True
Time remaining is: 120s
You played : S 0 0 M 3 12
S 0 0 True
M 3 12 True
Player 2 played : S 1 1 M 1 4
S 1 1 True
M 1 4 True
Time remaining is: 120s
You played : S 4 14 M 4 16
S 4 14 True
M 4 16 True
Player 2 played : S 1 4 M 3 10
S 1 4 True
M 3 10 True
Time remaining is: 120s
You played : S 1 2 M 1 5
S 1 2 True
M 1 5 True
Player 2 played : S 2 1 M 2 5
S 2 1 True
M 2 5 True
Time remaining is: 120s
You played : S 3 13 M 2 6
S 3 13 True
M 2 6 True
Player 2 played : S 2 3 M 2 2
S 2 3 True
M 2 2 True
Time remaining is: 120s
You played : S 4 16 M 5 19
S 4 16 True
M 5 19 True
Player 2 played : S 3 10 M 4 13
S 3 10 True
M 4 13 True
Time remaining is: 120s
You played : S 3 12 M 3 9
S 3 12 True
M 3 9 True
Player 2 played : S 4 13 M 5 17
S 4 13 True
M 5 17 True
Time remaining is: 120s
You played : S 5 19 M 5 18
S 5 19 True
M 5 18 True
Player 2 played : S 2 5 M 3 8
S 2 5 True
M 3 8 True
Time remaining is: 120s
You played : S 3 9 M 4 12
S 3 9 True
M 4 12 True
Player 2 played : S 3 8 M 4 11
S 3 8 True
M 4 11 True
Time remaining is: 120s
You played : S 1 5 M 4 17
S 1 5 True
M 4 17 True
Player 2 played : S 1 0 M 3 5 RS 3 8 RE 2 1 X 4 11
S 1 0 True
M 3 5 True
RS 3 8 True
RE 2 1 True
X 4 11 True
Time remaining is: 120s
You played : S 4 17 M 4 18 RS 4 17 RE 3 9 X 5 18
S 4 17 True
M 4 18 True
RS 4 17 True
RE 3 9 True
X 5 18 True
Player 2 played : S 1 3 M 2 0
S 1 3 True
M 2 0 True
Time remaining is: 120s
You played : S 2 6 M 3 9
S 2 6 True
M 3 9 True
Player 2 played : S 3 5 M 1 1
S 3 5 True
M 1 1 True
Time remaining is: 120s
You played : S 2 4 M 4 6
S 2 4 True
M 4 6 True
Player 2 played : S 1 1 M 3 8
S 1 1 True
M 3 8 True
Time remaining is: 120s
You played : S 3 9 M 4 11
S 3 9 True
M 4 11 True
Player 2 played : S 2 2 M 3 2 RS 2 8 RE 2 2 X 3 2
S 2 2 True
M 3 2 True
RS 2 8 True
RE 2 2 True
X 3 2 True
Time remaining is: 120s
You played : S 4 6 M 4 5
S 4 6 True
M 4 5 True
Player 2 played : S 3 8 M 2 8
S 3 8 True
M 2 8 True
Time remaining is: 120s
You played : S 4 11 M 2 5
S 4 11 True
M 2 5 True
Player 2 played : S 2 0 M 5 8
S 2 0 True
M 5 8 True
Time remaining is: 120s
You played : S 2 5 M 3 10
S 2 5 True
M 3 10 True
Player 2 played : S 2 8 M 4 10
S 2 8 True
M 4 10 True
Time remaining is: 120s
You played : S 3 10 M 5 16
S 3 10 True
M 5 16 True
Player 2 played : S 5 17 M 3 11
S 5 17 True
M 3 11 True
Time remaining is: 120s
You played : S 4 6 M 5 18
S 4 6 False
INVALID MOVE ON THIS CLIENT
