1 5 120 5
In initial move
In initial move
In initial move
In initial move
In initial move
Branching factor = 10
Branching factor = 10
0, -1; -1, -2
2, 2 to 2, 1
Branching factor = 10
Branching factor = 10
-1, -2; -2, -3
-1, -1 to -2, -2
Branching factor = 10
Branching factor = 10
-2, -3; -1, -3
1, 2 to 1, 3
Branching factor = 14
Branching factor = 14
0, 1; 2, 3
-2, -2 to 0, -2
Branching factor = 14
Branching factor = 14
-1, -3; -1, 0
0, -2 to 0, -3
Branching factor = 11
Branching factor = 11
-1, 0; -1, 1
0, -3 to -3, -3
Branching factor = 13
Branching factor = 13
-1, 1; -1, 2
1, 3 to -2, 0
Branching factor = 16
Branching factor = 16
2, 3; 3, 4
3, 3 to 0, 3
Branching factor = 18
Branching factor = 18
1, 1; 4, 4
-3, -3 to -4, -3
0, 0; 0, -4
Ring removed at index4
-4, -3 to -3, -2
1, 0; -3, -4
-2, 0 to -2, -4
3, 4; 2, 4
-3, -2 to 4, 5
-3, -4; -3, -1
Branching factor = 20
Branching factor = 20
-3, -1; -3, 0
-2, -4 to -4, -4
Branching factor = 20
Branching factor = 20
-3, 0; -3, 1
-4, -4 to -1, -1
-3, 1; -3, -5
-1, -1 to -2, -1
Branching factor = 18
Branching factor = 18
Branching factor = 18
-3, -5; 1, -1
2, 1 to 2, -3
0, -4; 0, 0
2, -3 to -5, -3
0, 0; -1, 0
-5, -3 to -4, -2
-1, 0; -4, 0
Ring removed at index3
-4, -2 to -4, -5
2, 4; 0, 2
-2, -1 to -2, 0
0, 2; 0, 4
3, 3 to -1, 3
4, 4; 2, 2
4, 5 to 4, 3
2, 2; 2, 0
4, 3 to 2, 3
2, 0; 1, -1
Branching factor = 13
Branching factor = 13
Branching factor = 13
Branching factor = 13
Branching factor = 13
1, -1; -3, -1
***********************************

-> You are player 1
-> You are alloted a time of 120s

***********************************

Time remaining is: 120s
You played : P 0 0
P 0 0 True
Player 2 played : P 1 4
P 1 4 True
Time remaining is: 120s
You played : P 1 0
P 1 0 True
Player 2 played : P 2 2
P 2 2 True
Time remaining is: 120s
You played : P 1 1
P 1 1 True
Player 2 played : P 2 4
P 2 4 True
Time remaining is: 120s
You played : P 1 2
P 1 2 True
Player 2 played : P 2 1
P 2 1 True
Time remaining is: 120s
You played : P 1 3
P 1 3 True
Player 2 played : P 3 3
P 3 3 True
Time remaining is: 120s
You played : S 1 3 M 2 7
S 1 3 True
M 2 7 True
Player 2 played : S 2 2 M 2 3
S 2 2 True
M 2 3 True
Time remaining is: 119s
You played : S 2 7 M 3 11
S 2 7 True
M 3 11 True
Player 2 played : S 1 4 M 2 8
S 1 4 True
M 2 8 True
Time remaining is: 117s
You played : S 3 11 M 3 10
S 3 11 True
M 3 10 True
Player 2 played : S 2 1 M 3 1
S 2 1 True
M 3 1 True
Time remaining is: 114s
You played : S 1 0 M 3 2
S 1 0 True
M 3 2 True
Player 2 played : S 2 8 M 2 6
S 2 8 True
M 2 6 True
Time remaining is: 112s
You played : S 3 10 M 1 5
S 3 10 True
M 1 5 True
Player 2 played : S 2 6 M 3 9
S 2 6 True
M 3 9 True
Time remaining is: 111s
You played : S 1 5 M 2 11
S 1 5 True
M 2 11 True
Player 2 played : S 3 9 M 3 12
S 3 9 True
M 3 12 True
Time remaining is: 109s
You played : S 2 11 M 3 17
S 2 11 True
M 3 17 True
Player 2 played : S 3 1 M 2 10
S 3 1 True
M 2 10 True
Time remaining is: 107s
You played : S 3 2 M 4 3
S 3 2 True
M 4 3 True
Player 2 played : S 3 3 M 3 0
S 3 3 True
M 3 0 True
Time remaining is: 105s
You played : S 1 1 M 4 4
S 1 1 True
M 4 4 True
Player 2 played : S 3 12 M 4 17
S 3 12 True
M 4 17 True
Time remaining is: 103s
You played : S 0 0 M 4 12 RS 1 4 RE 3 3 X 3 17
S 0 0 True
M 4 12 True
RS 1 4 True
RE 3 3 True
X 3 17 True
Player 2 played : S 4 17 M 3 13
S 4 17 True
M 3 13 True
Time remaining is: 97s
You played : S 1 2 M 4 15
S 1 2 True
M 4 15 True
Player 2 played : S 2 10 M 4 14
S 2 10 True
M 4 14 True
Time remaining is: 96s
You played : S 4 3 M 4 2
S 4 3 True
M 4 2 True
Player 2 played : S 3 13 M 5 4
S 3 13 True
M 5 4 True
Time remaining is: 93s
You played : S 4 15 M 3 14
S 4 15 True
M 3 14 True
Player 2 played : S 3 0 M 3 3 RS 1 5 RE 4 3 X 2 4
S 3 0 True
M 3 3 True
RS 1 5 True
RE 4 3 True
X 2 4 True
Time remaining is: 91s
You played : S 3 14 M 3 15
S 3 14 True
M 3 15 True
Player 2 played : S 4 14 M 4 16
S 4 14 True
M 4 16 True
Time remaining is: 87s
You played : S 3 15 M 4 21
S 3 15 True
M 4 21 True
Player 2 played : S 4 16 M 1 4
S 4 16 True
M 1 4 True
Time remaining is: 82s
You played : S 4 21 M 5 18
S 4 21 True
M 5 18 True
Player 2 played : S 1 4 M 2 9
S 1 4 True
M 2 9 True
Time remaining is: 78s
You played : S 5 18 M 2 5
S 5 18 True
M 2 5 True
Player 2 played : S 2 3 M 5 13
S 2 3 True
M 5 13 True
Time remaining is: 76s
You played : S 4 12 M 0 0
S 4 12 True
M 0 0 True
Player 2 played : S 5 13 M 5 22
S 5 13 True
M 5 22 True
Time remaining is: 75s
You played : S 0 0 M 1 5
S 0 0 True
M 1 5 True
Player 2 played : S 5 22 M 4 18
S 5 22 True
M 4 18 True
Time remaining is: 73s
You played : S 1 5 M 4 20 RS 3 15 RE 1 2 X 2 5
S 1 5 True
M 4 20 True
RS 3 15 True
RE 1 2 True
X 2 5 True
Player 2 played : S 4 18 M 5 19
S 4 18 True
M 5 19 True
Time remaining is: 71s
You played : S 4 2 M 2 0
S 4 2 True
M 2 0 True
Player 2 played : S 2 9 M 2 10
S 2 9 True
M 2 10 True
Time remaining is: 69s
You played : S 2 0 M 4 0
S 2 0 True
M 4 0 True
Player 2 played : S 3 3 M 4 23
S 3 3 True
M 4 23 True
Time remaining is: 68s
You played : S 4 4 M 2 2
S 4 4 True
M 2 2 True
Player 2 played : S 5 4 M 4 5
S 5 4 True
M 4 5 True
Time remaining is: 65s
You played : S 2 2 M 2 4
S 2 2 True
M 2 4 True
Player 2 played : S 4 5 M 3 2
S 4 5 True
M 3 2 True
Time remaining is: 64s
You played : S 2 4 M 2 5
S 2 4 True
M 2 5 True
Player 2 played : S 2 10 M 1 2 RS 5 22 RE 2 11 X 5 19
S 2 10 True
M 1 2 True
RS 5 22 True
RE 2 11 True
X 5 19 True
Time remaining is: 62s
You played : S 2 5 M 3 14
S 2 5 True
M 3 14 True
Player 2 played : S 1 2 M 5 19
S 1 2 True
M 5 19 True
Time remaining is: 60s1, 0 to -4, -5
-3, -1; -4, -2

You played : S 3 14 M 4 18
S 3 14 True
M 4 18 True
Player 2 played : S 3 2 M 3 7 RS 3 0 RE 4 5 X 5 19
S 3 2 True
M 3 7 True
RS 3 0 True
RE 4 5 True
X 5 19 True
OTHER PLAYER WINS!
Your Score : 2.014
Opponent's Score : 8.015
