***********************************

-> You are player 1
-> You are alloted a time of 120s

***********************************

Time remaining is: 120s
You played : P 0 0
P 0 0 True
Player 2 played : P 1 0
P 1 0 True
Time remaining is: 120s
You played : P 2 1
P 2 1 True
Player 2 played : P 1 1
P 1 1 True
Time remaining is: 120s
You played : P 2 3
P 2 3 True
Player 2 played : P 1 2
P 1 2 True
Time remaining is: 120s
You played : P 2 5
P 2 5 True
Player 2 played : P 1 3
P 1 3 True
Time remaining is: 120s
You played : P 2 7
P 2 7 True
Player 2 played : P 1 4
P 1 4 True
Time remaining is: 120s
You played : S 0 0 M 1 5
S 0 0 True
M 1 5 True
Player 2 played : S 1 0 M 2 0
S 1 0 True
M 2 0 True
Time remaining is: 120s
You played : S 2 3 M 3 5
S 2 3 True
M 3 5 True
Player 2 played : S 1 2 M 3 4
S 1 2 True
M 3 4 True
Time remaining is: 120s
You played : S 2 5 M 2 4
S 2 5 True
M 2 4 True
Player 2 played : S 1 3 M 3 7
S 1 3 True
M 3 7 True
Time remaining is: 119s
You played : S 2 4 M 2 6
S 2 4 True
M 2 6 True
Player 2 played : S 1 4 M 2 8
S 1 4 True
M 2 8 True
Time remaining is: 117s
You played : S 2 6 M 3 8
S 2 6 True
M 3 8 True
Player 2 played : S 2 0 M 3 0
S 2 0 True
M 3 0 True
Time remaining is: 113s
You played : S 2 7 M 3 10
S 2 7 True
M 3 10 True
Player 2 played : S 3 7 M 2 2
S 3 7 True
M 2 2 True
Time remaining is: 111s
You played : S 3 10 M 3 9
S 3 10 True
M 3 9 True
Player 2 played : S 2 2 M 3 2
S 2 2 True
M 3 2 True
Time remaining is: 110s
You played : S 3 5 M 4 7
S 3 5 True
M 4 7 True
Player 2 played : S 3 4 M 3 6
S 3 4 True
M 3 6 True
Time remaining is: 108s
You played : S 2 1 M 4 6
S 2 1 True
M 4 6 True
Player 2 played : S 1 1 M 3 3
S 1 1 True
M 3 3 True
Time remaining is: 106s
You played : S 4 6 M 4 5
S 4 6 True
M 4 5 True
Player 2 played : S 2 8 M 2 9
S 2 8 True
M 2 9 True
Time remaining is: 102s
You played : S 3 8 M 5 12
S 3 8 True
M 5 12 True
Player 2 played : S 2 9 M 2 10
S 2 9 True
M 2 10 True
Time remaining is: 86s
You played : S 5 12 M 4 9
S 5 12 True
M 4 9 True
Player 2 played : S 2 10 M 3 14
S 2 10 True
M 3 14 True
Time remaining is: 72s
You played : S 4 9 M 4 10
S 4 9 True
M 4 10 True
Player 2 played : S 3 0 M 4 0
S 3 0 True
M 4 0 True
Time remaining is: 53s
You played : S 4 10 M 5 13 RS 2 7 RE 5 12 X 3 9
S 4 10 True
M 5 13 True
RS 2 7 True
RE 5 12 True
X 3 9 True
Player 2 played : S 4 0 M 2 6 RS 2 2 RE 2 8 X 3 2
S 4 0 True
M 2 6 True
RS 2 2 True
RE 2 8 True
X 3 2 True
Time remaining is: 24s
You played : S 5 13 M 2 2
S 5 13 True
M 2 2 True
Player 2 played : S 2 6 M 5 7
S 2 6 True
M 5 7 True
Time remaining is: 23s
You played : S 2 2 M 1 1
S 2 2 True
M 1 1 True
Player 2 played : S 3 6 M 5 12
S 3 6 True
M 5 12 True
Time remaining is: 23s
You played : S 1 5 M 0 0
S 1 5 True
M 0 0 True
Player 2 played : S 3 3 M 4 23
S 3 3 True
M 4 23 True
Time remaining is: 23s
You played : S 0 0 M 4 8 RS 1 5 RE 3 6 X 4 7
S 0 0 True
M 4 8 True
RS 1 5 True
RE 3 6 True
X 4 7 True
Player 2 played : S 5 7 M 2 4
S 5 7 True
M 2 4 True
Time remaining is: 23s
You played : RS 2 0 RE 4 6 X 4 5
RS 2 0 True
RE 4 6 True
X 4 5 True
YOU WIN!
Your Score : 9.005
Opponent's Score : 1.011
