init complete: 
boardsize: 5
            _ _ _ _   
         _ _ _ _ _ _ _ 
        _ _ _ _ _ _ _ _ 
       _ _ _ _ _ _ _ _ _ 
      _ _ _ _ _ _ _ _ _ _ 
       _ _ _ _ _ _ _ _ _   
      _ _ _ _ _ _ _ _ _ _ 
       _ _ _ _ _ _ _ _ _ 
        _ _ _ _ _ _ _ _ 
         _ _ _ _ _ _ _ 
            _ _ _ _   
            _ _ _ _   
         _ _ _ _ _ _ _ 
        _ _ _ _ _ _ _ _ 
       _ _ _ _ _ _ _ _ _ 
      _ _ _ _ _ _ _ _ _ _ 
       _ _ _ _ a _ _ _ _   
      _ _ _ _ _ _ _ _ _ _ 
       _ _ _ _ _ _ _ _ _ 
        _ _ _ _ _ _ _ _ 
         _ _ _ _ _ _ _ 
            _ _ _ _   
count of prune: 0
            _ _ _ _   
         _ _ _ _ _ _ _ 
        _ _ _ _ _ _ _ _ 
       _ _ _ _ _ _ _ _ _ 
      _ _ _ _ _ _ _ _ _ _ 
       _ _ _ _ a _ _ _ _   
      _ _ _ _ _ 1 _ _ _ _ 
       _ _ _ _ _ _ _ _ _ 
        _ _ _ _ _ _ _ _ 
         _ _ _ _ _ _ _ 
            _ _ _ _   
            _ _ _ _   
         _ _ _ _ _ _ _ 
        _ _ _ _ _ _ _ _ 
       _ _ _ _ _ _ _ _ _ 
      _ _ _ _ _ _ _ _ _ _ 
       _ _ _ _ a _ _ _ _   
      _ _ _ _ a 1 _ _ _ _ 
       _ _ _ _ _ _ _ _ _ 
        _ _ _ _ _ _ _ _ 
         _ _ _ _ _ _ _ 
            _ _ _ _   
count of prune: 0
            _ _ _ _   
         _ _ _ _ _ _ _ 
        _ _ _ _ _ _ _ _ 
       _ _ _ _ _ _ _ _ _ 
      _ _ _ _ _ 1 _ _ _ _ 
       _ _ _ _ a _ _ _ _   
      _ _ _ _ a 1 _ _ _ _ 
       _ _ _ _ _ _ _ _ _ 
        _ _ _ _ _ _ _ _ 
         _ _ _ _ _ _ _ 
            _ _ _ _   
            _ _ _ _   
         _ _ _ _ _ _ _ 
        _ _ _ _ _ _ _ _ 
       _ _ _ _ _ _ _ _ _ 
      _ _ _ _ _ 1 _ _ _ _ 
       _ _ _ _ a a _ _ _   
      _ _ _ _ a 1 _ _ _ _ 
       _ _ _ _ _ _ _ _ _ 
        _ _ _ _ _ _ _ _ 
         _ _ _ _ _ _ _ 
            _ _ _ _   
count of prune: 0
            _ _ _ _   
         _ _ _ _ _ _ _ 
        _ _ _ _ _ _ _ _ 
       _ _ _ _ _ _ _ _ _ 
      _ _ _ _ _ 1 _ _ _ _ 
       _ _ _ 1 a a _ _ _   
      _ _ _ _ a 1 _ _ _ _ 
       _ _ _ _ _ _ _ _ _ 
        _ _ _ _ _ _ _ _ 
         _ _ _ _ _ _ _ 
            _ _ _ _   
            _ _ _ _   
         _ _ _ _ _ _ _ 
        _ _ _ _ _ _ _ _ 
       _ _ _ _ _ _ _ _ _ 
      _ _ _ _ a 1 _ _ _ _ 
       _ _ _ 1 a a _ _ _   
      _ _ _ _ a 1 _ _ _ _ 
       _ _ _ _ _ _ _ _ _ 
        _ _ _ _ _ _ _ _ 
         _ _ _ _ _ _ _ 
            _ _ _ _   
count of prune: 0
            _ _ _ _   
         _ _ _ _ _ _ _ 
        _ _ _ _ _ _ _ _ 
       _ _ _ _ _ _ _ _ _ 
      _ _ _ _ a 1 _ _ _ _ 
       _ _ _ 1 a a _ _ _   
      _ _ _ 1 a 1 _ _ _ _ 
       _ _ _ _ _ _ _ _ _ 
        _ _ _ _ _ _ _ _ 
         _ _ _ _ _ _ _ 
            _ _ _ _   
            _ _ _ _   
         _ _ _ _ _ _ _ 
        _ _ _ _ _ _ _ _ 
       _ _ _ _ _ _ _ _ _ 
      _ _ _ _ a 1 _ _ _ _ 
       _ _ _ 1 a a _ _ _   
      _ _ _ 1 a 1 _ _ _ _ 
       _ _ _ _ _ a _ _ _ 
        _ _ _ _ _ _ _ _ 
         _ _ _ _ _ _ _ 
            _ _ _ _   
count of prune: 0
            _ _ _ _   
         _ _ _ _ _ _ _ 
        _ _ _ _ _ _ _ _ 
       _ _ _ _ _ _ _ _ _ 
      _ _ _ _ a 1 _ _ _ _ 
       _ _ _ 1 a a _ _ _   
      _ _ _ 1 a 1 _ _ _ _ 
       _ _ _ 1 _ a _ _ _ 
        _ _ _ _ _ _ _ _ 
         _ _ _ _ _ _ _ 
            _ _ _ _   
            _ _ _ _   
         _ _ _ _ _ _ _ 
        _ _ _ _ _ _ _ _ 
       _ _ _ _ _ _ _ _ _ 
      _ _ _ _ a 1 _ _ _ _ 
       _ _ _ 1 a a _ _ _   
      _ _ _ 1 a 1 _ _ _ _ 
       _ _ _ 1 a b _ _ _ 
        _ _ _ _ _ _ _ _ 
         _ _ _ _ _ _ _ 
            _ _ _ _   
count of prune: 492
            _ _ _ _   
         _ _ _ _ _ _ _ 
        _ _ _ _ _ _ _ _ 
       _ _ _ _ _ _ _ _ _ 
      _ _ _ _ a 1 _ _ _ _ 
       _ _ _ 1 a a _ _ _   
      _ _ 1 2 a 1 _ _ _ _ 
       _ _ _ 1 a b _ _ _ 
        _ _ _ _ _ _ _ _ 
         _ _ _ _ _ _ _ 
            _ _ _ _   
            _ _ _ _   
         _ _ _ _ _ _ _ 
        _ _ _ _ _ _ _ _ 
       _ _ _ _ _ _ _ _ _ 
      _ _ _ _ a 1 _ _ _ _ 
       _ _ _ 1 a b _ _ _   
      _ _ 1 2 a 1 _ _ _ _ 
       _ _ _ 1 a b a _ _ 
        _ _ _ _ _ _ _ _ 
         _ _ _ _ _ _ _ 
            _ _ _ _   
count of prune: 853
            _ _ _ _   
         _ _ _ _ _ _ _ 
        _ _ _ _ _ _ _ _ 
       _ _ _ _ _ _ _ _ _ 
      _ _ _ _ a 2 _ _ _ _ 
       _ _ _ 1 a 2 _ _ _   
      _ _ 1 2 a 1 1 _ _ _ 
       _ _ _ 1 a b a _ _ 
        _ _ _ _ _ _ _ _ 
         _ _ _ _ _ _ _ 
            _ _ _ _   
            _ _ _ _   
         _ _ _ _ _ _ _ 
        _ _ _ _ _ _ _ _ 
       _ _ _ _ _ _ _ _ _ 
      _ _ _ _ a 2 _ _ _ _ 
       _ _ _ 1 a 2 _ _ _   
      _ _ 1 2 a 1 1 _ _ _ 
       _ _ _ 1 b b a _ _ 
        _ _ _ _ a _ _ _ 
         _ _ _ _ _ _ _ 
            _ _ _ _   
count of prune: 1146
            _ _ _ _   
         _ _ _ _ _ _ _ 
        _ _ _ _ _ _ _ _ 
       _ _ _ _ _ _ _ _ _ 
      _ _ _ _ a 2 _ _ _ _ 
       _ _ _ 1 a 2 _ _ _   
      _ _ 1 2 a 2 1 _ _ _ 
       _ _ _ 1 2 b a _ _ 
        _ _ _ 1 a _ _ _ 
         _ _ _ _ _ _ _ 
            _ _ _ _   
            _ _ _ _   
         _ _ _ _ _ _ _ 
        _ _ _ _ _ _ _ _ 
       _ _ _ _ _ _ _ _ _ 
      _ _ _ _ a 2 _ _ _ _ 
       _ _ _ 1 b 2 _ _ _   
      _ _ 1 2 a b 1 _ _ _ 
       _ _ _ 1 2 2 a _ _ 
        _ _ _ 1 a a _ _ 
         _ _ _ _ _ _ _ 
            _ _ _ _   
count of prune: 1585
            _ _ _ _   
         _ _ _ _ _ _ _ 
        _ _ _ _ _ _ _ _ 
       _ _ _ _ _ _ _ _ _ 
      _ _ _ _ a 2 _ _ _ _ 
       _ _ _ 1 b 2 _ _ _   
      _ _ 1 2 a b 1 _ _ _ 
       _ _ _ 1 2 2 a _ _ 
        1 _ _ 2 a a _ _ 
         _ _ _ _ _ _ _ 
            _ _ _ _   
            _ _ _ _   
         _ _ _ _ _ _ _ 
        _ _ _ _ _ _ _ _ 
       _ _ _ _ _ _ _ _ _ 
      _ _ _ _ a 2 _ _ _ _ 
       _ _ _ 1 b 2 _ _ _   
      _ _ 1 2 a b 1 _ _ _ 
       _ _ _ 1 2 2 a _ _ 
        1 _ a b b a _ _ 
         _ _ _ _ _ _ _ 
            _ _ _ _   
count of prune: 2553
            _ _ _ _   
         _ _ _ _ _ _ _ 
        _ _ _ _ _ _ _ _ 
       _ _ _ _ _ _ _ _ _ 
      _ _ _ _ a 2 _ _ _ _ 
       _ _ _ 2 b 2 _ _ _   
      _ _ 1 b a b 1 _ _ _ 
       _ _ 1 1 2 2 a _ _ 
        1 _ a b b a _ _ 
         _ _ _ _ _ _ _ 
            _ _ _ _   
            _ _ _ _   
         _ _ _ _ _ _ _ 
        _ _ _ _ _ _ _ _ 
       _ _ _ _ a _ _ _ _ 
      _ _ _ _ b 2 _ _ _ _ 
       _ _ _ 2 b 2 _ _ _   
      _ _ 1 b a b 1 _ _ _ 
       _ _ 1 1 2 2 a _ _ 
        1 _ a b b a _ _ 
         _ _ _ _ _ _ _ 
            _ _ _ _   
count of prune: 3032
            _ _ _ _   
         _ _ _ _ _ _ _ 
        _ _ _ _ _ _ _ _ 
       _ _ _ _ a _ _ _ _ 
      _ _ _ _ b 2 _ _ _ _ 
       _ _ _ 2 b 2 _ _ _   
      _ _ 1 b a b 1 _ _ _ 
       _ 1 2 1 2 2 a _ _ 
        1 _ a b b a _ _ 
         _ _ _ _ _ _ _ 
            _ _ _ _   
            _ _ _ _   
         _ _ _ _ _ _ _ 
        _ _ _ _ _ _ _ _ 
       _ _ _ _ a _ _ _ _ 
      _ _ _ _ b 2 _ _ _ _ 
       _ _ _ 2 b 2 _ _ _   
      _ _ 1 b b b 1 _ _ _ 
       _ 1 2 1 b 2 a _ _ 
        1 _ a b 2 a _ _ 
         _ _ _ _ a _ _ 
            _ _ _ _   
count of prune: 3886
            _ _ _ _   
         _ _ _ _ _ _ _ 
        _ _ _ _ _ _ _ _ 
       _ _ _ _ a _ _ _ _ 
      _ _ _ _ b 2 _ _ _ _ 
       _ _ _ 2 b 2 _ _ _   
      _ _ 1 b b b 1 _ _ _ 
       _ 1 2 1 b 2 a _ _ 
        2 1 a b 2 a _ _ 
         _ _ _ _ a _ _ 
            _ _ _ _   
            _ _ _ _   
         _ _ _ _ _ _ _ 
        _ _ _ _ _ _ _ _ 
       _ _ _ _ b a _ _ _ 
      _ _ _ _ b 2 _ _ _ _ 
       _ _ _ 2 b 2 _ _ _   
      _ _ 1 b b b 1 _ _ _ 
       _ 1 2 1 b 2 a _ _ 
        2 1 a b 2 a _ _ 
         _ _ _ _ a _ _ 
            _ _ _ _   
count of prune: 4304
            _ _ _ _   
         _ _ _ _ _ _ _ 
        _ _ _ 1 _ _ _ _ 
       _ _ _ _ b a _ _ _ 
      _ _ _ _ b 2 _ _ _ _ 
       _ _ _ 2 b 2 _ _ _   
      _ _ 2 b b b 1 _ _ _ 
       _ 1 2 1 b 2 a _ _ 
        2 1 a b 2 a _ _ 
         _ _ _ _ a _ _ 
            _ _ _ _   
            _ _ _ _   
         _ _ _ _ _ _ _ 
        _ _ _ 1 _ _ _ _ 
       _ _ _ a b a _ _ _ 
      _ _ _ _ 2 2 _ _ _ _ 
       _ _ _ 2 2 2 _ _ _   
      _ _ 2 b b 2 1 _ _ _ 
       _ 1 2 1 b b a _ _ 
        2 1 a b 2 b _ _ 
         _ _ _ _ a _ _ 
            _ _ _ _   
count of prune: 4552
            _ _ _ _   
         _ _ _ _ _ _ _ 
        _ _ _ 1 _ _ _ _ 
       _ _ _ a b a _ _ _ 
      _ _ _ _ 2 2 _ _ _ _ 
       _ _ _ 2 2 2 _ _ _   
      _ 1 b 2 2 b 2 _ _ _ 
       _ 1 2 1 b b a _ _ 
        2 1 a b 2 b _ _ 
         _ _ _ _ a _ _ 
            _ _ _ _   
            _ _ _ _   
         _ _ _ _ _ _ _ 
        _ _ _ 1 _ _ _ _ 
       _ _ _ a b a _ _ _ 
      _ _ _ a 2 2 _ _ _ _ 
       _ _ _ b 2 2 _ _ _   
      _ 1 b 2 b b 2 _ _ _ 
       _ 1 2 1 2 b a _ _ 
        2 1 a b b b _ _ 
         _ _ _ _ b _ _ 
            _ _ _ _   
count of prune: 4959
            _ _ _ _   
         _ _ _ _ _ _ _ 
        _ _ _ 1 1 _ _ _ 
       _ _ _ a 2 a _ _ _ 
      _ _ _ a b 2 _ _ _ _ 
       _ _ _ 2 2 2 _ _ _   
      _ 1 b b b b 2 _ _ _ 
       _ 1 b 1 2 b a _ _ 
        2 2 a b b b _ _ 
         _ _ _ _ b _ _ 
            _ _ _ _   
            _ _ _ _   
         _ _ _ _ _ _ _ 
        _ _ _ 1 1 _ _ _ 
       _ _ _ a 2 a _ _ _ 
      _ _ _ a b 2 _ _ _ _ 
       _ a _ 2 2 2 _ _ _   
      _ 1 2 b b b 2 _ _ _ 
       _ 1 2 1 2 b a _ _ 
        2 2 b b b b _ _ 
         _ _ _ _ b _ _ 
            _ _ _ _   
count of prune: 5402
            _ _ _ _   
         _ _ _ _ _ _ _ 
        _ _ _ 1 1 _ _ _ 
       _ _ _ a 2 a _ _ _ 
      _ _ _ a b 2 _ _ _ _ 
       _ a 1 2 2 2 _ _ _   
      _ 1 b b b b 2 _ _ _ 
       _ 2 2 1 2 b a _ _ 
        2 2 b b b b _ _ 
         _ _ _ _ b _ _ 
            _ _ _ _   
            _ _ _ _   
         _ _ _ _ _ _ _ 
        _ _ _ 1 1 _ _ _ 
       _ _ _ a 2 a _ _ _ 
      _ _ _ a b 2 _ _ _ _ 
       _ a 1 2 2 2 _ _ _   
      _ 1 b b b b 2 a _ _ 
       _ 2 2 1 2 b b _ _ 
        2 2 b b b b _ _ 
         _ _ _ _ b _ _ 
            _ _ _ _   
count of prune: 6013
            _ _ _ _   
         _ _ _ _ _ _ _ 
        _ _ _ 1 1 _ _ _ 
       _ _ _ a 2 a _ _ _ 
      _ _ _ a b 2 _ _ _ _ 
       _ a 1 2 2 2 _ _ _   
      _ 1 b b b b 2 a _ _ 
       _ 2 2 2 2 b b _ _ 
        2 2 2 b b b _ _ 
         _ 1 _ _ b _ _ 
            _ _ _ _   
            _ _ _ _   
         _ _ _ _ _ _ _ 
        _ _ _ 1 1 _ _ _ 
       _ _ _ a 2 a _ _ _ 
      _ _ _ a b 2 _ _ _ _ 
       _ b 1 2 2 2 _ _ _   
      _ 1 2 b b b 2 a _ _ 
       _ 2 b 2 2 b b _ _ 
        2 2 b b b b _ _ 
         _ 1 a _ b _ _ 
            _ _ _ _   
count of prune: 6850
            _ _ _ _   
         _ _ _ _ _ _ _ 
        _ _ _ _ 1 _ _ _ 
       _ _ _ a _ a _ _ _ 
      _ _ _ a b _ _ _ _ _ 
       _ b 1 2 2 _ _ _ _   
      _ 1 2 b b b _ a _ _ 
       _ 2 b 2 2 b b _ _ 
        2 2 b b b b _ _ 
         _ 1 a _ b _ _ 
            _ _ _ _   
            _ _ _ _   
         _ _ _ _ _ _ _ 
        _ _ _ _ 1 _ _ _ 
       _ _ _ a _ a _ _ _ 
      _ _ _ a b _ _ _ _ _ 
       _ b 1 2 2 _ _ _ _   
      _ 1 2 b b b a b _ _ 
       _ 2 b 2 2 b b _ _ 
        2 2 b b b b _ _ 
         _ 1 a _ b _ _ 
            _ _ _ _   
count of prune: 7144
            _ _ _ _   
         _ _ _ _ _ _ _ 
        _ _ _ _ 1 _ _ _ 
       _ _ _ a _ a _ _ _ 
      _ _ _ a b _ _ _ _ _ 
       1 2 2 2 2 _ _ _ _   
      _ 1 2 b b b a b _ _ 
       _ 2 b 2 2 b b _ _ 
        2 2 b b b b _ _ 
         _ 1 a _ b _ _ 
            _ _ _ _   
            _ _ _ _   
         _ _ _ _ _ _ _ 
        _ _ _ _ 1 _ _ _ 
       _ _ _ a _ a _ _ _ 
      _ a _ a b _ _ _ _ _ 
       1 b 2 2 2 _ _ _ _   
      _ 1 b b b b a b _ _ 
       _ 2 2 2 2 b b _ _ 
        2 2 2 b b b _ _ 
         _ 1 b _ b _ _ 
            _ _ _ _   
count of prune: 7794
            _ _ _ _   
         _ _ _ _ _ _ _ 
        _ _ _ _ 1 _ _ _ 
       _ _ _ a _ a _ _ _ 
      _ a _ a b _ _ _ _ _ 
       1 b 2 2 2 _ _ _ _   
      _ 2 b b b b a b _ _ 
       1 2 2 2 2 b b _ _ 
        2 2 2 b b b _ _ 
         _ 1 b _ b _ _ 
            _ _ _ _   
            _ _ _ _   
         _ _ _ _ _ _ _ 
        _ _ _ _ 1 _ _ _ 
       _ _ _ _ _ a _ _ _ 
      _ a _ a b a _ _ _ _ 
       1 b 2 2 2 _ _ _ _   
      _ 2 _ _ _ _ _ b _ _ 
       1 2 2 2 2 b b _ _ 
        2 2 2 b b b _ _ 
         _ 1 b _ b _ _ 
            _ _ _ _   
count of prune: 8132
            _ _ _ _   
         _ _ _ _ _ _ _ 
        _ _ _ _ 1 _ _ _ 
       _ _ _ _ _ a _ _ _ 
      _ a 1 a b a _ _ _ _ 
       1 2 2 2 2 _ _ _ _   
      _ b _ _ _ _ _ b _ _ 
       _ _ _ _ _ b b _ _ 
        2 2 2 b b b _ _ 
         _ _ b _ b _ _ 
            _ _ _ _   
            _ _ _ _   
         _ _ _ _ _ _ _ 
        _ _ _ _ 1 _ _ _ 
       _ _ _ _ _ a _ _ _ 
      _ a 1 b b a _ _ _ _ 
       1 2 b 2 2 _ _ _ _   
      _ b a _ _ _ _ b _ _ 
       _ _ _ _ _ b b _ _ 
        2 2 2 b b b _ _ 
         _ _ b _ b _ _ 
            _ _ _ _   
count of prune: 8302
            _ _ _ _   
         _ _ _ _ _ _ _ 
        _ _ _ _ 1 _ _ _ 
       _ _ _ _ _ a _ _ _ 
      _ a 1 b b a _ _ _ _ 
       2 2 b 2 2 _ _ _ _   
      _ 2 a _ _ _ _ b _ _ 
       _ 1 _ _ _ b b _ _ 
        2 2 2 b b b _ _ 
         _ _ b _ b _ _ 
            _ _ _ _   
            _ _ _ _   
         _ _ _ _ _ _ _ 
        _ _ _ _ 1 _ _ _ 
       _ _ _ _ _ a _ _ _ 
      _ a 1 b b b _ _ _ _ 
       2 2 b 2 b _ _ _ _   
      _ 2 a _ a _ _ b _ _ 
       _ 1 _ _ _ b b _ _ 
        2 2 2 b b b _ _ 
         _ _ b _ b _ _ 
            _ _ _ _   
count of prune: 8755
            _ _ _ _   
         _ _ _ _ _ _ _ 
        _ _ 1 _ 2 _ _ _ 
       _ _ _ _ _ a _ _ _ 
      _ a 1 b b b _ _ _ _ 
       2 2 b 2 b _ _ _ _   
      _ 2 a _ a _ _ b _ _ 
       _ 1 _ _ _ b b _ _ 
        2 2 2 b b b _ _ 
         _ _ b _ b _ _ 
            _ _ _ _   
            _ _ _ _   
         _ _ _ _ _ _ _ 
        _ _ 1 _ 2 _ _ _ 
       _ _ _ _ _ a _ _ _ 
      _ a 1 b b b _ _ _ _ 
       2 2 b 2 b _ _ _ _   
      _ 2 a _ b a _ b _ _ 
       _ 1 _ _ _ b b _ _ 
        2 2 2 b b b _ _ 
         _ _ b _ b _ _ 
            _ _ _ _   
count of prune: 8904
            _ _ _ _   
         _ _ _ _ _ _ _ 
        _ _ 1 _ 2 _ _ _ 
       _ _ _ _ _ a _ _ _ 
      _ a 1 b b b _ _ _ _ 
       2 2 b 2 b _ _ _ _   
      _ 2 a _ b a _ b _ _ 
       _ 2 _ _ _ 2 2 1 _ 
        2 2 2 b b b _ _ 
         _ _ b _ b _ _ 
            _ _ _ _   
            _ _ _ _   
         _ _ _ _ _ _ _ 
        _ _ 1 _ 2 _ _ _ 
       _ _ _ _ _ b _ _ _ 
      _ a 1 b b b a _ _ _ 
       2 2 b 2 b _ _ _ _   
      _ 2 a _ b a _ b _ _ 
       _ 2 _ _ _ 2 2 1 _ 
        2 2 2 b b b _ _ 
         _ _ b _ b _ _ 
            _ _ _ _   
count of prune: 9157
            _ _ _ _   
         _ _ _ _ _ _ _ 
        _ _ 2 _ b 1 _ _ 
       _ _ _ _ _ b _ _ _ 
      _ a 1 b b b a _ _ _ 
       2 2 b 2 b _ _ _ _   
      _ 2 a _ b a _ b _ _ 
       _ 2 _ _ _ 2 2 1 _ 
        2 2 2 b b b _ _ 
         _ _ b _ b _ _ 
            _ _ _ _   
            _ _ _ _   
         _ _ _ _ _ _ _ 
        _ _ 2 _ b 1 _ _ 
       _ _ _ _ _ b _ _ _ 
      _ a 1 b b b a _ _ _ 
       2 2 b 2 b _ _ _ _   
      _ 2 a a 2 b _ b _ _ 
       _ 2 _ _ _ 2 2 1 _ 
        2 2 2 b b b _ _ 
         _ _ b _ b _ _ 
            _ _ _ _   
count of prune: 9473
            _ _ _ _   
         _ _ _ _ _ _ _ 
        _ _ 2 _ b 1 _ _ 
       _ _ 1 _ _ b _ _ _ 
      _ a 2 b b b a _ _ _ 
       2 2 b 2 b _ _ _ _   
      _ 2 a a 2 b _ b _ _ 
       _ 2 _ _ _ 2 2 1 _ 
        2 2 2 b b b _ _ 
         _ _ b _ b _ _ 
            _ _ _ _   
            _ _ _ _   
         _ _ _ _ _ _ _ 
        _ _ 2 _ b 1 _ _ 
       _ _ 1 _ _ b _ _ _ 
      _ a 2 b b b a _ _ _ 
       2 2 b 2 b _ _ _ _   
      a b b a 2 b _ b _ _ 
       _ 2 _ _ _ 2 2 1 _ 
        2 2 2 b b b _ _ 
         _ _ b _ b _ _ 
            _ _ _ _   
count of prune: 9779
            _ _ _ _   
         _ _ _ _ _ _ _ 
        _ _ 2 _ b 1 _ _ 
       _ _ 2 1 _ b _ _ _ 
      _ a 2 b b b a _ _ _ 
       2 2 b 2 b _ _ _ _   
      a b b a 2 b _ b _ _ 
       _ 2 _ _ _ 2 2 1 _ 
        2 2 2 b b b _ _ 
         _ _ b _ b _ _ 
            _ _ _ _   
            _ _ _ _   
         _ _ _ _ _ _ _ 
        _ _ 2 _ b 1 _ _ 
       _ _ 2 1 a b _ _ _ 
      _ a 2 b 2 b a _ _ _ 
       2 2 b b b _ _ _ _   
      a b b b 2 b _ b _ _ 
       _ 2 _ _ _ 2 2 1 _ 
        2 2 2 b b b _ _ 
         _ _ b _ b _ _ 
            _ _ _ _   
count of prune: 10132
            _ _ _ _   
         _ _ _ _ _ _ _ 
        _ _ 2 _ b 1 _ _ 
       _ _ 2 1 a b _ _ _ 
      _ a 2 b 2 b a _ _ _ 
       2 2 b b b _ _ _ _   
      a b b b 2 b _ b _ _ 
       _ 2 _ _ _ 2 2 2 _ 
        2 2 2 b b b _ _ 
         _ _ b _ b _ _ 
            _ _ _ 1   
            _ _ _ _   
         _ _ _ _ _ _ _ 
        _ _ 2 _ b 1 _ _ 
       _ _ 2 1 a b _ _ _ 
      _ a 2 b 2 b a _ _ _ 
       2 2 b b b _ _ _ _   
      b b b b 2 b _ b _ _ 
       a 2 _ _ _ 2 2 2 _ 
        2 2 2 b b b _ _ 
         _ _ b _ b _ _ 
            _ _ _ 1   
count of prune: 10251
            _ _ _ _   
         _ _ _ _ _ _ _ 
        _ _ 2 _ b 1 _ _ 
       _ _ 2 1 a b _ _ _ 
      _ a 2 b 2 b a _ _ _ 
       2 2 b b b _ _ _ _   
      b b b b 2 b _ b _ _ 
       a 2 _ _ 1 2 2 2 _ 
        2 2 2 b 2 b _ _ 
         _ _ b _ 2 _ _ 
            _ _ _ 2   
            _ _ _ _   
         _ _ _ _ _ _ _ 
        _ _ 2 _ b 1 _ _ 
       _ _ 2 1 a b _ _ _ 
      _ a 2 b 2 b b _ _ _ 
       2 2 b b b _ _ _ _   
      b b b b 2 b _ 2 _ _ 
       a 2 _ _ 1 2 2 b _ 
        2 2 2 b 2 b _ a 
         _ _ b _ 2 _ _ 
            _ _ _ 2   
count of prune: 10272
            _ _ _ _   
         _ _ _ _ _ _ _ 
        _ _ 2 _ b 1 _ _ 
       _ _ 2 _ a b _ _ _ 
      _ a 2 b 2 b b _ _ _ 
       2 2 b b b _ _ _ _   
      b b b b 2 b _ 2 _ _ 
       a 2 _ _ 2 2 2 b _ 
        _ _ _ _ _ b _ a 
         _ _ 2 _ 2 _ _ 
            1 _ _ 2   
***********************************

-> You are player 2
-> You are alloted a time of 120s

***********************************

Player 1 played : P 0 0
P 0 0 True
Time remaining is: 120s
You played : P 1 1
P 1 1 True
Player 1 played : P 1 2
P 1 2 True
Time remaining is: 120s
You played : P 1 5
P 1 5 True
Player 1 played : P 1 0
P 1 0 True
Time remaining is: 120s
You played : P 1 3
P 1 3 True
Player 1 played : P 1 4
P 1 4 True
Time remaining is: 120s
You played : P 2 5
P 2 5 True
Player 1 played : P 2 2
P 2 2 True
Time remaining is: 120s
You played : P 2 4
P 2 4 True
Player 1 played : S 2 2 M 2 3
S 2 2 True
M 2 3 True
Time remaining is: 120s
You played : S 2 5 M 3 8
S 2 5 True
M 3 8 True
Player 1 played : S 1 0 M 3 2
S 1 0 True
M 3 2 True
Time remaining is: 119s
You played : S 1 5 M 2 1
S 1 5 True
M 2 1 True
Player 1 played : S 2 3 M 3 4
S 2 3 True
M 3 4 True
Time remaining is: 118s
You played : S 1 1 M 3 5
S 1 1 True
M 3 5 True
Player 1 played : S 0 0 M 3 3
S 0 0 True
M 3 3 True
Time remaining is: 118s
You played : S 3 5 M 5 12
S 3 5 True
M 5 12 True
Player 1 played : S 3 4 M 3 6
S 3 4 True
M 3 6 True
Time remaining is: 116s
You played : S 1 3 M 3 7
S 1 3 True
M 3 7 True
Player 1 played : S 1 4 M 2 9
S 1 4 True
M 2 9 True
Time remaining is: 114s
You played : S 3 7 M 4 10
S 3 7 True
M 4 10 True
Player 1 played : S 1 2 M 4 5
S 1 2 True
M 4 5 True
Time remaining is: 112s
You played : S 5 12 M 4 9
S 5 12 True
M 4 9 True
Player 1 played : S 2 9 M 2 10
S 2 9 True
M 2 10 True
Time remaining is: 109s
You played : S 3 8 M 3 13
S 3 8 True
M 3 13 True
Player 1 played : S 3 3 M 2 8
S 3 3 True
M 2 8 True
Time remaining is: 108s
You played : S 2 1 M 4 11
S 2 1 True
M 4 11 True
Player 1 played : S 4 5 M 2 7
S 4 5 True
M 2 7 True
Time remaining is: 107s
You played : S 4 9 M 3 14
S 4 9 True
M 3 14 True
Player 1 played : S 3 6 M 3 9
S 3 6 True
M 3 9 True
Time remaining is: 105s
You played : S 4 10 M 2 6
S 4 10 True
M 2 6 True
Player 1 played : S 3 2 M 3 1
S 3 2 True
M 3 1 True
Time remaining is: 103s
You played : S 2 4 M 4 8
S 2 4 True
M 4 8 True
Player 1 played : S 3 9 M 4 7
S 3 9 True
M 4 7 True
Time remaining is: 99s
You played : S 3 13 M 3 12 RS 3 13 RE 2 1 X 3 12
S 3 13 True
M 3 12 True
RS 3 13 True
RE 2 1 True
X 3 12 True
Player 1 played : S 3 1 M 2 1
S 3 1 True
M 2 1 True
Time remaining is: 95s
You played : S 2 6 M 4 12
S 2 6 True
M 4 12 True
Player 1 played : S 4 7 M 4 13
S 4 7 True
M 4 13 True
Time remaining is: 93s
You played : S 4 11 M 5 13
S 4 11 True
M 5 13 True
Player 1 played : S 2 1 M 1 5 RS 3 8 RE 2 1 X 2 8
S 2 1 True
M 1 5 True
RS 3 8 True
RE 2 1 True
X 2 8 True
Time remaining is: 88s
You played : S 5 13 M 3 10 RS 5 13 RE 2 3 X 4 8
S 5 13 True
M 3 10 True
RS 5 13 True
RE 2 3 True
X 4 8 True
Player 1 played : S 2 7 M 3 8
S 2 7 True
M 3 8 True
Time remaining is: 87s
You played : S 4 12 M 4 10
S 4 12 True
M 4 10 True
Player 1 played : S 1 5 M 1 2
S 1 5 True
M 1 2 True
Time remaining is: 86s
You played : S 3 14 M 3 12
S 3 14 True
M 3 12 True
Player 1 played : S 1 2 M 1 1
S 1 2 True
M 1 1 True
Time remaining is: 85s
You played : S 4 10 M 4 2
S 4 10 True
M 4 2 True
Player 1 played : S 2 10 M 2 11
S 2 10 True
M 2 11 True
Time remaining is: 84s
You played : S 3 12 M 3 15
S 3 12 True
M 3 15 True
Player 1 played : S 1 1 M 2 5
S 1 1 True
M 2 5 True
Time remaining is: 83s
You played : S 3 10 M 3 11
S 3 10 True
M 3 11 True
Player 1 played : S 3 8 M 5 14
S 3 8 True
M 5 14 True
Time remaining is: 82s
You played : S 3 11 M 2 8
S 3 11 True
M 2 8 True
Player 1 played : S 2 5 M 2 9
S 2 5 True
M 2 9 True
Time remaining is: 81s
You played : S 4 2 M 5 6
S 4 2 True
M 5 6 True
Player 1 played : S 5 14 M 5 13
S 5 14 True
M 5 13 True
Time remaining is: 80s
You played : S 5 6 M 2 3
S 5 6 True
M 2 3 True
Player 1 played : S 2 11 M 5 3
S 2 11 True
M 5 3 True
Time remaining is: 79s
You played : S 2 3 M 5 9 RS 5 12 RE 3 4 X 2 8
S 2 3 True
M 5 9 True
RS 5 12 True
RE 3 4 True
X 2 8 True
YOU WIN!
Your Score : 9.015
Opponent's Score : 1.015
