***********************************

-> You are player 2
-> You are alloted a time of 120s

***********************************

Player 1 played : P 0 0
P 0 0 True
Time remaining is: 120s
You played : P 2 1
P 2 1 True
Player 1 played : P 3 7
P 3 7 True
Time remaining is: 120s
You played : P 2 3
P 2 3 True
Player 1 played : P 4 22
P 4 22 True
Time remaining is: 120s
You played : P 2 5
P 2 5 True
Player 1 played : P 3 9
P 3 9 True
Time remaining is: 120s
You played : P 2 7
P 2 7 True
Player 1 played : P 2 9
P 2 9 True
Time remaining is: 120s
You played : P 2 11
P 2 11 True
Player 1 played : S 4 22 M 4 23
S 4 22 True
M 4 23 True
Time remaining is: 120s
You played : S 2 1 M 3 2
S 2 1 True
M 3 2 True
Player 1 played : S 3 9 M 3 8
S 3 9 True
M 3 8 True
Time remaining is: 120s
You played : S 2 3 M 3 4
S 2 3 True
M 3 4 True
Player 1 played : S 3 7 M 2 2
S 3 7 True
M 2 2 True
Time remaining is: 120s
You played : S 2 5 M 4 9
S 2 5 True
M 4 9 True
Player 1 played : S 0 0 M 2 6
S 0 0 True
M 2 6 True
Time remaining is: 119s
You played : S 3 4 M 1 2
S 3 4 True
M 1 2 True
Player 1 played : S 2 9 M 1 3
S 2 9 True
M 1 3 True
Time remaining is: 118s
You played : S 1 2 M 2 4
S 1 2 True
M 2 4 True
Player 1 played : S 3 8 M 1 1
S 3 8 True
M 1 1 True
Time remaining is: 117s
You played : S 2 11 M 3 1
S 2 11 True
M 3 1 True
Player 1 played : S 4 23 M 3 17
S 4 23 True
M 3 17 True
Time remaining is: 110s
You played : S 4 9 M 3 5
S 4 9 True
M 3 5 True
Player 1 played : S 3 17 M 1 5
S 3 17 True
M 1 5 True
Time remaining is: 109s
You played : S 3 1 M 4 1
S 3 1 True
M 4 1 True
Player 1 played : S 1 3 M 1 0
S 1 3 True
M 1 0 True
Time remaining is: 107s
You played : S 3 5 M 3 6
S 3 5 True
M 3 6 True
Player 1 played : S 2 2 M 2 0
S 2 2 True
M 2 0 True
Time remaining is: 106s
You played : S 3 6 M 4 7
S 3 6 True
M 4 7 True
Player 1 played : S 1 1 M 1 4 RS 3 8 RE 2 1 X 2 0
S 1 1 True
M 1 4 True
RS 3 8 True
RE 2 1 True
X 2 0 True
Time remaining is: 104s
You played : S 3 2 M 3 3
S 3 2 True
M 3 3 True
Player 1 played : S 1 0 M 1 1
S 1 0 True
M 1 1 True
Time remaining is: 103s
You played : S 3 3 M 4 4 RS 4 9 RE 3 3 X 2 7
S 3 3 True
M 4 4 True
RS 4 9 True
RE 3 3 True
X 2 7 True
Player 1 played : S 2 6 M 3 8 RS 3 9 RE 1 0 X 3 8
S 2 6 True
M 3 8 True
RS 3 9 True
RE 1 0 True
X 3 8 True
Time remaining is: 102s
You played : S 4 1 M 3 16
S 4 1 True
M 3 16 True
Player 1 played : S 1 4 M 0 0
S 1 4 True
M 0 0 True
Time remaining is: 102s
You played : S 4 4 M 3 3
S 4 4 True
M 3 3 True
Player 1 played : S 1 5 M 1 0
S 1 5 True
M 1 0 True
Time remaining is: 99s
You played : S 2 4 M 3 10
S 2 4 True
M 3 10 True
Player 1 played : S 1 1 M 2 1
S 1 1 True
M 2 1 True
Time remaining is: 99s
You played : S 3 10 M 5 29
S 3 10 True
M 5 29 True
Player 1 played : S 0 0 M 2 8
S 0 0 True
M 2 8 True
Time remaining is: 96s
You played : S 3 16 M 3 0
S 3 16 True
M 3 0 True
Player 1 played : S 2 8 M 2 6 RS 2 8 RE 2 2 X 1 0
S 2 8 True
M 2 6 True
RS 2 8 True
RE 2 2 True
X 1 0 True
OTHER PLAYER WINS!
Your Score : 1.013
Opponent's Score : 9.002
