***********************************

-> You are player 1
-> You are alloted a time of 120s

***********************************

Time remaining is: 120s
You played : P 0 0
P 0 0 True
Player 2 played : P 4 11
P 4 11 True
Time remaining is: 120s
You played : P 4 14
P 4 14 True
Player 2 played : P 2 4
P 2 4 True
Time remaining is: 120s
You played : P 3 7
P 3 7 True
Player 2 played : P 1 1
P 1 1 True
Time remaining is: 120s
You played : P 2 7
P 2 7 True
Player 2 played : P 3 14
P 3 14 True
Time remaining is: 120s
You played : P 2 1
P 2 1 True
Player 2 played : P 3 15
P 3 15 True
Time remaining is: 120s
You played : S 2 1 M 5 21
S 2 1 True
M 5 21 True
Player 2 played : S 4 11 M 4 12
S 4 11 True
M 4 12 True
Time remaining is: 120s
You played : S 5 21 M 1 0
S 5 21 True
M 1 0 True
Player 2 played : S 3 14 M 1 3
S 3 14 True
M 1 3 True
Time remaining is: 120s
You played : S 1 0 M 4 17
S 1 0 True
M 4 17 True
Player 2 played : S 1 3 M 2 9
S 1 3 True
M 2 9 True
Time remaining is: 120s
You played : S 2 7 M 1 2
S 2 7 True
M 1 2 True
Player 2 played : S 1 1 M 2 3
S 1 1 True
M 2 3 True
Time remaining is: 120s
You played : S 3 7 M 5 17
S 3 7 True
M 5 17 True
Player 2 played : S 2 9 M 3 2
S 2 9 True
M 3 2 True
Time remaining is: 120s
You played : S 0 0 M 2 2
S 0 0 True
M 2 2 True
Player 2 played : S 4 12 M 2 0
S 4 12 True
M 2 0 True
Time remaining is: 119s
You played : S 4 17 M 3 13
S 4 17 True
M 3 13 True
Player 2 played : S 2 4 M 4 10
S 2 4 True
M 4 10 True
Time remaining is: 117s
You played : S 3 13 M 1 5
S 3 13 True
M 1 5 True
Player 2 played : S 3 15 M 3 12
S 3 15 True
M 3 12 True
Time remaining is: 111s
You played : S 1 5 M 2 11
S 1 5 True
M 2 11 True
Player 2 played : S 3 12 M 1 4
S 3 12 True
M 1 4 True
Time remaining is: 108s
You played : S 1 2 M 3 1
S 1 2 True
M 3 1 True
Player 2 played : S 4 10 M 2 8
S 4 10 True
M 2 8 True
Time remaining is: 103s
You played : S 2 11 M 2 10
S 2 11 True
M 2 10 True
Player 2 played : S 1 4 M 4 19
S 1 4 True
M 4 19 True
Time remaining is: 99s
You played : S 2 10 M 4 18
S 2 10 True
M 4 18 True
Player 2 played : S 2 8 M 3 11 RS 1 1 RE 3 12 X 3 11
S 2 8 True
M 3 11 True
RS 1 1 True
RE 3 12 True
X 3 11 True
Time remaining is: 96s
You played : S 2 2 M 0 0
S 2 2 True
M 0 0 True
Player 2 played : S 2 3 M 1 1
S 2 3 True
M 1 1 True
Time remaining is: 96s
You played : S 5 17 M 3 6
S 5 17 True
M 3 6 True
Player 2 played : S 1 1 M 3 16
S 1 1 True
M 3 16 True
Time remaining is: 96s
You played : S 0 0 M 3 3
S 0 0 True
M 3 3 True
Player 2 played : S 2 0 M 2 6
S 2 0 True
M 2 6 True
Time remaining is: 95s
You played : S 3 1 M 3 0
S 3 1 True
M 3 0 True
Player 2 played : S 2 6 M 2 5
S 2 6 True
M 2 5 True
Time remaining is: 94s
You played : S 3 3 M 1 4
S 3 3 True
M 1 4 True
Player 2 played : S 3 2 M 4 5
S 3 2 True
M 4 5 True
Time remaining is: 94s
You played : S 3 0 M 3 17
S 3 0 True
M 3 17 True
Player 2 played : S 4 5 M 3 11
S 4 5 True
M 3 11 True
Time remaining is: 93s
You played : S 4 18 M 2 8
S 4 18 True
M 2 8 True
Player 2 played : S 4 19 M 5 24
S 4 19 True
M 5 24 True
Time remaining is: 92s
You played : S 2 8 M 4 16
S 2 8 True
M 4 16 True
Player 2 played : S 5 24 M 5 23
S 5 24 True
M 5 23 True
Time remaining is: 91s
You played : S 1 4 M 3 12
S 1 4 True
M 3 12 True
Player 2 played : S 2 5 M 4 9
S 2 5 True
M 4 9 True
Time remaining is: 90s
You played : S 4 16 M 5 19
S 4 16 True
M 5 19 True
Player 2 played : S 4 9 M 5 11
S 4 9 True
M 5 11 True
Time remaining is: 90s
You played : S 3 6 M 5 12
S 3 6 True
M 5 12 True
Player 2 played : S 3 11 M 4 15
S 3 11 True
M 4 15 True
Time remaining is: 89s
You played : S 4 14 M 3 5
S 4 14 True
M 3 5 True
Player 2 played : S 5 23 M 3 8
S 5 23 True
M 3 8 True
Time remaining is: 89s
You played : S 3 12 M 3 10 RS 4 16 RE 0 0 X 3 5
S 3 12 True
M 3 10 True
RS 4 16 True
RE 0 0 True
X 3 5 True
Player 2 played : S 5 11 M 1 4
S 5 11 True
M 1 4 True
Time remaining is: 89s
You played : S 3 10 M 3 5
S 3 10 True
M 3 5 True
Player 2 played : S 3 8 M 4 7
S 3 8 True
M 4 7 True
Time remaining is: 88s
You played : S 5 19 M 4 20
S 5 19 True
M 4 20 True
Player 2 played : S 4 15 M 3 12
S 4 15 True
M 3 12 True
Time remaining is: 88s
You played : S 5 12 M 2 8
S 5 12 True
M 2 8 True
Player 2 played : S 1 4 M 4 13
S 1 4 True
M 4 13 True
Time remaining is: 87s
You played : S 4 20 M 5 1
S 4 20 True
M 5 1 True
Player 2 played : S 4 13 M 5 16
S 4 13 True
M 5 16 True
Time remaining is: 87s
You played : S 2 8 M 0 0
S 2 8 True
M 0 0 True
Player 2 played : S 3 12 M 5 22
S 3 12 True
M 5 22 True
Time remaining is: 87s
You played : S 0 0 M 4 8 RS 2 10 RE 2 4 X 3 5
S 0 0 True
M 4 8 True
RS 2 10 True
RE 2 4 True
X 3 5 True
Player 2 played : S 5 16 M 5 18
S 5 16 True
M 5 18 True
Time remaining is: 87s
You played : S 5 1 M 4 1
S 5 1 True
M 4 1 True
Player 2 played : S 5 22 M 2 10 RS 3 15 RE 4 15 X 5 18
S 5 22 True
M 2 10 True
RS 3 15 True
RE 4 15 True
X 5 18 True
Time remaining is: 86s
You played : S 3 17 M 1 5
S 3 17 True
M 1 5 True
Player 2 played : S 3 16 M 4 22
S 3 16 True
M 4 22 True
Time remaining is: 86s
You played : S 4 1 M 5 2
S 4 1 True
M 5 2 True
Player 2 played : S 2 10 M 4 2
S 2 10 True
M 4 2 True
Time remaining is: 86s
You played : S 1 5 M 4 23
S 1 5 True
M 4 23 True
Player 2 played : S 4 2 M 2 4
S 4 2 True
M 2 4 True
Time remaining is: 86s
You played : S 4 23 M 4 0
S 4 23 True
M 4 0 True
Player 2 played : S 2 4 M 5 13 RS 4 9 RE 5 16 X 4 22
S 2 4 True
M 5 13 True
RS 4 9 True
RE 5 16 True
X 4 22 True
OTHER PLAYER WINS!
Your Score : 2.025
Opponent's Score : 8.022
