***********************************

-> You are player 2
-> You are alloted a time of 120s

***********************************

Player 1 played : P 0 0
P 0 0 True
Time remaining is: 120s
You played : P 5 12
P 5 12 True
Player 1 played : P 1 2
P 1 2 True
Time remaining is: 120s
You played : P 4 13
P 4 13 True
Player 1 played : P 1 5
P 1 5 True
Time remaining is: 120s
You played : P 2 9
P 2 9 True
Player 1 played : P 1 0
P 1 0 True
Time remaining is: 120s
You played : P 5 6
P 5 6 True
Player 1 played : P 1 3
P 1 3 True
Time remaining is: 120s
You played : P 4 4
P 4 4 True
Player 1 played : S 1 5 M 2 11
S 1 5 True
M 2 11 True
Time remaining is: 120s
You played : S 5 12 M 5 11
S 5 12 True
M 5 11 True
Player 1 played : S 2 11 M 3 17
S 2 11 True
M 3 17 True
Time remaining is: 116s
You played : S 5 11 M 4 8
S 5 11 True
M 4 8 True
Player 1 played : S 3 17 M 4 23
S 3 17 True
M 4 23 True
Time remaining is: 112s
ERROR : THIS CLIENT RAN OUT OF TIME!
