boardsizeHexagon is here for combined version :5
playernum:1
timeallowed:120

 num_markers:5

-----------removedRingsOpponent:4
-----------removedRingsmy:3
-----------removedRingsOpponent:3
-----------removedRingsmy:2
-----------removedRingsOpponent:2
-----------removedRingsmy:1
-----------removedRingsOpponent:1
-----------removedRingsmy:0
my--from_x:4 from_y:5 to_x:4 to_y:6
-----------removedRingsOpponent:0
-----------removedRingsmy:0
my--from_x:4 from_y:6 to_x:4 to_y:7
-----------removedRingsOpponent:0
-----------removedRingsmy:0
my--from_x:4 from_y:7 to_x:4 to_y:8
-----------removedRingsOpponent:0
-----------removedRingsmy:0
***********************************

-> You are player 1
-> You are alloted a time of 120s

***********************************

Time remaining is: 120s
You played : P 0 0
P 0 0 True
Player 2 played : P 5 12
P 5 12 True
Time remaining is: 120s
You played : P 1 2
P 1 2 True
Player 2 played : P 4 13
P 4 13 True
Time remaining is: 120s
You played : P 1 5
P 1 5 True
Player 2 played : P 2 9
P 2 9 True
Time remaining is: 120s
You played : P 1 0
P 1 0 True
Player 2 played : P 5 6
P 5 6 True
Time remaining is: 120s
You played : P 1 3
P 1 3 True
Player 2 played : P 4 4
P 4 4 True
Time remaining is: 120s
You played : S 1 5 M 2 11
S 1 5 True
M 2 11 True
Player 2 played : S 5 12 M 5 11
S 5 12 True
M 5 11 True
Time remaining is: 120s
You played : S 2 11 M 3 17
S 2 11 True
M 3 17 True
Player 2 played : S 5 11 M 4 8
S 5 11 True
M 4 8 True
Time remaining is: 120s
You played : S 3 17 M 4 23
S 3 17 True
M 4 23 True
