-----------------------------My Move P 5 24
  
            .     .              
         .     .     .           
      .     .     .     .        
   .     .     .     .     .     
      .     .     .     .        
   .     .     .     .     .     
0     .     .     .     .     .  
   .     .     .     .     .     
.     .     .     .     .     .  
   .     .     #     .     .     
.     .     .     .     .     .  
   .     .     .     .     .     
.     .     .     .     .     .  
   .     .     .     .     .     
      .     .     .     .        
   .     .     .     .     .     
      .     .     .     .        
         .     .     .           
            .     .              
-----------------------------Opp Move P 1 0
0:0 1:3 2:0 3:0 4:0 5:0 6:3 7:0 8:0 9:0 10:0 0:0 1:5 2:1 3:0 4:0 5:0 6:5 7:1 8:0 9:0 10:0   
            .     .              
         .     .     .           
      .     .     .     .        
   .     .     .     .     .     
      .     .     .     .        
   .     .     .     .     .     
0     .     .     .     .     .  
   .     .     #     .     .     
.     .     .     .     .     .  
   .     .     #     .     .     
.     .     .     .     .     .  
   .     .     .     .     .     
.     .     .     .     .     .  
   .     .     .     .     .     
      .     .     .     .        
   .     .     .     .     .     
      .     .     .     .        
         .     .     .           
            .     .              
-----------------------------My Move P 5 23
  
            .     .              
         .     .     .           
      .     .     .     .        
   .     .     .     .     .     
      .     .     .     .        
   .     .     .     .     .     
0     .     .     .     .     .  
   .     .     #     .     .     
0     .     .     .     .     .  
   .     .     #     .     .     
.     .     .     .     .     .  
   .     .     .     .     .     
.     .     .     .     .     .  
   .     .     .     .     .     
      .     .     .     .        
   .     .     .     .     .     
      .     .     .     .        
         .     .     .           
            .     .              
-----------------------------Opp Move P 1 1
0:0 1:5 2:1 3:0 4:0 5:0 6:5 7:1 8:0 9:0 10:0 0:0 1:6 2:3 3:0 4:0 5:0 6:6 7:3 8:0 9:0 10:0   
            .     .              
         .     .     .           
      .     .     .     .        
   .     .     .     .     .     
      .     .     .     .        
   .     .     .     .     .     
0     .     .     .     .     .  
   .     .     #     .     .     
0     .     .     #     .     .  
   .     .     #     .     .     
.     .     .     .     .     .  
   .     .     .     .     .     
.     .     .     .     .     .  
   .     .     .     .     .     
      .     .     .     .        
   .     .     .     .     .     
      .     .     .     .        
         .     .     .           
            .     .              
-----------------------------My Move P 5 22
  
            .     .              
         .     .     .           
      .     .     .     .        
   .     .     .     .     .     
      .     .     .     .        
   .     .     .     .     .     
0     .     .     .     .     .  
   .     .     #     .     .     
0     .     .     #     .     .  
   .     .     #     .     .     
0     .     .     .     .     .  
   .     .     .     .     .     
.     .     .     .     .     .  
   .     .     .     .     .     
      .     .     .     .        
   .     .     .     .     .     
      .     .     .     .        
         .     .     .           
            .     .              
-----------------------------Opp Move P 1 2
0:0 1:7 2:1 3:1 4:0 5:0 6:7 7:1 8:1 9:0 10:0 0:0 1:7 2:5 3:0 4:0 5:0 6:7 7:5 8:0 9:0 10:0   
            .     .              
         .     .     .           
      .     .     .     .        
   .     .     .     .     .     
      .     .     .     .        
   .     .     .     .     .     
0     .     .     .     .     .  
   .     .     #     .     .     
0     .     .     #     .     .  
   .     .     #     .     .     
0     .     .     #     .     .  
   .     .     .     .     .     
.     .     .     .     .     .  
   .     .     .     .     .     
      .     .     .     .        
   .     .     .     .     .     
      .     .     .     .        
         .     .     .           
            .     .              
-----------------------------My Move P 5 21
  
            .     .              
         .     .     .           
      .     .     .     .        
   .     .     .     .     .     
      .     .     .     .        
   .     .     .     .     .     
0     .     .     .     .     .  
   .     .     #     .     .     
0     .     .     #     .     .  
   .     .     #     .     .     
0     .     .     #     .     .  
   .     .     .     .     .     
0     .     .     .     .     .  
   .     .     .     .     .     
      .     .     .     .        
   .     .     .     .     .     
      .     .     .     .        
         .     .     .           
            .     .              
-----------------------------Opp Move P 1 3
0:0 1:9 2:1 3:1 4:1 5:0 6:9 7:1 8:1 9:1 10:0 0:0 1:8 2:6 3:1 4:0 5:0 6:8 7:6 8:1 9:0 10:0   
            .     .              
         .     .     .           
      .     .     .     .        
   .     .     .     .     .     
      .     .     .     .        
   .     .     .     .     .     
0     .     .     .     .     .  
   .     .     #     .     .     
0     .     .     #     .     .  
   .     .     #     .     .     
0     .     .     #     .     .  
   .     .     #     .     .     
0     .     .     .     .     .  
   .     .     .     .     .     
      .     .     .     .        
   .     .     .     .     .     
      .     .     .     .        
         .     .     .           
            .     .              
-----------------------------My Move P 5 26
  
            .     .              
         .     .     .           
      .     .     .     .        
   0     .     .     .     .     
      .     .     .     .        
   .     .     .     .     .     
0     .     .     .     .     .  
   .     .     #     .     .     
0     .     .     #     .     .  
   .     .     #     .     .     
0     .     .     #     .     .  
   .     .     #     .     .     
0     .     .     .     .     .  
   .     .     .     .     .     
      .     .     .     .        
   .     .     .     .     .     
      .     .     .     .        
         .     .     .           
            .     .              
-----------------------------Opp Move S 1 2 M 2 3
0:0 1:12 2:1 3:1 4:1 5:0 6:12 7:1 8:1 9:1 10:0 0:0 1:9 2:6 3:3 4:0 5:0 6:8 7:4 8:3 9:0 10:0   
            .     .              
         .     .     .           
      .     .     .     .        
   0     .     .     .     .     
      .     .     .     .        
   .     .     .     .     .     
0     .     .     .     .     .  
   .     .     #     .     .     
0     .     .     #     .     .  
   .     .     #     #     .     
0     .     .     x     .     .  
   .     .     #     .     .     
0     .     .     .     .     .  
   .     .     .     .     .     
      .     .     .     .        
   .     .     .     .     .     
      .     .     .     .        
         .     .     .           
            .     .              
-----------------------Eval=513
my ring out0
opp ring out0
-----------------------------My Move S 5 23 M 5 2
  
            .     .              
         .     .     0           
      .     .     .     .        
   0     .     .     .     .     
      .     .     .     .        
   .     .     .     .     .     
0     .     .     .     .     .  
   .     .     #     .     .     
o     .     .     #     .     .  
   .     .     #     #     .     
0     .     .     x     .     .  
   .     .     #     .     .     
0     .     .     .     .     .  
   .     .     .     .     .     
      .     .     .     .        
   .     .     .     .     .     
      .     .     .     .        
         .     .     .           
            .     .              
-----------------------------Opp Move S 1 3 M 2 5
0:0 1:15 2:1 3:1 4:1 5:0 6:13 7:1 8:0 9:1 10:0 0:0 1:10 2:7 3:4 4:0 5:0 6:7 7:4 8:4 9:0 10:0   
            .     .              
         .     .     0           
      .     .     .     .        
   0     .     .     .     .     
      .     .     .     .        
   .     .     .     .     .     
0     .     .     .     .     .  
   .     .     #     .     .     
o     .     .     #     .     .  
   .     .     #     #     .     
0     .     .     x     .     .  
   .     .     x     .     .     
0     .     .     #     .     .  
   .     .     .     .     .     
      .     .     .     .        
   .     .     .     .     .     
      .     .     .     .        
         .     .     .           
            .     .              
-----------------------Eval=462
my ring out0
opp ring out0
-----------------------------My Move S 5 24 M 4 19
  
            .     .              
         .     .     0           
      .     .     .     .        
   0     .     .     .     .     
      .     .     .     .        
   .     .     .     .     .     
o     .     .     .     .     .  
   0     .     #     .     .     
o     .     .     #     .     .  
   .     .     #     #     .     
0     .     .     x     .     .  
   .     .     x     .     .     
0     .     .     #     .     .  
   .     .     .     .     .     
      .     .     .     .        
   .     .     .     .     .     
      .     .     .     .        
         .     .     .           
            .     .              
-----------------------------Opp Move S 1 0 M 2 1
0:0 1:16 2:3 3:1 4:1 5:0 6:12 7:3 8:0 9:0 10:0 0:0 1:11 2:8 3:4 4:1 5:0 6:6 7:5 8:3 9:1 10:0   
            .     .              
         .     .     0           
      .     .     .     .        
   0     .     .     .     .     
      .     .     .     .        
   .     .     .     .     .     
o     .     .     #     .     .  
   0     .     x     .     .     
o     .     .     #     .     .  
   .     .     #     #     .     
0     .     .     x     .     .  
   .     .     x     .     .     
0     .     .     #     .     .  
   .     .     .     .     .     
      .     .     .     .        
   .     .     .     .     .     
      .     .     .     .        
         .     .     .           
            .     .              
-----------------------Eval=563
my ring out0
opp ring out0
-----------------------------My Move S 5 26 M 4 20
  
            .     .              
         .     .     0           
      .     .     .     .        
   o     .     .     .     .     
      .     .     .     .        
   0     .     .     .     .     
o     .     .     #     .     .  
   0     .     x     .     .     
o     .     .     #     .     .  
   .     .     #     #     .     
0     .     .     x     .     .  
   .     .     x     .     .     
0     .     .     #     .     .  
   .     .     .     .     .     
      .     .     .     .        
   .     .     .     .     .     
      .     .     .     .        
         .     .     .           
            .     .              
-----------------------------Opp Move S 2 3 M 3 4
0:0 1:16 2:5 3:2 4:1 5:0 6:10 7:5 8:0 9:0 10:0 0:0 1:13 2:8 3:4 4:2 5:0 6:7 7:5 8:1 9:2 10:0   
            .     .              
         .     .     0           
      .     .     .     .        
   o     .     .     .     .     
      .     .     .     .        
   0     .     .     .     .     
o     .     .     #     .     .  
   0     .     x     .     .     
o     .     .     #     #     .  
   .     .     #     x     .     
0     .     .     x     .     .  
   .     .     x     .     .     
0     .     .     #     .     .  
   .     .     .     .     .     
      .     .     .     .        
   .     .     .     .     .     
      .     .     .     .        
         .     .     .           
            .     .              
-----------------------Eval=12444
my ring out0
opp ring out0
-----------------------------My Move S 4 19 M 4 18
  
            .     .              
         .     .     0           
      .     .     .     .        
   o     .     .     .     .     
      .     .     .     .        
   0     .     .     .     .     
o     .     .     #     .     .  
   o     .     x     .     .     
o     .     .     #     #     .  
   0     .     #     x     .     
0     .     .     x     .     .  
   .     .     x     .     .     
0     .     .     #     .     .  
   .     .     .     .     .     
      .     .     .     .        
   .     .     .     .     .     
      .     .     .     .        
         .     .     .           
            .     .              
-----------------------------Opp Move S 1 1 M 2 2
0:0 1:16 2:7 3:2 4:2 5:0 6:10 7:4 8:1 9:0 10:0 0:0 1:12 2:10 3:6 4:2 5:0 6:6 7:5 8:2 9:2 10:0   
            .     .              
         .     .     0           
      .     .     .     .        
   o     .     .     .     .     
      .     .     .     .        
   0     .     .     .     .     
o     .     .     #     .     .  
   o     .     x     #     .     
o     .     .     x     #     .  
   0     .     #     x     .     
0     .     .     x     .     .  
   .     .     x     .     .     
0     .     .     #     .     .  
   .     .     .     .     .     
      .     .     .     .        
   .     .     .     .     .     
      .     .     .     .        
         .     .     .           
            .     .              
-----------------------Eval=25365
my ring out0
opp ring out0
-----------------------------My Move S 4 18 M 4 17
  
            .     .              
         .     .     0           
      .     .     .     .        
   o     .     .     .     .     
      .     .     .     .        
   0     .     .     .     .     
o     .     .     #     .     .  
   o     .     x     #     .     
o     .     .     x     #     .  
   o     .     #     x     .     
0     .     .     x     .     .  
   0     .     x     .     .     
0     .     .     #     .     .  
   .     .     .     .     .     
      .     .     .     .        
   .     .     .     .     .     
      .     .     .     .        
         .     .     .           
            .     .              
-----------------------------Opp Move S 3 4 M 4 5
0:0 1:16 2:9 3:2 4:2 5:1 6:10 7:4 8:0 9:1 10:0 0:0 1:14 2:10 3:6 4:2 5:1 6:7 7:5 8:1 9:1 10:1   
            .     .              
         .     .     0           
      .     .     .     .        
   o     .     .     .     .     
      .     .     .     .        
   0     .     .     .     .     
o     .     .     #     .     .  
   o     .     x     #     #     
o     .     .     x     x     .  
   o     .     #     x     .     
0     .     .     x     .     .  
   0     .     x     .     .     
0     .     .     #     .     .  
   .     .     .     .     .     
      .     .     .     .        
   .     .     .     .     .     
      .     .     .     .        
         .     .     .           
            .     .              
-----------------------Eval=504
my ring out0
opp ring out0
-----------------------------My Move S 4 17 M 4 16
  
            .     .              
         .     .     0           
      .     .     .     .        
   o     .     .     .     .     
      .     .     .     .        
   0     .     .     .     .     
o     .     .     #     .     .  
   o     .     x     #     #     
o     .     .     x     x     .  
   o     .     #     x     .     
0     .     .     x     .     .  
   o     .     x     .     .     
0     .     .     #     .     .  
   0     .     .     .     .     
      .     .     .     .        
   .     .     .     .     .     
      .     .     .     .        
         .     .     .           
            .     .              
-----------------------------Opp Move S 4 5 M 3 2 RS 4 5 RE 1 3 X 0 0
0:0 1:17 2:10 3:2 4:2 5:2 6:11 7:3 8:0 9:0 10:1 0:0 1:16 2:7 3:1 4:0 5:0 6:5 7:6 8:1 9:0 10:0   
            .     .              
         .     .     0           
      .     .     .     .        
   o     .     .     .     .     
      .     .     .     .        
   0     .     .     #     .     
o     .     .     #     .     .  
   o     .     x     #     x     
o     .     .     x     .     .  
   o     .     .     .     .     
0     .     .     .     .     .  
   o     .     x     .     .     
0     .     .     #     .     .  
   0     .     .     .     .     
      .     .     .     .        
   .     .     .     .     .     
      .     .     .     .        
         .     .     .           
            .     .              
-----------------------Eval=1012
my ring out0
opp ring out1
-----------------------------My Move S 4 20 M 4 21 RS 4 17 RE 5 26 X 5 2
  
            .     .              
         .     .     .           
      .     .     .     .        
   .     .     .     .     .     
      0     .     .     .        
   .     .     .     #     .     
o     .     .     #     .     .  
   .     .     x     #     x     
o     .     .     x     .     .  
   .     .     .     .     .     
0     .     .     .     .     .  
   .     .     x     .     .     
0     .     .     #     .     .  
   0     .     .     .     .     
      .     .     .     .        
   .     .     .     .     .     
      .     .     .     .        
         .     .     .           
            .     .              
-----------------------------Opp Move S 3 2 M 4 23
0:0 1:14 2:2 3:1 4:1 5:0 6:10 7:2 8:0 9:0 10:0 0:0 1:19 2:7 3:1 4:0 5:0 6:7 7:5 8:0 9:0 10:0   
            .     .              
         .     .     .           
      .     #     .     .        
   .     .     .     .     .     
      0     .     .     .        
   .     .     .     x     .     
o     .     .     #     .     .  
   .     .     x     #     x     
o     .     .     x     .     .  
   .     .     .     .     .     
0     .     .     .     .     .  
   .     .     x     .     .     
0     .     .     #     .     .  
   0     .     .     .     .     
      .     .     .     .        
   .     .     .     .     .     
      .     .     .     .        
         .     .     .           
            .     .              
-----------------------Eval=1097
my ring out1
opp ring out1
-----------------------------My Move S 4 16 M 4 20
  
            .     .              
         .     .     .           
      .     #     .     .        
   .     .     .     .     .     
      0     .     .     .        
   0     .     .     x     .     
o     .     .     #     .     .  
   .     .     x     #     x     
o     .     .     x     .     .  
   .     .     .     .     .     
0     .     .     .     .     .  
   .     .     x     .     .     
0     .     .     #     .     .  
   o     .     .     .     .     
      .     .     .     .        
   .     .     .     .     .     
      .     .     .     .        
         .     .     .           
            .     .              
-----------------------------Opp Move S 2 2 M 3 3
0:0 1:15 2:3 3:2 4:1 5:0 6:9 7:2 8:1 9:0 10:0 0:0 1:19 2:8 3:3 4:0 5:0 6:7 7:4 8:1 9:0 10:0   
            .     .              
         .     .     .           
      .     #     .     .        
   .     .     .     .     .     
      0     .     .     .        
   0     .     .     x     .     
o     .     .     #     #     .  
   .     .     x     x     x     
o     .     .     x     .     .  
   .     .     .     .     .     
0     .     .     .     .     .  
   .     .     x     .     .     
0     .     .     #     .     .  
   o     .     .     .     .     
      .     .     .     .        
   .     .     .     .     .     
      .     .     .     .        
         .     .     .           
            .     .              
-----------------------Eval=1470
my ring out1
opp ring out1
-----------------------------My Move S 5 22 M 4 2
  
            .     .              
         .     .     .           
      .     #     .     .        
   .     .     .     0     .     
      0     .     .     .        
   0     .     .     x     .     
o     .     .     #     #     .  
   .     .     x     x     x     
o     .     .     x     .     .  
   .     .     .     .     .     
o     .     .     .     .     .  
   .     .     x     .     .     
0     .     .     #     .     .  
   o     .     .     .     .     
      .     .     .     .        
   .     .     .     .     .     
      .     .     .     .        
         .     .     .           
            .     .              
-----------------------------Opp Move S 2 5 M 1 2
0:0 1:18 2:3 3:2 4:1 5:0 6:10 7:1 8:1 9:0 10:0 0:0 1:19 2:9 3:4 4:1 5:0 6:6 7:4 8:1 9:1 10:0   
            .     .              
         .     .     .           
      .     #     .     .        
   .     .     .     0     .     
      0     .     .     .        
   0     .     .     x     .     
o     .     .     #     #     .  
   .     .     x     x     x     
o     .     .     x     .     .  
   .     .     .     .     .     
o     .     .     #     .     .  
   .     .     x     .     .     
0     .     .     x     .     .  
   o     .     .     .     .     
      .     .     .     .        
   .     .     .     .     .     
      .     .     .     .        
         .     .     .           
            .     .              
-----------------------Eval=1074
my ring out1
opp ring out1
-----------------------------My Move S 4 2 M 2 3
  
            .     .              
         .     .     .           
      .     #     .     .        
   .     .     .     o     .     
      0     .     .     .        
   0     .     .     o     .     
o     .     .     #     #     .  
   .     .     x     o     x     
o     .     .     x     .     .  
   .     .     .     0     .     
o     .     .     #     .     .  
   .     .     x     .     .     
0     .     .     x     .     .  
   o     .     .     .     .     
      .     .     .     .        
   .     .     .     .     .     
      .     .     .     .        
         .     .     .           
            .     .              
-----------------------------Opp Move S 4 23 M 2 11
0:0 1:24 2:4 3:3 4:2 5:0 6:10 7:1 8:1 9:0 10:0 0:0 1:21 2:6 3:2 4:1 5:0 6:8 7:3 8:0 9:1 10:0   
            .     .              
         .     .     .           
      .     x     .     .        
   .     .     .     o     .     
      0     .     .     .        
   0     .     .     o     .     
o     .     #     #     #     .  
   .     .     x     o     x     
o     .     .     x     .     .  
   .     .     .     0     .     
o     .     .     #     .     .  
   .     .     x     .     .     
0     .     .     x     .     .  
   o     .     .     .     .     
      .     .     .     .        
   .     .     .     .     .     
      .     .     .     .        
         .     .     .           
            .     .              
-----------------------Eval=25422
my ring out1
opp ring out1
-----------------------------My Move S 4 21 M 4 22
  
            .     .              
         .     .     .           
      .     x     .     .        
   .     0     .     o     .     
      o     .     .     .        
   0     .     .     o     .     
o     .     #     #     #     .  
   .     .     x     o     x     
o     .     .     x     .     .  
   .     .     .     0     .     
o     .     .     #     .     .  
   .     .     x     .     .     
0     .     .     x     .     .  
   o     .     .     .     .     
      .     .     .     .        
   .     .     .     .     .     
      .     .     .     .        
         .     .     .           
            .     .              
-----------------------------Opp Move S 2 11 M 3 16
0:0 1:26 2:4 3:3 4:3 5:0 6:10 7:1 8:0 9:1 10:0 0:0 1:23 2:6 3:2 4:2 5:0 6:8 7:3 8:0 9:1 10:0   
            .     .              
         .     .     .           
      .     x     .     .        
   .     0     .     o     .     
      o     .     .     .        
   0     #     .     o     .     
o     .     x     #     #     .  
   .     .     x     o     x     
o     .     .     x     .     .  
   .     .     .     0     .     
o     .     .     #     .     .  
   .     .     x     .     .     
0     .     .     x     .     .  
   o     .     .     .     .     
      .     .     .     .        
   .     .     .     .     .     
      .     .     .     .        
         .     .     .           
            .     .              
-----------------------Eval=284870
my ring out1
opp ring out1
-----------------------------My Move S 4 20 M 5 26
  
            .     .              
         .     .     .           
      .     x     .     .        
   0     0     .     o     .     
      o     .     .     .        
   o     #     .     o     .     
o     .     x     #     #     .  
   .     .     x     o     x     
o     .     .     x     .     .  
   .     .     .     0     .     
o     .     .     #     .     .  
   .     .     x     .     .     
0     .     .     x     .     .  
   o     .     .     .     .     
      .     .     .     .        
   .     .     .     .     .     
      .     .     .     .        
         .     .     .           
            .     .              
-----------------------------Opp Move S 1 2 M 0 0
0:0 1:27 2:6 3:3 4:3 5:0 6:10 7:1 8:0 9:1 10:0 0:0 1:22 2:9 3:3 4:2 5:0 6:9 7:2 8:0 9:1 10:0   
            .     .              
         .     .     .           
      .     x     .     .        
   0     0     .     o     .     
      o     .     .     .        
   o     #     .     o     .     
o     .     x     #     #     .  
   .     .     x     o     x     
o     .     .     x     .     .  
   .     .     #     0     .     
o     .     .     x     .     .  
   .     .     x     .     .     
0     .     .     x     .     .  
   o     .     .     .     .     
      .     .     .     .        
   .     .     .     .     .     
      .     .     .     .        
         .     .     .           
            .     .              
-----------------------Eval=298941
my ring out1
opp ring out1
-----------------------------My Move S 4 22 M 4 0 RS 5 24 RE 4 23 X 4 0
  
            .     .              
         .     .     .           
      .     .     .     .        
   0     .     .     o     .     
      .     .     .     .        
   .     #     .     o     .     
.     .     x     #     #     .  
   .     .     x     o     x     
o     .     .     x     .     .  
   .     .     #     0     .     
o     .     .     x     .     .  
   .     .     x     .     .     
0     .     .     x     .     .  
   o     .     .     .     .     
      .     .     .     .        
   .     .     .     .     .     
      .     .     .     .        
         .     .     .           
            .     .              
-----------------------------Opp Move S 3 16 M 4 21
0:0 1:21 2:3 3:2 4:1 5:0 6:9 7:0 8:0 9:0 10:0 0:0 1:21 2:9 3:3 4:2 5:1 6:9 7:2 8:0 9:1 10:0   
            .     .              
         .     .     .           
      .     .     .     .        
   0     .     .     o     .     
      #     .     .     .        
   .     x     .     o     .     
.     .     x     #     #     .  
   .     .     x     o     x     
o     .     .     x     .     .  
   .     .     #     0     .     
o     .     .     x     .     .  
   .     .     x     .     .     
0     .     .     x     .     .  
   o     .     .     .     .     
      .     .     .     .        
   .     .     .     .     .     
      .     .     .     .        
         .     .     .           
            .     .              
-----------------------Eval=272429
my ring out2
opp ring out1
-----------------------------My Move S 2 3 M 2 4
  
            .     .              
         .     .     .           
      .     .     .     .        
   0     .     .     o     .     
      #     .     .     .        
   .     x     .     o     .     
.     .     x     #     #     .  
   .     .     x     o     x     
o     .     .     x     .     .  
   .     .     #     o     .     
o     .     .     x     .     .  
   .     .     x     0     .     
0     .     .     x     .     .  
   o     .     .     .     .     
      .     .     .     .        
   .     .     .     .     .     
      .     .     .     .        
         .     .     .           
            .     .              
-----------------------------Opp Move S 3 3 M 3 1
0:0 1:22 2:3 3:2 4:0 5:0 6:9 7:0 8:0 9:0 10:0 0:0 1:23 2:9 3:5 4:3 5:2 6:8 7:2 8:0 9:1 10:1   
            .     .              
         .     .     .           
      .     .     .     .        
   0     .     .     o     .     
      #     .     #     .        
   .     x     .     x     .     
.     .     x     #     x     .  
   .     .     x     o     x     
o     .     .     x     .     .  
   .     .     #     o     .     
o     .     .     x     .     .  
   .     .     x     0     .     
0     .     .     x     .     .  
   o     .     .     .     .     
      .     .     .     .        
   .     .     .     .     .     
      .     .     .     .        
         .     .     .           
            .     .              
-----------------------Eval=25028
my ring out2
opp ring out1
-----------------------------My Move S 2 4 M 3 7
  
            .     .              
         .     .     .           
      .     .     .     .        
   0     .     .     o     .     
      #     .     #     .        
   .     x     .     x     .     
.     .     x     #     x     .  
   .     .     x     o     x     
o     .     .     x     .     .  
   .     .     #     o     .     
o     .     .     x     .     .  
   .     .     x     o     .     
0     .     .     x     .     .  
   o     .     .     0     .     
      .     .     .     .        
   .     .     .     .     .     
      .     .     .     .        
         .     .     .           
            .     .              
-----------------------------Opp Move S 4 21 M 5 18 RS 1 1 RE 4 21 X 3 1
0:0 1:24 2:3 3:2 4:1 5:0 6:9 7:0 8:0 9:0 10:0 0:0 1:19 2:7 3:1 4:0 5:0 6:8 7:1 8:0 9:0 10:0   
            .     .              
         .     .     .           
      .     .     .     .        
   0     .     .     o     .     
      .     .     .     .        
   .     .     .     x     .     
.     .     .     #     x     .  
   .     .     .     o     x     
o     .     .     .     .     .  
   .     .     #     o     .     
o     .     .     x     .     .  
   .     .     x     o     .     
0     .     .     x     .     .  
   o     .     .     0     .     
      .     .     .     .        
   .     .     .     .     .     
      #     .     .     .        
         .     .     .           
            .     .              
-----------------------Eval=1057
my ring out2
opp ring out2
-----------------------------My Move S 5 26 M 5 28
  
            .     .              
         0     .     .           
      .     .     .     .        
   o     .     .     o     .     
      .     .     .     .        
   .     .     .     x     .     
.     .     .     #     x     .  
   .     .     .     o     x     
o     .     .     .     .     .  
   .     .     #     o     .     
o     .     .     x     .     .  
   .     .     x     o     .     
0     .     .     x     .     .  
   o     .     .     0     .     
      .     .     .     .        
   .     .     .     .     .     
      #     .     .     .        
         .     .     .           
            .     .              
-----------------------------Opp Move S 0 0 M 4 4
0:0 1:28 2:3 3:2 4:0 5:0 6:9 7:0 8:0 9:0 10:0 0:0 1:21 2:9 3:0 4:0 5:0 6:8 7:1 8:0 9:0 10:0   
            .     .              
         0     .     .           
      .     .     .     .        
   o     .     .     o     .     
      .     .     .     .        
   .     .     .     x     #     
.     .     .     #     o     .  
   .     .     .     x     x     
o     .     .     .     .     .  
   .     .     x     o     .     
o     .     .     x     .     .  
   .     .     x     o     .     
0     .     .     x     .     .  
   o     .     .     0     .     
      .     .     .     .        
   .     .     .     .     .     
      #     .     .     .        
         .     .     .           
            .     .              
-----------------------Eval=1056
my ring out2
opp ring out2
-----------------------------My Move S 5 21 M 1 5
  
            .     .              
         0     .     .           
      .     .     .     .        
   o     .     .     o     .     
      .     .     .     .        
   .     .     .     x     #     
.     .     .     #     o     .  
   .     .     .     x     x     
o     .     0     .     .     .  
   .     .     x     o     .     
o     .     .     x     .     .  
   .     .     x     o     .     
o     .     .     x     .     .  
   o     .     .     0     .     
      .     .     .     .        
   .     .     .     .     .     
      #     .     .     .        
         .     .     .           
            .     .              
-----------------------------Opp Move S 4 4 M 4 8
0:0 1:33 2:4 3:2 4:0 5:0 6:9 7:0 8:0 9:0 10:0 0:0 1:22 2:8 3:0 4:0 5:0 6:9 7:0 8:0 9:0 10:0   
            .     .              
         0     .     .           
      .     .     .     .        
   o     .     .     o     .     
      .     .     .     .        
   .     .     .     x     x     
.     .     .     #     o     .  
   .     .     .     x     o     
o     .     0     .     .     .  
   .     .     x     o     .     
o     .     .     x     .     .  
   .     .     x     o     .     
o     .     .     x     .     .  
   o     .     .     0     #     
      .     .     .     .        
   .     .     .     .     .     
      #     .     .     .        
         .     .     .           
            .     .              
-----------------------Eval=14671
my ring out2
opp ring out2
-----------------------------My Move S 3 7 M 4 10
  
            .     .              
         0     .     .           
      .     .     .     .        
   o     .     .     o     .     
      .     .     .     .        
   .     .     .     x     x     
.     .     .     #     o     .  
   .     .     .     x     o     
o     .     0     .     .     .  
   .     .     x     o     .     
o     .     .     x     .     .  
   .     .     x     o     .     
o     .     .     x     .     .  
   o     .     .     o     #     
      .     .     .     .        
   .     .     .     0     .     
      #     .     .     .        
         .     .     .           
            .     .              
-----------------------------Opp Move S 2 1 M 1 1
0:0 1:35 2:4 3:2 4:1 5:0 6:9 7:0 8:0 9:0 10:0 0:0 1:21 2:9 3:2 4:1 5:0 6:7 7:1 8:1 9:0 10:0   
            .     .              
         0     .     .           
      .     .     .     .        
   o     .     .     o     .     
      .     .     .     .        
   .     .     .     x     x     
.     .     .     x     o     .  
   .     .     .     x     o     
o     .     0     #     .     .  
   .     .     x     o     .     
o     .     .     x     .     .  
   .     .     x     o     .     
o     .     .     x     .     .  
   o     .     .     o     #     
      .     .     .     .        
   .     .     .     0     .     
      #     .     .     .        
         .     .     .           
            .     .              
-----------------------Eval=14667
my ring out2
opp ring out2
-----------------------------My Move S 5 28 M 3 1
  
            .     .              
         o     .     .           
      .     .     .     .        
   o     .     .     o     .     
      .     .     0     .        
   .     .     .     x     x     
.     .     .     x     o     .  
   .     .     .     x     o     
o     .     0     #     .     .  
   .     .     x     o     .     
o     .     .     x     .     .  
   .     .     x     o     .     
o     .     .     x     .     .  
   o     .     .     o     #     
      .     .     .     .        
   .     .     .     0     .     
      #     .     .     .        
         .     .     .           
            .     .              
-----------------------------Opp Move S 5 18 M 3 5
0:0 1:38 2:6 3:1 4:0 5:0 6:9 7:0 8:0 9:0 10:0 0:0 1:24 2:9 3:3 4:0 5:0 6:6 7:3 8:0 9:0 10:0   
            .     .              
         o     .     .           
      .     .     .     .        
   o     .     .     o     .     
      .     .     0     .        
   .     .     .     x     x     
.     .     .     x     o     .  
   .     .     .     x     o     
o     .     0     #     .     .  
   .     .     x     o     .     
o     .     .     x     #     .  
   .     .     x     x     .     
o     .     .     o     .     .  
   o     .     .     o     #     
      .     .     .     .        
   .     .     .     0     .     
      x     .     .     .        
         .     .     .           
            .     .              
-----------------------Eval=13593
my ring out2
opp ring out2
-----------------------------My Move S 3 1 M 3 0
  
            .     .              
         o     .     .           
      .     .     .     .        
   o     .     0     o     .     
      .     .     o     .        
   .     .     .     x     x     
.     .     .     x     o     .  
   .     .     .     x     o     
o     .     0     #     .     .  
   .     .     x     o     .     
o     .     .     x     #     .  
   .     .     x     x     .     
o     .     .     o     .     .  
   o     .     .     o     #     
      .     .     .     .        
   .     .     .     0     .     
      x     .     .     .        
         .     .     .           
            .     .              
-----------------------------Opp Move S 3 5 M 4 3
0:0 1:38 2:6 3:1 4:0 5:0 6:9 7:0 8:0 9:0 10:0 0:0 1:24 2:12 3:4 4:1 5:1 6:5 7:3 8:1 9:0 10:0   
            .     .              
         o     .     .           
      .     .     .     .        
   o     .     0     o     .     
      .     .     o     #        
   .     .     .     x     x     
.     .     .     x     x     .  
   .     .     .     x     o     
o     .     0     #     .     .  
   .     .     x     o     .     
o     .     .     x     x     .  
   .     .     x     x     .     
o     .     .     o     .     .  
   o     .     .     o     #     
      .     .     .     .        
   .     .     .     0     .     
      x     .     .     .        
         .     .     .           
            .     .              
-----------------------Eval=-73
my ring out2
opp ring out2
-----------------------------My Move S 4 10 M 5 2
  
            .     .              
         o     .     0           
      .     .     .     .        
   o     .     0     x     .     
      .     .     o     #        
   .     .     .     o     x     
.     .     .     x     x     .  
   .     .     .     o     o     
o     .     0     #     .     .  
   .     .     x     x     .     
o     .     .     x     x     .  
   .     .     x     o     .     
o     .     .     o     .     .  
   o     .     .     x     #     
      .     .     .     .        
   .     .     .     o     .     
      x     .     .     .        
         .     .     .           
            .     .              
-----------------------------Opp Move S 1 1 M 1 0
0:0 1:41 2:5 3:2 4:0 5:0 6:9 7:0 8:0 9:0 10:0 0:0 1:29 2:10 3:5 4:1 5:0 6:6 7:2 8:1 9:0 10:0   
            .     .              
         o     .     0           
      .     .     .     .        
   o     .     0     x     .     
      .     .     o     #        
   .     .     .     o     x     
.     .     .     x     x     .  
   .     .     #     o     o     
o     .     0     x     .     .  
   .     .     x     x     .     
o     .     .     x     x     .  
   .     .     x     o     .     
o     .     .     o     .     .  
   o     .     .     x     #     
      .     .     .     .        
   .     .     .     o     .     
      x     .     .     .        
         .     .     .           
            .     .              
-----------------------Eval=24919
my ring out2
opp ring out2
-----------------------------My Move S 1 5 M 2 7
  
            .     .              
         o     .     0           
      .     .     .     .        
   o     .     0     x     .     
      .     .     o     #        
   .     .     .     o     x     
.     .     .     x     x     .  
   .     .     #     o     o     
o     .     o     x     .     .  
   .     .     x     x     .     
o     .     .     x     x     .  
   .     .     x     o     .     
o     .     0     o     .     .  
   o     .     .     x     #     
      .     .     .     .        
   .     .     .     o     .     
      x     .     .     .        
         .     .     .           
            .     .              
-----------------------------Opp Move S 4 3 M 3 4
0:0 1:44 2:6 3:2 4:1 5:1 6:9 7:0 8:0 9:0 10:0 0:0 1:29 2:9 3:5 4:2 5:0 6:6 7:1 8:1 9:1 10:0   
            .     .              
         o     .     0           
      .     .     .     .        
   o     .     0     x     .     
      .     .     o     x        
   .     .     .     o     x     
.     .     .     x     o     .  
   .     .     #     o     o     
o     .     o     x     #     .  
   .     .     x     x     .     
o     .     .     x     x     .  
   .     .     x     o     .     
o     .     0     o     .     .  
   o     .     .     x     #     
      .     .     .     .        
   .     .     .     o     .     
      x     .     .     .        
         .     .     .           
            .     .              
-----------------------Eval=998341
my ring out2
opp ring out2
-----------------------------My Move S 3 0 M 4 19 RS 3 0 RE 4 5 X 2 7
  
            .     .              
         o     .     0           
      .     .     .     .        
   o     .     .     x     .     
      .     .     .     x        
   .     .     .     .     x     
.     .     .     x     .     .  
   0     .     #     o     .     
o     .     o     x     #     .  
   .     .     x     x     .     
o     .     .     x     x     .  
   .     .     x     o     .     
o     .     .     o     .     .  
   o     .     .     x     #     
      .     .     .     .        
   .     .     .     o     .     
      x     .     .     .        
         .     .     .           
            .     .              
***********************************

-> You are player 2
-> You are alloted a time of 120s

***********************************

Player 1 played : P 0 0
P 0 0 True
Time remaining is: 120s
You played : P 5 24
P 5 24 True
Player 1 played : P 1 0
P 1 0 True
Time remaining is: 120s
You played : P 5 23
P 5 23 True
Player 1 played : P 1 1
P 1 1 True
Time remaining is: 120s
You played : P 5 22
P 5 22 True
Player 1 played : P 1 2
P 1 2 True
Time remaining is: 120s
You played : P 5 21
P 5 21 True
Player 1 played : P 1 3
P 1 3 True
Time remaining is: 120s
You played : P 5 26
P 5 26 True
Player 1 played : S 1 2 M 2 3
S 1 2 True
M 2 3 True
Time remaining is: 120s
You played : S 5 23 M 5 2
S 5 23 True
M 5 2 True
Player 1 played : S 1 3 M 2 5
S 1 3 True
M 2 5 True
Time remaining is: 120s
You played : S 5 24 M 4 19
S 5 24 True
M 4 19 True
Player 1 played : S 1 0 M 2 1
S 1 0 True
M 2 1 True
Time remaining is: 120s
You played : S 5 26 M 4 20
S 5 26 True
M 4 20 True
Player 1 played : S 2 3 M 3 4
S 2 3 True
M 3 4 True
Time remaining is: 119s
You played : S 4 19 M 4 18
S 4 19 True
M 4 18 True
Player 1 played : S 1 1 M 2 2
S 1 1 True
M 2 2 True
Time remaining is: 119s
You played : S 4 18 M 4 17
S 4 18 True
M 4 17 True
Player 1 played : S 3 4 M 4 5
S 3 4 True
M 4 5 True
Time remaining is: 119s
You played : S 4 17 M 4 16
S 4 17 True
M 4 16 True
Player 1 played : S 4 5 M 3 2 RS 4 5 RE 1 3 X 0 0
S 4 5 True
M 3 2 True
RS 4 5 True
RE 1 3 True
X 0 0 True
Time remaining is: 119s
You played : S 4 20 M 4 21 RS 4 17 RE 5 26 X 5 2
S 4 20 True
M 4 21 True
RS 4 17 True
RE 5 26 True
X 5 2 True
Player 1 played : S 3 2 M 4 23
S 3 2 True
M 4 23 True
Time remaining is: 119s
You played : S 4 16 M 4 20
S 4 16 True
M 4 20 True
Player 1 played : S 2 2 M 3 3
S 2 2 True
M 3 3 True
Time remaining is: 119s
You played : S 5 22 M 4 2
S 5 22 True
M 4 2 True
Player 1 played : S 2 5 M 1 2
S 2 5 True
M 1 2 True
Time remaining is: 118s
You played : S 4 2 M 2 3
S 4 2 True
M 2 3 True
Player 1 played : S 4 23 M 2 11
S 4 23 True
M 2 11 True
Time remaining is: 118s
You played : S 4 21 M 4 22
S 4 21 True
M 4 22 True
Player 1 played : S 2 11 M 3 16
S 2 11 True
M 3 16 True
Time remaining is: 118s
You played : S 4 20 M 5 26
S 4 20 True
M 5 26 True
Player 1 played : S 1 2 M 0 0
S 1 2 True
M 0 0 True
Time remaining is: 118s
You played : S 4 22 M 4 0 RS 5 24 RE 4 23 X 4 0
S 4 22 True
M 4 0 True
RS 5 24 True
RE 4 23 True
X 4 0 True
Player 1 played : S 3 16 M 4 21
S 3 16 True
M 4 21 True
Time remaining is: 118s
You played : S 2 3 M 2 4
S 2 3 True
M 2 4 True
Player 1 played : S 3 3 M 3 1
S 3 3 True
M 3 1 True
Time remaining is: 118s
You played : S 2 4 M 3 7
S 2 4 True
M 3 7 True
Player 1 played : S 4 21 M 5 18 RS 1 1 RE 4 21 X 3 1
S 4 21 True
M 5 18 True
RS 1 1 True
RE 4 21 True
X 3 1 True
Time remaining is: 118s
You played : S 5 26 M 5 28
S 5 26 True
M 5 28 True
Player 1 played : S 0 0 M 4 4
S 0 0 True
M 4 4 True
Time remaining is: 117s
You played : S 5 21 M 1 5
S 5 21 True
M 1 5 True
Player 1 played : S 4 4 M 4 8
S 4 4 True
M 4 8 True
Time remaining is: 117s
You played : S 3 7 M 4 10
S 3 7 True
M 4 10 True
Player 1 played : S 2 1 M 1 1
S 2 1 True
M 1 1 True
Time remaining is: 117s
You played : S 5 28 M 3 1
S 5 28 True
M 3 1 True
Player 1 played : S 5 18 M 3 5
S 5 18 True
M 3 5 True
Time remaining is: 117s
You played : S 3 1 M 3 0
S 3 1 True
M 3 0 True
Player 1 played : S 3 5 M 4 3
S 3 5 True
M 4 3 True
Time remaining is: 117s
You played : S 4 10 M 5 2
S 4 10 True
M 5 2 True
Player 1 played : S 1 1 M 1 0
S 1 1 True
M 1 0 True
Time remaining is: 117s
You played : S 1 5 M 2 7
S 1 5 True
M 2 7 True
Player 1 played : S 4 3 M 3 4
S 4 3 True
M 3 4 True
Time remaining is: 117s
You played : S 3 0 M 4 19 RS 3 0 RE 4 5 X 2 7
S 3 0 True
M 4 19 True
RS 3 0 False
INVALID MOVE ON THIS CLIENT
