***********************************

-> You are player 1
-> You are alloted a time of 120s

***********************************

Time remaining is: 120s
You played : P 2 10
P 2 10 True
Player 2 played : P 0 0
P 0 0 True
Time remaining is: 120s
You played : P 2 2
P 2 2 True
Player 2 played : P 3 5
P 3 5 True
Time remaining is: 120s
You played : P 2 11
P 2 11 True
Player 2 played : P 2 9
P 2 9 True
Time remaining is: 120s
You played : P 1 4
P 1 4 True
Player 2 played : P 2 7
P 2 7 True
Time remaining is: 120s
You played : P 2 6
P 2 6 True
Player 2 played : P 3 9
P 3 9 True
Time remaining is: 120s
You played : S 2 10 M 3 16
S 2 10 True
M 3 16 True
Player 2 played : S 2 7 M 4 18
S 2 7 True
M 4 18 True
Time remaining is: 120s
You played : S 1 4 M 3 10
S 1 4 True
M 3 10 True
Player 2 played : S 3 9 M 4 13
S 3 9 True
M 4 13 True
Time remaining is: 120s
You played : S 2 6 M 4 12
S 2 6 True
M 4 12 True
Player 2 played : S 2 9 M 4 19
S 2 9 True
M 4 19 True
Time remaining is: 120s
You played : S 2 2 M 2 3
S 2 2 True
M 2 3 True
Player 2 played : S 3 5 M 5 7
S 3 5 True
M 5 7 True
Time remaining is: 120s
You played : S 2 3 M 4 7
S 2 3 True
M 4 7 True
Player 2 played : S 5 7 M 3 2
S 5 7 True
M 3 2 True
Time remaining is: 120s
You played : S 2 11 M 1 5
S 2 11 True
M 1 5 True
Player 2 played : S 3 2 M 2 4
S 3 2 True
M 2 4 True
Time remaining is: 120s
You played : S 1 5 M 4 3
S 1 5 True
M 4 3 True
Player 2 played : S 0 0 M 3 15
S 0 0 True
M 3 15 True
Time remaining is: 120s
You played : S 3 16 M 2 8
S 3 16 True
M 2 8 True
Player 2 played : S 2 4 M 4 10
S 2 4 True
M 4 10 True
Time remaining is: 120s
You played : S 3 10 M 3 11
S 3 10 True
M 3 11 True
Player 2 played : S 4 10 M 3 7
S 4 10 True
M 3 7 True
Time remaining is: 120s
You played : S 4 12 M 4 9
S 4 12 True
M 4 9 True
Player 2 played : S 4 19 M 1 3
S 4 19 True
M 1 3 True
Time remaining is: 120s
You played : S 2 8 M 1 1
S 2 8 True
M 1 1 True
Player 2 played : S 3 7 M 5 13 RS 4 10 RE 2 2 X 5 13
S 3 7 True
M 5 13 True
RS 4 10 True
RE 2 2 True
X 5 13 True
Time remaining is: 120s
You played : S 4 7 M 4 8
S 4 7 True
M 4 8 True
Player 2 played : S 4 13 M 3 8
S 4 13 True
M 3 8 True
Time remaining is: 120s
You played : S 4 3 M 3 3
S 4 3 True
M 3 3 True
Player 2 played : S 3 8 M 3 13
S 3 8 True
M 3 13 True
Time remaining is: 120s
You played : S 1 1 M 4 11
S 1 1 True
M 4 11 True
Player 2 played : S 3 13 M 5 18
S 3 13 True
M 5 18 True
Time remaining is: 120s
You played : S 3 11 M 4 14
S 3 11 True
M 4 14 True
Player 2 played : S 4 18 M 2 0 RS 4 18 RE 2 6 X 2 0
S 4 18 True
M 2 0 True
RS 4 18 True
RE 2 6 True
X 2 0 True
Time remaining is: 120s
You played : S 4 9 M 5 12
S 4 9 True
M 5 12 True
Player 2 played : S 3 15 M 4 20
S 3 15 True
M 4 20 True
Time remaining is: 120s
You played : S 4 8 M 5 11
S 4 8 True
M 5 11 True
Player 2 played : S 1 3 M 1 0
S 1 3 True
M 1 0 True
Time remaining is: 120s
You played : S 3 3 M 3 4
S 3 3 True
M 3 4 True
Player 2 played : S 4 20 M 4 18 RS 4 20 RE 0 0 X 5 18
S 4 20 True
M 4 18 True
RS 4 20 True
RE 0 0 True
X 5 18 True
OTHER PLAYER WINS!
Your Score : 0.015
Opponent's Score : 10.006
