The5
WHY 

centre is 0
layer num 1		3  1  1  1  1  -1  
layer num 2		1  -1  -1  -1  0  -1  -1  -1  -1  -1  -1  -1  
layer num 3		-1  -1  -1  -1  -1  -1  -1  -1  -1  -1  -1  -1  -1  -1  -1  -1  -1  -1  
layer num 4		-1  -1  -1  -1  -1  -1  -1  -1  -1  -1  -1  -1  -1  -1  0  -1  -1  -1  -1  -1  -1  0  -1  -1  
layer num 5		-1  -1  -1  -1  -1  -1  -1  0  -1  -1  -1  -1  -1  -1  -1  -1  -1  -1  -1  -1  -1  -1  -1  -1  -1  -1  -1  -1  -1  -1  
my rings: 0
other rings: 1
Came here
5
2
WHY 

centre is 0
layer num 1		3  1  3  1  1  -1  
layer num 2		1  -1  -1  1  0  -1  -1  -1  -1  -1  -1  -1  
layer num 3		-1  -1  -1  -1  -1  -1  -1  -1  -1  -1  -1  -1  -1  -1  -1  -1  -1  -1  
layer num 4		-1  -1  -1  -1  -1  -1  0  -1  -1  -1  -1  -1  -1  -1  0  -1  -1  -1  -1  -1  -1  0  -1  -1  
layer num 5		-1  -1  -1  -1  -1  -1  -1  2  -1  -1  -1  -1  -1  -1  -1  -1  -1  -1  -1  -1  -1  -1  -1  -1  -1  -1  -1  -1  -1  -1  
my rings: 1
other rings: 2
Came here
6
5
WHY 

centre is 0
layer num 1		3  3  3  1  1  -1  
layer num 2		1  1  -1  1  0  -1  -1  -1  -1  -1  -1  -1  
layer num 3		-1  -1  -1  -1  -1  0  -1  -1  -1  -1  -1  -1  -1  -1  -1  -1  -1  -1  
layer num 4		-1  -1  -1  -1  -1  -1  2  -1  -1  -1  -1  -1  -1  -1  0  -1  -1  -1  -1  -1  -1  0  -1  -1  
layer num 5		-1  -1  -1  -1  -1  -1  -1  2  -1  -1  -1  -1  -1  -1  -1  -1  -1  -1  -1  -1  -1  -1  -1  -1  -1  -1  -1  -1  -1  -1  
my rings: 2
other rings: 3
Came here
6
8
WHY 

centre is 0
layer num 1		3  3  3  3  1  -1  
layer num 2		1  1  -1  1  2  0  1  -1  -1  -1  -1  -1  
layer num 3		-1  -1  -1  -1  -1  0  -1  -1  -1  -1  -1  -1  -1  -1  -1  -1  -1  -1  
layer num 4		-1  -1  -1  -1  -1  -1  2  -1  -1  -1  -1  -1  -1  -1  0  -1  -1  -1  -1  -1  -1  0  -1  -1  
layer num 5		-1  -1  -1  -1  -1  -1  -1  2  -1  -1  -1  -1  -1  -1  -1  -1  -1  -1  -1  -1  -1  -1  -1  -1  -1  -1  -1  -1  -1  -1  
my rings: 3
other rings: 4
Came here
6
11
WHY 

centre is 0
layer num 1		3  3  3  3  1  -1  
layer num 2		1  1  -1  3  2  0  1  -1  -1  -1  -1  -1  
layer num 3		-1  -1  -1  -1  0  3  -1  -1  -1  -1  -1  -1  -1  -1  -1  -1  -1  -1  
layer num 4		-1  -1  -1  -1  -1  -1  2  1  -1  -1  -1  -1  -1  -1  0  -1  -1  -1  -1  -1  -1  0  -1  -1  
layer num 5		-1  -1  -1  -1  -1  -1  -1  2  -1  -1  -1  -1  -1  -1  -1  -1  -1  -1  -1  -1  -1  -1  -1  -1  -1  -1  -1  -1  -1  -1  
my rings: 3
other rings: 6
Came here
6
14
WHY 

centre is 0
layer num 1		3  3  2  2  1  -1  
layer num 2		1  3  -1  2  2  0  1  0  -1  -1  -1  -1  
layer num 3		-1  -1  -1  -1  3  3  -1  -1  -1  -1  -1  -1  -1  -1  -1  -1  -1  -1  
layer num 4		-1  -1  -1  -1  -1  -1  3  1  -1  -1  -1  -1  -1  -1  0  -1  -1  -1  -1  -1  -1  0  -1  -1  
layer num 5		-1  -1  -1  -1  -1  -1  -1  2  1  -1  -1  -1  -1  -1  -1  -1  -1  -1  -1  -1  -1  -1  -1  -1  -1  -1  -1  -1  -1  -1  
my rings: 5
other rings: 6
Came here
5
16
WHY 

centre is 0
layer num 1		3  3  2  2  3  -1  
layer num 2		1  3  -1  2  2  0  1  3  -1  -1  -1  -1  
layer num 3		-1  -1  -1  -1  3  3  -1  -1  -1  -1  1  0  -1  -1  -1  -1  -1  -1  
layer num 4		-1  -1  -1  -1  -1  -1  3  1  -1  -1  -1  -1  -1  -1  0  -1  -1  -1  -1  -1  -1  0  -1  -1  
layer num 5		-1  -1  -1  -1  -1  -1  -1  2  1  -1  -1  -1  -1  -1  -1  -1  -1  -1  -1  -1  -1  -1  -1  -1  -1  -1  -1  -1  -1  -1  
my rings: 5
other rings: 8
Came here
5
18
WHY 

centre is 0
layer num 1		3  2  3  2  3  -1  
layer num 2		1  2  -1  2  2  2  1  3  -1  -1  -1  -1  
layer num 3		-1  0  -1  -1  3  3  1  -1  -1  -1  1  0  -1  -1  -1  -1  -1  -1  
layer num 4		-1  -1  -1  -1  -1  -1  3  3  -1  -1  -1  -1  -1  -1  0  -1  -1  -1  -1  -1  -1  0  -1  -1  
layer num 5		-1  -1  -1  -1  -1  -1  -1  2  1  -1  -1  -1  -1  -1  -1  -1  -1  -1  -1  -1  -1  -1  -1  -1  -1  -1  -1  -1  -1  -1  
my rings: 7
other rings: 8
Came here
6
21
WHY 

centre is 0
layer num 1		3  2  2  3  3  -1  
layer num 2		3  3  1  3  2  2  1  2  -1  -1  -1  -1  
layer num 3		-1  0  -1  -1  2  3  1  -1  -1  -1  1  2  -1  -1  -1  -1  -1  -1  
layer num 4		-1  -1  -1  -1  -1  0  3  3  -1  -1  -1  -1  -1  -1  0  -1  -1  -1  -1  -1  -1  0  -1  -1  
layer num 5		-1  -1  -1  -1  -1  -1  -1  2  1  -1  -1  -1  -1  -1  -1  -1  -1  -1  -1  -1  -1  -1  -1  -1  -1  -1  -1  -1  -1  -1  
my rings: 8
other rings: 9
Came here
6
24
WHY 

centre is 0
layer num 1		3  2  2  3  2  1  
layer num 2		3  3  1  3  2  2  1  3  -1  -1  -1  -1  
layer num 3		-1  2  0  -1  2  3  1  -1  -1  -1  3  2  -1  -1  -1  -1  -1  -1  
layer num 4		-1  -1  -1  -1  -1  0  3  3  -1  -1  -1  -1  -1  -1  0  -1  -1  -1  -1  -1  -1  0  -1  -1  
layer num 5		-1  -1  -1  -1  -1  -1  -1  2  1  -1  -1  -1  -1  -1  -1  -1  -1  -1  -1  -1  -1  -1  -1  -1  -1  -1  -1  -1  -1  -1  
my rings: 9
other rings: 10
Came here
6
27
WHY 

centre is 0
layer num 1		3  2  2  3  2  1  
layer num 2		3  3  1  3  2  2  1  3  -1  -1  -1  -1  
layer num 3		-1  2  0  -1  2  3  1  -1  -1  -1  3  2  -1  -1  -1  -1  -1  -1  
layer num 4		-1  -1  -1  -1  -1  2  2  2  0  -1  -1  -1  -1  -1  0  -1  -1  -1  -1  -1  -1  0  -1  -1  
layer num 5		-1  -1  -1  -1  -1  -1  1  3  3  -1  -1  -1  -1  -1  -1  -1  -1  -1  -1  -1  -1  -1  -1  -1  -1  -1  -1  -1  -1  -1  
my rings: 11
other rings: 10
Came here
6
30
WHY 

centre is 0
layer num 1		3  2  3  2  2  1  
layer num 2		3  3  1  2  2  2  1  2  -1  -1  -1  -1  
layer num 3		-1  2  0  -1  3  3  1  -1  -1  -1  3  3  -1  -1  -1  -1  -1  -1  
layer num 4		-1  -1  -1  -1  -1  3  2  2  2  -1  -1  -1  -1  -1  0  1  -1  -1  -1  -1  -1  0  -1  -1  
layer num 5		-1  -1  -1  -1  -1  -1  3  3  3  -1  -1  0  -1  -1  -1  -1  -1  -1  -1  -1  -1  -1  -1  -1  -1  -1  -1  -1  -1  -1  
my rings: 11
other rings: 12
Came here
6
33
WHY 

centre is 2
layer num 1		2  2  -1  2  2  -1  
layer num 2		2  3  3  -1  3  2  1  2  -1  -1  -1  -1  
layer num 3		0  2  0  -1  -1  3  1  1  -1  -1  3  3  -1  -1  -1  -1  -1  -1  
layer num 4		-1  -1  -1  -1  -1  -1  2  2  2  -1  -1  -1  -1  -1  0  1  -1  -1  -1  -1  -1  0  -1  -1  
layer num 5		-1  -1  -1  -1  -1  -1  -1  3  3  -1  -1  0  -1  -1  -1  -1  -1  -1  -1  -1  -1  -1  -1  -1  -1  -1  -1  -1  -1  -1  
my rings: 12
other rings: 8
Came here
6
36
WHY 

centre is -1
layer num 1		-1  2  -1  -1  2  -1  
layer num 2		-1  3  3  -1  3  2  3  3  1  -1  -1  -1  
layer num 3		-1  2  0  -1  -1  3  1  1  -1  -1  3  3  -1  -1  -1  -1  -1  -1  
layer num 4		-1  -1  -1  -1  -1  -1  2  2  2  -1  -1  -1  -1  -1  0  1  -1  -1  -1  -1  -1  -1  -1  0  
layer num 5		-1  -1  -1  -1  -1  -1  -1  3  3  -1  -1  0  -1  -1  -1  -1  -1  -1  -1  -1  -1  -1  -1  -1  -1  -1  -1  -1  -1  -1  
my rings: 7
other rings: 10
Came here
6
39
WHY 

centre is -1
layer num 1		-1  2  -1  1  3  -1  
layer num 2		-1  3  3  -1  3  3  3  2  1  -1  -1  -1  
layer num 3		-1  2  0  -1  -1  3  1  3  -1  -1  2  3  -1  -1  -1  -1  -1  -1  
layer num 4		-1  -1  -1  -1  -1  -1  2  2  2  -1  -1  -1  -1  0  0  1  -1  -1  -1  -1  -1  -1  -1  2  
layer num 5		-1  -1  -1  -1  -1  -1  -1  3  3  -1  -1  0  -1  -1  -1  -1  -1  -1  -1  -1  -1  -1  -1  -1  -1  -1  -1  -1  -1  -1  
my rings: 8
other rings: 11
Came here
6
42
WHY 

centre is -1
layer num 1		-1  2  -1  1  3  -1  
layer num 2		-1  3  3  -1  3  3  3  2  3  1  -1  -1  
layer num 3		-1  2  0  -1  -1  3  1  3  -1  -1  2  3  -1  -1  -1  -1  -1  -1  
layer num 4		-1  -1  -1  -1  -1  -1  2  2  2  0  -1  -1  -1  0  0  1  -1  -1  -1  -1  -1  -1  -1  2  
layer num 5		-1  -1  -1  -1  -1  -1  -1  3  3  -1  -1  2  -1  -1  -1  -1  -1  -1  -1  -1  -1  -1  -1  -1  -1  -1  -1  -1  -1  -1  
my rings: 9
other rings: 12
Came here
6
45
WHY 

centre is -1
layer num 1		-1  2  -1  1  3  -1  
layer num 2		-1  3  2  0  3  3  3  2  3  1  -1  -1  
layer num 3		-1  2  2  -1  -1  3  3  2  1  -1  2  3  -1  -1  -1  -1  -1  -1  
layer num 4		-1  -1  -1  -1  -1  -1  2  2  2  0  -1  -1  -1  0  0  1  -1  -1  -1  -1  -1  -1  -1  2  
layer num 5		-1  -1  -1  -1  -1  -1  -1  3  3  -1  -1  2  -1  -1  -1  -1  -1  -1  -1  -1  -1  -1  -1  -1  -1  -1  -1  -1  -1  -1  
my rings: 12
other rings: 11
Came here
6
48
WHY 

centre is -1
layer num 1		-1  2  -1  3  3  -1  
layer num 2		-1  3  2  3  3  3  3  2  3  1  -1  -1  
layer num 3		-1  2  2  -1  1  3  3  2  1  -1  2  3  -1  -1  -1  -1  -1  -1  
layer num 4		-1  -1  -1  -1  -1  0  2  2  2  0  -1  -1  -1  0  0  1  -1  -1  -1  -1  -1  -1  -1  2  
layer num 5		-1  -1  -1  -1  -1  -1  -1  3  3  -1  -1  2  -1  -1  -1  -1  -1  -1  -1  -1  -1  -1  -1  -1  -1  -1  -1  -1  -1  -1  
my rings: 12
other rings: 13
Came here
6
51
WHY 

centre is -1
layer num 1		-1  2  -1  3  3  -1  
layer num 2		-1  3  2  3  3  3  2  3  2  1  -1  -1  
layer num 3		0  3  3  -1  1  3  3  2  3  -1  2  3  -1  1  -1  -1  -1  -1  
layer num 4		-1  -1  -1  -1  -1  -1  -1  -1  -1  -1  -1  -1  -1  0  0  1  -1  -1  -1  -1  -1  -1  -1  2  
layer num 5		-1  -1  -1  -1  -1  -1  -1  3  3  -1  -1  -1  -1  -1  -1  -1  -1  -1  -1  -1  -1  -1  -1  -1  -1  -1  -1  -1  -1  -1  
my rings: 7
other rings: 15
Came here
6
54
WHY 

centre is -1
layer num 1		-1  2  -1  2  2  -1  
layer num 2		-1  3  2  3  2  3  3  3  2  3  -1  -1  
layer num 3		0  3  3  -1  1  2  3  3  3  -1  3  3  -1  1  -1  -1  -1  -1  
layer num 4		-1  -1  -1  -1  -1  -1  0  -1  -1  1  -1  -1  -1  0  2  1  -1  -1  -1  -1  -1  -1  -1  2  
layer num 5		-1  -1  -1  -1  -1  -1  -1  3  3  -1  -1  -1  -1  -1  -1  -1  -1  -1  -1  -1  -1  -1  -1  -1  -1  -1  -1  -1  -1  -1  
my rings: 9
other rings: 15
Came here
6
57
WHY 

centre is -1
layer num 1		-1  2  -1  2  2  -1  
layer num 2		-1  3  2  3  2  3  3  3  2  3  -1  -1  
layer num 3		2  2  2  0  3  2  3  3  3  -1  3  3  -1  1  -1  -1  -1  -1  
layer num 4		-1  -1  -1  -1  -1  1  0  -1  -1  1  -1  -1  -1  0  2  1  -1  -1  -1  -1  -1  -1  -1  2  
layer num 5		-1  -1  -1  -1  -1  -1  -1  3  3  -1  -1  -1  -1  -1  -1  -1  -1  -1  -1  -1  -1  -1  -1  -1  -1  -1  -1  -1  -1  -1  
my rings: 12
other rings: 14
Came here
8
62
***********************************

-> You are player 2
-> You are alloted a time of 120s

***********************************

Player 1 played : P 1 0
P 1 0 True
Time remaining is: 120s
You played : P 0 0
P 0 0 True
Player 1 played : P 1 1
P 1 1 True
Time remaining is: 120s
You played : P 4 14
P 4 14 True
Player 1 played : P 1 2
P 1 2 True
Time remaining is: 120s
You played : P 2 4
P 2 4 True
Player 1 played : P 1 3
P 1 3 True
Time remaining is: 120s
You played : P 5 7
P 5 7 True
Player 1 played : P 1 4
P 1 4 True
Time remaining is: 120s
You played : P 4 21
P 4 21 True
Player 1 played : S 1 0 M 2 0
S 1 0 True
M 2 0 True
Time remaining is: 120s
You played : S 5 7 M 4 6
S 5 7 True
M 4 6 True
Player 1 played : S 1 2 M 2 3
S 1 2 True
M 2 3 True
Time remaining is: 120s
You played : S 4 6 M 3 5
S 4 6 True
M 3 5 True
Player 1 played : S 1 1 M 2 1
S 1 1 True
M 2 1 True
Time remaining is: 115s
You played : S 2 4 M 2 5
S 2 4 True
M 2 5 True
Player 1 played : S 1 3 M 2 6
S 1 3 True
M 2 6 True
Time remaining is: 110s
You played : S 3 5 M 3 4
S 3 5 True
M 3 4 True
Player 1 played : S 2 3 M 4 7
S 2 3 True
M 4 7 True
Time remaining is: 107s
You played : S 3 4 M 2 7
S 3 4 True
M 2 7 True
Player 1 played : S 2 1 M 5 8
S 2 1 True
M 5 8 True
Time remaining is: 104s
You played : S 2 7 M 3 11
S 2 7 True
M 3 11 True
Player 1 played : S 1 4 M 3 10
S 1 4 True
M 3 10 True
Time remaining is: 104s
You played : S 2 5 M 3 1
S 2 5 True
M 3 1 True
Player 1 played : S 4 7 M 3 6
S 4 7 True
M 3 6 True
Time remaining is: 102s
You played : S 3 11 M 4 5
S 3 11 True
M 4 5 True
Player 1 played : S 2 0 M 2 2
S 2 0 True
M 2 2 True
Time remaining is: 100s
You played : S 3 1 M 3 2
S 3 1 True
M 3 2 True
Player 1 played : S 3 10 M 1 5
S 3 10 True
M 1 5 True
Time remaining is: 98s
You played : S 4 5 M 4 8
S 4 5 True
M 4 8 True
Player 1 played : S 5 8 M 5 6
S 5 8 True
M 5 6 True
Time remaining is: 96s
You played : S 4 8 M 5 11
S 4 8 True
M 5 11 True
Player 1 played : S 5 6 M 4 15
S 5 6 True
M 4 15 True
Time remaining is: 95s
You played : S 0 0 M 3 0
S 0 0 True
M 3 0 True
Player 1 played : S 2 2 M 3 7 RS 5 6 RE 1 2 X 1 5
S 2 2 True
M 3 7 True
RS 5 6 True
RE 1 2 True
X 1 5 True
Time remaining is: 94s
You played : S 3 0 M 4 23 RS 1 3 RE 3 0 X 4 21
S 3 0 True
M 4 23 True
RS 1 3 True
RE 3 0 True
X 4 21 True
Player 1 played : S 2 6 M 2 8
S 2 6 True
M 2 8 True
Time remaining is: 91s
You played : S 4 23 M 4 13
S 4 23 True
M 4 13 True
Player 1 played : S 3 7 M 1 3
S 3 7 True
M 1 3 True
Time remaining is: 90s
You played : S 5 11 M 4 9
S 5 11 True
M 4 9 True
Player 1 played : S 2 8 M 2 9
S 2 8 True
M 2 9 True
Time remaining is: 90s
You played : S 3 2 M 2 3
S 3 2 True
M 2 3 True
Player 1 played : S 3 6 M 3 8
S 3 6 True
M 3 8 True
Time remaining is: 89s
You played : S 2 3 M 4 5
S 2 3 True
M 4 5 True
Player 1 played : S 1 3 M 3 4
S 1 3 True
M 3 4 True
Time remaining is: 88s
You played : S 4 5 M 3 0 RS 5 11 RE 4 5 X 4 9
S 4 5 True
M 3 0 True
RS 5 11 True
RE 4 5 True
X 4 9 True
Player 1 played : S 3 8 M 3 13
S 3 8 True
M 3 13 True
Time remaining is: 87s
You played : S 4 14 M 4 6
S 4 14 True
M 4 6 True
Player 1 played : S 2 9 M 4 9
S 2 9 True
M 4 9 True
Time remaining is: 87s
You played : S 3 0 M 3 3
S 3 0 True
M 3 3 True
Player 1 played : S 3 4 M 4 5
S 3 4 True
M 4 5 True
Time remaining is: 86s
You played : S 3 3 M 4 3 RS 4 23 RE 3 3 X 4 3
S 3 3 True
M 4 3 True
RS 4 23 True
RE 3 3 True
X 4 3 True
YOU WIN!
Your Score : 9.008
Opponent's Score : 1.014
