***********************************

-> You are player 2
-> You are alloted a time of 120s

***********************************

Player 1 played : P 0 0
P 0 0 True
Time remaining is: 120s
You played : P 2 1
P 2 1 True
Player 1 played : P 3 16
P 3 16 True
Time remaining is: 120s
You played : P 2 3
P 2 3 True
Player 1 played : P 1 0
P 1 0 True
Time remaining is: 120s
You played : P 1 3
P 1 3 True
Player 1 played : P 4 3
P 4 3 True
Time remaining is: 120s
You played : P 1 1
P 1 1 True
Player 1 played : P 4 4
P 4 4 True
Time remaining is: 120s
You played : P 1 4
P 1 4 True
Player 1 played : S 1 0 M 2 0
S 1 0 True
M 2 0 True
Time remaining is: 120s
You played : S 2 1 M 1 5
S 2 1 True
M 1 5 True
Player 1 played : S 2 0 M 2 2
S 2 0 True
M 2 2 True
Time remaining is: 120s
You played : S 1 1 M 3 1
S 1 1 True
M 3 1 True
Player 1 played : S 0 0 M 3 0
S 0 0 True
M 3 0 True
Time remaining is: 120s
You played : S 1 5 M 1 2
S 1 5 True
M 1 2 True
Player 1 played : S 3 16 M 4 22
S 3 16 True
M 4 22 True
Time remaining is: 120s
You played : S 2 3 M 2 4
S 2 3 True
M 2 4 True
Player 1 played : S 4 22 M 5 28
S 4 22 True
M 5 28 True
Time remaining is: 120s
You played : S 1 3 M 2 6
S 1 3 True
M 2 6 True
Player 1 played : S 2 2 M 3 17
S 2 2 True
M 3 17 True
Time remaining is: 120s
You played : S 3 1 M 2 11
S 3 1 True
M 2 11 True
Player 1 played : S 3 17 M 3 4
S 3 17 True
M 3 4 True
Time remaining is: 120s
You played : S 2 11 M 4 23
S 2 11 True
M 4 23 True
Player 1 played : S 3 4 M 3 3
S 3 4 True
M 3 3 True
Time remaining is: 120s
You played : S 4 23 M 4 21
S 4 23 True
M 4 21 True
Player 1 played : S 3 0 M 4 0
S 3 0 True
M 4 0 True
Time remaining is: 120s
You played : S 1 4 M 2 9 RS 1 4 RE 4 23 X 2 6
S 1 4 True
M 2 9 True
RS 1 4 True
RE 4 23 True
X 2 6 True
Player 1 played : S 3 3 M 1 4
S 3 3 True
M 1 4 True
Time remaining is: 120s
You played : S 1 2 M 1 5
S 1 2 True
M 1 5 True
Player 1 played : S 1 4 M 2 7
S 1 4 True
M 2 7 True
Time remaining is: 120s
You played : S 4 21 M 2 11
S 4 21 True
M 2 11 True
Player 1 played : S 4 0 M 2 6 RS 1 4 RE 3 3 X 5 28
S 4 0 True
M 2 6 True
RS 1 4 True
RE 3 3 True
X 5 28 True
Time remaining is: 120s
You played : S 2 9 M 2 5
S 2 9 True
M 2 5 True
Player 1 played : S 2 7 M 3 13
S 2 7 True
M 3 13 True
Time remaining is: 120s
You played : S 1 5 M 3 10
S 1 5 True
M 3 10 True
Player 1 played : S 3 13 M 3 2 RS 3 13 RE 2 1 X 2 6
S 3 13 True
M 3 2 True
RS 3 13 True
RE 2 1 True
X 2 6 True
Time remaining is: 120s
You played : S 3 10 M 3 11
S 3 10 True
M 3 11 True
Player 1 played : S 3 2 M 4 23
S 3 2 True
M 4 23 True
Time remaining is: 120s
You played : S 3 11 M 4 14 RS 3 11 RE 2 3 X 2 4
S 3 11 True
M 4 14 True
RS 3 11 True
RE 2 3 True
X 2 4 True
Player 1 played : S 4 23 M 5 28
S 4 23 True
M 5 28 True
Time remaining is: 120s
You played : S 2 11 M 5 29
S 2 11 True
M 5 29 True
Player 1 played : S 5 28 M 2 10
S 5 28 True
M 2 10 True
Time remaining is: 120s
You played : S 2 5 M 4 1
S 2 5 True
M 4 1 True
Player 1 played : S 2 10 M 2 9
S 2 10 True
M 2 9 True
Time remaining is: 120s
You played : S 5 29 M 5 27
S 5 29 True
M 5 27 True
Player 1 played : S 2 9 M 2 8
S 2 9 True
M 2 8 True
Time remaining is: 120s
You played : S 4 1 M 3 17
S 4 1 True
M 3 17 True
Player 1 played : S 2 8 M 3 11 RS 2 8 RE 4 22 X 3 11
S 2 8 True
M 3 11 True
RS 2 8 True
RE 4 22 True
X 3 11 True
OTHER PLAYER WINS!
Your Score : 2.011
Opponent's Score : 8.003
