120
***********************************

-> You are player 2
-> You are alloted a time of 120s

***********************************

Player 1 played : P 2 4
P 2 4 True
Time remaining is: 120s
You played : P 0 0
P 0 0 True
Player 1 played : P 2 11
P 2 11 True
Time remaining is: 120s
You played : P 5 21
P 5 21 True
Player 1 played : P 3 15
P 3 15 True
Time remaining is: 120s
You played : P 4 16
P 4 16 True
Player 1 played : P 1 1
P 1 1 True
Time remaining is: 120s
You played : P 2 3
P 2 3 True
Player 1 played : P 1 5
P 1 5 True
Time remaining is: 120s
You played : P 4 20
P 4 20 True
Player 1 played : S 3 15 M 2 10
S 3 15 True
M 2 10 True
Time remaining is: 120s
You played : S 5 21 M 5 22
S 5 21 True
M 5 22 True
Player 1 played : S 2 10 M 3 16
S 2 10 True
M 3 16 True
Time remaining is: 120s
You played : S 5 22 M 5 23
S 5 22 True
M 5 23 True
Player 1 played : S 1 5 M 1 0
S 1 5 True
M 1 0 True
Time remaining is: 119s
You played : S 5 23 M 5 24
S 5 23 True
M 5 24 True
Player 1 played : S 3 16 M 4 19
S 3 16 True
M 4 19 True
Time remaining is: 119s
You played : S 4 20 M 4 22
S 4 20 True
M 4 22 True
Player 1 played : S 2 11 M 4 21
S 2 11 True
M 4 21 True
Time remaining is: 118s
You played : S 4 16 M 1 4
S 4 16 True
M 1 4 True
Player 1 played : S 1 0 M 2 9
S 1 0 True
M 2 9 True
Time remaining is: 118s
You played : S 0 0 M 2 0
S 0 0 True
M 2 0 True
Player 1 played : S 4 21 M 3 14
S 4 21 True
M 3 14 True
Time remaining is: 117s
You played : S 2 0 M 2 1
S 2 0 True
M 2 1 True
Player 1 played : S 3 14 M 3 13
S 3 14 True
M 3 13 True
Time remaining is: 115s
You played : S 4 22 M 4 0
S 4 22 True
M 4 0 True
Player 1 played : S 1 1 M 5 26
S 1 1 True
M 5 26 True
Time remaining is: 112s
You played : S 4 0 M 4 23
S 4 0 True
M 4 23 True
Player 1 played : S 3 13 M 5 27
S 3 13 True
M 5 27 True
Time remaining is: 109s
You played : S 4 23 M 3 17
S 4 23 True
M 3 17 True
Player 1 played : S 4 19 M 4 18
S 4 19 True
M 4 18 True
Time remaining is: 108s
You played : S 2 1 M 1 2
S 2 1 True
M 1 2 True
Player 1 played : S 2 9 M 3 2
S 2 9 True
M 3 2 True
Time remaining is: 106s
You played : S 2 3 M 3 5
S 2 3 True
M 3 5 True
Player 1 played : S 2 4 M 2 2
S 2 4 True
M 2 2 True
Time remaining is: 103s
You played : S 1 2 M 3 4
S 1 2 True
M 3 4 True
Player 1 played : S 4 18 M 3 1
S 4 18 True
M 3 1 True
Time remaining is: 102s
You played : S 1 4 M 2 5
S 1 4 True
M 2 5 True
Player 1 played : S 5 27 M 5 29
S 5 27 True
M 5 29 True
Time remaining is: 100s
You played : S 3 17 M 2 7 RS 3 15 RE 1 2 X 2 5
S 3 17 True
M 2 7 True
RS 3 15 True
RE 1 2 True
X 2 5 True
Player 1 played : S 5 29 M 1 5
S 5 29 True
M 1 5 True
Time remaining is: 94s
You played : S 5 24 M 1 3 RS 5 24 RE 1 4 X 2 7
S 5 24 True
M 1 3 True
RS 5 24 True
RE 1 4 True
X 2 7 True
Player 1 played : S 2 2 M 0 0
S 2 2 True
M 0 0 True
Time remaining is: 92s
You played : S 1 3 M 4 19
S 1 3 True
M 4 19 True
Player 1 played : S 3 1 M 3 0
S 3 1 True
M 3 0 True
Time remaining is: 92s
You played : S 4 19 M 4 17
S 4 19 True
M 4 17 True
Player 1 played : S 1 5 M 2 9 RS 5 29 RE 1 5 X 0 0
S 1 5 True
M 2 9 True
RS 5 29 True
RE 1 5 True
X 0 0 True
Time remaining is: 91s
You played : S 4 17 M 3 12 RS 4 16 RE 4 20 X 3 4
S 4 17 True
M 3 12 True
RS 4 16 True
RE 4 20 True
X 3 4 True
YOU WIN!
Your Score : 9.008
Opponent's Score : 1.01
