71
Depth 2
Remaining Time 119.391994953
61
Depth 2
Remaining Time 118.720197916
59
Depth 2
Remaining Time 118.095620871
53
Depth 2
Remaining Time 117.549782753
56
Depth 2
Remaining Time 117.02297163
44
Depth 2
Remaining Time 116.514718771
43
Depth 2
Remaining Time 116.072677851
41
Depth 2
Remaining Time 115.772079945
45
Depth 2
Remaining Time 115.26206708
38
Depth 3
Remaining Time 112.72648716
26
Depth 3
Remaining Time 111.447048187
27
Depth 3
Remaining Time 109.524751186
30
Depth 3
Remaining Time 105.109457254
21
Depth 3
Remaining Time 101.728603125
22
Depth 3
Remaining Time 100.350427151
25
Depth 3
Remaining Time 98.7804710865
33
Depth 3
Remaining Time 92.4713661671
34
Depth 3
Remaining Time 90.6822271347
28
Depth 3
Remaining Time 84.8727691174
***********************************

-> You are player 1
-> You are alloted a time of 120s

***********************************

Time remaining is: 120s
You played : P 2 4
P 2 4 True
Player 2 played : P 0 0
P 0 0 True
Time remaining is: 120s
You played : P 2 11
P 2 11 True
Player 2 played : P 5 21
P 5 21 True
Time remaining is: 120s
You played : P 3 15
P 3 15 True
Player 2 played : P 4 16
P 4 16 True
Time remaining is: 120s
You played : P 1 1
P 1 1 True
Player 2 played : P 2 3
P 2 3 True
Time remaining is: 120s
You played : P 1 5
P 1 5 True
Player 2 played : P 4 20
P 4 20 True
Time remaining is: 120s
You played : S 3 15 M 2 10
S 3 15 True
M 2 10 True
Player 2 played : S 5 21 M 5 22
S 5 21 True
M 5 22 True
Time remaining is: 120s
You played : S 2 10 M 3 16
S 2 10 True
M 3 16 True
Player 2 played : S 5 22 M 5 23
S 5 22 True
M 5 23 True
Time remaining is: 119s
You played : S 1 5 M 1 0
S 1 5 True
M 1 0 True
Player 2 played : S 5 23 M 5 24
S 5 23 True
M 5 24 True
Time remaining is: 118s
You played : S 3 16 M 4 19
S 3 16 True
M 4 19 True
Player 2 played : S 4 20 M 4 22
S 4 20 True
M 4 22 True
Time remaining is: 118s
You played : S 2 11 M 4 21
S 2 11 True
M 4 21 True
Player 2 played : S 4 16 M 1 4
S 4 16 True
M 1 4 True
Time remaining is: 117s
You played : S 1 0 M 2 9
S 1 0 True
M 2 9 True
Player 2 played : S 0 0 M 2 0
S 0 0 True
M 2 0 True
Time remaining is: 117s
You played : S 4 21 M 3 14
S 4 21 True
M 3 14 True
Player 2 played : S 2 0 M 2 1
S 2 0 True
M 2 1 True
Time remaining is: 116s
You played : S 3 14 M 3 13
S 3 14 True
M 3 13 True
Player 2 played : S 4 22 M 4 0
S 4 22 True
M 4 0 True
Time remaining is: 116s
You played : S 1 1 M 5 26
S 1 1 True
M 5 26 True
Player 2 played : S 4 0 M 4 23
S 4 0 True
M 4 23 True
Time remaining is: 115s
You played : S 3 13 M 5 27
S 3 13 True
M 5 27 True
Player 2 played : S 4 23 M 3 17
S 4 23 True
M 3 17 True
Time remaining is: 113s
You played : S 4 19 M 4 18
S 4 19 True
M 4 18 True
Player 2 played : S 2 1 M 1 2
S 2 1 True
M 1 2 True
Time remaining is: 112s
You played : S 2 9 M 3 2
S 2 9 True
M 3 2 True
Player 2 played : S 2 3 M 3 5
S 2 3 True
M 3 5 True
Time remaining is: 110s
You played : S 2 4 M 2 2
S 2 4 True
M 2 2 True
Player 2 played : S 1 2 M 3 4
S 1 2 True
M 3 4 True
Time remaining is: 105s
You played : S 4 18 M 3 1
S 4 18 True
M 3 1 True
Player 2 played : S 1 4 M 2 5
S 1 4 True
M 2 5 True
Time remaining is: 102s
You played : S 5 27 M 5 29
S 5 27 True
M 5 29 True
Player 2 played : S 3 17 M 2 7 RS 3 15 RE 1 2 X 2 5
S 3 17 True
M 2 7 True
RS 3 15 True
RE 1 2 True
X 2 5 True
Time remaining is: 100s
You played : S 5 29 M 1 5
S 5 29 True
M 1 5 True
Player 2 played : S 5 24 M 1 3 RS 5 24 RE 1 4 X 2 7
S 5 24 True
M 1 3 True
RS 5 24 True
RE 1 4 True
X 2 7 True
Time remaining is: 99s
You played : S 2 2 M 0 0
S 2 2 True
M 0 0 True
Player 2 played : S 1 3 M 4 19
S 1 3 True
M 4 19 True
Time remaining is: 92s
You played : S 3 1 M 3 0
S 3 1 True
M 3 0 True
Player 2 played : S 4 19 M 4 17
S 4 19 True
M 4 17 True
Time remaining is: 91s
You played : S 1 5 M 2 9 RS 5 29 RE 1 5 X 0 0
S 1 5 True
M 2 9 True
RS 5 29 True
RE 1 5 True
X 0 0 True
Player 2 played : S 4 17 M 3 12 RS 4 16 RE 4 20 X 3 4
S 4 17 True
M 3 12 True
RS 4 16 True
RE 4 20 True
X 3 4 True
OTHER PLAYER WINS!
Your Score : 1.01
Opponent's Score : 9.008
