***********************************

-> You are player 1
-> You are alloted a time of 120s

***********************************

Time remaining is: 120s
You played : P 1 0
P 1 0 True
Player 2 played : P 0 0
P 0 0 True
Time remaining is: 120s
You played : P 1 1
P 1 1 True
Player 2 played : P 2 4
P 2 4 True
Time remaining is: 120s
You played : P 1 2
P 1 2 True
Player 2 played : P 1 5
P 1 5 True
Time remaining is: 120s
You played : P 1 3
P 1 3 True
Player 2 played : P 3 7
P 3 7 True
Time remaining is: 120s
You played : P 1 4
P 1 4 True
Player 2 played : P 2 5
P 2 5 True
Time remaining is: 120s
ERROR : THIS CLIENT RAN OUT OF TIME!
