***********************************

-> You are player 1
-> You are alloted a time of 120s

***********************************

Time remaining is: 120s
You played : P 3 11
P 3 11 True
Player 2 played : P 0 0
P 0 0 True
Time remaining is: 120s
You played : P 4 8
P 4 8 True
Player 2 played : P 1 2
P 1 2 True
Time remaining is: 120s
You played : P 4 17
P 4 17 True
Player 2 played : P 1 5
P 1 5 True
Time remaining is: 120s
You played : P 5 11
P 5 11 True
Player 2 played : P 1 0
P 1 0 True
Time remaining is: 120s
You played : P 4 4
P 4 4 True
Player 2 played : P 1 3
P 1 3 True
Time remaining is: 120s
You played : S 3 11 M 2 7
S 3 11 True
M 2 7 True
Player 2 played : S 1 5 M 2 11
S 1 5 True
M 2 11 True
Time remaining is: 117s
You played : S 2 7 M 2 6
S 2 7 True
M 2 6 True
Player 2 played : S 1 3 M 4 15
S 1 3 True
M 4 15 True
Time remaining is: 113s
ERROR : THIS CLIENT RAN OUT OF TIME!
