The5
WHY 

centre is 3
layer num 1		0  -1  -1  1  -1  -1  
layer num 2		-1  -1  -1  -1  0  -1  -1  -1  -1  -1  -1  -1  
layer num 3		1  -1  -1  -1  -1  -1  -1  -1  -1  -1  -1  -1  -1  -1  -1  -1  -1  -1  
layer num 4		-1  -1  -1  0  -1  -1  -1  -1  -1  -1  -1  -1  -1  -1  -1  1  -1  -1  -1  -1  -1  -1  -1  0  
layer num 5		-1  1  -1  -1  -1  -1  -1  -1  -1  -1  -1  0  -1  -1  -1  -1  -1  -1  -1  -1  -1  -1  1  -1  -1  -1  -1  -1  -1  -1  
my rings: 0
other rings: 1
Came here
5
2
WHY 

centre is 3
layer num 1		0  -1  -1  3  -1  -1  
layer num 2		-1  -1  -1  -1  0  -1  1  -1  -1  -1  -1  -1  
layer num 3		1  -1  -1  -1  -1  -1  -1  0  -1  -1  -1  -1  -1  -1  -1  -1  -1  -1  
layer num 4		-1  -1  -1  0  -1  -1  -1  -1  -1  -1  -1  -1  -1  -1  -1  1  -1  -1  -1  -1  -1  -1  -1  0  
layer num 5		-1  1  -1  -1  -1  -1  -1  -1  -1  -1  -1  2  -1  -1  -1  -1  -1  -1  -1  -1  -1  -1  1  -1  -1  -1  -1  -1  -1  -1  
my rings: 1
other rings: 2
Came here
5
4
WHY 

centre is 3
layer num 1		0  -1  0  3  -1  -1  
layer num 2		-1  -1  -1  -1  2  -1  3  -1  -1  -1  -1  -1  
layer num 3		1  -1  -1  -1  -1  -1  -1  0  -1  1  -1  -1  -1  -1  -1  -1  -1  -1  
layer num 4		-1  -1  -1  0  -1  -1  -1  -1  -1  -1  -1  -1  -1  -1  -1  1  -1  -1  -1  -1  -1  -1  -1  0  
layer num 5		-1  1  -1  -1  -1  -1  -1  -1  -1  -1  -1  2  -1  -1  -1  -1  -1  -1  -1  -1  -1  -1  1  -1  -1  -1  -1  -1  -1  -1  
my rings: 2
other rings: 3
Came here
5
6
WHY 

centre is 3
layer num 1		0  -1  0  3  -1  -1  
layer num 2		-1  -1  -1  -1  2  0  3  -1  -1  -1  -1  -1  
layer num 3		1  -1  -1  -1  -1  -1  -1  2  -1  3  -1  -1  -1  -1  -1  -1  -1  -1  
layer num 4		-1  -1  -1  0  -1  -1  -1  -1  -1  -1  -1  -1  1  -1  -1  1  -1  -1  -1  -1  -1  -1  -1  0  
layer num 5		-1  1  -1  -1  -1  -1  -1  -1  -1  -1  -1  2  -1  -1  -1  -1  -1  -1  -1  -1  -1  -1  1  -1  -1  -1  -1  -1  -1  -1  
my rings: 3
other rings: 4
Came here
5
8
WHY 

centre is 3
layer num 1		0  -1  2  2  -1  -1  
layer num 2		-1  -1  -1  -1  2  0  3  0  -1  -1  -1  -1  
layer num 3		1  -1  -1  -1  -1  -1  -1  2  -1  3  -1  -1  -1  -1  -1  -1  -1  -1  
layer num 4		-1  -1  -1  0  -1  -1  -1  -1  -1  -1  -1  1  3  -1  -1  1  -1  -1  -1  -1  -1  -1  -1  0  
layer num 5		-1  1  -1  -1  -1  -1  -1  -1  -1  -1  -1  2  -1  -1  -1  -1  -1  -1  -1  -1  -1  -1  1  -1  -1  -1  -1  -1  -1  -1  
my rings: 5
other rings: 4
Came here
5
10
WHY 

centre is 3
layer num 1		2  -1  2  2  -1  -1  
layer num 2		-1  -1  -1  0  2  0  3  0  -1  -1  -1  -1  
layer num 3		1  -1  -1  -1  -1  -1  -1  2  1  3  -1  -1  -1  -1  -1  -1  -1  -1  
layer num 4		-1  -1  -1  0  -1  -1  -1  -1  -1  -1  -1  3  3  -1  -1  1  -1  -1  -1  -1  -1  -1  -1  0  
layer num 5		-1  1  -1  -1  -1  -1  -1  -1  -1  -1  -1  2  -1  -1  -1  -1  -1  -1  -1  -1  -1  -1  1  -1  -1  -1  -1  -1  -1  -1  
my rings: 6
other rings: 5
Came here
5
12
WHY 

centre is 3
layer num 1		2  -1  2  2  -1  -1  
layer num 2		-1  -1  -1  2  2  0  3  0  -1  -1  -1  -1  
layer num 3		1  -1  -1  -1  0  -1  -1  2  3  3  -1  -1  -1  -1  -1  -1  -1  -1  
layer num 4		-1  -1  -1  0  -1  -1  -1  -1  -1  -1  1  3  3  -1  -1  1  -1  -1  -1  -1  -1  -1  -1  0  
layer num 5		-1  1  -1  -1  -1  -1  -1  -1  -1  -1  -1  2  -1  -1  -1  -1  -1  -1  -1  -1  -1  -1  1  -1  -1  -1  -1  -1  -1  -1  
my rings: 7
other rings: 6
Came here
5
14
WHY 

centre is 3
layer num 1		2  -1  2  2  -1  -1  
layer num 2		-1  -1  0  2  2  0  3  0  -1  -1  -1  -1  
layer num 3		1  -1  -1  -1  2  -1  -1  2  3  3  -1  -1  -1  -1  -1  -1  -1  -1  
layer num 4		-1  -1  -1  0  -1  -1  -1  -1  -1  -1  1  3  3  -1  -1  1  -1  -1  -1  -1  -1  -1  -1  0  
layer num 5		-1  1  -1  -1  -1  -1  -1  -1  -1  -1  -1  2  -1  -1  -1  -1  -1  -1  -1  -1  -1  -1  3  1  -1  -1  -1  -1  -1  -1  
my rings: 8
other rings: 7
Came here
5
16
WHY 

centre is 3
layer num 1		2  -1  2  2  -1  -1  
layer num 2		-1  -1  0  2  2  2  3  0  -1  -1  -1  -1  
layer num 3		1  -1  -1  -1  2  -1  -1  2  2  3  -1  -1  -1  -1  -1  -1  -1  -1  
layer num 4		-1  -1  -1  0  -1  -1  -1  -1  -1  -1  3  3  2  -1  -1  1  -1  -1  -1  -1  -1  -1  -1  0  
layer num 5		-1  1  -1  -1  -1  -1  -1  -1  -1  -1  -1  2  -1  -1  0  -1  1  -1  -1  -1  -1  -1  3  1  -1  -1  -1  -1  -1  -1  
my rings: 11
other rings: 6
Came here
5
18
WHY 

centre is 3
layer num 1		2  -1  -1  -1  -1  -1  
layer num 2		-1  -1  0  -1  2  2  3  -1  -1  -1  -1  -1  
layer num 3		1  -1  -1  -1  -1  -1  -1  2  2  3  -1  0  -1  -1  -1  -1  -1  -1  
layer num 4		-1  -1  -1  0  -1  -1  -1  -1  -1  -1  3  3  2  -1  -1  1  -1  -1  -1  -1  -1  -1  -1  -1  
layer num 5		-1  1  -1  -1  -1  -1  -1  -1  -1  -1  -1  2  -1  -1  0  -1  1  -1  -1  -1  -1  -1  3  3  1  -1  -1  -1  -1  -1  
my rings: 7
other rings: 7
Came here
6
21
WHY 

centre is 3
layer num 1		2  -1  -1  -1  -1  -1  
layer num 2		-1  -1  0  -1  2  2  3  -1  -1  -1  -1  -1  
layer num 3		1  -1  -1  -1  -1  -1  -1  2  2  3  -1  0  -1  -1  -1  -1  -1  -1  
layer num 4		-1  -1  -1  2  -1  -1  -1  -1  -1  0  3  3  2  -1  -1  1  -1  -1  -1  -1  1  -1  -1  -1  
layer num 5		-1  1  -1  -1  -1  -1  -1  -1  -1  -1  -1  2  -1  -1  0  -1  1  -1  -1  -1  -1  -1  3  3  3  -1  -1  -1  -1  -1  
my rings: 8
other rings: 8
Came here
6
24
WHY 

centre is 3
layer num 1		2  -1  -1  0  -1  -1  
layer num 2		-1  -1  0  -1  2  2  3  1  -1  -1  -1  -1  
layer num 3		1  -1  -1  -1  -1  -1  -1  2  2  3  -1  3  -1  -1  -1  -1  -1  -1  
layer num 4		-1  -1  -1  2  -1  -1  -1  -1  -1  0  3  3  2  -1  -1  3  -1  -1  -1  -1  1  -1  -1  -1  
layer num 5		-1  1  -1  -1  -1  -1  -1  -1  -1  -1  -1  2  -1  -1  0  -1  1  -1  -1  -1  -1  -1  3  3  3  -1  -1  -1  -1  -1  
my rings: 8
other rings: 10
Came here
5
26
WHY 

centre is 3
layer num 1		2  -1  0  2  1  -1  
layer num 2		-1  -1  0  -1  2  2  3  3  -1  -1  -1  -1  
layer num 3		1  -1  -1  -1  -1  -1  -1  2  2  3  -1  3  -1  -1  -1  -1  -1  -1  
layer num 4		-1  -1  -1  2  -1  -1  -1  -1  -1  0  3  3  2  -1  -1  3  -1  -1  -1  -1  1  -1  -1  -1  
layer num 5		-1  1  -1  -1  -1  -1  -1  -1  -1  -1  -1  2  -1  -1  0  -1  1  -1  -1  -1  -1  -1  3  3  3  -1  -1  -1  -1  -1  
my rings: 9
other rings: 11
Came here
5
28
WHY 

centre is 3
layer num 1		2  -1  0  -1  3  -1  
layer num 2		-1  -1  -1  -1  2  -1  3  2  -1  -1  -1  -1  
layer num 3		1  -1  -1  -1  -1  -1  -1  -1  2  3  1  3  -1  -1  -1  -1  -1  -1  
layer num 4		-1  -1  -1  2  -1  -1  -1  -1  -1  -1  3  3  2  -1  -1  3  -1  -1  -1  -1  1  -1  -1  -1  
layer num 5		-1  1  -1  -1  -1  -1  -1  -1  -1  -1  -1  -1  0  -1  0  -1  1  -1  -1  -1  -1  -1  3  3  3  -1  -1  -1  -1  -1  
my rings: 6
other rings: 11
Came here
5
30
WHY 

centre is 3
layer num 1		2  -1  0  -1  3  -1  
layer num 2		-1  -1  -1  -1  2  -1  3  2  -1  -1  -1  -1  
layer num 3		1  -1  -1  -1  -1  -1  -1  -1  2  3  1  3  -1  -1  -1  -1  -1  -1  
layer num 4		-1  -1  -1  2  -1  -1  -1  -1  -1  -1  3  3  2  -1  -1  3  -1  -1  -1  -1  3  -1  -1  -1  
layer num 5		-1  1  -1  -1  -1  -1  -1  -1  -1  -1  -1  -1  0  0  2  -1  1  -1  -1  -1  -1  -1  3  3  3  -1  1  -1  -1  -1  
my rings: 7
other rings: 12
Came here
6
33
WHY 

centre is 3
layer num 1		3  1  0  -1  3  -1  
layer num 2		-1  -1  -1  -1  2  -1  3  2  -1  -1  -1  -1  
layer num 3		1  -1  -1  -1  -1  -1  0  -1  2  3  1  3  -1  -1  -1  -1  -1  -1  
layer num 4		-1  -1  -1  2  -1  -1  -1  -1  -1  -1  3  3  2  -1  -1  3  -1  -1  -1  -1  3  -1  -1  -1  
layer num 5		-1  1  -1  -1  -1  -1  -1  -1  -1  -1  -1  -1  2  0  2  -1  1  -1  -1  -1  -1  -1  3  3  3  -1  3  -1  -1  -1  
my rings: 7
other rings: 14
Came here
5
35
WHY 

centre is 3
layer num 1		3  3  3  0  3  -1  
layer num 2		-1  -1  -1  -1  2  1  3  2  -1  -1  -1  -1  
layer num 3		1  -1  -1  -1  -1  -1  0  -1  2  3  1  3  -1  -1  -1  -1  -1  -1  
layer num 4		-1  -1  -1  2  -1  -1  -1  -1  -1  -1  3  3  2  -1  -1  3  -1  -1  -1  -1  3  -1  -1  -1  
layer num 5		-1  1  -1  -1  -1  -1  -1  -1  -1  -1  -1  -1  2  0  2  -1  1  -1  -1  -1  -1  -1  3  3  3  -1  3  -1  -1  -1  
my rings: 7
other rings: 16
Came here
6
38
WHY 

centre is 3
layer num 1		3  3  3  0  3  -1  
layer num 2		-1  -1  -1  -1  3  3  3  2  -1  -1  -1  -1  
layer num 3		1  -1  -1  0  -1  1  2  -1  2  3  1  3  -1  -1  -1  -1  -1  -1  
layer num 4		-1  -1  -1  2  -1  -1  -1  -1  -1  -1  3  3  2  -1  -1  3  -1  -1  -1  -1  3  -1  -1  -1  
layer num 5		-1  1  -1  -1  -1  -1  -1  -1  -1  -1  -1  -1  2  0  2  -1  1  -1  -1  -1  -1  -1  3  3  3  -1  3  -1  -1  -1  
my rings: 7
other rings: 18
Came here
6
41
WHY 

centre is 3
layer num 1		3  3  3  2  3  -1  
layer num 2		-1  -1  -1  -1  3  2  3  2  -1  -1  -1  -1  
layer num 3		1  -1  -1  0  -1  3  3  0  2  3  1  3  -1  -1  -1  -1  -1  -1  
layer num 4		-1  -1  -1  2  -1  -1  -1  -1  -1  1  3  3  2  -1  -1  3  -1  -1  -1  -1  3  -1  -1  -1  
layer num 5		-1  1  -1  -1  -1  -1  -1  -1  -1  -1  -1  -1  2  0  2  -1  1  -1  -1  -1  -1  -1  3  3  3  -1  3  -1  -1  -1  
my rings: 8
other rings: 19
Came here
6
44
WHY 

centre is 3
layer num 1		3  3  3  2  3  -1  
layer num 2		-1  -1  0  -1  3  2  3  2  -1  -1  -1  -1  
layer num 3		3  -1  -1  3  -1  3  3  0  2  3  1  3  -1  -1  -1  -1  -1  -1  
layer num 4		-1  -1  -1  2  -1  1  -1  -1  -1  1  3  3  2  -1  -1  3  -1  -1  -1  -1  3  -1  -1  -1  
layer num 5		-1  1  -1  -1  -1  -1  -1  -1  -1  -1  -1  -1  2  0  2  -1  1  -1  -1  -1  -1  -1  3  3  3  -1  3  -1  -1  -1  
my rings: 8
other rings: 21
Came here
8
49
WHY 

centre is 2
layer num 1		3  2  2  3  2  -1  
layer num 2		-1  -1  2  -1  3  2  3  3  0  -1  -1  -1  
layer num 3		3  -1  -1  3  -1  3  3  0  2  3  1  2  -1  -1  -1  -1  -1  -1  
layer num 4		-1  -1  -1  2  -1  3  -1  -1  -1  1  3  3  2  -1  -1  2  -1  -1  -1  -1  3  -1  -1  -1  
layer num 5		-1  1  -1  -1  -1  -1  -1  -1  -1  -1  -1  -1  2  0  2  -1  1  -1  -1  1  -1  -1  3  3  3  -1  3  -1  -1  -1  
my rings: 13
other rings: 18
Came here
8
54
***********************************

-> You are player 2
-> You are alloted a time of 120s

***********************************

Player 1 played : P 0 0
P 0 0 True
Time remaining is: 120s
You played : P 4 3
P 4 3 True
Player 1 played : P 5 22
P 5 22 True
Time remaining is: 120s
You played : P 1 0
P 1 0 True
Player 1 played : P 5 1
P 5 1 True
Time remaining is: 120s
You played : P 2 4
P 2 4 True
Player 1 played : P 4 15
P 4 15 True
Time remaining is: 120s
You played : P 5 11
P 5 11 True
Player 1 played : P 3 0
P 3 0 True
Time remaining is: 120s
You played : P 4 23
P 4 23 True
Player 1 played : S 0 0 M 1 3
S 0 0 True
M 1 3 True
Time remaining is: 120s
You played : S 5 11 M 3 7
S 5 11 True
M 3 7 True
Player 1 played : S 1 3 M 2 6
S 1 3 True
M 2 6 True
Time remaining is: 120s
You played : S 2 4 M 1 2
S 2 4 True
M 1 2 True
Player 1 played : S 2 6 M 3 9
S 2 6 True
M 3 9 True
Time remaining is: 119s
You played : S 3 7 M 2 5
S 3 7 True
M 2 5 True
Player 1 played : S 3 9 M 4 12
S 3 9 True
M 4 12 True
Time remaining is: 119s
You played : S 1 2 M 2 7
S 1 2 True
M 2 7 True
Player 1 played : S 4 12 M 4 11
S 4 12 True
M 4 11 True
Time remaining is: 118s
You played : S 1 0 M 2 3
S 1 0 True
M 2 3 True
Player 1 played : S 4 11 M 3 8
S 4 11 True
M 3 8 True
Time remaining is: 118s
You played : S 2 3 M 3 4
S 2 3 True
M 3 4 True
Player 1 played : S 3 8 M 4 10
S 3 8 True
M 4 10 True
Time remaining is: 117s
You played : S 3 4 M 2 2
S 3 4 True
M 2 2 True
Player 1 played : S 5 22 M 5 23
S 5 22 True
M 5 23 True
Time remaining is: 117s
You played : S 2 5 M 5 14
S 2 5 True
M 5 14 True
Player 1 played : S 4 10 M 5 16
S 4 10 True
M 5 16 True
Time remaining is: 116s
You played : S 2 7 M 3 11 RS 2 7 RE 3 4 X 4 23
S 2 7 True
M 3 11 True
RS 2 7 True
RE 3 4 True
X 4 23 True
Player 1 played : S 5 23 M 5 24
S 5 23 True
M 5 24 True
Time remaining is: 116s
You played : S 4 3 M 4 9
S 4 3 True
M 4 9 True
Player 1 played : S 5 24 M 4 20
S 5 24 True
M 4 20 True
Time remaining is: 113s
You played : S 3 11 M 1 3
S 3 11 True
M 1 3 True
Player 1 played : S 4 15 M 2 7
S 4 15 True
M 2 7 True
Time remaining is: 110s
You played : S 1 3 M 1 2
S 1 3 True
M 1 2 True
Player 1 played : S 2 7 M 1 4
S 2 7 True
M 1 4 True
Time remaining is: 110s
You played : S 4 9 M 5 12 RS 1 3 RE 5 11 X 2 2
S 4 9 True
M 5 12 True
RS 1 3 True
RE 5 11 True
X 2 2 True
Player 1 played : S 1 4 M 3 10
S 1 4 True
M 3 10 True
Time remaining is: 110s
You played : S 5 14 M 5 13
S 5 14 True
M 5 13 True
Player 1 played : S 4 20 M 5 26
S 4 20 True
M 5 26 True
Time remaining is: 109s
You played : S 5 12 M 3 6
S 5 12 True
M 3 6 True
Player 1 played : S 5 26 M 1 1
S 5 26 True
M 1 1 True
Time remaining is: 109s
You played : S 1 2 M 1 3
S 1 2 True
M 1 3 True
Player 1 played : S 1 1 M 2 5
S 1 1 True
M 2 5 True
Time remaining is: 108s
You played : S 3 6 M 3 3
S 3 6 True
M 3 3 True
Player 1 played : S 2 5 M 3 5
S 2 5 True
M 3 5 True
Time remaining is: 108s
You played : S 1 3 M 3 7
S 1 3 True
M 3 7 True
Player 1 played : S 3 5 M 4 9
S 3 5 True
M 4 9 True
Time remaining is: 107s
You played : S 3 3 M 2 2
S 3 3 True
M 2 2 True
Player 1 played : S 3 0 M 4 5
S 3 0 True
M 4 5 True
Time remaining is: 107s
You played : S 2 2 M 2 8
S 2 2 True
M 2 8 True
Player 1 played : S 4 5 M 5 19
S 4 5 True
M 5 19 True
Time remaining is: 104s
You played : S 2 8 M 3 13 RS 2 8 RE 2 2 X 3 13
S 2 8 True
M 3 13 True
RS 2 8 True
RE 2 2 True
X 3 13 True
YOU WIN!
Your Score : 10.009
Opponent's Score : 0.018
