***********************************

-> You are player 2
-> You are alloted a time of 120s

***********************************

Player 1 played : P 0 0
P 0 0 True
Time remaining is: 120s
You played : P 2 3
P 2 3 True
Player 1 played : P 1 0
P 1 0 True
Time remaining is: 120s
You played : P 2 1
P 2 1 True
Player 1 played : P 1 3
P 1 3 True
Time remaining is: 120s
You played : P 1 1
P 1 1 True
Player 1 played : P 1 5
P 1 5 True
Time remaining is: 120s
You played : P 2 11
P 2 11 True
Player 1 played : P 1 2
P 1 2 True
Time remaining is: 120s
You played : P 2 5
P 2 5 True
Player 1 played : S 0 0 M 1 4
S 0 0 True
M 1 4 True
Time remaining is: 120s
You played : S 2 5 M 2 4
S 2 5 True
M 2 4 True
Player 1 played : S 1 3 M 3 7
S 1 3 True
M 3 7 True
Time remaining is: 116s
You played : S 2 4 M 2 6
S 2 4 True
M 2 6 True
Player 1 played : S 1 0 M 2 0
S 1 0 True
M 2 0 True
Time remaining is: 113s
You played : S 2 6 M 3 10
S 2 6 True
M 3 10 True
Player 1 played : S 1 5 M 2 9
S 1 5 True
M 2 9 True
Time remaining is: 110s
You played : S 3 10 M 4 14
S 3 10 True
M 4 14 True
Player 1 played : S 1 2 M 3 8
S 1 2 True
M 3 8 True
Time remaining is: 106s
You played : S 2 3 M 2 7
S 2 3 True
M 2 7 True
