***********************************

-> You are player 1
-> You are alloted a time of 120s

***********************************

Time remaining is: 120s
You played : P 0 0
P 0 0 True
Player 2 played : P 2 0
P 2 0 True
Time remaining is: 120s
You played : P 1 1
P 1 1 True
Player 2 played : P 1 4
P 1 4 True
Time remaining is: 120s
You played : P 2 10
P 2 10 True
Player 2 played : P 2 3
P 2 3 True
Time remaining is: 120s
You played : P 2 4
P 2 4 True
Player 2 played : P 2 7
P 2 7 True
Time remaining is: 120s
You played : P 3 10
P 3 10 True
Player 2 played : P 1 3
P 1 3 True
Time remaining is: 120s
You played : S 1 1 M 1 0
S 1 1 True
M 1 0 True
Player 2 played : S 2 0 M 3 0
S 2 0 True
M 3 0 True
Time remaining is: 116s
You played : S 1 0 M 3 2
S 1 0 True
M 3 2 True
Player 2 played : S 2 3 M 2 11
S 2 3 True
M 2 11 True
Time remaining is: 113s
You played : S 2 10 M 3 16
S 2 10 True
M 3 16 True
Player 2 played : S 2 11 M 3 14
S 2 11 True
M 3 14 True
Time remaining is: 109s
You played : S 3 16 M 3 5 RS 3 16 RE 2 3 X 3 5
S 3 16 True
M 3 5 True
RS 3 16 True
RE 2 3 True
X 3 5 True
Player 2 played : S 1 4 M 1 5
S 1 4 True
M 1 5 True
Time remaining is: 107s
You played : S 2 4 M 2 5
S 2 4 True
M 2 5 True
Player 2 played : S 2 7 M 2 6
S 2 7 True
M 2 6 True
Time remaining is: 103s
You played : S 3 2 M 3 1
S 3 2 True
M 3 1 True
Player 2 played : S 1 5 M 4 3
S 1 5 True
M 4 3 True
Time remaining is: 99s
You played : S 3 10 M 2 11
S 3 10 True
M 2 11 True
Player 2 played : S 1 3 M 2 9
S 1 3 True
M 2 9 True
Time remaining is: 96s
You played : S 0 0 M 2 8
S 0 0 True
M 2 8 True
Player 2 played : S 2 6 M 4 14
S 2 6 True
M 4 14 True
Time remaining is: 90s
You played : S 2 11 M 1 0
S 2 11 True
M 1 0 True
Player 2 played : S 3 0 M 4 0
S 3 0 True
M 4 0 True
Time remaining is: 89s
You played : S 2 8 M 3 11
S 2 8 True
M 3 11 True
Player 2 played : S 3 14 M 3 13
S 3 14 True
M 3 13 True
Time remaining is: 88s
You played : S 3 11 M 3 9 RS 3 10 RE 2 11 X 1 0
S 3 11 True
M 3 9 True
RS 3 10 True
RE 2 11 True
X 1 0 True
Player 2 played : S 3 13 M 2 7
S 3 13 True
M 2 7 True
Time remaining is: 87s
You played : S 3 9 M 5 17
S 3 9 True
M 5 17 True
Player 2 played : S 2 7 M 4 15
S 2 7 True
M 4 15 True
Time remaining is: 83s
You played : S 3 1 M 2 11
S 3 1 True
M 2 11 True
Player 2 played : S 4 3 M 3 3
S 4 3 True
M 3 3 True
Time remaining is: 81s
You played : S 2 5 M 1 4
S 2 5 True
M 1 4 True
Player 2 played : S 4 14 M 3 5
S 4 14 True
M 3 5 True
Time remaining is: 80s
You played : S 2 11 M 4 18 RS 3 14 RE 3 1 X 4 18
S 2 11 True
M 4 18 True
RS 3 14 True
RE 3 1 True
X 4 18 True
YOU WIN!
Your Score : 10.004
Opponent's Score : 0.01
