***********************************

-> You are player 2
-> You are alloted a time of 120s

***********************************

Player 1 played : P 0 0
P 0 0 True
Time remaining is: 120s
You played : P 3 7
P 3 7 True
Player 1 played : P 1 0
P 1 0 True
Time remaining is: 118s
You played : P 3 3
P 3 3 True
Player 1 played : P 1 1
P 1 1 True
Time remaining is: 118s
You played : P 4 19
P 4 19 True
Player 1 played : P 1 2
P 1 2 True
Time remaining is: 118s
You played : P 3 2
P 3 2 True
Player 1 played : P 1 3
P 1 3 True
Time remaining is: 118s
You played : P 3 5
P 3 5 True
Player 1 played : S 0 0 M 1 5
S 0 0 True
M 1 5 True
Time remaining is: 118s
You played : S 3 2 M 4 2
S 3 2 True
M 4 2 True
Player 1 played : S 1 5 M 2 10
S 1 5 True
M 2 10 True
Time remaining is: 114s
You played : S 4 2 M 5 2
S 4 2 True
M 5 2 True
Player 1 played : S 1 2 M 2 4
S 1 2 True
M 2 4 True
Time remaining is: 110s
You played : S 5 2 M 4 1
S 5 2 True
M 4 1 True
Player 1 played : S 2 10 M 5 3
S 2 10 True
M 5 3 True
Time remaining is: 106s
You played : S 4 1 M 4 3
S 4 1 True
M 4 3 True
Player 1 played : S 2 4 M 3 6 RS 2 4 RE 2 10 X 1 3
S 2 4 True
M 3 6 True
RS 2 4 True
RE 2 10 True
X 1 3 True
Time remaining is: 103s
You played : S 4 3 M 4 4
S 4 3 True
M 4 4 True
Player 1 played : S 1 0 M 5 4
S 1 0 True
M 5 4 True
Time remaining is: 100s
You played : S 3 3 M 3 1
S 3 3 True
M 3 1 True
Player 1 played : S 5 3 M 5 1
S 5 3 True
M 5 1 True
Time remaining is: 96s
You played : S 3 1 M 3 0
S 3 1 True
M 3 0 True
Player 1 played : S 5 1 M 2 1
S 5 1 True
M 2 1 True
Time remaining is: 93s
You played : S 4 4 M 2 2
S 4 4 True
M 2 2 True
Player 1 played : S 5 4 M 4 5
S 5 4 True
M 4 5 True
Time remaining is: 89s
You played : S 2 2 M 2 3
S 2 2 True
M 2 3 True
Player 1 played : S 2 1 M 3 4
S 2 1 True
M 3 4 True
Time remaining is: 86s
You played : S 3 0 M 4 0
S 3 0 True
M 4 0 True
Player 1 played : S 1 1 M 2 11 RS 5 1 RE 1 1 X 2 11
S 1 1 True
M 2 11 True
RS 5 1 True
RE 1 1 True
X 2 11 True
Time remaining is: 82s
You played : S 4 0 M 5 6
S 4 0 True
M 5 6 True
Player 1 played : S 3 4 M 4 6
S 3 4 True
M 4 6 True
Time remaining is: 78s
You played : S 5 6 M 4 1
S 5 6 True
M 4 1 True
Player 1 played : S 4 5 M 5 7
S 4 5 True
M 5 7 True
Time remaining is: 75s
You played : S 4 1 M 3 17
S 4 1 True
M 3 17 True
Player 1 played : S 4 6 M 5 8
S 4 6 True
M 5 8 True
Time remaining is: 72s
You played : S 3 17 M 5 29
S 3 17 True
M 5 29 True
Player 1 played : S 5 8 M 4 7
S 5 8 True
M 4 7 True
Time remaining is: 68s
You played : S 5 29 M 2 11
S 5 29 True
M 2 11 True
Player 1 played : S 3 6 M 4 9
S 3 6 True
M 4 9 True
Time remaining is: 65s
You played : S 2 11 M 4 23
S 2 11 True
M 4 23 True
Player 1 played : S 4 7 M 5 9 RS 5 4 RE 4 7 X 4 9
S 4 7 True
M 5 9 True
RS 5 4 True
RE 4 7 True
X 4 9 True
OTHER PLAYER WINS!
Your Score : 0.009
Opponent's Score : 10.009
