***********************************

-> You are player 2
-> You are alloted a time of 120s

***********************************

Player 1 played : P 4 10
P 4 10 True
Time remaining is: 120s
You played : P 0 0
P 0 0 True
Player 1 played : P 5 27
P 5 27 True
Time remaining is: 120s
You played : P 2 1
P 2 1 True
Player 1 played : P 2 8
P 2 8 True
Time remaining is: 120s
You played : P 2 3
P 2 3 True
Player 1 played : P 1 1
P 1 1 True
Time remaining is: 120s
You played : P 2 5
P 2 5 True
Player 1 played : P 4 16
P 4 16 True
Time remaining is: 120s
You played : P 2 7
P 2 7 True
Player 1 played : S 2 8 M 3 13
S 2 8 True
M 3 13 True
Time remaining is: 120s
You played : S 0 0 M 1 4
S 0 0 True
M 1 4 True
Player 1 played : S 4 16 M 3 12
S 4 16 True
M 3 12 True
Time remaining is: 120s
You played : S 1 4 M 1 5
S 1 4 True
M 1 5 True
Player 1 played : S 3 12 M 3 11
S 3 12 True
M 3 11 True
Time remaining is: 120s
You played : S 1 5 M 2 9
S 1 5 True
M 2 9 True
Player 1 played : S 4 10 M 2 4
S 4 10 True
M 2 4 True
Time remaining is: 119s
You played : S 2 3 M 1 2
S 2 3 True
M 1 2 True
Player 1 played : S 3 11 M 4 15
S 3 11 True
M 4 15 True
Time remaining is: 119s
You played : S 2 5 M 4 11
S 2 5 True
M 4 11 True
Player 1 played : S 5 27 M 3 14
S 5 27 True
M 3 14 True
Time remaining is: 117s
You played : S 4 11 M 4 17
S 4 11 True
M 4 17 True
Player 1 played : S 4 15 M 4 12
S 4 15 True
M 4 12 True
Time remaining is: 116s
You played : S 2 7 M 3 10
S 2 7 True
M 3 10 True
Player 1 played : S 4 12 M 2 6
S 4 12 True
M 2 6 True
Time remaining is: 115s
You played : S 4 17 M 5 19
S 4 17 True
M 5 19 True
Player 1 played : S 2 6 M 1 0
S 2 6 True
M 1 0 True
Time remaining is: 113s
You played : S 5 19 M 5 18
S 5 19 True
M 5 18 True
Player 1 played : S 3 13 M 5 21
S 3 13 True
M 5 21 True
Time remaining is: 111s
You played : S 5 18 M 4 14
S 5 18 True
M 4 14 True
Player 1 played : S 2 4 M 3 7
S 2 4 True
M 3 7 True
Time remaining is: 109s
You played : S 3 10 M 4 13
S 3 10 True
M 4 13 True
Player 1 played : S 3 7 M 1 3
S 3 7 True
M 1 3 True
Time remaining is: 108s
You played : S 4 13 M 3 6 RS 4 13 RE 1 5 X 1 2
S 4 13 True
M 3 6 True
RS 4 13 True
RE 1 5 True
X 1 2 True
Player 1 played : S 1 0 M 1 5
S 1 0 True
M 1 5 True
Time remaining is: 78s
You played : S 4 14 M 3 5
S 4 14 True
M 3 5 True
Player 1 played : S 1 3 M 3 9
S 1 3 True
M 3 9 True
Time remaining is: 76s
You played : S 3 5 M 3 10
S 3 5 True
M 3 10 True
Player 1 played : S 1 1 M 4 7
S 1 1 True
M 4 7 True
Time remaining is: 59s
You played : S 2 1 M 1 2
S 2 1 True
M 1 2 True
Player 1 played : S 4 7 M 4 4
S 4 7 True
M 4 4 True
Time remaining is: 57s
You played : S 3 10 M 1 4
S 3 10 True
M 1 4 True
Player 1 played : S 3 9 M 5 22
S 3 9 True
M 5 22 True
Time remaining is: 41s
You played : S 1 2 M 3 8
S 1 2 True
M 3 8 True
Player 1 played : S 3 14 M 2 0
S 3 14 True
M 2 0 True
Time remaining is: 37s
You played : S 3 6 M 5 8
S 3 6 True
M 5 8 True
Player 1 played : S 2 0 M 2 2
S 2 0 True
M 2 2 True
Time remaining is: 30s
You played : S 3 8 M 4 13 RS 3 9 RE 4 7 X 2 9
S 3 8 True
M 4 13 True
RS 3 9 True
RE 4 7 True
X 2 9 True
Player 1 played : S 5 22 M 3 9
S 5 22 True
M 3 9 True
Time remaining is: 29s
You played : RS 5 18 RE 2 5 X 1 4
RS 5 18 True
RE 2 5 True
X 1 4 True
YOU WIN!
Your Score : 10.007
Opponent's Score : 0.017
