***********************************

-> You are player 1
-> You are alloted a time of 120s

***********************************

Time remaining is: 120s
You played : P 0 0
P 0 0 True
Player 2 played : P 1 0
P 1 0 True
Time remaining is: 120s
You played : P 4 13
P 4 13 True
Player 2 played : P 1 1
P 1 1 True
Time remaining is: 119s
You played : P 2 5
P 2 5 True
Player 2 played : P 1 2
P 1 2 True
Time remaining is: 117s
You played : P 3 11
P 3 11 True
Player 2 played : P 1 3
P 1 3 True
Time remaining is: 116s
You played : P 3 13
P 3 13 True
Player 2 played : P 1 4
P 1 4 True
Time remaining is: 107s
You played : S 3 13 M 5 23
S 3 13 True
M 5 23 True
Player 2 played : S 1 4 M 3 12
S 1 4 True
M 3 12 True
Time remaining is: 107s
You played : S 4 13 M 4 16
S 4 13 True
M 4 16 True
Player 2 played : S 3 12 M 4 15
S 3 12 True
M 4 15 True
Time remaining is: 106s
You played : S 3 11 M 3 10
S 3 11 True
M 3 10 True
Player 2 played : S 4 15 M 5 18
S 4 15 True
M 5 18 True
Time remaining is: 106s
You played : S 4 16 M 4 14
S 4 16 True
M 4 14 True
Player 2 played : S 1 3 M 2 7
S 1 3 True
M 2 7 True
Time remaining is: 106s
You played : S 4 14 M 2 8
S 4 14 True
M 2 8 True
Player 2 played : S 5 18 M 5 16
S 5 18 True
M 5 16 True
Time remaining is: 105s
You played : S 2 5 M 2 9
S 2 5 True
M 2 9 True
Player 2 played : S 5 16 M 5 9
S 5 16 True
M 5 9 True
Time remaining is: 105s
You played : S 2 9 M 1 5
S 2 9 True
M 1 5 True
Player 2 played : S 5 9 M 4 12
S 5 9 True
M 4 12 True
Time remaining is: 105s
You played : S 2 8 M 5 17
S 2 8 True
M 5 17 True
Player 2 played : S 4 12 M 4 9
S 4 12 True
M 4 9 True
Time remaining is: 105s
You played : S 3 10 M 4 17
S 3 10 True
M 4 17 True
Player 2 played : S 4 9 M 3 14
S 4 9 True
M 3 14 True
Time remaining is: 105s
You played : S 0 0 M 2 6
S 0 0 True
M 2 6 True
Player 2 played : S 3 14 M 5 22
S 3 14 True
M 5 22 True
Time remaining is: 104s
You played : S 5 23 M 4 19
S 5 23 True
M 4 19 True
Player 2 played : S 5 22 M 5 21
S 5 22 True
M 5 21 True
Time remaining is: 104s
You played : S 4 17 M 4 18
S 4 17 True
M 4 18 True
Player 2 played : S 5 21 M 5 14
S 5 21 True
M 5 14 True
Time remaining is: 104s
You played : S 4 19 M 3 7
S 4 19 True
M 3 7 True
Player 2 played : S 5 14 M 5 11
S 5 14 True
M 5 11 True
Time remaining is: 104s
You played : S 2 6 M 3 8
S 2 6 True
M 3 8 True
Player 2 played : S 5 11 M 5 13
S 5 11 True
M 5 13 True
Time remaining is: 104s
You played : S 4 18 M 5 19 RS 0 0 RE 4 16 X 5 17
S 4 18 True
M 5 19 True
RS 0 0 True
RE 4 16 True
X 5 17 True
Player 2 played : S 5 13 M 5 12
S 5 13 True
M 5 12 True
Time remaining is: 103s
You played : S 1 5 M 3 17
S 1 5 True
M 3 17 True
Player 2 played : S 1 1 M 3 12
S 1 1 True
M 3 12 True
Time remaining is: 103s
You played : S 5 19 M 5 17 RS 2 5 RE 5 18 X 5 17
S 5 19 True
M 5 17 True
RS 2 5 True
RE 5 18 True
X 5 17 True
Player 2 played : S 3 12 M 3 15
S 3 12 True
M 3 15 True
Time remaining is: 103s
You played : S 3 7 M 2 4
S 3 7 True
M 2 4 True
Player 2 played : S 3 15 M 4 20 RS 3 15 RE 4 15 X 5 12
S 3 15 True
M 4 20 True
RS 3 15 True
RE 4 15 True
X 5 12 True
Time remaining is: 103s
You played : S 3 17 M 1 4
S 3 17 True
M 1 4 True
Player 2 played : S 2 7 M 2 6
S 2 7 True
M 2 6 True
Time remaining is: 103s
You played : S 2 4 M 2 3
S 2 4 True
M 2 3 True
Player 2 played : S 1 2 M 3 6
S 1 2 True
M 3 6 True
Time remaining is: 102s
You played : S 1 4 M 2 11
S 1 4 True
M 2 11 True
Player 2 played : S 2 6 M 3 5
S 2 6 True
M 3 5 True
Time remaining is: 102s
You played : S 2 11 M 4 21
S 2 11 True
M 4 21 True
Player 2 played : S 3 5 M 2 5
S 3 5 True
M 2 5 True
Time remaining is: 101s
You played : S 2 3 M 4 15 RS 3 11 RE 2 3 X 4 21
S 2 3 True
M 4 15 True
RS 3 11 True
RE 2 3 True
X 4 21 True
YOU WIN!
Your Score : 9.011
Opponent's Score : 1.014
