line read
2 5 120 5
5 5 120
5 - 5  -- 5
move :: P 5 5
move :: P 5 4
move :: P 6 6
move :: P 5 6
move :: P 4 5
completing move
return move :: S 4 5 M 3 4  value:: 4
time is :3.51344move :: S 4 5 M 3 4
completing move
return move :: S 5 4 M 4 3  value:: 1
time is :5.90689move :: S 5 4 M 4 3
completing move
return move :: S 6 6 M 8 8  value:: -799
time is :14.3828move :: S 6 6 M 8 8
completing move
return move :: S 3 4 M 4 4  value:: -814
time is :25.4417move :: S 3 4 M 4 4
completing move
return move :: S 4 4 M 2 4  value:: -796
time is :30.0116move :: S 4 4 M 2 4
completing move
return move :: S 5 6 M 1 2  value:: -709
time is :31.6074move :: S 5 6 M 1 2
completing move
return move :: S 8 8 M 8 10  value:: -843
time is :33.3667move :: S 8 8 M 8 10
completing move
return move :: S 2 4 M 6 4  value:: -760
time is :35.5692move :: S 2 4 M 6 4
completing move
return move :: S 1 2 M 3 2  value:: -1847
time is :36.6737move :: S 1 2 M 3 2
completing move
return move :: S 6 4 M 0 4  value:: -802
time is :37.2328move :: S 6 4 M 0 4
completing move
return move :: S 5 5 M 3 5  value:: -441
time is :37.8505move :: S 5 5 M 3 5
completing move
return move :: S 3 2 M 2 1  value:: 768165
time is :38.5554move :: S 3 2 M 2 1
completing move
return move :: S 0 4 M 0 1  value:: -60617
time is :39.7764move :: S 0 4 M 0 1
completing move
return move :: S 8 10 M 8 7  value:: -61941
time is :40.7365move :: S 8 10 M 8 7
completing move
return move :: S 3 5 M 7 5  value:: -57749
time is :41.4763move :: S 3 5 M 7 5
completing move
return move :: S 7 5 M 7 9  value:: -115341
time is :42.1126move :: S 7 5 M 7 9
completing move
depth shift 6
return move :: S 7 9 M 4 9  value:: -5543
time is :44.8765move :: S 7 9 M 4 9
completing move
return move :: S 2 1 M 2 5  value:: 105891
time is :48.068move :: S 2 1 M 2 5
completing move
return move :: S 2 5 M 8 5  value:: -8145
time is :49.3945move :: S 2 5 M 8 5
completing move
return move :: S 4 3 M 6 3  value:: -3700826
time is :49.9833move :: S 4 3 M 6 3
completing move
return move :: S 8 7 M 7 6  value:: -10032985
time is :51.9964move :: S 8 7 M 7 6
completing move
return move :: S 0 1 M 8 9  value:: -10244650
time is :53.0579move :: S 0 1 M 8 9
return move :: RS 2 5 RE 6 5 X 4 9 S 8 9 M 4 5  value:: -10247640
move :: RS 2 5 RE 6 5 X 4 9 S 8 9 M 4 5
completing move
return move :: S 6 3 M 4 1  value:: -10355373
time is :58.4217move :: S 6 3 M 4 1
completing move
depth shift 6
depth shift 6
depth shift 6
depth shift 6
depth shift 6
depth shift 6
depth shift 6
depth shift 6
depth shift 6
depth shift 6
depth shift 6
depth shift 6
depth shift 6
depth shift 6
return move :: S 7 6 M 10 9  value:: -13938577
time is :58.7951move :: S 7 6 M 10 9
completing move
depth shift 6
depth shift 6
depth shift 6
depth shift 6
depth shift 6
return move :: S 4 5 M 5 5  value:: -20702765
time is :61.8454move :: S 4 5 M 5 5
completing move
depth shift 6
depth shift 6
depth shift 6
return move :: S 10 9 M 6 5  value:: -20882689
time is :64.2853move :: S 10 9 M 6 5
***********************************

-> You are player 2
-> You are alloted a time of 120s

***********************************

Player 1 played : P 4 11
P 4 11 True
Time remaining is: 120s
You played : P 0 0
P 0 0 True
Player 1 played : P 2 4
P 2 4 True
Time remaining is: 120s
You played : P 1 0
P 1 0 True
Player 1 played : P 1 1
P 1 1 True
Time remaining is: 120s
You played : P 1 2
P 1 2 True
Player 1 played : P 3 14
P 3 14 True
Time remaining is: 120s
You played : P 1 3
P 1 3 True
Player 1 played : P 3 15
P 3 15 True
Time remaining is: 120s
You played : P 1 4
P 1 4 True
Player 1 played : S 2 4 M 2 6
S 2 4 True
M 2 6 True
Time remaining is: 120s
You played : S 1 4 M 2 9
S 1 4 True
M 2 9 True
Player 1 played : S 3 15 M 3 0
S 3 15 True
M 3 0 True
Time remaining is: 117s
You played : S 1 0 M 2 11
S 1 0 True
M 2 11 True
Player 1 played : S 3 0 M 3 2
S 3 0 True
M 3 2 True
Time remaining is: 115s
You played : S 1 2 M 3 6
S 1 2 True
M 3 6 True
Player 1 played : S 3 2 M 3 7
S 3 2 True
M 3 7 True
Time remaining is: 106s
You played : S 2 9 M 1 5
S 2 9 True
M 1 5 True
Player 1 played : S 3 14 M 2 10
S 3 14 True
M 2 10 True
Time remaining is: 95s
You played : S 1 5 M 3 13
S 1 5 True
M 3 13 True
Player 1 played : S 2 6 M 2 7
S 2 6 True
M 2 7 True
Time remaining is: 90s
You played : S 1 3 M 4 19
S 1 3 True
M 4 19 True
Player 1 played : S 4 11 M 4 17
S 4 11 True
M 4 17 True
Time remaining is: 89s
You played : S 3 6 M 5 12
S 3 6 True
M 5 12 True
Player 1 played : S 1 1 M 4 1
S 1 1 True
M 4 1 True
Time remaining is: 87s
You played : S 3 13 M 2 1
S 3 13 True
M 2 1 True
Player 1 played : S 3 7 M 4 7
S 3 7 True
M 4 7 True
Time remaining is: 85s
You played : S 4 19 M 3 16
S 4 19 True
M 3 16 True
Player 1 played : S 4 17 M 4 20
S 4 17 True
M 4 20 True
Time remaining is: 84s
You played : S 2 1 M 5 21
S 2 1 True
M 5 21 True
Player 1 played : S 4 7 M 4 8
S 4 7 True
M 4 8 True
Time remaining is: 83s
You played : S 0 0 M 2 8
S 0 0 True
M 2 8 True
Player 1 played : S 2 10 M 4 18
S 2 10 True
M 4 18 True
Time remaining is: 82s
You played : S 3 16 M 4 21
S 3 16 True
M 4 21 True
Player 1 played : S 4 1 M 2 5
S 4 1 True
M 2 5 True
Time remaining is: 82s
You played : S 5 21 M 5 24
S 5 21 True
M 5 24 True
Player 1 played : S 4 8 M 4 12
S 4 8 True
M 4 12 True
Time remaining is: 80s
You played : S 5 12 M 3 5
S 5 12 True
M 3 5 True
Player 1 played : S 4 12 M 2 0
S 4 12 True
M 2 0 True
Time remaining is: 79s
You played : S 2 8 M 2 2
S 2 8 True
M 2 2 True
Player 1 played : S 2 0 M 3 9
S 2 0 True
M 3 9 True
Time remaining is: 79s
You played : S 2 2 M 4 10
S 2 2 True
M 4 10 True
Player 1 played : S 3 9 M 5 22
S 3 9 True
M 5 22 True
Time remaining is: 78s
You played : S 4 10 M 5 16
S 4 10 True
M 5 16 True
Player 1 played : S 2 7 M 3 11
S 2 7 True
M 3 11 True
Time remaining is: 75s
You played : S 4 21 M 3 12
S 4 21 True
M 3 12 True
Player 1 played : S 4 20 M 4 22
S 4 20 True
M 4 22 True
Time remaining is: 72s
You played : S 3 12 M 3 3
S 3 12 True
M 3 3 True
Player 1 played : S 4 22 M 3 17
S 4 22 True
M 3 17 True
Time remaining is: 71s
You played : S 2 11 M 3 1
S 2 11 True
M 3 1 True
Player 1 played : S 3 17 M 3 10
S 3 17 True
M 3 10 True
Time remaining is: 70s
You played : S 3 5 M 2 3
S 3 5 True
M 2 3 True
Player 1 played : S 2 5 M 4 6
S 2 5 True
M 4 6 True
Time remaining is: 68s
You played : S 5 24 M 4 9
S 5 24 True
M 4 9 True
Player 1 played : S 4 18 M 3 8
S 4 18 True
M 3 8 True
Time remaining is: 67s
You played : RS 3 12 RE 1 1 X 5 16 S 4 9 M 1 4
RS 3 12 True
RE 1 1 True
X 5 16 True
S 4 9 True
M 1 4 True
Player 1 played : S 5 22 M 5 23 RS 2 11 RE 5 22 X 5 23
S 5 22 True
M 5 23 True
RS 2 11 True
RE 5 22 True
X 5 23 True
Time remaining is: 64s
You played : S 3 1 M 4 23
S 3 1 True
M 4 23 True
Player 1 played : S 3 8 M 2 8
S 3 8 True
M 2 8 True
Time remaining is: 62s
You played : S 2 3 M 5 9
S 2 3 True
M 5 9 True
Player 1 played : S 3 11 M 3 4
S 3 11 True
M 3 4 True
Time remaining is: 61s
You played : S 1 4 M 0 0
S 1 4 True
M 0 0 True
Player 1 played : S 3 10 M 4 13
S 3 10 True
M 4 13 True
Time remaining is: 58s
You played : S 5 9 M 1 1
S 5 9 True
M 1 1 True
Playcompleting move
depth shift 6
depth shift 6
depth shift 6
depth shift 6
depth shift 6
depth shift 6
depth shift 6
depth shift 6
depth shift 6
depth shift 6
depth shift 6
depth shift 6
depth shift 6
depth shift 6
depth shift 6
depth shift 6
depth shift 6
depth shift 6
depth shift 6
depth shift 6
return move :: S 6 5 M 6 7  value:: -20669121
time is :66.4398move :: S 6 5 M 6 7
completing move
depth shift 6
depth shift 6
depth shift 6
depth shift 6
depth shift 6
depth shift 6
depth shift 6
depth shift 6
depth shift 6
depth shift 6
depth shift 6
depth shift 6
depth shift 6
depth shift 6
depth shift 6
depth shift 6
depth shift 6
depth shift 6
depth shift 6
depth shift 6
depth shift 6
depth shift 6
depth shift 6
depth shift 6
depth shift 6
depth shift 6
depth shift 6
depth shift 6
depth shift 6
depth shift 6
depth shift 6
depth shift 6
depth shift 6
depth shift 6
depth shift 6
depth shift 6
depth shift 6
depth shift 6
depth shift 6
depth shift 6
depth shift 6
depth shift 6
depth shift 6
depth shift 6
depth shift 6
depth shift 6
depth shift 6
depth shift 6
depth shift 6
depth shift 6
depth shift 6
depth shift 6
depth shift 6
depth shift 6
depth shift 6
depth shift 6
depth shift 6
depth shift 6
depth shift 6
depth shift 6
depth shift 6
depth shift 6
depth shift 6
depth shift 6
depth shift 6
depth shift 6
depth shift 6
depth shift 6
depth shift 6
depth shift 6
depth shift 6
depth shift 6
depth shift 6
depth shift 6
depth shift 6
depth shift 6
depth shift 6
depth shift 6
depth shift 6
depth shift 6
depth shift 6
depth shift 6
depth shift 6
depth shift 6
depth shift 6
depth shift 6
depth shift 6
depth shift 6
depth shift 6
depth shift 6
depth shift 6
depth shift 6
depth shift 6
depth shift 6
depth shift 6
depth shift 6
depth shift 6
depth shift 6
depth shift 6
depth shift 6
depth shift 6
depth shift 6
depth shift 6
depth shift 6
depth shift 6
depth shift 6
depth shift 6
depth shift 6
return move :: S 5 5 M 5 1  value:: -100000000
time is :68.7993move :: S 5 5 M 5 1
er 1 played : RS 3 5 RE 3 10 X 4 13 S 2 8 M 2 6
RS 3 5 True
RE 3 10 True
X 4 13 True
S 2 8 True
M 2 6 True
Time remaining is: 56s
You played : S 1 1 M 2 5
S 1 1 True
M 2 5 True
Player 1 played : S 4 6 M 2 4
S 4 6 True
M 2 4 True
Time remaining is: 53s
You played : S 0 0 M 4 0
S 0 0 True
M 4 0 True
ERROR : INVALID MOVE BY PLAYER 1 : Player 1 SCORE : 7.021 : Player 2 SCORE : 3.017 ,ON OTHER CLIENT
