In make opp move
Out make opp move
In make opp move
Out make opp move
In make opp move
Out make opp move
In make opp move
Out make opp move
In make opp move
Out make opp move
For move 
2 4 2 6
VVV
1 2 3 6
VVV
2 6 3 5
VVV
_____In make opp move
Out make opp move
For move 
3 15 3 0
VVV
1 2 3 6
VVV
2 6 3 5
VVV
_____In make opp move
Out make opp move
For move 
3 0 3 2
VVV
1 2 3 6
VVV
3 2 3 7
VVV
_____In make opp move
Out make opp move
For move 
3 2 3 7
VVV
0 0 4 20
VVV
1 1 2 8
VVV
_____In make opp move
Out make opp move
For move 
3 14 2 10
VVV
3 6 3 5
VVV
3 7 4 7
VVV
_____In make opp move
Out make opp move
For move 
2 6 2 7
VVV
3 13 4 21
VVV
2 7 4 18
VVV
_____In make opp move
Out make opp move
For move 
4 11 4 17
VVV
0 0 3 9
VVV
1 1 2 5
VVV
_____In make opp move
Out make opp move
For move 
1 1 4 1
VVV
4 19 3 16
VVV
3 7 5 24
VVV
_____In make opp move
Out make opp move
For move 
3 7 4 7
VVV
0 0 4 8
VVV
2 7 4 18
VVV
_____In make opp move
Out make opp move
For move 
4 17 4 20
VVV
2 11 2 3
VVV
2 7 4 18
VVV
_____In make opp move
Out make opp move
For move 
4 7 4 8
VVV
5 12 3 8
VVV
2 7 2 3
VVV
0 0 2 0
VVV
_____In make opp move
Out make opp move
For move 
2 10 4 18
VVV
3 16 4 21
VVV
2 7 2 3
VVV
2 8 4 22
VVV
_____In make opp move
Out make opp move
For move 
4 1 2 5
VVV
4 21 3 12
VVV
4 20 5 26
VVV
2 8 2 9
VVV
_____In make opp move
Out make opp move
For move 
4 8 4 12
VVV
2 11 2 0
VVV
2 7 3 17
VVV
2 8 4 22
VVV
_____In make opp move
Out make opp move
For move 
4 12 2 0
VVV
4 21 3 12
VVV
4 20 5 26
VVV
2 8 2 9
VVV
_____In make opp move
Out make opp move
For move 
2 0 3 9
VVV
2 2 3 17
VVV
3 9 5 13
VVV
3 17 4 23
VVV
_____In make opp move
Out make opp move
For move 
3 9 5 22
VVV
2 11 3 17
VVV
2 7 3 8
VVV
4 10 2 3
VVV
_____In make opp move
Out make opp move
For move 
2 7 3 11
VVV
2 11 3 10
VVV
2 5 4 9
VVV
5 16 4 13
VVV
_____In make opp move
Out make opp move
For move 
4 20 4 22
VVV
2 11 3 17
VVV
4 18 3 1
VVV
5 16 4 13
VVV
_____In make opp move
Out make opp move
For move 
4 22 3 17
VVV
5 24 4 23
VVV
3 17 5 27
VVV
5 16 4 13
VVV
_____In make opp move
Out make opp move
For move 
3 17 3 10
VVV
3 5 2 3
VVV
3 11 4 14
VVV
5 16 4 13
VVV
_____In make opp move
Out make opp move
For move 
2 5 4 6
VVV
2 3 5 9
VVV
3 10 4 23
VVV
5 16 4 13
VVV
_____In make opp move
Out make opp move
For move 
4 18 3 8
VVV
3 1 4 23
VVV
3 10 1 4
VVV
5 16 4 13
VVV
_____In make opp move
Out make opp move
For move 
5 22 5 23
VVV
3 3 1 1
VVV
4 6 3 4
VVV
3 1 5 1
VVV
_____In make opp move
Out make opp move
For move 
3 8 2 8
VVV
1 4 0 0
VVV
3 10 4 13
VVV
4 23 5 29
VVV
_____In make opp move
Out make opp move
For move 
3 11 3 4
VVV
1 4 0 0
VVV
3 10 4 14
VVV
4 23 5 29
VVV
_____In make opp move
Out make opp move
For move 
3 10 4 13
VVV
3 3 1 1
VVV
4 13 5 8
VVV
4 23 5 29
VVV
_____***********************************

-> You are player 1
-> You are alloted a time of 120s

***********************************

Time remaining is: 120s
You played : P 4 11
P 4 11 True
Player 2 played : P 0 0
P 0 0 True
Time remaining is: 120s
You played : P 2 4
P 2 4 True
Player 2 played : P 1 0
P 1 0 True
Time remaining is: 120s
You played : P 1 1
P 1 1 True
Player 2 played : P 1 2
P 1 2 True
Time remaining is: 120s
You played : P 3 14
P 3 14 True
Player 2 played : P 1 3
P 1 3 True
Time remaining is: 120s
You played : P 3 15
P 3 15 True
Player 2 played : P 1 4
P 1 4 True
Time remaining is: 120s
You played : S 2 4 M 2 6
S 2 4 True
M 2 6 True
Player 2 played : S 1 4 M 2 9
S 1 4 True
M 2 9 True
Time remaining is: 120s
You played : S 3 15 M 3 0
S 3 15 True
M 3 0 True
Player 2 played : S 1 0 M 2 11
S 1 0 True
M 2 11 True
Time remaining is: 119s
You played : S 3 0 M 3 2
S 3 0 True
M 3 2 True
Player 2 played : S 1 2 M 3 6
S 1 2 True
M 3 6 True
Time remaining is: 118s
You played : S 3 2 M 3 7
S 3 2 True
M 3 7 True
Player 2 played : S 2 9 M 1 5
S 2 9 True
M 1 5 True
Time remaining is: 117s
You played : S 3 14 M 2 10
S 3 14 True
M 2 10 True
Player 2 played : S 1 5 M 3 13
S 1 5 True
M 3 13 True
Time remaining is: 115s
You played : S 2 6 M 2 7
S 2 6 True
M 2 7 True
Player 2 played : S 1 3 M 4 19
S 1 3 True
M 4 19 True
Time remaining is: 114s
You played : S 4 11 M 4 17
S 4 11 True
M 4 17 True
Player 2 played : S 3 6 M 5 12
S 3 6 True
M 5 12 True
Time remaining is: 114s
You played : S 1 1 M 4 1
S 1 1 True
M 4 1 True
Player 2 played : S 3 13 M 2 1
S 3 13 True
M 2 1 True
Time remaining is: 113s
You played : S 3 7 M 4 7
S 3 7 True
M 4 7 True
Player 2 played : S 4 19 M 3 16
S 4 19 True
M 3 16 True
Time remaining is: 113s
You played : S 4 17 M 4 20
S 4 17 True
M 4 20 True
Player 2 played : S 2 1 M 5 21
S 2 1 True
M 5 21 True
Time remaining is: 113s
You played : S 4 7 M 4 8
S 4 7 True
M 4 8 True
Player 2 played : S 0 0 M 2 8
S 0 0 True
M 2 8 True
Time remaining is: 112s
You played : S 2 10 M 4 18
S 2 10 True
M 4 18 True
Player 2 played : S 3 16 M 4 21
S 3 16 True
M 4 21 True
Time remaining is: 110s
You played : S 4 1 M 2 5
S 4 1 True
M 2 5 True
Player 2 played : S 5 21 M 5 24
S 5 21 True
M 5 24 True
Time remaining is: 108s
You played : S 4 8 M 4 12
S 4 8 True
M 4 12 True
Player 2 played : S 5 12 M 3 5
S 5 12 True
M 3 5 True
Time remaining is: 106s
You played : S 4 12 M 2 0
S 4 12 True
M 2 0 True
Player 2 played : S 2 8 M 2 2
S 2 8 True
M 2 2 True
Time remaining is: 104s
You played : S 2 0 M 3 9
S 2 0 True
M 3 9 True
Player 2 played : S 2 2 M 4 10
S 2 2 True
M 4 10 True
Time remaining is: 101s
You played : S 3 9 M 5 22
S 3 9 True
M 5 22 True
Player 2 played : S 4 10 M 5 16
S 4 10 True
M 5 16 True
Time remaining is: 99s
You played : S 2 7 M 3 11
S 2 7 True
M 3 11 True
Player 2 played : S 4 21 M 3 12
S 4 21 True
M 3 12 True
Time remaining is: 99s
You played : S 4 20 M 4 22
S 4 20 True
M 4 22 True
Player 2 played : S 3 12 M 3 3
S 3 12 True
M 3 3 True
Time remaining is: 98s
You played : S 4 22 M 3 17
S 4 22 True
M 3 17 True
Player 2 played : S 2 11 M 3 1
S 2 11 True
M 3 1 True
Time remaining is: 96s
You played : S 3 17 M 3 10
S 3 17 True
M 3 10 True
Player 2 played : S 3 5 M 2 3
S 3 5 True
M 2 3 True
Time remaining is: 95s
You played : S 2 5 M 4 6
S 2 5 True
M 4 6 True
Player 2 played : S 5 24 M 4 9
S 5 24 True
M 4 9 True
Time remaining is: 92s
You played : S 4 18 M 3 8
S 4 18 True
M 3 8 True
Player 2 played : RS 3 12 RE 1 1 X 5 16 S 4 9 M 1 4
RS 3 12 True
RE 1 1 True
X 5 16 True
S 4 9 True
M 1 4 True
Time remaining is: 88s
You played : S 5 22 M 5 23 RS 2 11 RE 5 22 X 5 23
S 5 22 True
M 5 23 True
RS 2 11 True
RE 5 22 True
X 5 23 True
Player 2 played : S 3 1 M 4 23
S 3 1 True
M 4 23 True
Time remaining is: 84s
You played : S 3 8 M 2 8
S 3 8 True
M 2 8 True
Player 2 played : S 2 3 M 5 9
S 2 3 True
M 5 9 True
Time remaining is: 70s
You played : S 3 11 M 3 4
S 3 11 True
M 3 4 True
Player 2 played : S 1 4 M 0 0
S 1 4 True
M 0 0 True
Time remaining is: 52s
You played : S 3 10 M 4 13
S 3 10 True
M 4 13 True
Player 2 played : S 5 9 M 1 1
S 5 9 True
M In make opp move
Out make opp move
For move 
2 8 2 6
VVV
4 23 2 11
VVV
2 6 3 10
VVV
2 11 5 29
VVV
_____In make opp move
Out make opp move
For move 
4 6 2 4
VVV
4 23 2 11
VVV
2 4 5 13
VVV
2 11 5 29
VVV
_____In make opp move
Out make opp move
1 1 True
Time remaining is: 50s
You played : RS 3 5 RE 3 10 X 4 13 S 2 8 M 2 6
RS 3 5 True
RE 3 10 True
X 4 13 True
S 2 8 True
M 2 6 True
Player 2 played : S 1 1 M 2 5
S 1 1 True
M 2 5 True
Time remaining is: 42s
You played : S 4 6 M 2 4
S 4 6 True
M 2 4 True
Player 2 played : S 0 0 M 4 0
S 0 0 True
M 4 0 True
Time remaining is: 39s
You played : RS 1 0 RE 4 17 X 3 4 RS 2 2 RE 4 22 X 2 4
RS 1 0 True
RE 4 17 True
X 3 4 True
RS 2 2 False
INVALID MOVE ON THIS CLIENT
