Started the contest
2 5 120
5
Player is initialized! Now perform any move
Initial board configuration

Neighbours explored 76071
Neighbours explored 36514
Neighbours explored 41643
Neighbours explored 11162
Neighbours explored 1247725
Neighbours explored 3010101
Neighbours explored 9423761
Neighbours explored 27865804
***********************************

-> You are player 2
-> You are alloted a time of 120s

***********************************

Player 1 played : P 0 0
P 0 0 True
Time remaining is: 120s
You played : P 1 0
P 1 0 True
Player 1 played : P 4 14
P 4 14 True
Time remaining is: 120s
You played : P 1 1
P 1 1 True
Player 1 played : P 3 7
P 3 7 True
Time remaining is: 120s
You played : P 1 2
P 1 2 True
Player 1 played : P 2 7
P 2 7 True
Time remaining is: 120s
You played : P 1 3
P 1 3 True
Player 1 played : P 4 11
P 4 11 True
Time remaining is: 120s
You played : P 1 4
P 1 4 True
Player 1 played : S 4 11 M 5 16
S 4 11 True
M 5 16 True
Time remaining is: 120s
You played : S 1 0 M 2 1
S 1 0 True
M 2 1 True
Player 1 played : S 5 16 M 4 12
S 5 16 True
M 4 12 True
Time remaining is: 120s
You played : S 1 3 M 2 5
S 1 3 True
M 2 5 True
Player 1 played : S 4 12 M 3 9
S 4 12 True
M 3 9 True
Time remaining is: 120s
You played : S 2 5 M 2 6
S 2 5 True
M 2 6 True
Player 1 played : S 3 9 M 5 17
S 3 9 True
M 5 17 True
Time remaining is: 120s
You played : S 2 1 M 3 1
S 2 1 True
M 3 1 True
Player 1 played : S 0 0 M 2 0
S 0 0 True
M 2 0 True
Time remaining is: 120s
You played : S 1 1 M 2 2
S 1 1 True
M 2 2 True
Player 1 played : S 5 17 M 4 13
S 5 17 True
M 4 13 True
Time remaining is: 117s
You played : S 1 2 M 2 3
S 1 2 True
M 2 3 True
Player 1 played : S 3 7 M 3 8
S 3 7 True
M 3 8 True
Time remaining is: 110s
You played : S 3 1 M 3 3 RS 2 5 RE 3 1 X 2 3
S 3 1 True
M 3 3 True
RS 2 5 True
RE 3 1 True
X 2 3 True
Player 1 played : S 4 13 M 3 10
S 4 13 True
M 3 10 True
Time remaining is: 90s
You played : S 3 3 M 3 2
S 3 3 True
M 3 2 True
Player 1 played : S 3 8 M 1 2 RS 5 17 RE 3 7 X 2 0
S 3 8 True
M 1 2 True
RS 5 17 True
RE 3 7 True
X 2 0 True
Time remaining is: 30s
ERROR : THIS CLIENT RAN OUT OF TIME!
