2 5 120 5
***********************************

-> You are player 2
-> You are alloted a time of 120s

***********************************

Player 1 played : P 2 2
P 2 2 True
Time remaining is: 120s
You played : P 1 1
P 1 1 True
Player 1 played : P 4 10
P 4 10 True
Time remaining is: 120s
You played : P 5 22
P 5 22 True
Player 1 played : P 2 9
P 2 9 True
Time remaining is: 120s
You played : P 3 3
P 3 3 True
Player 1 played : P 3 2
P 3 2 True
Time remaining is: 120s
You played : P 4 0
P 4 0 True
Player 1 played : P 4 15
P 4 15 True
Time remaining is: 120s
You played : P 5 26
P 5 26 True
Player 1 played : S 2 9 M 1 5
S 2 9 True
M 1 5 True
Time remaining is: 120s
You played : S 1 1 M 2 5
S 1 1 True
M 2 5 True
Player 1 played : S 1 5 M 1 0
S 1 5 True
M 1 0 True
Time remaining is: 120s
You played : S 2 5 M 3 14
S 2 5 True
M 3 14 True
Player 1 played : S 1 0 M 2 1
S 1 0 True
M 2 1 True
Time remaining is: 120s
You played : S 5 22 M 3 10
S 5 22 True
M 3 10 True
Player 1 played : S 2 1 M 3 13
S 2 1 True
M 3 13 True
Time remaining is: 120s
You played : S 3 14 M 2 0
S 3 14 True
M 2 0 True
Player 1 played : S 3 13 M 4 17
S 3 13 True
M 4 17 True
Time remaining is: 120s
You played : S 2 0 M 3 1
S 2 0 True
M 3 1 True
Player 1 played : S 4 10 M 4 9
S 4 10 True
M 4 9 True
Time remaining is: 120s
You played : S 4 0 M 3 0
S 4 0 True
M 3 0 True
Player 1 played : S 4 9 M 4 8
S 4 9 True
M 4 8 True
Time remaining is: 113s
You played : S 3 1 M 4 1
S 3 1 True
M 4 1 True
Player 1 played : S 4 8 M 5 9
S 4 8 True
M 5 9 True
Time remaining is: 109s
You played : S 5 26 M 2 11
S 5 26 True
M 2 11 True
Player 1 played : S 5 9 M 4 11
S 5 9 True
M 4 11 True
Time remaining is: 96s
You played : S 2 11 M 2 10
S 2 11 True
M 2 10 True
Player 1 played : S 2 2 M 3 17
S 2 2 True
M 3 17 True
Time remaining is: 92s
You played : S 4 1 M 5 1
S 4 1 True
M 5 1 True
Player 1 played : S 3 17 M 3 16
S 3 17 True
M 3 16 True
Time remaining is: 92s
You played : S 5 1 M 5 2 RS 5 1 RE 1 1 X 3 0
S 5 1 True
M 5 2 True
RS 5 1 True
RE 1 1 True
X 3 0 True
Player 1 played : S 3 2 M 4 3
S 3 2 True
M 4 3 True
Time remaining is: 92s
You played : S 5 2 M 2 3
S 5 2 True
M 2 3 True
Player 1 played : S 4 3 M 5 4
S 4 3 True
M 5 4 True
Time remaining is: 90s
You played : S 2 3 M 4 5
S 2 3 True
M 4 5 True
Player 1 played : S 5 4 M 2 1
S 5 4 True
M 2 1 True
Time remaining is: 86s
You played : S 4 5 M 4 4
S 4 5 True
M 4 4 True
Player 1 played : S 2 1 M 3 1
S 2 1 True
M 3 1 True
Time remaining is: 84s
You played : S 3 10 M 3 9
S 3 10 True
M 3 9 True
Player 1 played : S 3 1 M 4 2
S 3 1 True
M 4 2 True
Time remaining is: 83s
You played : S 4 4 M 5 6
S 4 4 True
M 5 6 True
Player 1 played : S 4 2 M 5 3
S 4 2 True
M 5 3 True
Time remaining is: 82s
You played : S 3 3 M 3 0
S 3 3 True
M 3 0 True
Player 1 played : S 5 3 M 3 4
S 5 3 True
M 3 4 True
Time remaining is: 81s
You played : S 5 6 M 4 1 RS 5 2 RE 2 3 X 3 0
S 5 6 True
M 4 1 True
RS 5 2 True
RE 2 3 True
X 3 0 True
Player 1 played : S 3 4 M 2 3
S 3 4 True
M 2 3 True
Time remaining is: 80s
You played : S 3 9 M 3 0
S 3 9 True
M 3 0 True
Player 1 played : S 3 16 M 1 1
S 3 16 True
M 1 1 True
Time remaining is: 79s
You played : S 3 0 M 3 15
S 3 0 True
M 3 15 True
Player 1 played : S 1 1 M 2 2
S 1 1 True
M 2 2 True
Time remaining is: 78s
You played : S 3 15 M 4 21
S 3 15 True
M 4 21 True
Player 1 played : S 2 2 M 4 22
S 2 2 True
M 4 22 True
Time remaining is: 78s
You played : S 2 10 M 4 2
S 2 10 True
M 4 2 True
Player 1 played : S 4 22 M 4 23
S 4 22 True
M 4 23 True
Time remaining is: 77s
You played : S 4 1 M 1 2 RS 3 1 RE 3 14 X 4 2
S 4 1 True
M 1 2 True
RS 3 1 True
RE 3 14 True
X 4 2 True
YOU WIN!
Your Score : 10.019
Opponent's Score : 0.012
