****************Depth is now 4
****************Depth is now 5
***********************************

-> You are player 1
-> You are alloted a time of 120s

***********************************

Time remaining is: 120s
You played : P 5 16
P 5 16 True
Player 2 played : P 0 0
P 0 0 True
Time remaining is: 120s
You played : P 3 3
P 3 3 True
Player 2 played : P 1 2
P 1 2 True
Time remaining is: 120s
You played : P 4 14
P 4 14 True
Player 2 played : P 1 5
P 1 5 True
Time remaining is: 120s
You played : P 5 29
P 5 29 True
Player 2 played : P 1 0
P 1 0 True
Time remaining is: 120s
You played : P 5 19
P 5 19 True
Player 2 played : P 1 3
P 1 3 True
Time remaining is: 120s
You played : S 4 14 M 4 15
S 4 14 True
M 4 15 True
Player 2 played : S 1 5 M 2 11
S 1 5 True
M 2 11 True
Time remaining is: 120s
You played : S 4 15 M 3 11
S 4 15 True
M 3 11 True
Player 2 played : S 2 11 M 3 17
S 2 11 True
M 3 17 True
Time remaining is: 119s
You played : S 3 11 M 2 9
S 3 11 True
M 2 9 True
Player 2 played : S 3 17 M 4 23
S 3 17 True
M 4 23 True
Time remaining is: 119s
You played : S 2 9 M 2 8
S 2 9 True
M 2 8 True
Player 2 played : S 1 3 M 3 14
S 1 3 True
M 3 14 True
Time remaining is: 118s
You played : S 2 8 M 2 10
S 2 8 True
M 2 10 True
Player 2 played : S 0 0 M 3 12
S 0 0 True
M 3 12 True
Time remaining is: 118s
You played : S 3 3 M 1 4
S 3 3 True
M 1 4 True
Player 2 played : S 3 12 M 4 16
S 3 12 True
M 4 16 True
Time remaining is: 117s
You played : S 5 19 M 5 18
S 5 19 True
M 5 18 True
Player 2 played : S 4 23 M 4 5
S 4 23 True
M 4 5 True
Time remaining is: 117s
You played : S 5 18 M 3 13
S 5 18 True
M 3 13 True
Player 2 played : S 4 16 M 4 17
S 4 16 True
M 4 17 True
Time remaining is: 116s
You played : S 1 4 M 2 5
S 1 4 True
M 2 5 True
Player 2 played : S 1 2 M 2 7
S 1 2 True
M 2 7 True
Time remaining is: 116s
You played : S 5 16 M 3 10
S 5 16 True
M 3 10 True
Player 2 played : S 4 17 M 5 21
S 4 17 True
M 5 21 True
Time remaining is: 116s
You played : S 2 10 M 2 0
S 2 10 True
M 2 0 True
Player 2 played : S 5 21 M 5 22
S 5 21 True
M 5 22 True
Time remaining is: 116s
You played : S 5 29 M 4 1
S 5 29 True
M 4 1 True
Player 2 played : S 5 22 M 4 18
S 5 22 True
M 4 18 True
Time remaining is: 112s
You played : S 3 10 M 4 13
S 3 10 True
M 4 13 True
Player 2 played : S 2 7 M 2 6
S 2 7 True
M 2 6 True
Time remaining is: 109s
You played : S 4 1 M 3 16
S 4 1 True
M 3 16 True
Player 2 played : S 4 18 M 5 23
S 4 18 True
M 5 23 True
Time remaining is: 105s
You played : S 4 13 M 3 9
S 4 13 True
M 3 9 True
Player 2 played : S 4 5 M 4 7
S 4 5 True
M 4 7 True
Time remaining is: 102s
You played : S 2 5 M 3 7
S 2 5 True
M 3 7 True
Player 2 played : S 5 23 M 5 24
S 5 23 True
M 5 24 True
Time remaining is: 100s
You played : S 3 9 M 4 11
S 3 9 True
M 4 11 True
Player 2 played : S 2 6 M 3 8
S 2 6 True
M 3 8 True
Time remaining is: 97s
You played : S 4 11 M 4 9 RS 3 12 RE 4 11 X 3 16
S 4 11 True
M 4 9 True
RS 3 12 True
RE 4 11 True
X 3 16 True
Player 2 played : S 5 24 M 4 22
S 5 24 True
M 4 22 True
Time remaining is: 89s
You played : S 3 7 M 3 6
S 3 7 True
M 3 6 True
Player 2 played : S 4 22 M 3 11
S 4 22 True
M 3 11 True
Time remaining is: 86s
You played : S 3 6 M 3 15
S 3 6 True
M 3 15 True
Player 2 played : S 3 11 M 3 16
S 3 11 True
M 3 16 True
Time remaining is: 85s
You played : S 2 0 M 3 1
S 2 0 True
M 3 1 True
Player 2 played : S 1 0 M 3 0 RS 2 6 RE 2 0 X 3 14
S 1 0 True
M 3 0 True
RS 2 6 True
RE 2 0 True
X 3 14 True
Time remaining is: 83s
You played : S 3 13 M 2 6 RS 2 7 RE 3 17 X 4 9
S 3 13 True
M 2 6 True
RS 2 7 True
RE 3 17 True
X 4 9 True
Player 2 played : S 3 16 M 5 17
S 3 16 True
M 5 17 True
Time remaining is: 82s
You played : S 2 6 M 3 9
S 2 6 True
M 3 9 True
Player 2 played : S 3 0 M 3 17
S 3 0 True
M 3 17 True
Time remaining is: 81s
You played : S 3 1 M 1 1
S 3 1 True
M 1 1 True
Player 2 played : S 4 7 M 3 5
S 4 7 True
M 3 5 True
Time remaining is: 80s
You played : S 1 1 M 2 1
S 1 1 True
M 2 1 True
Player 2 played : S 3 5 M 1 0
S 3 5 True
M 1 0 True
Time remaining is: 79s
You played : S 3 15 M 4 21
S 3 15 True
M 4 21 True
Player 2 played : S 3 17 M 2 0
S 3 17 True
M 2 0 True
Time remaining is: 76s
You played : S 4 21 M 2 11
S 4 21 True
M 2 11 True
Player 2 played : S 3 8 M 5 8
S 3 8 True
M 5 8 True
Time remaining is: 75s
You played : S 3 9 M 5 13
S 3 9 True
M 5 13 True
Player 2 played : S 5 8 M 5 6
S 5 8 True
M 5 6 True
Time remaining is: 72s
You played : S 5 13 M 2 4
S 5 13 True
M 2 4 True
Player 2 played : S 5 6 M 4 0
S 5 6 True
M 4 0 True
Time remaining is: 71s
You played : S 2 4 M 4 6
S 2 4 True
M 4 6 True
Player 2 played : S 4 0 M 5 1
S 4 0 True
M 5 1 True
Time remaining is: 70s
You played : S 4 6 M 4 4 RS 2 6 RE 4 6 X 2 11
S 4 6 True
M 4 4 True
RS 2 6 True
RE 4 6 True
X 2 11 True
YOU WIN!
Your Score : 9.018
Opponent's Score : 1.023
