***********************************

-> You are player 2
-> You are alloted a time of 120s

***********************************

Player 1 played : P 0 0
P 0 0 True
Time remaining is: 120s
You played : P 1 1
P 1 1 True
Player 1 played : P 2 0
P 2 0 True
Time remaining is: 120s
You played : P 1 3
P 1 3 True
Player 1 played : P 2 7
P 2 7 True
Time remaining is: 120s
You played : P 1 0
P 1 0 True
Player 1 played : P 2 11
P 2 11 True
Time remaining is: 120s
You played : P 3 3
P 3 3 True
Player 1 played : P 2 10
P 2 10 True
Time remaining is: 120s
You played : P 4 5
P 4 5 True
Player 1 played : S 0 0 M 1 2
S 0 0 True
M 1 2 True
Time remaining is: 120s
You played : S 1 1 M 1 4
S 1 1 True
M 1 4 True
Player 1 played : S 1 2 M 2 1
S 1 2 True
M 2 1 True
Time remaining is: 120s
You played : S 1 4 M 1 5
S 1 4 True
M 1 5 True
Player 1 played : S 2 0 M 3 0
S 2 0 True
M 3 0 True
Time remaining is: 120s
You played : S 1 3 M 2 3
S 1 3 True
M 2 3 True
Player 1 played : S 2 7 M 3 10
S 2 7 True
M 3 10 True
Time remaining is: 120s
You played : S 2 3 M 2 2
S 2 3 True
M 2 2 True
Player 1 played : S 2 11 M 3 17
S 2 11 True
M 3 17 True
Time remaining is: 120s
You played : S 4 5 M 3 4
S 4 5 True
M 3 4 True
Player 1 played : S 2 10 M 2 9
S 2 10 True
M 2 9 True
Time remaining is: 120s
You played : S 3 4 M 3 5 RS 1 3 RE 4 5 X 1 5
S 3 4 True
M 3 5 True
RS 1 3 True
RE 4 5 True
X 1 5 True
Player 1 played : S 2 9 M 1 3
S 2 9 True
M 1 3 True
Time remaining is: 120s
You played : S 3 3 M 3 1
S 3 3 True
M 3 1 True
Player 1 played : S 2 1 M 3 2
S 2 1 True
M 3 2 True
Time remaining is: 120s
You played : S 3 1 M 3 14
S 3 1 True
M 3 14 True
Player 1 played : S 3 17 M 1 5
S 3 17 True
M 1 5 True
Time remaining is: 120s
You played : S 3 14 M 3 15
S 3 14 True
M 3 15 True
Player 1 played : S 3 2 M 4 5
S 3 2 True
M 4 5 True
Time remaining is: 120s
You played : S 1 0 M 3 16 RS 3 14 RE 3 1 X 3 15
S 1 0 True
M 3 16 True
RS 3 14 True
RE 3 1 True
X 3 15 True
Player 1 played : S 1 3 M 2 0
S 1 3 True
M 2 0 True
Time remaining is: 120s
You played : S 2 2 M 2 8
S 2 2 True
M 2 8 True
Player 1 played : S 1 5 M 1 2 RS 2 9 RE 3 2 X 1 2
S 1 5 True
M 1 2 True
RS 2 9 True
RE 3 2 True
X 1 2 True
Time remaining is: 120s
You played : S 2 8 M 4 4
S 2 8 True
M 4 4 True
Player 1 played : S 4 5 M 3 2
S 4 5 True
M 3 2 True
Time remaining is: 120s
You played : S 3 16 M 2 3
S 3 16 True
M 2 3 True
Player 1 played : S 3 0 M 4 0
S 3 0 True
M 4 0 True
Time remaining is: 120s
You played : S 2 3 M 3 4
S 2 3 True
M 3 4 True
Player 1 played : S 3 10 M 4 13
S 3 10 True
M 4 13 True
Time remaining is: 120s
You played : S 3 5 M 3 6
S 3 5 True
M 3 6 True
Player 1 played : S 2 0 M 1 0
S 2 0 True
M 1 0 True
Time remaining is: 120s
You played : S 3 6 M 4 9
S 3 6 True
M 4 9 True
Player 1 played : S 1 0 M 4 7
S 1 0 True
M 4 7 True
Time remaining is: 120s
You played : S 3 4 M 2 1
S 3 4 True
M 2 1 True
Player 1 played : S 4 7 M 4 8 RS 1 0 RE 4 7 X 3 2
S 4 7 True
M 4 8 True
RS 1 0 True
RE 4 7 True
X 3 2 True
Time remaining is: 120s
You played : S 2 1 M 4 22 RS 3 17 RE 3 4 X 4 22
S 2 1 True
M 4 22 True
RS 3 17 True
RE 3 4 True
X 4 22 True
YOU WIN!
Your Score : 8.004
Opponent's Score : 2.007
