### S 2 1 M 1 1  135.5 at depth 2 with time left 119.999
### S 0 0 M 3 0  402 at depth 2 with time left 118.6
### S 3 0 M 1 0  458 at depth 2 with time left 117.431
### S 3 17 M 1 5  538 at depth 2 with time left 116.694
### S 2 3 M 1 3  602.5 at depth 2 with time left 115.645
### S 1 5 M 1 4  793.5 at depth 2 with time left 114.749
### S 1 3 M 2 5  958.5 at depth 2 with time left 113.47
### S 1 1 M 1 2  1229 at depth 2 with time left 113.039
### S 1 0 M 4 0 RS 3 0 RE 1 3 X 4 0  10194.5 at depth 2 with time left 112.571
### S 2 5 M 4 11  10409 at depth 2 with time left 111.16
### S 3 7 M 4 7  10679 at depth 2 with time left 110.705
### S 4 7 M 5 8  10766 at depth 2 with time left 109.991
### S 1 4 M 3 10  19604.5 at depth 2 with time left 109.205
### S 3 10 M 3 5 RS 2 11 RE 3 10 X 4 11  19931 at depth 2 with time left 108.959
### S 1 2 M 4 11 RS 2 1 RE 3 8 X 3 5  1.0002e+06 at depth 2 with time left 108.323
***********************************

-> You are player 1
-> You are alloted a time of 120s

***********************************

Time remaining is: 120s
You played : P 0 0
P 0 0 True
Player 2 played : P 2 0
P 2 0 True
Time remaining is: 120s
You played : P 3 17
P 3 17 True
Player 2 played : P 2 4
P 2 4 True
Time remaining is: 120s
You played : P 3 7
P 3 7 True
Player 2 played : P 2 2
P 2 2 True
Time remaining is: 120s
You played : P 2 3
P 2 3 True
Player 2 played : P 3 8
P 3 8 True
Time remaining is: 120s
You played : P 2 1
P 2 1 True
Player 2 played : P 2 11
P 2 11 True
Time remaining is: 120s
You played : S 2 1 M 1 1
S 2 1 True
M 1 1 True
Player 2 played : S 2 0 M 5 3
S 2 0 True
M 5 3 True
Time remaining is: 119s
You played : S 0 0 M 3 0
S 0 0 True
M 3 0 True
Player 2 played : S 2 11 M 3 1
S 2 11 True
M 3 1 True
Time remaining is: 118s
You played : S 3 0 M 1 0
S 3 0 True
M 1 0 True
Player 2 played : S 3 1 M 4 23
S 3 1 True
M 4 23 True
Time remaining is: 117s
You played : S 3 17 M 1 5
S 3 17 True
M 1 5 True
Player 2 played : S 3 8 M 2 7
S 3 8 True
M 2 7 True
Time remaining is: 116s
You played : S 2 3 M 1 3
S 2 3 True
M 1 3 True
Player 2 played : S 2 4 M 2 6
S 2 4 True
M 2 6 True
Time remaining is: 115s
You played : S 1 5 M 1 4
S 1 5 True
M 1 4 True
Player 2 played : S 5 3 M 3 6
S 5 3 True
M 3 6 True
Time remaining is: 114s
You played : S 1 3 M 2 5
S 1 3 True
M 2 5 True
Player 2 played : S 4 23 M 5 28
S 4 23 True
M 5 28 True
Time remaining is: 113s
You played : S 1 1 M 1 2
S 1 1 True
M 1 2 True
Player 2 played : S 2 2 M 4 22
S 2 2 True
M 4 22 True
Time remaining is: 113s
You played : S 1 0 M 4 0 RS 3 0 RE 1 3 X 4 0
S 1 0 True
M 4 0 True
RS 3 0 True
RE 1 3 True
X 4 0 True
Player 2 played : S 2 6 M 3 9
S 2 6 True
M 3 9 True
Time remaining is: 111s
You played : S 2 5 M 4 11
S 2 5 True
M 4 11 True
Player 2 played : S 3 6 M 3 4
S 3 6 True
M 3 4 True
Time remaining is: 111s
You played : S 3 7 M 4 7
S 3 7 True
M 4 7 True
Player 2 played : S 4 22 M 5 27
S 4 22 True
M 5 27 True
Time remaining is: 110s
You played : S 4 7 M 5 8
S 4 7 True
M 5 8 True
Player 2 played : S 2 7 M 4 10
S 2 7 True
M 4 10 True
Time remaining is: 109s
You played : S 1 4 M 3 10
S 1 4 True
M 3 10 True
Player 2 played : S 4 10 M 3 2
S 4 10 True
M 3 2 True
Time remaining is: 109s
You played : S 3 10 M 3 5 RS 2 11 RE 3 10 X 4 11
S 3 10 True
M 3 5 True
RS 2 11 True
RE 3 10 True
X 4 11 True
Player 2 played : S 3 4 M 2 0 RS 4 10 RE 2 2 X 2 0
S 3 4 True
M 2 0 True
RS 4 10 True
RE 2 2 True
X 2 0 True
Time remaining is: 108s
You played : S 1 2 M 4 11 RS 2 1 RE 3 8 X 3 5
S 1 2 True
M 4 11 True
RS 2 1 True
RE 3 8 True
X 3 5 True
YOU WIN!
Your Score : 9.002
Opponent's Score : 1.007
