***********************************

-> You are player 2
-> You are alloted a time of 120s

***********************************

Player 1 played : P 0 0
P 0 0 True
Time remaining is: 120s
You played : P 2 0
P 2 0 True
Player 1 played : P 3 17
P 3 17 True
Time remaining is: 120s
You played : P 2 4
P 2 4 True
Player 1 played : P 3 7
P 3 7 True
Time remaining is: 120s
You played : P 2 2
P 2 2 True
Player 1 played : P 2 3
P 2 3 True
Time remaining is: 120s
You played : P 3 8
P 3 8 True
Player 1 played : P 2 1
P 2 1 True
Time remaining is: 120s
You played : P 2 11
P 2 11 True
Player 1 played : S 2 1 M 1 1
S 2 1 True
M 1 1 True
Time remaining is: 120s
You played : S 2 0 M 5 3
S 2 0 True
M 5 3 True
Player 1 played : S 0 0 M 3 0
S 0 0 True
M 3 0 True
Time remaining is: 120s
You played : S 2 11 M 3 1
S 2 11 True
M 3 1 True
Player 1 played : S 3 0 M 1 0
S 3 0 True
M 1 0 True
Time remaining is: 118s
You played : S 3 1 M 4 23
S 3 1 True
M 4 23 True
Player 1 played : S 3 17 M 1 5
S 3 17 True
M 1 5 True
Time remaining is: 117s
You played : S 3 8 M 2 7
S 3 8 True
M 2 7 True
Player 1 played : S 2 3 M 1 3
S 2 3 True
M 1 3 True
Time remaining is: 116s
You played : S 2 4 M 2 6
S 2 4 True
M 2 6 True
Player 1 played : S 1 5 M 1 4
S 1 5 True
M 1 4 True
Time remaining is: 115s
You played : S 5 3 M 3 6
S 5 3 True
M 3 6 True
Player 1 played : S 1 3 M 2 5
S 1 3 True
M 2 5 True
Time remaining is: 115s
You played : S 4 23 M 5 28
S 4 23 True
M 5 28 True
Player 1 played : S 1 1 M 1 2
S 1 1 True
M 1 2 True
Time remaining is: 102s
You played : S 2 2 M 4 22
S 2 2 True
M 4 22 True
Player 1 played : S 1 0 M 4 0 RS 3 0 RE 1 3 X 4 0
S 1 0 True
M 4 0 True
RS 3 0 True
RE 1 3 True
X 4 0 True
Time remaining is: 101s
You played : S 2 6 M 3 9
S 2 6 True
M 3 9 True
Player 1 played : S 2 5 M 4 11
S 2 5 True
M 4 11 True
Time remaining is: 91s
You played : S 3 6 M 3 4
S 3 6 True
M 3 4 True
Player 1 played : S 3 7 M 4 7
S 3 7 True
M 4 7 True
Time remaining is: 77s
You played : S 4 22 M 5 27
S 4 22 True
M 5 27 True
Player 1 played : S 4 7 M 5 8
S 4 7 True
M 5 8 True
Time remaining is: 61s
You played : S 2 7 M 4 10
S 2 7 True
M 4 10 True
Player 1 played : S 1 4 M 3 10
S 1 4 True
M 3 10 True
Time remaining is: 61s
You played : S 4 10 M 3 2
S 4 10 True
M 3 2 True
Player 1 played : S 3 10 M 3 5 RS 2 11 RE 3 10 X 4 11
S 3 10 True
M 3 5 True
RS 2 11 True
RE 3 10 True
X 4 11 True
Time remaining is: 60s
You played : S 3 4 M 2 0 RS 4 10 RE 2 2 X 2 0
S 3 4 True
M 2 0 True
RS 4 10 True
RE 2 2 True
X 2 0 True
Player 1 played : S 1 2 M 4 11 RS 2 1 RE 3 8 X 3 5
S 1 2 True
M 4 11 True
RS 2 1 True
RE 3 8 True
X 3 5 True
OTHER PLAYER WINS!
Your Score : 1.007
Opponent's Score : 9.002
