***********************************

-> You are player 2
-> You are alloted a time of 120s

***********************************

Player 1 played : P 1 1
P 1 1 True
Time remaining is: 120s
You played : P 1 3
P 1 3 True
Player 1 played : P 0 0
P 0 0 True
Time remaining is: 120s
You played : P 3 2
P 3 2 True
Player 1 played : P 2 1
P 2 1 True
Time remaining is: 120s
You played : P 3 10
P 3 10 True
Player 1 played : P 2 8
P 2 8 True
Time remaining is: 120s
You played : P 5 3
P 5 3 True
Player 1 played : P 1 2
P 1 2 True
Time remaining is: 120s
You played : P 4 21
P 4 21 True
Player 1 played : S 2 1 M 1 0
S 2 1 True
M 1 0 True
Time remaining is: 120s
You played : S 3 10 M 1 4
S 3 10 True
M 1 4 True
Player 1 played : S 1 0 M 1 5
S 1 0 True
M 1 5 True
Time remaining is: 120s
You played : S 5 3 M 3 6
S 5 3 True
M 3 6 True
Player 1 played : S 1 1 M 2 3
S 1 1 True
M 2 3 True
Time remaining is: 120s
You played : S 4 21 M 3 14
S 4 21 True
M 3 14 True
Player 1 played : S 2 3 M 2 2
S 2 3 True
M 2 2 True
Time remaining is: 120s
You played : S 3 14 M 2 9
S 3 14 True
M 2 9 True
Player 1 played : S 1 5 M 2 11
S 1 5 True
M 2 11 True
Time remaining is: 120s
You played : S 3 2 M 3 3
S 3 2 True
M 3 3 True
Player 1 played : S 2 11 M 3 17
S 2 11 True
M 3 17 True
Time remaining is: 118s
You played : S 2 9 M 4 3
S 2 9 True
M 4 3 True
Player 1 played : S 0 0 M 2 0
S 0 0 True
M 2 0 True
Time remaining is: 115s
You played : S 3 6 M 3 4
S 3 6 True
M 3 4 True
Player 1 played : S 2 8 M 3 13
S 2 8 True
M 3 13 True
Time remaining is: 112s
You played : S 3 4 M 3 5
S 3 4 True
M 3 5 True
Player 1 played : S 3 17 M 3 16
S 3 17 True
M 3 16 True
Time remaining is: 111s
You played : S 1 4 M 4 23
S 1 4 True
M 4 23 True
Player 1 played : S 3 16 M 5 26
S 3 16 True
M 5 26 True
Time remaining is: 109s
You played : S 1 3 M 2 5
S 1 3 True
M 2 5 True
Player 1 played : S 1 2 M 2 7
S 1 2 True
M 2 7 True
Time remaining is: 107s
You played : S 3 3 M 3 1
S 3 3 True
M 3 1 True
Player 1 played : S 2 2 M 4 6
S 2 2 True
M 4 6 True
Time remaining is: 104s
You played : S 3 5 M 2 4
S 3 5 True
M 2 4 True
Player 1 played : S 2 0 M 2 10 RS 4 21 RE 1 1 X 2 7
S 2 0 True
M 2 10 True
RS 4 21 True
RE 1 1 True
X 2 7 True
Time remaining is: 98s
You played : S 3 1 M 2 11
S 3 1 True
M 2 11 True
Player 1 played : S 3 13 M 1 0
S 3 13 True
M 1 0 True
Time remaining is: 96s
You played : S 2 5 M 1 1
S 2 5 True
M 1 1 True
Player 1 played : S 1 0 M 3 0
S 1 0 True
M 3 0 True
Time remaining is: 95s
You played : S 1 1 M 3 12 RS 2 5 RE 3 1 X 3 12
S 1 1 True
M 3 12 True
RS 2 5 True
RE 3 1 True
X 3 12 True
Player 1 played : S 2 10 M 1 2
S 2 10 True
M 1 2 True
Time remaining is: 92s
You played : S 2 11 M 2 7
S 2 11 True
M 2 7 True
Player 1 played : S 5 26 M 1 1
S 5 26 True
M 1 1 True
Time remaining is: 89s
You played : S 4 23 M 4 22
S 4 23 True
M 4 22 True
Player 1 played : S 1 1 M 2 1
S 1 1 True
M 2 1 True
Time remaining is: 87s
You played : S 4 3 M 4 4
S 4 3 True
M 4 4 True
Player 1 played : S 3 0 M 3 16
S 3 0 True
M 3 16 True
Time remaining is: 85s
You played : S 4 4 M 3 12
S 4 4 True
M 3 12 True
Player 1 played : S 2 1 M 5 4
S 2 1 True
M 5 4 True
Time remaining is: 85s
You played : S 3 12 M 3 9
S 3 12 True
M 3 9 True
Player 1 played : S 5 4 M 5 2
S 5 4 True
M 5 2 True
Time remaining is: 81s
You played : S 3 9 M 4 7
S 3 9 True
M 4 7 True
Player 1 played : S 5 2 M 4 1
S 5 2 True
M 4 1 True
Time remaining is: 79s
You played : S 2 7 M 5 29
S 2 7 True
M 5 29 True
Player 1 played : S 1 2 M 3 1
S 1 2 True
M 3 1 True
Time remaining is: 77s
You played : S 2 4 M 3 15 RS 2 7 RE 3 17 X 5 29
S 2 4 True
M 3 15 True
RS 2 7 True
RE 3 17 True
X 5 29 True
Player 1 played : S 4 6 M 2 5 RS 5 3 RE 3 5 X 2 5
S 4 6 True
M 2 5 True
RS 5 3 True
RE 3 5 True
X 2 5 True
Time remaining is: 76s
You played : S 4 7 M 3 5
S 4 7 True
M 3 5 True
Player 1 played : S 4 1 M 3 17
S 4 1 True
M 3 17 True
Time remaining is: 76s
You played : S 3 15 M 1 5
S 3 15 True
M 1 5 True
Player 1 played : S 3 17 M 3 4
S 3 17 True
M 3 4 True
Time remaining is: 75s
You played : S 1 5 M 4 17
S 1 5 True
M 4 17 True
Player 1 played : S 3 16 M 3 11
S 3 16 True
M 3 11 True
Time remaining is: 75s
You played : S 4 22 M 4 21
S 4 22 True
M 4 21 True
Player 1 played : S 3 1 M 5 28 RS 3 16 RE 5 2 X 3 11
S 3 1 True
M 5 28 True
RS 3 16 True
RE 5 2 True
X 3 11 True
OTHER PLAYER WINS!
Your Score : 2.015
Opponent's Score : 8.015
