66
Depth 2
Remaining Time 118.888436079
51
Depth 2
Remaining Time 118.274577141
48
Depth 2
Remaining Time 117.735233307
49
Depth 2
Remaining Time 117.281827211
35
Depth 3
Remaining Time 115.287199259
39
Depth 3
Remaining Time 110.96081233
41
Depth 2
Remaining Time 110.585636377
40
Depth 2
Remaining Time 110.348930359
37
Depth 3
Remaining Time 104.602114439
37
Depth 3
Remaining Time 100.953184366
35
Depth 3
Remaining Time 92.536888361
36
Depth 3
Remaining Time 87.8873004913
40
Depth 2
Remaining Time 87.4488694668
37
Depth 3
Remaining Time 78.4808335304
30
Depth 3
Remaining Time 73.1069536209
35
Depth 3
Remaining Time 67.7962145805
39
Depth 3
Remaining Time 64.7411925793
31
Depth 3
Remaining Time 62.6286916733
25
Depth 3
Remaining Time 59.2628617287
25
Depth 3
Remaining Time 56.5804858208
23
Depth 3
Remaining Time 55.3958220482
19
Depth 4
Remaining Time 43.3318421841
21
Depth 3
Remaining Time 41.8564321995
20
Depth 3
Remaining Time 40.7926931381
17
Depth 4
Remaining Time 32.3354020119
14
Depth 4
Remaining Time 26.8793091774
18
Depth 4
Remaining Time 15.4819412231
***********************************

-> You are player 1
-> You are alloted a time of 120s

***********************************

Time remaining is: 120s
You played : P 1 1
P 1 1 True
Player 2 played : P 1 3
P 1 3 True
Time remaining is: 120s
You played : P 0 0
P 0 0 True
Player 2 played : P 3 2
P 3 2 True
Time remaining is: 120s
You played : P 2 1
P 2 1 True
Player 2 played : P 3 10
P 3 10 True
Time remaining is: 120s
You played : P 2 8
P 2 8 True
Player 2 played : P 5 3
P 5 3 True
Time remaining is: 120s
You played : P 1 2
P 1 2 True
Player 2 played : P 4 21
P 4 21 True
Time remaining is: 120s
You played : S 2 1 M 1 0
S 2 1 True
M 1 0 True
Player 2 played : S 3 10 M 1 4
S 3 10 True
M 1 4 True
Time remaining is: 119s
You played : S 1 0 M 1 5
S 1 0 True
M 1 5 True
Player 2 played : S 5 3 M 3 6
S 5 3 True
M 3 6 True
Time remaining is: 119s
You played : S 1 1 M 2 3
S 1 1 True
M 2 3 True
Player 2 played : S 4 21 M 3 14
S 4 21 True
M 3 14 True
Time remaining is: 118s
You played : S 2 3 M 2 2
S 2 3 True
M 2 2 True
Player 2 played : S 3 14 M 2 9
S 3 14 True
M 2 9 True
Time remaining is: 118s
You played : S 1 5 M 2 11
S 1 5 True
M 2 11 True
Player 2 played : S 3 2 M 3 3
S 3 2 True
M 3 3 True
Time remaining is: 116s
You played : S 2 11 M 3 17
S 2 11 True
M 3 17 True
Player 2 played : S 2 9 M 4 3
S 2 9 True
M 4 3 True
Time remaining is: 111s
You played : S 0 0 M 2 0
S 0 0 True
M 2 0 True
Player 2 played : S 3 6 M 3 4
S 3 6 True
M 3 4 True
Time remaining is: 111s
You played : S 2 8 M 3 13
S 2 8 True
M 3 13 True
Player 2 played : S 3 4 M 3 5
S 3 4 True
M 3 5 True
Time remaining is: 111s
You played : S 3 17 M 3 16
S 3 17 True
M 3 16 True
Player 2 played : S 1 4 M 4 23
S 1 4 True
M 4 23 True
Time remaining is: 105s
You played : S 3 16 M 5 26
S 3 16 True
M 5 26 True
Player 2 played : S 1 3 M 2 5
S 1 3 True
M 2 5 True
Time remaining is: 101s
You played : S 1 2 M 2 7
S 1 2 True
M 2 7 True
Player 2 played : S 3 3 M 3 1
S 3 3 True
M 3 1 True
Time remaining is: 93s
You played : S 2 2 M 4 6
S 2 2 True
M 4 6 True
Player 2 played : S 3 5 M 2 4
S 3 5 True
M 2 4 True
Time remaining is: 88s
You played : S 2 0 M 2 10 RS 4 21 RE 1 1 X 2 7
S 2 0 True
M 2 10 True
RS 4 21 True
RE 1 1 True
X 2 7 True
Player 2 played : S 3 1 M 2 11
S 3 1 True
M 2 11 True
Time remaining is: 87s
You played : S 3 13 M 1 0
S 3 13 True
M 1 0 True
Player 2 played : S 2 5 M 1 1
S 2 5 True
M 1 1 True
Time remaining is: 78s
You played : S 1 0 M 3 0
S 1 0 True
M 3 0 True
Player 2 played : S 1 1 M 3 12 RS 2 5 RE 3 1 X 3 12
S 1 1 True
M 3 12 True
RS 2 5 True
RE 3 1 True
X 3 12 True
Time remaining is: 73s
You played : S 2 10 M 1 2
S 2 10 True
M 1 2 True
Player 2 played : S 2 11 M 2 7
S 2 11 True
M 2 7 True
Time remaining is: 68s
You played : S 5 26 M 1 1
S 5 26 True
M 1 1 True
Player 2 played : S 4 23 M 4 22
S 4 23 True
M 4 22 True
Time remaining is: 65s
You played : S 1 1 M 2 1
S 1 1 True
M 2 1 True
Player 2 played : S 4 3 M 4 4
S 4 3 True
M 4 4 True
Time remaining is: 63s
You played : S 3 0 M 3 16
S 3 0 True
M 3 16 True
Player 2 played : S 4 4 M 3 12
S 4 4 True
M 3 12 True
Time remaining is: 59s
You played : S 2 1 M 5 4
S 2 1 True
M 5 4 True
Player 2 played : S 3 12 M 3 9
S 3 12 True
M 3 9 True
Time remaining is: 56s
You played : S 5 4 M 5 2
S 5 4 True
M 5 2 True
Player 2 played : S 3 9 M 4 7
S 3 9 True
M 4 7 True
Time remaining is: 55s
You played : S 5 2 M 4 1
S 5 2 True
M 4 1 True
Player 2 played : S 2 7 M 5 29
S 2 7 True
M 5 29 True
Time remaining is: 43s
You played : S 1 2 M 3 1
S 1 2 True
M 3 1 True
Player 2 played : S 2 4 M 3 15 RS 2 7 RE 3 17 X 5 29
S 2 4 True
M 3 15 True
RS 2 7 True
RE 3 17 True
X 5 29 True
Time remaining is: 42s
You played : S 4 6 M 2 5 RS 5 3 RE 3 5 X 2 5
S 4 6 True
M 2 5 True
RS 5 3 True
RE 3 5 True
X 2 5 True
Player 2 played : S 4 7 M 3 5
S 4 7 True
M 3 5 True
Time remaining is: 40s
You played : S 4 1 M 3 17
S 4 1 True
M 3 17 True
Player 2 played : S 3 15 M 1 5
S 3 15 True
M 1 5 True
Time remaining is: 32s
You played : S 3 17 M 3 4
S 3 17 True
M 3 4 True
Player 2 played : S 1 5 M 4 17
S 1 5 True
M 4 17 True
Time remaining is: 26s
You played : S 3 16 M 22
Depth 2
Remaining Time 15.3017132282
3 11
S 3 16 True
M 3 11 True
Player 2 played : S 4 22 M 4 21
S 4 22 True
M 4 21 True
Time remaining is: 15s
You played : S 3 1 M 5 28 RS 3 16 RE 5 2 X 3 11
S 3 1 True
M 5 28 True
RS 3 16 True
RE 5 2 True
X 3 11 True
YOU WIN!
Your Score : 8.015
Opponent's Score : 2.015
