***********************************

-> You are player 2
-> You are alloted a time of 120s

***********************************

Player 1 played : P 0 0
P 0 0 True
Time remaining is: 120s
You played : P 3 6
P 3 6 True
Player 1 played : P 1 0
P 1 0 True
Time remaining is: 120s
You played : P 1 2
P 1 2 True
Player 1 played : P 1 1
P 1 1 True
Time remaining is: 120s
You played : P 2 0
P 2 0 True
Player 1 played : P 1 3
P 1 3 True
Time remaining is: 120s
You played : P 2 2
P 2 2 True
Player 1 played : P 5 9
P 5 9 True
Time remaining is: 120s
You played : P 1 4
P 1 4 True
Player 1 played : S 1 1 M 2 1
S 1 1 True
M 2 1 True
Time remaining is: 120s
You played : S 2 2 M 4 10
S 2 2 True
M 4 10 True
Player 1 played : S 5 9 M 2 3
S 5 9 True
M 2 3 True
Time remaining is: 117s
You played : S 1 2 M 2 5
S 1 2 True
M 2 5 True
Player 1 played : S 1 0 M 2 11
S 1 0 True
M 2 11 True
Time remaining is: 112s
You played : S 2 5 M 3 8
S 2 5 True
M 3 8 True
Player 1 played : S 2 3 M 3 2
S 2 3 True
M 3 2 True
Time remaining is: 104s
You played : S 3 8 M 2 6
S 3 8 True
M 2 6 True
Player 1 played : S 2 11 M 3 16
S 2 11 True
M 3 16 True
Time remaining is: 100s
You played : S 2 0 M 2 10
S 2 0 True
M 2 10 True
Player 1 played : S 2 1 M 3 17
S 2 1 True
M 3 17 True
Time remaining is: 93s
You played : S 4 10 M 4 11
S 4 10 True
M 4 11 True
Player 1 played : S 3 16 M 4 22
S 3 16 True
M 4 22 True
Time remaining is: 87s
You played : S 2 10 M 1 5
S 2 10 True
M 1 5 True
Player 1 played : S 3 17 M 3 0
S 3 17 True
M 3 0 True
Time remaining is: 75s
You played : S 4 11 M 5 14
S 4 11 True
M 5 14 True
Player 1 played : S 1 3 M 3 7
S 1 3 True
M 3 7 True
Time remaining is: 65s
You played : S 2 6 M 2 4
S 2 6 True
M 2 4 True
Player 1 played : S 4 22 M 4 23 RS 4 22 RE 2 2 X 3 7
S 4 22 True
M 4 23 True
RS 4 22 True
RE 2 2 True
X 3 7 True
Time remaining is: 59s
You played : S 5 14 M 4 15 RS 5 14 RE 1 2 X 3 6
S 5 14 True
M 4 15 True
RS 5 14 True
RE 1 2 True
X 3 6 True
Player 1 played : S 4 23 M 5 28
S 4 23 True
M 5 28 True
Time remaining is: 52s
You played : S 1 5 M 2 1
S 1 5 True
M 2 1 True
Player 1 played : S 3 0 M 3 1
S 3 0 True
M 3 1 True
Time remaining is: 51s
You played : S 2 4 M 3 5
S 2 4 True
M 3 5 True
Player 1 played : S 5 28 M 4 22
S 5 28 True
M 4 22 True
Time remaining is: 46s
You played : S 2 1 M 2 0
S 2 1 True
M 2 0 True
Player 1 played : S 3 2 M 2 9
S 3 2 True
M 2 9 True
Time remaining is: 42s
You played : S 3 5 M 4 21
S 3 5 True
M 4 21 True
Player 1 played : S 3 1 M 1 2 RS 5 28 RE 3 2 X 4 22
S 3 1 True
M 1 2 True
RS 5 28 True
RE 3 2 True
X 4 22 True
Time remaining is: 37s
You played : S 1 4 M 2 5
S 1 4 True
M 2 5 True
Player 1 played : S 0 0 M 3 9
S 0 0 True
M 3 9 True
Time remaining is: 36s
You played : S 2 0 M 2 2
S 2 0 True
M 2 2 True
Player 1 played : S 2 9 M 4 22
S 2 9 True
M 4 22 True
Time remaining is: 34s
You played : S 2 2 M 2 8
S 2 2 True
M 2 8 True
Player 1 played : S 3 9 M 3 0
S 3 9 True
M 3 0 True
Time remaining is: 32s
You played : S 4 21 M 4 7
S 4 21 True
M 4 7 True
Player 1 played : S 1 2 M 3 6 RS 2 10 RE 2 4 X 4 22
S 1 2 True
M 3 6 True
RS 2 10 True
RE 2 4 True
X 4 22 True
OTHER PLAYER WINS!
Your Score : 1.008
Opponent's Score : 9.009
