1 5 120 5
***********************************

-> You are player 1
-> You are alloted a time of 120s

***********************************

Time remaining is: 120s
You played : P 5 29
P 5 29 True
Player 2 played : P 1 1
P 1 1 True
Time remaining is: 120s
You played : P 2 1
P 2 1 True
Player 2 played : P 2 2
P 2 2 True
Time remaining is: 120s
You played : P 3 0
P 3 0 True
Player 2 played : P 3 14
P 3 14 True
Time remaining is: 120s
You played : P 5 22
P 5 22 True
Player 2 played : P 1 3
P 1 3 True
Time remaining is: 120s
You played : P 4 19
P 4 19 True
Player 2 played : P 3 1
P 3 1 True
Time remaining is: 120s
You played : S 5 29 M 4 0
S 5 29 True
M 4 0 True
Player 2 played : S 2 2 M 4 4
S 2 2 True
M 4 4 True
Time remaining is: 120s
You played : S 4 0 M 5 1
S 4 0 True
M 5 1 True
Player 2 played : S 1 1 M 0 0
S 1 1 True
M 0 0 True
Time remaining is: 120s
You played : S 5 1 M 5 2
S 5 1 True
M 5 2 True
Player 2 played : S 0 0 M 3 3
S 0 0 True
M 3 3 True
Time remaining is: 120s
You played : S 5 2 M 5 3
S 5 2 True
M 5 3 True
Player 2 played : S 3 3 M 1 4
S 3 3 True
M 1 4 True
Time remaining is: 120s
You played : S 5 3 M 3 4
S 5 3 True
M 3 4 True
Player 2 played : S 3 1 M 4 2
S 3 1 True
M 4 2 True
Time remaining is: 120s
You played : S 3 4 M 3 5
S 3 4 True
M 3 5 True
Player 2 played : S 4 2 M 2 0
S 4 2 True
M 2 0 True
Time remaining is: 116s
You played : S 2 1 M 4 3
S 2 1 True
M 4 3 True
Player 2 played : S 2 0 M 2 11
S 2 0 True
M 2 11 True
Time remaining is: 112s
You played : S 3 5 M 4 6
S 3 5 True
M 4 6 True
Player 2 played : S 1 3 M 4 5
S 1 3 True
M 4 5 True
Time remaining is: 111s
You played : S 4 6 M 3 17
S 4 6 True
M 3 17 True
Player 2 played : S 4 5 M 2 3
S 4 5 True
M 2 3 True
Time remaining is: 109s
You played : S 3 17 M 5 8
S 3 17 True
M 5 8 True
Player 2 played : S 2 3 M 5 6
S 2 3 True
M 5 6 True
Time remaining is: 109s
You played : S 4 3 M 3 2
S 4 3 True
M 3 2 True
Player 2 played : S 2 11 M 4 7
S 2 11 True
M 4 7 True
Time remaining is: 106s
You played : S 3 2 M 5 4
S 3 2 True
M 5 4 True
Player 2 played : S 5 6 M 1 2
S 5 6 True
M 1 2 True
Time remaining is: 104s
You played : S 3 0 M 1 0
S 3 0 True
M 1 0 True
Player 2 played : S 1 2 M 2 7
S 1 2 True
M 2 7 True
Time remaining is: 104s
You played : S 1 0 M 1 5 RS 4 0 RE 0 0 X 4 19
S 1 0 True
M 1 5 True
RS 4 0 True
RE 0 0 True
X 4 19 True
Player 2 played : S 2 7 M 3 11
S 2 7 True
M 3 11 True
Time remaining is: 104s
You played : S 1 5 M 3 13
S 1 5 True
M 3 13 True
Player 2 played : S 3 11 M 4 15
S 3 11 True
M 4 15 True
Time remaining is: 102s
You played : S 3 13 M 2 6
S 3 13 True
M 2 6 True
Player 2 played : S 4 15 M 5 19
S 4 15 True
M 5 19 True
Time remaining is: 102s
You played : S 2 6 M 5 7
S 2 6 True
M 5 7 True
Player 2 played : S 4 7 M 1 0
S 4 7 True
M 1 0 True
Time remaining is: 102s
You played : S 5 8 M 3 6
S 5 8 True
M 3 6 True
Player 2 played : S 1 0 M 0 0
S 1 0 True
M 0 0 True
Time remaining is: 102s
You played : S 5 7 M 2 4
S 5 7 True
M 2 4 True
Player 2 played : S 1 4 M 2 9
S 1 4 True
M 2 9 True
Time remaining is: 101s
You played : S 3 6 M 4 9
S 3 6 True
M 4 9 True
Player 2 played : S 0 0 M 3 9
S 0 0 True
M 3 9 True
Time remaining is: 101s
You played : S 4 9 M 4 8 RS 3 3 RE 4 9 X 4 8
S 4 9 True
M 4 8 True
RS 3 3 True
RE 4 9 True
X 4 8 True
Player 2 played : S 3 9 M 3 8 RS 3 9 RE 1 0 X 3 8
S 3 9 True
M 3 8 True
RS 3 9 True
RE 1 0 True
X 3 8 True
Time remaining is: 101s
You played : S 5 22 M 3 12
S 5 22 True
M 3 12 True
Player 2 played : S 5 19 M 1 3
S 5 19 True
M 1 3 True
Time remaining is: 101s
You played : S 2 4 M 5 18
S 2 4 True
M 5 18 True
Player 2 played : S 1 3 M 3 4
S 1 3 True
M 3 4 True
Time remaining is: 100s
You played : S 5 18 M 2 6
S 5 18 True
M 2 6 True
Player 2 played : S 3 4 M 3 3
S 3 4 True
M 3 3 True
Time remaining is: 100s
You played : S 5 4 M 1 0
S 5 4 True
M 1 0 True
Player 2 played : S 3 14 M 2 0
S 3 14 True
M 2 0 True
Time remaining is: 100s
You played : S 1 0 M 3 5
S 1 0 True
M 3 5 True
Player 2 played : S 2 0 M 0 0 RS 2 0 RE 4 6 X 0 0
S 2 0 True
M 0 0 True
RS 2 0 True
RE 4 6 True
X 0 0 True
Time remaining is: 100s
You played : S 3 12 M 0 0
S 3 12 True
M 0 0 True
Player 2 played : S 3 3 M 2 2
S 3 3 True
M 2 2 True
Time remaining is: 99s
You played : S 2 6 M 2 8 RS 3 17 RE 2 7 X 2 8
S 2 6 True
M 2 8 True
RS 3 17 True
RE 2 7 True
X 2 8 True
YOU WIN!
Your Score : 8.021
Opponent's Score : 2.009
