-----------------------------My Move P 5 29
  
            0     .              
         .     .     .           
      .     .     .     .        
   .     .     .     .     .     
      .     .     .     .        
   .     .     .     .     .     
.     .     .     .     .     .  
   .     .     .     .     .     
.     .     .     .     .     .  
   .     .     .     .     .     
.     .     .     .     .     .  
   .     .     .     .     .     
.     .     .     .     .     .  
   .     .     .     .     .     
      .     .     .     .        
   .     .     .     .     .     
      .     .     .     .        
         .     .     .           
            .     .              
-----------------------------Opp Move P 4 0
0:0 1:3 2:0 3:0 4:0 5:0 6:3 7:0 8:0 9:0 10:0 0:0 1:3 2:0 3:0 4:0 5:0 6:3 7:0 8:0 9:0 10:0   
            0     .              
         .     #     .           
      .     .     .     .        
   .     .     .     .     .     
      .     .     .     .        
   .     .     .     .     .     
.     .     .     .     .     .  
   .     .     .     .     .     
.     .     .     .     .     .  
   .     .     .     .     .     
.     .     .     .     .     .  
   .     .     .     .     .     
.     .     .     .     .     .  
   .     .     .     .     .     
      .     .     .     .        
   .     .     .     .     .     
      .     .     .     .        
         .     .     .           
            .     .              
-----------------------------My Move P 5 28
  
            0     .              
         0     #     .           
      .     .     .     .        
   .     .     .     .     .     
      .     .     .     .        
   .     .     .     .     .     
.     .     .     .     .     .  
   .     .     .     .     .     
.     .     .     .     .     .  
   .     .     .     .     .     
.     .     .     .     .     .  
   .     .     .     .     .     
.     .     .     .     .     .  
   .     .     .     .     .     
      .     .     .     .        
   .     .     .     .     .     
      .     .     .     .        
         .     .     .           
            .     .              
-----------------------------Opp Move P 4 3
0:0 1:5 2:1 3:0 4:0 5:0 6:5 7:1 8:0 9:0 10:0 0:0 1:6 2:0 3:0 4:0 5:0 6:6 7:0 8:0 9:0 10:0   
            0     .              
         0     #     .           
      .     .     .     .        
   .     .     .     .     .     
      .     .     .     #        
   .     .     .     .     .     
.     .     .     .     .     .  
   .     .     .     .     .     
.     .     .     .     .     .  
   .     .     .     .     .     
.     .     .     .     .     .  
   .     .     .     .     .     
.     .     .     .     .     .  
   .     .     .     .     .     
      .     .     .     .        
   .     .     .     .     .     
      .     .     .     .        
         .     .     .           
            .     .              
-----------------------------My Move P 5 27
  
            0     .              
         0     #     .           
      0     .     .     .        
   .     .     .     .     .     
      .     .     .     #        
   .     .     .     .     .     
.     .     .     .     .     .  
   .     .     .     .     .     
.     .     .     .     .     .  
   .     .     .     .     .     
.     .     .     .     .     .  
   .     .     .     .     .     
.     .     .     .     .     .  
   .     .     .     .     .     
      .     .     .     .        
   .     .     .     .     .     
      .     .     .     .        
         .     .     .           
            .     .              
-----------------------------Opp Move P 4 1
0:0 1:7 2:1 3:1 4:0 5:0 6:7 7:1 8:1 9:0 10:0 0:0 1:8 2:1 3:0 4:0 5:0 6:8 7:1 8:0 9:0 10:0   
            0     .              
         0     #     .           
      0     .     #     .        
   .     .     .     .     .     
      .     .     .     #        
   .     .     .     .     .     
.     .     .     .     .     .  
   .     .     .     .     .     
.     .     .     .     .     .  
   .     .     .     .     .     
.     .     .     .     .     .  
   .     .     .     .     .     
.     .     .     .     .     .  
   .     .     .     .     .     
      .     .     .     .        
   .     .     .     .     .     
      .     .     .     .        
         .     .     .           
            .     .              
-----------------------------My Move P 5 26
  
            0     .              
         0     #     .           
      0     .     #     .        
   0     .     .     .     .     
      .     .     .     #        
   .     .     .     .     .     
.     .     .     .     .     .  
   .     .     .     .     .     
.     .     .     .     .     .  
   .     .     .     .     .     
.     .     .     .     .     .  
   .     .     .     .     .     
.     .     .     .     .     .  
   .     .     .     .     .     
      .     .     .     .        
   .     .     .     .     .     
      .     .     .     .        
         .     .     .           
            .     .              
-----------------------------Opp Move P 4 4
0:0 1:9 2:1 3:1 4:1 5:0 6:9 7:1 8:1 9:1 10:0 0:0 1:10 2:2 3:0 4:0 5:0 6:10 7:2 8:0 9:0 10:0   
            0     .              
         0     #     .           
      0     .     #     .        
   0     .     .     .     .     
      .     .     .     #        
   .     .     .     .     #     
.     .     .     .     .     .  
   .     .     .     .     .     
.     .     .     .     .     .  
   .     .     .     .     .     
.     .     .     .     .     .  
   .     .     .     .     .     
.     .     .     .     .     .  
   .     .     .     .     .     
      .     .     .     .        
   .     .     .     .     .     
      .     .     .     .        
         .     .     .           
            .     .              
-----------------------------My Move P 5 1
  
            0     0              
         0     #     .           
      0     .     #     .        
   0     .     .     .     .     
      .     .     .     #        
   .     .     .     .     #     
.     .     .     .     .     .  
   .     .     .     .     .     
.     .     .     .     .     .  
   .     .     .     .     .     
.     .     .     .     .     .  
   .     .     .     .     .     
.     .     .     .     .     .  
   .     .     .     .     .     
      .     .     .     .        
   .     .     .     .     .     
      .     .     .     .        
         .     .     .           
            .     .              
-----------------------------Opp Move P 4 2
0:0 1:12 2:1 3:1 4:1 5:0 6:12 7:1 8:1 9:1 10:0 0:0 1:11 2:1 3:1 4:1 5:1 6:11 7:1 8:1 9:1 10:1   
            0     0              
         0     #     .           
      0     .     #     .        
   0     .     .     #     .     
      .     .     .     #        
   .     .     .     .     #     
.     .     .     .     .     .  
   .     .     .     .     .     
.     .     .     .     .     .  
   .     .     .     .     .     
.     .     .     .     .     .  
   .     .     .     .     .     
.     .     .     .     .     .  
   .     .     .     .     .     
      .     .     .     .        
   .     .     .     .     .     
      .     .     .     .        
         .     .     .           
            .     .              
-----------------------Eval=-24476
my ring out0
opp ring out0
-----------------------------My Move S 5 28 M 4 5
  
            0     0              
         o     #     .           
      0     .     #     .        
   0     .     .     #     .     
      .     .     .     #        
   .     .     .     .     #     
.     .     .     .     .     .  
   .     .     .     .     0     
.     .     .     .     .     .  
   .     .     .     .     .     
.     .     .     .     .     .  
   .     .     .     .     .     
.     .     .     .     .     .  
   .     .     .     .     .     
      .     .     .     .        
   .     .     .     .     .     
      .     .     .     .        
         .     .     .           
            .     .              
-----------------------------Opp Move S 4 3 M 3 3
0:0 1:15 2:1 3:1 4:1 5:0 6:13 7:1 8:0 9:1 10:0 0:0 1:12 2:3 3:1 4:1 5:1 6:11 7:2 8:1 9:0 10:1   
            0     0              
         o     #     .           
      0     .     #     .        
   0     .     .     #     .     
      .     .     .     x        
   .     .     .     .     #     
.     .     .     .     #     .  
   .     .     .     .     0     
.     .     .     .     .     .  
   .     .     .     .     .     
.     .     .     .     .     .  
   .     .     .     .     .     
.     .     .     .     .     .  
   .     .     .     .     .     
      .     .     .     .        
   .     .     .     .     .     
      .     .     .     .        
         .     .     .           
            .     .              
-----------------------Eval=-12507
my ring out0
opp ring out0
-----------------------------My Move S 5 1 M 5 4
  
            0     o              
         o     #     .           
      0     .     #     .        
   0     .     .     #     0     
      .     .     .     x        
   .     .     .     .     #     
.     .     .     .     #     .  
   .     .     .     .     0     
.     .     .     .     .     .  
   .     .     .     .     .     
.     .     .     .     .     .  
   .     .     .     .     .     
.     .     .     .     .     .  
   .     .     .     .     .     
      .     .     .     .        
   .     .     .     .     .     
      .     .     .     .        
         .     .     .           
            .     .              
-----------------------------Opp Move S 4 4 M 5 6
0:0 1:18 2:1 3:1 4:1 5:0 6:13 7:1 8:0 9:1 10:0 0:0 1:14 2:3 3:1 4:1 5:2 6:12 7:1 8:1 9:0 10:1   
            0     o              
         o     #     .           
      0     .     #     .        
   0     .     .     #     0     
      .     .     .     x        
   .     .     .     .     x     
.     .     .     .     #     #  
   .     .     .     .     0     
.     .     .     .     .     .  
   .     .     .     .     .     
.     .     .     .     .     .  
   .     .     .     .     .     
.     .     .     .     .     .  
   .     .     .     .     .     
      .     .     .     .        
   .     .     .     .     .     
      .     .     .     .        
         .     .     .           
            .     .              
-----------------------Eval=-545
my ring out0
opp ring out0
-----------------------------My Move S 4 5 M 3 4
  
            0     o              
         o     #     .           
      0     .     #     .        
   0     .     .     #     0     
      .     .     .     x        
   .     .     .     .     x     
.     .     .     .     #     #  
   .     .     .     .     o     
.     .     .     .     0     .  
   .     .     .     .     .     
.     .     .     .     .     .  
   .     .     .     .     .     
.     .     .     .     .     .  
   .     .     .     .     .     
      .     .     .     .        
   .     .     .     .     .     
      .     .     .     .        
         .     .     .           
            .     .              
-----------------------------Opp Move S 4 2 M 3 2
0:0 1:20 2:2 3:1 4:1 5:0 6:13 7:1 8:0 9:1 10:0 0:0 1:14 2:6 3:1 4:1 5:2 6:12 7:2 8:0 9:0 10:1   
            0     o              
         o     #     .           
      0     .     #     .        
   0     .     .     x     0     
      .     .     .     x        
   .     .     .     #     x     
.     .     .     .     #     #  
   .     .     .     .     o     
.     .     .     .     0     .  
   .     .     .     .     .     
.     .     .     .     .     .  
   .     .     .     .     .     
.     .     .     .     .     .  
   .     .     .     .     .     
      .     .     .     .        
   .     .     .     .     .     
      .     .     .     .        
         .     .     .           
            .     .              
-----------------------Eval=-552
my ring out0
opp ring out0
-----------------------------My Move S 5 29 M 3 17
  
            o     o              
         o     #     .           
      0     .     #     .        
   0     .     .     x     0     
      .     0     .     x        
   .     .     .     #     x     
.     .     .     .     #     #  
   .     .     .     .     o     
.     .     .     .     0     .  
   .     .     .     .     .     
.     .     .     .     .     .  
   .     .     .     .     .     
.     .     .     .     .     .  
   .     .     .     .     .     
      .     .     .     .        
   .     .     .     .     .     
      .     .     .     .        
         .     .     .           
            .     .              
-----------------------------Opp Move S 4 0 M 3 0
0:0 1:23 2:2 3:1 4:1 5:0 6:14 7:1 8:0 9:0 10:0 0:0 1:15 2:8 3:1 4:1 5:2 6:11 7:3 8:0 9:0 10:1   
            o     o              
         o     x     .           
      0     .     #     .        
   0     .     #     x     0     
      .     0     .     x        
   .     .     .     #     x     
.     .     .     .     #     #  
   .     .     .     .     o     
.     .     .     .     0     .  
   .     .     .     .     .     
.     .     .     .     .     .  
   .     .     .     .     .     
.     .     .     .     .     .  
   .     .     .     .     .     
      .     .     .     .        
   .     .     .     .     .     
      .     .     .     .        
         .     .     .           
            .     .              
-----------------------Eval=-25512
my ring out0
opp ring out0
-----------------------------My Move S 5 4 M 4 6
  
            o     o              
         o     x     .           
      0     .     #     .        
   0     .     #     x     o     
      .     0     .     x        
   .     .     .     #     o     
.     .     .     .     #     #  
   .     .     .     .     x     
.     .     .     .     0     .  
   .     .     .     .     0     
.     .     .     .     .     .  
   .     .     .     .     .     
.     .     .     .     .     .  
   .     .     .     .     .     
      .     .     .     .        
   .     .     .     .     .     
      .     .     .     .        
         .     .     .           
            .     .              
-----------------------------Opp Move S 4 1 M 3 1
0:0 1:25 2:3 3:1 4:1 5:0 6:13 7:2 8:0 9:0 10:0 0:0 1:15 2:10 3:2 4:2 5:1 6:11 7:2 8:1 9:1 10:0   
            o     o              
         o     x     .           
      0     .     x     .        
   0     .     #     x     o     
      .     0     #     x        
   .     .     .     #     o     
.     .     .     .     #     #  
   .     .     .     .     x     
.     .     .     .     0     .  
   .     .     .     .     0     
.     .     .     .     .     .  
   .     .     .     .     .     
.     .     .     .     .     .  
   .     .     .     .     .     
      .     .     .     .        
   .     .     .     .     .     
      .     .     .     .        
         .     .     .           
            .     .              
-----------------------Eval=-25590
my ring out0
opp ring out0
-----------------------------My Move S 4 6 M 5 7
  
            o     o              
         o     x     .           
      0     .     x     .        
   0     .     #     x     o     
      .     0     #     x        
   .     .     .     #     o     
.     .     .     .     #     #  
   .     .     .     .     x     
.     .     .     .     0     0  
   .     .     .     .     o     
.     .     .     .     .     .  
   .     .     .     .     .     
.     .     .     .     .     .  
   .     .     .     .     .     
      .     .     .     .        
   .     .     .     .     .     
      .     .     .     .        
         .     .     .           
            .     .              
-----------------------------Opp Move S 3 1 M 2 0
0:0 1:27 2:4 3:1 4:1 5:0 6:13 7:2 8:0 9:0 10:0 0:0 1:16 2:10 3:4 4:2 5:1 6:11 7:2 8:1 9:1 10:0   
            o     o              
         o     x     .           
      0     .     x     .        
   0     .     #     x     o     
      .     0     x     x        
   .     .     #     #     o     
.     .     .     .     #     #  
   .     .     .     .     x     
.     .     .     .     0     0  
   .     .     .     .     o     
.     .     .     .     .     .  
   .     .     .     .     .     
.     .     .     .     .     .  
   .     .     .     .     .     
      .     .     .     .        
   .     .     .     .     .     
      .     .     .     .        
         .     .     .           
            .     .              
-----------------------Eval=-25592
my ring out0
opp ring out0
-----------------------------My Move S 3 17 M 4 23
  
            o     o              
         o     x     .           
      0     0     x     .        
   0     .     #     x     o     
      .     o     x     x        
   .     .     #     #     o     
.     .     .     .     #     #  
   .     .     .     .     x     
.     .     .     .     0     0  
   .     .     .     .     o     
.     .     .     .     .     .  
   .     .     .     .     .     
.     .     .     .     .     .  
   .     .     .     .     .     
      .     .     .     .        
   .     .     .     .     .     
      .     .     .     .        
         .     .     .           
            .     .              
-----------------------------Opp Move S 3 2 M 2 3
0:0 1:27 2:6 3:2 4:1 5:0 6:11 7:4 8:0 9:0 10:0 0:0 1:19 2:10 3:4 4:2 5:1 6:12 7:2 8:0 9:1 10:0   
            o     o              
         o     x     .           
      0     0     x     .        
   0     .     #     x     o     
      .     o     x     x        
   .     .     #     x     o     
.     .     .     .     #     #  
   .     .     .     .     x     
.     .     .     .     0     0  
   .     .     .     #     o     
.     .     .     .     .     .  
   .     .     .     .     .     
.     .     .     .     .     .  
   .     .     .     .     .     
      .     .     .     .        
   .     .     .     .     .     
      .     .     .     .        
         .     .     .           
            .     .              
-----------------------Eval=-23522
my ring out0
opp ring out0
-----------------------------My Move S 3 4 M 2 2
  
            o     o              
         o     x     .           
      0     0     x     .        
   0     .     #     x     o     
      .     o     x     x        
   .     .     #     x     o     
.     .     .     .     #     #  
   .     .     .     0     x     
.     .     .     .     o     0  
   .     .     .     #     o     
.     .     .     .     .     .  
   .     .     .     .     .     
.     .     .     .     .     .  
   .     .     .     .     .     
      .     .     .     .        
   .     .     .     .     .     
      .     .     .     .        
         .     .     .           
            .     .              
-----------------------------Opp Move S 2 0 M 2 1
0:0 1:29 2:6 3:3 4:1 5:0 6:11 7:4 8:0 9:0 10:0 0:0 1:19 2:11 3:6 4:2 5:1 6:11 7:3 8:0 9:1 10:0   
            o     o              
         o     x     .           
      0     0     x     .        
   0     .     #     x     o     
      .     o     x     x        
   .     .     x     x     o     
.     .     .     #     #     #  
   .     .     .     0     x     
.     .     .     .     o     0  
   .     .     .     #     o     
.     .     .     .     .     .  
   .     .     .     .     .     
.     .     .     .     .     .  
   .     .     .     .     .     
      .     .     .     .        
   .     .     .     .     .     
      .     .     .     .        
         .     .     .           
            .     .              
-----------------------Eval=1551
my ring out0
opp ring out0
-----------------------------My Move S 4 23 M 2 11
  
            o     o              
         o     x     .           
      0     o     x     .        
   0     .     #     x     o     
      .     x     x     x        
   .     .     x     x     o     
.     .     0     #     #     #  
   .     .     .     0     x     
.     .     .     .     o     0  
   .     .     .     #     o     
.     .     .     .     .     .  
   .     .     .     .     .     
.     .     .     .     .     .  
   .     .     .     .     .     
      .     .     .     .        
   .     .     .     .     .     
      .     .     .     .        
         .     .     .           
            .     .              
-----------------------------Opp Move S 3 3 M 5 3
0:0 1:31 2:8 3:2 4:1 5:0 6:13 7:2 8:0 9:0 10:0 0:0 1:22 2:10 3:7 4:2 5:1 6:10 7:3 8:1 9:1 10:0   
            o     o              
         o     x     .           
      0     o     x     #        
   0     .     #     x     o     
      .     x     x     o        
   .     .     x     x     o     
.     .     0     #     x     #  
   .     .     .     0     x     
.     .     .     .     o     0  
   .     .     .     #     o     
.     .     .     .     .     .  
   .     .     .     .     .     
.     .     .     .     .     .  
   .     .     .     .     .     
      .     .     .     .        
   .     .     .     .     .     
      .     .     .     .        
         .     .     .           
            .     .              
-----------------------Eval=-197800
my ring out0
opp ring out0
-----------------------------My Move S 2 2 M 5 2
  
            o     o              
         o     x     0           
      0     o     x     #        
   0     .     #     o     o     
      .     x     x     o        
   .     .     x     o     o     
.     .     0     #     x     #  
   .     .     .     o     x     
.     .     .     .     o     0  
   .     .     .     #     o     
.     .     .     .     .     .  
   .     .     .     .     .     
.     .     .     .     .     .  
   .     .     .     .     .     
      .     .     .     .        
   .     .     .     .     .     
      .     .     .     .        
         .     .     .           
            .     .              
-----------------------------Opp Move S 2 1 M 5 8 RS 3 17 RE 3 4 X 3 0
0:0 1:29 2:8 3:4 4:1 5:0 6:12 7:2 8:1 9:0 10:0 0:0 1:24 2:6 3:0 4:0 5:0 6:10 7:2 8:0 9:0 10:0   
            o     o              
         o     x     0           
      0     o     x     #        
   0     .     .     o     o     
      .     .     x     o        
   .     .     .     o     o     
.     .     0     .     x     #  
   .     .     .     .     x     
.     .     .     .     .     0  
   .     .     .     #     x     
.     .     .     .     .     #  
   .     .     .     .     .     
.     .     .     .     .     .  
   .     .     .     .     .     
      .     .     .     .        
   .     .     .     .     .     
      .     .     .     .        
         .     .     .           
            .     .              
-----------------------Eval=-173463
my ring out0
opp ring out1
-----------------------------My Move S 5 27 M 3 17
  
            o     o              
         o     x     0           
      o     o     x     #        
   0     .     .     o     o     
      .     0     x     o        
   .     .     .     o     o     
.     .     0     .     x     #  
   .     .     .     .     x     
.     .     .     .     .     0  
   .     .     .     #     x     
.     .     .     .     .     #  
   .     .     .     .     .     
.     .     .     .     .     .  
   .     .     .     .     .     
      .     .     .     .        
   .     .     .     .     .     
      .     .     .     .        
         .     .     .           
            .     .              
-----------------------------Opp Move S 2 3 M 3 5
0:0 1:30 2:8 3:5 4:2 5:0 6:12 7:2 8:1 9:0 10:0 0:0 1:25 2:8 3:0 4:0 5:0 6:9 7:3 8:0 9:0 10:0   
            o     o              
         o     x     0           
      o     o     x     #        
   0     .     .     o     o     
      .     0     x     o        
   .     .     .     o     o     
.     .     0     .     x     #  
   .     .     .     .     x     
.     .     .     .     .     0  
   .     .     .     x     x     
.     .     .     .     #     #  
   .     .     .     .     .     
.     .     .     .     .     .  
   .     .     .     .     .     
      .     .     .     .        
   .     .     .     .     .     
      .     .     .     .        
         .     .     .           
            .     .              
-----------------------Eval=-148952
my ring out0
opp ring out1
-----------------------------My Move S 2 11 M 1 5
  
            o     o              
         o     x     0           
      o     o     x     #        
   0     .     .     o     o     
      .     0     x     o        
   .     .     .     o     o     
.     .     o     .     x     #  
   .     .     .     .     x     
.     .     0     .     .     0  
   .     .     .     x     x     
.     .     .     .     #     #  
   .     .     .     .     .     
.     .     .     .     .     .  
   .     .     .     .     .     
      .     .     .     .        
   .     .     .     .     .     
      .     .     .     .        
         .     .     .           
            .     .              
-----------------------------Opp Move S 5 3 M 3 4
0:0 1:34 2:8 3:3 4:2 5:1 6:12 7:1 8:2 9:0 10:0 0:0 1:24 2:9 3:2 4:1 5:0 6:7 7:3 8:1 9:1 10:0   
            o     o              
         o     x     0           
      o     o     x     x        
   0     .     .     o     o     
      .     0     x     x        
   .     .     .     o     o     
.     .     o     .     o     #  
   .     .     .     .     x     
.     .     0     .     #     0  
   .     .     .     x     x     
.     .     .     .     #     #  
   .     .     .     .     .     
.     .     .     .     .     .  
   .     .     .     .     .     
      .     .     .     .        
   .     .     .     .     .     
      .     .     .     .        
         .     .     .           
            .     .              
-----------------------Eval=-29
my ring out0
opp ring out1
-----------------------------My Move S 3 17 M 2 2
  
            o     o              
         o     x     0           
      o     o     x     x        
   0     .     .     o     o     
      .     o     x     x        
   .     .     .     o     o     
.     .     o     .     o     #  
   .     .     .     0     x     
.     .     0     .     #     0  
   .     .     .     x     x     
.     .     .     .     #     #  
   .     .     .     .     .     
.     .     .     .     .     .  
   .     .     .     .     .     
      .     .     .     .        
   .     .     .     .     .     
      .     .     .     .        
         .     .     .           
            .     .              
-----------------------------Opp Move S 3 5 M 1 1
0:0 1:37 2:8 3:4 4:3 5:2 6:12 7:2 8:0 9:0 10:1 0:0 1:26 2:8 3:2 4:0 5:0 6:9 7:1 8:2 9:0 10:0   
            o     o              
         o     x     0           
      o     o     x     x        
   0     .     .     o     o     
      .     o     x     x        
   .     .     .     o     o     
.     .     o     .     o     #  
   .     .     .     0     x     
.     .     0     #     #     0  
   .     .     .     o     x     
.     .     .     .     x     #  
   .     .     .     .     .     
.     .     .     .     .     .  
   .     .     .     .     .     
      .     .     .     .        
   .     .     .     .     .     
      .     .     .     .        
         .     .     .           
            .     .              
-----------------------Eval=26003
my ring out0
opp ring out1
-----------------------------My Move S 1 5 M 1 0 RS 1 5 RE 5 29 X 5 7
  
            .     o              
         o     x     0           
      o     .     x     x        
   0     .     .     o     o     
      .     .     x     x        
   .     .     .     o     o     
.     .     .     .     o     #  
   .     .     0     0     x     
.     .     .     #     #     .  
   .     .     .     o     x     
.     .     .     .     x     #  
   .     .     .     .     .     
.     .     .     .     .     .  
   .     .     .     .     .     
      .     .     .     .        
   .     .     .     .     .     
      .     .     .     .        
         .     .     .           
            .     .              
-----------------------------Opp Move S 5 6 M 5 7
0:0 1:28 2:6 3:3 4:1 5:1 6:9 7:2 8:0 9:0 10:1 0:0 1:25 2:10 3:4 4:0 5:0 6:7 7:3 8:2 9:0 10:0   
            .     o              
         o     x     0           
      o     .     x     x        
   0     .     .     o     o     
      .     .     x     x        
   .     .     .     o     o     
.     .     .     .     o     x  
   .     .     0     0     x     
.     .     .     #     #     #  
   .     .     .     o     x     
.     .     .     .     x     #  
   .     .     .     .     .     
.     .     .     .     .     .  
   .     .     .     .     .     
      .     .     .     .        
   .     .     .     .     .     
      .     .     .     .        
         .     .     .           
            .     .              
-----------------------Eval=298945
my ring out1
opp ring out1
-----------------------------My Move S 5 2 M 3 0
  
            .     o              
         o     x     o           
      o     .     o     x        
   0     .     0     o     o     
      .     .     x     x        
   .     .     .     o     o     
.     .     .     .     o     x  
   .     .     0     0     x     
.     .     .     #     #     #  
   .     .     .     o     x     
.     .     .     .     x     #  
   .     .     .     .     .     
.     .     .     .     .     .  
   .     .     .     .     .     
      .     .     .     .        
   .     .     .     .     .     
      .     .     .     .        
         .     .     .           
            .     .              
-----------------------------Opp Move S 3 4 M 1 2
0:0 1:28 2:9 3:4 4:1 5:0 6:12 7:0 8:0 9:0 10:0 0:0 1:25 2:10 3:5 4:1 5:1 6:7 7:3 8:2 9:0 10:0   
            .     o              
         o     x     o           
      o     .     o     x        
   0     .     0     o     o     
      .     .     x     x        
   .     .     .     o     o     
.     .     .     .     o     x  
   .     .     0     0     x     
.     .     .     #     x     #  
   .     .     .     x     x     
.     .     .     #     x     #  
   .     .     .     .     .     
.     .     .     .     .     .  
   .     .     .     .     .     
      .     .     .     .        
   .     .     .     .     .     
      .     .     .     .        
         .     .     .           
            .     .              
-----------------------Eval=93
my ring out1
opp ring out1
-----------------------------My Move S 2 2 M 2 4 RS 2 3 RE 5 2 X 2 4
  
            .     o              
         o     x     .           
      o     .     o     x        
   0     .     0     .     o     
      .     .     x     x        
   .     .     .     .     o     
.     .     .     .     o     x  
   .     .     0     .     x     
.     .     .     #     x     #  
   .     .     .     .     x     
.     .     .     #     x     #  
   .     .     .     .     .     
.     .     .     .     .     .  
   .     .     .     .     .     
      .     .     .     .        
   .     .     .     .     .     
      .     .     .     .        
         .     .     .           
            .     .              
-----------------------------Opp Move S 5 7 M 3 2 RS 5 3 RE 3 5 X 1 2
0:0 1:24 2:4 3:2 4:0 5:0 6:9 7:0 8:0 9:0 10:0 0:0 1:19 2:4 3:1 4:0 5:0 6:7 7:2 8:0 9:0 10:0   
            .     o              
         o     x     .           
      o     .     o     .        
   0     .     0     .     o     
      .     .     x     .        
   .     .     .     #     o     
.     .     .     .     .     x  
   .     .     0     .     o     
.     .     .     #     .     x  
   .     .     .     .     x     
.     .     .     .     .     #  
   .     .     .     .     .     
.     .     .     .     .     .  
   .     .     .     .     .     
      .     .     .     .        
   .     .     .     .     .     
      .     .     .     .        
         .     .     .           
            .     .              
-----------------------Eval=89
my ring out2
opp ring out2
-----------------------------My Move S 3 0 M 3 17
  
            .     o              
         o     x     .           
      o     .     o     .        
   0     .     o     .     o     
      .     0     x     .        
   .     .     .     #     o     
.     .     .     .     .     x  
   .     .     0     .     o     
.     .     .     #     .     x  
   .     .     .     .     x     
.     .     .     .     .     #  
   .     .     .     .     .     
.     .     .     .     .     .  
   .     .     .     .     .     
      .     .     .     .        
   .     .     .     .     .     
      .     .     .     .        
         .     .     .           
            .     .              
-----------------------------Opp Move S 3 2 M 4 2
0:0 1:26 2:4 3:3 4:0 5:0 6:9 7:0 8:0 9:0 10:0 0:0 1:20 2:6 3:1 4:0 5:0 6:6 7:3 8:0 9:0 10:0   
            .     o              
         o     x     .           
      o     .     o     .        
   0     .     o     #     o     
      .     0     x     .        
   .     .     .     x     o     
.     .     .     .     .     x  
   .     .     0     .     o     
.     .     .     #     .     x  
   .     .     .     .     x     
.     .     .     .     .     #  
   .     .     .     .     .     
.     .     .     .     .     .  
   .     .     .     .     .     
      .     .     .     .        
   .     .     .     .     .     
      .     .     .     .        
         .     .     .           
            .     .              
-----------------------Eval=1115
my ring out2
opp ring out2
-----------------------------My Move S 3 17 M 3 16
  
            .     o              
         o     x     .           
      o     .     o     .        
   0     .     o     #     o     
      .     o     x     .        
   .     0     .     x     o     
.     .     .     .     .     x  
   .     .     0     .     o     
.     .     .     #     .     x  
   .     .     .     .     x     
.     .     .     .     .     #  
   .     .     .     .     .     
.     .     .     .     .     .  
   .     .     .     .     .     
      .     .     .     .        
   .     .     .     .     .     
      .     .     .     .        
         .     .     .           
            .     .              
-----------------------------Opp Move S 5 8 M 4 7
0:0 1:28 2:4 3:3 4:1 5:0 6:9 7:0 8:0 9:0 10:0 0:0 1:21 2:8 3:1 4:0 5:0 6:7 7:2 8:0 9:0 10:0   
            .     o              
         o     x     .           
      o     .     o     .        
   0     .     o     #     o     
      .     o     x     .        
   .     0     .     x     o     
.     .     .     .     .     x  
   .     .     0     .     o     
.     .     .     #     .     x  
   .     .     .     .     x     
.     .     .     .     .     x  
   .     .     .     .     #     
.     .     .     .     .     .  
   .     .     .     .     .     
      .     .     .     .        
   .     .     .     .     .     
      .     .     .     .        
         .     .     .           
            .     .              
-----------------------Eval=26065
my ring out2
opp ring out2
-----------------------------My Move S 3 16 M 3 15
  
            .     o              
         o     x     .           
      o     .     o     .        
   0     .     o     #     o     
      .     o     x     .        
   .     o     .     x     o     
.     0     .     .     .     x  
   .     .     0     .     o     
.     .     .     #     .     x  
   .     .     .     .     x     
.     .     .     .     .     x  
   .     .     .     .     #     
.     .     .     .     .     .  
   .     .     .     .     .     
      .     .     .     .        
   .     .     .     .     .     
      .     .     .     .        
         .     .     .           
            .     .              
-----------------------------Opp Move S 4 2 M 5 29
0:0 1:30 2:5 3:3 4:1 5:0 6:9 7:0 8:0 9:0 10:0 0:0 1:22 2:10 3:1 4:0 5:0 6:9 7:0 8:0 9:0 10:0   
            #     o              
         o     o     .           
      o     .     x     .        
   0     .     o     x     o     
      .     o     x     .        
   .     o     .     x     o     
.     0     .     .     .     x  
   .     .     0     .     o     
.     .     .     #     .     x  
   .     .     .     .     x     
.     .     .     .     .     x  
   .     .     .     .     #     
.     .     .     .     .     .  
   .     .     .     .     .     
      .     .     .     .        
   .     .     .     .     .     
      .     .     .     .        
         .     .     .           
            .     .              
-----------------------Eval=26036
my ring out2
opp ring out2
-----------------------------My Move S 1 0 M 2 0
  
            #     o              
         o     o     .           
      o     .     x     .        
   0     .     o     x     o     
      .     o     x     .        
   .     o     0     x     o     
.     0     .     .     .     x  
   .     .     o     .     o     
.     .     .     #     .     x  
   .     .     .     .     x     
.     .     .     .     .     x  
   .     .     .     .     #     
.     .     .     .     .     .  
   .     .     .     .     .     
      .     .     .     .        
   .     .     .     .     .     
      .     .     .     .        
         .     .     .           
            .     .              
-----------------------------Opp Move S 1 1 M 2 11
0:0 1:28 2:6 3:4 4:1 5:0 6:8 7:1 8:0 9:0 10:0 0:0 1:26 2:11 3:2 4:0 5:0 6:9 7:0 8:0 9:0 10:0   
            #     o              
         o     o     .           
      o     .     x     .        
   0     .     o     x     o     
      .     o     x     .        
   .     o     0     x     o     
.     0     #     .     .     x  
   .     .     x     .     o     
.     .     .     x     .     x  
   .     .     .     .     x     
.     .     .     .     .     x  
   .     .     .     .     #     
.     .     .     .     .     .  
   .     .     .     .     .     
      .     .     .     .        
   .     .     .     .     .     
      .     .     .     .        
         .     .     .           
            .     .              
-----------------------Eval=26099
my ring out2
opp ring out2
-----------------------------My Move S 2 0 M 0 0
  
            #     o              
         o     o     .           
      o     .     x     .        
   0     .     o     x     o     
      .     o     x     .        
   .     o     o     x     o     
.     0     #     .     .     x  
   .     .     o     .     o     
.     .     .     x     .     x  
   .     .     0     .     x     
.     .     .     .     .     x  
   .     .     .     .     #     
.     .     .     .     .     .  
   .     .     .     .     .     
      .     .     .     .        
   .     .     .     .     .     
      .     .     .     .        
         .     .     .           
            .     .              
-----------------------------Opp Move S 2 11 M 1 5
0:0 1:32 2:6 3:4 4:2 5:1 6:9 7:0 8:0 9:0 10:0 0:0 1:27 2:11 3:1 4:0 5:0 6:9 7:0 8:0 9:0 10:0   
            #     o              
         o     o     .           
      o     .     x     .        
   0     .     o     x     o     
      .     o     x     .        
   .     o     o     x     o     
.     0     x     .     .     x  
   .     .     o     .     o     
.     .     #     x     .     x  
   .     .     0     .     x     
.     .     .     .     .     x  
   .     .     .     .     #     
.     .     .     .     .     .  
   .     .     .     .     .     
      .     .     .     .        
   .     .     .     .     .     
      .     .     .     .        
         .     .     .           
            .     .              
-----------------------Eval=1000046
my ring out2
opp ring out2
-----------------------------My Move S 0 0 M 2 2 RS 0 0 RE 4 0 X 2 2
  
            #     o              
         o     .     .           
      o     .     x     .        
   0     .     .     x     o     
      .     o     x     .        
   .     o     .     x     o     
.     0     x     .     .     x  
   .     .     .     .     o     
.     .     #     o     .     x  
   .     .     .     .     x     
.     .     .     .     .     x  
   .     .     .     .     #     
.     .     .     .     .     .  
   .     .     .     .     .     
      .     .     .     .        
   .     .     .     .     .     
      .     .     .     .        
         .     .     .           
            .     .              
***********************************

-> You are player 1
-> You are alloted a time of 120s

***********************************

Time remaining is: 120s
You played : P 5 29
P 5 29 True
Player 2 played : P 4 0
P 4 0 True
Time remaining is: 120s
You played : P 5 28
P 5 28 True
Player 2 played : P 4 3
P 4 3 True
Time remaining is: 120s
You played : P 5 27
P 5 27 True
Player 2 played : P 4 1
P 4 1 True
Time remaining is: 120s
You played : P 5 26
P 5 26 True
Player 2 played : P 4 4
P 4 4 True
Time remaining is: 120s
You played : P 5 1
P 5 1 True
Player 2 played : P 4 2
P 4 2 True
Time remaining is: 120s
You played : S 5 28 M 4 5
S 5 28 True
M 4 5 True
Player 2 played : S 4 3 M 3 3
S 4 3 True
M 3 3 True
Time remaining is: 120s
You played : S 5 1 M 5 4
S 5 1 True
M 5 4 True
Player 2 played : S 4 4 M 5 6
S 4 4 True
M 5 6 True
Time remaining is: 120s
You played : S 4 5 M 3 4
S 4 5 True
M 3 4 True
Player 2 played : S 4 2 M 3 2
S 4 2 True
M 3 2 True
Time remaining is: 119s
You played : S 5 29 M 3 17
S 5 29 True
M 3 17 True
Player 2 played : S 4 0 M 3 0
S 4 0 True
M 3 0 True
Time remaining is: 119s
You played : S 5 4 M 4 6
S 5 4 True
M 4 6 True
Player 2 played : S 4 1 M 3 1
S 4 1 True
M 3 1 True
Time remaining is: 119s
You played : S 4 6 M 5 7
S 4 6 True
M 5 7 True
Player 2 played : S 3 1 M 2 0
S 3 1 True
M 2 0 True
Time remaining is: 118s
You played : S 3 17 M 4 23
S 3 17 True
M 4 23 True
Player 2 played : S 3 2 M 2 3
S 3 2 True
M 2 3 True
Time remaining is: 118s
You played : S 3 4 M 2 2
S 3 4 True
M 2 2 True
Player 2 played : S 2 0 M 2 1
S 2 0 True
M 2 1 True
Time remaining is: 118s
You played : S 4 23 M 2 11
S 4 23 True
M 2 11 True
Player 2 played : S 3 3 M 5 3
S 3 3 True
M 5 3 True
Time remaining is: 118s
You played : S 2 2 M 5 2
S 2 2 True
M 5 2 True
Player 2 played : S 2 1 M 5 8 RS 3 17 RE 3 4 X 3 0
S 2 1 True
M 5 8 True
RS 3 17 True
RE 3 4 True
X 3 0 True
Time remaining is: 117s
You played : S 5 27 M 3 17
S 5 27 True
M 3 17 True
Player 2 played : S 2 3 M 3 5
S 2 3 True
M 3 5 True
Time remaining is: 117s
You played : S 2 11 M 1 5
S 2 11 True
M 1 5 True
Player 2 played : S 5 3 M 3 4
S 5 3 True
M 3 4 True
Time remaining is: 117s
You played : S 3 17 M 2 2
S 3 17 True
M 2 2 True
Player 2 played : S 3 5 M 1 1
S 3 5 True
M 1 1 True
Time remaining is: 117s
You played : S 1 5 M 1 0 RS 1 5 RE 5 29 X 5 7
S 1 5 True
M 1 0 True
RS 1 5 True
RE 5 29 True
X 5 7 True
Player 2 played : S 5 6 M 5 7
S 5 6 True
M 5 7 True
Time remaining is: 117s
You played : S 5 2 M 3 0
S 5 2 True
M 3 0 True
Player 2 played : S 3 4 M 1 2
S 3 4 True
M 1 2 True
Time remaining is: 117s
You played : S 2 2 M 2 4 RS 2 3 RE 5 2 X 2 4
S 2 2 True
M 2 4 True
RS 2 3 True
RE 5 2 True
X 2 4 True
Player 2 played : S 5 7 M 3 2 RS 5 3 RE 3 5 X 1 2
S 5 7 True
M 3 2 True
RS 5 3 True
RE 3 5 True
X 1 2 True
Time remaining is: 117s
You played : S 3 0 M 3 17
S 3 0 True
M 3 17 True
Player 2 played : S 3 2 M 4 2
S 3 2 True
M 4 2 True
Time remaining is: 116s
You played : S 3 17 M 3 16
S 3 17 True
M 3 16 True
Player 2 played : S 5 8 M 4 7
S 5 8 True
M 4 7 True
Time remaining is: 116s
You played : S 3 16 M 3 15
S 3 16 True
M 3 15 True
Player 2 played : S 4 2 M 5 29
S 4 2 True
M 5 29 True
Time remaining is: 116s
You played : S 1 0 M 2 0
S 1 0 True
M 2 0 True
Player 2 played : S 1 1 M 2 11
S 1 1 True
M 2 11 True
Time remaining is: 116s
You played : S 2 0 M 0 0
S 2 0 True
M 0 0 True
Player 2 played : S 2 11 M 1 5
S 2 11 True
M 1 5 True
Time remaining is: 116s
You played : S 0 0 M 2 2 RS 0 0 RE 4 0 X 2 2
S 0 0 True
M 2 2 True
RS 0 0 True
RE 4 0 True
X 2 2 True
YOU WIN!
Your Score : 8.009
Opponent's Score : 2.009
