***********************************

-> You are player 1
-> You are alloted a time of 120s

***********************************

Time remaining is: 120s
You played : P 2 3
P 2 3 True
Player 2 played : P 0 0
P 0 0 True
Time remaining is: 120s
You played : P 2 1
P 2 1 True
Player 2 played : P 1 0
P 1 0 True
Time remaining is: 120s
You played : P 1 1
P 1 1 True
Player 2 played : P 1 2
P 1 2 True
Time remaining is: 120s
You played : P 2 11
P 2 11 True
Player 2 played : P 1 3
P 1 3 True
Time remaining is: 120s
You played : P 2 5
P 2 5 True
Player 2 played : P 1 4
P 1 4 True
Time remaining is: 120s
You played : S 2 11 M 1 5
S 2 11 True
M 1 5 True
Player 2 played : S 1 3 M 2 7
S 1 3 True
M 2 7 True
Time remaining is: 116s
You played : S 2 5 M 3 8
S 2 5 True
M 3 8 True
Player 2 played : S 2 7 M 3 10
S 2 7 True
M 3 10 True
Time remaining is: 113s
You played : S 3 8 M 2 6
S 3 8 True
M 2 6 True
Player 2 played : S 3 10 M 3 11
S 3 10 True
M 3 11 True
Time remaining is: 109s
You played : S 2 6 M 2 8
S 2 6 True
M 2 8 True
Player 2 played : S 1 2 M 4 11
S 1 2 True
M 4 11 True
Time remaining is: 107s
You played : S 2 3 M 3 7
S 2 3 True
M 3 7 True
Player 2 played : S 3 11 M 3 9
S 3 11 True
M 3 9 True
Time remaining is: 103s
You played : S 2 8 M 4 14
S 2 8 True
M 4 14 True
Player 2 played : S 4 11 M 5 14
S 4 11 True
M 5 14 True
Time remaining is: 100s
You played : S 4 14 M 2 4
S 4 14 True
M 2 4 True
Player 2 played : S 5 14 M 5 13
S 5 14 True
M 5 13 True
Time remaining is: 98s
You played : S 3 7 M 4 9
S 3 7 True
M 4 9 True
Player 2 played : S 5 13 M 4 10
S 5 13 True
M 4 10 True
Time remaining is: 96s
You played : S 1 5 M 2 9
S 1 5 True
M 2 9 True
Player 2 played : S 1 4 M 4 13
S 1 4 True
M 4 13 True
Time remaining is: 94s
You played : S 4 9 M 3 4
S 4 9 True
M 3 4 True
Player 2 played : S 3 9 M 3 12 RS 5 13 RE 3 11 X 3 12
S 3 9 True
M 3 12 True
RS 5 13 True
RE 3 11 True
X 3 12 True
Time remaining is: 93s
You played : S 3 4 M 3 11
S 3 4 True
M 3 11 True
Player 2 played : S 4 10 M 3 13
S 4 10 True
M 3 13 True
Time remaining is: 90s
You played : S 3 11 M 3 10
S 3 11 True
M 3 10 True
Player 2 played : S 0 0 M 3 9
S 0 0 True
M 3 9 True
Time remaining is: 87s
You played : S 1 1 M 3 12
S 1 1 True
M 3 12 True
Player 2 played : S 1 0 M 3 5
S 1 0 True
M 3 5 True
Time remaining is: 85s
You played : S 2 4 M 3 6
S 2 4 True
M 3 6 True
Player 2 played : S 4 13 M 4 12
S 4 13 True
M 4 12 True
Time remaining is: 83s
You played : S 2 9 M 2 10
S 2 9 True
M 2 10 True
Player 2 played : S 4 12 M 4 15
S 4 12 True
M 4 15 True
Time remaining is: 81s
You played : S 3 10 M 5 18
S 3 10 True
M 5 18 True
Player 2 played : S 4 15 M 4 5
S 4 15 True
M 4 5 True
Time remaining is: 78s
You played : RS 2 9 RE 3 7 X 5 18 S 3 6 M 4 7
RS 2 9 True
RE 3 7 True
X 5 18 True
S 3 6 True
M 4 7 True
Player 2 played : S 3 9 M 1 3
S 3 9 True
M 1 3 True
Time remaining is: 70s
ERROR : THIS CLIENT RAN OUT OF TIME!
