***********************************

-> You are player 2
-> You are alloted a time of 120s

***********************************

Player 1 played : P 0 0
P 0 0 True
Time remaining is: 120s
You played : P 2 5
P 2 5 True
Player 1 played : P 1 0
P 1 0 True
Time remaining is: 120s
You played : P 1 2
P 1 2 True
Player 1 played : P 1 1
P 1 1 True
Time remaining is: 120s
You played : P 2 11
P 2 11 True
Player 1 played : P 1 3
P 1 3 True
Time remaining is: 120s
You played : P 2 8
P 2 8 True
Player 1 played : P 1 4
P 1 4 True
Time remaining is: 120s
You played : P 1 5
P 1 5 True
Player 1 played : S 1 1 M 2 2
S 1 1 True
M 2 2 True
Time remaining is: 120s
You played : S 1 2 M 3 4
S 1 2 True
M 3 4 True
Player 1 played : S 2 2 M 2 0
S 2 2 True
M 2 0 True
Time remaining is: 119s
You played : S 1 5 M 3 15
S 1 5 True
M 3 15 True
Player 1 played : S 1 4 M 2 7
S 1 4 True
M 2 7 True
Time remaining is: 117s
You played : S 3 4 M 2 1
S 3 4 True
M 2 1 True
Player 1 played : S 2 7 M 2 6
S 2 7 True
M 2 6 True
Time remaining is: 116s
You played : S 2 11 M 3 10
S 2 11 True
M 3 10 True
Player 1 played : S 2 0 M 3 17
S 2 0 True
M 3 17 True
Time remaining is: 114s
You played : S 2 5 M 3 7
S 2 5 True
M 3 7 True
Player 1 played : S 1 3 M 2 9
S 1 3 True
M 2 9 True
Time remaining is: 112s
You played : S 3 7 M 2 4
S 3 7 True
M 2 4 True
Player 1 played : S 2 9 M 3 14
S 2 9 True
M 3 14 True
Time remaining is: 111s
You played : S 3 10 M 4 11
S 3 10 True
M 4 11 True
Player 1 played : S 2 6 M 3 9
S 2 6 True
M 3 9 True
Time remaining is: 110s
You played : S 2 8 M 2 10
S 2 8 True
M 2 10 True
Player 1 played : S 0 0 M 3 3
S 0 0 True
M 3 3 True
Time remaining is: 110s
You played : S 2 4 M 2 3
S 2 4 True
M 2 3 True
Player 1 played : S 1 0 M 3 16 RS 2 0 RE 2 6 X 3 14
S 1 0 True
M 3 16 True
RS 2 0 True
RE 2 6 True
X 3 14 True
Time remaining is: 109s
You played : S 2 10 M 0 0
S 2 10 True
M 0 0 True
Player 1 played : S 3 16 M 3 11
S 3 16 True
M 3 11 True
Time remaining is: 107s
You played : S 0 0 M 3 12
S 0 0 True
M 3 12 True
Player 1 played : S 3 17 M 4 13
S 3 17 True
M 4 13 True
Time remaining is: 107s
You played : S 2 1 M 3 13
S 2 1 True
M 3 13 True
Player 1 played : S 4 13 M 5 16
S 4 13 True
M 5 16 True
Time remaining is: 106s
You played : S 3 13 M 2 6
S 3 13 True
M 2 6 True
Player 1 played : S 3 11 M 1 3
S 3 11 True
M 1 3 True
Time remaining is: 106s
You played : S 2 6 M 4 18
S 2 6 True
M 4 18 True
Player 1 played : S 5 16 M 5 17
S 5 16 True
M 5 17 True
Time remaining is: 106s
You played : S 3 12 M 4 15
S 3 12 True
M 4 15 True
Player 1 played : S 3 9 M 3 8
S 3 9 True
M 3 8 True
Time remaining is: 105s
You played : S 4 11 M 4 17
S 4 11 True
M 4 17 True
Player 1 played : S 3 8 M 3 1 RS 2 1 RE 3 8 X 3 1
S 3 8 True
M 3 1 True
RS 2 1 True
RE 3 8 True
X 3 1 True
Time remaining is: 105s
You played : S 4 15 M 3 14 RS 4 11 RE 3 12 X 4 17
S 4 15 True
M 3 14 True
RS 4 11 True
RE 3 12 True
X 4 17 True
Player 1 played : S 1 3 M 3 11
S 1 3 True
M 3 11 True
Time remaining is: 104s
You played : S 3 15 M 3 0
S 3 15 True
M 3 0 True
Player 1 played : S 5 17 M 4 14
S 5 17 True
M 4 14 True
Time remaining is: 102s
You played : S 4 18 M 3 8
S 4 18 True
M 3 8 True
Player 1 played : S 3 11 M 4 17
S 3 11 True
M 4 17 True
Time remaining is: 101s
You played : S 3 8 M 1 1
S 3 8 True
M 1 1 True
Player 1 played : S 4 17 M 1 0
S 4 17 True
M 1 0 True
Time remaining is: 100s
You played : S 1 1 M 3 12
S 1 1 True
M 3 12 True
Player 1 played : S 1 0 M 3 9
S 1 0 True
M 3 9 True
Time remaining is: 97s
You played : RS 3 8 RE 3 13 X 3 14 S 3 12 M 2 8
RS 3 8 True
RE 3 13 True
X 3 14 True
S 3 12 True
M 2 8 True
ERROR : INVALID MOVE BY PLAYER 1 : Player 1 SCORE : 2.01 : Player 2 SCORE : 8.014 ,ON OTHER CLIENT
