2 5 120 5
SachchaKhiladi, by Sachin Kr Chauhan (2018CSZ8012)

Hex numbers -> 
                                       
                5     5                
             5     4     5             
          5     4     4     5          
       5     4     3     4     5       
          4     3     3     4          
       4     3     2     3     4       
    5     3     2     2     3     5    
       4     2     1     2     4       
    5     3     1     1     3     5    
       4     2     0     2     4       
    5     3     1     1     3     5    
       4     2     1     2     4       
    5     3     2     2     3     5    
       4     3     2     3     4       
          4     3     3     4          
       5     4     3     4     5       
          5     4     4     5          
             5     4     5             
                5     5                
                                       
Pos numbers -> 
                                       
                29     1               
             28     0     2            
          27    23     1     3         
       26    22     0     2     4      
          21    17     1     3         
       20    16     0     2     4      
    24    15    11     1     3     6   
       19    10     0     2     5      
    23    14     5     1     4     7   
       18     9     0     3     6      
    22    13     4     2     5     8   
       17     8     3     4     7      
    21    12     7     5     6     9   
       16    11     6     7     8      
          15    10     8     9         
       19    14     9    10    11      
          18    13    11    12         
             17    12    13            
                16    14               
                                       
OTH : Placed Ring @ (6,8)
OTH[1] 1 vs 0
.....___.....
..../   \....
.../     \...
../       \..
./         \.
/.         .\
|       a   |
|           |
|           |
|           |
|           |
|           |
|           |
|           |
|           |
\.         ./
.\         /.
..\       /..
...\     /...
....\   /....
.....---.....

OTH[2] 1 vs 0
.....___.....
..../   \....
.../     \...
../       \..
./         \.
/.         .\
|       a   |
|           |
|           |
|           |
|           |
|           |
|           |
|           |
|           |
\.         ./
.\         /.
..\       /..
...\     /...
....\   /....
.....---.....

+ mov = P 0 0 
SELF : Placed Ring @ (10,6)
SELF[3] 1 vs 1
.....___.....
..../   \....
.../     \...
../       \..
./         \.
/.         .\
|       a   |
|           |
|           |
|           |
|     A     |
|           |
|           |
|           |
|           |
\.         ./
.\         /.
..\       /..
...\     /...
....\   /....
.....---.....

***********************************

-> You are player 2
-> You are alloted a time of 120s

***********************************

Player 1 played : P 3 2 True
P 3 2 True
Time remaining is: 120s
You played : P 0 0
P 0 0 True
ERROR : INVALID MOVE BY PLAYER 1 : Player 1 SCORE : 0 : Player 2 SCORE : 10 ,ON OTHER CLIENT
