-----------------------------My Move P 5 14
  
            .     .              
         .     .     .           
      .     .     .     .        
   .     .     .     .     .     
      .     .     .     .        
   .     .     .     .     .     
.     .     .     .     .     .  
   .     .     .     .     .     
.     .     .     .     .     .  
   .     .     .     .     .     
.     .     .     .     .     .  
   .     .     .     .     .     
.     .     .     .     .     .  
   .     .     .     .     .     
      .     .     .     .        
   .     .     .     .     .     
      .     .     .     .        
         .     .     .           
            .     0              
-----------------------------Opp Move P 0 0
0:0 1:3 2:0 3:0 4:0 5:0 6:3 7:0 8:0 9:0 10:0 0:0 1:3 2:0 3:0 4:0 5:0 6:3 7:0 8:0 9:0 10:0   
            .     .              
         .     .     .           
      .     .     .     .        
   .     .     .     .     .     
      .     .     .     .        
   .     .     .     .     .     
.     .     .     .     .     .  
   .     .     .     .     .     
.     .     .     .     .     .  
   .     .     #     .     .     
.     .     .     .     .     .  
   .     .     .     .     .     
.     .     .     .     .     .  
   .     .     .     .     .     
      .     .     .     .        
   .     .     .     .     .     
      .     .     .     .        
         .     .     .           
            .     0              
-----------------------------My Move P 5 13
  
            .     .              
         .     .     .           
      .     .     .     .        
   .     .     .     .     .     
      .     .     .     .        
   .     .     .     .     .     
.     .     .     .     .     .  
   .     .     .     .     .     
.     .     .     .     .     .  
   .     .     #     .     .     
.     .     .     .     .     .  
   .     .     .     .     .     
.     .     .     .     .     .  
   .     .     .     .     .     
      .     .     .     .        
   .     .     .     .     .     
      .     .     .     .        
         .     .     0           
            .     0              
-----------------------------Opp Move P 3 8
0:0 1:5 2:1 3:0 4:0 5:0 6:5 7:1 8:0 9:0 10:0 0:0 1:6 2:0 3:0 4:0 5:0 6:6 7:0 8:0 9:0 10:0   
            .     .              
         .     .     .           
      .     .     .     .        
   .     .     .     .     .     
      .     .     .     .        
   .     .     .     .     .     
.     .     .     .     .     .  
   .     .     .     .     .     
.     .     .     .     .     .  
   .     .     #     .     .     
.     .     .     .     .     .  
   .     .     .     .     .     
.     .     .     .     .     .  
   .     .     .     .     .     
      .     .     #     .        
   .     .     .     .     .     
      .     .     .     .        
         .     .     0           
            .     0              
-----------------------------My Move P 5 12
  
            .     .              
         .     .     .           
      .     .     .     .        
   .     .     .     .     .     
      .     .     .     .        
   .     .     .     .     .     
.     .     .     .     .     .  
   .     .     .     .     .     
.     .     .     .     .     .  
   .     .     #     .     .     
.     .     .     .     .     .  
   .     .     .     .     .     
.     .     .     .     .     .  
   .     .     .     .     .     
      .     .     #     .        
   .     .     .     .     .     
      .     .     .     0        
         .     .     0           
            .     0              
-----------------------------Opp Move P 3 7
0:0 1:7 2:1 3:1 4:0 5:0 6:7 7:1 8:1 9:0 10:0 0:0 1:8 2:1 3:0 4:0 5:0 6:8 7:1 8:0 9:0 10:0   
            .     .              
         .     .     .           
      .     .     .     .        
   .     .     .     .     .     
      .     .     .     .        
   .     .     .     .     .     
.     .     .     .     .     .  
   .     .     .     .     .     
.     .     .     .     .     .  
   .     .     #     .     .     
.     .     .     .     .     .  
   .     .     .     .     .     
.     .     .     .     .     .  
   .     .     .     #     .     
      .     .     #     .        
   .     .     .     .     .     
      .     .     .     0        
         .     .     0           
            .     0              
-----------------------------My Move P 5 11
  
            .     .              
         .     .     .           
      .     .     .     .        
   .     .     .     .     .     
      .     .     .     .        
   .     .     .     .     .     
.     .     .     .     .     .  
   .     .     .     .     .     
.     .     .     .     .     .  
   .     .     #     .     .     
.     .     .     .     .     .  
   .     .     .     .     .     
.     .     .     .     .     .  
   .     .     .     #     .     
      .     .     #     .        
   .     .     .     .     0     
      .     .     .     0        
         .     .     0           
            .     0              
-----------------------------Opp Move P 4 16
0:0 1:9 2:1 3:1 4:1 5:0 6:9 7:1 8:1 9:1 10:0 0:0 1:11 2:1 3:0 4:0 5:0 6:11 7:1 8:0 9:0 10:0   
            .     .              
         .     .     .           
      .     .     .     .        
   .     .     .     .     .     
      .     .     .     .        
   .     .     .     .     .     
.     .     .     .     .     .  
   .     .     .     .     .     
.     .     .     .     .     .  
   .     .     #     .     .     
.     .     .     .     .     .  
   .     .     .     .     .     
.     .     .     .     .     .  
   #     .     .     #     .     
      .     .     #     .        
   .     .     .     .     0     
      .     .     .     0        
         .     .     0           
            .     0              
-----------------------------My Move P 5 16
  
            .     .              
         .     .     .           
      .     .     .     .        
   .     .     .     .     .     
      .     .     .     .        
   .     .     .     .     .     
.     .     .     .     .     .  
   .     .     .     .     .     
.     .     .     .     .     .  
   .     .     #     .     .     
.     .     .     .     .     .  
   .     .     .     .     .     
.     .     .     .     .     .  
   #     .     .     #     .     
      .     .     #     .        
   .     .     .     .     0     
      .     .     .     0        
         .     .     0           
            0     0              
-----------------------------Opp Move P 4 20
0:0 1:12 2:1 3:1 4:1 5:0 6:12 7:1 8:1 9:1 10:0 0:0 1:14 2:1 3:0 4:0 5:0 6:14 7:1 8:0 9:0 10:0   
            .     .              
         .     .     .           
      .     .     .     .        
   .     .     .     .     .     
      .     .     .     .        
   #     .     .     .     .     
.     .     .     .     .     .  
   .     .     .     .     .     
.     .     .     .     .     .  
   .     .     #     .     .     
.     .     .     .     .     .  
   .     .     .     .     .     
.     .     .     .     .     .  
   #     .     .     #     .     
      .     .     #     .        
   .     .     .     .     0     
      .     .     .     0        
         .     .     0           
            0     0              
-----------------------Eval=1041
my ring out0
opp ring out0
-----------------------------My Move S 5 11 M 4 7
  
            .     .              
         .     .     .           
      .     .     .     .        
   .     .     .     .     .     
      .     .     .     .        
   #     .     .     .     .     
.     .     .     .     .     .  
   .     .     .     .     .     
.     .     .     .     .     .  
   .     .     #     .     .     
.     .     .     .     .     .  
   .     .     .     .     0     
.     .     .     .     .     .  
   #     .     .     #     .     
      .     .     #     .        
   .     .     .     .     o     
      .     .     .     0        
         .     .     0           
            0     0              
-----------------------------Opp Move S 4 16 M 4 18
0:0 1:15 2:1 3:1 4:1 5:0 6:13 7:1 8:1 9:0 10:0 0:0 1:17 2:1 3:0 4:0 5:0 6:14 7:1 8:0 9:0 10:0   
            .     .              
         .     .     .           
      .     .     .     .        
   .     .     .     .     .     
      .     .     .     .        
   #     .     .     .     .     
.     .     .     .     .     .  
   .     .     .     .     .     
.     .     .     .     .     .  
   #     .     #     .     .     
.     .     .     .     .     .  
   .     .     .     .     0     
.     .     .     .     .     .  
   x     .     .     #     .     
      .     .     #     .        
   .     .     .     .     o     
      .     .     .     0        
         .     .     0           
            0     0              
-----------------------Eval=1522
my ring out0
opp ring out0
-----------------------------My Move S 5 16 M 4 8
  
            .     .              
         .     .     .           
      .     .     .     .        
   .     .     .     .     .     
      .     .     .     .        
   #     .     .     .     .     
.     .     .     .     .     .  
   .     .     .     .     .     
.     .     .     .     .     .  
   #     .     #     .     .     
.     .     .     .     .     .  
   .     .     .     .     0     
.     .     .     .     .     .  
   x     .     .     #     0     
      .     .     #     .        
   .     .     .     .     o     
      .     .     .     0        
         .     .     0           
            o     0              
-----------------------------Opp Move S 4 20 M 1 5
0:0 1:16 2:2 3:2 4:1 5:0 6:11 7:2 8:2 9:0 10:0 0:0 1:19 2:2 3:0 4:0 5:0 6:13 7:2 8:0 9:0 10:0   
            .     .              
         .     .     .           
      .     .     .     .        
   .     .     .     .     .     
      .     .     .     .        
   x     .     .     .     .     
.     .     .     .     .     .  
   .     .     .     .     .     
.     .     #     .     .     .  
   #     .     #     .     .     
.     .     .     .     .     .  
   .     .     .     .     0     
.     .     .     .     .     .  
   x     .     .     #     0     
      .     .     #     .        
   .     .     .     .     o     
      .     .     .     0        
         .     .     0           
            o     0              
-----------------------Eval=14061
my ring out0
opp ring out0
-----------------------------My Move S 4 7 M 4 5
  
            .     .              
         .     .     .           
      .     .     .     .        
   .     .     .     .     .     
      .     .     .     .        
   x     .     .     .     .     
.     .     .     .     .     .  
   .     .     .     .     0     
.     .     #     .     .     .  
   #     .     #     .     .     
.     .     .     .     .     .  
   .     .     .     .     o     
.     .     .     .     .     .  
   x     .     .     #     0     
      .     .     #     .        
   .     .     .     .     o     
      .     .     .     0        
         .     .     0           
            o     0              
-----------------------------Opp Move S 3 8 M 3 9
0:0 1:19 2:2 3:2 4:1 5:0 6:12 7:2 8:1 9:0 10:0 0:0 1:21 2:2 3:1 4:0 5:0 6:13 7:1 8:1 9:0 10:0   
            .     .              
         .     .     .           
      .     .     .     .        
   .     .     .     .     .     
      .     .     .     .        
   x     .     .     .     .     
.     .     .     .     .     .  
   .     .     .     .     0     
.     .     #     .     .     .  
   #     .     #     .     .     
.     .     .     .     .     .  
   .     .     .     .     o     
.     .     .     .     .     .  
   x     .     .     #     0     
      .     .     x     .        
   .     .     #     .     o     
      .     .     .     0        
         .     .     0           
            o     0              
-----------------------Eval=26044
my ring out0
opp ring out0
-----------------------------My Move S 5 12 M 3 6
  
            .     .              
         .     .     .           
      .     .     .     .        
   .     .     .     .     .     
      .     .     .     .        
   x     .     .     .     .     
.     .     .     .     .     .  
   .     .     .     .     0     
.     .     #     .     .     .  
   #     .     #     .     .     
.     .     .     .     .     .  
   .     .     .     .     o     
.     .     .     .     0     .  
   x     .     .     #     0     
      .     .     x     .        
   .     .     #     .     o     
      .     .     .     o        
         .     .     0           
            o     0              
-----------------------------Opp Move S 3 9 M 4 17
0:0 1:20 2:4 3:2 4:1 5:0 6:12 7:3 8:0 9:0 10:0 0:0 1:22 2:3 3:2 4:0 5:0 6:11 7:2 8:2 9:0 10:0   
            .     .              
         .     .     .           
      .     .     .     .        
   .     .     .     .     .     
      .     .     .     .        
   x     .     .     .     .     
.     .     .     .     .     .  
   .     .     .     .     0     
.     .     #     .     .     .  
   #     .     #     .     .     
.     .     .     .     .     .  
   #     .     .     .     o     
.     .     .     .     0     .  
   x     .     .     #     0     
      .     .     x     .        
   .     .     x     .     o     
      .     .     .     o        
         .     .     0           
            o     0              
-----------------------Eval=25550
my ring out0
opp ring out0
-----------------------------My Move S 4 5 M 4 6
  
            .     .              
         .     .     .           
      .     .     .     .        
   .     .     .     .     .     
      .     .     .     .        
   x     .     .     .     .     
.     .     .     .     .     .  
   .     .     .     .     o     
.     .     #     .     .     .  
   #     .     #     .     0     
.     .     .     .     .     .  
   #     .     .     .     o     
.     .     .     .     0     .  
   x     .     .     #     0     
      .     .     x     .        
   .     .     x     .     o     
      .     .     .     o        
         .     .     0           
            o     0              
-----------------------------Opp Move S 3 7 M 3 14
0:0 1:21 2:4 3:2 4:2 5:1 6:11 7:3 8:0 9:1 10:0 0:0 1:24 2:4 3:2 4:0 5:0 6:11 7:3 8:1 9:0 10:0   
            .     .              
         .     .     .           
      .     .     .     .        
   .     .     .     .     .     
      .     .     .     .        
   x     .     .     .     .     
.     .     .     .     .     .  
   .     .     .     .     o     
.     #     #     .     .     .  
   #     .     #     .     0     
.     .     .     .     .     .  
   #     .     .     .     o     
.     .     .     .     0     .  
   x     .     .     x     0     
      .     .     x     .        
   .     .     x     .     o     
      .     .     .     o        
         .     .     0           
            o     0              
-----------------------Eval=201520
my ring out0
opp ring out0
-----------------------------My Move S 3 6 M 4 13 RS 3 9 RE 4 7 X 4 13
  
            .     .              
         .     .     .           
      .     .     .     .        
   .     .     .     .     .     
      .     .     .     .        
   x     .     .     .     .     
.     .     .     .     .     .  
   .     .     .     .     o     
.     #     #     .     .     .  
   #     .     #     .     0     
.     .     .     .     .     .  
   #     .     .     .     .     
.     .     .     .     .     .  
   x     .     .     .     0     
      .     .     .     .        
   .     .     .     .     o     
      .     .     .     o        
         .     .     0           
            o     0              
-----------------------------Opp Move S 4 17 M 3 9
0:0 1:19 2:3 3:1 4:1 5:0 6:10 7:2 8:0 9:0 10:0 0:0 1:20 2:3 3:1 4:0 5:0 6:12 7:2 8:1 9:0 10:0   
            .     .              
         .     .     .           
      .     .     .     .        
   .     .     .     .     .     
      .     .     .     .        
   x     .     .     .     .     
.     .     .     .     .     .  
   .     .     .     .     o     
.     #     #     .     .     .  
   #     .     #     .     0     
.     .     .     .     .     .  
   x     .     .     .     .     
.     .     .     .     .     .  
   x     .     .     .     0     
      .     .     .     .        
   .     .     #     .     o     
      .     .     .     o        
         .     .     0           
            o     0              
-----------------------Eval=226045
my ring out1
opp ring out0
-----------------------------My Move S 4 6 M 4 7
  
            .     .              
         .     .     .           
      .     .     .     .        
   .     .     .     .     .     
      .     .     .     .        
   x     .     .     .     .     
.     .     .     .     .     .  
   .     .     .     .     o     
.     #     #     .     .     .  
   #     .     #     .     o     
.     .     .     .     .     .  
   x     .     .     .     0     
.     .     .     .     .     .  
   x     .     .     .     0     
      .     .     .     .        
   .     .     #     .     o     
      .     .     .     o        
         .     .     0           
            o     0              
-----------------------------Opp Move S 4 18 M 4 19
0:0 1:20 2:2 3:2 4:2 5:1 6:9 7:2 8:1 9:0 10:0 0:0 1:20 2:4 3:1 4:1 5:1 6:11 7:3 8:0 9:1 10:0   
            .     .              
         .     .     .           
      .     .     .     .        
   .     .     .     .     .     
      .     .     .     .        
   x     .     .     .     .     
.     .     .     .     .     .  
   #     .     .     .     o     
.     #     #     .     .     .  
   x     .     #     .     o     
.     .     .     .     .     .  
   x     .     .     .     0     
.     .     .     .     .     .  
   x     .     .     .     0     
      .     .     .     .        
   .     .     #     .     o     
      .     .     .     o        
         .     .     0           
            o     0              
-----------------------Eval=300049
my ring out1
opp ring out0
-----------------------------My Move S 4 7 M 3 6
  
            .     .              
         .     .     .           
      .     .     .     .        
   .     .     .     .     .     
      .     .     .     .        
   x     .     .     .     .     
.     .     .     .     .     .  
   #     .     .     .     o     
.     #     #     .     .     .  
   x     .     #     .     o     
.     .     .     .     .     .  
   x     .     .     .     o     
.     .     .     .     0     .  
   x     .     .     .     0     
      .     .     .     .        
   .     .     #     .     o     
      .     .     .     o        
         .     .     0           
            o     0              
-----------------------------Opp Move S 4 19 M 3 0 RS 4 16 RE 4 20 X 0 0
0:0 1:21 2:4 3:2 4:2 5:1 6:9 7:3 8:0 9:0 10:0 0:0 1:12 2:0 3:0 4:0 5:0 6:12 7:0 8:0 9:0 10:0   
            .     .              
         .     .     .           
      .     .     .     .        
   .     .     #     .     .     
      .     .     .     .        
   .     .     .     .     .     
.     .     .     .     .     .  
   .     .     .     .     o     
.     #     #     .     .     .  
   .     .     .     .     o     
.     .     .     .     .     .  
   .     .     .     .     o     
.     .     .     .     0     .  
   .     .     .     .     0     
      .     .     .     .        
   .     .     #     .     o     
      .     .     .     o        
         .     .     0           
            o     0              
-----------------------Eval=300547
my ring out1
opp ring out1
-----------------------------My Move S 4 8 M 4 9 RS 5 11 RE 4 5 X 3 6
  
            .     .              
         .     .     .           
      .     .     .     .        
   .     .     #     .     .     
      .     .     .     .        
   .     .     .     .     .     
.     .     .     .     .     .  
   .     .     .     .     .     
.     #     #     .     .     .  
   .     .     .     .     .     
.     .     .     .     .     .  
   .     .     .     .     .     
.     .     .     .     .     .  
   .     .     .     .     .     
      .     .     .     0        
   .     .     #     .     .     
      .     .     .     o        
         .     .     0           
            o     0              
-----------------------------Opp Move S 1 5 M 1 0
0:0 1:12 2:2 3:1 4:0 5:0 6:7 7:2 8:0 9:0 10:0 0:0 1:14 2:1 3:0 4:0 5:0 6:11 7:1 8:0 9:0 10:0   
            .     .              
         .     .     .           
      .     .     .     .        
   .     .     #     .     .     
      .     .     .     .        
   .     .     .     .     .     
.     .     .     .     .     .  
   .     .     #     .     .     
.     #     x     .     .     .  
   .     .     .     .     .     
.     .     .     .     .     .  
   .     .     .     .     .     
.     .     .     .     .     .  
   .     .     .     .     .     
      .     .     .     0        
   .     .     #     .     .     
      .     .     .     o        
         .     .     0           
            o     0              
-----------------------Eval=301015
my ring out2
opp ring out1
-----------------------------My Move S 4 9 M 5 11
  
            .     .              
         .     .     .           
      .     .     .     .        
   .     .     #     .     .     
      .     .     .     .        
   .     .     .     .     .     
.     .     .     .     .     .  
   .     .     #     .     .     
.     #     x     .     .     .  
   .     .     .     .     .     
.     .     .     .     .     .  
   .     .     .     .     .     
.     .     .     .     .     .  
   .     .     .     .     .     
      .     .     .     o        
   .     .     #     .     0     
      .     .     .     o        
         .     .     0           
            o     0              
-----------------------------Opp Move S 3 0 M 2 0
0:0 1:13 2:3 3:1 4:1 5:0 6:6 7:2 8:0 9:1 10:0 0:0 1:15 2:2 3:1 4:0 5:0 6:10 7:2 8:0 9:0 10:0   
            .     .              
         .     .     .           
      .     .     .     .        
   .     .     x     .     .     
      .     .     .     .        
   .     .     #     .     .     
.     .     .     .     .     .  
   .     .     #     .     .     
.     #     x     .     .     .  
   .     .     .     .     .     
.     .     .     .     .     .  
   .     .     .     .     .     
.     .     .     .     .     .  
   .     .     .     .     .     
      .     .     .     o        
   .     .     #     .     0     
      .     .     .     o        
         .     .     0           
            o     0              
-----------------------Eval=301034
my ring out2
opp ring out1
-----------------------------My Move S 5 11 M 4 5
  
            .     .              
         .     .     .           
      .     .     .     .        
   .     .     x     .     .     
      .     .     .     .        
   .     .     #     .     .     
.     .     .     .     .     .  
   .     .     #     .     0     
.     #     x     .     .     .  
   .     .     .     .     .     
.     .     .     .     .     .  
   .     .     .     .     .     
.     .     .     .     .     .  
   .     .     .     .     .     
      .     .     .     o        
   .     .     #     .     o     
      .     .     .     o        
         .     .     0           
            o     0              
-----------------------------Opp Move S 1 0 M 2 1
0:0 1:16 2:3 3:1 4:1 5:0 6:8 7:1 8:0 9:0 10:0 0:0 1:16 2:3 3:2 4:0 5:0 6:9 7:2 8:1 9:0 10:0   
            .     .              
         .     .     .           
      .     .     .     .        
   .     .     x     .     .     
      .     .     .     .        
   .     .     #     .     .     
.     .     .     #     .     .  
   .     .     x     .     0     
.     #     x     .     .     .  
   .     .     .     .     .     
.     .     .     .     .     .  
   .     .     .     .     .     
.     .     .     .     .     .  
   .     .     .     .     .     
      .     .     .     o        
   .     .     #     .     o     
      .     .     .     o        
         .     .     0           
            o     0              
-----------------------Eval=301053
my ring out2
opp ring out1
-----------------------------My Move S 4 5 M 4 23
  
            .     .              
         .     .     .           
      .     0     .     .        
   .     .     o     .     .     
      .     .     .     .        
   .     .     #     .     .     
.     .     .     #     .     .  
   .     .     x     .     o     
.     #     x     .     .     .  
   .     .     .     .     .     
.     .     .     .     .     .  
   .     .     .     .     .     
.     .     .     .     .     .  
   .     .     .     .     .     
      .     .     .     o        
   .     .     #     .     o     
      .     .     .     o        
         .     .     0           
            o     0              
-----------------------------Opp Move S 2 0 M 4 0
0:0 1:19 2:3 3:1 4:1 5:0 6:8 7:1 8:0 9:0 10:0 0:0 1:18 2:3 3:2 4:1 5:0 6:9 7:1 8:1 9:1 10:0   
            .     .              
         .     #     .           
      .     0     .     .        
   .     .     x     .     .     
      .     .     .     .        
   .     .     x     .     .     
.     .     .     #     .     .  
   .     .     x     .     o     
.     #     x     .     .     .  
   .     .     .     .     .     
.     .     .     .     .     .  
   .     .     .     .     .     
.     .     .     .     .     .  
   .     .     .     .     .     
      .     .     .     o        
   .     .     #     .     o     
      .     .     .     o        
         .     .     0           
            o     0              
-----------------------Eval=301044
my ring out2
opp ring out1
-----------------------------My Move S 4 23 M 3 1
  
            .     .              
         .     #     .           
      .     o     .     .        
   .     .     o     .     .     
      .     .     0     .        
   .     .     x     .     .     
.     .     .     #     .     .  
   .     .     x     .     o     
.     #     x     .     .     .  
   .     .     .     .     .     
.     .     .     .     .     .  
   .     .     .     .     .     
.     .     .     .     .     .  
   .     .     .     .     .     
      .     .     .     o        
   .     .     #     .     o     
      .     .     .     o        
         .     .     0           
            o     0              
-----------------------------Opp Move S 2 1 M 2 2
0:0 1:23 2:4 3:2 4:1 5:0 6:7 7:1 8:1 9:0 10:0 0:0 1:19 2:3 3:2 4:0 5:0 6:11 7:0 8:1 9:0 10:0   
            .     .              
         .     #     .           
      .     o     .     .        
   .     .     o     .     .     
      .     .     0     .        
   .     .     x     .     .     
.     .     .     x     .     .  
   .     .     x     #     o     
.     #     x     .     .     .  
   .     .     .     .     .     
.     .     .     .     .     .  
   .     .     .     .     .     
.     .     .     .     .     .  
   .     .     .     .     .     
      .     .     .     o        
   .     .     #     .     o     
      .     .     .     o        
         .     .     0           
            o     0              
-----------------------Eval=302089
my ring out2
opp ring out1
-----------------------------My Move S 3 1 M 3 2
  
            .     .              
         .     #     .           
      .     o     .     .        
   .     .     o     .     .     
      .     .     o     .        
   .     .     x     0     .     
.     .     .     x     .     .  
   .     .     x     #     o     
.     #     x     .     .     .  
   .     .     .     .     .     
.     .     .     .     .     .  
   .     .     .     .     .     
.     .     .     .     .     .  
   .     .     .     .     .     
      .     .     .     o        
   .     .     #     .     o     
      .     .     .     o        
         .     .     0           
            o     0              
-----------------------------Opp Move S 2 2 M 1 1
0:0 1:25 2:4 3:2 4:2 5:0 6:7 7:1 8:0 9:1 10:0 0:0 1:19 2:6 3:2 4:0 5:0 6:11 7:1 8:0 9:0 10:0   
            .     .              
         .     #     .           
      .     o     .     .        
   .     .     o     .     .     
      .     .     o     .        
   .     .     x     0     .     
.     .     .     x     .     .  
   .     .     x     x     o     
.     #     x     #     .     .  
   .     .     .     .     .     
.     .     .     .     .     .  
   .     .     .     .     .     
.     .     .     .     .     .  
   .     .     .     .     .     
      .     .     .     o        
   .     .     #     .     o     
      .     .     .     o        
         .     .     0           
            o     0              
-----------------------Eval=302100
my ring out2
opp ring out1
-----------------------------My Move S 5 13 M 2 4
  
            .     .              
         .     #     .           
      .     o     .     .        
   .     .     o     .     .     
      .     .     o     .        
   .     .     x     0     .     
.     .     .     x     .     .  
   .     .     x     x     o     
.     #     x     #     .     .  
   .     .     .     .     .     
.     .     .     .     .     .  
   .     .     .     0     .     
.     .     .     .     .     .  
   .     .     .     .     .     
      .     .     .     o        
   .     .     #     .     o     
      .     .     .     o        
         .     .     o           
            o     0              
-----------------------------Opp Move S 4 0 M 4 22
0:0 1:26 2:4 3:2 4:1 5:0 6:8 7:0 8:1 9:0 10:0 0:0 1:23 2:7 3:3 4:0 5:0 6:11 7:1 8:0 9:0 10:0   
            .     .              
         .     x     .           
      .     x     .     .        
   .     #     o     .     .     
      .     .     o     .        
   .     .     x     0     .     
.     .     .     x     .     .  
   .     .     x     x     o     
.     #     x     #     .     .  
   .     .     .     .     .     
.     .     .     .     .     .  
   .     .     .     0     .     
.     .     .     .     .     .  
   .     .     .     .     .     
      .     .     .     o        
   .     .     #     .     o     
      .     .     .     o        
         .     .     o           
            o     0              
-----------------------Eval=326065
my ring out2
opp ring out1
-----------------------------My Move S 2 4 M 3 7
  
            .     .              
         .     x     .           
      .     x     .     .        
   .     #     o     .     .     
      .     .     o     .        
   .     .     x     0     .     
.     .     .     x     .     .  
   .     .     x     x     o     
.     #     x     #     .     .  
   .     .     .     .     .     
.     .     .     .     .     .  
   .     .     .     o     .     
.     .     .     .     .     .  
   .     .     .     0     .     
      .     .     .     o        
   .     .     #     .     o     
      .     .     .     o        
         .     .     o           
            o     0              
-----------------------------Opp Move S 4 22 M 3 17
0:0 1:27 2:5 3:3 4:1 5:0 6:8 7:0 8:1 9:0 10:0 0:0 1:23 2:8 3:3 4:1 5:1 6:10 7:2 8:0 9:0 10:0   
            .     .              
         .     x     .           
      .     x     .     .        
   .     x     o     .     .     
      .     #     o     .        
   .     .     x     0     .     
.     .     .     x     .     .  
   .     .     x     x     o     
.     #     x     #     .     .  
   .     .     .     .     .     
.     .     .     .     .     .  
   .     .     .     o     .     
.     .     .     .     .     .  
   .     .     .     0     .     
      .     .     .     o        
   .     .     #     .     o     
      .     .     .     o        
         .     .     o           
            o     0              
-----------------------Eval=301035
my ring out2
opp ring out1
-----------------------------My Move S 3 2 M 2 3
  
            .     .              
         .     x     .           
      .     x     .     .        
   .     x     o     .     .     
      .     #     o     .        
   .     .     x     o     .     
.     .     .     x     .     .  
   .     .     x     o     o     
.     #     x     #     .     .  
   .     .     .     0     .     
.     .     .     .     .     .  
   .     .     .     o     .     
.     .     .     .     .     .  
   .     .     .     0     .     
      .     .     .     o        
   .     .     #     .     o     
      .     .     .     o        
         .     .     o           
            o     0              
-----------------------------Opp Move S 3 17 M 2 11
0:0 1:30 2:5 3:4 4:2 5:1 6:8 7:0 8:1 9:0 10:0 0:0 1:21 2:8 3:5 4:2 5:0 6:10 7:1 8:1 9:0 10:0   
            .     .              
         .     x     .           
      .     x     .     .        
   .     x     o     .     .     
      .     x     o     .        
   .     .     x     o     .     
.     .     #     x     .     .  
   .     .     x     o     o     
.     #     x     #     .     .  
   .     .     .     0     .     
.     .     .     .     .     .  
   .     .     .     o     .     
.     .     .     .     .     .  
   .     .     .     0     .     
      .     .     .     o        
   .     .     #     .     o     
      .     .     .     o        
         .     .     o           
            o     0              
-----------------------Eval=64646
my ring out2
opp ring out1
-----------------------------My Move S 3 7 M 4 10
  
            .     .              
         .     x     .           
      .     x     .     .        
   .     x     o     .     .     
      .     x     o     .        
   .     .     x     o     .     
.     .     #     x     .     .  
   .     .     x     o     o     
.     #     x     #     .     .  
   .     .     .     0     .     
.     .     .     .     .     .  
   .     .     .     o     .     
.     .     .     .     .     .  
   .     .     .     o     .     
      .     .     .     o        
   .     .     #     0     o     
      .     .     .     o        
         .     .     o           
            o     0              
-----------------------------Opp Move S 1 1 M 3 3 RS 4 22 RE 2 2 X 3 3
0:0 1:28 2:7 3:4 4:2 5:1 6:7 7:1 8:0 9:0 10:1 0:0 1:19 2:4 3:1 4:0 5:0 6:8 7:1 8:0 9:0 10:0   
            .     .              
         .     x     .           
      .     x     .     .        
   .     .     o     .     .     
      .     .     o     .        
   .     .     .     o     .     
.     .     #     .     .     .  
   .     .     x     .     o     
.     #     x     x     .     .  
   .     .     .     0     .     
.     .     .     .     .     .  
   .     .     .     o     .     
.     .     .     .     .     .  
   .     .     .     o     .     
      .     .     .     o        
   .     .     #     0     o     
      .     .     .     o        
         .     .     o           
            o     0              
-----------------------Eval=999011
my ring out2
opp ring out2
-----------------------------My Move S 4 10 M 3 8
  
            .     .              
         .     x     .           
      .     x     .     .        
   .     .     o     .     .     
      .     .     o     .        
   .     .     .     o     .     
.     .     #     .     .     .  
   .     .     x     .     o     
.     #     x     x     .     .  
   .     .     .     0     .     
.     .     .     .     .     .  
   .     .     .     o     .     
.     .     .     .     .     .  
   .     .     .     o     .     
      .     .     0     o        
   .     .     #     o     o     
      .     .     .     o        
         .     .     o           
            o     0              
-----------------------------Opp Move S 2 11 M 3 16
0:0 1:29 2:8 3:5 4:2 5:1 6:8 7:0 8:0 9:0 10:1 0:0 1:21 2:4 3:1 4:1 5:0 6:9 7:0 8:0 9:0 10:0   
            .     .              
         .     x     .           
      .     x     .     .        
   .     .     o     .     .     
      .     .     o     .        
   .     #     .     o     .     
.     .     x     .     .     .  
   .     .     x     .     o     
.     #     x     x     .     .  
   .     .     .     0     .     
.     .     .     .     .     .  
   .     .     .     o     .     
.     .     .     .     .     .  
   .     .     .     o     .     
      .     .     0     o        
   .     .     #     o     o     
      .     .     .     o        
         .     .     o           
            o     0              
-----------------------Eval=999011
my ring out2
opp ring out2
-----------------------------My Move S 2 3 M 3 4 RS 5 13 RE 2 3 X 5 14
  
            .     .              
         .     x     .           
      .     x     .     .        
   .     .     o     .     .     
      .     .     o     .        
   .     #     .     o     .     
.     .     x     .     .     .  
   .     .     x     .     o     
.     #     x     x     0     .  
   .     .     .     .     .     
.     .     .     .     .     .  
   .     .     .     .     .     
.     .     .     .     .     .  
   .     .     .     .     .     
      .     .     0     o        
   .     .     #     .     o     
      .     .     .     o        
         .     .     .           
            o     .              
***********************************

-> You are player 1
-> You are alloted a time of 120s

***********************************

Time remaining is: 120s
You played : P 5 14
P 5 14 True
Player 2 played : P 0 0
P 0 0 True
Time remaining is: 120s
You played : P 5 13
P 5 13 True
Player 2 played : P 3 8
P 3 8 True
Time remaining is: 120s
You played : P 5 12
P 5 12 True
Player 2 played : P 3 7
P 3 7 True
Time remaining is: 120s
You played : P 5 11
P 5 11 True
Player 2 played : P 4 16
P 4 16 True
Time remaining is: 120s
You played : P 5 16
P 5 16 True
Player 2 played : P 4 20
P 4 20 True
Time remaining is: 120s
You played : S 5 11 M 4 7
S 5 11 True
M 4 7 True
Player 2 played : S 4 16 M 4 18
S 4 16 True
M 4 18 True
Time remaining is: 120s
You played : S 5 16 M 4 8
S 5 16 True
M 4 8 True
Player 2 played : S 4 20 M 1 5
S 4 20 True
M 1 5 True
Time remaining is: 120s
You played : S 4 7 M 4 5
S 4 7 True
M 4 5 True
Player 2 played : S 3 8 M 3 9
S 3 8 True
M 3 9 True
Time remaining is: 120s
You played : S 5 12 M 3 6
S 5 12 True
M 3 6 True
Player 2 played : S 3 9 M 4 17
S 3 9 True
M 4 17 True
Time remaining is: 119s
You played : S 4 5 M 4 6
S 4 5 True
M 4 6 True
Player 2 played : S 3 7 M 3 14
S 3 7 True
M 3 14 True
Time remaining is: 119s
You played : S 3 6 M 4 13 RS 3 9 RE 4 7 X 4 13
S 3 6 True
M 4 13 True
RS 3 9 True
RE 4 7 True
X 4 13 True
Player 2 played : S 4 17 M 3 9
S 4 17 True
M 3 9 True
Time remaining is: 119s
You played : S 4 6 M 4 7
S 4 6 True
M 4 7 True
Player 2 played : S 4 18 M 4 19
S 4 18 True
M 4 19 True
Time remaining is: 119s
You played : S 4 7 M 3 6
S 4 7 True
M 3 6 True
Player 2 played : S 4 19 M 3 0 RS 4 16 RE 4 20 X 0 0
S 4 19 True
M 3 0 True
RS 4 16 True
RE 4 20 True
X 0 0 True
Time remaining is: 119s
You played : S 4 8 M 4 9 RS 5 11 RE 4 5 X 3 6
S 4 8 True
M 4 9 True
RS 5 11 True
RE 4 5 True
X 3 6 True
Player 2 played : S 1 5 M 1 0
S 1 5 True
M 1 0 True
Time remaining is: 118s
You played : S 4 9 M 5 11
S 4 9 True
M 5 11 True
Player 2 played : S 3 0 M 2 0
S 3 0 True
M 2 0 True
Time remaining is: 118s
You played : S 5 11 M 4 5
S 5 11 True
M 4 5 True
Player 2 played : S 1 0 M 2 1
S 1 0 True
M 2 1 True
Time remaining is: 118s
You played : S 4 5 M 4 23
S 4 5 True
M 4 23 True
Player 2 played : S 2 0 M 4 0
S 2 0 True
M 4 0 True
Time remaining is: 118s
You played : S 4 23 M 3 1
S 4 23 True
M 3 1 True
Player 2 played : S 2 1 M 2 2
S 2 1 True
M 2 2 True
Time remaining is: 118s
You played : S 3 1 M 3 2
S 3 1 True
M 3 2 True
Player 2 played : S 2 2 M 1 1
S 2 2 True
M 1 1 True
Time remaining is: 118s
You played : S 5 13 M 2 4
S 5 13 True
M 2 4 True
Player 2 played : S 4 0 M 4 22
S 4 0 True
M 4 22 True
Time remaining is: 117s
You played : S 2 4 M 3 7
S 2 4 True
M 3 7 True
Player 2 played : S 4 22 M 3 17
S 4 22 True
M 3 17 True
Time remaining is: 117s
You played : S 3 2 M 2 3
S 3 2 True
M 2 3 True
Player 2 played : S 3 17 M 2 11
S 3 17 True
M 2 11 True
Time remaining is: 117s
You played : S 3 7 M 4 10
S 3 7 True
M 4 10 True
Player 2 played : S 1 1 M 3 3 RS 4 22 RE 2 2 X 3 3
S 1 1 True
M 3 3 True
RS 4 22 True
RE 2 2 True
X 3 3 True
Time remaining is: 117s
You played : S 4 10 M 3 8
S 4 10 True
M 3 8 True
Player 2 played : S 2 11 M 3 16
S 2 11 True
M 3 16 True
Time remaining is: 117s
You played : S 2 3 M 3 4 RS 5 13 RE 2 3 X 5 14
S 2 3 True
M 3 4 True
RS 5 13 True
RE 2 3 True
X 5 14 True
YOU WIN!
Your Score : 8.008
Opponent's Score : 2.006
