***********************************

-> You are player 1
-> You are alloted a time of 120s

***********************************

Time remaining is: 120s
You played : P 0 0
P 0 0 True
Player 2 played : P 4 21
P 4 21 True
Time remaining is: 120s
You played : P 4 22
P 4 22 True
Player 2 played : P 4 9
P 4 9 True
Time remaining is: 119s
You played : P 2 5
P 2 5 True
Player 2 played : P 5 7
P 5 7 True
Time remaining is: 117s
You played : P 2 7
P 2 7 True
Player 2 played : P 4 17
P 4 17 True
Time remaining is: 116s
You played : P 4 5
P 4 5 True
Player 2 played : P 3 11
P 3 11 True
Time remaining is: 104s
You played : S 0 0 M 4 8
S 0 0 True
M 4 8 True
Player 2 played : S 4 21 M 4 20
S 4 21 True
M 4 20 True
Time remaining is: 103s
You played : S 4 22 M 5 27
S 4 22 True
M 5 27 True
Player 2 played : S 3 11 M 5 28
S 3 11 True
M 5 28 True
Time remaining is: 102s
You played : S 2 7 M 4 15
S 2 7 True
M 4 15 True
Player 2 played : S 4 17 M 3 10
S 4 17 True
M 3 10 True
Time remaining is: 102s
You played : S 4 15 M 4 14
S 4 15 True
M 4 14 True
Player 2 played : S 3 10 M 1 4
S 3 10 True
M 1 4 True
Time remaining is: 102s
You played : S 4 14 M 2 6
S 4 14 True
M 2 6 True
Player 2 played : S 1 4 M 1 3
S 1 4 True
M 1 3 True
Time remaining is: 101s
You played : S 2 6 M 3 9
S 2 6 True
M 3 9 True
Player 2 played : S 4 20 M 4 18
S 4 20 True
M 4 18 True
Time remaining is: 101s
You played : S 2 5 M 1 2
S 2 5 True
M 1 2 True
Player 2 played : S 5 7 M 5 18
S 5 7 True
M 5 18 True
Time remaining is: 101s
You played : S 3 9 M 3 12
S 3 9 True
M 3 12 True
Player 2 played : S 1 3 M 5 19
S 1 3 True
M 5 19 True
Time remaining is: 101s
You played : S 3 12 M 2 8
S 3 12 True
M 2 8 True
Player 2 played : S 5 18 M 5 17
S 5 18 True
M 5 17 True
Time remaining is: 101s
You played : S 2 8 M 2 9
S 2 8 True
M 2 9 True
Player 2 played : S 4 18 M 3 8
S 4 18 True
M 3 8 True
Time remaining is: 100s
You played : S 2 9 M 3 7
S 2 9 True
M 3 7 True
Player 2 played : S 3 8 M 5 14
S 3 8 True
M 5 14 True
Time remaining is: 100s
You played : S 3 7 M 4 10 RS 2 9 RE 3 7 X 1 2
S 3 7 True
M 4 10 True
RS 2 9 True
RE 3 7 True
X 1 2 True
Player 2 played : S 5 17 M 3 7
S 5 17 True
M 3 7 True
Time remaining is: 99s
You played : S 4 10 M 3 13
S 4 10 True
M 3 13 True
Player 2 played : S 3 7 M 5 13
S 3 7 True
M 5 13 True
Time remaining is: 99s
You played : S 4 5 M 4 23
S 4 5 True
M 4 23 True
Player 2 played : S 5 19 M 4 16
S 5 19 True
M 4 16 True
Time remaining is: 99s
You played : S 4 23 M 5 24
S 4 23 True
M 5 24 True
Player 2 played : S 4 16 M 1 4
S 4 16 True
M 1 4 True
Time remaining is: 99s
You played : S 3 13 M 5 21
S 3 13 True
M 5 21 True
Player 2 played : S 1 4 M 4 13 RS 2 8 RE 4 10 X 5 14
S 1 4 True
M 4 13 True
RS 2 8 True
RE 4 10 True
X 5 14 True
Time remaining is: 98s
You played : S 5 21 M 5 22
S 5 21 True
M 5 22 True
Player 2 played : S 4 9 M 4 11
S 4 9 True
M 4 11 True
Time remaining is: 98s
You played : S 5 22 M 3 14
S 5 22 True
M 3 14 True
Player 2 played : S 4 11 M 5 14 RS 3 12 RE 4 11 X 4 13
S 4 11 True
M 5 14 True
RS 3 12 True
RE 4 11 True
X 4 13 True
Time remaining is: 98s
You played : S 5 24 M 5 23 RS 4 23 RE 5 24 X 4 8
S 5 24 True
M 5 23 True
RS 4 23 True
RE 5 24 True
X 4 8 True
Player 2 played : S 5 28 M 2 9
S 5 28 True
M 2 9 True
Time remaining is: 98s
You played : S 5 23 M 5 24
S 5 23 True
M 5 24 True
Player 2 played : S 2 9 M 2 10
S 2 9 True
M 2 10 True
Time remaining is: 98s
You played : S 5 24 M 4 22
S 5 24 True
M 4 22 True
Player 2 played : S 5 14 M 4 11
S 5 14 True
M 4 11 True
Time remaining is: 97s
You played : S 3 14 M 4 19
S 3 14 True
M 4 19 True
Player 2 played : S 4 11 M 3 8
S 4 11 True
M 3 8 True
Time remaining is: 96s
You played : S 4 19 M 5 26
S 4 19 True
M 5 26 True
Player 2 played : S 3 8 M 2 5
S 3 8 True
M 2 5 True
Time remaining is: 94s
You played : S 5 26 M 4 20
S 5 26 True
M 4 20 True
Player 2 played : S 2 5 M 1 2
S 2 5 True
M 1 2 True
Time remaining is: 93s
You played : S 4 20 M 3 15 RS 5 26 RE 4 17 X 4 22
S 4 20 True
M 3 15 True
RS 5 26 True
RE 4 17 True
X 4 22 True
YOU WIN!
Your Score : 8.008
Opponent's Score : 2.016
