120
***********************************

-> You are player 1
-> You are alloted a time of 120s

***********************************

Time remaining is: 120s
You played : P 0 0
P 0 0 True
Player 2 played : P 4 2
P 4 2 True
Time remaining is: 120s
You played : P 5 21
P 5 21 True
Player 2 played : P 2 4
P 2 4 True
Time remaining is: 120s
You played : P 4 16
P 4 16 True
Player 2 played : P 3 8
P 3 8 True
Time remaining is: 120s
You played : P 2 11
P 2 11 True
Player 2 played : P 3 3
P 3 3 True
Time remaining is: 120s
You played : P 2 3
P 2 3 True
Player 2 played : P 5 11
P 5 11 True
Time remaining is: 120s
You played : S 5 21 M 5 22
S 5 21 True
M 5 22 True
Player 2 played : S 5 11 M 5 24
S 5 11 True
M 5 24 True
Time remaining is: 119s
You played : S 5 22 M 5 23
S 5 22 True
M 5 23 True
Player 2 played : S 5 24 M 3 7
S 5 24 True
M 3 7 True
Time remaining is: 118s
You played : S 5 23 M 4 18
S 5 23 True
M 4 18 True
Player 2 played : S 3 7 M 4 9
S 3 7 True
M 4 9 True
Time remaining is: 117s
You played : S 4 18 M 3 13
S 4 18 True
M 3 13 True
Player 2 played : S 3 8 M 2 5
S 3 8 True
M 2 5 True
Time remaining is: 116s
You played : S 3 13 M 2 8
S 3 13 True
M 2 8 True
Player 2 played : S 2 5 M 3 14
S 2 5 True
M 3 14 True
Time remaining is: 115s
You played : S 4 16 M 4 17
S 4 16 True
M 4 17 True
Player 2 played : S 4 9 M 5 16
S 4 9 True
M 5 16 True
Time remaining is: 108s
You played : S 2 8 M 4 10
S 2 8 True
M 4 10 True
Player 2 played : S 3 14 M 1 4
S 3 14 True
M 1 4 True
Time remaining is: 95s
You played : S 4 10 M 4 8
S 4 10 True
M 4 8 True
Player 2 played : S 3 3 M 5 12
S 3 3 True
M 5 12 True
Time remaining is: 72s
You played : S 4 17 M 3 12
S 4 17 True
M 3 12 True
Player 2 played : S 5 16 M 5 19
S 5 16 True
M 5 19 True
Time remaining is: 48s
You played : S 0 0 M 2 6
S 0 0 True
M 2 6 True
Player 2 played : S 1 4 M 2 7
S 1 4 True
M 2 7 True
Time remaining is: 47s
You played : S 2 6 M 1 3
S 2 6 True
M 1 3 True
Player 2 played : S 5 19 M 4 19
S 5 19 True
M 4 19 True
Time remaining is: 46s
You played : S 4 8 M 4 11
S 4 8 True
M 4 11 True
Player 2 played : S 4 19 M 2 9 RS 5 19 RE 4 19 X 4 2
S 4 19 True
M 2 9 True
RS 5 19 True
RE 4 19 True
X 4 2 True
Time remaining is: 45s
You played : S 2 11 M 4 18
S 2 11 True
M 4 18 True
Player 2 played : S 5 12 M 5 13
S 5 12 True
M 5 13 True
Time remaining is: 43s
You played : S 3 12 M 3 10
S 3 12 True
M 3 10 True
Player 2 played : S 2 4 M 1 5
S 2 4 True
M 1 5 True
Time remaining is: 42s
You played : S 3 10 M 3 5
S 3 10 True
M 3 5 True
Player 2 played : S 1 5 M 3 17
S 1 5 True
M 3 17 True
Time remaining is: 41s
You played : S 2 3 M 3 16
S 2 3 True
M 3 16 True
Player 2 played : S 3 17 M 2 0
S 3 17 True
M 2 0 True
Time remaining is: 41s
You played : S 4 18 M 4 20
S 4 18 True
M 4 20 True
Player 2 played : S 2 0 M 2 10
S 2 0 True
M 2 10 True
Time remaining is: 39s
You played : S 3 16 M 1 0
S 3 16 True
M 1 0 True
Player 2 played : S 2 7 M 3 11
S 2 7 True
M 3 11 True
Time remaining is: 37s
You played : S 1 3 M 3 9
S 1 3 True
M 3 9 True
Player 2 played : S 2 10 M 3 1 RS 2 7 RE 3 17 X 5 13
S 2 10 True
M 3 1 True
RS 2 7 True
RE 3 17 True
X 5 13 True
Time remaining is: 35s
You played : S 3 5 M 3 6 RS 3 10 RE 3 5 X 3 9
S 3 5 True
M 3 6 True
RS 3 10 True
RE 3 5 True
X 3 9 True
Player 2 played : S 3 1 M 2 11
S 3 1 True
M 2 11 True
Time remaining is: 34s
You played : S 1 0 M 3 0
S 1 0 True
M 3 0 True
Player 2 played : S 2 11 M 1 1
S 2 11 True
M 1 1 True
Time remaining is: 34s
You played : S 3 6 M 2 4
S 3 6 True
M 2 4 True
Player 2 played : S 1 1 M 3 5
S 1 1 True
M 3 5 True
Time remaining is: 33s
You played : S 2 4 M 2 2
S 2 4 True
M 2 2 True
Player 2 played : S 2 9 M 1 4
S 2 9 True
M 1 4 True
Time remaining is: 33s
You played : S 4 11 M 2 5
S 4 11 True
M 2 5 True
Player 2 played : S 1 4 M 4 16 RS 3 12 RE 1 1 X 3 5
S 1 4 True
M 4 16 True
RS 3 12 True
RE 1 1 True
X 3 5 True
OTHER PLAYER WINS!
Your Score : 1.014
Opponent's Score : 9.014
