### S 2 11 M 3 17  168 at depth 2 with time left 119.999
### S 4 18 M 2 10  150.5 at depth 2 with time left 117.58
### S 3 17 M 1 5  450.5 at depth 2 with time left 115.333
### S 2 10 M 3 16  661.5 at depth 2 with time left 113.997
### S 2 1 M 1 2  863.5 at depth 2 with time left 113.038
### S 1 2 M 2 5  1076.5 at depth 2 with time left 112.099
### S 1 5 M 1 4  1257.5 at depth 2 with time left 110.624
### S 0 0 M 3 0 RS 4 18 RE 2 0 X 4 14  9992.5 at depth 2 with time left 109.12
### S 2 5 M 4 6  10181 at depth 2 with time left 107.74
### S 3 0 M 1 3  10375.5 at depth 2 with time left 104.577
### S 3 16 M 4 19  10945.5 at depth 2 with time left 102.231
### S 1 3 M 2 0  19865 at depth 2 with time left 101.378
### S 4 6 M 2 6 RS 2 10 RE 2 4 X 1 4  20300.5 at depth 2 with time left 100.868
### S 2 6 M 2 4  20372 at depth 2 with time left 100.053
### S 2 4 M 5 7  20417 at depth 2 with time left 99.7044
### S 5 7 M 4 5  21057 at depth 2 with time left 99.3645
### S 4 5 M 4 8 RS 2 6 RE 4 6 X 2 0  1.0002e+06 at depth 2 with time left 99.1002
***********************************

-> You are player 1
-> You are alloted a time of 120s

***********************************

Time remaining is: 120s
You played : P 0 0
P 0 0 True
Player 2 played : P 3 10
P 3 10 True
Time remaining is: 120s
You played : P 4 14
P 4 14 True
Player 2 played : P 5 22
P 5 22 True
Time remaining is: 120s
You played : P 4 18
P 4 18 True
Player 2 played : P 1 0
P 1 0 True
Time remaining is: 120s
You played : P 2 1
P 2 1 True
Player 2 played : P 3 14
P 3 14 True
Time remaining is: 120s
You played : P 2 11
P 2 11 True
Player 2 played : P 2 4
P 2 4 True
Time remaining is: 120s
You played : S 2 11 M 3 17
S 2 11 True
M 3 17 True
Player 2 played : S 3 14 M 2 0
S 3 14 True
M 2 0 True
Time remaining is: 118s
You played : S 4 18 M 2 10
S 4 18 True
M 2 10 True
Player 2 played : S 1 0 M 1 1
S 1 0 True
M 1 1 True
Time remaining is: 116s
You played : S 3 17 M 1 5
S 3 17 True
M 1 5 True
Player 2 played : S 1 1 M 2 3
S 1 1 True
M 2 3 True
Time remaining is: 114s
You played : S 2 10 M 3 16
S 2 10 True
M 3 16 True
Player 2 played : S 2 3 M 3 5
S 2 3 True
M 3 5 True
Time remaining is: 113s
You played : S 2 1 M 1 2
S 2 1 True
M 1 2 True
Player 2 played : S 3 5 M 4 7
S 3 5 True
M 4 7 True
Time remaining is: 112s
You played : S 1 2 M 2 5
S 1 2 True
M 2 5 True
Player 2 played : S 4 7 M 5 9
S 4 7 True
M 5 9 True
Time remaining is: 111s
You played : S 1 5 M 1 4
S 1 5 True
M 1 4 True
Player 2 played : S 2 0 M 2 2
S 2 0 True
M 2 2 True
Time remaining is: 109s
You played : S 0 0 M 3 0 RS 4 18 RE 2 0 X 4 14
S 0 0 True
M 3 0 True
RS 4 18 True
RE 2 0 True
X 4 14 True
Player 2 played : S 2 4 M 2 10
S 2 4 True
M 2 10 True
Time remaining is: 108s
You played : S 2 5 M 4 6
S 2 5 True
M 4 6 True
Player 2 played : S 2 10 M 3 15
S 2 10 True
M 3 15 True
Time remaining is: 105s
You played : S 3 0 M 1 3
S 3 0 True
M 1 3 True
Player 2 played : S 3 15 M 4 20
S 3 15 True
M 4 20 True
Time remaining is: 103s
You played : S 3 16 M 4 19
S 3 16 True
M 4 19 True
Player 2 played : S 4 20 M 3 6
S 4 20 True
M 3 6 True
Time remaining is: 102s
You played : S 1 3 M 2 0
S 1 3 True
M 2 0 True
Player 2 played : S 5 9 M 2 11
S 5 9 True
M 2 11 True
Time remaining is: 101s
You played : S 4 6 M 2 6 RS 2 10 RE 2 4 X 1 4
S 4 6 True
M 2 6 True
RS 2 10 True
RE 2 4 True
X 1 4 True
Player 2 played : S 3 6 M 3 4
S 3 6 True
M 3 4 True
Time remaining is: 100s
You played : S 2 6 M 2 4
S 2 6 True
M 2 4 True
Player 2 played : S 3 4 M 3 3
S 3 4 True
M 3 3 True
Time remaining is: 100s
You played : S 2 4 M 5 7
S 2 4 True
M 5 7 True
Player 2 played : S 3 3 M 4 3
S 3 3 True
M 4 3 True
Time remaining is: 100s
You played : S 5 7 M 4 5
S 5 7 True
M 4 5 True
Player 2 played : S 4 3 M 5 3
S 4 3 True
M 5 3 True
Time remaining is: 99s
You played : S 4 5 M 4 8 RS 2 6 RE 4 6 X 2 0
S 4 5 True
M 4 8 True
RS 2 6 True
RE 4 6 True
X 2 0 True
YOU WIN!
Your Score : 10.007
Opponent's Score : 0.011
