2 5 120 5
SachchaKhiladi, by Sachin Kr Chauhan (2018CSZ8012)

Hex numbers -> 
                                       
                5     5                
             5     4     5             
          5     4     4     5          
       5     4     3     4     5       
          4     3     3     4          
       4     3     2     3     4       
    5     3     2     2     3     5    
       4     2     1     2     4       
    5     3     1     1     3     5    
       4     2     0     2     4       
    5     3     1     1     3     5    
       4     2     1     2     4       
    5     3     2     2     3     5    
       4     3     2     3     4       
          4     3     3     4          
       5     4     3     4     5       
          5     4     4     5          
             5     4     5             
                5     5                
                                       
Pos numbers -> 
                                       
                29     1               
             28     0     2            
          27    23     1     3         
       26    22     0     2     4      
          21    17     1     3         
       20    16     0     2     4      
    24    15    11     1     3     6   
       19    10     0     2     5      
    23    14     5     1     4     7   
       18     9     0     3     6      
    22    13     4     2     5     8   
       17     8     3     4     7      
    21    12     7     5     6     9   
       16    11     6     7     8      
          15    10     8     9         
       19    14     9    10    11      
          18    13    11    12         
             17    12    13            
                16    14               
                                       
OTH : Placed Ring @ (10,6)
OTH[1] 1 vs 0
.....___.....
..../   \....
.../     \...
../       \..
./         \.
/.         .\
|           |
|           |
|           |
|           |
|     a     |
|           |
|           |
|           |
|           |
\.         ./
.\         /.
..\       /..
...\     /...
....\   /....
.....---.....

+ mov = P 3 10 
SELF : Placed Ring @ (15,5)
SELF[2] 1 vs 1
.....___.....
..../   \....
.../     \...
../       \..
./         \.
/.         .\
|           |
|           |
|           |
|           |
|     a     |
|           |
|           |
|           |
|           |
\.   A     ./
.\         /.
..\       /..
...\     /...
....\   /....
.....---.....

OTH : Placed Ring @ (16,4)
OTH[3] 2 vs 1
.....___.....
..../   \....
.../     \...
../       \..
./         \.
/.         .\
|           |
|           |
|           |
|           |
|     a     |
|           |
|           |
|           |
|           |
\.   A     ./
.\  b      /.
..\       /..
...\     /...
....\   /....
.....---.....

+ mov = P 5 22 
SELF : Placed Ring @ (11,1)
SELF[4] 2 vs 2
.....___.....
..../   \....
.../     \...
../       \..
./         \.
/.         .\
|           |
|           |
|           |
|           |
|     a     |
|B          |
|           |
|           |
|           |
\.   A     ./
.\  b      /.
..\       /..
...\     /...
....\   /....
.....---.....

OTH : Placed Ring @ (10,2)
OTH[5] 3 vs 2
.....___.....
..../   \....
.../     \...
../       \..
./         \.
/.         .\
|           |
|           |
|           |
|           |
| c   a     |
|B          |
|           |
|           |
|           |
\.   A     ./
.\  b      /.
..\       /..
...\     /...
....\   /....
.....---.....

+ mov = P 1 0 
SELF : Placed Ring @ (8,6)
SELF[6] 3 vs 3
.....___.....
..../   \....
.../     \...
../       \..
./         \.
/.         .\
|           |
|           |
|     C     |
|           |
| c   a     |
|B          |
|           |
|           |
|           |
\.   A     ./
.\  b      /.
..\       /..
...\     /...
....\   /....
.....---.....

OTH : Placed Ring @ (7,7)
OTH[7] 4 vs 3
.....___.....
..../   \....
.../     \...
../       \..
./         \.
/.         .\
|           |
|      d    |
|     C     |
|           |
| c   a     |
|B          |
|           |
|           |
|           |
\.   A     ./
.\  b      /.
..\       /..
...\     /...
....\   /....
.....---.....

+ mov = P 3 14 
SELF : Placed Ring @ (9,3)
SELF[8] 4 vs 4
.....___.....
..../   \....
.../     \...
../       \..
./         \.
/.         .\
|           |
|      d    |
|     C     |
|  D        |
| c   a     |
|B          |
|           |
|           |
|           |
\.   A     ./
.\  b      /.
..\       /..
...\     /...
....\   /....
.....---.....

OTH : Placed Ring @ (7,5)
OTH[9] 5 vs 4
.....___.....
..../   \....
.../     \...
../       \..
./         \.
/.         .\
|           |
|    e d    |
|     C     |
|  D        |
| c   a     |
|B          |
|           |
|           |
|           |
\.   A     ./
.\  b      /.
..\       /..
...\     /...
....\   /....
.....---.....

+ mov = P 2 4 
SELF : Placed Ring @ (12,8)
SELF[10] 5 vs 5
.....___.....
..../   \....
.../     \...
../       \..
./         \.
/.         .\
|           |
|    e d    |
|     C     |
|  D        |
| c   a     |
|B          |
|       E   |
|           |
|           |
\.   A     ./
.\  b      /.
..\       /..
...\     /...
....\   /....
.....---.....

OTH : Select Ring 4e @ (7,5)
OTH : Move Ring 4e @ (5,5)
Toggle dd= @ (-2,0) From @ (7,5) To @ (5,5)
OTH[11] 5 vs 5
.....___.....
..../   \....
.../     \...
../       \..
./         \.
/.   e     .\
|           |
|    x d    |
|     C     |
|  D        |
| c   a     |
|B          |
|       E   |
|           |
|           |
\.   A     ./
.\  b      /.
..\       /..
...\     /...
....\   /....
.....---.....

Sort ring -> 0(0), 1(0), 2(0), 3(0), 4(0), 
SM GD 4
+ mov = S 3 14 M 2 0 
SELF : Select Ring 3D @ (9,3)
SELF : Move Ring 3D @ (6,6)
Toggle dd= @ (-1,1) From @ (9,3) To @ (6,6)
TGL @ loc=(8,4),  -> 
TGL @ loc=(7,5), x->O
SELF[12] 5 vs 5
.....___.....
..../   \....
.../     \...
../       \..
./         \.
/.   e     .\
|     D     |
|    O d    |
|     C     |
|  O        |
| c   a     |
|B          |
|       E   |
|           |
|           |
\.   A     ./
.\  b      /.
..\       /..
...\     /...
....\   /....
.....---.....

OTH : Select Ring 2c @ (10,2)
OTH : Move Ring 2c @ (8,4)
Toggle dd= @ (-1,1) From @ (10,2) To @ (8,4)
TGL @ loc=(9,3), O->x
OTH[13] 5 vs 5
.....___.....
..../   \....
.../     \...
../       \..
./         \.
/.   e     .\
|     D     |
|    O d    |
|   c C     |
|  x        |
| x   a     |
|B          |
|       E   |
|           |
|           |
\.   A     ./
.\  b      /.
..\       /..
...\     /...
....\   /....
.....---.....

Sort ring -> 2(1), 3(1), 0(0), 1(0), 4(0), 
SM BP
+ mov = S 1 0 M 1 1 
SELF : Select Ring 2C @ (8,6)
SELF : Move Ring 2C @ (9,7)
Toggle dd= @ (1,1) From @ (8,6) To @ (9,7)
SELF[14] 5 vs 5
.....___.....
..../   \....
.../     \...
../       \..
./         \.
/.   e     .\
|     D     |
|    O d    |
|   c O     |
|  x   C    |
| x   a     |
|B          |
|       E   |
|           |
|           |
\.   A     ./
.\  b      /.
..\       /..
...\     /...
....\   /....
.....---.....

OTH : Select Ring 4e @ (5,5)
OTH : Move Ring 4e @ (9,5)
Toggle dd= @ (2,0) From @ (5,5) To @ (9,5)
TGL @ loc=(7,5), O->x
OTH[15] 5 vs 5
.....___.....
..../   \....
.../     \...
../       \..
./         \.
/.   x     .\
|     D     |
|    x d    |
|   c O     |
|  x e C    |
| x   a     |
|B          |
|       E   |
|           |
|           |
\.   A     ./
.\  b      /.
..\       /..
...\     /...
....\   /....
.....---.....

Sort ring -> 2(1), 3(1), 0(0), 1(0), 4(0), 
SM BP
+ mov = S 1 1 M 2 3 
SELF : Select Ring 2C @ (9,7)
SELF : Move Ring 2C @ (10,8)
Toggle dd= @ (1,1) From @ (9,7) To @ (10,8)
SELF[16] 5 vs 5
.....___.....
..../   \....
.../     \...
../       \..
./         \.
/.   x     .\
|     D     |
|    x d    |
|   c O     |
|  x e O    |
| x   a C   |
|B          |
|       E   |
|           |
|           |
\.   A     ./
.\  b      /.
..\       /..
...\     /...
....\   /....
.....---.....

OTH : Select Ring 2c @ (8,4)
OTH : Move Ring 2c @ (6,4)
Toggle dd= @ (-2,0) From @ (8,4) To @ (6,4)
OTH[17] 5 vs 5
.....___.....
..../   \....
.../     \...
../       \..
./         \.
/.   x     .\
|   c D     |
|    x d    |
|   x O     |
|  x e O    |
| x   a C   |
|B          |
|       E   |
|           |
|           |
\.   A     ./
.\  b      /.
..\       /..
...\     /...
....\   /....
.....---.....

Sort ring -> 2(2), 3(1), 0(0), 1(0), 4(0), 
SM BP
+ mov = S 2 3 M 3 5 
SELF : Select Ring 2C @ (10,8)
SELF : Move Ring 2C @ (11,9)
Toggle dd= @ (1,1) From @ (10,8) To @ (11,9)
SELF[18] 5 vs 5
.....___.....
..../   \....
.../     \...
../       \..
./         \.
/.   x     .\
|   c D     |
|    x d    |
|   x O     |
|  x e O    |
| x   a O   |
|B       C  |
|       E   |
|           |
|           |
\.   A     ./
.\  b      /.
..\       /..
...\     /...
....\   /....
.....---.....

OTH : Select Ring 3d @ (7,7)
OTH : Move Ring 3d @ (11,7)
Toggle dd= @ (2,0) From @ (7,7) To @ (11,7)
TGL @ loc=(9,7), O->x
OTH[19] 5 vs 5
.....___.....
..../   \....
.../     \...
../       \..
./         \.
/.   x     .\
|   c D     |
|    x x    |
|   x O     |
|  x e x    |
| x   a O   |
|B     d C  |
|       E   |
|           |
|           |
\.   A     ./
.\  b      /.
..\       /..
...\     /...
....\   /....
.....---.....

Sort ring -> 2(1), 3(1), 4(1), 1(0), 0(0), 
SM BP
+ mov = S 3 5 M 4 7 
SELF : Select Ring 2C @ (11,9)
SELF : Move Ring 2C @ (12,10)
Toggle dd= @ (1,1) From @ (11,9) To @ (12,10)
SELF[20] 5 vs 5
.....___.....
..../   \....
.../     \...
../       \..
./         \.
/.   x     .\
|   c D     |
|    x x    |
|   x O     |
|  x e x    |
| x   a O   |
|B     d O  |
|       E C |
|           |
|           |
\.   A     ./
.\  b      /.
..\       /..
...\     /...
....\   /....
.....---.....

OTH : Select Ring 3d @ (11,7)
OTH : Move Ring 3d @ (13,7)
Toggle dd= @ (2,0) From @ (11,7) To @ (13,7)
OTH[21] 5 vs 5
.....___.....
..../   \....
.../     \...
../       \..
./         \.
/.   x     .\
|   c D     |
|    x x    |
|   x O     |
|  x e x    |
| x   a O   |
|B     x O  |
|       E C |
|      d    |
|           |
\.   A     ./
.\  b      /.
..\       /..
...\     /...
....\   /....
.....---.....

Sort ring -> 2(2), 3(1), 4(1), 1(0), 0(0), 
SM BP
+ mov = S 4 7 M 5 9 
SELF : Select Ring 2C @ (12,10)
SELF : Move Ring 2C @ (13,11)
Toggle dd= @ (1,1) From @ (12,10) To @ (13,11)
SELF[22] 5 vs 5
.....___.....
..../   \....
.../     \...
../       \..
./         \.
/.   x     .\
|   c D     |
|    x x    |
|   x O     |
|  x e x    |
| x   a O   |
|B     x O  |
|       E O |
|      d   C|
|           |
\.   A     ./
.\  b      /.
..\       /..
...\     /...
....\   /....
.....---.....

OTH : Select Ring 4e @ (9,5)
OTH : Move Ring 4e @ (11,5)
Toggle dd= @ (2,0) From @ (9,5) To @ (11,5)
OTH[23] 5 vs 5
.....___.....
..../   \....
.../     \...
../       \..
./         \.
/.   x     .\
|   c D     |
|    x x    |
|   x O     |
|  x x x    |
| x   a O   |
|B   e x O  |
|       E O |
|      d   C|
|           |
\.   A     ./
.\  b      /.
..\       /..
...\     /...
....\   /....
.....---.....

Sort ring -> 2(3), 3(1), 4(1), 1(0), 0(0), 
SELF : Found 3 markers @ (13,11)
SM GD 5
+ mov = S 2 0 M 2 2 
SELF : Select Ring 3D @ (6,6)
SELF : Move Ring 3D @ (8,8)
Toggle dd= @ (1,1) From @ (6,6) To @ (8,8)
TGL @ loc=(7,7), x->O
SELF[24] 5 vs 5
.....___.....
..../   \....
.../     \...
../       \..
./         \.
/.   x     .\
|   c O     |
|    x O    |
|   x O D   |
|  x x x    |
| x   a O   |
|B   e x O  |
|       E O |
|      d   C|
|           |
\.   A     ./
.\  b      /.
..\       /..
...\     /...
....\   /....
.....---.....

OTH : Select Ring 0a @ (10,6)
OTH : Move Ring 0a @ (4,6)
Toggle dd= @ (-2,0) From @ (10,6) To @ (4,6)
TGL @ loc=(8,6), O->x
TGL @ loc=(6,6), O->x
OTH[25] 5 vs 5
.....___.....
..../   \....
.../     \...
../       \..
./    a    \.
/.   x     .\
|   c x     |
|    x O    |
|   x x D   |
|  x x x    |
| x   x O   |
|B   e x O  |
|       E O |
|      d   C|
|           |
\.   A     ./
.\  b      /.
..\       /..
...\     /...
....\   /....
.....---.....

Removing markers from @ (10,2) to @ (6,6)
OTH[26] 5 vs 5
.....___.....
..../   \....
.../     \...
../       \..
./    a    \.
/.   x     .\
|   c       |
|      O    |
|     x D   |
|    x x    |
|     x O   |
|B   e x O  |
|       E O |
|      d   C|
|           |
\.   A     ./
.\  b      /.
..\       /..
...\     /...
....\   /....
.....---.....

shifting last ring to deleted place
OTH : Remove Ring  @ (16,4)
OTH[27] 4 vs 5
.....___.....
..../   \....
.../     \...
../       \..
./    a    \.
/.   x     .\
|   c       |
|      O    |
|     x D   |
|    x x    |
|     x O   |
|B   b x O  |
|       E O |
|      d   C|
|           |
\.   A     ./
.\         /.
..\       /..
...\     /...
....\   /....
.....---.....

Sort ring -> 2(3), 3(1), 4(1), 1(0), 0(0), 
SM GD 4
+ mov = S 2 4 M 2 10 
SELF : Select Ring 4E @ (12,8)
SELF : Move Ring 4E @ (8,4)
Toggle dd= @ (-1,-1) From @ (12,8) To @ (8,4)
TGL @ loc=(11,7), x->O
TGL @ loc=(10,6), x->O
TGL @ loc=(9,5), x->O
SELF[28] 5 vs 4
.....___.....
..../   \....
.../     \...
../       \..
./    a    \.
/.   x     .\
|   c       |
|      O    |
|   E x D   |
|    O x    |
|     O O   |
|B   b O O  |
|       O O |
|      d   C|
|           |
\.   A     ./
.\         /.
..\       /..
...\     /...
....\   /....
.....---.....

OTH : Select Ring 3d @ (13,7)
OTH : Move Ring 3d @ (10,10)
Toggle dd= @ (-1,1) From @ (13,7) To @ (10,10)
TGL @ loc=(12,8), O->x
TGL @ loc=(11,9), O->x
OTH[29] 4 vs 5
.....___.....
..../   \....
.../     \...
../       \..
./    a    \.
/.   x     .\
|   c       |
|      O    |
|   E x D   |
|    O x    |
|     O O d |
|B   b O x  |
|       x O |
|      x   C|
|           |
\.   A     ./
.\         /.
..\       /..
...\     /...
....\   /....
.....---.....

Sort ring -> 4(3), 3(1), 2(1), 1(0), 0(0), 
SM GD 3B
+ mov = S 2 10 M 3 15 
SELF : Select Ring 4E @ (8,4)
SELF : Move Ring 4E @ (7,3)
Toggle dd= @ (-1,-1) From @ (8,4) To @ (7,3)
SELF[30] 5 vs 4
.....___.....
..../   \....
.../     \...
../       \..
./    a    \.
/.   x     .\
|   c       |
|  E   O    |
|   O x D   |
|    O x    |
|     O O d |
|B   b O x  |
|       x O |
|      x   C|
|           |
\.   A     ./
.\         /.
..\       /..
...\     /...
....\   /....
.....---.....

OTH : Select Ring 0a @ (4,6)
OTH : Move Ring 0a @ (12,6)
Toggle dd= @ (2,0) From @ (4,6) To @ (12,6)
TGL @ loc=(6,6),  -> 
TGL @ loc=(8,6), x->O
TGL @ loc=(10,6), O->x
OTH[31] 4 vs 5
.....___.....
..../   \....
.../     \...
../       \..
./    x    \.
/.   x     .\
|   c       |
|  E   O    |
|   O O D   |
|    O x    |
|     x O d |
|B   b O x  |
|     a x O |
|      x   C|
|           |
\.   A     ./
.\         /.
..\       /..
...\     /...
....\   /....
.....---.....

Sort ring -> 4(2), 3(1), 2(1), 1(0), 0(0), 
SELF : Found 3 markers @ (10,4)
Try again for a found space @ (6,8)
SM BP
+ mov = S 3 15 M 4 20 
SELF : Select Ring 4E @ (7,3)
SELF : Move Ring 4E @ (6,2)
Toggle dd= @ (-1,-1) From @ (7,3) To @ (6,2)
SELF[32] 5 vs 4
.....___.....
..../   \....
.../     \...
../       \..
./    x    \.
/.   x     .\
| E c       |
|  O   O    |
|   O O D   |
|    O x    |
|     x O d |
|B   b O x  |
|     a x O |
|      x   C|
|           |
\.   A     ./
.\         /.
..\       /..
...\     /...
....\   /....
.....---.....

OTH : Select Ring 2c @ (6,4)
OTH : Move Ring 2c @ (8,2)
Toggle dd= @ (1,-1) From @ (6,4) To @ (8,2)
TGL @ loc=(7,3), O->x
OTH[33] 4 vs 5
.....___.....
..../   \....
.../     \...
../       \..
./    x    \.
/.   x     .\
| E x       |
|  x   O    |
| c O O D   |
|    O x    |
|     x O d |
|B   b O x  |
|     a x O |
|      x   C|
|           |
\.   A     ./
.\         /.
..\       /..
...\     /...
....\   /....
.....---.....

Sort ring -> 2(1), 3(1), 0(0), 1(0), 4(0), 
Toggle dd= @ (1,1) From @ (6,2) To @ (13,9)
TGL @ loc=(7,3), x->O
TGL @ loc=(8,4), O->x
TGL @ loc=(9,5), O->x
TGL @ loc=(10,6), x->O
TGL @ loc=(11,7), O->x
TGL @ loc=(12,8), x->O
SM GD 2
+ mov = S 4 20 M 3 6 
SELF : Select Ring 4E @ (6,2)
SELF : Move Ring 4E @ (13,9)
Toggle dd= @ (1,1) From @ (6,2) To @ (13,9)
TGL @ loc=(7,3), x->O
TGL @ loc=(8,4), O->x
TGL @ loc=(9,5), O->x
TGL @ loc=(10,6), x->O
TGL @ loc=(11,7), O->x
TGL @ loc=(12,8), x->O
SELF[34] 5 vs 4
.....___.....
..../   \....
.../     \...
../       \..
./    x    \.
/.   x     .\
| O x       |
|  O   O    |
| c x O D   |
|    x x    |
|     O O d |
|B   b x x  |
|     a O O |
|      x E C|
|           |
\.   A     ./
.\         /.
..\       /..
...\     /...
....\   /....
.....---.....

OTH : Select Ring 0a @ (12,6)
OTH : Move Ring 0a @ (6,6)
Toggle dd= @ (-2,0) From @ (12,6) To @ (6,6)
TGL @ loc=(10,6), O->x
TGL @ loc=(8,6), O->x
OTH[35] 4 vs 5
.....___.....
..../   \....
.../     \...
../       \..
./    x    \.
/.   x     .\
| O x a     |
|  O   O    |
| c x x D   |
|    x x    |
|     x O d |
|B   b x x  |
|     x O O |
|      x E C|
|           |
\.   A     ./
.\         /.
..\       /..
...\     /...
....\   /....
.....---.....

Sort ring -> 3(2), 2(1), 4(1), 1(0), 0(0), 
Toggle dd= @ (-1,-1) From @ (13,11) To @ (7,5)
TGL @ loc=(12,10), O->x
TGL @ loc=(11,9), x->O
TGL @ loc=(10,8), O->x
TGL @ loc=(9,7), x->O
TGL @ loc=(8,6), x->O
SM GD 2
+ mov = S 5 9 M 2 11 
SELF : Select Ring 2C @ (13,11)
SELF : Move Ring 2C @ (7,5)
Toggle dd= @ (-1,-1) From @ (13,11) To @ (7,5)
TGL @ loc=(12,10), O->x
TGL @ loc=(11,9), x->O
TGL @ loc=(10,8), O->x
TGL @ loc=(9,7), x->O
TGL @ loc=(8,6), x->O
SELF[36] 5 vs 4
.....___.....
..../   \....
.../     \...
../       \..
./    x    \.
/.   x     .\
| O x a     |
|  O C O    |
| c x O D   |
|    x O    |
|     x x d |
|B   b x O  |
|     x O x |
|      x E O|
|           |
\.   A     ./
.\         /.
..\       /..
...\     /...
....\   /....
.....---.....

OTH : Select Ring 3d @ (10,10)
OTH : Move Ring 3d @ (14,6)
Toggle dd= @ (1,-1) From @ (10,10) To @ (14,6)
TGL @ loc=(11,9), O->x
TGL @ loc=(12,8), O->x
TGL @ loc=(13,7), x->O
OTH[37] 4 vs 5
.....___.....
..../   \....
.../     \...
../       \..
./    x    \.
/.   x     .\
| O x a     |
|  O C O    |
| c x O D   |
|    x O    |
|     x x x |
|B   b x x  |
|     x x x |
|      O E O|
|     d     |
\.   A     ./
.\         /.
..\       /..
...\     /...
....\   /....
.....---.....

Removing markers from @ (8,4) to @ (12,8)
OTH[38] 4 vs 5
.....___.....
..../   \....
.../     \...
../       \..
./    x    \.
/.   x     .\
| O x a     |
|  O C O    |
| c   O D   |
|      O    |
|       x x |
|B   b   x  |
|     x   x |
|      O E O|
|     d     |
\.   A     ./
.\         /.
..\       /..
...\     /...
....\   /....
.....---.....

shifting last ring to deleted place
OTH : Remove Ring  @ (11,5)
OTH[39] 3 vs 5
.....___.....
..../   \....
.../     \...
../       \..
./    x    \.
/.   x     .\
| O x a     |
|  O C O    |
| c   O D   |
|      O    |
|       x x |
|B       x  |
|     x   x |
|      O E O|
|     b     |
\.   A     ./
.\         /.
..\       /..
...\     /...
....\   /....
.....---.....

Sort ring -> 2(2), 3(1), 0(0), 1(0), 4(0), 
SM GD 4
+ mov = S 3 6 M 3 4 
SELF : Select Ring 4E @ (13,9)
SELF : Move Ring 4E @ (9,9)
Toggle dd= @ (-2,0) From @ (13,9) To @ (9,9)
TGL @ loc=(11,9), x->O
SELF[40] 5 vs 3
.....___.....
..../   \....
.../     \...
../       \..
./    x    \.
/.   x     .\
| O x a     |
|  O C O    |
| c   O D   |
|      O E  |
|       x x |
|B       O  |
|     x   x |
|      O O O|
|     b     |
\.   A     ./
.\         /.
..\       /..
...\     /...
....\   /....
.....---.....

OTH : Select Ring 1b @ (14,6)
OTH : Move Ring 1b @ (12,8)
Toggle dd= @ (-1,1) From @ (14,6) To @ (12,8)
TGL @ loc=(13,7), O->x
OTH[41] 3 vs 5
.....___.....
..../   \....
.../     \...
../       \..
./    x    \.
/.   x     .\
| O x a     |
|  O C O    |
| c   O D   |
|      O E  |
|       x x |
|B       O  |
|     x b x |
|      x O O|
|     x     |
\.   A     ./
.\         /.
..\       /..
...\     /...
....\   /....
.....---.....

Sort ring -> 2(2), 4(2), 3(1), 1(0), 0(0), 
SM BP
+ mov = S 3 4 M 3 3 
SELF : Select Ring 4E @ (9,9)
SELF : Move Ring 4E @ (7,9)
Toggle dd= @ (-2,0) From @ (9,9) To @ (7,9)
SELF[42] 5 vs 3
.....___.....
..../   \....
.../     \...
../       \..
./    x    \.
/.   x     .\
| O x a     |
|  O C O E  |
| c   O D   |
|      O O  |
|       x x |
|B       O  |
|     x b x |
|      x O O|
|     x     |
\.   A     ./
.\         /.
..\       /..
...\     /...
....\   /....
.....---.....

OTH : Select Ring 1b @ (12,8)
OTH : Move Ring 1b @ (9,11)
Toggle dd= @ (-1,1) From @ (12,8) To @ (9,11)
TGL @ loc=(11,9), O->x
TGL @ loc=(10,10), x->O
OTH[43] 3 vs 5
.....___.....
..../   \....
.../     \...
../       \..
./    x    \.
/.   x     .\
| O x a     |
|  O C O E  |
| c   O D   |
|      O O b|
|       x O |
|B       x  |
|     x x x |
|      x O O|
|     x     |
\.   A     ./
.\         /.
..\       /..
...\     /...
....\   /....
.....---.....

Sort ring -> 3(3), 2(2), 4(1), 1(0), 0(0), 
SM BP
+ mov = S 3 3 M 4 3 
SELF : Select Ring 4E @ (7,9)
SELF : Move Ring 4E @ (5,9)
Toggle dd= @ (-2,0) From @ (7,9) To @ (5,9)
SELF[44] 5 vs 3
.....___.....
..../   \....
.../     \...
../       \..
./    x    \.
/.   x   E .\
| O x a     |
|  O C O O  |
| c   O D   |
|      O O b|
|       x O |
|B       x  |
|     x x x |
|      x O O|
|     x     |
\.   A     ./
.\         /.
..\       /..
...\     /...
....\   /....
.....---.....

OTH : Select Ring 1b @ (9,11)
OTH : Move Ring 1b @ (8,10)
Toggle dd= @ (-1,-1) From @ (9,11) To @ (8,10)
OTH[45] 3 vs 5
.....___.....
..../   \....
.../     \...
../       \..
./    x    \.
/.   x   E .\
| O x a     |
|  O C O O  |
| c   O D b |
|      O O x|
|       x O |
|B       x  |
|     x x x |
|      x O O|
|     x     |
\.   A     ./
.\         /.
..\       /..
...\     /...
....\   /....
.....---.....

Sort ring -> 3(3), 2(2), 4(2), 1(0), 0(0), 
SM BP
+ mov = S 4 3 M 5 3 
SELF : Select Ring 4E @ (5,9)
SELF : Move Ring 4E @ (3,9)
Toggle dd= @ (-2,0) From @ (5,9) To @ (3,9)
SELF[46] 5 vs 3
.....___.....
..../   \....
.../     \...
../      E\..
./    x    \.
/.   x   O .\
| O x a     |
|  O C O O  |
| c   O D b |
|      O O x|
|       x O |
|B       x  |
|     x x x |
|      x O O|
|     x     |
\.   A     ./
.\         /.
..\       /..
...\     /...
....\   /....
.....---.....

***********************************

-> You are player 2
-> You are alloted a time of 120s

***********************************

Player 1 played : P 0 0
P 0 0 True
Time remaining is: 120s
You played : P 3 10
P 3 10 True
Player 1 played : P 4 14
P 4 14 True
Time remaining is: 120s
You played : P 5 22
P 5 22 True
Player 1 played : P 4 18
P 4 18 True
Time remaining is: 120s
You played : P 1 0
P 1 0 True
Player 1 played : P 2 1
P 2 1 True
Time remaining is: 120s
You played : P 3 14
P 3 14 True
Player 1 played : P 2 11
P 2 11 True
Time remaining is: 120s
You played : P 2 4
P 2 4 True
Player 1 played : S 2 11 M 3 17
S 2 11 True
M 3 17 True
Time remaining is: 120s
You played : S 3 14 M 2 0
S 3 14 True
M 2 0 True
Player 1 played : S 4 18 M 2 10
S 4 18 True
M 2 10 True
Time remaining is: 120s
You played : S 1 0 M 1 1
S 1 0 True
M 1 1 True
Player 1 played : S 3 17 M 1 5
S 3 17 True
M 1 5 True
Time remaining is: 120s
You played : S 1 1 M 2 3
S 1 1 True
M 2 3 True
Player 1 played : S 2 10 M 3 16
S 2 10 True
M 3 16 True
Time remaining is: 120s
You played : S 2 3 M 3 5
S 2 3 True
M 3 5 True
Player 1 played : S 2 1 M 1 2
S 2 1 True
M 1 2 True
Time remaining is: 120s
You played : S 3 5 M 4 7
S 3 5 True
M 4 7 True
Player 1 played : S 1 2 M 2 5
S 1 2 True
M 2 5 True
Time remaining is: 120s
You played : S 4 7 M 5 9
S 4 7 True
M 5 9 True
Player 1 played : S 1 5 M 1 4
S 1 5 True
M 1 4 True
Time remaining is: 120s
You played : S 2 0 M 2 2
S 2 0 True
M 2 2 True
Player 1 played : S 0 0 M 3 0 RS 4 18 RE 2 0 X 4 14
S 0 0 True
M 3 0 True
RS 4 18 True
RE 2 0 True
X 4 14 True
Time remaining is: 120s
You played : S 2 4 M 2 10
S 2 4 True
M 2 10 True
Player 1 played : S 2 5 M 4 6
S 2 5 True
M 4 6 True
Time remaining is: 120s
You played : S 2 10 M 3 15
S 2 10 True
M 3 15 True
Player 1 played : S 3 0 M 1 3
S 3 0 True
M 1 3 True
Time remaining is: 120s
You played : S 3 15 M 4 20
S 3 15 True
M 4 20 True
Player 1 played : S 3 16 M 4 19
S 3 16 True
M 4 19 True
Time remaining is: 120s
You played : S 4 20 M 3 6
S 4 20 True
M 3 6 True
Player 1 played : S 1 3 M 2 0
S 1 3 True
M 2 0 True
Time remaining is: 120s
You played : S 5 9 M 2 11
S 5 9 True
M 2 11 True
Player 1 played : S 4 6 M 2 6 RS 2 10 RE 2 4 X 1 4
S 4 6 True
M 2 6 True
RS 2 10 True
RE 2 4 True
X 1 4 True
Time remaining is: 120s
You played : S 3 6 M 3 4
S 3 6 True
M 3 4 True
Player 1 played : S 2 6 M 2 4
S 2 6 True
M 2 4 True
Time remaining is: 120s
You played : S 3 4 M 3 3
S 3 4 True
M 3 3 True
Player 1 played : S 2 4 M 5 7
S 2 4 True
M 5 7 True
Time remaining is: 120s
You played : S 3 3 M 4 3
S 3 3 True
M 4 3 True
Player 1 played : S 5 7 M 4 5
S 5 7 True
M 4 5 True
Time remaining is: 120s
You played : S 4 3 M 5 3
S 4 3 True
M 5 3 True
Player 1 played : S 4 5 M 4 8 RS 2 6 RE 4 6 X 2 0
S 4 5 True
M 4 8 True
RS 2 6 True
RE 4 6 True
X 2 0 True
OTHER PLAYER WINS!
Your Score : 0.011
Opponent's Score : 10.007
