***********************************

-> You are player 2
-> You are alloted a time of 120s

***********************************

Player 1 played : P 2 1
P 2 1 True
Time remaining is: 120s
You played : P 0 0
P 0 0 True
Player 1 played : P 2 3
P 2 3 True
Time remaining is: 120s
You played : P 1 0
P 1 0 True
Player 1 played : P 3 14
P 3 14 True
Time remaining is: 120s
You played : P 1 1
P 1 1 True
Player 1 played : P 3 10
P 3 10 True
Time remaining is: 120s
You played : P 1 2
P 1 2 True
Player 1 played : P 2 8
P 2 8 True
Time remaining is: 120s
You played : P 5 9
P 5 9 True
Player 1 played : S 3 10 M 2 4
S 3 10 True
M 2 4 True
Time remaining is: 120s
You played : S 0 0 M 1 5
S 0 0 True
M 1 5 True
Player 1 played : S 3 14 M 2 10
S 3 14 True
M 2 10 True
Time remaining is: 115s
You played : S 1 0 M 2 0
S 1 0 True
M 2 0 True
Player 1 played : S 2 8 M 4 14
S 2 8 True
M 4 14 True
Time remaining is: 113s
You played : S 5 9 M 4 7
S 5 9 True
M 4 7 True
Player 1 played : S 4 14 M 3 11
S 4 14 True
M 3 11 True
Time remaining is: 111s
You played : S 1 5 M 2 9
S 1 5 True
M 2 9 True
Player 1 played : S 2 10 M 2 11
S 2 10 True
M 2 11 True
Time remaining is: 107s
You played : S 4 7 M 3 8
S 4 7 True
M 3 8 True
Player 1 played : S 2 1 M 5 1
S 2 1 True
M 5 1 True
Time remaining is: 105s
You played : S 3 8 M 2 5
S 3 8 True
M 2 5 True
Player 1 played : S 5 1 M 3 1
S 5 1 True
M 3 1 True
Time remaining is: 104s
You played : S 2 0 M 2 2
S 2 0 True
M 2 2 True
Player 1 played : S 3 1 M 3 0
S 3 1 True
M 3 0 True
Time remaining is: 103s
You played : S 1 1 M 1 4
S 1 1 True
M 1 4 True
Player 1 played : S 2 3 M 3 4
S 2 3 True
M 3 4 True
Time remaining is: 103s
You played : S 1 4 M 3 12
S 1 4 True
M 3 12 True
Player 1 played : S 2 11 M 3 5
S 2 11 True
M 3 5 True
Time remaining is: 102s
You played : S 1 2 M 1 3
S 1 2 True
M 1 3 True
Player 1 played : S 2 4 M 3 7
S 2 4 True
M 3 7 True
Time remaining is: 101s
You played : S 3 12 M 3 15
S 3 12 True
M 3 15 True
Player 1 played : S 3 0 M 4 0
S 3 0 True
M 4 0 True
Time remaining is: 101s
You played : S 2 5 M 2 6
S 2 5 True
M 2 6 True
Player 1 played : S 3 7 M 3 9
S 3 7 True
M 3 9 True
Time remaining is: 101s
You played : S 3 15 M 3 6
S 3 15 True
M 3 6 True
Player 1 played : S 4 0 M 4 21
S 4 0 True
M 4 21 True
Time remaining is: 100s
You played : S 2 6 M 5 18 RS 4 14 RE 2 4 X 5 18
S 2 6 True
M 5 18 True
RS 4 14 True
RE 2 4 True
X 5 18 True
Player 1 played : S 4 21 M 3 13
S 4 21 True
M 3 13 True
Time remaining is: 100s
You played : S 3 6 M 4 20
S 3 6 True
M 4 20 True
Player 1 played : S 3 5 M 4 9
S 3 5 True
M 4 9 True
Time remaining is: 99s
You played : S 2 9 M 3 16
S 2 9 True
M 3 16 True
Player 1 played : S 3 13 M 3 2
S 3 13 True
M 3 2 True
Time remaining is: 99s
You played : S 1 3 M 2 7
S 1 3 True
M 2 7 True
Player 1 played : S 3 9 M 4 13
S 3 9 True
M 4 13 True
Time remaining is: 98s
You played : S 2 7 M 4 10
S 2 7 True
M 4 10 True
Player 1 played : S 3 11 M 4 14
S 3 11 True
M 4 14 True
Time remaining is: 97s
You played : S 4 20 M 2 4
S 4 20 True
M 2 4 True
Player 1 played : S 4 14 M 2 5
S 4 14 True
M 2 5 True
Time remaining is: 97s
You played : S 3 16 M 4 1 RS 1 3 RE 3 0 X 4 10
S 3 16 True
M 4 1 True
RS 1 3 True
RE 3 0 True
X 4 10 True
Player 1 played : S 2 5 M 2 6 RS 2 5 RE 3 1 X 3 2
S 2 5 True
M 2 6 True
RS 2 5 True
RE 3 1 True
X 3 2 True
Time remaining is: 96s
You played : S 2 4 M 4 6
S 2 4 True
M 4 6 True
Player 1 played : S 2 6 M 0 0
S 2 6 True
M 0 0 True
Time remaining is: 96s
You played : S 4 1 M 4 19
S 4 1 True
M 4 19 True
Player 1 played : S 0 0 M 4 16 RS 4 14 RE 2 10 X 4 16
S 0 0 True
M 4 16 True
RS 4 14 True
RE 2 10 True
X 4 16 True
Time remaining is: 96s
You played : S 4 19 M 2 9
S 4 19 True
M 2 9 True
Player 1 played : S 4 13 M 5 14
S 4 13 True
M 5 14 True
Time remaining is: 96s
You played : S 2 2 M 4 10
S 2 2 True
M 4 10 True
Player 1 played : S 4 9 M 2 5
S 4 9 True
M 2 5 True
Time remaining is: 95s
You played : S 4 10 M 3 2
S 4 10 True
M 3 2 True
Player 1 played : S 2 5 M 5 11
S 2 5 True
M 5 11 True
Time remaining is: 95s
You played : S 3 2 M 5 13
S 3 2 True
M 5 13 True
Player 1 played : S 3 4 M 2 1
S 3 4 True
M 2 1 True
Time remaining is: 95s
You played : S 2 9 M 1 3
S 2 9 True
M 1 3 True
Player 1 played : S 2 1 M 4 17
S 2 1 True
M 4 17 True
Time remaining is: 95s
You played : S 5 13 M 4 11
S 5 13 True
M 4 11 True
Player 1 played : S 4 17 M 4 18
S 4 17 True
M 4 18 True
Time remaining is: 95s
You played : S 4 6 M 3 10
S 4 6 True
M 3 10 True
Player 1 played : S 4 18 M 2 8
S 4 18 True
M 2 8 True
Time remaining is: 95s
You played : S 1 3 M 4 5 RS 1 4 RE 4 9 X 4 11
S 1 3 True
M 4 5 True
RS 1 4 True
RE 4 9 True
X 4 11 True
YOU WIN!
Your Score : 8.016
Opponent's Score : 2.019
