@@@@ This is ME @@@@
2 5 120 5
***********************************

-> You are player 2
-> You are alloted a time of 120s

***********************************

Player 1 played : P 0 0
P 0 0 True
Time remaining is: 120s
You played : P 2 6
P 2 6 True
Player 1 played : P 1 0
P 1 0 True
Time remaining is: 120s
You played : P 2 3
P 2 3 True
Player 1 played : P 1 3
P 1 3 True
Time remaining is: 120s
You played : P 1 2
P 1 2 True
Player 1 played : P 1 1
P 1 1 True
Time remaining is: 120s
You played : P 3 12
P 3 12 True
Player 1 played : P 1 5
P 1 5 True
Time remaining is: 120s
You played : P 3 6
P 3 6 True
Player 1 played : S 0 0 M 1 4
S 0 0 True
M 1 4 True
Time remaining is: 120s
You played : S 2 6 M 3 9
S 2 6 True
M 3 9 True
Player 1 played : S 1 4 M 2 8
S 1 4 True
M 2 8 True
Time remaining is: 120s
You played : S 3 9 M 4 12
S 3 9 True
M 4 12 True
Player 1 played : S 1 0 M 2 11
S 1 0 True
M 2 11 True
Time remaining is: 120s
You played : S 4 12 M 5 14
S 4 12 True
M 5 14 True
Player 1 played : S 1 1 M 2 1
S 1 1 True
M 2 1 True
Time remaining is: 120s
You played : S 5 14 M 3 8
S 5 14 True
M 3 8 True
Player 1 played : S 2 11 M 3 16
S 2 11 True
M 3 16 True
Time remaining is: 120s
You played : S 3 8 M 4 10
S 3 8 True
M 4 10 True
Player 1 played : S 3 16 M 4 21
S 3 16 True
M 4 21 True
Time remaining is: 120s
You played : S 4 10 M 3 7
S 4 10 True
M 3 7 True
