***********************************

-> You are player 1
-> You are alloted a time of 120s

***********************************

Time remaining is: 120s
You played : P 1 0
P 1 0 True
Player 2 played : P 2 0
P 2 0 True
Time remaining is: 120s
You played : P 1 2
P 1 2 True
Player 2 played : P 1 5
P 1 5 True
Time remaining is: 120s
You played : P 1 4
P 1 4 True
Player 2 played : P 2 8
P 2 8 True
Time remaining is: 120s
You played : P 2 10
P 2 10 True
Player 2 played : P 2 3
P 2 3 True
Time remaining is: 120s
You played : P 3 5
P 3 5 True
Player 2 played : P 2 5
P 2 5 True
Time remaining is: 120s
You played : S 3 5 M 3 3
S 3 5 True
M 3 3 True
Player 2 played : S 2 0 M 2 11
S 2 0 True
M 2 11 True
Time remaining is: 101s
You played : S 3 3 M 3 4
S 3 3 True
M 3 4 True
Player 2 played : S 2 3 M 4 7
S 2 3 True
M 4 7 True
Time remaining is: 90s
You played : S 3 4 M 3 6
S 3 4 True
M 3 6 True
Player 2 played : S 2 5 M 4 6
S 2 5 True
M 4 6 True
Time remaining is: 72s
You played : S 1 4 M 3 7
S 1 4 True
M 3 7 True
Player 2 played : S 1 5 M 2 7
S 1 5 True
M 2 7 True
Time remaining is: 65s
You played : S 1 0 M 3 0
S 1 0 True
M 3 0 True
Player 2 played : S 2 11 M 3 1
S 2 11 True
M 3 1 True
Time remaining is: 59s
You played : S 3 7 M 2 2
S 3 7 True
M 2 2 True
Player 2 played : S 2 7 M 3 10
S 2 7 True
M 3 10 True
Time remaining is: 54s
You played : S 2 10 M 0 0
S 2 10 True
M 0 0 True
Player 2 played : S 3 10 M 4 17
S 3 10 True
M 4 17 True
Time remaining is: 47s
You played : S 2 2 M 2 1
S 2 2 True
M 2 1 True
Player 2 played : S 4 7 M 1 1
S 4 7 True
M 1 1 True
Time remaining is: 44s
You played : S 1 2 M 3 11
S 1 2 True
M 3 11 True
Player 2 played : S 4 6 M 2 4
S 4 6 True
M 2 4 True
Time remaining is: 41s
You played : S 3 6 M 5 8
S 3 6 True
M 5 8 True
Player 2 played : S 1 1 M 4 4
S 1 1 True
M 4 4 True
Time remaining is: 39s
You played : S 3 0 M 3 16
S 3 0 True
M 3 16 True
Player 2 played : S 4 4 M 4 5
S 4 4 True
M 4 5 True
Time remaining is: 36s
You played : S 2 1 M 3 2
S 2 1 True
M 3 2 True
Player 2 played : S 3 1 M 3 8
S 3 1 True
M 3 8 True
Time remaining is: 33s
You played : S 5 8 M 3 17
S 5 8 True
M 3 17 True
Player 2 played : S 4 5 M 4 8
S 4 5 True
M 4 8 True
Time remaining is: 30s
You played : S 3 2 M 5 7
S 3 2 True
M 5 7 True
Player 2 played : S 4 17 M 4 3
S 4 17 True
M 4 3 True
Time remaining is: 27s
You played : S 3 17 M 4 13
S 3 17 True
M 4 13 True
Player 2 played : S 2 8 M 2 6
S 2 8 True
M 2 6 True
Time remaining is: 22s
ERROR : THIS CLIENT RAN OUT OF TIME!
