***********************************

-> You are player 2
-> You are alloted a time of 120s

***********************************

Player 1 played : P 0 0
P 0 0 True
Time remaining is: 120s
You played : P 2 1
P 2 1 True
Player 1 played : P 5 24
P 5 24 True
Time remaining is: 120s
You played : P 2 3
P 2 3 True
Player 1 played : P 3 10
P 3 10 True
Time remaining is: 120s
You played : P 2 5
P 2 5 True
Player 1 played : P 3 6
P 3 6 True
Time remaining is: 120s
You played : P 2 7
P 2 7 True
Player 1 played : P 4 4
P 4 4 True
Time remaining is: 120s
You played : P 2 9
P 2 9 True
Player 1 played : S 0 0 M 1 0
S 0 0 True
M 1 0 True
Time remaining is: 120s
You played : S 2 1 M 3 2
S 2 1 True
M 3 2 True
Player 1 played : S 5 24 M 5 23
S 5 24 True
M 5 23 True
Time remaining is: 120s
You played : S 3 2 M 4 3
S 3 2 True
M 4 3 True
Player 1 played : S 1 0 M 2 0
S 1 0 True
M 2 0 True
Time remaining is: 120s
You played : S 2 3 M 2 2
S 2 3 True
M 2 2 True
Player 1 played : S 2 0 M 3 0
S 2 0 True
M 3 0 True
Time remaining is: 119s
You played : S 2 2 M 1 1
S 2 2 True
M 1 1 True
Player 1 played : S 3 0 M 3 3
S 3 0 True
M 3 3 True
Time remaining is: 118s
You played : S 2 5 M 1 3
S 2 5 True
M 1 3 True
Player 1 played : S 3 6 M 1 5
S 3 6 True
M 1 5 True
Time remaining is: 117s
You played : S 1 3 M 4 0
S 1 3 True
M 4 0 True
Player 1 played : S 5 23 M 4 1
S 5 23 True
M 4 1 True
Time remaining is: 111s
You played : S 2 7 M 3 11
S 2 7 True
M 3 11 True
Player 1 played : S 3 10 M 1 4
S 3 10 True
M 1 4 True
Time remaining is: 105s
You played : S 3 11 M 1 2
S 3 11 True
M 1 2 True
Player 1 played : S 3 3 M 3 4
S 3 3 True
M 3 4 True
Time remaining is: 102s
You played : S 1 1 M 3 5
S 1 1 True
M 3 5 True
Player 1 played : S 3 4 M 3 17
S 3 4 True
M 3 17 True
Time remaining is: 71s
You played : S 4 0 M 2 6
S 4 0 True
M 2 6 True
Player 1 played : S 1 4 M 3 7
S 1 4 True
M 3 7 True
Time remaining is: 68s
You played : S 3 5 M 2 11 RS 0 0 RE 4 0 X 2 9
S 3 5 True
M 2 11 True
RS 0 0 True
RE 4 0 True
X 2 9 True
Player 1 played : S 3 7 M 2 4
S 3 7 True
M 2 4 True
Time remaining is: 67s
You played : S 4 3 M 4 9
S 4 3 True
M 4 9 True
Player 1 played : S 1 5 M 2 9
S 1 5 True
M 2 9 True
Time remaining is: 59s
You played : S 2 6 M 0 0
S 2 6 True
M 0 0 True
Player 1 played : S 2 4 M 4 8
S 2 4 True
M 4 8 True
Time remaining is: 58s
You played : S 1 2 M 3 1 RS 3 11 RE 2 3 X 2 11
S 1 2 True
M 3 1 True
RS 3 11 True
RE 2 3 True
X 2 11 True
Player 1 played : S 4 8 M 4 7
S 4 8 True
M 4 7 True
Time remaining is: 48s
You played : S 4 9 M 1 3
S 4 9 True
M 1 3 True
Player 1 played : S 4 7 M 3 8
S 4 7 True
M 3 8 True
Time remaining is: 37s
You played : S 1 3 M 2 3
S 1 3 True
M 2 3 True
Player 1 played : S 3 17 M 4 6
S 3 17 True
M 4 6 True
Time remaining is: 13s
You played : S 0 0 M 2 8 RS 1 4 RE 3 3 X 3 1
S 0 0 True
M 2 8 True
RS 1 4 True
RE 3 3 True
X 3 1 True
YOU WIN!
Your Score : 10.006
Opponent's Score : 0.013
