The5
WHY 

centre is 0
layer num 1		-1  -1  0  -1  -1  -1  
layer num 2		-1  -1  -1  -1  -1  -1  -1  0  -1  -1  -1  -1  
layer num 3		-1  -1  -1  -1  -1  -1  -1  -1  -1  -1  -1  -1  -1  -1  -1  -1  0  -1  
layer num 4		3  1  -1  -1  -1  -1  -1  -1  -1  -1  -1  -1  -1  -1  -1  -1  -1  -1  -1  -1  -1  -1  -1  -1  
layer num 5		-1  -1  -1  -1  1  -1  -1  -1  -1  -1  -1  -1  -1  -1  -1  -1  1  -1  0  -1  -1  -1  -1  -1  1  -1  -1  -1  1  -1  
my rings: 0
other rings: 1
Came here
5
2
WHY 

centre is 2
layer num 1		-1  -1  0  -1  -1  -1  
layer num 2		-1  -1  -1  -1  -1  -1  0  0  -1  -1  -1  -1  
layer num 3		1  -1  -1  -1  -1  -1  -1  -1  -1  -1  -1  -1  -1  -1  -1  -1  0  -1  
layer num 4		3  3  -1  -1  -1  -1  -1  -1  -1  -1  -1  -1  -1  -1  -1  -1  -1  -1  -1  -1  -1  -1  -1  -1  
layer num 5		-1  -1  -1  -1  1  -1  -1  -1  -1  -1  -1  -1  -1  -1  -1  -1  1  -1  0  -1  -1  -1  -1  -1  1  -1  -1  -1  1  -1  
my rings: 1
other rings: 2
Came here
5
4
WHY 

centre is 2
layer num 1		-1  -1  0  0  -1  -1  
layer num 2		-1  -1  -1  -1  -1  -1  2  0  -1  -1  -1  -1  
layer num 3		1  -1  -1  -1  -1  -1  -1  -1  -1  -1  -1  -1  -1  -1  -1  -1  0  -1  
layer num 4		3  3  -1  -1  -1  -1  1  -1  -1  -1  -1  -1  -1  -1  -1  -1  -1  -1  -1  -1  -1  -1  -1  -1  
layer num 5		-1  -1  -1  -1  3  -1  -1  -1  -1  -1  -1  -1  -1  -1  -1  -1  1  -1  0  -1  -1  -1  -1  -1  1  -1  -1  -1  1  -1  
my rings: 2
other rings: 3
Came here
5
6
WHY 

centre is 2
layer num 1		-1  -1  2  0  1  -1  
layer num 2		-1  -1  -1  -1  0  -1  2  0  -1  -1  -1  -1  
layer num 3		1  -1  -1  -1  -1  -1  -1  -1  -1  -1  -1  -1  -1  -1  -1  -1  0  -1  
layer num 4		3  3  -1  -1  -1  -1  1  -1  -1  -1  -1  -1  -1  -1  -1  -1  -1  -1  -1  -1  -1  -1  -1  -1  
layer num 5		-1  -1  -1  -1  3  -1  -1  -1  -1  -1  -1  -1  -1  -1  -1  -1  1  -1  0  -1  -1  -1  -1  -1  3  -1  -1  -1  1  -1  
my rings: 3
other rings: 4
Came here
5
8
WHY 

centre is 2
layer num 1		-1  -1  2  0  1  -1  
layer num 2		-1  -1  -1  -1  2  0  2  0  -1  -1  -1  -1  
layer num 3		3  -1  -1  -1  -1  -1  -1  -1  -1  -1  -1  -1  -1  -1  -1  -1  0  1  
layer num 4		3  3  -1  -1  -1  -1  1  -1  -1  -1  -1  -1  -1  -1  -1  -1  -1  -1  -1  -1  -1  -1  -1  -1  
layer num 5		-1  -1  -1  -1  3  -1  -1  -1  -1  -1  -1  -1  -1  -1  -1  -1  1  -1  0  -1  -1  -1  -1  -1  3  -1  -1  -1  1  -1  
my rings: 4
other rings: 5
Came here
5
10
WHY 

centre is 2
layer num 1		-1  -1  2  0  3  1  
layer num 2		-1  -1  -1  -1  2  0  2  2  -1  -1  -1  -1  
layer num 3		3  -1  -1  -1  -1  -1  -1  -1  -1  -1  0  -1  -1  -1  -1  -1  0  1  
layer num 4		3  3  -1  -1  -1  -1  1  -1  -1  -1  -1  -1  -1  -1  -1  -1  -1  -1  -1  -1  -1  -1  -1  -1  
layer num 5		-1  -1  -1  -1  3  -1  -1  -1  -1  -1  -1  -1  -1  -1  -1  -1  1  -1  0  -1  -1  -1  -1  -1  3  -1  -1  -1  1  -1  
my rings: 5
other rings: 6
Came here
6
13
WHY 

centre is 2
layer num 1		-1  -1  2  0  3  1  
layer num 2		-1  -1  -1  -1  2  0  2  2  -1  -1  -1  -1  
layer num 3		3  -1  -1  -1  -1  -1  -1  -1  -1  -1  0  -1  -1  -1  -1  -1  0  1  
layer num 4		3  3  -1  -1  -1  -1  1  -1  -1  -1  1  -1  -1  -1  0  -1  -1  -1  -1  -1  -1  -1  -1  -1  
layer num 5		-1  -1  -1  -1  3  -1  -1  -1  -1  -1  -1  -1  -1  -1  -1  -1  3  -1  2  -1  -1  -1  -1  -1  3  -1  -1  -1  1  -1  
my rings: 6
other rings: 7
Came here
6
16
WHY 

centre is 3
layer num 1		-1  -1  3  0  3  3  
layer num 2		-1  -1  -1  -1  3  0  2  2  0  -1  -1  -1  
layer num 3		3  -1  -1  -1  -1  -1  1  -1  -1  -1  0  -1  -1  -1  -1  -1  0  1  
layer num 4		3  3  -1  -1  -1  -1  1  -1  -1  -1  1  -1  -1  -1  2  -1  -1  -1  -1  -1  -1  -1  -1  -1  
layer num 5		-1  -1  -1  -1  3  -1  -1  -1  -1  -1  -1  -1  -1  -1  -1  -1  3  -1  2  -1  -1  -1  -1  -1  3  -1  -1  -1  1  -1  
my rings: 4
other rings: 11
Came here
5
18
WHY 

centre is 3
layer num 1		-1  -1  3  0  2  2  
layer num 2		-1  -1  -1  -1  3  0  2  3  0  -1  -1  0  
layer num 3		3  -1  -1  -1  -1  -1  3  -1  1  -1  2  -1  -1  -1  -1  -1  0  1  
layer num 4		3  3  -1  -1  -1  -1  1  -1  -1  -1  1  -1  -1  -1  2  -1  -1  -1  -1  -1  -1  -1  -1  -1  
layer num 5		-1  -1  -1  -1  3  -1  -1  -1  -1  -1  -1  -1  -1  -1  -1  -1  3  -1  2  -1  -1  -1  -1  -1  3  -1  -1  -1  1  -1  
my rings: 6
other rings: 11
Came here
6
21
WHY 

centre is 3
layer num 1		-1  -1  3  2  2  2  
layer num 2		-1  -1  1  -1  3  0  2  2  0  -1  -1  0  
layer num 3		3  -1  -1  -1  -1  -1  3  -1  1  -1  2  0  -1  -1  -1  -1  0  3  
layer num 4		3  3  -1  -1  -1  -1  1  -1  -1  -1  1  -1  -1  -1  2  -1  -1  -1  -1  -1  -1  -1  -1  -1  
layer num 5		-1  -1  -1  -1  3  -1  -1  -1  -1  -1  -1  -1  -1  -1  -1  -1  3  -1  2  -1  -1  -1  -1  -1  3  -1  -1  -1  1  -1  
my rings: 8
other rings: 11
Came here
5
23
WHY 

centre is 3
layer num 1		-1  -1  2  2  2  2  
layer num 2		-1  -1  1  -1  3  -1  -1  2  0  -1  -1  0  
layer num 3		3  -1  -1  -1  -1  -1  3  -1  1  -1  -1  0  -1  -1  -1  -1  0  3  
layer num 4		3  3  -1  -1  -1  -1  1  -1  -1  -1  1  -1  -1  -1  -1  -1  -1  -1  -1  -1  -1  -1  -1  1  
layer num 5		-1  -1  -1  -1  3  -1  -1  -1  -1  -1  -1  -1  -1  -1  -1  -1  3  -1  -1  -1  -1  -1  -1  -1  3  -1  -1  -1  3  -1  
my rings: 5
other rings: 11
Came here
6
26
WHY 

centre is 3
layer num 1		-1  -1  2  2  2  2  
layer num 2		-1  -1  3  -1  3  -1  -1  2  0  -1  -1  0  
layer num 3		2  -1  -1  -1  -1  -1  3  -1  1  -1  -1  0  -1  -1  -1  -1  2  3  
layer num 4		3  2  -1  -1  -1  -1  1  -1  -1  -1  1  -1  -1  -1  -1  -1  -1  -1  -1  -1  -1  -1  1  1  
layer num 5		-1  -1  0  -1  3  -1  -1  -1  -1  -1  -1  -1  -1  -1  -1  -1  3  -1  -1  -1  -1  -1  -1  -1  3  -1  -1  -1  3  -1  
my rings: 8
other rings: 10
Came here
6
29
WHY 

centre is 3
layer num 1		-1  1  3  2  2  2  
layer num 2		-1  -1  3  -1  3  -1  -1  2  0  -1  -1  0  
layer num 3		2  -1  -1  -1  -1  -1  3  -1  3  -1  -1  2  -1  -1  -1  -1  2  3  
layer num 4		3  2  -1  -1  -1  -1  1  -1  -1  -1  1  -1  -1  -1  -1  0  -1  -1  -1  -1  -1  -1  1  1  
layer num 5		-1  -1  0  -1  3  -1  -1  -1  -1  -1  -1  -1  -1  -1  -1  -1  3  -1  -1  -1  -1  -1  -1  -1  3  -1  -1  -1  3  -1  
my rings: 8
other rings: 12
Came here
6
32
WHY 

centre is 3
layer num 1		-1  1  3  2  2  2  
layer num 2		-1  -1  3  -1  3  -1  -1  2  0  -1  -1  0  
layer num 3		3  1  -1  -1  -1  -1  3  -1  3  -1  -1  2  -1  -1  -1  -1  2  3  
layer num 4		3  2  -1  -1  -1  -1  1  -1  -1  -1  1  -1  -1  -1  -1  2  -1  -1  -1  -1  -1  -1  1  3  
layer num 5		-1  -1  0  -1  3  -1  -1  -1  -1  -1  -1  -1  -1  -1  -1  -1  3  -1  -1  0  -1  -1  -1  -1  3  -1  -1  -1  3  -1  
my rings: 8
other rings: 14
Came here
6
35
WHY 

centre is 3
layer num 1		-1  3  2  2  -1  -1  
layer num 2		-1  -1  3  -1  3  1  -1  2  0  -1  -1  -1  
layer num 3		3  1  -1  -1  -1  -1  3  -1  3  -1  -1  2  -1  -1  -1  -1  2  -1  
layer num 4		3  2  -1  -1  -1  -1  1  -1  -1  -1  1  -1  -1  -1  -1  2  -1  -1  -1  -1  -1  -1  1  -1  
layer num 5		-1  -1  0  -1  3  -1  -1  -1  -1  -1  -1  -1  -1  -1  -1  -1  3  -1  -1  0  -1  -1  -1  -1  3  -1  -1  -1  3  -1  
my rings: 7
other rings: 12
There was already a row of 5 markers
Present here
Also here
Also here
Also here
***********************************

-> You are player 2
-> You are alloted a time of 120s

***********************************

Player 1 played : P 5 24
P 5 24 True
Time remaining is: 120s
You played : P 0 0
P 0 0 True
Player 1 played : P 5 28
P 5 28 True
Time remaining is: 120s
You played : P 5 18
P 5 18 True
Player 1 played : P 5 16
P 5 16 True
Time remaining is: 120s
You played : P 1 2
P 1 2 True
Player 1 played : P 4 0
P 4 0 True
Time remaining is: 120s
You played : P 2 7
P 2 7 True
Player 1 played : P 5 4
P 5 4 True
Time remaining is: 120s
You played : P 3 16
P 3 16 True
Player 1 played : S 4 0 M 4 1
S 4 0 True
M 4 1 True
Time remaining is: 120s
You played : S 0 0 M 2 6
S 0 0 True
M 2 6 True
Player 1 played : S 4 1 M 3 0
S 4 1 True
M 3 0 True
Time remaining is: 120s
You played : S 2 6 M 1 3
S 2 6 True
M 1 3 True
Player 1 played : S 5 4 M 4 6
S 5 4 True
M 4 6 True
Time remaining is: 119s
You played : S 1 2 M 2 4
S 1 2 True
M 2 4 True
Player 1 played : S 5 24 M 1 4
S 5 24 True
M 1 4 True
Time remaining is: 119s
You played : S 2 4 M 2 5
S 2 4 True
M 2 5 True
Player 1 played : S 3 0 M 3 17
S 3 0 True
M 3 17 True
Time remaining is: 119s
You played : S 2 7 M 3 10
S 2 7 True
M 3 10 True
Player 1 played : S 1 4 M 1 5
S 1 4 True
M 1 5 True
Time remaining is: 118s
You played : S 5 18 M 4 14
S 5 18 True
M 4 14 True
Player 1 played : S 5 16 M 4 10
S 5 16 True
M 4 10 True
Time remaining is: 115s
You played : S 4 14 M 2 8
S 4 14 True
M 2 8 True
Player 1 played : S 1 5 M 3 6
S 1 5 True
M 3 6 True
Time remaining is: 112s
You played : S 3 10 M 2 11
S 3 10 True
M 2 11 True
Player 1 played : S 3 6 M 3 8
S 3 6 True
M 3 8 True
Time remaining is: 111s
You played : S 1 3 M 3 11
S 1 3 True
M 3 11 True
Player 1 played : S 3 17 M 2 2
S 3 17 True
M 2 2 True
Time remaining is: 108s
You played : S 2 5 M 1 1 RS 5 18 RE 2 5 X 1 1
S 2 5 True
M 1 1 True
RS 5 18 True
RE 2 5 True
X 1 1 True
Player 1 played : S 5 28 M 4 23
S 5 28 True
M 4 23 True
Time remaining is: 107s
You played : S 3 16 M 5 2
S 3 16 True
M 5 2 True
Player 1 played : S 2 2 M 4 22
S 2 2 True
M 4 22 True
Time remaining is: 106s
You played : S 3 11 M 4 15
S 3 11 True
M 4 15 True
Player 1 played : S 3 8 M 1 1
S 3 8 True
M 1 1 True
Time remaining is: 104s
You played : S 4 15 M 5 19
S 4 15 True
M 5 19 True
Player 1 played : S 4 23 M 3 1
S 4 23 True
M 3 1 True
Time remaining is: 103s
You played : S 2 11 M 5 29 RS 1 4 RE 4 23 X 5 29
S 2 11 True
M 5 29 True
RS 1 4 True
RE 4 23 True
X 5 29 True
Player 1 played : S 1 1 M 2 5
S 1 1 True
M 2 5 True
Time remaining is: 101s
You played : RS 4 15 RE 1 2 X 5 19
RS 4 15 True
RE 1 2 True
X 5 19 True
YOU WIN!
Your Score : 10.002
Opponent's Score : 0.012
