***********************************

-> You are player 2
-> You are alloted a time of 120s

***********************************

Player 1 played : P 0 0
P 0 0 True
Time remaining is: 120s
You played : P 4 17
P 4 17 True
Player 1 played : P 1 0
P 1 0 True
Time remaining is: 120s
You played : P 5 9
P 5 9 True
Player 1 played : P 1 1
P 1 1 True
Time remaining is: 120s
You played : P 5 7
P 5 7 True
Player 1 played : P 1 2
P 1 2 True
Time remaining is: 120s
You played : P 2 1
P 2 1 True
Player 1 played : P 1 3
P 1 3 True
Time remaining is: 120s
You played : P 2 3
P 2 3 True
Player 1 played : S 1 0 M 1 5
S 1 0 True
M 1 5 True
Time remaining is: 120s
You played : S 4 17 M 4 18
S 4 17 True
M 4 18 True
Player 1 played : S 1 3 M 2 6
S 1 3 True
M 2 6 True
Time remaining is: 120s
You played : S 4 18 M 4 19
S 4 18 True
M 4 19 True
Player 1 played : S 0 0 M 4 16
S 0 0 True
M 4 16 True
Time remaining is: 120s
You played : S 4 19 M 4 20
S 4 19 True
M 4 20 True
Player 1 played : S 2 6 M 3 9
S 2 6 True
M 3 9 True
Time remaining is: 120s
You played : S 5 7 M 3 10
S 5 7 True
M 3 10 True
Player 1 played : S 4 16 M 3 12
S 4 16 True
M 3 12 True
Time remaining is: 120s
You played : S 4 20 M 5 26
S 4 20 True
M 5 26 True
Player 1 played : S 3 9 M 3 8
S 3 9 True
M 3 8 True
Time remaining is: 120s
You played : S 3 10 M 4 11
S 3 10 True
M 4 11 True
Player 1 played : S 3 12 M 5 22
S 3 12 True
M 5 22 True
Time remaining is: 120s
You played : S 5 26 M 5 27
S 5 26 True
M 5 27 True
Player 1 played : S 5 22 M 3 14
S 5 22 True
M 3 14 True
Time remaining is: 120s
You played : S 4 11 M 5 14
S 4 11 True
M 5 14 True
Player 1 played : S 3 14 M 1 4
S 3 14 True
M 1 4 True
Time remaining is: 120s
You played : S 5 14 M 5 21
S 5 14 True
M 5 21 True
Player 1 played : S 1 4 M 5 24
S 1 4 True
M 5 24 True
Time remaining is: 120s
You played : S 5 21 M 3 13
S 5 21 True
M 3 13 True
Player 1 played : S 5 24 M 4 21
S 5 24 True
M 4 21 True
Time remaining is: 120s
You played : S 3 13 M 4 15
S 3 13 True
M 4 15 True
Player 1 played : S 3 8 M 2 7
S 3 8 True
M 2 7 True
Time remaining is: 120s
You played : S 4 15 M 5 18
S 4 15 True
M 5 18 True
Player 1 played : S 2 7 M 3 11
S 2 7 True
M 3 11 True
Time remaining is: 120s
You played : S 5 18 M 2 5 RS 3 14 RE 5 18 X 2 3
S 5 18 True
M 2 5 True
RS 3 14 True
RE 5 18 True
X 2 3 True
Player 1 played : S 1 5 M 2 9
S 1 5 True
M 2 9 True
Time remaining is: 120s
You played : S 5 27 M 5 28
S 5 27 True
M 5 28 True
Player 1 played : S 4 21 M 2 11
S 4 21 True
M 2 11 True
Time remaining is: 120s
You played : S 5 28 M 4 22
S 5 28 True
M 4 22 True
Player 1 played : S 2 11 M 2 10 RS 3 10 RE 2 11 X 3 11
S 2 11 True
M 2 10 True
RS 3 10 True
RE 2 11 True
X 3 11 True
Time remaining is: 120s
You played : S 4 22 M 3 16
S 4 22 True
M 3 16 True
Player 1 played : S 2 10 M 3 15
S 2 10 True
M 3 15 True
Time remaining is: 120s
You played : S 3 16 M 3 17
S 3 16 True
M 3 17 True
Player 1 played : S 2 9 M 1 4
S 2 9 True
M 1 4 True
Time remaining is: 120s
You played : S 2 5 M 2 4
S 2 5 True
M 2 4 True
Player 1 played : S 1 1 M 2 3
S 1 1 True
M 2 3 True
Time remaining is: 120s
You played : S 2 1 M 1 5
S 2 1 True
M 1 5 True
Player 1 played : S 2 3 M 2 2
S 2 3 True
M 2 2 True
Time remaining is: 120s
You played : S 1 5 M 3 13
S 1 5 True
M 3 13 True
Player 1 played : S 1 4 M 3 14
S 1 4 True
M 3 14 True
Time remaining is: 120s
You played : S 5 9 M 2 11
S 5 9 True
M 2 11 True
Player 1 played : S 2 2 M 3 2
S 2 2 True
M 3 2 True
Time remaining is: 120s
You played : S 2 11 M 2 0
S 2 11 True
M 2 0 True
Player 1 played : S 1 2 M 3 1
S 1 2 True
M 3 1 True
Time remaining is: 120s
You played : S 2 0 M 3 4
S 2 0 True
M 3 4 True
Player 1 played : S 3 2 M 3 3
S 3 2 True
M 3 3 True
Time remaining is: 120s
You played : S 3 4 M 2 7
S 3 4 True
M 2 7 True
Player 1 played : S 3 14 M 3 7
S 3 14 True
M 3 7 True
Time remaining is: 120s
You played : S 3 13 M 5 23 RS 5 21 RE 1 5 X 5 23
S 3 13 True
M 5 23 True
RS 5 21 True
RE 1 5 True
X 5 23 True
Player 1 played : S 3 15 M 5 23
S 3 15 True
M 5 23 True
Time remaining is: 120s
You played : S 3 17 M 4 23 RS 5 27 RE 2 1 X 4 23
S 3 17 True
M 4 23 True
RS 5 27 True
RE 2 1 True
X 4 23 True
YOU WIN!
Your Score : 9.017
Opponent's Score : 1.015
