boardsizeHexagon is here for combined version :5
playernum:2
timeallowed:120

 num_markers:5

-----------removedRingsOpponent:4
-----------removedRingsmy:4
-----------removedRingsOpponent:3
-----------removedRingsmy:3
-----------removedRingsOpponent:2
-----------removedRingsmy:2
-----------removedRingsOpponent:1
-----------removedRingsmy:1
-----------removedRingsOpponent:0
-----------removedRingsmy:0
my--from_x:4 from_y:5 to_x:6 to_y:7
-----------removedRingsOpponent:0
-----------removedRingsmy:0
my--from_x:3 from_y:5 to_x:3 to_y:6
-----------removedRingsOpponent:0
-----------removedRingsmy:0
my--from_x:3 from_y:6 to_x:3 to_y:7
-----------removedRingsOpponent:0
-----------removedRingsmy:0
my--from_x:3 from_y:7 to_x:3 to_y:8
-----------removedRingsOpponent:0
-----------removedRingsmy:0
my--from_x:3 from_y:8 to_x:4 to_y:9
-----------removedRingsOpponent:0
-----------removedRingsmy:0
my--from_x:6 from_y:5 to_x:7 to_y:6
-----------removedRingsOpponent:0
-----------removedRingsmy:0
my--from_x:4 from_y:9 to_x:4 to_y:8
-----------removedRingsOpponent:0
-----------removedRingsmy:0
my--from_x:7 from_y:5 to_x:8 to_y:6
-----------removedRingsOpponent:0
-----------removedRingsmy:0
my--from_x:7 from_y:6 to_x:7 to_y:7
-----------removedRingsOpponent:0
-----------removedRingsmy:0
my--from_x:5 from_y:4 to_x:8 to_y:7
-----------removedRingsOpponent:0
-----------removedRingsmy:0
my--from_x:4 from_y:8 to_x:5 to_y:9
-----------removedRingsOpponent:0
-----------removedRingsmy:0
my--from_x:5 from_y:9 to_x:5 to_y:8
-----------removedRingsOpponent:0
-----------removedRingsmy:0
my--from_x:8 from_y:6 to_x:4 to_y:2
-----------removedRingsOpponent:1
-----------removedRingsmy:0
my--from_x:4 from_y:2 to_x:1 to_y:2
-----------removedRingsOpponent:1
-----------removedRingsmy:0
my--from_x:7 from_y:7 to_x:7 to_y:4
-----------removedRingsOpponent:1
-----------removedRingsmy:0
my--from_x:1 from_y:2 to_x:1 to_y:6
-----------removedRingsOpponent:1
-----------removedRingsmy:0
my--from_x:1 from_y:6 to_x:2 to_y:7
-----------removedRingsOpponent:1
-----------removedRingsmy:0
my--from_x:7 from_y:4 to_x:5 to_y:2
-----------removedRingsOpponent:1
-----------removedRingsmy:0
my--from_x:2 from_y:7 to_x:2 to_y:6
-----------removedRingsOpponent:1
-----------removedRingsmy:0
WORKING -------pushpam
my--from_x:2 from_y:6 to_x:3 to_y:6
-----------removedRingsOpponent:1
-----------removedRingsmy:1
my--from_x:8 from_y:7 to_x:8 to_y:5
-----------removedRingsOpponent:2
-----------removedRingsmy:1
***********************************

-> You are player 2
-> You are alloted a time of 120s

***********************************

Player 1 played : P 0 0
P 0 0 True
Time remaining is: 120s
You played : P 1 2
P 1 2 True
Player 1 played : P 1 0
P 1 0 True
Time remaining is: 120s
You played : P 1 5
P 1 5 True
Player 1 played : P 1 1
P 1 1 True
Time remaining is: 120s
You played : P 1 3
P 1 3 True
Player 1 played : P 1 4
P 1 4 True
Time remaining is: 120s
You played : P 2 4
P 2 4 True
Player 1 played : P 2 5
P 2 5 True
Time remaining is: 120s
You played : P 2 10
P 2 10 True
Player 1 played : S 1 0 M 2 11
S 1 0 True
M 2 11 True
Time remaining is: 120s
You played : S 1 5 M 2 1
S 1 5 True
M 2 1 True
Player 1 played : S 0 0 M 2 0
S 0 0 True
M 2 0 True
Time remaining is: 120s
You played : S 2 10 M 3 16
S 2 10 True
M 3 16 True
Player 1 played : S 1 4 M 2 9
S 1 4 True
M 2 9 True
Time remaining is: 120s
You played : S 3 16 M 4 22
S 3 16 True
M 4 22 True
Player 1 played : S 2 11 M 3 17
S 2 11 True
M 3 17 True
Time remaining is: 120s
You played : S 4 22 M 5 28
S 4 22 True
M 5 28 True
Player 1 played : S 3 17 M 4 1
S 3 17 True
M 4 1 True
Time remaining is: 120s
You played : S 5 28 M 5 29
S 5 28 True
M 5 29 True
Player 1 played : S 4 1 M 3 15
S 4 1 True
M 3 15 True
Time remaining is: 120s
You played : S 1 2 M 2 3
S 1 2 True
M 2 3 True
Player 1 played : S 3 15 M 4 21
S 3 15 True
M 4 21 True
Time remaining is: 119s
You played : S 5 29 M 4 23
S 5 29 True
M 4 23 True
Player 1 played : S 4 21 M 4 20
S 4 21 True
M 4 20 True
Time remaining is: 119s
You played : S 2 4 M 3 5
S 2 4 True
M 3 5 True
Player 1 played : S 4 20 M 5 24
S 4 20 True
M 5 24 True
Time remaining is: 117s
You played : S 2 3 M 2 2
S 2 3 True
M 2 2 True
Player 1 played : S 2 5 M 2 6
S 2 5 True
M 2 6 True
Time remaining is: 114s
You played : S 1 3 M 3 4
S 1 3 True
M 3 4 True
Player 1 played : S 2 6 M 2 8
S 2 6 True
M 2 8 True
Time remaining is: 112s
You played : S 4 23 M 4 0
S 4 23 True
M 4 0 True
Player 1 played : S 2 8 M 3 12
S 2 8 True
M 3 12 True
Time remaining is: 111s
You played : S 4 0 M 3 0
S 4 0 True
M 3 0 True
Player 1 played : S 1 1 M 3 8 RS 4 21 RE 1 1 X 5 24
S 1 1 True
M 3 8 True
RS 4 21 True
RE 1 1 True
X 5 24 True
Time remaining is: 110s
You played : S 3 5 M 3 10
S 3 5 True
M 3 10 True
Player 1 played : S 3 12 M 4 16
S 3 12 True
M 4 16 True
Time remaining is: 108s
You played : S 3 10 M 4 17
S 3 10 True
M 4 17 True
Player 1 played : S 3 8 M 2 7
S 3 8 True
M 2 7 True
Time remaining is: 107s
You played : S 2 2 M 3 7
S 2 2 True
M 3 7 True
Player 1 played : S 2 7 M 2 11
S 2 7 True
M 2 11 True
Time remaining is: 107s
You played : S 4 17 M 5 26
S 4 17 True
M 5 26 True
Player 1 played : S 2 11 M 4 7
S 2 11 True
M 4 7 True
Time remaining is: 106s
You played : S 5 26 M 5 27
S 5 26 True
M 5 27 True
Player 1 played : S 4 16 M 1 1
S 4 16 True
M 1 1 True
Time remaining is: 106s
You played : S 3 7 M 3 9
S 3 7 True
M 3 9 True
Player 1 played : S 1 1 M 3 3
S 1 1 True
M 3 3 True
Time remaining is: 106s
You played : S 5 27 M 4 21
S 5 27 True
M 4 21 True
Player 1 played : S 4 7 M 5 9
S 4 7 True
M 5 9 True
Time remaining is: 106s
You played : S 4 21 M 3 16 RS 4 20 RE 4 0 X 2 1
S 4 21 True
M 3 16 True
RS 4 20 True
RE 4 0 True
X 2 1 True
Player 1 played : S 2 0 M 4 22 RS 3 17 RE 2 7 X 3 3
S 2 0 True
M 4 22 True
RS 3 17 True
RE 2 7 True
X 3 3 True
Time remaining is: 106s
You played : S 3 4 M 3 6
S 3 4 True
M 3 6 True
ERROR : INVALID MOVE BY PLAYER 1 : Player 1 SCORE : 2.011 : Player 2 SCORE : 8.016 ,ON OTHER CLIENT
