***********************************

-> You are player 1
-> You are alloted a time of 120s

***********************************

Time remaining is: 120s
You played : P 0 0
P 0 0 True
Player 2 played : P 2 0
P 2 0 True
Time remaining is: 120s
You played : P 1 0
P 1 0 True
Player 2 played : P 3 3
P 3 3 True
Time remaining is: 120s
You played : P 1 1
P 1 1 True
Player 2 played : P 3 6
P 3 6 True
Time remaining is: 120s
You played : P 1 2
P 1 2 True
Player 2 played : P 2 4
P 2 4 True
Time remaining is: 120s
You played : P 1 3
P 1 3 True
Player 2 played : P 2 6
P 2 6 True
Time remaining is: 120s
You played : S 0 0 M 1 5
S 0 0 True
M 1 5 True
Player 2 played : S 2 0 M 3 0
S 2 0 True
M 3 0 True
Time remaining is: 118s
You played : S 1 5 M 2 10
S 1 5 True
M 2 10 True
Player 2 played : S 3 3 M 3 1
S 3 3 True
M 3 1 True
Time remaining is: 116s
You played : S 2 10 M 3 15
S 2 10 True
M 3 15 True
Player 2 played : S 3 1 M 4 1
S 3 1 True
M 4 1 True
Time remaining is: 115s
You played : S 1 1 M 4 4
S 1 1 True
M 4 4 True
Player 2 played : S 3 0 M 4 0
S 3 0 True
M 4 0 True
Time remaining is: 113s
You played : S 3 15 M 4 20
S 3 15 True
M 4 20 True
Player 2 played : S 4 0 M 5 1
S 4 0 True
M 5 1 True
Time remaining is: 112s
You played : S 1 0 M 2 1
S 1 0 True
M 2 1 True
Player 2 played : S 4 1 M 5 2
S 4 1 True
M 5 2 True
Time remaining is: 111s
You played : S 2 1 M 3 2
S 2 1 True
M 3 2 True
Player 2 played : S 5 2 M 5 3
S 5 2 True
M 5 3 True
Time remaining is: 110s
You played : S 4 4 M 5 29
S 4 4 True
M 5 29 True
Player 2 played : S 5 1 M 4 23
S 5 1 True
M 4 23 True
Time remaining is: 109s
You played : S 3 2 M 4 3
S 3 2 True
M 4 3 True
Player 2 played : S 4 23 M 1 4
S 4 23 True
M 1 4 True
Time remaining is: 108s
You played : S 5 29 M 3 17
S 5 29 True
M 3 17 True
Player 2 played : S 2 4 M 4 2
S 2 4 True
M 4 2 True
Time remaining is: 108s
You played : S 3 17 M 2 2
S 3 17 True
M 2 2 True
Player 2 played : S 3 6 M 3 7
S 3 6 True
M 3 7 True
Time remaining is: 107s
You played : S 4 3 M 2 9
S 4 3 True
M 2 9 True
Player 2 played : S 4 2 M 5 6
S 4 2 True
M 5 6 True
Time remaining is: 107s
You played : S 2 2 M 3 4
S 2 2 True
M 3 4 True
Player 2 played : S 1 4 M 2 11
S 1 4 True
M 2 11 True
Time remaining is: 106s
You played : S 4 20 M 5 26
S 4 20 True
M 5 26 True
Player 2 played : S 2 11 M 3 14
S 2 11 True
M 3 14 True
Time remaining is: 106s
You played : S 2 9 M 3 16
S 2 9 True
M 3 16 True
Player 2 played : S 5 6 M 5 7
S 5 6 True
M 5 7 True
Time remaining is: 105s
You played : S 5 26 M 4 21
S 5 26 True
M 4 21 True
Player 2 played : S 5 3 M 5 4
S 5 3 True
M 5 4 True
Time remaining is: 105s
You played : S 3 16 M 2 3
S 3 16 True
M 2 3 True
Player 2 played : S 3 7 M 4 10
S 3 7 True
M 4 10 True
Time remaining is: 104s
You played : S 2 3 M 3 5
S 2 3 True
M 3 5 True
Player 2 played : S 5 7 M 5 28
S 5 7 True
M 5 28 True
Time remaining is: 104s
You played : RS 4 1 RE 3 15 X 15 60 S 3 4 M 4 6
RS 4 1 True
RE 3 15 True
X 15 60 True
S 3 4 True
M 4 6 False
INVALID MOVE ON THIS CLIENT
