***********************************

-> You are player 1
-> You are alloted a time of 120s

***********************************

Time remaining is: 120s
You played : P 2 6
P 2 6 True
Player 2 played : P 0 0
P 0 0 True
Time remaining is: 120s
You played : P 2 11
P 2 11 True
Player 2 played : P 1 0
P 1 0 True
Time remaining is: 120s
You played : P 1 2
P 1 2 True
Player 2 played : P 1 1
P 1 1 True
Time remaining is: 120s
You played : P 3 7
P 3 7 True
Player 2 played : P 1 3
P 1 3 True
Time remaining is: 120s
You played : P 5 27
P 5 27 True
Player 2 played : P 5 9
P 5 9 True
Time remaining is: 120s
You played : S 3 7 M 3 8
S 3 7 True
M 3 8 True
Player 2 played : S 1 0 M 3 0
S 1 0 True
M 3 0 True
Time remaining is: 120s
You played : S 3 8 M 2 5
S 3 8 True
M 2 5 True
Player 2 played : S 3 0 M 2 0
S 3 0 True
M 2 0 True
Time remaining is: 120s
You played : S 2 6 M 3 9
S 2 6 True
M 3 9 True
Player 2 played : S 5 9 M 4 10
S 5 9 True
M 4 10 True
Time remaining is: 120s
You played : S 3 9 M 4 13
S 3 9 True
M 4 13 True
Player 2 played : S 0 0 M 1 5
S 0 0 True
M 1 5 True
Time remaining is: 119s
You played : S 4 13 M 4 12
S 4 13 True
M 4 12 True
Player 2 played : S 4 10 M 2 7
S 4 10 True
M 2 7 True
Time remaining is: 118s
You played : S 4 12 M 4 9
S 4 12 True
M 4 9 True
Player 2 played : S 1 3 M 1 4
S 1 3 True
M 1 4 True
Time remaining is: 117s
You played : S 2 5 M 3 10
S 2 5 True
M 3 10 True
Player 2 played : S 2 0 M 5 8 RS 1 3 RE 3 0 X 1 1
S 2 0 True
M 5 8 True
RS 1 3 True
RE 3 0 True
X 1 1 True
Time remaining is: 116s
You played : S 1 2 M 1 3
S 1 2 True
M 1 3 True
Player 2 played : S 5 8 M 5 17
S 5 8 True
M 5 17 True
Time remaining is: 114s
You played : S 4 9 M 5 12
S 4 9 True
M 5 12 True
Player 2 played : S 1 5 M 2 4
S 1 5 True
M 2 4 True
Time remaining is: 112s
You played : S 5 12 M 5 13
S 5 12 True
M 5 13 True
Player 2 played : S 5 17 M 2 10
S 5 17 True
M 2 10 True
Time remaining is: 110s
You played : S 5 13 M 4 11
S 5 13 True
M 4 11 True
Player 2 played : S 2 4 M 2 3
S 2 4 True
M 2 3 True
Time remaining is: 108s
You played : S 4 11 M 5 14
S 4 11 True
M 5 14 True
Player 2 played : S 2 10 M 4 14
S 2 10 True
M 4 14 True
Time remaining is: 106s
You played : S 3 10 M 5 16
S 3 10 True
M 5 16 True
Player 2 played : S 4 14 M 5 18
S 4 14 True
M 5 18 True
Time remaining is: 105s
You played : S 2 11 M 3 14
S 2 11 True
M 3 14 True
Player 2 played : S 1 4 M 2 9
S 1 4 True
M 2 9 True
Time remaining is: 103s
You played : S 5 27 M 4 6
S 5 27 True
M 4 6 True
Player 2 played : S 2 3 M 3 16
S 2 3 True
M 3 16 True
Time remaining is: 101s
You played : S 4 6 M 4 8
S 4 6 True
M 4 8 True
Player 2 played : S 5 18 M 3 5
S 5 18 True
M 3 5 True
Time remaining is: 100s
You played : S 4 8 M 5 11 RS 4 12 RE 4 8 X 3 14
S 4 8 True
M 5 11 True
RS 4 12 True
RE 4 8 True
X 3 14 True
Player 2 played : S 2 7 M 5 19 RS 3 10 RE 2 11 X 3 16
S 2 7 True
M 5 19 True
RS 3 10 True
RE 2 11 True
X 3 16 True
Time remaining is: 99s
You played : S 5 14 M 4 12
S 5 14 True
M 4 12 True
Player 2 played : S 2 9 M 3 16
S 2 9 True
M 3 16 True
Time remaining is: 98s
You played : S 5 11 M 4 7
S 5 11 True
M 4 7 True
Player 2 played : S 3 16 M 4 22
S 3 16 True
M 4 22 True
Time remaining is: 97s
You played : S 1 3 M 4 9
S 1 3 True
M 4 9 True
Player 2 played : S 4 22 M 5 28
S 4 22 True
M 5 28 True
Time remaining is: 97s
You played : S 4 9 M 4 10 RS 1 3 RE 5 11 X 4 7
S 4 9 True
M 4 10 True
RS 1 3 True
RE 5 11 True
X 4 7 True
Player 2 played : S 5 28 M 5 26 RS 2 9 RE 5 28 X 3 5
S 5 28 True
M 5 26 True
RS 2 9 True
RE 5 28 True
X 3 5 True
OTHER PLAYER WINS!
Your Score : 2.008
Opponent's Score : 8.009
