Depth: 2 NOM:46
Depth: 2 NOM:52
Depth: 2 NOM:55
Depth: 2 NOM:53
Depth: 2 NOM:47
Depth: 2 NOM:44
Depth: 2 NOM:41
Depth: 2 NOM:44
Depth: 2 NOM:37
Depth: 2 NOM:35
Depth: 2 NOM:33
Depth: 2 NOM:40
Depth: 2 NOM:35
Depth: 2 NOM:32
Depth: 2 NOM:26
Depth: 2 NOM:39
Depth: 2 NOM:38
Depth: 2 NOM:45
Depth: 2 NOM:33
Depth: 2 NOM:26
Depth: 2 NOM:27
Depth: 1 NOM:141
***********************************

-> You are player 1
-> You are alloted a time of 120s

***********************************

Time remaining is: 120s
You played : P 0 0
P 0 0 True
Player 2 played : P 1 0
P 1 0 True
Time remaining is: 120s
You played : P 1 1
P 1 1 True
Player 2 played : P 1 2
P 1 2 True
Time remaining is: 120s
You played : P 1 3
P 1 3 True
Player 2 played : P 1 5
P 1 5 True
Time remaining is: 120s
You played : P 1 4
P 1 4 True
Player 2 played : P 2 11
P 2 11 True
Time remaining is: 120s
You played : P 2 0
P 2 0 True
Player 2 played : P 2 10
P 2 10 True
Time remaining is: 120s
You played : S 1 4 M 4 13
S 1 4 True
M 4 13 True
Player 2 played : S 1 5 M 2 9
S 1 5 True
M 2 9 True
Time remaining is: 120s
You played : S 1 1 M 3 3
S 1 1 True
M 3 3 True
Player 2 played : S 2 11 M 3 17
S 2 11 True
M 3 17 True
Time remaining is: 119s
You played : S 1 3 M 2 5
S 1 3 True
M 2 5 True
Player 2 played : S 1 0 M 3 2
S 1 0 True
M 3 2 True
Time remaining is: 117s
You played : S 2 5 M 3 7
S 2 5 True
M 3 7 True
Player 2 played : S 2 9 M 2 8
S 2 9 True
M 2 8 True
Time remaining is: 116s
You played : S 3 7 M 4 9
S 3 7 True
M 4 9 True
Player 2 played : S 1 2 M 3 8
S 1 2 True
M 3 8 True
Time remaining is: 115s
You played : S 2 0 M 2 2
S 2 0 True
M 2 2 True
Player 2 played : S 3 17 M 3 0
S 3 17 True
M 3 0 True
Time remaining is: 114s
You played : S 0 0 M 2 4
S 0 0 True
M 2 4 True
Player 2 played : S 2 8 M 2 7
S 2 8 True
M 2 7 True
Time remaining is: 113s
You played : S 3 3 M 3 6
S 3 3 True
M 3 6 True
Player 2 played : S 3 0 M 2 6
S 3 0 True
M 2 6 True
Time remaining is: 112s
You played : S 2 2 M 2 1
S 2 2 True
M 2 1 True
Player 2 played : S 3 2 M 2 3
S 3 2 True
M 2 3 True
Time remaining is: 112s
You played : S 4 13 M 4 14
S 4 13 True
M 4 14 True
Player 2 played : S 2 7 M 4 23
S 2 7 True
M 4 23 True
Time remaining is: 111s
You played : S 4 9 M 3 14
S 4 9 True
M 3 14 True
Player 2 played : S 4 23 M 3 10 RS 1 4 RE 4 23 X 2 10
S 4 23 True
M 3 10 True
RS 1 4 True
RE 4 23 True
X 2 10 True
Time remaining is: 110s
You played : S 3 14 M 2 11
S 3 14 True
M 2 11 True
Player 2 played : S 3 10 M 1 4
S 3 10 True
M 1 4 True
Time remaining is: 110s
You played : S 4 14 M 2 10
S 4 14 True
M 2 10 True
Player 2 played : S 2 6 M 5 18
S 2 6 True
M 5 18 True
Time remaining is: 110s
You played : S 2 10 M 1 5
S 2 10 True
M 1 5 True
Player 2 played : S 3 8 M 4 11
S 3 8 True
M 4 11 True
Time remaining is: 109s
You played : S 1 5 M 3 13
S 1 5 True
M 3 13 True
Player 2 played : S 2 3 M 3 11
S 2 3 True
M 3 11 True
Time remaining is: 109s
You played : S 2 1 M 4 3 RS 3 2 RE 2 9 X 3 6
S 2 1 True
M 4 3 True
RS 3 2 True
RE 2 9 True
X 3 6 True
Player 2 played : S 3 11 M 2 9
S 3 11 True
M 2 9 True
Time remaining is: 108s
You played : S 2 11 M 3 16
S 2 11 True
M 3 16 True
Player 2 played : S 1 4 M 5 16 RS 3 11 RE 2 3 X 2 9
S 1 4 True
M 5 16 True
RS 3 11 True
RE 2 3 True
X 2 9 True
Time remaining is: 108s
You played : S 3 13 M 1 0
S 3 13 True
M 1 0 True
Player 2 played : S 4 11 M 1 2
S 4 11 True
M 1 2 True
Time remaining is: 107s
You played : S 2 4 M 3 2
S 2 4 True
M 3 2 True
Player 2 played : S 1 2 M 1 5
S 1 2 True
M 1 5 True
Time remaining is: 107s
You played : S 3 16 M 4 21
S 3 16 True
M 4 21 True
Player 2 played : S 1 5 M 2 9
S 1 5 True
M 2 9 True
Time remaining is: 107s
You played : S 4 3 M 4 4
S 4 3 True
M 4 4 True
Player 2 played : S 2 9 M 1 3
S 2 9 True
M 1 3 True
Time remaining is: 107s
You played : RS 3 3 RE 1 4 X 4 4 S 1 0 M 1 1
RS 3 3 True
RE 1 4 True
X 4 4 True
S 1 0 True
M 1 1 True
Player 2 played : S 5 18 M 3 12 RS 5 18 RE 2 5 X 1 3
S 5 18 True
M 3 12 True
RS 5 18 True
RE 2 5 True
X 1 3 True
OTHER PLAYER WINS!
Your Score : 2.01
Opponent's Score : 8.009
