***********************************

-> You are player 2
-> You are alloted a time of 120s

***********************************

Player 1 played : P 1 5
P 1 5 True
Time remaining is: 120s
You played : P 1 0
P 1 0 True
Player 1 played : P 1 3
P 1 3 True
Time remaining is: 120s
You played : P 1 1
P 1 1 True
Player 1 played : P 5 18
P 5 18 True
Time remaining is: 119s
You played : P 1 2
P 1 2 True
Player 1 played : P 3 15
P 3 15 True
Time remaining is: 118s
You played : P 1 4
P 1 4 True
Player 1 played : P 4 17
P 4 17 True
Time remaining is: 117s
You played : P 2 0
P 2 0 True
Player 1 played : S 5 18 M 4 15
S 5 18 True
M 4 15 True
Time remaining is: 117s
You played : S 1 0 M 2 1
S 1 0 True
M 2 1 True
Player 1 played : S 1 5 M 2 11
S 1 5 True
M 2 11 True
Time remaining is: 116s
You played : S 1 2 M 2 3
S 1 2 True
M 2 3 True
Player 1 played : S 3 15 M 4 21
S 3 15 True
M 4 21 True
Time remaining is: 116s
You played : S 1 1 M 2 2
S 1 1 True
M 2 2 True
Player 1 played : S 4 15 M 3 12
S 4 15 True
M 3 12 True
Time remaining is: 116s
You played : S 2 1 M 3 1
S 2 1 True
M 3 1 True
Player 1 played : S 1 3 M 3 7
S 1 3 True
M 3 7 True
Time remaining is: 115s
You played : S 1 4 M 0 0
S 1 4 True
M 0 0 True
Player 1 played : S 4 17 M 4 20
S 4 17 True
M 4 20 True
Time remaining is: 115s
You played : S 0 0 M 2 6
S 0 0 True
M 2 6 True
Player 1 played : S 3 7 M 2 9
S 3 7 True
M 2 9 True
Time remaining is: 115s
You played : S 2 0 M 3 0
S 2 0 True
M 3 0 True
Player 1 played : S 2 9 M 3 2
S 2 9 True
M 3 2 True
Time remaining is: 115s
You played : S 2 3 M 2 7
S 2 3 True
M 2 7 True
Player 1 played : S 4 21 M 3 16
S 4 21 True
M 3 16 True
Time remaining is: 114s
You played : S 3 1 M 2 5
S 3 1 True
M 2 5 True
Player 1 played : S 2 11 M 4 2
S 2 11 True
M 4 2 True
Time remaining is: 114s
You played : S 2 7 M 3 17
S 2 7 True
M 3 17 True
Player 1 played : S 3 2 M 3 3
S 3 2 True
M 3 3 True
Time remaining is: 114s
You played : S 2 5 M 4 9
S 2 5 True
M 4 9 True
Player 1 played : S 3 12 M 2 8
S 3 12 True
M 2 8 True
Time remaining is: 114s
You played : S 4 9 M 3 6 RS 4 9 RE 1 4 X 3 0
S 4 9 True
M 3 6 True
RS 4 9 True
RE 1 4 True
X 3 0 True
Player 1 played : S 3 16 M 4 19
S 3 16 True
M 4 19 True
Time remaining is: 114s
You played : S 2 6 M 3 0
S 2 6 True
M 3 0 True
Player 1 played : S 2 8 M 1 4
S 2 8 True
M 1 4 True
Time remaining is: 113s
You played : S 3 6 M 2 10
S 3 6 True
M 2 10 True
Player 1 played : S 1 4 M 3 10
S 1 4 True
M 3 10 True
Time remaining is: 113s
You played : S 2 2 M 4 16
S 2 2 True
M 4 16 True
Player 1 played : S 4 2 M 5 29
S 4 2 True
M 5 29 True
Time remaining is: 113s
You played : S 3 0 M 1 3 RS 2 2 RE 2 8 X 1 3
S 3 0 True
M 1 3 True
RS 2 2 True
RE 2 8 True
X 1 3 True
Player 1 played : S 3 3 M 5 3
S 3 3 True
M 5 3 True
Time remaining is: 113s
You played : S 4 16 M 4 14
S 4 16 True
M 4 14 True
Player 1 played : S 5 29 M 4 23
S 5 29 True
M 4 23 True
Time remaining is: 113s
You played : S 4 14 M 3 11
S 4 14 True
M 3 11 True
Player 1 played : S 3 10 M 2 5
S 3 10 True
M 2 5 True
Time remaining is: 113s
You played : S 3 11 M 1 3
S 3 11 True
M 1 3 True
Player 1 played : S 4 23 M 4 0
S 4 23 True
M 4 0 True
Time remaining is: 113s
You played : S 1 3 M 3 4 RS 1 2 RE 4 15 X 3 4
S 1 3 True
M 3 4 True
RS 1 2 True
RE 4 15 True
X 3 4 True
YOU WIN!
Your Score : 10.009
Opponent's Score : 0.016
